[0.009s] Invoking command in '/home/parallels/ros2_ws/src/general/build/slg_msgs': CMAKE_PREFIX_PATH=${CMAKE_PREFIX_PATH}:/home/parallels/ros2_ws/install/ardupilot_dds_tests:/opt/ros/humble /usr/bin/cmake --build /home/parallels/ros2_ws/src/general/build/slg_msgs -- -j2 -l2
[0.074s] [35m[1mConsolidate compiler generated dependencies of target slg_msgs__rosidl_generator_c[0m
[0.077s] [  2%] Built target slg_msgs__cpp
[0.084s] [ 10%] Built target slg_msgs__rosidl_generator_c
[0.093s] [35m[1mConsolidate compiler generated dependencies of target gtest_main[0m
[0.107s] [ 10%] Built target ament_cmake_python_copy_slg_msgs
[0.108s] [ 14%] Built target gtest_main
[0.120s] [35m[1mConsolidate compiler generated dependencies of target gtest[0m
[0.125s] [35m[1mConsolidate compiler generated dependencies of target slg_msgs__rosidl_typesupport_cpp[0m
[0.136s] [ 18%] Built target gtest
[0.141s] [ 26%] Built target slg_msgs__rosidl_typesupport_cpp
[0.151s] [35m[1mConsolidate compiler generated dependencies of target slg_msgs__rosidl_typesupport_introspection_c[0m
[0.152s] [35m[1mConsolidate compiler generated dependencies of target slg_msgs__rosidl_typesupport_fastrtps_c[0m
[0.161s] [ 34%] Built target slg_msgs__rosidl_typesupport_fastrtps_c
[0.162s] [ 42%] Built target slg_msgs__rosidl_typesupport_introspection_c
[0.172s] [35m[1mConsolidate compiler generated dependencies of target slg_msgs__rosidl_typesupport_c[0m
[0.172s] [35m[1mConsolidate compiler generated dependencies of target slg_msgs__rosidl_typesupport_fastrtps_cpp[0m
[0.178s] [ 51%] Built target slg_msgs__rosidl_typesupport_c
[0.179s] [ 59%] Built target slg_msgs__rosidl_typesupport_fastrtps_cpp
[0.201s] [35m[1mConsolidate compiler generated dependencies of target slg_msgs__rosidl_typesupport_introspection_cpp[0m
[0.211s] [ 67%] Built target slg_msgs__rosidl_typesupport_introspection_cpp
[0.224s] [35m[1mConsolidate compiler generated dependencies of target test_point2d[0m
[0.234s] [ 71%] Built target test_point2d
[0.258s] [35m[1mConsolidate compiler generated dependencies of target test_polygon[0m
[0.265s] [ 75%] Built target test_polygon
[0.272s] [35m[1mConsolidate compiler generated dependencies of target test_segment2d[0m
[0.290s] [ 79%] Built target test_segment2d
[0.299s] [ 79%] Built target slg_msgs
[0.311s] [ 81%] Built target slg_msgs__py
[0.316s] [35m[1mConsolidate compiler generated dependencies of target slg_msgs__rosidl_generator_py[0m
[0.322s] [ 87%] Built target slg_msgs__rosidl_generator_py
[0.332s] [35m[1mConsolidate compiler generated dependencies of target slg_msgs__rosidl_typesupport_fastrtps_c__pyext[0m
[0.338s] [ 91%] Built target slg_msgs__rosidl_typesupport_fastrtps_c__pyext
[0.343s] [35m[1mConsolidate compiler generated dependencies of target slg_msgs__rosidl_typesupport_introspection_c__pyext[0m
[0.349s] [ 95%] Built target slg_msgs__rosidl_typesupport_introspection_c__pyext
[0.354s] [35m[1mConsolidate compiler generated dependencies of target slg_msgs__rosidl_typesupport_c__pyext[0m
[0.359s] [100%] Built target slg_msgs__rosidl_typesupport_c__pyext
[0.389s] running egg_info
[0.395s] writing slg_msgs.egg-info/PKG-INFO
[0.396s] writing dependency_links to slg_msgs.egg-info/dependency_links.txt
[0.396s] writing top-level names to slg_msgs.egg-info/top_level.txt
[0.416s] reading manifest file 'slg_msgs.egg-info/SOURCES.txt'
[0.416s] writing manifest file 'slg_msgs.egg-info/SOURCES.txt'
[0.438s] [100%] Built target ament_cmake_python_build_slg_msgs_egg
[0.445s] Invoked command in '/home/parallels/ros2_ws/src/general/build/slg_msgs' returned '0': CMAKE_PREFIX_PATH=${CMAKE_PREFIX_PATH}:/home/parallels/ros2_ws/install/ardupilot_dds_tests:/opt/ros/humble /usr/bin/cmake --build /home/parallels/ros2_ws/src/general/build/slg_msgs -- -j2 -l2
[0.498s] Invoking command in '/home/parallels/ros2_ws/src/general/build/slg_msgs': CMAKE_PREFIX_PATH=${CMAKE_PREFIX_PATH}:/home/parallels/ros2_ws/install/ardupilot_dds_tests:/opt/ros/humble /usr/bin/cmake --install /home/parallels/ros2_ws/src/general/build/slg_msgs
[0.502s] -- Install configuration: "Release"
[0.502s] -- Up-to-date: /home/parallels/ros2_ws/src/general/install/slg_msgs/share/ament_index/resource_index/rosidl_interfaces/slg_msgs
[0.503s] -- Up-to-date: /home/parallels/ros2_ws/src/general/install/slg_msgs/include/slg_msgs/slg_msgs
[0.503s] -- Up-to-date: /home/parallels/ros2_ws/src/general/install/slg_msgs/include/slg_msgs/slg_msgs/msg
[0.503s] -- Up-to-date: /home/parallels/ros2_ws/src/general/install/slg_msgs/include/slg_msgs/slg_msgs/msg/rosidl_generator_c__visibility_control.h
[0.503s] -- Up-to-date: /home/parallels/ros2_ws/src/general/install/slg_msgs/include/slg_msgs/slg_msgs/msg/detail
[0.503s] -- Up-to-date: /home/parallels/ros2_ws/src/general/install/slg_msgs/include/slg_msgs/slg_msgs/msg/detail/segment__functions.c
[0.503s] -- Up-to-date: /home/parallels/ros2_ws/src/general/install/slg_msgs/include/slg_msgs/slg_msgs/msg/detail/segment__functions.h
[0.503s] -- Up-to-date: /home/parallels/ros2_ws/src/general/install/slg_msgs/include/slg_msgs/slg_msgs/msg/detail/segment_array__struct.h
[0.503s] -- Up-to-date: /home/parallels/ros2_ws/src/general/install/slg_msgs/include/slg_msgs/slg_msgs/msg/detail/segment__struct.h
[0.503s] -- Up-to-date: /home/parallels/ros2_ws/src/general/install/slg_msgs/include/slg_msgs/slg_msgs/msg/detail/segment_array__functions.h
[0.503s] -- Up-to-date: /home/parallels/ros2_ws/src/general/install/slg_msgs/include/slg_msgs/slg_msgs/msg/detail/segment_array__type_support.h
[0.503s] -- Up-to-date: /home/parallels/ros2_ws/src/general/install/slg_msgs/include/slg_msgs/slg_msgs/msg/detail/segment__type_support.h
[0.503s] -- Up-to-date: /home/parallels/ros2_ws/src/general/install/slg_msgs/include/slg_msgs/slg_msgs/msg/detail/segment_array__functions.c
[0.503s] -- Up-to-date: /home/parallels/ros2_ws/src/general/install/slg_msgs/include/slg_msgs/slg_msgs/msg/segment_array.h
[0.503s] -- Up-to-date: /home/parallels/ros2_ws/src/general/install/slg_msgs/include/slg_msgs/slg_msgs/msg/segment.h
[0.503s] -- Up-to-date: /home/parallels/ros2_ws/src/general/install/slg_msgs/share/slg_msgs/environment/library_path.sh
[0.503s] -- Up-to-date: /home/parallels/ros2_ws/src/general/install/slg_msgs/share/slg_msgs/environment/library_path.dsv
[0.503s] -- Up-to-date: /home/parallels/ros2_ws/src/general/install/slg_msgs/lib/libslg_msgs__rosidl_generator_c.so
[0.503s] -- Up-to-date: /home/parallels/ros2_ws/src/general/install/slg_msgs/include/slg_msgs/slg_msgs
[0.503s] -- Up-to-date: /home/parallels/ros2_ws/src/general/install/slg_msgs/include/slg_msgs/slg_msgs/msg
[0.503s] -- Up-to-date: /home/parallels/ros2_ws/src/general/install/slg_msgs/include/slg_msgs/slg_msgs/msg/detail
[0.503s] -- Up-to-date: /home/parallels/ros2_ws/src/general/install/slg_msgs/include/slg_msgs/slg_msgs/msg/detail/segment_array__rosidl_typesupport_fastrtps_c.h
[0.503s] -- Up-to-date: /home/parallels/ros2_ws/src/general/install/slg_msgs/include/slg_msgs/slg_msgs/msg/detail/segment__rosidl_typesupport_fastrtps_c.h
[0.503s] -- Up-to-date: /home/parallels/ros2_ws/src/general/install/slg_msgs/include/slg_msgs/slg_msgs/msg/rosidl_typesupport_fastrtps_c__visibility_control.h
[0.503s] -- Up-to-date: /home/parallels/ros2_ws/src/general/install/slg_msgs/lib/libslg_msgs__rosidl_typesupport_fastrtps_c.so
[0.504s] -- Up-to-date: /home/parallels/ros2_ws/src/general/install/slg_msgs/include/slg_msgs/slg_msgs
[0.504s] -- Up-to-date: /home/parallels/ros2_ws/src/general/install/slg_msgs/include/slg_msgs/slg_msgs/msg
[0.504s] -- Up-to-date: /home/parallels/ros2_ws/src/general/install/slg_msgs/include/slg_msgs/slg_msgs/msg/detail
[0.504s] -- Up-to-date: /home/parallels/ros2_ws/src/general/install/slg_msgs/include/slg_msgs/slg_msgs/msg/detail/segment_array__type_support.c
[0.504s] -- Up-to-date: /home/parallels/ros2_ws/src/general/install/slg_msgs/include/slg_msgs/slg_msgs/msg/detail/segment__type_support.c
[0.504s] -- Up-to-date: /home/parallels/ros2_ws/src/general/install/slg_msgs/include/slg_msgs/slg_msgs/msg/detail/segment__rosidl_typesupport_introspection_c.h
[0.504s] -- Up-to-date: /home/parallels/ros2_ws/src/general/install/slg_msgs/include/slg_msgs/slg_msgs/msg/detail/segment_array__rosidl_typesupport_introspection_c.h
[0.504s] -- Up-to-date: /home/parallels/ros2_ws/src/general/install/slg_msgs/include/slg_msgs/slg_msgs/msg/rosidl_typesupport_introspection_c__visibility_control.h
[0.504s] -- Up-to-date: /home/parallels/ros2_ws/src/general/install/slg_msgs/lib/libslg_msgs__rosidl_typesupport_introspection_c.so
[0.504s] -- Up-to-date: /home/parallels/ros2_ws/src/general/install/slg_msgs/lib/libslg_msgs__rosidl_typesupport_c.so
[0.505s] -- Up-to-date: /home/parallels/ros2_ws/src/general/install/slg_msgs/include/slg_msgs/slg_msgs
[0.505s] -- Up-to-date: /home/parallels/ros2_ws/src/general/install/slg_msgs/include/slg_msgs/slg_msgs/msg
[0.505s] -- Up-to-date: /home/parallels/ros2_ws/src/general/install/slg_msgs/include/slg_msgs/slg_msgs/msg/detail
[0.505s] -- Up-to-date: /home/parallels/ros2_ws/src/general/install/slg_msgs/include/slg_msgs/slg_msgs/msg/detail/segment_array__builder.hpp
[0.505s] -- Up-to-date: /home/parallels/ros2_ws/src/general/install/slg_msgs/include/slg_msgs/slg_msgs/msg/detail/segment_array__traits.hpp
[0.505s] -- Up-to-date: /home/parallels/ros2_ws/src/general/install/slg_msgs/include/slg_msgs/slg_msgs/msg/detail/segment__traits.hpp
[0.505s] -- Up-to-date: /home/parallels/ros2_ws/src/general/install/slg_msgs/include/slg_msgs/slg_msgs/msg/detail/segment_array__struct.hpp
[0.505s] -- Up-to-date: /home/parallels/ros2_ws/src/general/install/slg_msgs/include/slg_msgs/slg_msgs/msg/detail/segment__struct.hpp
[0.505s] -- Up-to-date: /home/parallels/ros2_ws/src/general/install/slg_msgs/include/slg_msgs/slg_msgs/msg/detail/segment__builder.hpp
[0.505s] -- Up-to-date: /home/parallels/ros2_ws/src/general/install/slg_msgs/include/slg_msgs/slg_msgs/msg/segment_array.hpp
[0.505s] -- Up-to-date: /home/parallels/ros2_ws/src/general/install/slg_msgs/include/slg_msgs/slg_msgs/msg/segment.hpp
[0.505s] -- Up-to-date: /home/parallels/ros2_ws/src/general/install/slg_msgs/include/slg_msgs/slg_msgs
[0.505s] -- Up-to-date: /home/parallels/ros2_ws/src/general/install/slg_msgs/include/slg_msgs/slg_msgs/msg
[0.505s] -- Up-to-date: /home/parallels/ros2_ws/src/general/install/slg_msgs/include/slg_msgs/slg_msgs/msg/detail
[0.505s] -- Up-to-date: /home/parallels/ros2_ws/src/general/install/slg_msgs/include/slg_msgs/slg_msgs/msg/detail/segment__rosidl_typesupport_fastrtps_cpp.hpp
[0.505s] -- Up-to-date: /home/parallels/ros2_ws/src/general/install/slg_msgs/include/slg_msgs/slg_msgs/msg/detail/dds_fastrtps
[0.505s] -- Up-to-date: /home/parallels/ros2_ws/src/general/install/slg_msgs/include/slg_msgs/slg_msgs/msg/detail/segment_array__rosidl_typesupport_fastrtps_cpp.hpp
[0.505s] -- Up-to-date: /home/parallels/ros2_ws/src/general/install/slg_msgs/include/slg_msgs/slg_msgs/msg/rosidl_typesupport_fastrtps_cpp__visibility_control.h
[0.505s] -- Up-to-date: /home/parallels/ros2_ws/src/general/install/slg_msgs/lib/libslg_msgs__rosidl_typesupport_fastrtps_cpp.so
[0.505s] -- Up-to-date: /home/parallels/ros2_ws/src/general/install/slg_msgs/include/slg_msgs/slg_msgs
[0.505s] -- Up-to-date: /home/parallels/ros2_ws/src/general/install/slg_msgs/include/slg_msgs/slg_msgs/msg
[0.505s] -- Up-to-date: /home/parallels/ros2_ws/src/general/install/slg_msgs/include/slg_msgs/slg_msgs/msg/detail
[0.505s] -- Up-to-date: /home/parallels/ros2_ws/src/general/install/slg_msgs/include/slg_msgs/slg_msgs/msg/detail/segment_array__type_support.cpp
[0.505s] -- Up-to-date: /home/parallels/ros2_ws/src/general/install/slg_msgs/include/slg_msgs/slg_msgs/msg/detail/segment__type_support.cpp
[0.505s] -- Up-to-date: /home/parallels/ros2_ws/src/general/install/slg_msgs/include/slg_msgs/slg_msgs/msg/detail/segment_array__rosidl_typesupport_introspection_cpp.hpp
[0.505s] -- Up-to-date: /home/parallels/ros2_ws/src/general/install/slg_msgs/include/slg_msgs/slg_msgs/msg/detail/segment__rosidl_typesupport_introspection_cpp.hpp
[0.505s] -- Up-to-date: /home/parallels/ros2_ws/src/general/install/slg_msgs/lib/libslg_msgs__rosidl_typesupport_introspection_cpp.so
[0.505s] -- Up-to-date: /home/parallels/ros2_ws/src/general/install/slg_msgs/lib/libslg_msgs__rosidl_typesupport_cpp.so
[0.505s] -- Up-to-date: /home/parallels/ros2_ws/src/general/install/slg_msgs/share/slg_msgs/environment/pythonpath.sh
[0.506s] -- Up-to-date: /home/parallels/ros2_ws/src/general/install/slg_msgs/share/slg_msgs/environment/pythonpath.dsv
[0.506s] -- Up-to-date: /home/parallels/ros2_ws/src/general/install/slg_msgs/local/lib/python3.10/dist-packages/slg_msgs-3.8.0-py3.10.egg-info
[0.506s] -- Installing: /home/parallels/ros2_ws/src/general/install/slg_msgs/local/lib/python3.10/dist-packages/slg_msgs-3.8.0-py3.10.egg-info/dependency_links.txt
[0.506s] -- Installing: /home/parallels/ros2_ws/src/general/install/slg_msgs/local/lib/python3.10/dist-packages/slg_msgs-3.8.0-py3.10.egg-info/top_level.txt
[0.506s] -- Installing: /home/parallels/ros2_ws/src/general/install/slg_msgs/local/lib/python3.10/dist-packages/slg_msgs-3.8.0-py3.10.egg-info/PKG-INFO
[0.506s] -- Installing: /home/parallels/ros2_ws/src/general/install/slg_msgs/local/lib/python3.10/dist-packages/slg_msgs-3.8.0-py3.10.egg-info/SOURCES.txt
[0.506s] -- Up-to-date: /home/parallels/ros2_ws/src/general/install/slg_msgs/local/lib/python3.10/dist-packages/slg_msgs
[0.506s] -- Up-to-date: /home/parallels/ros2_ws/src/general/install/slg_msgs/local/lib/python3.10/dist-packages/slg_msgs/slg_msgs_s__rosidl_typesupport_introspection_c.cpython-310-aarch64-linux-gnu.so
[0.506s] -- Up-to-date: /home/parallels/ros2_ws/src/general/install/slg_msgs/local/lib/python3.10/dist-packages/slg_msgs/_slg_msgs_s.ep.rosidl_typesupport_c.c
[0.506s] -- Up-to-date: /home/parallels/ros2_ws/src/general/install/slg_msgs/local/lib/python3.10/dist-packages/slg_msgs/msg
[0.506s] -- Up-to-date: /home/parallels/ros2_ws/src/general/install/slg_msgs/local/lib/python3.10/dist-packages/slg_msgs/msg/_segment.py
[0.506s] -- Up-to-date: /home/parallels/ros2_ws/src/general/install/slg_msgs/local/lib/python3.10/dist-packages/slg_msgs/msg/_segment_array_s.c
[0.506s] -- Up-to-date: /home/parallels/ros2_ws/src/general/install/slg_msgs/local/lib/python3.10/dist-packages/slg_msgs/msg/__init__.py
[0.506s] -- Up-to-date: /home/parallels/ros2_ws/src/general/install/slg_msgs/local/lib/python3.10/dist-packages/slg_msgs/msg/_segment_s.c
[0.506s] -- Up-to-date: /home/parallels/ros2_ws/src/general/install/slg_msgs/local/lib/python3.10/dist-packages/slg_msgs/msg/_segment_array.py
[0.507s] -- Up-to-date: /home/parallels/ros2_ws/src/general/install/slg_msgs/local/lib/python3.10/dist-packages/slg_msgs/_slg_msgs_s.ep.rosidl_typesupport_introspection_c.c
[0.507s] -- Up-to-date: /home/parallels/ros2_ws/src/general/install/slg_msgs/local/lib/python3.10/dist-packages/slg_msgs/slg_msgs_s__rosidl_typesupport_fastrtps_c.cpython-310-aarch64-linux-gnu.so
[0.507s] -- Up-to-date: /home/parallels/ros2_ws/src/general/install/slg_msgs/local/lib/python3.10/dist-packages/slg_msgs/slg_msgs_s__rosidl_typesupport_c.cpython-310-aarch64-linux-gnu.so
[0.507s] -- Up-to-date: /home/parallels/ros2_ws/src/general/install/slg_msgs/local/lib/python3.10/dist-packages/slg_msgs/_slg_msgs_s.ep.rosidl_typesupport_fastrtps_c.c
[0.507s] -- Up-to-date: /home/parallels/ros2_ws/src/general/install/slg_msgs/local/lib/python3.10/dist-packages/slg_msgs/__init__.py
[0.507s] -- Up-to-date: /home/parallels/ros2_ws/src/general/install/slg_msgs/local/lib/python3.10/dist-packages/slg_msgs/libslg_msgs__rosidl_generator_py.so
[0.532s] Listing '/home/parallels/ros2_ws/src/general/install/slg_msgs/local/lib/python3.10/dist-packages/slg_msgs'...
[0.532s] Listing '/home/parallels/ros2_ws/src/general/install/slg_msgs/local/lib/python3.10/dist-packages/slg_msgs/msg'...
[0.532s] -- Up-to-date: /home/parallels/ros2_ws/src/general/install/slg_msgs/local/lib/python3.10/dist-packages/slg_msgs/slg_msgs_s__rosidl_typesupport_fastrtps_c.cpython-310-aarch64-linux-gnu.so
[0.532s] -- Up-to-date: /home/parallels/ros2_ws/src/general/install/slg_msgs/local/lib/python3.10/dist-packages/slg_msgs/slg_msgs_s__rosidl_typesupport_introspection_c.cpython-310-aarch64-linux-gnu.so
[0.532s] -- Up-to-date: /home/parallels/ros2_ws/src/general/install/slg_msgs/local/lib/python3.10/dist-packages/slg_msgs/slg_msgs_s__rosidl_typesupport_c.cpython-310-aarch64-linux-gnu.so
[0.532s] -- Up-to-date: /home/parallels/ros2_ws/src/general/install/slg_msgs/lib/libslg_msgs__rosidl_generator_py.so
[0.532s] -- Up-to-date: /home/parallels/ros2_ws/src/general/install/slg_msgs/share/slg_msgs/msg/Segment.idl
[0.532s] -- Up-to-date: /home/parallels/ros2_ws/src/general/install/slg_msgs/share/slg_msgs/msg/SegmentArray.idl
[0.532s] -- Up-to-date: /home/parallels/ros2_ws/src/general/install/slg_msgs/share/slg_msgs/msg/Segment.msg
[0.532s] -- Up-to-date: /home/parallels/ros2_ws/src/general/install/slg_msgs/share/slg_msgs/msg/SegmentArray.msg
[0.532s] -- Up-to-date: /home/parallels/ros2_ws/src/general/install/slg_msgs/include/slg_msgs
[0.532s] -- Up-to-date: /home/parallels/ros2_ws/src/general/install/slg_msgs/include/slg_msgs/segment2D.hpp
[0.532s] -- Up-to-date: /home/parallels/ros2_ws/src/general/install/slg_msgs/include/slg_msgs/polygon.hpp
[0.532s] -- Up-to-date: /home/parallels/ros2_ws/src/general/install/slg_msgs/include/slg_msgs/point2D.hpp
[0.532s] -- Up-to-date: /home/parallels/ros2_ws/src/general/install/slg_msgs/share/ament_index/resource_index/package_run_dependencies/slg_msgs
[0.532s] -- Up-to-date: /home/parallels/ros2_ws/src/general/install/slg_msgs/share/ament_index/resource_index/parent_prefix_path/slg_msgs
[0.532s] -- Up-to-date: /home/parallels/ros2_ws/src/general/install/slg_msgs/share/slg_msgs/environment/ament_prefix_path.sh
[0.532s] -- Up-to-date: /home/parallels/ros2_ws/src/general/install/slg_msgs/share/slg_msgs/environment/ament_prefix_path.dsv
[0.532s] -- Up-to-date: /home/parallels/ros2_ws/src/general/install/slg_msgs/share/slg_msgs/environment/path.sh
[0.532s] -- Up-to-date: /home/parallels/ros2_ws/src/general/install/slg_msgs/share/slg_msgs/environment/path.dsv
[0.532s] -- Up-to-date: /home/parallels/ros2_ws/src/general/install/slg_msgs/share/slg_msgs/local_setup.bash
[0.532s] -- Up-to-date: /home/parallels/ros2_ws/src/general/install/slg_msgs/share/slg_msgs/local_setup.sh
[0.532s] -- Up-to-date: /home/parallels/ros2_ws/src/general/install/slg_msgs/share/slg_msgs/local_setup.zsh
[0.532s] -- Up-to-date: /home/parallels/ros2_ws/src/general/install/slg_msgs/share/slg_msgs/local_setup.dsv
[0.532s] -- Installing: /home/parallels/ros2_ws/src/general/install/slg_msgs/share/slg_msgs/package.dsv
[0.532s] -- Up-to-date: /home/parallels/ros2_ws/src/general/install/slg_msgs/share/ament_index/resource_index/packages/slg_msgs
[0.532s] -- Up-to-date: /home/parallels/ros2_ws/src/general/install/slg_msgs/share/slg_msgs/cmake/export_slg_msgs__rosidl_generator_cExport.cmake
[0.533s] -- Up-to-date: /home/parallels/ros2_ws/src/general/install/slg_msgs/share/slg_msgs/cmake/export_slg_msgs__rosidl_generator_cExport-release.cmake
[0.533s] -- Up-to-date: /home/parallels/ros2_ws/src/general/install/slg_msgs/share/slg_msgs/cmake/export_slg_msgs__rosidl_typesupport_fastrtps_cExport.cmake
[0.533s] -- Up-to-date: /home/parallels/ros2_ws/src/general/install/slg_msgs/share/slg_msgs/cmake/export_slg_msgs__rosidl_typesupport_fastrtps_cExport-release.cmake
[0.533s] -- Up-to-date: /home/parallels/ros2_ws/src/general/install/slg_msgs/share/slg_msgs/cmake/slg_msgs__rosidl_typesupport_introspection_cExport.cmake
[0.533s] -- Up-to-date: /home/parallels/ros2_ws/src/general/install/slg_msgs/share/slg_msgs/cmake/slg_msgs__rosidl_typesupport_introspection_cExport-release.cmake
[0.533s] -- Up-to-date: /home/parallels/ros2_ws/src/general/install/slg_msgs/share/slg_msgs/cmake/slg_msgs__rosidl_typesupport_cExport.cmake
[0.533s] -- Up-to-date: /home/parallels/ros2_ws/src/general/install/slg_msgs/share/slg_msgs/cmake/slg_msgs__rosidl_typesupport_cExport-release.cmake
[0.533s] -- Up-to-date: /home/parallels/ros2_ws/src/general/install/slg_msgs/share/slg_msgs/cmake/export_slg_msgs__rosidl_generator_cppExport.cmake
[0.533s] -- Up-to-date: /home/parallels/ros2_ws/src/general/install/slg_msgs/share/slg_msgs/cmake/export_slg_msgs__rosidl_typesupport_fastrtps_cppExport.cmake
[0.533s] -- Up-to-date: /home/parallels/ros2_ws/src/general/install/slg_msgs/share/slg_msgs/cmake/export_slg_msgs__rosidl_typesupport_fastrtps_cppExport-release.cmake
[0.533s] -- Up-to-date: /home/parallels/ros2_ws/src/general/install/slg_msgs/share/slg_msgs/cmake/slg_msgs__rosidl_typesupport_introspection_cppExport.cmake
[0.533s] -- Up-to-date: /home/parallels/ros2_ws/src/general/install/slg_msgs/share/slg_msgs/cmake/slg_msgs__rosidl_typesupport_introspection_cppExport-release.cmake
[0.533s] -- Up-to-date: /home/parallels/ros2_ws/src/general/install/slg_msgs/share/slg_msgs/cmake/slg_msgs__rosidl_typesupport_cppExport.cmake
[0.533s] -- Up-to-date: /home/parallels/ros2_ws/src/general/install/slg_msgs/share/slg_msgs/cmake/slg_msgs__rosidl_typesupport_cppExport-release.cmake
[0.533s] -- Up-to-date: /home/parallels/ros2_ws/src/general/install/slg_msgs/share/slg_msgs/cmake/export_slg_msgs__rosidl_generator_pyExport.cmake
[0.533s] -- Up-to-date: /home/parallels/ros2_ws/src/general/install/slg_msgs/share/slg_msgs/cmake/export_slg_msgs__rosidl_generator_pyExport-release.cmake
[0.533s] -- Up-to-date: /home/parallels/ros2_ws/src/general/install/slg_msgs/share/slg_msgs/cmake/export_slg_msgsExport.cmake
[0.533s] -- Up-to-date: /home/parallels/ros2_ws/src/general/install/slg_msgs/share/slg_msgs/cmake/rosidl_cmake-extras.cmake
[0.533s] -- Up-to-date: /home/parallels/ros2_ws/src/general/install/slg_msgs/share/slg_msgs/cmake/ament_cmake_export_dependencies-extras.cmake
[0.533s] -- Up-to-date: /home/parallels/ros2_ws/src/general/install/slg_msgs/share/slg_msgs/cmake/ament_cmake_export_include_directories-extras.cmake
[0.533s] -- Up-to-date: /home/parallels/ros2_ws/src/general/install/slg_msgs/share/slg_msgs/cmake/ament_cmake_export_libraries-extras.cmake
[0.533s] -- Up-to-date: /home/parallels/ros2_ws/src/general/install/slg_msgs/share/slg_msgs/cmake/ament_cmake_export_targets-extras.cmake
[0.533s] -- Up-to-date: /home/parallels/ros2_ws/src/general/install/slg_msgs/share/slg_msgs/cmake/rosidl_cmake_export_typesupport_targets-extras.cmake
[0.533s] -- Up-to-date: /home/parallels/ros2_ws/src/general/install/slg_msgs/share/slg_msgs/cmake/rosidl_cmake_export_typesupport_libraries-extras.cmake
[0.533s] -- Up-to-date: /home/parallels/ros2_ws/src/general/install/slg_msgs/share/slg_msgs/cmake/slg_msgsConfig.cmake
[0.533s] -- Up-to-date: /home/parallels/ros2_ws/src/general/install/slg_msgs/share/slg_msgs/cmake/slg_msgsConfig-version.cmake
[0.533s] -- Up-to-date: /home/parallels/ros2_ws/src/general/install/slg_msgs/share/slg_msgs/package.xml
[0.540s] Invoked command in '/home/parallels/ros2_ws/src/general/build/slg_msgs' returned '0': CMAKE_PREFIX_PATH=${CMAKE_PREFIX_PATH}:/home/parallels/ros2_ws/install/ardupilot_dds_tests:/opt/ros/humble /usr/bin/cmake --install /home/parallels/ros2_ws/src/general/build/slg_msgs
