[0.556s] Invoking command in '/home/robert/Projects/ros_ws/src/general/yolov8_ros/yolov8_ros': AMENT_PREFIX_PATH=/home/robert/Projects/ros_ws/src/general/install/yolov8_msgs:${AMENT_PREFIX_PATH} CMAKE_PREFIX_PATH=/home/robert/Projects/ros_ws/src/general/install/yolov8_msgs LD_LIBRARY_PATH=/home/robert/Projects/ros_ws/src/general/install/yolov8_msgs/lib:${LD_LIBRARY_PATH} PYTHONPATH=/home/robert/Projects/ros_ws/src/general/build/yolov8_ros/prefix_override:/usr/lib/python3/dist-packages/colcon_core/task/python/colcon_distutils_commands:/home/robert/Projects/ros_ws/src/general/install/yolov8_ros/lib/python3.10/site-packages:/home/robert/Projects/ros_ws/src/general/install/yolov8_msgs/local/lib/python3.10/dist-packages:${PYTHONPATH} /usr/bin/python3 -W ignore:setup.py install is deprecated -W ignore:easy_install command is deprecated setup.py egg_info --egg-base ../../build/yolov8_ros build --build-base /home/robert/Projects/ros_ws/src/general/build/yolov8_ros/build install --record /home/robert/Projects/ros_ws/src/general/build/yolov8_ros/install.log --single-version-externally-managed install_data
[0.766s] running egg_info
[0.766s] writing ../../build/yolov8_ros/yolov8_ros.egg-info/PKG-INFO
[0.766s] writing dependency_links to ../../build/yolov8_ros/yolov8_ros.egg-info/dependency_links.txt
[0.767s] writing entry points to ../../build/yolov8_ros/yolov8_ros.egg-info/entry_points.txt
[0.767s] writing requirements to ../../build/yolov8_ros/yolov8_ros.egg-info/requires.txt
[0.767s] writing top-level names to ../../build/yolov8_ros/yolov8_ros.egg-info/top_level.txt
[0.768s] reading manifest file '../../build/yolov8_ros/yolov8_ros.egg-info/SOURCES.txt'
[0.769s] writing manifest file '../../build/yolov8_ros/yolov8_ros.egg-info/SOURCES.txt'
[0.769s] running build
[0.769s] running build_py
[0.769s] running install
[0.770s] running install_lib
[0.771s] running install_data
[0.771s] running install_egg_info
[0.772s] removing '/home/robert/Projects/ros_ws/src/general/install/yolov8_ros/lib/python3.10/site-packages/yolov8_ros-0.0.0-py3.10.egg-info' (and everything under it)
[0.773s] Copying ../../build/yolov8_ros/yolov8_ros.egg-info to /home/robert/Projects/ros_ws/src/general/install/yolov8_ros/lib/python3.10/site-packages/yolov8_ros-0.0.0-py3.10.egg-info
[0.773s] running install_scripts
[0.791s] Installing debug_node script to /home/robert/Projects/ros_ws/src/general/install/yolov8_ros/lib/yolov8_ros
[0.792s] Installing detect_3d_node script to /home/robert/Projects/ros_ws/src/general/install/yolov8_ros/lib/yolov8_ros
[0.792s] Installing tracking_node script to /home/robert/Projects/ros_ws/src/general/install/yolov8_ros/lib/yolov8_ros
[0.792s] Installing yolov8_node script to /home/robert/Projects/ros_ws/src/general/install/yolov8_ros/lib/yolov8_ros
[0.792s] writing list of installed files to '/home/robert/Projects/ros_ws/src/general/build/yolov8_ros/install.log'
[0.811s] Invoked command in '/home/robert/Projects/ros_ws/src/general/yolov8_ros/yolov8_ros' returned '0': AMENT_PREFIX_PATH=/home/robert/Projects/ros_ws/src/general/install/yolov8_msgs:${AMENT_PREFIX_PATH} CMAKE_PREFIX_PATH=/home/robert/Projects/ros_ws/src/general/install/yolov8_msgs LD_LIBRARY_PATH=/home/robert/Projects/ros_ws/src/general/install/yolov8_msgs/lib:${LD_LIBRARY_PATH} PYTHONPATH=/home/robert/Projects/ros_ws/src/general/build/yolov8_ros/prefix_override:/usr/lib/python3/dist-packages/colcon_core/task/python/colcon_distutils_commands:/home/robert/Projects/ros_ws/src/general/install/yolov8_ros/lib/python3.10/site-packages:/home/robert/Projects/ros_ws/src/general/install/yolov8_msgs/local/lib/python3.10/dist-packages:${PYTHONPATH} /usr/bin/python3 -W ignore:setup.py install is deprecated -W ignore:easy_install command is deprecated setup.py egg_info --egg-base ../../build/yolov8_ros build --build-base /home/robert/Projects/ros_ws/src/general/build/yolov8_ros/build install --record /home/robert/Projects/ros_ws/src/general/build/yolov8_ros/install.log --single-version-externally-managed install_data
