[0.225s] DEBUG:colcon:Command line arguments: ['/usr/bin/colcon', 'build']
[0.225s] DEBUG:colcon:Parsed command line arguments: Namespace(log_base=None, log_level=None, verb_name='build', build_base='build', install_base='install', merge_install=False, symlink_install=False, test_result_base=None, continue_on_error=False, executor='parallel', parallel_workers=2, event_handlers=None, ignore_user_meta=False, metas=['./colcon.meta'], base_paths=['.'], packages_ignore=None, packages_ignore_regex=None, paths=None, packages_up_to=None, packages_up_to_regex=None, packages_above=None, packages_above_and_dependencies=None, packages_above_depth=None, packages_select_by_dep=None, packages_skip_by_dep=None, packages_skip_up_to=None, packages_select_build_failed=False, packages_skip_build_finished=False, packages_select_test_failures=False, packages_skip_test_passed=False, packages_select=None, packages_skip=None, packages_select_regex=None, packages_skip_regex=None, packages_start=None, packages_end=None, allow_overriding=[], cmake_args=None, cmake_target=None, cmake_target_skip_unavailable=False, cmake_clean_cache=False, cmake_clean_first=False, cmake_force_configure=False, ament_cmake_args=None, catkin_cmake_args=None, catkin_skip_building_tests=False, mixin_files=None, mixin=None, verb_parser=<colcon_mixin.mixin.mixin_argument.MixinArgumentDecorator object at 0xffff84c8e680>, verb_extension=<colcon_core.verb.build.BuildVerb object at 0xffff84c8e0b0>, main=<bound method BuildVerb.main of <colcon_core.verb.build.BuildVerb object at 0xffff84c8e0b0>>, mixin_verb=('build',))
[0.265s] Level 1:colcon.colcon_core.package_discovery:discover_packages(colcon_meta) check parameters
[0.266s] Level 1:colcon.colcon_core.package_discovery:discover_packages(recursive) check parameters
[0.266s] Level 1:colcon.colcon_core.package_discovery:discover_packages(ignore) check parameters
[0.266s] Level 1:colcon.colcon_core.package_discovery:discover_packages(path) check parameters
[0.266s] Level 1:colcon.colcon_core.package_discovery:discover_packages(colcon_meta) discover
[0.266s] Level 1:colcon.colcon_core.package_discovery:discover_packages(recursive) discover
[0.266s] INFO:colcon.colcon_core.package_discovery:Crawling recursively for packages in '/home/parallels/ros2_ws/src/general'
[0.266s] Level 1:colcon.colcon_core.package_identification:_identify(.) by extensions ['ignore', 'ignore_ament_install']
[0.266s] Level 1:colcon.colcon_core.package_identification:_identify(.) by extension 'ignore'
[0.266s] Level 1:colcon.colcon_core.package_identification:_identify(.) by extension 'ignore_ament_install'
[0.266s] Level 1:colcon.colcon_core.package_identification:_identify(.) by extensions ['colcon_pkg']
[0.266s] Level 1:colcon.colcon_core.package_identification:_identify(.) by extension 'colcon_pkg'
[0.266s] Level 1:colcon.colcon_core.package_identification:_identify(.) by extensions ['colcon_meta']
[0.266s] Level 1:colcon.colcon_core.package_identification:_identify(.) by extension 'colcon_meta'
[0.266s] Level 1:colcon.colcon_core.package_identification:_identify(.) by extensions ['ros']
[0.266s] Level 1:colcon.colcon_core.package_identification:_identify(.) by extension 'ros'
[0.275s] Level 1:colcon.colcon_core.package_identification:_identify(.) by extensions ['cmake', 'python']
[0.275s] Level 1:colcon.colcon_core.package_identification:_identify(.) by extension 'cmake'
[0.275s] Level 1:colcon.colcon_core.package_identification:_identify(.) by extension 'python'
[0.275s] Level 1:colcon.colcon_core.package_identification:_identify(.) by extensions ['python_setup_py']
[0.275s] Level 1:colcon.colcon_core.package_identification:_identify(.) by extension 'python_setup_py'
[0.275s] Level 1:colcon.colcon_core.package_identification:_identify(build) by extensions ['ignore', 'ignore_ament_install']
[0.275s] Level 1:colcon.colcon_core.package_identification:_identify(build) by extension 'ignore'
[0.275s] Level 1:colcon.colcon_core.package_identification:_identify(build) ignored
[0.275s] Level 1:colcon.colcon_core.package_identification:_identify(install) by extensions ['ignore', 'ignore_ament_install']
[0.275s] Level 1:colcon.colcon_core.package_identification:_identify(install) by extension 'ignore'
[0.275s] Level 1:colcon.colcon_core.package_identification:_identify(install) ignored
[0.276s] Level 1:colcon.colcon_core.package_identification:_identify(laser_segmentation) by extensions ['ignore', 'ignore_ament_install']
[0.276s] Level 1:colcon.colcon_core.package_identification:_identify(laser_segmentation) by extension 'ignore'
[0.276s] Level 1:colcon.colcon_core.package_identification:_identify(laser_segmentation) by extension 'ignore_ament_install'
[0.276s] Level 1:colcon.colcon_core.package_identification:_identify(laser_segmentation) by extensions ['colcon_pkg']
[0.276s] Level 1:colcon.colcon_core.package_identification:_identify(laser_segmentation) by extension 'colcon_pkg'
[0.276s] Level 1:colcon.colcon_core.package_identification:_identify(laser_segmentation) by extensions ['colcon_meta']
[0.276s] Level 1:colcon.colcon_core.package_identification:_identify(laser_segmentation) by extension 'colcon_meta'
[0.276s] Level 1:colcon.colcon_core.package_identification:_identify(laser_segmentation) by extensions ['ros']
[0.276s] Level 1:colcon.colcon_core.package_identification:_identify(laser_segmentation) by extension 'ros'
[0.276s] Level 1:colcon.colcon_core.package_identification:_identify(laser_segmentation) by extensions ['cmake', 'python']
[0.276s] Level 1:colcon.colcon_core.package_identification:_identify(laser_segmentation) by extension 'cmake'
[0.276s] Level 1:colcon.colcon_core.package_identification:_identify(laser_segmentation) by extension 'python'
[0.276s] Level 1:colcon.colcon_core.package_identification:_identify(laser_segmentation) by extensions ['python_setup_py']
[0.276s] Level 1:colcon.colcon_core.package_identification:_identify(laser_segmentation) by extension 'python_setup_py'
[0.276s] Level 1:colcon.colcon_core.package_identification:_identify(laser_segmentation/laser_segmentation) by extensions ['ignore', 'ignore_ament_install']
[0.276s] Level 1:colcon.colcon_core.package_identification:_identify(laser_segmentation/laser_segmentation) by extension 'ignore'
[0.276s] Level 1:colcon.colcon_core.package_identification:_identify(laser_segmentation/laser_segmentation) by extension 'ignore_ament_install'
[0.276s] Level 1:colcon.colcon_core.package_identification:_identify(laser_segmentation/laser_segmentation) by extensions ['colcon_pkg']
[0.276s] Level 1:colcon.colcon_core.package_identification:_identify(laser_segmentation/laser_segmentation) by extension 'colcon_pkg'
[0.276s] Level 1:colcon.colcon_core.package_identification:_identify(laser_segmentation/laser_segmentation) by extensions ['colcon_meta']
[0.276s] Level 1:colcon.colcon_core.package_identification:_identify(laser_segmentation/laser_segmentation) by extension 'colcon_meta'
[0.276s] Level 1:colcon.colcon_core.package_identification:_identify(laser_segmentation/laser_segmentation) by extensions ['ros']
[0.276s] Level 1:colcon.colcon_core.package_identification:_identify(laser_segmentation/laser_segmentation) by extension 'ros'
[0.278s] DEBUG:colcon.colcon_core.package_identification:Package 'laser_segmentation/laser_segmentation' with type 'ros.ament_cmake' and name 'laser_segmentation'
[0.278s] Level 1:colcon.colcon_core.package_identification:_identify(laser_segmentation/slg_msgs) by extensions ['ignore', 'ignore_ament_install']
[0.278s] Level 1:colcon.colcon_core.package_identification:_identify(laser_segmentation/slg_msgs) by extension 'ignore'
[0.278s] Level 1:colcon.colcon_core.package_identification:_identify(laser_segmentation/slg_msgs) by extension 'ignore_ament_install'
[0.278s] Level 1:colcon.colcon_core.package_identification:_identify(laser_segmentation/slg_msgs) by extensions ['colcon_pkg']
[0.278s] Level 1:colcon.colcon_core.package_identification:_identify(laser_segmentation/slg_msgs) by extension 'colcon_pkg'
[0.278s] Level 1:colcon.colcon_core.package_identification:_identify(laser_segmentation/slg_msgs) by extensions ['colcon_meta']
[0.278s] Level 1:colcon.colcon_core.package_identification:_identify(laser_segmentation/slg_msgs) by extension 'colcon_meta'
[0.278s] Level 1:colcon.colcon_core.package_identification:_identify(laser_segmentation/slg_msgs) by extensions ['ros']
[0.278s] Level 1:colcon.colcon_core.package_identification:_identify(laser_segmentation/slg_msgs) by extension 'ros'
[0.279s] DEBUG:colcon.colcon_core.package_identification:Package 'laser_segmentation/slg_msgs' with type 'ros.ament_cmake' and name 'slg_msgs'
[0.279s] Level 1:colcon.colcon_core.package_identification:_identify(log) by extensions ['ignore', 'ignore_ament_install']
[0.279s] Level 1:colcon.colcon_core.package_identification:_identify(log) by extension 'ignore'
[0.279s] Level 1:colcon.colcon_core.package_identification:_identify(log) ignored
[0.279s] Level 1:colcon.colcon_core.package_identification:_identify(njord_tasks) by extensions ['ignore', 'ignore_ament_install']
[0.279s] Level 1:colcon.colcon_core.package_identification:_identify(njord_tasks) by extension 'ignore'
[0.279s] Level 1:colcon.colcon_core.package_identification:_identify(njord_tasks) by extension 'ignore_ament_install'
[0.279s] Level 1:colcon.colcon_core.package_identification:_identify(njord_tasks) by extensions ['colcon_pkg']
[0.279s] Level 1:colcon.colcon_core.package_identification:_identify(njord_tasks) by extension 'colcon_pkg'
[0.279s] Level 1:colcon.colcon_core.package_identification:_identify(njord_tasks) by extensions ['colcon_meta']
[0.279s] Level 1:colcon.colcon_core.package_identification:_identify(njord_tasks) by extension 'colcon_meta'
[0.279s] Level 1:colcon.colcon_core.package_identification:_identify(njord_tasks) by extensions ['ros']
[0.279s] Level 1:colcon.colcon_core.package_identification:_identify(njord_tasks) by extension 'ros'
[0.279s] DEBUG:colcon.colcon_core.package_identification:Package 'njord_tasks' with type 'ros.ament_cmake' and name 'njord_tasks'
[0.279s] Level 1:colcon.colcon_core.package_identification:_identify(perception) by extensions ['ignore', 'ignore_ament_install']
[0.279s] Level 1:colcon.colcon_core.package_identification:_identify(perception) by extension 'ignore'
[0.279s] Level 1:colcon.colcon_core.package_identification:_identify(perception) by extension 'ignore_ament_install'
[0.279s] Level 1:colcon.colcon_core.package_identification:_identify(perception) by extensions ['colcon_pkg']
[0.279s] Level 1:colcon.colcon_core.package_identification:_identify(perception) by extension 'colcon_pkg'
[0.279s] Level 1:colcon.colcon_core.package_identification:_identify(perception) by extensions ['colcon_meta']
[0.279s] Level 1:colcon.colcon_core.package_identification:_identify(perception) by extension 'colcon_meta'
[0.279s] Level 1:colcon.colcon_core.package_identification:_identify(perception) by extensions ['ros']
[0.279s] Level 1:colcon.colcon_core.package_identification:_identify(perception) by extension 'ros'
[0.280s] DEBUG:colcon.colcon_core.package_identification:Package 'perception' with type 'ros.ament_cmake' and name 'perception'
[0.280s] Level 1:colcon.colcon_core.package_identification:_identify(perception_interfaces) by extensions ['ignore', 'ignore_ament_install']
[0.280s] Level 1:colcon.colcon_core.package_identification:_identify(perception_interfaces) by extension 'ignore'
[0.280s] Level 1:colcon.colcon_core.package_identification:_identify(perception_interfaces) by extension 'ignore_ament_install'
[0.280s] Level 1:colcon.colcon_core.package_identification:_identify(perception_interfaces) by extensions ['colcon_pkg']
[0.280s] Level 1:colcon.colcon_core.package_identification:_identify(perception_interfaces) by extension 'colcon_pkg'
[0.280s] Level 1:colcon.colcon_core.package_identification:_identify(perception_interfaces) by extensions ['colcon_meta']
[0.280s] Level 1:colcon.colcon_core.package_identification:_identify(perception_interfaces) by extension 'colcon_meta'
[0.280s] Level 1:colcon.colcon_core.package_identification:_identify(perception_interfaces) by extensions ['ros']
[0.280s] Level 1:colcon.colcon_core.package_identification:_identify(perception_interfaces) by extension 'ros'
[0.280s] DEBUG:colcon.colcon_core.package_identification:Package 'perception_interfaces' with type 'ros.ament_cmake' and name 'perception_interfaces'
[0.280s] Level 1:colcon.colcon_core.package_discovery:discover_packages(recursive) using defaults
[0.280s] Level 1:colcon.colcon_core.package_discovery:discover_packages(ignore) discover
[0.280s] Level 1:colcon.colcon_core.package_discovery:discover_packages(ignore) using defaults
[0.280s] Level 1:colcon.colcon_core.package_discovery:discover_packages(path) discover
[0.280s] Level 1:colcon.colcon_core.package_discovery:discover_packages(path) using defaults
[0.298s] Level 1:colcon.colcon_core.package_discovery:discover_packages(prefix_path) check parameters
[0.298s] Level 1:colcon.colcon_core.package_discovery:discover_packages(prefix_path) discover
[0.300s] DEBUG:colcon.colcon_installed_package_information.package_discovery:Found 296 installed packages in /opt/ros/humble
[0.301s] Level 1:colcon.colcon_core.package_discovery:discover_packages(prefix_path) using defaults
[0.323s] Level 5:colcon.colcon_core.verb:set package 'njord_tasks' build argument 'cmake_args' from command line to 'None'
[0.323s] Level 5:colcon.colcon_core.verb:set package 'njord_tasks' build argument 'cmake_target' from command line to 'None'
[0.323s] Level 5:colcon.colcon_core.verb:set package 'njord_tasks' build argument 'cmake_target_skip_unavailable' from command line to 'False'
[0.323s] Level 5:colcon.colcon_core.verb:set package 'njord_tasks' build argument 'cmake_clean_cache' from command line to 'False'
[0.323s] Level 5:colcon.colcon_core.verb:set package 'njord_tasks' build argument 'cmake_clean_first' from command line to 'False'
[0.323s] Level 5:colcon.colcon_core.verb:set package 'njord_tasks' build argument 'cmake_force_configure' from command line to 'False'
[0.323s] Level 5:colcon.colcon_core.verb:set package 'njord_tasks' build argument 'ament_cmake_args' from command line to 'None'
[0.323s] Level 5:colcon.colcon_core.verb:set package 'njord_tasks' build argument 'catkin_cmake_args' from command line to 'None'
[0.323s] Level 5:colcon.colcon_core.verb:set package 'njord_tasks' build argument 'catkin_skip_building_tests' from command line to 'False'
[0.323s] DEBUG:colcon.colcon_core.verb:Building package 'njord_tasks' with the following arguments: {'ament_cmake_args': None, 'build_base': '/home/parallels/ros2_ws/src/general/build/njord_tasks', 'catkin_cmake_args': None, 'catkin_skip_building_tests': False, 'cmake_args': None, 'cmake_clean_cache': False, 'cmake_clean_first': False, 'cmake_force_configure': False, 'cmake_target': None, 'cmake_target_skip_unavailable': False, 'install_base': '/home/parallels/ros2_ws/src/general/install/njord_tasks', 'merge_install': False, 'path': '/home/parallels/ros2_ws/src/general/njord_tasks', 'symlink_install': False, 'test_result_base': None}
[0.323s] Level 5:colcon.colcon_core.verb:set package 'perception_interfaces' build argument 'cmake_args' from command line to 'None'
[0.323s] Level 5:colcon.colcon_core.verb:set package 'perception_interfaces' build argument 'cmake_target' from command line to 'None'
[0.323s] Level 5:colcon.colcon_core.verb:set package 'perception_interfaces' build argument 'cmake_target_skip_unavailable' from command line to 'False'
[0.323s] Level 5:colcon.colcon_core.verb:set package 'perception_interfaces' build argument 'cmake_clean_cache' from command line to 'False'
[0.323s] Level 5:colcon.colcon_core.verb:set package 'perception_interfaces' build argument 'cmake_clean_first' from command line to 'False'
[0.323s] Level 5:colcon.colcon_core.verb:set package 'perception_interfaces' build argument 'cmake_force_configure' from command line to 'False'
[0.323s] Level 5:colcon.colcon_core.verb:set package 'perception_interfaces' build argument 'ament_cmake_args' from command line to 'None'
[0.323s] Level 5:colcon.colcon_core.verb:set package 'perception_interfaces' build argument 'catkin_cmake_args' from command line to 'None'
[0.323s] Level 5:colcon.colcon_core.verb:set package 'perception_interfaces' build argument 'catkin_skip_building_tests' from command line to 'False'
[0.323s] DEBUG:colcon.colcon_core.verb:Building package 'perception_interfaces' with the following arguments: {'ament_cmake_args': None, 'build_base': '/home/parallels/ros2_ws/src/general/build/perception_interfaces', 'catkin_cmake_args': None, 'catkin_skip_building_tests': False, 'cmake_args': None, 'cmake_clean_cache': False, 'cmake_clean_first': False, 'cmake_force_configure': False, 'cmake_target': None, 'cmake_target_skip_unavailable': False, 'install_base': '/home/parallels/ros2_ws/src/general/install/perception_interfaces', 'merge_install': False, 'path': '/home/parallels/ros2_ws/src/general/perception_interfaces', 'symlink_install': False, 'test_result_base': None}
[0.323s] Level 5:colcon.colcon_core.verb:set package 'slg_msgs' build argument 'cmake_args' from command line to 'None'
[0.323s] Level 5:colcon.colcon_core.verb:set package 'slg_msgs' build argument 'cmake_target' from command line to 'None'
[0.323s] Level 5:colcon.colcon_core.verb:set package 'slg_msgs' build argument 'cmake_target_skip_unavailable' from command line to 'False'
[0.323s] Level 5:colcon.colcon_core.verb:set package 'slg_msgs' build argument 'cmake_clean_cache' from command line to 'False'
[0.323s] Level 5:colcon.colcon_core.verb:set package 'slg_msgs' build argument 'cmake_clean_first' from command line to 'False'
[0.323s] Level 5:colcon.colcon_core.verb:set package 'slg_msgs' build argument 'cmake_force_configure' from command line to 'False'
[0.323s] Level 5:colcon.colcon_core.verb:set package 'slg_msgs' build argument 'ament_cmake_args' from command line to 'None'
[0.323s] Level 5:colcon.colcon_core.verb:set package 'slg_msgs' build argument 'catkin_cmake_args' from command line to 'None'
[0.323s] Level 5:colcon.colcon_core.verb:set package 'slg_msgs' build argument 'catkin_skip_building_tests' from command line to 'False'
[0.323s] DEBUG:colcon.colcon_core.verb:Building package 'slg_msgs' with the following arguments: {'ament_cmake_args': None, 'build_base': '/home/parallels/ros2_ws/src/general/build/slg_msgs', 'catkin_cmake_args': None, 'catkin_skip_building_tests': False, 'cmake_args': None, 'cmake_clean_cache': False, 'cmake_clean_first': False, 'cmake_force_configure': False, 'cmake_target': None, 'cmake_target_skip_unavailable': False, 'install_base': '/home/parallels/ros2_ws/src/general/install/slg_msgs', 'merge_install': False, 'path': '/home/parallels/ros2_ws/src/general/laser_segmentation/slg_msgs', 'symlink_install': False, 'test_result_base': None}
[0.323s] Level 5:colcon.colcon_core.verb:set package 'laser_segmentation' build argument 'cmake_args' from command line to 'None'
[0.323s] Level 5:colcon.colcon_core.verb:set package 'laser_segmentation' build argument 'cmake_target' from command line to 'None'
[0.323s] Level 5:colcon.colcon_core.verb:set package 'laser_segmentation' build argument 'cmake_target_skip_unavailable' from command line to 'False'
[0.323s] Level 5:colcon.colcon_core.verb:set package 'laser_segmentation' build argument 'cmake_clean_cache' from command line to 'False'
[0.323s] Level 5:colcon.colcon_core.verb:set package 'laser_segmentation' build argument 'cmake_clean_first' from command line to 'False'
[0.323s] Level 5:colcon.colcon_core.verb:set package 'laser_segmentation' build argument 'cmake_force_configure' from command line to 'False'
[0.324s] Level 5:colcon.colcon_core.verb:set package 'laser_segmentation' build argument 'ament_cmake_args' from command line to 'None'
[0.324s] Level 5:colcon.colcon_core.verb:set package 'laser_segmentation' build argument 'catkin_cmake_args' from command line to 'None'
[0.324s] Level 5:colcon.colcon_core.verb:set package 'laser_segmentation' build argument 'catkin_skip_building_tests' from command line to 'False'
[0.324s] DEBUG:colcon.colcon_core.verb:Building package 'laser_segmentation' with the following arguments: {'ament_cmake_args': None, 'build_base': '/home/parallels/ros2_ws/src/general/build/laser_segmentation', 'catkin_cmake_args': None, 'catkin_skip_building_tests': False, 'cmake_args': None, 'cmake_clean_cache': False, 'cmake_clean_first': False, 'cmake_force_configure': False, 'cmake_target': None, 'cmake_target_skip_unavailable': False, 'install_base': '/home/parallels/ros2_ws/src/general/install/laser_segmentation', 'merge_install': False, 'path': '/home/parallels/ros2_ws/src/general/laser_segmentation/laser_segmentation', 'symlink_install': False, 'test_result_base': None}
[0.324s] Level 5:colcon.colcon_core.verb:set package 'perception' build argument 'cmake_args' from command line to 'None'
[0.324s] Level 5:colcon.colcon_core.verb:set package 'perception' build argument 'cmake_target' from command line to 'None'
[0.324s] Level 5:colcon.colcon_core.verb:set package 'perception' build argument 'cmake_target_skip_unavailable' from command line to 'False'
[0.324s] Level 5:colcon.colcon_core.verb:set package 'perception' build argument 'cmake_clean_cache' from command line to 'False'
[0.324s] Level 5:colcon.colcon_core.verb:set package 'perception' build argument 'cmake_clean_first' from command line to 'False'
[0.324s] Level 5:colcon.colcon_core.verb:set package 'perception' build argument 'cmake_force_configure' from command line to 'False'
[0.324s] Level 5:colcon.colcon_core.verb:set package 'perception' build argument 'ament_cmake_args' from command line to 'None'
[0.324s] Level 5:colcon.colcon_core.verb:set package 'perception' build argument 'catkin_cmake_args' from command line to 'None'
[0.324s] Level 5:colcon.colcon_core.verb:set package 'perception' build argument 'catkin_skip_building_tests' from command line to 'False'
[0.324s] DEBUG:colcon.colcon_core.verb:Building package 'perception' with the following arguments: {'ament_cmake_args': None, 'build_base': '/home/parallels/ros2_ws/src/general/build/perception', 'catkin_cmake_args': None, 'catkin_skip_building_tests': False, 'cmake_args': None, 'cmake_clean_cache': False, 'cmake_clean_first': False, 'cmake_force_configure': False, 'cmake_target': None, 'cmake_target_skip_unavailable': False, 'install_base': '/home/parallels/ros2_ws/src/general/install/perception', 'merge_install': False, 'path': '/home/parallels/ros2_ws/src/general/perception', 'symlink_install': False, 'test_result_base': None}
[0.324s] INFO:colcon.colcon_core.executor:Executing jobs using 'parallel' executor
[0.324s] DEBUG:colcon.colcon_parallel_executor.executor.parallel:run_until_complete
[0.325s] INFO:colcon.colcon_ros.task.ament_cmake.build:Building ROS package in '/home/parallels/ros2_ws/src/general/laser_segmentation/slg_msgs' with build type 'ament_cmake'
[0.325s] INFO:colcon.colcon_cmake.task.cmake.build:Building CMake package in '/home/parallels/ros2_ws/src/general/laser_segmentation/slg_msgs'
[0.328s] INFO:colcon.colcon_core.plugin_system:Skipping extension 'colcon_core.shell.bat': Not used on non-Windows systems
[0.328s] INFO:colcon.colcon_core.shell:Skip shell extension 'powershell' for command environment: Not usable outside of PowerShell
[0.328s] DEBUG:colcon.colcon_core.shell:Skip shell extension 'dsv' for command environment
[0.330s] INFO:colcon.colcon_ros.task.ament_cmake.build:Building ROS package in '/home/parallels/ros2_ws/src/general/perception_interfaces' with build type 'ament_cmake'
[0.330s] INFO:colcon.colcon_cmake.task.cmake.build:Building CMake package in '/home/parallels/ros2_ws/src/general/perception_interfaces'
[0.330s] INFO:colcon.colcon_core.shell:Skip shell extension 'powershell' for command environment: Not usable outside of PowerShell
[0.330s] DEBUG:colcon.colcon_core.shell:Skip shell extension 'dsv' for command environment
[0.333s] DEBUG:colcon.colcon_core.event_handler.log_command:Invoking command in '/home/parallels/ros2_ws/src/general/build/slg_msgs': CMAKE_PREFIX_PATH=/opt/ros/humble /usr/bin/cmake /home/parallels/ros2_ws/src/general/laser_segmentation/slg_msgs -DCMAKE_INSTALL_PREFIX=/home/parallels/ros2_ws/src/general/install/slg_msgs
[0.335s] DEBUG:colcon.colcon_core.event_handler.log_command:Invoking command in '/home/parallels/ros2_ws/src/general/build/perception_interfaces': CMAKE_PREFIX_PATH=/opt/ros/humble /usr/bin/cmake /home/parallels/ros2_ws/src/general/perception_interfaces -DCMAKE_INSTALL_PREFIX=/home/parallels/ros2_ws/src/general/install/perception_interfaces
[1.523s] DEBUG:colcon.colcon_core.event_handler.log_command:Invoked command in '/home/parallels/ros2_ws/src/general/build/perception_interfaces' returned '0': CMAKE_PREFIX_PATH=/opt/ros/humble /usr/bin/cmake /home/parallels/ros2_ws/src/general/perception_interfaces -DCMAKE_INSTALL_PREFIX=/home/parallels/ros2_ws/src/general/install/perception_interfaces
[1.523s] DEBUG:colcon.colcon_core.event_handler.log_command:Invoking command in '/home/parallels/ros2_ws/src/general/build/perception_interfaces': CMAKE_PREFIX_PATH=/opt/ros/humble /usr/bin/cmake --build /home/parallels/ros2_ws/src/general/build/perception_interfaces -- -j2 -l2
[1.772s] DEBUG:colcon.colcon_core.event_handler.log_command:Invoked command in '/home/parallels/ros2_ws/src/general/build/slg_msgs' returned '0': CMAKE_PREFIX_PATH=/opt/ros/humble /usr/bin/cmake /home/parallels/ros2_ws/src/general/laser_segmentation/slg_msgs -DCMAKE_INSTALL_PREFIX=/home/parallels/ros2_ws/src/general/install/slg_msgs
[1.772s] DEBUG:colcon.colcon_core.event_handler.log_command:Invoking command in '/home/parallels/ros2_ws/src/general/build/slg_msgs': CMAKE_PREFIX_PATH=/opt/ros/humble /usr/bin/cmake --build /home/parallels/ros2_ws/src/general/build/slg_msgs -- -j2 -l2
[8.200s] DEBUG:colcon.colcon_core.event_handler.log_command:Invoked command in '/home/parallels/ros2_ws/src/general/build/perception_interfaces' returned '0': CMAKE_PREFIX_PATH=/opt/ros/humble /usr/bin/cmake --build /home/parallels/ros2_ws/src/general/build/perception_interfaces -- -j2 -l2
[8.477s] DEBUG:colcon.colcon_core.event_handler.log_command:Invoking command in '/home/parallels/ros2_ws/src/general/build/perception_interfaces': CMAKE_PREFIX_PATH=/opt/ros/humble /usr/bin/cmake --install /home/parallels/ros2_ws/src/general/build/perception_interfaces
[8.515s] Level 1:colcon.colcon_core.environment:create_environment_scripts_only(perception_interfaces)
[8.516s] DEBUG:colcon.colcon_core.event_handler.log_command:Invoked command in '/home/parallels/ros2_ws/src/general/build/perception_interfaces' returned '0': CMAKE_PREFIX_PATH=/opt/ros/humble /usr/bin/cmake --install /home/parallels/ros2_ws/src/general/build/perception_interfaces
[8.521s] Level 1:colcon.colcon_core.environment:checking '/home/parallels/ros2_ws/src/general/install/perception_interfaces' for CMake module files
[8.522s] Level 1:colcon.colcon_core.environment:checking '/home/parallels/ros2_ws/src/general/install/perception_interfaces' for CMake config files
[8.522s] Level 1:colcon.colcon_core.shell:create_environment_hook('perception_interfaces', 'cmake_prefix_path')
[8.522s] INFO:colcon.colcon_core.shell:Creating environment hook '/home/parallels/ros2_ws/src/general/install/perception_interfaces/share/perception_interfaces/hook/cmake_prefix_path.ps1'
[8.523s] INFO:colcon.colcon_core.shell:Creating environment descriptor '/home/parallels/ros2_ws/src/general/install/perception_interfaces/share/perception_interfaces/hook/cmake_prefix_path.dsv'
[8.524s] INFO:colcon.colcon_core.shell:Creating environment hook '/home/parallels/ros2_ws/src/general/install/perception_interfaces/share/perception_interfaces/hook/cmake_prefix_path.sh'
[8.524s] Level 1:colcon.colcon_core.environment:checking '/home/parallels/ros2_ws/src/general/install/perception_interfaces/lib'
[8.524s] Level 1:colcon.colcon_core.shell:create_environment_hook('perception_interfaces', 'ld_library_path_lib')
[8.524s] INFO:colcon.colcon_core.shell:Creating environment hook '/home/parallels/ros2_ws/src/general/install/perception_interfaces/share/perception_interfaces/hook/ld_library_path_lib.ps1'
[8.525s] INFO:colcon.colcon_core.shell:Creating environment descriptor '/home/parallels/ros2_ws/src/general/install/perception_interfaces/share/perception_interfaces/hook/ld_library_path_lib.dsv'
[8.525s] INFO:colcon.colcon_core.shell:Creating environment hook '/home/parallels/ros2_ws/src/general/install/perception_interfaces/share/perception_interfaces/hook/ld_library_path_lib.sh'
[8.525s] Level 1:colcon.colcon_core.environment:checking '/home/parallels/ros2_ws/src/general/install/perception_interfaces/bin'
[8.525s] Level 1:colcon.colcon_core.environment:checking '/home/parallels/ros2_ws/src/general/install/perception_interfaces/lib/pkgconfig/perception_interfaces.pc'
[8.525s] Level 1:colcon.colcon_core.environment:checking '/home/parallels/ros2_ws/src/general/install/perception_interfaces/lib/python3.10/site-packages'
[8.525s] Level 1:colcon.colcon_core.environment:checking '/home/parallels/ros2_ws/src/general/install/perception_interfaces/bin'
[8.525s] INFO:colcon.colcon_core.shell:Creating package script '/home/parallels/ros2_ws/src/general/install/perception_interfaces/share/perception_interfaces/package.ps1'
[8.526s] INFO:colcon.colcon_core.shell:Creating package descriptor '/home/parallels/ros2_ws/src/general/install/perception_interfaces/share/perception_interfaces/package.dsv'
[8.526s] INFO:colcon.colcon_core.shell:Creating package script '/home/parallels/ros2_ws/src/general/install/perception_interfaces/share/perception_interfaces/package.sh'
[8.526s] INFO:colcon.colcon_core.shell:Creating package script '/home/parallels/ros2_ws/src/general/install/perception_interfaces/share/perception_interfaces/package.bash'
[8.527s] INFO:colcon.colcon_core.shell:Creating package script '/home/parallels/ros2_ws/src/general/install/perception_interfaces/share/perception_interfaces/package.zsh'
[8.528s] Level 1:colcon.colcon_core.environment:create_file_with_runtime_dependencies(/home/parallels/ros2_ws/src/general/install/perception_interfaces/share/colcon-core/packages/perception_interfaces)
[8.802s] Level 1:colcon.colcon_core.environment:create_environment_scripts_only(perception_interfaces)
[8.802s] Level 1:colcon.colcon_core.environment:checking '/home/parallels/ros2_ws/src/general/install/perception_interfaces' for CMake module files
[8.802s] Level 1:colcon.colcon_core.environment:checking '/home/parallels/ros2_ws/src/general/install/perception_interfaces' for CMake config files
[8.803s] Level 1:colcon.colcon_core.shell:create_environment_hook('perception_interfaces', 'cmake_prefix_path')
[8.803s] INFO:colcon.colcon_core.shell:Creating environment hook '/home/parallels/ros2_ws/src/general/install/perception_interfaces/share/perception_interfaces/hook/cmake_prefix_path.ps1'
[8.803s] INFO:colcon.colcon_core.shell:Creating environment descriptor '/home/parallels/ros2_ws/src/general/install/perception_interfaces/share/perception_interfaces/hook/cmake_prefix_path.dsv'
[8.803s] INFO:colcon.colcon_core.shell:Creating environment hook '/home/parallels/ros2_ws/src/general/install/perception_interfaces/share/perception_interfaces/hook/cmake_prefix_path.sh'
[8.803s] Level 1:colcon.colcon_core.environment:checking '/home/parallels/ros2_ws/src/general/install/perception_interfaces/lib'
[8.803s] Level 1:colcon.colcon_core.shell:create_environment_hook('perception_interfaces', 'ld_library_path_lib')
[8.804s] INFO:colcon.colcon_core.shell:Creating environment hook '/home/parallels/ros2_ws/src/general/install/perception_interfaces/share/perception_interfaces/hook/ld_library_path_lib.ps1'
[8.804s] INFO:colcon.colcon_core.shell:Creating environment descriptor '/home/parallels/ros2_ws/src/general/install/perception_interfaces/share/perception_interfaces/hook/ld_library_path_lib.dsv'
[8.804s] INFO:colcon.colcon_core.shell:Creating environment hook '/home/parallels/ros2_ws/src/general/install/perception_interfaces/share/perception_interfaces/hook/ld_library_path_lib.sh'
[8.804s] Level 1:colcon.colcon_core.environment:checking '/home/parallels/ros2_ws/src/general/install/perception_interfaces/bin'
[8.804s] Level 1:colcon.colcon_core.environment:checking '/home/parallels/ros2_ws/src/general/install/perception_interfaces/lib/pkgconfig/perception_interfaces.pc'
[8.804s] Level 1:colcon.colcon_core.environment:checking '/home/parallels/ros2_ws/src/general/install/perception_interfaces/lib/python3.10/site-packages'
[8.804s] Level 1:colcon.colcon_core.environment:checking '/home/parallels/ros2_ws/src/general/install/perception_interfaces/bin'
[8.804s] INFO:colcon.colcon_core.shell:Creating package script '/home/parallels/ros2_ws/src/general/install/perception_interfaces/share/perception_interfaces/package.ps1'
[8.805s] INFO:colcon.colcon_core.shell:Creating package descriptor '/home/parallels/ros2_ws/src/general/install/perception_interfaces/share/perception_interfaces/package.dsv'
[8.805s] INFO:colcon.colcon_core.shell:Creating package script '/home/parallels/ros2_ws/src/general/install/perception_interfaces/share/perception_interfaces/package.sh'
[8.805s] INFO:colcon.colcon_core.shell:Creating package script '/home/parallels/ros2_ws/src/general/install/perception_interfaces/share/perception_interfaces/package.bash'
[8.805s] INFO:colcon.colcon_core.shell:Creating package script '/home/parallels/ros2_ws/src/general/install/perception_interfaces/share/perception_interfaces/package.zsh'
[8.805s] Level 1:colcon.colcon_core.environment:create_file_with_runtime_dependencies(/home/parallels/ros2_ws/src/general/install/perception_interfaces/share/colcon-core/packages/perception_interfaces)
[8.806s] INFO:colcon.colcon_ros.task.ament_cmake.build:Building ROS package in '/home/parallels/ros2_ws/src/general/njord_tasks' with build type 'ament_cmake'
[8.806s] INFO:colcon.colcon_cmake.task.cmake.build:Building CMake package in '/home/parallels/ros2_ws/src/general/njord_tasks'
[8.806s] INFO:colcon.colcon_core.shell:Skip shell extension 'powershell' for command environment: Not usable outside of PowerShell
[8.806s] DEBUG:colcon.colcon_core.shell:Skip shell extension 'dsv' for command environment
[8.840s] DEBUG:colcon.colcon_core.event_handler.log_command:Invoking command in '/home/parallels/ros2_ws/src/general/build/njord_tasks': CMAKE_PREFIX_PATH=/opt/ros/humble /usr/bin/cmake /home/parallels/ros2_ws/src/general/njord_tasks -DCMAKE_INSTALL_PREFIX=/home/parallels/ros2_ws/src/general/install/njord_tasks
[9.695s] DEBUG:colcon.colcon_core.event_handler.log_command:Invoked command in '/home/parallels/ros2_ws/src/general/build/njord_tasks' returned '0': CMAKE_PREFIX_PATH=/opt/ros/humble /usr/bin/cmake /home/parallels/ros2_ws/src/general/njord_tasks -DCMAKE_INSTALL_PREFIX=/home/parallels/ros2_ws/src/general/install/njord_tasks
[9.695s] DEBUG:colcon.colcon_core.event_handler.log_command:Invoking command in '/home/parallels/ros2_ws/src/general/build/njord_tasks': CMAKE_PREFIX_PATH=/opt/ros/humble /usr/bin/cmake --build /home/parallels/ros2_ws/src/general/build/njord_tasks -- -j2 -l2
[9.749s] DEBUG:colcon.colcon_core.event_handler.log_command:Invoked command in '/home/parallels/ros2_ws/src/general/build/njord_tasks' returned '0': CMAKE_PREFIX_PATH=/opt/ros/humble /usr/bin/cmake --build /home/parallels/ros2_ws/src/general/build/njord_tasks -- -j2 -l2
[9.870s] DEBUG:colcon.colcon_core.event_handler.log_command:Invoking command in '/home/parallels/ros2_ws/src/general/build/njord_tasks': CMAKE_PREFIX_PATH=/opt/ros/humble /usr/bin/cmake --install /home/parallels/ros2_ws/src/general/build/njord_tasks
[9.885s] Level 1:colcon.colcon_core.environment:create_environment_scripts_only(njord_tasks)
[9.886s] Level 1:colcon.colcon_core.environment:checking '/home/parallels/ros2_ws/src/general/install/njord_tasks' for CMake module files
[9.886s] Level 1:colcon.colcon_core.environment:checking '/home/parallels/ros2_ws/src/general/install/njord_tasks' for CMake config files
[9.886s] Level 1:colcon.colcon_core.shell:create_environment_hook('njord_tasks', 'cmake_prefix_path')
[9.886s] INFO:colcon.colcon_core.shell:Creating environment hook '/home/parallels/ros2_ws/src/general/install/njord_tasks/share/njord_tasks/hook/cmake_prefix_path.ps1'
[9.886s] INFO:colcon.colcon_core.shell:Creating environment descriptor '/home/parallels/ros2_ws/src/general/install/njord_tasks/share/njord_tasks/hook/cmake_prefix_path.dsv'
[9.886s] INFO:colcon.colcon_core.shell:Creating environment hook '/home/parallels/ros2_ws/src/general/install/njord_tasks/share/njord_tasks/hook/cmake_prefix_path.sh'
[9.886s] Level 1:colcon.colcon_core.environment:checking '/home/parallels/ros2_ws/src/general/install/njord_tasks/bin'
[9.886s] Level 1:colcon.colcon_core.environment:checking '/home/parallels/ros2_ws/src/general/install/njord_tasks/lib/pkgconfig/njord_tasks.pc'
[9.887s] Level 1:colcon.colcon_core.environment:checking '/home/parallels/ros2_ws/src/general/install/njord_tasks/lib/python3.10/site-packages'
[9.887s] Level 1:colcon.colcon_core.environment:checking '/home/parallels/ros2_ws/src/general/install/njord_tasks/bin'
[9.887s] INFO:colcon.colcon_core.shell:Creating package script '/home/parallels/ros2_ws/src/general/install/njord_tasks/share/njord_tasks/package.ps1'
[9.887s] INFO:colcon.colcon_core.shell:Creating package descriptor '/home/parallels/ros2_ws/src/general/install/njord_tasks/share/njord_tasks/package.dsv'
[9.887s] INFO:colcon.colcon_core.shell:Creating package script '/home/parallels/ros2_ws/src/general/install/njord_tasks/share/njord_tasks/package.sh'
[9.887s] INFO:colcon.colcon_core.shell:Creating package script '/home/parallels/ros2_ws/src/general/install/njord_tasks/share/njord_tasks/package.bash'
[9.887s] DEBUG:colcon.colcon_core.event_handler.log_command:Invoked command in '/home/parallels/ros2_ws/src/general/build/njord_tasks' returned '0': CMAKE_PREFIX_PATH=/opt/ros/humble /usr/bin/cmake --install /home/parallels/ros2_ws/src/general/build/njord_tasks
[9.887s] INFO:colcon.colcon_core.shell:Creating package script '/home/parallels/ros2_ws/src/general/install/njord_tasks/share/njord_tasks/package.zsh'
[9.887s] Level 1:colcon.colcon_core.environment:create_file_with_runtime_dependencies(/home/parallels/ros2_ws/src/general/install/njord_tasks/share/colcon-core/packages/njord_tasks)
[10.053s] Level 1:colcon.colcon_core.environment:create_environment_scripts_only(njord_tasks)
[10.053s] Level 1:colcon.colcon_core.environment:checking '/home/parallels/ros2_ws/src/general/install/njord_tasks' for CMake module files
[10.053s] Level 1:colcon.colcon_core.environment:checking '/home/parallels/ros2_ws/src/general/install/njord_tasks' for CMake config files
[10.053s] Level 1:colcon.colcon_core.shell:create_environment_hook('njord_tasks', 'cmake_prefix_path')
[10.053s] INFO:colcon.colcon_core.shell:Creating environment hook '/home/parallels/ros2_ws/src/general/install/njord_tasks/share/njord_tasks/hook/cmake_prefix_path.ps1'
[10.054s] INFO:colcon.colcon_core.shell:Creating environment descriptor '/home/parallels/ros2_ws/src/general/install/njord_tasks/share/njord_tasks/hook/cmake_prefix_path.dsv'
[10.054s] INFO:colcon.colcon_core.shell:Creating environment hook '/home/parallels/ros2_ws/src/general/install/njord_tasks/share/njord_tasks/hook/cmake_prefix_path.sh'
[10.054s] Level 1:colcon.colcon_core.environment:checking '/home/parallels/ros2_ws/src/general/install/njord_tasks/bin'
[10.054s] Level 1:colcon.colcon_core.environment:checking '/home/parallels/ros2_ws/src/general/install/njord_tasks/lib/pkgconfig/njord_tasks.pc'
[10.054s] Level 1:colcon.colcon_core.environment:checking '/home/parallels/ros2_ws/src/general/install/njord_tasks/lib/python3.10/site-packages'
[10.054s] Level 1:colcon.colcon_core.environment:checking '/home/parallels/ros2_ws/src/general/install/njord_tasks/bin'
[10.054s] INFO:colcon.colcon_core.shell:Creating package script '/home/parallels/ros2_ws/src/general/install/njord_tasks/share/njord_tasks/package.ps1'
[10.055s] INFO:colcon.colcon_core.shell:Creating package descriptor '/home/parallels/ros2_ws/src/general/install/njord_tasks/share/njord_tasks/package.dsv'
[10.055s] INFO:colcon.colcon_core.shell:Creating package script '/home/parallels/ros2_ws/src/general/install/njord_tasks/share/njord_tasks/package.sh'
[10.055s] INFO:colcon.colcon_core.shell:Creating package script '/home/parallels/ros2_ws/src/general/install/njord_tasks/share/njord_tasks/package.bash'
[10.055s] INFO:colcon.colcon_core.shell:Creating package script '/home/parallels/ros2_ws/src/general/install/njord_tasks/share/njord_tasks/package.zsh'
[10.055s] Level 1:colcon.colcon_core.environment:create_file_with_runtime_dependencies(/home/parallels/ros2_ws/src/general/install/njord_tasks/share/colcon-core/packages/njord_tasks)
[12.511s] DEBUG:colcon.colcon_core.event_handler.log_command:Invoked command in '/home/parallels/ros2_ws/src/general/build/slg_msgs' returned '0': CMAKE_PREFIX_PATH=/opt/ros/humble /usr/bin/cmake --build /home/parallels/ros2_ws/src/general/build/slg_msgs -- -j2 -l2
[12.539s] DEBUG:colcon.colcon_core.event_handler.log_command:Invoking command in '/home/parallels/ros2_ws/src/general/build/slg_msgs': CMAKE_PREFIX_PATH=/opt/ros/humble /usr/bin/cmake --install /home/parallels/ros2_ws/src/general/build/slg_msgs
[12.568s] Level 1:colcon.colcon_core.environment:create_environment_scripts_only(slg_msgs)
[12.569s] Level 1:colcon.colcon_core.environment:checking '/home/parallels/ros2_ws/src/general/install/slg_msgs' for CMake module files
[12.569s] Level 1:colcon.colcon_core.environment:checking '/home/parallels/ros2_ws/src/general/install/slg_msgs' for CMake config files
[12.569s] Level 1:colcon.colcon_core.shell:create_environment_hook('slg_msgs', 'cmake_prefix_path')
[12.569s] INFO:colcon.colcon_core.shell:Creating environment hook '/home/parallels/ros2_ws/src/general/install/slg_msgs/share/slg_msgs/hook/cmake_prefix_path.ps1'
[12.569s] DEBUG:colcon.colcon_core.event_handler.log_command:Invoked command in '/home/parallels/ros2_ws/src/general/build/slg_msgs' returned '0': CMAKE_PREFIX_PATH=/opt/ros/humble /usr/bin/cmake --install /home/parallels/ros2_ws/src/general/build/slg_msgs
[12.569s] INFO:colcon.colcon_core.shell:Creating environment descriptor '/home/parallels/ros2_ws/src/general/install/slg_msgs/share/slg_msgs/hook/cmake_prefix_path.dsv'
[12.570s] INFO:colcon.colcon_core.shell:Creating environment hook '/home/parallels/ros2_ws/src/general/install/slg_msgs/share/slg_msgs/hook/cmake_prefix_path.sh'
[12.570s] Level 1:colcon.colcon_core.environment:checking '/home/parallels/ros2_ws/src/general/install/slg_msgs/lib'
[12.570s] Level 1:colcon.colcon_core.shell:create_environment_hook('slg_msgs', 'ld_library_path_lib')
[12.570s] INFO:colcon.colcon_core.shell:Creating environment hook '/home/parallels/ros2_ws/src/general/install/slg_msgs/share/slg_msgs/hook/ld_library_path_lib.ps1'
[12.571s] INFO:colcon.colcon_core.shell:Creating environment descriptor '/home/parallels/ros2_ws/src/general/install/slg_msgs/share/slg_msgs/hook/ld_library_path_lib.dsv'
[12.571s] INFO:colcon.colcon_core.shell:Creating environment hook '/home/parallels/ros2_ws/src/general/install/slg_msgs/share/slg_msgs/hook/ld_library_path_lib.sh'
[12.571s] Level 1:colcon.colcon_core.environment:checking '/home/parallels/ros2_ws/src/general/install/slg_msgs/bin'
[12.571s] Level 1:colcon.colcon_core.environment:checking '/home/parallels/ros2_ws/src/general/install/slg_msgs/lib/pkgconfig/slg_msgs.pc'
[12.571s] Level 1:colcon.colcon_core.environment:checking '/home/parallels/ros2_ws/src/general/install/slg_msgs/lib/python3.10/site-packages'
[12.571s] Level 1:colcon.colcon_core.environment:checking '/home/parallels/ros2_ws/src/general/install/slg_msgs/bin'
[12.571s] INFO:colcon.colcon_core.shell:Creating package script '/home/parallels/ros2_ws/src/general/install/slg_msgs/share/slg_msgs/package.ps1'
[12.571s] INFO:colcon.colcon_core.shell:Creating package descriptor '/home/parallels/ros2_ws/src/general/install/slg_msgs/share/slg_msgs/package.dsv'
[12.572s] INFO:colcon.colcon_core.shell:Creating package script '/home/parallels/ros2_ws/src/general/install/slg_msgs/share/slg_msgs/package.sh'
[12.572s] INFO:colcon.colcon_core.shell:Creating package script '/home/parallels/ros2_ws/src/general/install/slg_msgs/share/slg_msgs/package.bash'
[12.572s] INFO:colcon.colcon_core.shell:Creating package script '/home/parallels/ros2_ws/src/general/install/slg_msgs/share/slg_msgs/package.zsh'
[12.572s] Level 1:colcon.colcon_core.environment:create_file_with_runtime_dependencies(/home/parallels/ros2_ws/src/general/install/slg_msgs/share/colcon-core/packages/slg_msgs)
[12.604s] Level 1:colcon.colcon_core.environment:create_environment_scripts_only(slg_msgs)
[12.604s] Level 1:colcon.colcon_core.environment:checking '/home/parallels/ros2_ws/src/general/install/slg_msgs' for CMake module files
[12.604s] Level 1:colcon.colcon_core.environment:checking '/home/parallels/ros2_ws/src/general/install/slg_msgs' for CMake config files
[12.604s] Level 1:colcon.colcon_core.shell:create_environment_hook('slg_msgs', 'cmake_prefix_path')
[12.604s] INFO:colcon.colcon_core.shell:Creating environment hook '/home/parallels/ros2_ws/src/general/install/slg_msgs/share/slg_msgs/hook/cmake_prefix_path.ps1'
[12.605s] INFO:colcon.colcon_core.shell:Creating environment descriptor '/home/parallels/ros2_ws/src/general/install/slg_msgs/share/slg_msgs/hook/cmake_prefix_path.dsv'
[12.605s] INFO:colcon.colcon_core.shell:Creating environment hook '/home/parallels/ros2_ws/src/general/install/slg_msgs/share/slg_msgs/hook/cmake_prefix_path.sh'
[12.605s] Level 1:colcon.colcon_core.environment:checking '/home/parallels/ros2_ws/src/general/install/slg_msgs/lib'
[12.605s] Level 1:colcon.colcon_core.shell:create_environment_hook('slg_msgs', 'ld_library_path_lib')
[12.605s] INFO:colcon.colcon_core.shell:Creating environment hook '/home/parallels/ros2_ws/src/general/install/slg_msgs/share/slg_msgs/hook/ld_library_path_lib.ps1'
[12.605s] INFO:colcon.colcon_core.shell:Creating environment descriptor '/home/parallels/ros2_ws/src/general/install/slg_msgs/share/slg_msgs/hook/ld_library_path_lib.dsv'
[12.605s] INFO:colcon.colcon_core.shell:Creating environment hook '/home/parallels/ros2_ws/src/general/install/slg_msgs/share/slg_msgs/hook/ld_library_path_lib.sh'
[12.605s] Level 1:colcon.colcon_core.environment:checking '/home/parallels/ros2_ws/src/general/install/slg_msgs/bin'
[12.605s] Level 1:colcon.colcon_core.environment:checking '/home/parallels/ros2_ws/src/general/install/slg_msgs/lib/pkgconfig/slg_msgs.pc'
[12.606s] Level 1:colcon.colcon_core.environment:checking '/home/parallels/ros2_ws/src/general/install/slg_msgs/lib/python3.10/site-packages'
[12.606s] Level 1:colcon.colcon_core.environment:checking '/home/parallels/ros2_ws/src/general/install/slg_msgs/bin'
[12.606s] INFO:colcon.colcon_core.shell:Creating package script '/home/parallels/ros2_ws/src/general/install/slg_msgs/share/slg_msgs/package.ps1'
[12.606s] INFO:colcon.colcon_core.shell:Creating package descriptor '/home/parallels/ros2_ws/src/general/install/slg_msgs/share/slg_msgs/package.dsv'
[12.606s] INFO:colcon.colcon_core.shell:Creating package script '/home/parallels/ros2_ws/src/general/install/slg_msgs/share/slg_msgs/package.sh'
[12.606s] INFO:colcon.colcon_core.shell:Creating package script '/home/parallels/ros2_ws/src/general/install/slg_msgs/share/slg_msgs/package.bash'
[12.606s] INFO:colcon.colcon_core.shell:Creating package script '/home/parallels/ros2_ws/src/general/install/slg_msgs/share/slg_msgs/package.zsh'
[12.607s] Level 1:colcon.colcon_core.environment:create_file_with_runtime_dependencies(/home/parallels/ros2_ws/src/general/install/slg_msgs/share/colcon-core/packages/slg_msgs)
[12.607s] INFO:colcon.colcon_ros.task.ament_cmake.build:Building ROS package in '/home/parallels/ros2_ws/src/general/laser_segmentation/laser_segmentation' with build type 'ament_cmake'
[12.607s] INFO:colcon.colcon_cmake.task.cmake.build:Building CMake package in '/home/parallels/ros2_ws/src/general/laser_segmentation/laser_segmentation'
[12.607s] INFO:colcon.colcon_core.shell:Skip shell extension 'powershell' for command environment: Not usable outside of PowerShell
[12.607s] DEBUG:colcon.colcon_core.shell:Skip shell extension 'dsv' for command environment
[12.608s] INFO:colcon.colcon_ros.task.ament_cmake.build:Building ROS package in '/home/parallels/ros2_ws/src/general/perception' with build type 'ament_cmake'
[12.608s] INFO:colcon.colcon_cmake.task.cmake.build:Building CMake package in '/home/parallels/ros2_ws/src/general/perception'
[12.608s] INFO:colcon.colcon_core.shell:Skip shell extension 'powershell' for command environment: Not usable outside of PowerShell
[12.608s] DEBUG:colcon.colcon_core.shell:Skip shell extension 'dsv' for command environment
[12.611s] DEBUG:colcon.colcon_core.event_handler.log_command:Invoking command in '/home/parallels/ros2_ws/src/general/build/laser_segmentation': AMENT_PREFIX_PATH=/home/parallels/ros2_ws/src/general/install/slg_msgs:${AMENT_PREFIX_PATH} CMAKE_PREFIX_PATH=/home/parallels/ros2_ws/src/general/install/slg_msgs:/opt/ros/humble LD_LIBRARY_PATH=/home/parallels/ros2_ws/src/general/install/slg_msgs/lib:${LD_LIBRARY_PATH} PYTHONPATH=/home/parallels/ros2_ws/src/general/install/slg_msgs/local/lib/python3.10/dist-packages:${PYTHONPATH} /usr/bin/cmake /home/parallels/ros2_ws/src/general/laser_segmentation/laser_segmentation -DCMAKE_INSTALL_PREFIX=/home/parallels/ros2_ws/src/general/install/laser_segmentation
[12.615s] DEBUG:colcon.colcon_core.event_handler.log_command:Invoking command in '/home/parallels/ros2_ws/src/general/build/perception': AMENT_PREFIX_PATH=/home/parallels/ros2_ws/src/general/install/slg_msgs:/home/parallels/ros2_ws/src/general/install/perception_interfaces:${AMENT_PREFIX_PATH} CMAKE_PREFIX_PATH=/home/parallels/ros2_ws/src/general/install/slg_msgs:/home/parallels/ros2_ws/src/general/install/perception_interfaces:/opt/ros/humble LD_LIBRARY_PATH=/home/parallels/ros2_ws/src/general/install/slg_msgs/lib:/home/parallels/ros2_ws/src/general/install/perception_interfaces/lib:${LD_LIBRARY_PATH} PYTHONPATH=/home/parallels/ros2_ws/src/general/install/slg_msgs/local/lib/python3.10/dist-packages:/home/parallels/ros2_ws/src/general/install/perception_interfaces/local/lib/python3.10/dist-packages:${PYTHONPATH} /usr/bin/cmake /home/parallels/ros2_ws/src/general/perception -DCMAKE_INSTALL_PREFIX=/home/parallels/ros2_ws/src/general/install/perception
[13.658s] DEBUG:colcon.colcon_core.event_handler.log_command:Invoked command in '/home/parallels/ros2_ws/src/general/build/perception' returned '0': AMENT_PREFIX_PATH=/home/parallels/ros2_ws/src/general/install/slg_msgs:/home/parallels/ros2_ws/src/general/install/perception_interfaces:${AMENT_PREFIX_PATH} CMAKE_PREFIX_PATH=/home/parallels/ros2_ws/src/general/install/slg_msgs:/home/parallels/ros2_ws/src/general/install/perception_interfaces:/opt/ros/humble LD_LIBRARY_PATH=/home/parallels/ros2_ws/src/general/install/slg_msgs/lib:/home/parallels/ros2_ws/src/general/install/perception_interfaces/lib:${LD_LIBRARY_PATH} PYTHONPATH=/home/parallels/ros2_ws/src/general/install/slg_msgs/local/lib/python3.10/dist-packages:/home/parallels/ros2_ws/src/general/install/perception_interfaces/local/lib/python3.10/dist-packages:${PYTHONPATH} /usr/bin/cmake /home/parallels/ros2_ws/src/general/perception -DCMAKE_INSTALL_PREFIX=/home/parallels/ros2_ws/src/general/install/perception
[13.658s] DEBUG:colcon.colcon_core.event_handler.log_command:Invoking command in '/home/parallels/ros2_ws/src/general/build/perception': AMENT_PREFIX_PATH=/home/parallels/ros2_ws/src/general/install/slg_msgs:/home/parallels/ros2_ws/src/general/install/perception_interfaces:${AMENT_PREFIX_PATH} CMAKE_PREFIX_PATH=/home/parallels/ros2_ws/src/general/install/slg_msgs:/home/parallels/ros2_ws/src/general/install/perception_interfaces:/opt/ros/humble LD_LIBRARY_PATH=/home/parallels/ros2_ws/src/general/install/slg_msgs/lib:/home/parallels/ros2_ws/src/general/install/perception_interfaces/lib:${LD_LIBRARY_PATH} PYTHONPATH=/home/parallels/ros2_ws/src/general/install/slg_msgs/local/lib/python3.10/dist-packages:/home/parallels/ros2_ws/src/general/install/perception_interfaces/local/lib/python3.10/dist-packages:${PYTHONPATH} /usr/bin/cmake --build /home/parallels/ros2_ws/src/general/build/perception -- -j2 -l2
[13.748s] DEBUG:colcon.colcon_core.event_handler.log_command:Invoked command in '/home/parallels/ros2_ws/src/general/build/laser_segmentation' returned '0': AMENT_PREFIX_PATH=/home/parallels/ros2_ws/src/general/install/slg_msgs:${AMENT_PREFIX_PATH} CMAKE_PREFIX_PATH=/home/parallels/ros2_ws/src/general/install/slg_msgs:/opt/ros/humble LD_LIBRARY_PATH=/home/parallels/ros2_ws/src/general/install/slg_msgs/lib:${LD_LIBRARY_PATH} PYTHONPATH=/home/parallels/ros2_ws/src/general/install/slg_msgs/local/lib/python3.10/dist-packages:${PYTHONPATH} /usr/bin/cmake /home/parallels/ros2_ws/src/general/laser_segmentation/laser_segmentation -DCMAKE_INSTALL_PREFIX=/home/parallels/ros2_ws/src/general/install/laser_segmentation
[13.748s] DEBUG:colcon.colcon_core.event_handler.log_command:Invoking command in '/home/parallels/ros2_ws/src/general/build/laser_segmentation': AMENT_PREFIX_PATH=/home/parallels/ros2_ws/src/general/install/slg_msgs:${AMENT_PREFIX_PATH} CMAKE_PREFIX_PATH=/home/parallels/ros2_ws/src/general/install/slg_msgs:/opt/ros/humble LD_LIBRARY_PATH=/home/parallels/ros2_ws/src/general/install/slg_msgs/lib:${LD_LIBRARY_PATH} PYTHONPATH=/home/parallels/ros2_ws/src/general/install/slg_msgs/local/lib/python3.10/dist-packages:${PYTHONPATH} /usr/bin/cmake --build /home/parallels/ros2_ws/src/general/build/laser_segmentation -- -j2 -l2
[45.964s] DEBUG:colcon.colcon_core.event_handler.log_command:Invoked command in '/home/parallels/ros2_ws/src/general/build/perception' returned '2': AMENT_PREFIX_PATH=/home/parallels/ros2_ws/src/general/install/slg_msgs:/home/parallels/ros2_ws/src/general/install/perception_interfaces:${AMENT_PREFIX_PATH} CMAKE_PREFIX_PATH=/home/parallels/ros2_ws/src/general/install/slg_msgs:/home/parallels/ros2_ws/src/general/install/perception_interfaces:/opt/ros/humble LD_LIBRARY_PATH=/home/parallels/ros2_ws/src/general/install/slg_msgs/lib:/home/parallels/ros2_ws/src/general/install/perception_interfaces/lib:${LD_LIBRARY_PATH} PYTHONPATH=/home/parallels/ros2_ws/src/general/install/slg_msgs/local/lib/python3.10/dist-packages:/home/parallels/ros2_ws/src/general/install/perception_interfaces/local/lib/python3.10/dist-packages:${PYTHONPATH} /usr/bin/cmake --build /home/parallels/ros2_ws/src/general/build/perception -- -j2 -l2
[46.007s] Level 1:colcon.colcon_core.environment:create_environment_scripts_only(perception)
[46.008s] Level 1:colcon.colcon_core.environment:checking '/home/parallels/ros2_ws/src/general/install/perception' for CMake module files
[46.009s] Level 1:colcon.colcon_core.environment:checking '/home/parallels/ros2_ws/src/general/install/perception' for CMake config files
[46.013s] Level 1:colcon.colcon_core.environment:checking '/home/parallels/ros2_ws/src/general/install/perception/bin'
[46.013s] Level 1:colcon.colcon_core.environment:checking '/home/parallels/ros2_ws/src/general/install/perception/lib/pkgconfig/perception.pc'
[46.016s] Level 1:colcon.colcon_core.environment:checking '/home/parallels/ros2_ws/src/general/install/perception/lib/python3.10/site-packages'
[46.016s] Level 1:colcon.colcon_core.environment:checking '/home/parallels/ros2_ws/src/general/install/perception/bin'
[46.016s] INFO:colcon.colcon_core.shell:Creating package script '/home/parallels/ros2_ws/src/general/install/perception/share/perception/package.ps1'
[46.023s] INFO:colcon.colcon_core.shell:Creating package descriptor '/home/parallels/ros2_ws/src/general/install/perception/share/perception/package.dsv'
[46.025s] INFO:colcon.colcon_core.shell:Creating package script '/home/parallels/ros2_ws/src/general/install/perception/share/perception/package.sh'
[46.025s] INFO:colcon.colcon_core.shell:Creating package script '/home/parallels/ros2_ws/src/general/install/perception/share/perception/package.bash'
[46.027s] INFO:colcon.colcon_core.shell:Creating package script '/home/parallels/ros2_ws/src/general/install/perception/share/perception/package.zsh'
[46.028s] Level 1:colcon.colcon_core.environment:create_file_with_runtime_dependencies(/home/parallels/ros2_ws/src/general/install/perception/share/colcon-core/packages/perception)
[48.796s] DEBUG:colcon.colcon_parallel_executor.executor.parallel:closing loop
[48.798s] DEBUG:colcon.colcon_parallel_executor.executor.parallel:loop closed
[48.798s] DEBUG:colcon.colcon_parallel_executor.executor.parallel:run_until_complete finished with '2'
[48.799s] DEBUG:colcon.colcon_core.event_reactor:joining thread
[48.840s] INFO:colcon.colcon_core.plugin_system:Skipping extension 'colcon_notification.desktop_notification.terminal_notifier': Not used on non-Darwin systems
[48.840s] INFO:colcon.colcon_core.plugin_system:Skipping extension 'colcon_notification.desktop_notification.win32': Not used on non-Windows systems
[48.840s] INFO:colcon.colcon_notification.desktop_notification:Sending desktop notification using 'notify2'
[49.049s] DEBUG:colcon.colcon_core.event_reactor:joined thread
[49.052s] INFO:colcon.colcon_core.shell:Creating prefix script '/home/parallels/ros2_ws/src/general/install/local_setup.ps1'
[49.054s] INFO:colcon.colcon_core.shell:Creating prefix util module '/home/parallels/ros2_ws/src/general/install/_local_setup_util_ps1.py'
[49.055s] INFO:colcon.colcon_core.shell:Creating prefix chain script '/home/parallels/ros2_ws/src/general/install/setup.ps1'
[49.057s] INFO:colcon.colcon_core.shell:Creating prefix script '/home/parallels/ros2_ws/src/general/install/local_setup.sh'
[49.058s] INFO:colcon.colcon_core.shell:Creating prefix util module '/home/parallels/ros2_ws/src/general/install/_local_setup_util_sh.py'
[49.058s] INFO:colcon.colcon_core.shell:Creating prefix chain script '/home/parallels/ros2_ws/src/general/install/setup.sh'
[49.059s] INFO:colcon.colcon_core.shell:Creating prefix script '/home/parallels/ros2_ws/src/general/install/local_setup.bash'
[49.060s] INFO:colcon.colcon_core.shell:Creating prefix chain script '/home/parallels/ros2_ws/src/general/install/setup.bash'
[49.060s] INFO:colcon.colcon_core.shell:Creating prefix script '/home/parallels/ros2_ws/src/general/install/local_setup.zsh'
[49.061s] INFO:colcon.colcon_core.shell:Creating prefix chain script '/home/parallels/ros2_ws/src/general/install/setup.zsh'
