[0.656s] Invoking command in '/home/robert/Projects/ros_ws/src/general/yolov8_ros/yolov8_ros': AMENT_PREFIX_PATH=/home/robert/Projects/ros_ws/src/general/install/yolov8_msgs:${AMENT_PREFIX_PATH} CMAKE_PREFIX_PATH=/home/robert/Projects/ros_ws/src/general/install/yolov8_msgs LD_LIBRARY_PATH=/home/robert/Projects/ros_ws/src/general/install/yolov8_msgs/lib:${LD_LIBRARY_PATH} PYTHONPATH=/home/robert/Projects/ros_ws/src/general/build/yolov8_ros/prefix_override:/usr/lib/python3/dist-packages/colcon_core/task/python/colcon_distutils_commands:/home/robert/Projects/ros_ws/src/general/install/yolov8_ros/lib/python3.10/site-packages:/home/robert/Projects/ros_ws/src/general/install/yolov8_msgs/local/lib/python3.10/dist-packages:${PYTHONPATH} /usr/bin/python3 -W ignore:setup.py install is deprecated -W ignore:easy_install command is deprecated setup.py egg_info --egg-base ../../build/yolov8_ros build --build-base /home/robert/Projects/ros_ws/src/general/build/yolov8_ros/build install --record /home/robert/Projects/ros_ws/src/general/build/yolov8_ros/install.log --single-version-externally-managed install_data
[0.879s] running egg_info
[0.880s] creating ../../build/yolov8_ros/yolov8_ros.egg-info
[0.880s] writing ../../build/yolov8_ros/yolov8_ros.egg-info/PKG-INFO
[0.880s] writing dependency_links to ../../build/yolov8_ros/yolov8_ros.egg-info/dependency_links.txt
[0.880s] writing entry points to ../../build/yolov8_ros/yolov8_ros.egg-info/entry_points.txt
[0.880s] writing requirements to ../../build/yolov8_ros/yolov8_ros.egg-info/requires.txt
[0.880s] writing top-level names to ../../build/yolov8_ros/yolov8_ros.egg-info/top_level.txt
[0.881s] writing manifest file '../../build/yolov8_ros/yolov8_ros.egg-info/SOURCES.txt'
[0.883s] reading manifest file '../../build/yolov8_ros/yolov8_ros.egg-info/SOURCES.txt'
[0.883s] writing manifest file '../../build/yolov8_ros/yolov8_ros.egg-info/SOURCES.txt'
[0.883s] running build
[0.883s] running build_py
[0.883s] creating /home/robert/Projects/ros_ws/src/general/build/yolov8_ros/build
[0.884s] creating /home/robert/Projects/ros_ws/src/general/build/yolov8_ros/build/lib
[0.884s] creating /home/robert/Projects/ros_ws/src/general/build/yolov8_ros/build/lib/yolov8_ros
[0.884s] copying yolov8_ros/debug_node.py -> /home/robert/Projects/ros_ws/src/general/build/yolov8_ros/build/lib/yolov8_ros
[0.884s] copying yolov8_ros/detect_3d_node.py -> /home/robert/Projects/ros_ws/src/general/build/yolov8_ros/build/lib/yolov8_ros
[0.884s] copying yolov8_ros/tracking_node.py -> /home/robert/Projects/ros_ws/src/general/build/yolov8_ros/build/lib/yolov8_ros
[0.884s] copying yolov8_ros/yolov8_node.py -> /home/robert/Projects/ros_ws/src/general/build/yolov8_ros/build/lib/yolov8_ros
[0.884s] copying yolov8_ros/__init__.py -> /home/robert/Projects/ros_ws/src/general/build/yolov8_ros/build/lib/yolov8_ros
[0.884s] running install
[0.884s] running install_lib
[0.885s] creating /home/robert/Projects/ros_ws/src/general/install/yolov8_ros/lib/python3.10/site-packages/yolov8_ros
[0.885s] copying /home/robert/Projects/ros_ws/src/general/build/yolov8_ros/build/lib/yolov8_ros/debug_node.py -> /home/robert/Projects/ros_ws/src/general/install/yolov8_ros/lib/python3.10/site-packages/yolov8_ros
[0.885s] copying /home/robert/Projects/ros_ws/src/general/build/yolov8_ros/build/lib/yolov8_ros/detect_3d_node.py -> /home/robert/Projects/ros_ws/src/general/install/yolov8_ros/lib/python3.10/site-packages/yolov8_ros
[0.885s] copying /home/robert/Projects/ros_ws/src/general/build/yolov8_ros/build/lib/yolov8_ros/tracking_node.py -> /home/robert/Projects/ros_ws/src/general/install/yolov8_ros/lib/python3.10/site-packages/yolov8_ros
[0.885s] copying /home/robert/Projects/ros_ws/src/general/build/yolov8_ros/build/lib/yolov8_ros/yolov8_node.py -> /home/robert/Projects/ros_ws/src/general/install/yolov8_ros/lib/python3.10/site-packages/yolov8_ros
[0.885s] copying /home/robert/Projects/ros_ws/src/general/build/yolov8_ros/build/lib/yolov8_ros/__init__.py -> /home/robert/Projects/ros_ws/src/general/install/yolov8_ros/lib/python3.10/site-packages/yolov8_ros
[0.886s] byte-compiling /home/robert/Projects/ros_ws/src/general/install/yolov8_ros/lib/python3.10/site-packages/yolov8_ros/debug_node.py to debug_node.cpython-310.pyc
[0.888s] byte-compiling /home/robert/Projects/ros_ws/src/general/install/yolov8_ros/lib/python3.10/site-packages/yolov8_ros/detect_3d_node.py to detect_3d_node.cpython-310.pyc
[0.890s] byte-compiling /home/robert/Projects/ros_ws/src/general/install/yolov8_ros/lib/python3.10/site-packages/yolov8_ros/tracking_node.py to tracking_node.cpython-310.pyc
[0.891s] byte-compiling /home/robert/Projects/ros_ws/src/general/install/yolov8_ros/lib/python3.10/site-packages/yolov8_ros/yolov8_node.py to yolov8_node.cpython-310.pyc
[0.892s] byte-compiling /home/robert/Projects/ros_ws/src/general/install/yolov8_ros/lib/python3.10/site-packages/yolov8_ros/__init__.py to __init__.cpython-310.pyc
[0.892s] running install_data
[0.892s] creating /home/robert/Projects/ros_ws/src/general/install/yolov8_ros/share/ament_index
[0.892s] creating /home/robert/Projects/ros_ws/src/general/install/yolov8_ros/share/ament_index/resource_index
[0.892s] creating /home/robert/Projects/ros_ws/src/general/install/yolov8_ros/share/ament_index/resource_index/packages
[0.892s] copying resource/yolov8_ros -> /home/robert/Projects/ros_ws/src/general/install/yolov8_ros/share/ament_index/resource_index/packages
[0.892s] copying package.xml -> /home/robert/Projects/ros_ws/src/general/install/yolov8_ros/share/yolov8_ros
[0.892s] running install_egg_info
[0.894s] Copying ../../build/yolov8_ros/yolov8_ros.egg-info to /home/robert/Projects/ros_ws/src/general/install/yolov8_ros/lib/python3.10/site-packages/yolov8_ros-0.0.0-py3.10.egg-info
[0.895s] running install_scripts
[0.915s] Installing debug_node script to /home/robert/Projects/ros_ws/src/general/install/yolov8_ros/lib/yolov8_ros
[0.916s] Installing detect_3d_node script to /home/robert/Projects/ros_ws/src/general/install/yolov8_ros/lib/yolov8_ros
[0.916s] Installing tracking_node script to /home/robert/Projects/ros_ws/src/general/install/yolov8_ros/lib/yolov8_ros
[0.916s] Installing yolov8_node script to /home/robert/Projects/ros_ws/src/general/install/yolov8_ros/lib/yolov8_ros
[0.916s] writing list of installed files to '/home/robert/Projects/ros_ws/src/general/build/yolov8_ros/install.log'
[0.941s] Invoked command in '/home/robert/Projects/ros_ws/src/general/yolov8_ros/yolov8_ros' returned '0': AMENT_PREFIX_PATH=/home/robert/Projects/ros_ws/src/general/install/yolov8_msgs:${AMENT_PREFIX_PATH} CMAKE_PREFIX_PATH=/home/robert/Projects/ros_ws/src/general/install/yolov8_msgs LD_LIBRARY_PATH=/home/robert/Projects/ros_ws/src/general/install/yolov8_msgs/lib:${LD_LIBRARY_PATH} PYTHONPATH=/home/robert/Projects/ros_ws/src/general/build/yolov8_ros/prefix_override:/usr/lib/python3/dist-packages/colcon_core/task/python/colcon_distutils_commands:/home/robert/Projects/ros_ws/src/general/install/yolov8_ros/lib/python3.10/site-packages:/home/robert/Projects/ros_ws/src/general/install/yolov8_msgs/local/lib/python3.10/dist-packages:${PYTHONPATH} /usr/bin/python3 -W ignore:setup.py install is deprecated -W ignore:easy_install command is deprecated setup.py egg_info --egg-base ../../build/yolov8_ros build --build-base /home/robert/Projects/ros_ws/src/general/build/yolov8_ros/build install --record /home/robert/Projects/ros_ws/src/general/build/yolov8_ros/install.log --single-version-externally-managed install_data
