[0.094s] DEBUG:colcon:Command line arguments: ['/usr/bin/colcon', 'build']
[0.095s] DEBUG:colcon:Parsed command line arguments: Namespace(log_base=None, log_level=None, verb_name='build', build_base='build', install_base='install', merge_install=False, symlink_install=False, test_result_base=None, continue_on_error=False, executor='parallel', parallel_workers=12, event_handlers=None, ignore_user_meta=False, metas=['./colcon.meta'], base_paths=['.'], packages_ignore=None, packages_ignore_regex=None, paths=None, packages_up_to=None, packages_up_to_regex=None, packages_above=None, packages_above_and_dependencies=None, packages_above_depth=None, packages_select_by_dep=None, packages_skip_by_dep=None, packages_skip_up_to=None, packages_select_build_failed=False, packages_skip_build_finished=False, packages_select_test_failures=False, packages_skip_test_passed=False, packages_select=None, packages_skip=None, packages_select_regex=None, packages_skip_regex=None, packages_start=None, packages_end=None, allow_overriding=[], cmake_args=None, cmake_target=None, cmake_target_skip_unavailable=False, cmake_clean_cache=False, cmake_clean_first=False, cmake_force_configure=False, ament_cmake_args=None, catkin_cmake_args=None, catkin_skip_building_tests=False, mixin_files=None, mixin=None, verb_parser=<colcon_mixin.mixin.mixin_argument.MixinArgumentDecorator object at 0x78e7d225d1e0>, verb_extension=<colcon_core.verb.build.BuildVerb object at 0x78e7d225cb50>, main=<bound method BuildVerb.main of <colcon_core.verb.build.BuildVerb object at 0x78e7d225cb50>>, mixin_verb=('build',))
[0.249s] Level 1:colcon.colcon_core.package_discovery:discover_packages(colcon_meta) check parameters
[0.250s] Level 1:colcon.colcon_core.package_discovery:discover_packages(recursive) check parameters
[0.250s] Level 1:colcon.colcon_core.package_discovery:discover_packages(ignore) check parameters
[0.250s] Level 1:colcon.colcon_core.package_discovery:discover_packages(path) check parameters
[0.250s] Level 1:colcon.colcon_core.package_discovery:discover_packages(colcon_meta) discover
[0.250s] Level 1:colcon.colcon_core.package_discovery:discover_packages(recursive) discover
[0.250s] INFO:colcon.colcon_core.package_discovery:Crawling recursively for packages in '/home/robert/Projects/ros_ws/src/general'
[0.250s] Level 1:colcon.colcon_core.package_identification:_identify(.) by extensions ['ignore', 'ignore_ament_install']
[0.250s] Level 1:colcon.colcon_core.package_identification:_identify(.) by extension 'ignore'
[0.250s] Level 1:colcon.colcon_core.package_identification:_identify(.) by extension 'ignore_ament_install'
[0.250s] Level 1:colcon.colcon_core.package_identification:_identify(.) by extensions ['colcon_pkg']
[0.250s] Level 1:colcon.colcon_core.package_identification:_identify(.) by extension 'colcon_pkg'
[0.250s] Level 1:colcon.colcon_core.package_identification:_identify(.) by extensions ['colcon_meta']
[0.250s] Level 1:colcon.colcon_core.package_identification:_identify(.) by extension 'colcon_meta'
[0.250s] Level 1:colcon.colcon_core.package_identification:_identify(.) by extensions ['ros']
[0.250s] Level 1:colcon.colcon_core.package_identification:_identify(.) by extension 'ros'
[0.260s] Level 1:colcon.colcon_core.package_identification:_identify(.) by extensions ['cmake', 'python']
[0.261s] Level 1:colcon.colcon_core.package_identification:_identify(.) by extension 'cmake'
[0.261s] Level 1:colcon.colcon_core.package_identification:_identify(.) by extension 'python'
[0.261s] Level 1:colcon.colcon_core.package_identification:_identify(.) by extensions ['python_setup_py']
[0.261s] Level 1:colcon.colcon_core.package_identification:_identify(.) by extension 'python_setup_py'
[0.261s] Level 1:colcon.colcon_core.package_identification:_identify(build) by extensions ['ignore', 'ignore_ament_install']
[0.261s] Level 1:colcon.colcon_core.package_identification:_identify(build) by extension 'ignore'
[0.261s] Level 1:colcon.colcon_core.package_identification:_identify(build) ignored
[0.261s] Level 1:colcon.colcon_core.package_identification:_identify(comp_tasks) by extensions ['ignore', 'ignore_ament_install']
[0.261s] Level 1:colcon.colcon_core.package_identification:_identify(comp_tasks) by extension 'ignore'
[0.261s] Level 1:colcon.colcon_core.package_identification:_identify(comp_tasks) by extension 'ignore_ament_install'
[0.261s] Level 1:colcon.colcon_core.package_identification:_identify(comp_tasks) by extensions ['colcon_pkg']
[0.261s] Level 1:colcon.colcon_core.package_identification:_identify(comp_tasks) by extension 'colcon_pkg'
[0.261s] Level 1:colcon.colcon_core.package_identification:_identify(comp_tasks) by extensions ['colcon_meta']
[0.261s] Level 1:colcon.colcon_core.package_identification:_identify(comp_tasks) by extension 'colcon_meta'
[0.261s] Level 1:colcon.colcon_core.package_identification:_identify(comp_tasks) by extensions ['ros']
[0.261s] Level 1:colcon.colcon_core.package_identification:_identify(comp_tasks) by extension 'ros'
[0.264s] DEBUG:colcon.colcon_core.package_identification:Package 'comp_tasks' with type 'ros.ament_cmake' and name 'comp_tasks'
[0.265s] Level 1:colcon.colcon_core.package_identification:_identify(comp_tasks_interfaces) by extensions ['ignore', 'ignore_ament_install']
[0.265s] Level 1:colcon.colcon_core.package_identification:_identify(comp_tasks_interfaces) by extension 'ignore'
[0.265s] Level 1:colcon.colcon_core.package_identification:_identify(comp_tasks_interfaces) by extension 'ignore_ament_install'
[0.265s] Level 1:colcon.colcon_core.package_identification:_identify(comp_tasks_interfaces) by extensions ['colcon_pkg']
[0.265s] Level 1:colcon.colcon_core.package_identification:_identify(comp_tasks_interfaces) by extension 'colcon_pkg'
[0.265s] Level 1:colcon.colcon_core.package_identification:_identify(comp_tasks_interfaces) by extensions ['colcon_meta']
[0.265s] Level 1:colcon.colcon_core.package_identification:_identify(comp_tasks_interfaces) by extension 'colcon_meta'
[0.265s] Level 1:colcon.colcon_core.package_identification:_identify(comp_tasks_interfaces) by extensions ['ros']
[0.265s] Level 1:colcon.colcon_core.package_identification:_identify(comp_tasks_interfaces) by extension 'ros'
[0.266s] DEBUG:colcon.colcon_core.package_identification:Package 'comp_tasks_interfaces' with type 'ros.ament_cmake' and name 'comp_tasks_interfaces'
[0.266s] Level 1:colcon.colcon_core.package_identification:_identify(install) by extensions ['ignore', 'ignore_ament_install']
[0.266s] Level 1:colcon.colcon_core.package_identification:_identify(install) by extension 'ignore'
[0.266s] Level 1:colcon.colcon_core.package_identification:_identify(install) ignored
[0.266s] Level 1:colcon.colcon_core.package_identification:_identify(log) by extensions ['ignore', 'ignore_ament_install']
[0.266s] Level 1:colcon.colcon_core.package_identification:_identify(log) by extension 'ignore'
[0.266s] Level 1:colcon.colcon_core.package_identification:_identify(log) ignored
[0.266s] Level 1:colcon.colcon_core.package_identification:_identify(yolov8_ros) by extensions ['ignore', 'ignore_ament_install']
[0.266s] Level 1:colcon.colcon_core.package_identification:_identify(yolov8_ros) by extension 'ignore'
[0.266s] Level 1:colcon.colcon_core.package_identification:_identify(yolov8_ros) by extension 'ignore_ament_install'
[0.266s] Level 1:colcon.colcon_core.package_identification:_identify(yolov8_ros) by extensions ['colcon_pkg']
[0.266s] Level 1:colcon.colcon_core.package_identification:_identify(yolov8_ros) by extension 'colcon_pkg'
[0.266s] Level 1:colcon.colcon_core.package_identification:_identify(yolov8_ros) by extensions ['colcon_meta']
[0.266s] Level 1:colcon.colcon_core.package_identification:_identify(yolov8_ros) by extension 'colcon_meta'
[0.266s] Level 1:colcon.colcon_core.package_identification:_identify(yolov8_ros) by extensions ['ros']
[0.266s] Level 1:colcon.colcon_core.package_identification:_identify(yolov8_ros) by extension 'ros'
[0.266s] Level 1:colcon.colcon_core.package_identification:_identify(yolov8_ros) by extensions ['cmake', 'python']
[0.266s] Level 1:colcon.colcon_core.package_identification:_identify(yolov8_ros) by extension 'cmake'
[0.266s] Level 1:colcon.colcon_core.package_identification:_identify(yolov8_ros) by extension 'python'
[0.266s] Level 1:colcon.colcon_core.package_identification:_identify(yolov8_ros) by extensions ['python_setup_py']
[0.267s] Level 1:colcon.colcon_core.package_identification:_identify(yolov8_ros) by extension 'python_setup_py'
[0.267s] Level 1:colcon.colcon_core.package_identification:_identify(yolov8_ros/docs) by extensions ['ignore', 'ignore_ament_install']
[0.267s] Level 1:colcon.colcon_core.package_identification:_identify(yolov8_ros/docs) by extension 'ignore'
[0.267s] Level 1:colcon.colcon_core.package_identification:_identify(yolov8_ros/docs) by extension 'ignore_ament_install'
[0.267s] Level 1:colcon.colcon_core.package_identification:_identify(yolov8_ros/docs) by extensions ['colcon_pkg']
[0.267s] Level 1:colcon.colcon_core.package_identification:_identify(yolov8_ros/docs) by extension 'colcon_pkg'
[0.267s] Level 1:colcon.colcon_core.package_identification:_identify(yolov8_ros/docs) by extensions ['colcon_meta']
[0.267s] Level 1:colcon.colcon_core.package_identification:_identify(yolov8_ros/docs) by extension 'colcon_meta'
[0.267s] Level 1:colcon.colcon_core.package_identification:_identify(yolov8_ros/docs) by extensions ['ros']
[0.267s] Level 1:colcon.colcon_core.package_identification:_identify(yolov8_ros/docs) by extension 'ros'
[0.267s] Level 1:colcon.colcon_core.package_identification:_identify(yolov8_ros/docs) by extensions ['cmake', 'python']
[0.267s] Level 1:colcon.colcon_core.package_identification:_identify(yolov8_ros/docs) by extension 'cmake'
[0.267s] Level 1:colcon.colcon_core.package_identification:_identify(yolov8_ros/docs) by extension 'python'
[0.267s] Level 1:colcon.colcon_core.package_identification:_identify(yolov8_ros/docs) by extensions ['python_setup_py']
[0.267s] Level 1:colcon.colcon_core.package_identification:_identify(yolov8_ros/docs) by extension 'python_setup_py'
[0.267s] Level 1:colcon.colcon_core.package_identification:_identify(yolov8_ros/weights) by extensions ['ignore', 'ignore_ament_install']
[0.267s] Level 1:colcon.colcon_core.package_identification:_identify(yolov8_ros/weights) by extension 'ignore'
[0.267s] Level 1:colcon.colcon_core.package_identification:_identify(yolov8_ros/weights) by extension 'ignore_ament_install'
[0.267s] Level 1:colcon.colcon_core.package_identification:_identify(yolov8_ros/weights) by extensions ['colcon_pkg']
[0.267s] Level 1:colcon.colcon_core.package_identification:_identify(yolov8_ros/weights) by extension 'colcon_pkg'
[0.267s] Level 1:colcon.colcon_core.package_identification:_identify(yolov8_ros/weights) by extensions ['colcon_meta']
[0.267s] Level 1:colcon.colcon_core.package_identification:_identify(yolov8_ros/weights) by extension 'colcon_meta'
[0.267s] Level 1:colcon.colcon_core.package_identification:_identify(yolov8_ros/weights) by extensions ['ros']
[0.267s] Level 1:colcon.colcon_core.package_identification:_identify(yolov8_ros/weights) by extension 'ros'
[0.268s] Level 1:colcon.colcon_core.package_identification:_identify(yolov8_ros/weights) by extensions ['cmake', 'python']
[0.268s] Level 1:colcon.colcon_core.package_identification:_identify(yolov8_ros/weights) by extension 'cmake'
[0.268s] Level 1:colcon.colcon_core.package_identification:_identify(yolov8_ros/weights) by extension 'python'
[0.268s] Level 1:colcon.colcon_core.package_identification:_identify(yolov8_ros/weights) by extensions ['python_setup_py']
[0.268s] Level 1:colcon.colcon_core.package_identification:_identify(yolov8_ros/weights) by extension 'python_setup_py'
[0.268s] Level 1:colcon.colcon_core.package_identification:_identify(yolov8_ros/yolov8_bringup) by extensions ['ignore', 'ignore_ament_install']
[0.268s] Level 1:colcon.colcon_core.package_identification:_identify(yolov8_ros/yolov8_bringup) by extension 'ignore'
[0.268s] Level 1:colcon.colcon_core.package_identification:_identify(yolov8_ros/yolov8_bringup) by extension 'ignore_ament_install'
[0.268s] Level 1:colcon.colcon_core.package_identification:_identify(yolov8_ros/yolov8_bringup) by extensions ['colcon_pkg']
[0.268s] Level 1:colcon.colcon_core.package_identification:_identify(yolov8_ros/yolov8_bringup) by extension 'colcon_pkg'
[0.268s] Level 1:colcon.colcon_core.package_identification:_identify(yolov8_ros/yolov8_bringup) by extensions ['colcon_meta']
[0.268s] Level 1:colcon.colcon_core.package_identification:_identify(yolov8_ros/yolov8_bringup) by extension 'colcon_meta'
[0.268s] Level 1:colcon.colcon_core.package_identification:_identify(yolov8_ros/yolov8_bringup) by extensions ['ros']
[0.268s] Level 1:colcon.colcon_core.package_identification:_identify(yolov8_ros/yolov8_bringup) by extension 'ros'
[0.269s] DEBUG:colcon.colcon_core.package_identification:Package 'yolov8_ros/yolov8_bringup' with type 'ros.ament_cmake' and name 'yolov8_bringup'
[0.269s] Level 1:colcon.colcon_core.package_identification:_identify(yolov8_ros/yolov8_msgs) by extensions ['ignore', 'ignore_ament_install']
[0.269s] Level 1:colcon.colcon_core.package_identification:_identify(yolov8_ros/yolov8_msgs) by extension 'ignore'
[0.269s] Level 1:colcon.colcon_core.package_identification:_identify(yolov8_ros/yolov8_msgs) by extension 'ignore_ament_install'
[0.269s] Level 1:colcon.colcon_core.package_identification:_identify(yolov8_ros/yolov8_msgs) by extensions ['colcon_pkg']
[0.269s] Level 1:colcon.colcon_core.package_identification:_identify(yolov8_ros/yolov8_msgs) by extension 'colcon_pkg'
[0.269s] Level 1:colcon.colcon_core.package_identification:_identify(yolov8_ros/yolov8_msgs) by extensions ['colcon_meta']
[0.269s] Level 1:colcon.colcon_core.package_identification:_identify(yolov8_ros/yolov8_msgs) by extension 'colcon_meta'
[0.269s] Level 1:colcon.colcon_core.package_identification:_identify(yolov8_ros/yolov8_msgs) by extensions ['ros']
[0.269s] Level 1:colcon.colcon_core.package_identification:_identify(yolov8_ros/yolov8_msgs) by extension 'ros'
[0.270s] DEBUG:colcon.colcon_core.package_identification:Package 'yolov8_ros/yolov8_msgs' with type 'ros.ament_cmake' and name 'yolov8_msgs'
[0.270s] Level 1:colcon.colcon_core.package_identification:_identify(yolov8_ros/yolov8_ros) by extensions ['ignore', 'ignore_ament_install']
[0.270s] Level 1:colcon.colcon_core.package_identification:_identify(yolov8_ros/yolov8_ros) by extension 'ignore'
[0.270s] Level 1:colcon.colcon_core.package_identification:_identify(yolov8_ros/yolov8_ros) by extension 'ignore_ament_install'
[0.270s] Level 1:colcon.colcon_core.package_identification:_identify(yolov8_ros/yolov8_ros) by extensions ['colcon_pkg']
[0.270s] Level 1:colcon.colcon_core.package_identification:_identify(yolov8_ros/yolov8_ros) by extension 'colcon_pkg'
[0.270s] Level 1:colcon.colcon_core.package_identification:_identify(yolov8_ros/yolov8_ros) by extensions ['colcon_meta']
[0.270s] Level 1:colcon.colcon_core.package_identification:_identify(yolov8_ros/yolov8_ros) by extension 'colcon_meta'
[0.270s] Level 1:colcon.colcon_core.package_identification:_identify(yolov8_ros/yolov8_ros) by extensions ['ros']
[0.270s] Level 1:colcon.colcon_core.package_identification:_identify(yolov8_ros/yolov8_ros) by extension 'ros'
[0.271s] DEBUG:colcon.colcon_core.package_identification:Package 'yolov8_ros/yolov8_ros' with type 'ros.ament_python' and name 'yolov8_ros'
[0.271s] Level 1:colcon.colcon_core.package_discovery:discover_packages(recursive) using defaults
[0.271s] Level 1:colcon.colcon_core.package_discovery:discover_packages(ignore) discover
[0.271s] Level 1:colcon.colcon_core.package_discovery:discover_packages(ignore) using defaults
[0.271s] Level 1:colcon.colcon_core.package_discovery:discover_packages(path) discover
[0.271s] Level 1:colcon.colcon_core.package_discovery:discover_packages(path) using defaults
[0.301s] Level 1:colcon.colcon_core.package_discovery:discover_packages(prefix_path) check parameters
[0.301s] Level 1:colcon.colcon_core.package_discovery:discover_packages(prefix_path) discover
[0.304s] DEBUG:colcon.colcon_installed_package_information.package_discovery:Found 279 installed packages in /opt/ros/humble
[0.305s] Level 1:colcon.colcon_core.package_discovery:discover_packages(prefix_path) using defaults
[0.341s] Level 5:colcon.colcon_core.verb:set package 'comp_tasks_interfaces' build argument 'cmake_args' from command line to 'None'
[0.341s] Level 5:colcon.colcon_core.verb:set package 'comp_tasks_interfaces' build argument 'cmake_target' from command line to 'None'
[0.341s] Level 5:colcon.colcon_core.verb:set package 'comp_tasks_interfaces' build argument 'cmake_target_skip_unavailable' from command line to 'False'
[0.341s] Level 5:colcon.colcon_core.verb:set package 'comp_tasks_interfaces' build argument 'cmake_clean_cache' from command line to 'False'
[0.341s] Level 5:colcon.colcon_core.verb:set package 'comp_tasks_interfaces' build argument 'cmake_clean_first' from command line to 'False'
[0.341s] Level 5:colcon.colcon_core.verb:set package 'comp_tasks_interfaces' build argument 'cmake_force_configure' from command line to 'False'
[0.341s] Level 5:colcon.colcon_core.verb:set package 'comp_tasks_interfaces' build argument 'ament_cmake_args' from command line to 'None'
[0.341s] Level 5:colcon.colcon_core.verb:set package 'comp_tasks_interfaces' build argument 'catkin_cmake_args' from command line to 'None'
[0.341s] Level 5:colcon.colcon_core.verb:set package 'comp_tasks_interfaces' build argument 'catkin_skip_building_tests' from command line to 'False'
[0.341s] DEBUG:colcon.colcon_core.verb:Building package 'comp_tasks_interfaces' with the following arguments: {'ament_cmake_args': None, 'build_base': '/home/robert/Projects/ros_ws/src/general/build/comp_tasks_interfaces', 'catkin_cmake_args': None, 'catkin_skip_building_tests': False, 'cmake_args': None, 'cmake_clean_cache': False, 'cmake_clean_first': False, 'cmake_force_configure': False, 'cmake_target': None, 'cmake_target_skip_unavailable': False, 'install_base': '/home/robert/Projects/ros_ws/src/general/install/comp_tasks_interfaces', 'merge_install': False, 'path': '/home/robert/Projects/ros_ws/src/general/comp_tasks_interfaces', 'symlink_install': False, 'test_result_base': None}
[0.342s] Level 5:colcon.colcon_core.verb:set package 'yolov8_msgs' build argument 'cmake_args' from command line to 'None'
[0.342s] Level 5:colcon.colcon_core.verb:set package 'yolov8_msgs' build argument 'cmake_target' from command line to 'None'
[0.342s] Level 5:colcon.colcon_core.verb:set package 'yolov8_msgs' build argument 'cmake_target_skip_unavailable' from command line to 'False'
[0.342s] Level 5:colcon.colcon_core.verb:set package 'yolov8_msgs' build argument 'cmake_clean_cache' from command line to 'False'
[0.342s] Level 5:colcon.colcon_core.verb:set package 'yolov8_msgs' build argument 'cmake_clean_first' from command line to 'False'
[0.342s] Level 5:colcon.colcon_core.verb:set package 'yolov8_msgs' build argument 'cmake_force_configure' from command line to 'False'
[0.342s] Level 5:colcon.colcon_core.verb:set package 'yolov8_msgs' build argument 'ament_cmake_args' from command line to 'None'
[0.342s] Level 5:colcon.colcon_core.verb:set package 'yolov8_msgs' build argument 'catkin_cmake_args' from command line to 'None'
[0.342s] Level 5:colcon.colcon_core.verb:set package 'yolov8_msgs' build argument 'catkin_skip_building_tests' from command line to 'False'
[0.342s] DEBUG:colcon.colcon_core.verb:Building package 'yolov8_msgs' with the following arguments: {'ament_cmake_args': None, 'build_base': '/home/robert/Projects/ros_ws/src/general/build/yolov8_msgs', 'catkin_cmake_args': None, 'catkin_skip_building_tests': False, 'cmake_args': None, 'cmake_clean_cache': False, 'cmake_clean_first': False, 'cmake_force_configure': False, 'cmake_target': None, 'cmake_target_skip_unavailable': False, 'install_base': '/home/robert/Projects/ros_ws/src/general/install/yolov8_msgs', 'merge_install': False, 'path': '/home/robert/Projects/ros_ws/src/general/yolov8_ros/yolov8_msgs', 'symlink_install': False, 'test_result_base': None}
[0.342s] Level 5:colcon.colcon_core.verb:set package 'comp_tasks' build argument 'cmake_args' from command line to 'None'
[0.342s] Level 5:colcon.colcon_core.verb:set package 'comp_tasks' build argument 'cmake_target' from command line to 'None'
[0.342s] Level 5:colcon.colcon_core.verb:set package 'comp_tasks' build argument 'cmake_target_skip_unavailable' from command line to 'False'
[0.342s] Level 5:colcon.colcon_core.verb:set package 'comp_tasks' build argument 'cmake_clean_cache' from command line to 'False'
[0.342s] Level 5:colcon.colcon_core.verb:set package 'comp_tasks' build argument 'cmake_clean_first' from command line to 'False'
[0.342s] Level 5:colcon.colcon_core.verb:set package 'comp_tasks' build argument 'cmake_force_configure' from command line to 'False'
[0.342s] Level 5:colcon.colcon_core.verb:set package 'comp_tasks' build argument 'ament_cmake_args' from command line to 'None'
[0.342s] Level 5:colcon.colcon_core.verb:set package 'comp_tasks' build argument 'catkin_cmake_args' from command line to 'None'
[0.342s] Level 5:colcon.colcon_core.verb:set package 'comp_tasks' build argument 'catkin_skip_building_tests' from command line to 'False'
[0.342s] DEBUG:colcon.colcon_core.verb:Building package 'comp_tasks' with the following arguments: {'ament_cmake_args': None, 'build_base': '/home/robert/Projects/ros_ws/src/general/build/comp_tasks', 'catkin_cmake_args': None, 'catkin_skip_building_tests': False, 'cmake_args': None, 'cmake_clean_cache': False, 'cmake_clean_first': False, 'cmake_force_configure': False, 'cmake_target': None, 'cmake_target_skip_unavailable': False, 'install_base': '/home/robert/Projects/ros_ws/src/general/install/comp_tasks', 'merge_install': False, 'path': '/home/robert/Projects/ros_ws/src/general/comp_tasks', 'symlink_install': False, 'test_result_base': None}
[0.343s] Level 5:colcon.colcon_core.verb:set package 'yolov8_ros' build argument 'cmake_args' from command line to 'None'
[0.343s] Level 5:colcon.colcon_core.verb:set package 'yolov8_ros' build argument 'cmake_target' from command line to 'None'
[0.343s] Level 5:colcon.colcon_core.verb:set package 'yolov8_ros' build argument 'cmake_target_skip_unavailable' from command line to 'False'
[0.343s] Level 5:colcon.colcon_core.verb:set package 'yolov8_ros' build argument 'cmake_clean_cache' from command line to 'False'
[0.343s] Level 5:colcon.colcon_core.verb:set package 'yolov8_ros' build argument 'cmake_clean_first' from command line to 'False'
[0.343s] Level 5:colcon.colcon_core.verb:set package 'yolov8_ros' build argument 'cmake_force_configure' from command line to 'False'
[0.343s] Level 5:colcon.colcon_core.verb:set package 'yolov8_ros' build argument 'ament_cmake_args' from command line to 'None'
[0.343s] Level 5:colcon.colcon_core.verb:set package 'yolov8_ros' build argument 'catkin_cmake_args' from command line to 'None'
[0.343s] Level 5:colcon.colcon_core.verb:set package 'yolov8_ros' build argument 'catkin_skip_building_tests' from command line to 'False'
[0.343s] DEBUG:colcon.colcon_core.verb:Building package 'yolov8_ros' with the following arguments: {'ament_cmake_args': None, 'build_base': '/home/robert/Projects/ros_ws/src/general/build/yolov8_ros', 'catkin_cmake_args': None, 'catkin_skip_building_tests': False, 'cmake_args': None, 'cmake_clean_cache': False, 'cmake_clean_first': False, 'cmake_force_configure': False, 'cmake_target': None, 'cmake_target_skip_unavailable': False, 'install_base': '/home/robert/Projects/ros_ws/src/general/install/yolov8_ros', 'merge_install': False, 'path': '/home/robert/Projects/ros_ws/src/general/yolov8_ros/yolov8_ros', 'symlink_install': False, 'test_result_base': None}
[0.343s] Level 5:colcon.colcon_core.verb:set package 'yolov8_bringup' build argument 'cmake_args' from command line to 'None'
[0.343s] Level 5:colcon.colcon_core.verb:set package 'yolov8_bringup' build argument 'cmake_target' from command line to 'None'
[0.343s] Level 5:colcon.colcon_core.verb:set package 'yolov8_bringup' build argument 'cmake_target_skip_unavailable' from command line to 'False'
[0.343s] Level 5:colcon.colcon_core.verb:set package 'yolov8_bringup' build argument 'cmake_clean_cache' from command line to 'False'
[0.343s] Level 5:colcon.colcon_core.verb:set package 'yolov8_bringup' build argument 'cmake_clean_first' from command line to 'False'
[0.343s] Level 5:colcon.colcon_core.verb:set package 'yolov8_bringup' build argument 'cmake_force_configure' from command line to 'False'
[0.343s] Level 5:colcon.colcon_core.verb:set package 'yolov8_bringup' build argument 'ament_cmake_args' from command line to 'None'
[0.343s] Level 5:colcon.colcon_core.verb:set package 'yolov8_bringup' build argument 'catkin_cmake_args' from command line to 'None'
[0.343s] Level 5:colcon.colcon_core.verb:set package 'yolov8_bringup' build argument 'catkin_skip_building_tests' from command line to 'False'
[0.343s] DEBUG:colcon.colcon_core.verb:Building package 'yolov8_bringup' with the following arguments: {'ament_cmake_args': None, 'build_base': '/home/robert/Projects/ros_ws/src/general/build/yolov8_bringup', 'catkin_cmake_args': None, 'catkin_skip_building_tests': False, 'cmake_args': None, 'cmake_clean_cache': False, 'cmake_clean_first': False, 'cmake_force_configure': False, 'cmake_target': None, 'cmake_target_skip_unavailable': False, 'install_base': '/home/robert/Projects/ros_ws/src/general/install/yolov8_bringup', 'merge_install': False, 'path': '/home/robert/Projects/ros_ws/src/general/yolov8_ros/yolov8_bringup', 'symlink_install': False, 'test_result_base': None}
[0.344s] INFO:colcon.colcon_core.executor:Executing jobs using 'parallel' executor
[0.344s] DEBUG:colcon.colcon_parallel_executor.executor.parallel:run_until_complete
[0.345s] INFO:colcon.colcon_ros.task.ament_cmake.build:Building ROS package in '/home/robert/Projects/ros_ws/src/general/yolov8_ros/yolov8_msgs' with build type 'ament_cmake'
[0.345s] INFO:colcon.colcon_cmake.task.cmake.build:Building CMake package in '/home/robert/Projects/ros_ws/src/general/yolov8_ros/yolov8_msgs'
[0.347s] INFO:colcon.colcon_core.plugin_system:Skipping extension 'colcon_core.shell.bat': Not used on non-Windows systems
[0.347s] INFO:colcon.colcon_core.shell:Skip shell extension 'powershell' for command environment: Not usable outside of PowerShell
[0.347s] DEBUG:colcon.colcon_core.shell:Skip shell extension 'dsv' for command environment
[0.350s] INFO:colcon.colcon_ros.task.ament_cmake.build:Building ROS package in '/home/robert/Projects/ros_ws/src/general/comp_tasks_interfaces' with build type 'ament_cmake'
[0.350s] INFO:colcon.colcon_cmake.task.cmake.build:Building CMake package in '/home/robert/Projects/ros_ws/src/general/comp_tasks_interfaces'
[0.350s] INFO:colcon.colcon_core.shell:Skip shell extension 'powershell' for command environment: Not usable outside of PowerShell
[0.350s] DEBUG:colcon.colcon_core.shell:Skip shell extension 'dsv' for command environment
[0.358s] DEBUG:colcon.colcon_core.event_handler.log_command:Invoking command in '/home/robert/Projects/ros_ws/src/general/build/yolov8_msgs': CMAKE_PREFIX_PATH=/opt/ros/humble /usr/bin/cmake /home/robert/Projects/ros_ws/src/general/yolov8_ros/yolov8_msgs -DCMAKE_INSTALL_PREFIX=/home/robert/Projects/ros_ws/src/general/install/yolov8_msgs
[0.362s] DEBUG:colcon.colcon_core.event_handler.log_command:Invoking command in '/home/robert/Projects/ros_ws/src/general/build/comp_tasks_interfaces': CMAKE_PREFIX_PATH=/opt/ros/humble /usr/bin/cmake /home/robert/Projects/ros_ws/src/general/comp_tasks_interfaces -DCMAKE_INSTALL_PREFIX=/home/robert/Projects/ros_ws/src/general/install/comp_tasks_interfaces
[2.203s] DEBUG:colcon.colcon_core.event_handler.log_command:Invoked command in '/home/robert/Projects/ros_ws/src/general/build/yolov8_msgs' returned '0': CMAKE_PREFIX_PATH=/opt/ros/humble /usr/bin/cmake /home/robert/Projects/ros_ws/src/general/yolov8_ros/yolov8_msgs -DCMAKE_INSTALL_PREFIX=/home/robert/Projects/ros_ws/src/general/install/yolov8_msgs
[2.205s] DEBUG:colcon.colcon_core.event_handler.log_command:Invoking command in '/home/robert/Projects/ros_ws/src/general/build/yolov8_msgs': CMAKE_PREFIX_PATH=/opt/ros/humble /usr/bin/cmake --build /home/robert/Projects/ros_ws/src/general/build/yolov8_msgs -- -j12 -l12
[2.377s] DEBUG:colcon.colcon_core.event_handler.log_command:Invoked command in '/home/robert/Projects/ros_ws/src/general/build/comp_tasks_interfaces' returned '0': CMAKE_PREFIX_PATH=/opt/ros/humble /usr/bin/cmake /home/robert/Projects/ros_ws/src/general/comp_tasks_interfaces -DCMAKE_INSTALL_PREFIX=/home/robert/Projects/ros_ws/src/general/install/comp_tasks_interfaces
[2.377s] DEBUG:colcon.colcon_core.event_handler.log_command:Invoking command in '/home/robert/Projects/ros_ws/src/general/build/comp_tasks_interfaces': CMAKE_PREFIX_PATH=/opt/ros/humble /usr/bin/cmake --build /home/robert/Projects/ros_ws/src/general/build/comp_tasks_interfaces -- -j12 -l12
[11.974s] DEBUG:colcon.colcon_core.event_handler.log_command:Invoked command in '/home/robert/Projects/ros_ws/src/general/build/comp_tasks_interfaces' returned '0': CMAKE_PREFIX_PATH=/opt/ros/humble /usr/bin/cmake --build /home/robert/Projects/ros_ws/src/general/build/comp_tasks_interfaces -- -j12 -l12
[12.002s] DEBUG:colcon.colcon_core.event_handler.log_command:Invoking command in '/home/robert/Projects/ros_ws/src/general/build/comp_tasks_interfaces': CMAKE_PREFIX_PATH=/opt/ros/humble /usr/bin/cmake --install /home/robert/Projects/ros_ws/src/general/build/comp_tasks_interfaces
[12.346s] Level 1:colcon.colcon_core.environment:create_environment_scripts_only(comp_tasks_interfaces)
[12.347s] DEBUG:colcon.colcon_core.event_handler.log_command:Invoked command in '/home/robert/Projects/ros_ws/src/general/build/comp_tasks_interfaces' returned '0': CMAKE_PREFIX_PATH=/opt/ros/humble /usr/bin/cmake --install /home/robert/Projects/ros_ws/src/general/build/comp_tasks_interfaces
[12.351s] Level 1:colcon.colcon_core.environment:checking '/home/robert/Projects/ros_ws/src/general/install/comp_tasks_interfaces' for CMake module files
[12.353s] Level 1:colcon.colcon_core.environment:checking '/home/robert/Projects/ros_ws/src/general/install/comp_tasks_interfaces' for CMake config files
[12.354s] Level 1:colcon.colcon_core.shell:create_environment_hook('comp_tasks_interfaces', 'cmake_prefix_path')
[12.355s] INFO:colcon.colcon_core.shell:Creating environment hook '/home/robert/Projects/ros_ws/src/general/install/comp_tasks_interfaces/share/comp_tasks_interfaces/hook/cmake_prefix_path.ps1'
[12.357s] INFO:colcon.colcon_core.shell:Creating environment descriptor '/home/robert/Projects/ros_ws/src/general/install/comp_tasks_interfaces/share/comp_tasks_interfaces/hook/cmake_prefix_path.dsv'
[12.358s] INFO:colcon.colcon_core.shell:Creating environment hook '/home/robert/Projects/ros_ws/src/general/install/comp_tasks_interfaces/share/comp_tasks_interfaces/hook/cmake_prefix_path.sh'
[12.360s] Level 1:colcon.colcon_core.environment:checking '/home/robert/Projects/ros_ws/src/general/install/comp_tasks_interfaces/lib'
[12.360s] Level 1:colcon.colcon_core.shell:create_environment_hook('comp_tasks_interfaces', 'ld_library_path_lib')
[12.361s] INFO:colcon.colcon_core.shell:Creating environment hook '/home/robert/Projects/ros_ws/src/general/install/comp_tasks_interfaces/share/comp_tasks_interfaces/hook/ld_library_path_lib.ps1'
[12.362s] INFO:colcon.colcon_core.shell:Creating environment descriptor '/home/robert/Projects/ros_ws/src/general/install/comp_tasks_interfaces/share/comp_tasks_interfaces/hook/ld_library_path_lib.dsv'
[12.363s] INFO:colcon.colcon_core.shell:Creating environment hook '/home/robert/Projects/ros_ws/src/general/install/comp_tasks_interfaces/share/comp_tasks_interfaces/hook/ld_library_path_lib.sh'
[12.364s] Level 1:colcon.colcon_core.environment:checking '/home/robert/Projects/ros_ws/src/general/install/comp_tasks_interfaces/bin'
[12.364s] Level 1:colcon.colcon_core.environment:checking '/home/robert/Projects/ros_ws/src/general/install/comp_tasks_interfaces/lib/pkgconfig/comp_tasks_interfaces.pc'
[12.365s] Level 1:colcon.colcon_core.environment:checking '/home/robert/Projects/ros_ws/src/general/install/comp_tasks_interfaces/lib/python3.10/site-packages'
[12.365s] Level 1:colcon.colcon_core.environment:checking '/home/robert/Projects/ros_ws/src/general/install/comp_tasks_interfaces/bin'
[12.366s] INFO:colcon.colcon_core.shell:Creating package script '/home/robert/Projects/ros_ws/src/general/install/comp_tasks_interfaces/share/comp_tasks_interfaces/package.ps1'
[12.368s] INFO:colcon.colcon_core.shell:Creating package descriptor '/home/robert/Projects/ros_ws/src/general/install/comp_tasks_interfaces/share/comp_tasks_interfaces/package.dsv'
[12.370s] INFO:colcon.colcon_core.shell:Creating package script '/home/robert/Projects/ros_ws/src/general/install/comp_tasks_interfaces/share/comp_tasks_interfaces/package.sh'
[12.373s] INFO:colcon.colcon_core.shell:Creating package script '/home/robert/Projects/ros_ws/src/general/install/comp_tasks_interfaces/share/comp_tasks_interfaces/package.bash'
[12.376s] INFO:colcon.colcon_core.shell:Creating package script '/home/robert/Projects/ros_ws/src/general/install/comp_tasks_interfaces/share/comp_tasks_interfaces/package.zsh'
[12.378s] Level 1:colcon.colcon_core.environment:create_file_with_runtime_dependencies(/home/robert/Projects/ros_ws/src/general/install/comp_tasks_interfaces/share/colcon-core/packages/comp_tasks_interfaces)
[12.380s] Level 1:colcon.colcon_core.environment:create_environment_scripts_only(comp_tasks_interfaces)
[12.380s] Level 1:colcon.colcon_core.environment:checking '/home/robert/Projects/ros_ws/src/general/install/comp_tasks_interfaces' for CMake module files
[12.382s] Level 1:colcon.colcon_core.environment:checking '/home/robert/Projects/ros_ws/src/general/install/comp_tasks_interfaces' for CMake config files
[12.384s] Level 1:colcon.colcon_core.shell:create_environment_hook('comp_tasks_interfaces', 'cmake_prefix_path')
[12.385s] INFO:colcon.colcon_core.shell:Creating environment hook '/home/robert/Projects/ros_ws/src/general/install/comp_tasks_interfaces/share/comp_tasks_interfaces/hook/cmake_prefix_path.ps1'
[12.385s] INFO:colcon.colcon_core.shell:Creating environment descriptor '/home/robert/Projects/ros_ws/src/general/install/comp_tasks_interfaces/share/comp_tasks_interfaces/hook/cmake_prefix_path.dsv'
[12.385s] INFO:colcon.colcon_core.shell:Creating environment hook '/home/robert/Projects/ros_ws/src/general/install/comp_tasks_interfaces/share/comp_tasks_interfaces/hook/cmake_prefix_path.sh'
[12.386s] Level 1:colcon.colcon_core.environment:checking '/home/robert/Projects/ros_ws/src/general/install/comp_tasks_interfaces/lib'
[12.386s] Level 1:colcon.colcon_core.shell:create_environment_hook('comp_tasks_interfaces', 'ld_library_path_lib')
[12.386s] INFO:colcon.colcon_core.shell:Creating environment hook '/home/robert/Projects/ros_ws/src/general/install/comp_tasks_interfaces/share/comp_tasks_interfaces/hook/ld_library_path_lib.ps1'
[12.387s] INFO:colcon.colcon_core.shell:Creating environment descriptor '/home/robert/Projects/ros_ws/src/general/install/comp_tasks_interfaces/share/comp_tasks_interfaces/hook/ld_library_path_lib.dsv'
[12.387s] INFO:colcon.colcon_core.shell:Creating environment hook '/home/robert/Projects/ros_ws/src/general/install/comp_tasks_interfaces/share/comp_tasks_interfaces/hook/ld_library_path_lib.sh'
[12.388s] Level 1:colcon.colcon_core.environment:checking '/home/robert/Projects/ros_ws/src/general/install/comp_tasks_interfaces/bin'
[12.388s] Level 1:colcon.colcon_core.environment:checking '/home/robert/Projects/ros_ws/src/general/install/comp_tasks_interfaces/lib/pkgconfig/comp_tasks_interfaces.pc'
[12.389s] Level 1:colcon.colcon_core.environment:checking '/home/robert/Projects/ros_ws/src/general/install/comp_tasks_interfaces/lib/python3.10/site-packages'
[12.389s] Level 1:colcon.colcon_core.environment:checking '/home/robert/Projects/ros_ws/src/general/install/comp_tasks_interfaces/bin'
[12.389s] INFO:colcon.colcon_core.shell:Creating package script '/home/robert/Projects/ros_ws/src/general/install/comp_tasks_interfaces/share/comp_tasks_interfaces/package.ps1'
[12.390s] INFO:colcon.colcon_core.shell:Creating package descriptor '/home/robert/Projects/ros_ws/src/general/install/comp_tasks_interfaces/share/comp_tasks_interfaces/package.dsv'
[12.391s] INFO:colcon.colcon_core.shell:Creating package script '/home/robert/Projects/ros_ws/src/general/install/comp_tasks_interfaces/share/comp_tasks_interfaces/package.sh'
[12.392s] INFO:colcon.colcon_core.shell:Creating package script '/home/robert/Projects/ros_ws/src/general/install/comp_tasks_interfaces/share/comp_tasks_interfaces/package.bash'
[12.393s] INFO:colcon.colcon_core.shell:Creating package script '/home/robert/Projects/ros_ws/src/general/install/comp_tasks_interfaces/share/comp_tasks_interfaces/package.zsh'
[12.393s] Level 1:colcon.colcon_core.environment:create_file_with_runtime_dependencies(/home/robert/Projects/ros_ws/src/general/install/comp_tasks_interfaces/share/colcon-core/packages/comp_tasks_interfaces)
[15.515s] DEBUG:colcon.colcon_core.event_handler.log_command:Invoked command in '/home/robert/Projects/ros_ws/src/general/build/yolov8_msgs' returned '0': CMAKE_PREFIX_PATH=/opt/ros/humble /usr/bin/cmake --build /home/robert/Projects/ros_ws/src/general/build/yolov8_msgs -- -j12 -l12
[15.517s] DEBUG:colcon.colcon_core.event_handler.log_command:Invoking command in '/home/robert/Projects/ros_ws/src/general/build/yolov8_msgs': CMAKE_PREFIX_PATH=/opt/ros/humble /usr/bin/cmake --install /home/robert/Projects/ros_ws/src/general/build/yolov8_msgs
[15.627s] Level 1:colcon.colcon_core.environment:create_environment_scripts_only(yolov8_msgs)
[15.627s] DEBUG:colcon.colcon_core.event_handler.log_command:Invoked command in '/home/robert/Projects/ros_ws/src/general/build/yolov8_msgs' returned '0': CMAKE_PREFIX_PATH=/opt/ros/humble /usr/bin/cmake --install /home/robert/Projects/ros_ws/src/general/build/yolov8_msgs
[15.627s] Level 1:colcon.colcon_core.environment:checking '/home/robert/Projects/ros_ws/src/general/install/yolov8_msgs' for CMake module files
[15.628s] Level 1:colcon.colcon_core.environment:checking '/home/robert/Projects/ros_ws/src/general/install/yolov8_msgs' for CMake config files
[15.628s] Level 1:colcon.colcon_core.shell:create_environment_hook('yolov8_msgs', 'cmake_prefix_path')
[15.629s] INFO:colcon.colcon_core.shell:Creating environment hook '/home/robert/Projects/ros_ws/src/general/install/yolov8_msgs/share/yolov8_msgs/hook/cmake_prefix_path.ps1'
[15.629s] INFO:colcon.colcon_core.shell:Creating environment descriptor '/home/robert/Projects/ros_ws/src/general/install/yolov8_msgs/share/yolov8_msgs/hook/cmake_prefix_path.dsv'
[15.629s] INFO:colcon.colcon_core.shell:Creating environment hook '/home/robert/Projects/ros_ws/src/general/install/yolov8_msgs/share/yolov8_msgs/hook/cmake_prefix_path.sh'
[15.630s] Level 1:colcon.colcon_core.environment:checking '/home/robert/Projects/ros_ws/src/general/install/yolov8_msgs/lib'
[15.630s] Level 1:colcon.colcon_core.shell:create_environment_hook('yolov8_msgs', 'ld_library_path_lib')
[15.630s] INFO:colcon.colcon_core.shell:Creating environment hook '/home/robert/Projects/ros_ws/src/general/install/yolov8_msgs/share/yolov8_msgs/hook/ld_library_path_lib.ps1'
[15.630s] INFO:colcon.colcon_core.shell:Creating environment descriptor '/home/robert/Projects/ros_ws/src/general/install/yolov8_msgs/share/yolov8_msgs/hook/ld_library_path_lib.dsv'
[15.631s] INFO:colcon.colcon_core.shell:Creating environment hook '/home/robert/Projects/ros_ws/src/general/install/yolov8_msgs/share/yolov8_msgs/hook/ld_library_path_lib.sh'
[15.631s] Level 1:colcon.colcon_core.environment:checking '/home/robert/Projects/ros_ws/src/general/install/yolov8_msgs/bin'
[15.631s] Level 1:colcon.colcon_core.environment:checking '/home/robert/Projects/ros_ws/src/general/install/yolov8_msgs/lib/pkgconfig/yolov8_msgs.pc'
[15.631s] Level 1:colcon.colcon_core.environment:checking '/home/robert/Projects/ros_ws/src/general/install/yolov8_msgs/lib/python3.10/site-packages'
[15.631s] Level 1:colcon.colcon_core.environment:checking '/home/robert/Projects/ros_ws/src/general/install/yolov8_msgs/bin'
[15.632s] INFO:colcon.colcon_core.shell:Creating package script '/home/robert/Projects/ros_ws/src/general/install/yolov8_msgs/share/yolov8_msgs/package.ps1'
[15.632s] INFO:colcon.colcon_core.shell:Creating package descriptor '/home/robert/Projects/ros_ws/src/general/install/yolov8_msgs/share/yolov8_msgs/package.dsv'
[15.632s] INFO:colcon.colcon_core.shell:Creating package script '/home/robert/Projects/ros_ws/src/general/install/yolov8_msgs/share/yolov8_msgs/package.sh'
[15.633s] INFO:colcon.colcon_core.shell:Creating package script '/home/robert/Projects/ros_ws/src/general/install/yolov8_msgs/share/yolov8_msgs/package.bash'
[15.633s] INFO:colcon.colcon_core.shell:Creating package script '/home/robert/Projects/ros_ws/src/general/install/yolov8_msgs/share/yolov8_msgs/package.zsh'
[15.633s] Level 1:colcon.colcon_core.environment:create_file_with_runtime_dependencies(/home/robert/Projects/ros_ws/src/general/install/yolov8_msgs/share/colcon-core/packages/yolov8_msgs)
[15.634s] Level 1:colcon.colcon_core.environment:create_environment_scripts_only(yolov8_msgs)
[15.634s] Level 1:colcon.colcon_core.environment:checking '/home/robert/Projects/ros_ws/src/general/install/yolov8_msgs' for CMake module files
[15.634s] Level 1:colcon.colcon_core.environment:checking '/home/robert/Projects/ros_ws/src/general/install/yolov8_msgs' for CMake config files
[15.635s] Level 1:colcon.colcon_core.shell:create_environment_hook('yolov8_msgs', 'cmake_prefix_path')
[15.635s] INFO:colcon.colcon_core.shell:Creating environment hook '/home/robert/Projects/ros_ws/src/general/install/yolov8_msgs/share/yolov8_msgs/hook/cmake_prefix_path.ps1'
[15.635s] INFO:colcon.colcon_core.shell:Creating environment descriptor '/home/robert/Projects/ros_ws/src/general/install/yolov8_msgs/share/yolov8_msgs/hook/cmake_prefix_path.dsv'
[15.636s] INFO:colcon.colcon_core.shell:Creating environment hook '/home/robert/Projects/ros_ws/src/general/install/yolov8_msgs/share/yolov8_msgs/hook/cmake_prefix_path.sh'
[15.636s] Level 1:colcon.colcon_core.environment:checking '/home/robert/Projects/ros_ws/src/general/install/yolov8_msgs/lib'
[15.636s] Level 1:colcon.colcon_core.shell:create_environment_hook('yolov8_msgs', 'ld_library_path_lib')
[15.636s] INFO:colcon.colcon_core.shell:Creating environment hook '/home/robert/Projects/ros_ws/src/general/install/yolov8_msgs/share/yolov8_msgs/hook/ld_library_path_lib.ps1'
[15.637s] INFO:colcon.colcon_core.shell:Creating environment descriptor '/home/robert/Projects/ros_ws/src/general/install/yolov8_msgs/share/yolov8_msgs/hook/ld_library_path_lib.dsv'
[15.637s] INFO:colcon.colcon_core.shell:Creating environment hook '/home/robert/Projects/ros_ws/src/general/install/yolov8_msgs/share/yolov8_msgs/hook/ld_library_path_lib.sh'
[15.637s] Level 1:colcon.colcon_core.environment:checking '/home/robert/Projects/ros_ws/src/general/install/yolov8_msgs/bin'
[15.637s] Level 1:colcon.colcon_core.environment:checking '/home/robert/Projects/ros_ws/src/general/install/yolov8_msgs/lib/pkgconfig/yolov8_msgs.pc'
[15.637s] Level 1:colcon.colcon_core.environment:checking '/home/robert/Projects/ros_ws/src/general/install/yolov8_msgs/lib/python3.10/site-packages'
[15.638s] Level 1:colcon.colcon_core.environment:checking '/home/robert/Projects/ros_ws/src/general/install/yolov8_msgs/bin'
[15.638s] INFO:colcon.colcon_core.shell:Creating package script '/home/robert/Projects/ros_ws/src/general/install/yolov8_msgs/share/yolov8_msgs/package.ps1'
[15.638s] INFO:colcon.colcon_core.shell:Creating package descriptor '/home/robert/Projects/ros_ws/src/general/install/yolov8_msgs/share/yolov8_msgs/package.dsv'
[15.641s] INFO:colcon.colcon_core.shell:Creating package script '/home/robert/Projects/ros_ws/src/general/install/yolov8_msgs/share/yolov8_msgs/package.sh'
[15.642s] INFO:colcon.colcon_core.shell:Creating package script '/home/robert/Projects/ros_ws/src/general/install/yolov8_msgs/share/yolov8_msgs/package.bash'
[15.642s] INFO:colcon.colcon_core.shell:Creating package script '/home/robert/Projects/ros_ws/src/general/install/yolov8_msgs/share/yolov8_msgs/package.zsh'
[15.642s] Level 1:colcon.colcon_core.environment:create_file_with_runtime_dependencies(/home/robert/Projects/ros_ws/src/general/install/yolov8_msgs/share/colcon-core/packages/yolov8_msgs)
[15.643s] INFO:colcon.colcon_ros.task.ament_python.build:Building ROS package in '/home/robert/Projects/ros_ws/src/general/yolov8_ros/yolov8_ros' with build type 'ament_python'
[15.643s] Level 1:colcon.colcon_core.shell:create_environment_hook('yolov8_ros', 'ament_prefix_path')
[15.643s] INFO:colcon.colcon_core.shell:Creating environment hook '/home/robert/Projects/ros_ws/src/general/install/yolov8_ros/share/yolov8_ros/hook/ament_prefix_path.ps1'
[15.644s] INFO:colcon.colcon_core.shell:Creating environment descriptor '/home/robert/Projects/ros_ws/src/general/install/yolov8_ros/share/yolov8_ros/hook/ament_prefix_path.dsv'
[15.644s] INFO:colcon.colcon_core.shell:Creating environment hook '/home/robert/Projects/ros_ws/src/general/install/yolov8_ros/share/yolov8_ros/hook/ament_prefix_path.sh'
[15.645s] INFO:colcon.colcon_core.shell:Skip shell extension 'powershell' for command environment: Not usable outside of PowerShell
[15.645s] DEBUG:colcon.colcon_core.shell:Skip shell extension 'dsv' for command environment
[15.647s] INFO:colcon.colcon_ros.task.ament_cmake.build:Building ROS package in '/home/robert/Projects/ros_ws/src/general/comp_tasks' with build type 'ament_cmake'
[15.647s] INFO:colcon.colcon_cmake.task.cmake.build:Building CMake package in '/home/robert/Projects/ros_ws/src/general/comp_tasks'
[15.648s] INFO:colcon.colcon_core.shell:Skip shell extension 'powershell' for command environment: Not usable outside of PowerShell
[15.648s] DEBUG:colcon.colcon_core.shell:Skip shell extension 'dsv' for command environment
[15.902s] INFO:colcon.colcon_core.task.python.build:Building Python package in '/home/robert/Projects/ros_ws/src/general/yolov8_ros/yolov8_ros'
[15.902s] INFO:colcon.colcon_core.shell:Skip shell extension 'powershell' for command environment: Not usable outside of PowerShell
[15.902s] DEBUG:colcon.colcon_core.shell:Skip shell extension 'dsv' for command environment
[15.908s] DEBUG:colcon.colcon_core.event_handler.log_command:Invoking command in '/home/robert/Projects/ros_ws/src/general/build/comp_tasks': AMENT_PREFIX_PATH=/home/robert/Projects/ros_ws/src/general/install/yolov8_msgs:/home/robert/Projects/ros_ws/src/general/install/comp_tasks_interfaces:${AMENT_PREFIX_PATH} CMAKE_PREFIX_PATH=/home/robert/Projects/ros_ws/src/general/install/yolov8_msgs:/home/robert/Projects/ros_ws/src/general/install/comp_tasks_interfaces:/opt/ros/humble LD_LIBRARY_PATH=/home/robert/Projects/ros_ws/src/general/install/yolov8_msgs/lib:/home/robert/Projects/ros_ws/src/general/install/comp_tasks_interfaces/lib:${LD_LIBRARY_PATH} PYTHONPATH=/home/robert/Projects/ros_ws/src/general/install/yolov8_msgs/local/lib/python3.10/dist-packages:/home/robert/Projects/ros_ws/src/general/install/comp_tasks_interfaces/local/lib/python3.10/dist-packages:${PYTHONPATH} /usr/bin/cmake /home/robert/Projects/ros_ws/src/general/comp_tasks -DCMAKE_INSTALL_PREFIX=/home/robert/Projects/ros_ws/src/general/install/comp_tasks
[16.300s] DEBUG:colcon.colcon_core.event_handler.log_command:Invoking command in '/home/robert/Projects/ros_ws/src/general/yolov8_ros/yolov8_ros': AMENT_PREFIX_PATH=/home/robert/Projects/ros_ws/src/general/install/yolov8_msgs:${AMENT_PREFIX_PATH} CMAKE_PREFIX_PATH=/home/robert/Projects/ros_ws/src/general/install/yolov8_msgs LD_LIBRARY_PATH=/home/robert/Projects/ros_ws/src/general/install/yolov8_msgs/lib:${LD_LIBRARY_PATH} PYTHONPATH=/home/robert/Projects/ros_ws/src/general/build/yolov8_ros/prefix_override:/usr/lib/python3/dist-packages/colcon_core/task/python/colcon_distutils_commands:/home/robert/Projects/ros_ws/src/general/install/yolov8_ros/lib/python3.10/site-packages:/home/robert/Projects/ros_ws/src/general/install/yolov8_msgs/local/lib/python3.10/dist-packages:${PYTHONPATH} /usr/bin/python3 -W ignore:setup.py install is deprecated -W ignore:easy_install command is deprecated setup.py egg_info --egg-base ../../build/yolov8_ros build --build-base /home/robert/Projects/ros_ws/src/general/build/yolov8_ros/build install --record /home/robert/Projects/ros_ws/src/general/build/yolov8_ros/install.log --single-version-externally-managed install_data
[16.585s] Level 1:colcon.colcon_core.environment:checking '/home/robert/Projects/ros_ws/src/general/install/yolov8_ros' for CMake module files
[16.585s] DEBUG:colcon.colcon_core.event_handler.log_command:Invoked command in '/home/robert/Projects/ros_ws/src/general/yolov8_ros/yolov8_ros' returned '0': AMENT_PREFIX_PATH=/home/robert/Projects/ros_ws/src/general/install/yolov8_msgs:${AMENT_PREFIX_PATH} CMAKE_PREFIX_PATH=/home/robert/Projects/ros_ws/src/general/install/yolov8_msgs LD_LIBRARY_PATH=/home/robert/Projects/ros_ws/src/general/install/yolov8_msgs/lib:${LD_LIBRARY_PATH} PYTHONPATH=/home/robert/Projects/ros_ws/src/general/build/yolov8_ros/prefix_override:/usr/lib/python3/dist-packages/colcon_core/task/python/colcon_distutils_commands:/home/robert/Projects/ros_ws/src/general/install/yolov8_ros/lib/python3.10/site-packages:/home/robert/Projects/ros_ws/src/general/install/yolov8_msgs/local/lib/python3.10/dist-packages:${PYTHONPATH} /usr/bin/python3 -W ignore:setup.py install is deprecated -W ignore:easy_install command is deprecated setup.py egg_info --egg-base ../../build/yolov8_ros build --build-base /home/robert/Projects/ros_ws/src/general/build/yolov8_ros/build install --record /home/robert/Projects/ros_ws/src/general/build/yolov8_ros/install.log --single-version-externally-managed install_data
[16.586s] Level 1:colcon.colcon_core.environment:checking '/home/robert/Projects/ros_ws/src/general/install/yolov8_ros' for CMake config files
[16.586s] Level 1:colcon.colcon_core.environment:checking '/home/robert/Projects/ros_ws/src/general/install/yolov8_ros/lib'
[16.586s] Level 1:colcon.colcon_core.environment:checking '/home/robert/Projects/ros_ws/src/general/install/yolov8_ros/bin'
[16.586s] Level 1:colcon.colcon_core.environment:checking '/home/robert/Projects/ros_ws/src/general/install/yolov8_ros/lib/pkgconfig/yolov8_ros.pc'
[16.586s] Level 1:colcon.colcon_core.environment:checking '/home/robert/Projects/ros_ws/src/general/install/yolov8_ros/lib/python3.10/site-packages'
[16.587s] Level 1:colcon.colcon_core.shell:create_environment_hook('yolov8_ros', 'pythonpath')
[16.587s] INFO:colcon.colcon_core.shell:Creating environment hook '/home/robert/Projects/ros_ws/src/general/install/yolov8_ros/share/yolov8_ros/hook/pythonpath.ps1'
[16.587s] INFO:colcon.colcon_core.shell:Creating environment descriptor '/home/robert/Projects/ros_ws/src/general/install/yolov8_ros/share/yolov8_ros/hook/pythonpath.dsv'
[16.587s] INFO:colcon.colcon_core.shell:Creating environment hook '/home/robert/Projects/ros_ws/src/general/install/yolov8_ros/share/yolov8_ros/hook/pythonpath.sh'
[16.588s] Level 1:colcon.colcon_core.environment:checking '/home/robert/Projects/ros_ws/src/general/install/yolov8_ros/bin'
[16.588s] Level 1:colcon.colcon_core.environment:create_environment_scripts_only(yolov8_ros)
[16.588s] INFO:colcon.colcon_core.shell:Creating package script '/home/robert/Projects/ros_ws/src/general/install/yolov8_ros/share/yolov8_ros/package.ps1'
[16.589s] INFO:colcon.colcon_core.shell:Creating package descriptor '/home/robert/Projects/ros_ws/src/general/install/yolov8_ros/share/yolov8_ros/package.dsv'
[16.589s] INFO:colcon.colcon_core.shell:Creating package script '/home/robert/Projects/ros_ws/src/general/install/yolov8_ros/share/yolov8_ros/package.sh'
[16.589s] INFO:colcon.colcon_core.shell:Creating package script '/home/robert/Projects/ros_ws/src/general/install/yolov8_ros/share/yolov8_ros/package.bash'
[16.589s] INFO:colcon.colcon_core.shell:Creating package script '/home/robert/Projects/ros_ws/src/general/install/yolov8_ros/share/yolov8_ros/package.zsh'
[16.590s] Level 1:colcon.colcon_core.environment:create_file_with_runtime_dependencies(/home/robert/Projects/ros_ws/src/general/install/yolov8_ros/share/colcon-core/packages/yolov8_ros)
[16.590s] INFO:colcon.colcon_ros.task.ament_cmake.build:Building ROS package in '/home/robert/Projects/ros_ws/src/general/yolov8_ros/yolov8_bringup' with build type 'ament_cmake'
[16.590s] INFO:colcon.colcon_cmake.task.cmake.build:Building CMake package in '/home/robert/Projects/ros_ws/src/general/yolov8_ros/yolov8_bringup'
[16.590s] INFO:colcon.colcon_core.shell:Skip shell extension 'powershell' for command environment: Not usable outside of PowerShell
[16.590s] DEBUG:colcon.colcon_core.shell:Skip shell extension 'dsv' for command environment
[16.599s] DEBUG:colcon.colcon_core.event_handler.log_command:Invoking command in '/home/robert/Projects/ros_ws/src/general/build/yolov8_bringup': AMENT_PREFIX_PATH=/home/robert/Projects/ros_ws/src/general/install/yolov8_ros:/home/robert/Projects/ros_ws/src/general/install/yolov8_msgs:${AMENT_PREFIX_PATH} CMAKE_PREFIX_PATH=/home/robert/Projects/ros_ws/src/general/install/yolov8_msgs:/opt/ros/humble LD_LIBRARY_PATH=/home/robert/Projects/ros_ws/src/general/install/yolov8_msgs/lib:${LD_LIBRARY_PATH} PYTHONPATH=/home/robert/Projects/ros_ws/src/general/install/yolov8_ros/lib/python3.10/site-packages:/home/robert/Projects/ros_ws/src/general/install/yolov8_msgs/local/lib/python3.10/dist-packages:${PYTHONPATH} /usr/bin/cmake /home/robert/Projects/ros_ws/src/general/yolov8_ros/yolov8_bringup -DCMAKE_INSTALL_PREFIX=/home/robert/Projects/ros_ws/src/general/install/yolov8_bringup
[17.184s] DEBUG:colcon.colcon_core.event_handler.log_command:Invoked command in '/home/robert/Projects/ros_ws/src/general/build/yolov8_bringup' returned '0': AMENT_PREFIX_PATH=/home/robert/Projects/ros_ws/src/general/install/yolov8_ros:/home/robert/Projects/ros_ws/src/general/install/yolov8_msgs:${AMENT_PREFIX_PATH} CMAKE_PREFIX_PATH=/home/robert/Projects/ros_ws/src/general/install/yolov8_msgs:/opt/ros/humble LD_LIBRARY_PATH=/home/robert/Projects/ros_ws/src/general/install/yolov8_msgs/lib:${LD_LIBRARY_PATH} PYTHONPATH=/home/robert/Projects/ros_ws/src/general/install/yolov8_ros/lib/python3.10/site-packages:/home/robert/Projects/ros_ws/src/general/install/yolov8_msgs/local/lib/python3.10/dist-packages:${PYTHONPATH} /usr/bin/cmake /home/robert/Projects/ros_ws/src/general/yolov8_ros/yolov8_bringup -DCMAKE_INSTALL_PREFIX=/home/robert/Projects/ros_ws/src/general/install/yolov8_bringup
[17.185s] DEBUG:colcon.colcon_core.event_handler.log_command:Invoking command in '/home/robert/Projects/ros_ws/src/general/build/yolov8_bringup': AMENT_PREFIX_PATH=/home/robert/Projects/ros_ws/src/general/install/yolov8_ros:/home/robert/Projects/ros_ws/src/general/install/yolov8_msgs:${AMENT_PREFIX_PATH} CMAKE_PREFIX_PATH=/home/robert/Projects/ros_ws/src/general/install/yolov8_msgs:/opt/ros/humble LD_LIBRARY_PATH=/home/robert/Projects/ros_ws/src/general/install/yolov8_msgs/lib:${LD_LIBRARY_PATH} PYTHONPATH=/home/robert/Projects/ros_ws/src/general/install/yolov8_ros/lib/python3.10/site-packages:/home/robert/Projects/ros_ws/src/general/install/yolov8_msgs/local/lib/python3.10/dist-packages:${PYTHONPATH} /usr/bin/cmake --build /home/robert/Projects/ros_ws/src/general/build/yolov8_bringup -- -j12 -l12
[17.221s] DEBUG:colcon.colcon_core.event_handler.log_command:Invoked command in '/home/robert/Projects/ros_ws/src/general/build/yolov8_bringup' returned '0': AMENT_PREFIX_PATH=/home/robert/Projects/ros_ws/src/general/install/yolov8_ros:/home/robert/Projects/ros_ws/src/general/install/yolov8_msgs:${AMENT_PREFIX_PATH} CMAKE_PREFIX_PATH=/home/robert/Projects/ros_ws/src/general/install/yolov8_msgs:/opt/ros/humble LD_LIBRARY_PATH=/home/robert/Projects/ros_ws/src/general/install/yolov8_msgs/lib:${LD_LIBRARY_PATH} PYTHONPATH=/home/robert/Projects/ros_ws/src/general/install/yolov8_ros/lib/python3.10/site-packages:/home/robert/Projects/ros_ws/src/general/install/yolov8_msgs/local/lib/python3.10/dist-packages:${PYTHONPATH} /usr/bin/cmake --build /home/robert/Projects/ros_ws/src/general/build/yolov8_bringup -- -j12 -l12
[17.222s] DEBUG:colcon.colcon_core.event_handler.log_command:Invoking command in '/home/robert/Projects/ros_ws/src/general/build/yolov8_bringup': AMENT_PREFIX_PATH=/home/robert/Projects/ros_ws/src/general/install/yolov8_ros:/home/robert/Projects/ros_ws/src/general/install/yolov8_msgs:${AMENT_PREFIX_PATH} CMAKE_PREFIX_PATH=/home/robert/Projects/ros_ws/src/general/install/yolov8_msgs:/opt/ros/humble LD_LIBRARY_PATH=/home/robert/Projects/ros_ws/src/general/install/yolov8_msgs/lib:${LD_LIBRARY_PATH} PYTHONPATH=/home/robert/Projects/ros_ws/src/general/install/yolov8_ros/lib/python3.10/site-packages:/home/robert/Projects/ros_ws/src/general/install/yolov8_msgs/local/lib/python3.10/dist-packages:${PYTHONPATH} /usr/bin/cmake --install /home/robert/Projects/ros_ws/src/general/build/yolov8_bringup
[17.233s] Level 1:colcon.colcon_core.environment:create_environment_scripts_only(yolov8_bringup)
[17.234s] Level 1:colcon.colcon_core.environment:checking '/home/robert/Projects/ros_ws/src/general/install/yolov8_bringup' for CMake module files
[17.234s] DEBUG:colcon.colcon_core.event_handler.log_command:Invoked command in '/home/robert/Projects/ros_ws/src/general/build/yolov8_bringup' returned '0': AMENT_PREFIX_PATH=/home/robert/Projects/ros_ws/src/general/install/yolov8_ros:/home/robert/Projects/ros_ws/src/general/install/yolov8_msgs:${AMENT_PREFIX_PATH} CMAKE_PREFIX_PATH=/home/robert/Projects/ros_ws/src/general/install/yolov8_msgs:/opt/ros/humble LD_LIBRARY_PATH=/home/robert/Projects/ros_ws/src/general/install/yolov8_msgs/lib:${LD_LIBRARY_PATH} PYTHONPATH=/home/robert/Projects/ros_ws/src/general/install/yolov8_ros/lib/python3.10/site-packages:/home/robert/Projects/ros_ws/src/general/install/yolov8_msgs/local/lib/python3.10/dist-packages:${PYTHONPATH} /usr/bin/cmake --install /home/robert/Projects/ros_ws/src/general/build/yolov8_bringup
[17.234s] Level 1:colcon.colcon_core.environment:checking '/home/robert/Projects/ros_ws/src/general/install/yolov8_bringup' for CMake config files
[17.235s] Level 1:colcon.colcon_core.shell:create_environment_hook('yolov8_bringup', 'cmake_prefix_path')
[17.235s] INFO:colcon.colcon_core.shell:Creating environment hook '/home/robert/Projects/ros_ws/src/general/install/yolov8_bringup/share/yolov8_bringup/hook/cmake_prefix_path.ps1'
[17.235s] INFO:colcon.colcon_core.shell:Creating environment descriptor '/home/robert/Projects/ros_ws/src/general/install/yolov8_bringup/share/yolov8_bringup/hook/cmake_prefix_path.dsv'
[17.236s] INFO:colcon.colcon_core.shell:Creating environment hook '/home/robert/Projects/ros_ws/src/general/install/yolov8_bringup/share/yolov8_bringup/hook/cmake_prefix_path.sh'
[17.236s] Level 1:colcon.colcon_core.environment:checking '/home/robert/Projects/ros_ws/src/general/install/yolov8_bringup/bin'
[17.236s] Level 1:colcon.colcon_core.environment:checking '/home/robert/Projects/ros_ws/src/general/install/yolov8_bringup/lib/pkgconfig/yolov8_bringup.pc'
[17.236s] Level 1:colcon.colcon_core.environment:checking '/home/robert/Projects/ros_ws/src/general/install/yolov8_bringup/lib/python3.10/site-packages'
[17.237s] Level 1:colcon.colcon_core.environment:checking '/home/robert/Projects/ros_ws/src/general/install/yolov8_bringup/bin'
[17.237s] INFO:colcon.colcon_core.shell:Creating package script '/home/robert/Projects/ros_ws/src/general/install/yolov8_bringup/share/yolov8_bringup/package.ps1'
[17.237s] INFO:colcon.colcon_core.shell:Creating package descriptor '/home/robert/Projects/ros_ws/src/general/install/yolov8_bringup/share/yolov8_bringup/package.dsv'
[17.238s] INFO:colcon.colcon_core.shell:Creating package script '/home/robert/Projects/ros_ws/src/general/install/yolov8_bringup/share/yolov8_bringup/package.sh'
[17.238s] INFO:colcon.colcon_core.shell:Creating package script '/home/robert/Projects/ros_ws/src/general/install/yolov8_bringup/share/yolov8_bringup/package.bash'
[17.238s] INFO:colcon.colcon_core.shell:Creating package script '/home/robert/Projects/ros_ws/src/general/install/yolov8_bringup/share/yolov8_bringup/package.zsh'
[17.238s] Level 1:colcon.colcon_core.environment:create_file_with_runtime_dependencies(/home/robert/Projects/ros_ws/src/general/install/yolov8_bringup/share/colcon-core/packages/yolov8_bringup)
[17.239s] Level 1:colcon.colcon_core.environment:create_environment_scripts_only(yolov8_bringup)
[17.239s] Level 1:colcon.colcon_core.environment:checking '/home/robert/Projects/ros_ws/src/general/install/yolov8_bringup' for CMake module files
[17.239s] Level 1:colcon.colcon_core.environment:checking '/home/robert/Projects/ros_ws/src/general/install/yolov8_bringup' for CMake config files
[17.240s] Level 1:colcon.colcon_core.shell:create_environment_hook('yolov8_bringup', 'cmake_prefix_path')
[17.240s] INFO:colcon.colcon_core.shell:Creating environment hook '/home/robert/Projects/ros_ws/src/general/install/yolov8_bringup/share/yolov8_bringup/hook/cmake_prefix_path.ps1'
[17.240s] INFO:colcon.colcon_core.shell:Creating environment descriptor '/home/robert/Projects/ros_ws/src/general/install/yolov8_bringup/share/yolov8_bringup/hook/cmake_prefix_path.dsv'
[17.241s] INFO:colcon.colcon_core.shell:Creating environment hook '/home/robert/Projects/ros_ws/src/general/install/yolov8_bringup/share/yolov8_bringup/hook/cmake_prefix_path.sh'
[17.241s] Level 1:colcon.colcon_core.environment:checking '/home/robert/Projects/ros_ws/src/general/install/yolov8_bringup/bin'
[17.242s] Level 1:colcon.colcon_core.environment:checking '/home/robert/Projects/ros_ws/src/general/install/yolov8_bringup/lib/pkgconfig/yolov8_bringup.pc'
[17.242s] Level 1:colcon.colcon_core.environment:checking '/home/robert/Projects/ros_ws/src/general/install/yolov8_bringup/lib/python3.10/site-packages'
[17.242s] Level 1:colcon.colcon_core.environment:checking '/home/robert/Projects/ros_ws/src/general/install/yolov8_bringup/bin'
[17.242s] INFO:colcon.colcon_core.shell:Creating package script '/home/robert/Projects/ros_ws/src/general/install/yolov8_bringup/share/yolov8_bringup/package.ps1'
[17.243s] INFO:colcon.colcon_core.shell:Creating package descriptor '/home/robert/Projects/ros_ws/src/general/install/yolov8_bringup/share/yolov8_bringup/package.dsv'
[17.243s] INFO:colcon.colcon_core.shell:Creating package script '/home/robert/Projects/ros_ws/src/general/install/yolov8_bringup/share/yolov8_bringup/package.sh'
[17.244s] INFO:colcon.colcon_core.shell:Creating package script '/home/robert/Projects/ros_ws/src/general/install/yolov8_bringup/share/yolov8_bringup/package.bash'
[17.244s] INFO:colcon.colcon_core.shell:Creating package script '/home/robert/Projects/ros_ws/src/general/install/yolov8_bringup/share/yolov8_bringup/package.zsh'
[17.245s] Level 1:colcon.colcon_core.environment:create_file_with_runtime_dependencies(/home/robert/Projects/ros_ws/src/general/install/yolov8_bringup/share/colcon-core/packages/yolov8_bringup)
[17.301s] DEBUG:colcon.colcon_core.event_handler.log_command:Invoked command in '/home/robert/Projects/ros_ws/src/general/build/comp_tasks' returned '1': AMENT_PREFIX_PATH=/home/robert/Projects/ros_ws/src/general/install/yolov8_msgs:/home/robert/Projects/ros_ws/src/general/install/comp_tasks_interfaces:${AMENT_PREFIX_PATH} CMAKE_PREFIX_PATH=/home/robert/Projects/ros_ws/src/general/install/yolov8_msgs:/home/robert/Projects/ros_ws/src/general/install/comp_tasks_interfaces:/opt/ros/humble LD_LIBRARY_PATH=/home/robert/Projects/ros_ws/src/general/install/yolov8_msgs/lib:/home/robert/Projects/ros_ws/src/general/install/comp_tasks_interfaces/lib:${LD_LIBRARY_PATH} PYTHONPATH=/home/robert/Projects/ros_ws/src/general/install/yolov8_msgs/local/lib/python3.10/dist-packages:/home/robert/Projects/ros_ws/src/general/install/comp_tasks_interfaces/local/lib/python3.10/dist-packages:${PYTHONPATH} /usr/bin/cmake /home/robert/Projects/ros_ws/src/general/comp_tasks -DCMAKE_INSTALL_PREFIX=/home/robert/Projects/ros_ws/src/general/install/comp_tasks
[17.312s] Level 1:colcon.colcon_core.environment:create_environment_scripts_only(comp_tasks)
[17.312s] Level 1:colcon.colcon_core.environment:checking '/home/robert/Projects/ros_ws/src/general/install/comp_tasks' for CMake module files
[17.312s] Level 1:colcon.colcon_core.environment:checking '/home/robert/Projects/ros_ws/src/general/install/comp_tasks' for CMake config files
[17.313s] Level 1:colcon.colcon_core.environment:checking '/home/robert/Projects/ros_ws/src/general/install/comp_tasks/bin'
[17.313s] Level 1:colcon.colcon_core.environment:checking '/home/robert/Projects/ros_ws/src/general/install/comp_tasks/lib/pkgconfig/comp_tasks.pc'
[17.313s] Level 1:colcon.colcon_core.environment:checking '/home/robert/Projects/ros_ws/src/general/install/comp_tasks/lib/python3.10/site-packages'
[17.313s] Level 1:colcon.colcon_core.environment:checking '/home/robert/Projects/ros_ws/src/general/install/comp_tasks/bin'
[17.313s] INFO:colcon.colcon_core.shell:Creating package script '/home/robert/Projects/ros_ws/src/general/install/comp_tasks/share/comp_tasks/package.ps1'
[17.314s] INFO:colcon.colcon_core.shell:Creating package descriptor '/home/robert/Projects/ros_ws/src/general/install/comp_tasks/share/comp_tasks/package.dsv'
[17.314s] INFO:colcon.colcon_core.shell:Creating package script '/home/robert/Projects/ros_ws/src/general/install/comp_tasks/share/comp_tasks/package.sh'
[17.314s] INFO:colcon.colcon_core.shell:Creating package script '/home/robert/Projects/ros_ws/src/general/install/comp_tasks/share/comp_tasks/package.bash'
[17.314s] INFO:colcon.colcon_core.shell:Creating package script '/home/robert/Projects/ros_ws/src/general/install/comp_tasks/share/comp_tasks/package.zsh'
[17.315s] Level 1:colcon.colcon_core.environment:create_file_with_runtime_dependencies(/home/robert/Projects/ros_ws/src/general/install/comp_tasks/share/colcon-core/packages/comp_tasks)
[17.325s] DEBUG:colcon.colcon_parallel_executor.executor.parallel:closing loop
[17.325s] DEBUG:colcon.colcon_parallel_executor.executor.parallel:loop closed
[17.325s] DEBUG:colcon.colcon_parallel_executor.executor.parallel:run_until_complete finished with '1'
[17.325s] DEBUG:colcon.colcon_core.event_reactor:joining thread
[17.330s] INFO:colcon.colcon_core.plugin_system:Skipping extension 'colcon_notification.desktop_notification.terminal_notifier': Not used on non-Darwin systems
[17.330s] INFO:colcon.colcon_core.plugin_system:Skipping extension 'colcon_notification.desktop_notification.win32': Not used on non-Windows systems
[17.331s] INFO:colcon.colcon_notification.desktop_notification:Sending desktop notification using 'notify2'
[17.340s] DEBUG:colcon.colcon_core.event_reactor:joined thread
[17.340s] INFO:colcon.colcon_core.shell:Creating prefix script '/home/robert/Projects/ros_ws/src/general/install/local_setup.ps1'
[17.341s] INFO:colcon.colcon_core.shell:Creating prefix util module '/home/robert/Projects/ros_ws/src/general/install/_local_setup_util_ps1.py'
[17.342s] INFO:colcon.colcon_core.shell:Creating prefix chain script '/home/robert/Projects/ros_ws/src/general/install/setup.ps1'
[17.343s] INFO:colcon.colcon_core.shell:Creating prefix script '/home/robert/Projects/ros_ws/src/general/install/local_setup.sh'
[17.344s] INFO:colcon.colcon_core.shell:Creating prefix util module '/home/robert/Projects/ros_ws/src/general/install/_local_setup_util_sh.py'
[17.344s] INFO:colcon.colcon_core.shell:Creating prefix chain script '/home/robert/Projects/ros_ws/src/general/install/setup.sh'
[17.345s] INFO:colcon.colcon_core.shell:Creating prefix script '/home/robert/Projects/ros_ws/src/general/install/local_setup.bash'
[17.346s] INFO:colcon.colcon_core.shell:Creating prefix chain script '/home/robert/Projects/ros_ws/src/general/install/setup.bash'
[17.346s] INFO:colcon.colcon_core.shell:Creating prefix script '/home/robert/Projects/ros_ws/src/general/install/local_setup.zsh'
[17.347s] INFO:colcon.colcon_core.shell:Creating prefix chain script '/home/robert/Projects/ros_ws/src/general/install/setup.zsh'
