[35m[1mConsolidate compiler generated dependencies of target comp_tasks_interfaces__rosidl_generator_c[0m
[  1%] Built target comp_tasks_interfaces__cpp
[ 12%] Built target comp_tasks_interfaces__rosidl_generator_c
[ 12%] Built target ament_cmake_python_copy_comp_tasks_interfaces
[35m[1mConsolidate compiler generated dependencies of target comp_tasks_interfaces__rosidl_typesupport_c[0m
[35m[1mConsolidate compiler generated dependencies of target comp_tasks_interfaces__rosidl_typesupport_introspection_c[0m
[35m[1mConsolidate compiler generated dependencies of target comp_tasks_interfaces__rosidl_typesupport_cpp[0m
[35m[1mConsolidate compiler generated dependencies of target comp_tasks_interfaces__rosidl_typesupport_fastrtps_cpp[0m
[35m[1mConsolidate compiler generated dependencies of target comp_tasks_interfaces__rosidl_typesupport_introspection_cpp[0m
[35m[1mConsolidate compiler generated dependencies of target comp_tasks_interfaces__rosidl_typesupport_fastrtps_c[0m
[ 23%] Built target comp_tasks_interfaces__rosidl_typesupport_c
[ 34%] Built target comp_tasks_interfaces__rosidl_typesupport_introspection_c
[ 46%] Built target comp_tasks_interfaces__rosidl_typesupport_introspection_cpp
[ 57%] Built target comp_tasks_interfaces__rosidl_typesupport_fastrtps_cpp
[ 68%] Built target comp_tasks_interfaces__rosidl_typesupport_fastrtps_c
[ 79%] Built target comp_tasks_interfaces__rosidl_typesupport_cpp
[ 79%] Built target comp_tasks_interfaces
[ 80%] Built target comp_tasks_interfaces__py
[35m[1mConsolidate compiler generated dependencies of target comp_tasks_interfaces__rosidl_generator_py[0m
[ 90%] Built target comp_tasks_interfaces__rosidl_generator_py
[35m[1mConsolidate compiler generated dependencies of target comp_tasks_interfaces__rosidl_typesupport_c__pyext[0m
[35m[1mConsolidate compiler generated dependencies of target comp_tasks_interfaces__rosidl_typesupport_introspection_c__pyext[0m
[35m[1mConsolidate compiler generated dependencies of target comp_tasks_interfaces__rosidl_typesupport_fastrtps_c__pyext[0m
[ 93%] Built target comp_tasks_interfaces__rosidl_typesupport_introspection_c__pyext
[ 96%] Built target comp_tasks_interfaces__rosidl_typesupport_c__pyext
[100%] Built target comp_tasks_interfaces__rosidl_typesupport_fastrtps_c__pyext
running egg_info
writing comp_tasks_interfaces.egg-info/PKG-INFO
writing dependency_links to comp_tasks_interfaces.egg-info/dependency_links.txt
writing top-level names to comp_tasks_interfaces.egg-info/top_level.txt
reading manifest file 'comp_tasks_interfaces.egg-info/SOURCES.txt'
writing manifest file 'comp_tasks_interfaces.egg-info/SOURCES.txt'
[100%] Built target ament_cmake_python_build_comp_tasks_interfaces_egg
-- Install configuration: ""
-- Up-to-date: /home/robert/Projects/ros_ws/src/general/install/comp_tasks_interfaces/share/ament_index/resource_index/rosidl_interfaces/comp_tasks_interfaces
-- Up-to-date: /home/robert/Projects/ros_ws/src/general/install/comp_tasks_interfaces/include/comp_tasks_interfaces/comp_tasks_interfaces
-- Up-to-date: /home/robert/Projects/ros_ws/src/general/install/comp_tasks_interfaces/include/comp_tasks_interfaces/comp_tasks_interfaces/msg
-- Up-to-date: /home/robert/Projects/ros_ws/src/general/install/comp_tasks_interfaces/include/comp_tasks_interfaces/comp_tasks_interfaces/msg/detail
-- Up-to-date: /home/robert/Projects/ros_ws/src/general/install/comp_tasks_interfaces/include/comp_tasks_interfaces/comp_tasks_interfaces/msg/detail/simplified_detection__type_support.h
-- Up-to-date: /home/robert/Projects/ros_ws/src/general/install/comp_tasks_interfaces/include/comp_tasks_interfaces/comp_tasks_interfaces/msg/detail/simplified_detection_array__functions.c
-- Up-to-date: /home/robert/Projects/ros_ws/src/general/install/comp_tasks_interfaces/include/comp_tasks_interfaces/comp_tasks_interfaces/msg/detail/task__type_support.h
-- Up-to-date: /home/robert/Projects/ros_ws/src/general/install/comp_tasks_interfaces/include/comp_tasks_interfaces/comp_tasks_interfaces/msg/detail/simplified_detection_array__functions.h
-- Up-to-date: /home/robert/Projects/ros_ws/src/general/install/comp_tasks_interfaces/include/comp_tasks_interfaces/comp_tasks_interfaces/msg/detail/task__functions.h
-- Up-to-date: /home/robert/Projects/ros_ws/src/general/install/comp_tasks_interfaces/include/comp_tasks_interfaces/comp_tasks_interfaces/msg/detail/simplified_detection_array__type_support.h
-- Up-to-date: /home/robert/Projects/ros_ws/src/general/install/comp_tasks_interfaces/include/comp_tasks_interfaces/comp_tasks_interfaces/msg/detail/start_task__type_support.h
-- Up-to-date: /home/robert/Projects/ros_ws/src/general/install/comp_tasks_interfaces/include/comp_tasks_interfaces/comp_tasks_interfaces/msg/detail/start_task__functions.h
-- Up-to-date: /home/robert/Projects/ros_ws/src/general/install/comp_tasks_interfaces/include/comp_tasks_interfaces/comp_tasks_interfaces/msg/detail/start_task__functions.c
-- Up-to-date: /home/robert/Projects/ros_ws/src/general/install/comp_tasks_interfaces/include/comp_tasks_interfaces/comp_tasks_interfaces/msg/detail/simplified_detection__functions.c
-- Up-to-date: /home/robert/Projects/ros_ws/src/general/install/comp_tasks_interfaces/include/comp_tasks_interfaces/comp_tasks_interfaces/msg/detail/simplified_detection_array__struct.h
-- Up-to-date: /home/robert/Projects/ros_ws/src/general/install/comp_tasks_interfaces/include/comp_tasks_interfaces/comp_tasks_interfaces/msg/detail/start_task__struct.h
-- Up-to-date: /home/robert/Projects/ros_ws/src/general/install/comp_tasks_interfaces/include/comp_tasks_interfaces/comp_tasks_interfaces/msg/detail/simplified_detection__functions.h
-- Up-to-date: /home/robert/Projects/ros_ws/src/general/install/comp_tasks_interfaces/include/comp_tasks_interfaces/comp_tasks_interfaces/msg/detail/simplified_detection__struct.h
-- Up-to-date: /home/robert/Projects/ros_ws/src/general/install/comp_tasks_interfaces/include/comp_tasks_interfaces/comp_tasks_interfaces/msg/detail/task__struct.h
-- Up-to-date: /home/robert/Projects/ros_ws/src/general/install/comp_tasks_interfaces/include/comp_tasks_interfaces/comp_tasks_interfaces/msg/detail/task__functions.c
-- Up-to-date: /home/robert/Projects/ros_ws/src/general/install/comp_tasks_interfaces/include/comp_tasks_interfaces/comp_tasks_interfaces/msg/simplified_detection.h
-- Up-to-date: /home/robert/Projects/ros_ws/src/general/install/comp_tasks_interfaces/include/comp_tasks_interfaces/comp_tasks_interfaces/msg/start_task.h
-- Up-to-date: /home/robert/Projects/ros_ws/src/general/install/comp_tasks_interfaces/include/comp_tasks_interfaces/comp_tasks_interfaces/msg/simplified_detection_array.h
-- Up-to-date: /home/robert/Projects/ros_ws/src/general/install/comp_tasks_interfaces/include/comp_tasks_interfaces/comp_tasks_interfaces/msg/task.h
-- Up-to-date: /home/robert/Projects/ros_ws/src/general/install/comp_tasks_interfaces/include/comp_tasks_interfaces/comp_tasks_interfaces/msg/rosidl_generator_c__visibility_control.h
-- Up-to-date: /home/robert/Projects/ros_ws/src/general/install/comp_tasks_interfaces/include/comp_tasks_interfaces/comp_tasks_interfaces/action
-- Up-to-date: /home/robert/Projects/ros_ws/src/general/install/comp_tasks_interfaces/include/comp_tasks_interfaces/comp_tasks_interfaces/action/detail
-- Up-to-date: /home/robert/Projects/ros_ws/src/general/install/comp_tasks_interfaces/include/comp_tasks_interfaces/comp_tasks_interfaces/action/detail/task_signal__functions.c
-- Up-to-date: /home/robert/Projects/ros_ws/src/general/install/comp_tasks_interfaces/include/comp_tasks_interfaces/comp_tasks_interfaces/action/detail/task_signal__struct.h
-- Up-to-date: /home/robert/Projects/ros_ws/src/general/install/comp_tasks_interfaces/include/comp_tasks_interfaces/comp_tasks_interfaces/action/detail/task_signal__functions.h
-- Up-to-date: /home/robert/Projects/ros_ws/src/general/install/comp_tasks_interfaces/include/comp_tasks_interfaces/comp_tasks_interfaces/action/detail/task_signal__type_support.h
-- Up-to-date: /home/robert/Projects/ros_ws/src/general/install/comp_tasks_interfaces/include/comp_tasks_interfaces/comp_tasks_interfaces/action/task_signal.h
-- Up-to-date: /home/robert/Projects/ros_ws/src/general/install/comp_tasks_interfaces/share/comp_tasks_interfaces/environment/library_path.sh
-- Up-to-date: /home/robert/Projects/ros_ws/src/general/install/comp_tasks_interfaces/share/comp_tasks_interfaces/environment/library_path.dsv
-- Up-to-date: /home/robert/Projects/ros_ws/src/general/install/comp_tasks_interfaces/lib/libcomp_tasks_interfaces__rosidl_generator_c.so
-- Up-to-date: /home/robert/Projects/ros_ws/src/general/install/comp_tasks_interfaces/include/comp_tasks_interfaces/comp_tasks_interfaces
-- Up-to-date: /home/robert/Projects/ros_ws/src/general/install/comp_tasks_interfaces/include/comp_tasks_interfaces/comp_tasks_interfaces/msg
-- Up-to-date: /home/robert/Projects/ros_ws/src/general/install/comp_tasks_interfaces/include/comp_tasks_interfaces/comp_tasks_interfaces/msg/detail
-- Up-to-date: /home/robert/Projects/ros_ws/src/general/install/comp_tasks_interfaces/include/comp_tasks_interfaces/comp_tasks_interfaces/msg/detail/task__rosidl_typesupport_fastrtps_c.h
-- Up-to-date: /home/robert/Projects/ros_ws/src/general/install/comp_tasks_interfaces/include/comp_tasks_interfaces/comp_tasks_interfaces/msg/detail/simplified_detection_array__rosidl_typesupport_fastrtps_c.h
-- Up-to-date: /home/robert/Projects/ros_ws/src/general/install/comp_tasks_interfaces/include/comp_tasks_interfaces/comp_tasks_interfaces/msg/detail/start_task__rosidl_typesupport_fastrtps_c.h
-- Up-to-date: /home/robert/Projects/ros_ws/src/general/install/comp_tasks_interfaces/include/comp_tasks_interfaces/comp_tasks_interfaces/msg/detail/simplified_detection__rosidl_typesupport_fastrtps_c.h
-- Up-to-date: /home/robert/Projects/ros_ws/src/general/install/comp_tasks_interfaces/include/comp_tasks_interfaces/comp_tasks_interfaces/msg/rosidl_typesupport_fastrtps_c__visibility_control.h
-- Up-to-date: /home/robert/Projects/ros_ws/src/general/install/comp_tasks_interfaces/include/comp_tasks_interfaces/comp_tasks_interfaces/action
-- Up-to-date: /home/robert/Projects/ros_ws/src/general/install/comp_tasks_interfaces/include/comp_tasks_interfaces/comp_tasks_interfaces/action/detail
-- Up-to-date: /home/robert/Projects/ros_ws/src/general/install/comp_tasks_interfaces/include/comp_tasks_interfaces/comp_tasks_interfaces/action/detail/task_signal__rosidl_typesupport_fastrtps_c.h
-- Up-to-date: /home/robert/Projects/ros_ws/src/general/install/comp_tasks_interfaces/lib/libcomp_tasks_interfaces__rosidl_typesupport_fastrtps_c.so
-- Up-to-date: /home/robert/Projects/ros_ws/src/general/install/comp_tasks_interfaces/include/comp_tasks_interfaces/comp_tasks_interfaces
-- Up-to-date: /home/robert/Projects/ros_ws/src/general/install/comp_tasks_interfaces/include/comp_tasks_interfaces/comp_tasks_interfaces/msg
-- Up-to-date: /home/robert/Projects/ros_ws/src/general/install/comp_tasks_interfaces/include/comp_tasks_interfaces/comp_tasks_interfaces/msg/detail
-- Up-to-date: /home/robert/Projects/ros_ws/src/general/install/comp_tasks_interfaces/include/comp_tasks_interfaces/comp_tasks_interfaces/msg/detail/task__type_support.hpp
-- Up-to-date: /home/robert/Projects/ros_ws/src/general/install/comp_tasks_interfaces/include/comp_tasks_interfaces/comp_tasks_interfaces/msg/detail/start_task__type_support.hpp
-- Up-to-date: /home/robert/Projects/ros_ws/src/general/install/comp_tasks_interfaces/include/comp_tasks_interfaces/comp_tasks_interfaces/msg/detail/simplified_detection_array__builder.hpp
-- Up-to-date: /home/robert/Projects/ros_ws/src/general/install/comp_tasks_interfaces/include/comp_tasks_interfaces/comp_tasks_interfaces/msg/detail/task__traits.hpp
-- Up-to-date: /home/robert/Projects/ros_ws/src/general/install/comp_tasks_interfaces/include/comp_tasks_interfaces/comp_tasks_interfaces/msg/detail/simplified_detection__struct.hpp
-- Up-to-date: /home/robert/Projects/ros_ws/src/general/install/comp_tasks_interfaces/include/comp_tasks_interfaces/comp_tasks_interfaces/msg/detail/simplified_detection_array__struct.hpp
-- Up-to-date: /home/robert/Projects/ros_ws/src/general/install/comp_tasks_interfaces/include/comp_tasks_interfaces/comp_tasks_interfaces/msg/detail/simplified_detection_array__traits.hpp
-- Up-to-date: /home/robert/Projects/ros_ws/src/general/install/comp_tasks_interfaces/include/comp_tasks_interfaces/comp_tasks_interfaces/msg/detail/simplified_detection__traits.hpp
-- Up-to-date: /home/robert/Projects/ros_ws/src/general/install/comp_tasks_interfaces/include/comp_tasks_interfaces/comp_tasks_interfaces/msg/detail/start_task__builder.hpp
-- Up-to-date: /home/robert/Projects/ros_ws/src/general/install/comp_tasks_interfaces/include/comp_tasks_interfaces/comp_tasks_interfaces/msg/detail/simplified_detection__builder.hpp
-- Up-to-date: /home/robert/Projects/ros_ws/src/general/install/comp_tasks_interfaces/include/comp_tasks_interfaces/comp_tasks_interfaces/msg/detail/simplified_detection__type_support.hpp
-- Up-to-date: /home/robert/Projects/ros_ws/src/general/install/comp_tasks_interfaces/include/comp_tasks_interfaces/comp_tasks_interfaces/msg/detail/start_task__struct.hpp
-- Up-to-date: /home/robert/Projects/ros_ws/src/general/install/comp_tasks_interfaces/include/comp_tasks_interfaces/comp_tasks_interfaces/msg/detail/simplified_detection_array__type_support.hpp
-- Up-to-date: /home/robert/Projects/ros_ws/src/general/install/comp_tasks_interfaces/include/comp_tasks_interfaces/comp_tasks_interfaces/msg/detail/task__builder.hpp
-- Up-to-date: /home/robert/Projects/ros_ws/src/general/install/comp_tasks_interfaces/include/comp_tasks_interfaces/comp_tasks_interfaces/msg/detail/start_task__traits.hpp
-- Up-to-date: /home/robert/Projects/ros_ws/src/general/install/comp_tasks_interfaces/include/comp_tasks_interfaces/comp_tasks_interfaces/msg/detail/task__struct.hpp
-- Up-to-date: /home/robert/Projects/ros_ws/src/general/install/comp_tasks_interfaces/include/comp_tasks_interfaces/comp_tasks_interfaces/msg/start_task.hpp
-- Up-to-date: /home/robert/Projects/ros_ws/src/general/install/comp_tasks_interfaces/include/comp_tasks_interfaces/comp_tasks_interfaces/msg/task.hpp
-- Up-to-date: /home/robert/Projects/ros_ws/src/general/install/comp_tasks_interfaces/include/comp_tasks_interfaces/comp_tasks_interfaces/msg/rosidl_generator_cpp__visibility_control.hpp
-- Up-to-date: /home/robert/Projects/ros_ws/src/general/install/comp_tasks_interfaces/include/comp_tasks_interfaces/comp_tasks_interfaces/msg/simplified_detection_array.hpp
-- Up-to-date: /home/robert/Projects/ros_ws/src/general/install/comp_tasks_interfaces/include/comp_tasks_interfaces/comp_tasks_interfaces/msg/simplified_detection.hpp
-- Up-to-date: /home/robert/Projects/ros_ws/src/general/install/comp_tasks_interfaces/include/comp_tasks_interfaces/comp_tasks_interfaces/action
-- Up-to-date: /home/robert/Projects/ros_ws/src/general/install/comp_tasks_interfaces/include/comp_tasks_interfaces/comp_tasks_interfaces/action/detail
-- Up-to-date: /home/robert/Projects/ros_ws/src/general/install/comp_tasks_interfaces/include/comp_tasks_interfaces/comp_tasks_interfaces/action/detail/task_signal__struct.hpp
-- Up-to-date: /home/robert/Projects/ros_ws/src/general/install/comp_tasks_interfaces/include/comp_tasks_interfaces/comp_tasks_interfaces/action/detail/task_signal__type_support.hpp
-- Up-to-date: /home/robert/Projects/ros_ws/src/general/install/comp_tasks_interfaces/include/comp_tasks_interfaces/comp_tasks_interfaces/action/detail/task_signal__builder.hpp
-- Up-to-date: /home/robert/Projects/ros_ws/src/general/install/comp_tasks_interfaces/include/comp_tasks_interfaces/comp_tasks_interfaces/action/detail/task_signal__traits.hpp
-- Up-to-date: /home/robert/Projects/ros_ws/src/general/install/comp_tasks_interfaces/include/comp_tasks_interfaces/comp_tasks_interfaces/action/task_signal.hpp
-- Up-to-date: /home/robert/Projects/ros_ws/src/general/install/comp_tasks_interfaces/include/comp_tasks_interfaces/comp_tasks_interfaces
-- Up-to-date: /home/robert/Projects/ros_ws/src/general/install/comp_tasks_interfaces/include/comp_tasks_interfaces/comp_tasks_interfaces/msg
-- Up-to-date: /home/robert/Projects/ros_ws/src/general/install/comp_tasks_interfaces/include/comp_tasks_interfaces/comp_tasks_interfaces/msg/detail
-- Up-to-date: /home/robert/Projects/ros_ws/src/general/install/comp_tasks_interfaces/include/comp_tasks_interfaces/comp_tasks_interfaces/msg/detail/simplified_detection_array__rosidl_typesupport_fastrtps_cpp.hpp
-- Up-to-date: /home/robert/Projects/ros_ws/src/general/install/comp_tasks_interfaces/include/comp_tasks_interfaces/comp_tasks_interfaces/msg/detail/task__rosidl_typesupport_fastrtps_cpp.hpp
-- Up-to-date: /home/robert/Projects/ros_ws/src/general/install/comp_tasks_interfaces/include/comp_tasks_interfaces/comp_tasks_interfaces/msg/detail/start_task__rosidl_typesupport_fastrtps_cpp.hpp
-- Up-to-date: /home/robert/Projects/ros_ws/src/general/install/comp_tasks_interfaces/include/comp_tasks_interfaces/comp_tasks_interfaces/msg/detail/dds_fastrtps
-- Up-to-date: /home/robert/Projects/ros_ws/src/general/install/comp_tasks_interfaces/include/comp_tasks_interfaces/comp_tasks_interfaces/msg/detail/simplified_detection__rosidl_typesupport_fastrtps_cpp.hpp
-- Up-to-date: /home/robert/Projects/ros_ws/src/general/install/comp_tasks_interfaces/include/comp_tasks_interfaces/comp_tasks_interfaces/msg/rosidl_typesupport_fastrtps_cpp__visibility_control.h
-- Up-to-date: /home/robert/Projects/ros_ws/src/general/install/comp_tasks_interfaces/include/comp_tasks_interfaces/comp_tasks_interfaces/action
-- Up-to-date: /home/robert/Projects/ros_ws/src/general/install/comp_tasks_interfaces/include/comp_tasks_interfaces/comp_tasks_interfaces/action/detail
-- Up-to-date: /home/robert/Projects/ros_ws/src/general/install/comp_tasks_interfaces/include/comp_tasks_interfaces/comp_tasks_interfaces/action/detail/task_signal__rosidl_typesupport_fastrtps_cpp.hpp
-- Up-to-date: /home/robert/Projects/ros_ws/src/general/install/comp_tasks_interfaces/include/comp_tasks_interfaces/comp_tasks_interfaces/action/detail/dds_fastrtps
-- Up-to-date: /home/robert/Projects/ros_ws/src/general/install/comp_tasks_interfaces/lib/libcomp_tasks_interfaces__rosidl_typesupport_fastrtps_cpp.so
-- Up-to-date: /home/robert/Projects/ros_ws/src/general/install/comp_tasks_interfaces/include/comp_tasks_interfaces/comp_tasks_interfaces
-- Up-to-date: /home/robert/Projects/ros_ws/src/general/install/comp_tasks_interfaces/include/comp_tasks_interfaces/comp_tasks_interfaces/msg
-- Up-to-date: /home/robert/Projects/ros_ws/src/general/install/comp_tasks_interfaces/include/comp_tasks_interfaces/comp_tasks_interfaces/msg/detail
-- Up-to-date: /home/robert/Projects/ros_ws/src/general/install/comp_tasks_interfaces/include/comp_tasks_interfaces/comp_tasks_interfaces/msg/detail/start_task__rosidl_typesupport_introspection_c.h
-- Up-to-date: /home/robert/Projects/ros_ws/src/general/install/comp_tasks_interfaces/include/comp_tasks_interfaces/comp_tasks_interfaces/msg/detail/simplified_detection__rosidl_typesupport_introspection_c.h
-- Up-to-date: /home/robert/Projects/ros_ws/src/general/install/comp_tasks_interfaces/include/comp_tasks_interfaces/comp_tasks_interfaces/msg/detail/task__rosidl_typesupport_introspection_c.h
-- Up-to-date: /home/robert/Projects/ros_ws/src/general/install/comp_tasks_interfaces/include/comp_tasks_interfaces/comp_tasks_interfaces/msg/detail/start_task__type_support.c
-- Up-to-date: /home/robert/Projects/ros_ws/src/general/install/comp_tasks_interfaces/include/comp_tasks_interfaces/comp_tasks_interfaces/msg/detail/simplified_detection_array__type_support.c
-- Up-to-date: /home/robert/Projects/ros_ws/src/general/install/comp_tasks_interfaces/include/comp_tasks_interfaces/comp_tasks_interfaces/msg/detail/simplified_detection__type_support.c
-- Up-to-date: /home/robert/Projects/ros_ws/src/general/install/comp_tasks_interfaces/include/comp_tasks_interfaces/comp_tasks_interfaces/msg/detail/task__type_support.c
-- Up-to-date: /home/robert/Projects/ros_ws/src/general/install/comp_tasks_interfaces/include/comp_tasks_interfaces/comp_tasks_interfaces/msg/detail/simplified_detection_array__rosidl_typesupport_introspection_c.h
-- Up-to-date: /home/robert/Projects/ros_ws/src/general/install/comp_tasks_interfaces/include/comp_tasks_interfaces/comp_tasks_interfaces/msg/rosidl_typesupport_introspection_c__visibility_control.h
-- Up-to-date: /home/robert/Projects/ros_ws/src/general/install/comp_tasks_interfaces/include/comp_tasks_interfaces/comp_tasks_interfaces/action
-- Up-to-date: /home/robert/Projects/ros_ws/src/general/install/comp_tasks_interfaces/include/comp_tasks_interfaces/comp_tasks_interfaces/action/detail
-- Up-to-date: /home/robert/Projects/ros_ws/src/general/install/comp_tasks_interfaces/include/comp_tasks_interfaces/comp_tasks_interfaces/action/detail/task_signal__rosidl_typesupport_introspection_c.h
-- Up-to-date: /home/robert/Projects/ros_ws/src/general/install/comp_tasks_interfaces/include/comp_tasks_interfaces/comp_tasks_interfaces/action/detail/task_signal__type_support.c
-- Up-to-date: /home/robert/Projects/ros_ws/src/general/install/comp_tasks_interfaces/lib/libcomp_tasks_interfaces__rosidl_typesupport_introspection_c.so
-- Up-to-date: /home/robert/Projects/ros_ws/src/general/install/comp_tasks_interfaces/lib/libcomp_tasks_interfaces__rosidl_typesupport_c.so
-- Up-to-date: /home/robert/Projects/ros_ws/src/general/install/comp_tasks_interfaces/include/comp_tasks_interfaces/comp_tasks_interfaces
-- Up-to-date: /home/robert/Projects/ros_ws/src/general/install/comp_tasks_interfaces/include/comp_tasks_interfaces/comp_tasks_interfaces/msg
-- Up-to-date: /home/robert/Projects/ros_ws/src/general/install/comp_tasks_interfaces/include/comp_tasks_interfaces/comp_tasks_interfaces/msg/detail
-- Up-to-date: /home/robert/Projects/ros_ws/src/general/install/comp_tasks_interfaces/include/comp_tasks_interfaces/comp_tasks_interfaces/msg/detail/simplified_detection__rosidl_typesupport_introspection_cpp.hpp
-- Up-to-date: /home/robert/Projects/ros_ws/src/general/install/comp_tasks_interfaces/include/comp_tasks_interfaces/comp_tasks_interfaces/msg/detail/simplified_detection__type_support.cpp
-- Up-to-date: /home/robert/Projects/ros_ws/src/general/install/comp_tasks_interfaces/include/comp_tasks_interfaces/comp_tasks_interfaces/msg/detail/start_task__type_support.cpp
-- Up-to-date: /home/robert/Projects/ros_ws/src/general/install/comp_tasks_interfaces/include/comp_tasks_interfaces/comp_tasks_interfaces/msg/detail/start_task__rosidl_typesupport_introspection_cpp.hpp
-- Up-to-date: /home/robert/Projects/ros_ws/src/general/install/comp_tasks_interfaces/include/comp_tasks_interfaces/comp_tasks_interfaces/msg/detail/simplified_detection_array__rosidl_typesupport_introspection_cpp.hpp
-- Up-to-date: /home/robert/Projects/ros_ws/src/general/install/comp_tasks_interfaces/include/comp_tasks_interfaces/comp_tasks_interfaces/msg/detail/task__type_support.cpp
-- Up-to-date: /home/robert/Projects/ros_ws/src/general/install/comp_tasks_interfaces/include/comp_tasks_interfaces/comp_tasks_interfaces/msg/detail/task__rosidl_typesupport_introspection_cpp.hpp
-- Up-to-date: /home/robert/Projects/ros_ws/src/general/install/comp_tasks_interfaces/include/comp_tasks_interfaces/comp_tasks_interfaces/msg/detail/simplified_detection_array__type_support.cpp
-- Up-to-date: /home/robert/Projects/ros_ws/src/general/install/comp_tasks_interfaces/include/comp_tasks_interfaces/comp_tasks_interfaces/action
-- Up-to-date: /home/robert/Projects/ros_ws/src/general/install/comp_tasks_interfaces/include/comp_tasks_interfaces/comp_tasks_interfaces/action/detail
-- Up-to-date: /home/robert/Projects/ros_ws/src/general/install/comp_tasks_interfaces/include/comp_tasks_interfaces/comp_tasks_interfaces/action/detail/task_signal__type_support.cpp
-- Up-to-date: /home/robert/Projects/ros_ws/src/general/install/comp_tasks_interfaces/include/comp_tasks_interfaces/comp_tasks_interfaces/action/detail/task_signal__rosidl_typesupport_introspection_cpp.hpp
-- Up-to-date: /home/robert/Projects/ros_ws/src/general/install/comp_tasks_interfaces/lib/libcomp_tasks_interfaces__rosidl_typesupport_introspection_cpp.so
-- Up-to-date: /home/robert/Projects/ros_ws/src/general/install/comp_tasks_interfaces/lib/libcomp_tasks_interfaces__rosidl_typesupport_cpp.so
-- Up-to-date: /home/robert/Projects/ros_ws/src/general/install/comp_tasks_interfaces/share/comp_tasks_interfaces/environment/pythonpath.sh
-- Up-to-date: /home/robert/Projects/ros_ws/src/general/install/comp_tasks_interfaces/share/comp_tasks_interfaces/environment/pythonpath.dsv
-- Up-to-date: /home/robert/Projects/ros_ws/src/general/install/comp_tasks_interfaces/local/lib/python3.10/dist-packages/comp_tasks_interfaces-0.0.0-py3.10.egg-info
-- Installing: /home/robert/Projects/ros_ws/src/general/install/comp_tasks_interfaces/local/lib/python3.10/dist-packages/comp_tasks_interfaces-0.0.0-py3.10.egg-info/PKG-INFO
-- Installing: /home/robert/Projects/ros_ws/src/general/install/comp_tasks_interfaces/local/lib/python3.10/dist-packages/comp_tasks_interfaces-0.0.0-py3.10.egg-info/top_level.txt
-- Installing: /home/robert/Projects/ros_ws/src/general/install/comp_tasks_interfaces/local/lib/python3.10/dist-packages/comp_tasks_interfaces-0.0.0-py3.10.egg-info/dependency_links.txt
-- Installing: /home/robert/Projects/ros_ws/src/general/install/comp_tasks_interfaces/local/lib/python3.10/dist-packages/comp_tasks_interfaces-0.0.0-py3.10.egg-info/SOURCES.txt
-- Up-to-date: /home/robert/Projects/ros_ws/src/general/install/comp_tasks_interfaces/local/lib/python3.10/dist-packages/comp_tasks_interfaces
-- Up-to-date: /home/robert/Projects/ros_ws/src/general/install/comp_tasks_interfaces/local/lib/python3.10/dist-packages/comp_tasks_interfaces/msg
-- Up-to-date: /home/robert/Projects/ros_ws/src/general/install/comp_tasks_interfaces/local/lib/python3.10/dist-packages/comp_tasks_interfaces/msg/_simplified_detection.py
-- Up-to-date: /home/robert/Projects/ros_ws/src/general/install/comp_tasks_interfaces/local/lib/python3.10/dist-packages/comp_tasks_interfaces/msg/_start_task_s.c
-- Up-to-date: /home/robert/Projects/ros_ws/src/general/install/comp_tasks_interfaces/local/lib/python3.10/dist-packages/comp_tasks_interfaces/msg/_task.py
-- Up-to-date: /home/robert/Projects/ros_ws/src/general/install/comp_tasks_interfaces/local/lib/python3.10/dist-packages/comp_tasks_interfaces/msg/_start_task.py
-- Up-to-date: /home/robert/Projects/ros_ws/src/general/install/comp_tasks_interfaces/local/lib/python3.10/dist-packages/comp_tasks_interfaces/msg/_task_s.c
-- Up-to-date: /home/robert/Projects/ros_ws/src/general/install/comp_tasks_interfaces/local/lib/python3.10/dist-packages/comp_tasks_interfaces/msg/_simplified_detection_array.py
-- Up-to-date: /home/robert/Projects/ros_ws/src/general/install/comp_tasks_interfaces/local/lib/python3.10/dist-packages/comp_tasks_interfaces/msg/__init__.py
-- Up-to-date: /home/robert/Projects/ros_ws/src/general/install/comp_tasks_interfaces/local/lib/python3.10/dist-packages/comp_tasks_interfaces/msg/_simplified_detection_s.c
-- Up-to-date: /home/robert/Projects/ros_ws/src/general/install/comp_tasks_interfaces/local/lib/python3.10/dist-packages/comp_tasks_interfaces/msg/_simplified_detection_array_s.c
-- Up-to-date: /home/robert/Projects/ros_ws/src/general/install/comp_tasks_interfaces/local/lib/python3.10/dist-packages/comp_tasks_interfaces/libcomp_tasks_interfaces__rosidl_generator_py.so
-- Up-to-date: /home/robert/Projects/ros_ws/src/general/install/comp_tasks_interfaces/local/lib/python3.10/dist-packages/comp_tasks_interfaces/comp_tasks_interfaces_s__rosidl_typesupport_fastrtps_c.cpython-310-x86_64-linux-gnu.so
-- Up-to-date: /home/robert/Projects/ros_ws/src/general/install/comp_tasks_interfaces/local/lib/python3.10/dist-packages/comp_tasks_interfaces/comp_tasks_interfaces_s__rosidl_typesupport_c.cpython-310-x86_64-linux-gnu.so
-- Up-to-date: /home/robert/Projects/ros_ws/src/general/install/comp_tasks_interfaces/local/lib/python3.10/dist-packages/comp_tasks_interfaces/action
-- Up-to-date: /home/robert/Projects/ros_ws/src/general/install/comp_tasks_interfaces/local/lib/python3.10/dist-packages/comp_tasks_interfaces/action/_task_signal.py
-- Up-to-date: /home/robert/Projects/ros_ws/src/general/install/comp_tasks_interfaces/local/lib/python3.10/dist-packages/comp_tasks_interfaces/action/__init__.py
-- Up-to-date: /home/robert/Projects/ros_ws/src/general/install/comp_tasks_interfaces/local/lib/python3.10/dist-packages/comp_tasks_interfaces/action/_task_signal_s.c
-- Up-to-date: /home/robert/Projects/ros_ws/src/general/install/comp_tasks_interfaces/local/lib/python3.10/dist-packages/comp_tasks_interfaces/__init__.py
-- Up-to-date: /home/robert/Projects/ros_ws/src/general/install/comp_tasks_interfaces/local/lib/python3.10/dist-packages/comp_tasks_interfaces/_comp_tasks_interfaces_s.ep.rosidl_typesupport_c.c
-- Up-to-date: /home/robert/Projects/ros_ws/src/general/install/comp_tasks_interfaces/local/lib/python3.10/dist-packages/comp_tasks_interfaces/comp_tasks_interfaces_s__rosidl_typesupport_introspection_c.cpython-310-x86_64-linux-gnu.so
-- Up-to-date: /home/robert/Projects/ros_ws/src/general/install/comp_tasks_interfaces/local/lib/python3.10/dist-packages/comp_tasks_interfaces/_comp_tasks_interfaces_s.ep.rosidl_typesupport_fastrtps_c.c
-- Up-to-date: /home/robert/Projects/ros_ws/src/general/install/comp_tasks_interfaces/local/lib/python3.10/dist-packages/comp_tasks_interfaces/_comp_tasks_interfaces_s.ep.rosidl_typesupport_introspection_c.c
Listing '/home/robert/Projects/ros_ws/src/general/install/comp_tasks_interfaces/local/lib/python3.10/dist-packages/comp_tasks_interfaces'...
Listing '/home/robert/Projects/ros_ws/src/general/install/comp_tasks_interfaces/local/lib/python3.10/dist-packages/comp_tasks_interfaces/action'...
Listing '/home/robert/Projects/ros_ws/src/general/install/comp_tasks_interfaces/local/lib/python3.10/dist-packages/comp_tasks_interfaces/msg'...
-- Up-to-date: /home/robert/Projects/ros_ws/src/general/install/comp_tasks_interfaces/local/lib/python3.10/dist-packages/comp_tasks_interfaces/comp_tasks_interfaces_s__rosidl_typesupport_fastrtps_c.cpython-310-x86_64-linux-gnu.so
-- Up-to-date: /home/robert/Projects/ros_ws/src/general/install/comp_tasks_interfaces/local/lib/python3.10/dist-packages/comp_tasks_interfaces/comp_tasks_interfaces_s__rosidl_typesupport_introspection_c.cpython-310-x86_64-linux-gnu.so
-- Up-to-date: /home/robert/Projects/ros_ws/src/general/install/comp_tasks_interfaces/local/lib/python3.10/dist-packages/comp_tasks_interfaces/comp_tasks_interfaces_s__rosidl_typesupport_c.cpython-310-x86_64-linux-gnu.so
-- Up-to-date: /home/robert/Projects/ros_ws/src/general/install/comp_tasks_interfaces/lib/libcomp_tasks_interfaces__rosidl_generator_py.so
-- Up-to-date: /home/robert/Projects/ros_ws/src/general/install/comp_tasks_interfaces/share/comp_tasks_interfaces/msg/Task.idl
-- Up-to-date: /home/robert/Projects/ros_ws/src/general/install/comp_tasks_interfaces/share/comp_tasks_interfaces/action/TaskSignal.idl
-- Up-to-date: /home/robert/Projects/ros_ws/src/general/install/comp_tasks_interfaces/share/comp_tasks_interfaces/msg/StartTask.idl
-- Up-to-date: /home/robert/Projects/ros_ws/src/general/install/comp_tasks_interfaces/share/comp_tasks_interfaces/msg/SimplifiedDetection.idl
-- Up-to-date: /home/robert/Projects/ros_ws/src/general/install/comp_tasks_interfaces/share/comp_tasks_interfaces/msg/SimplifiedDetectionArray.idl
-- Up-to-date: /home/robert/Projects/ros_ws/src/general/install/comp_tasks_interfaces/share/comp_tasks_interfaces/msg/Task.msg
-- Up-to-date: /home/robert/Projects/ros_ws/src/general/install/comp_tasks_interfaces/share/comp_tasks_interfaces/action/TaskSignal.action
-- Up-to-date: /home/robert/Projects/ros_ws/src/general/install/comp_tasks_interfaces/share/comp_tasks_interfaces/msg/StartTask.msg
-- Up-to-date: /home/robert/Projects/ros_ws/src/general/install/comp_tasks_interfaces/share/comp_tasks_interfaces/msg/SimplifiedDetection.msg
-- Up-to-date: /home/robert/Projects/ros_ws/src/general/install/comp_tasks_interfaces/share/comp_tasks_interfaces/msg/SimplifiedDetectionArray.msg
-- Up-to-date: /home/robert/Projects/ros_ws/src/general/install/comp_tasks_interfaces/share/ament_index/resource_index/package_run_dependencies/comp_tasks_interfaces
-- Up-to-date: /home/robert/Projects/ros_ws/src/general/install/comp_tasks_interfaces/share/ament_index/resource_index/parent_prefix_path/comp_tasks_interfaces
-- Up-to-date: /home/robert/Projects/ros_ws/src/general/install/comp_tasks_interfaces/share/comp_tasks_interfaces/environment/ament_prefix_path.sh
-- Up-to-date: /home/robert/Projects/ros_ws/src/general/install/comp_tasks_interfaces/share/comp_tasks_interfaces/environment/ament_prefix_path.dsv
-- Up-to-date: /home/robert/Projects/ros_ws/src/general/install/comp_tasks_interfaces/share/comp_tasks_interfaces/environment/path.sh
-- Up-to-date: /home/robert/Projects/ros_ws/src/general/install/comp_tasks_interfaces/share/comp_tasks_interfaces/environment/path.dsv
-- Up-to-date: /home/robert/Projects/ros_ws/src/general/install/comp_tasks_interfaces/share/comp_tasks_interfaces/local_setup.bash
-- Up-to-date: /home/robert/Projects/ros_ws/src/general/install/comp_tasks_interfaces/share/comp_tasks_interfaces/local_setup.sh
-- Up-to-date: /home/robert/Projects/ros_ws/src/general/install/comp_tasks_interfaces/share/comp_tasks_interfaces/local_setup.zsh
-- Up-to-date: /home/robert/Projects/ros_ws/src/general/install/comp_tasks_interfaces/share/comp_tasks_interfaces/local_setup.dsv
-- Installing: /home/robert/Projects/ros_ws/src/general/install/comp_tasks_interfaces/share/comp_tasks_interfaces/package.dsv
-- Up-to-date: /home/robert/Projects/ros_ws/src/general/install/comp_tasks_interfaces/share/ament_index/resource_index/packages/comp_tasks_interfaces
-- Up-to-date: /home/robert/Projects/ros_ws/src/general/install/comp_tasks_interfaces/share/comp_tasks_interfaces/cmake/export_comp_tasks_interfaces__rosidl_generator_cExport.cmake
-- Up-to-date: /home/robert/Projects/ros_ws/src/general/install/comp_tasks_interfaces/share/comp_tasks_interfaces/cmake/export_comp_tasks_interfaces__rosidl_generator_cExport-noconfig.cmake
-- Up-to-date: /home/robert/Projects/ros_ws/src/general/install/comp_tasks_interfaces/share/comp_tasks_interfaces/cmake/export_comp_tasks_interfaces__rosidl_typesupport_fastrtps_cExport.cmake
-- Up-to-date: /home/robert/Projects/ros_ws/src/general/install/comp_tasks_interfaces/share/comp_tasks_interfaces/cmake/export_comp_tasks_interfaces__rosidl_typesupport_fastrtps_cExport-noconfig.cmake
-- Up-to-date: /home/robert/Projects/ros_ws/src/general/install/comp_tasks_interfaces/share/comp_tasks_interfaces/cmake/export_comp_tasks_interfaces__rosidl_generator_cppExport.cmake
-- Up-to-date: /home/robert/Projects/ros_ws/src/general/install/comp_tasks_interfaces/share/comp_tasks_interfaces/cmake/export_comp_tasks_interfaces__rosidl_typesupport_fastrtps_cppExport.cmake
-- Up-to-date: /home/robert/Projects/ros_ws/src/general/install/comp_tasks_interfaces/share/comp_tasks_interfaces/cmake/export_comp_tasks_interfaces__rosidl_typesupport_fastrtps_cppExport-noconfig.cmake
-- Up-to-date: /home/robert/Projects/ros_ws/src/general/install/comp_tasks_interfaces/share/comp_tasks_interfaces/cmake/comp_tasks_interfaces__rosidl_typesupport_introspection_cExport.cmake
-- Up-to-date: /home/robert/Projects/ros_ws/src/general/install/comp_tasks_interfaces/share/comp_tasks_interfaces/cmake/comp_tasks_interfaces__rosidl_typesupport_introspection_cExport-noconfig.cmake
-- Up-to-date: /home/robert/Projects/ros_ws/src/general/install/comp_tasks_interfaces/share/comp_tasks_interfaces/cmake/comp_tasks_interfaces__rosidl_typesupport_cExport.cmake
-- Up-to-date: /home/robert/Projects/ros_ws/src/general/install/comp_tasks_interfaces/share/comp_tasks_interfaces/cmake/comp_tasks_interfaces__rosidl_typesupport_cExport-noconfig.cmake
-- Up-to-date: /home/robert/Projects/ros_ws/src/general/install/comp_tasks_interfaces/share/comp_tasks_interfaces/cmake/comp_tasks_interfaces__rosidl_typesupport_introspection_cppExport.cmake
-- Up-to-date: /home/robert/Projects/ros_ws/src/general/install/comp_tasks_interfaces/share/comp_tasks_interfaces/cmake/comp_tasks_interfaces__rosidl_typesupport_introspection_cppExport-noconfig.cmake
-- Up-to-date: /home/robert/Projects/ros_ws/src/general/install/comp_tasks_interfaces/share/comp_tasks_interfaces/cmake/comp_tasks_interfaces__rosidl_typesupport_cppExport.cmake
-- Up-to-date: /home/robert/Projects/ros_ws/src/general/install/comp_tasks_interfaces/share/comp_tasks_interfaces/cmake/comp_tasks_interfaces__rosidl_typesupport_cppExport-noconfig.cmake
-- Up-to-date: /home/robert/Projects/ros_ws/src/general/install/comp_tasks_interfaces/share/comp_tasks_interfaces/cmake/export_comp_tasks_interfaces__rosidl_generator_pyExport.cmake
-- Up-to-date: /home/robert/Projects/ros_ws/src/general/install/comp_tasks_interfaces/share/comp_tasks_interfaces/cmake/export_comp_tasks_interfaces__rosidl_generator_pyExport-noconfig.cmake
-- Up-to-date: /home/robert/Projects/ros_ws/src/general/install/comp_tasks_interfaces/share/comp_tasks_interfaces/cmake/rosidl_cmake-extras.cmake
-- Up-to-date: /home/robert/Projects/ros_ws/src/general/install/comp_tasks_interfaces/share/comp_tasks_interfaces/cmake/ament_cmake_export_dependencies-extras.cmake
-- Up-to-date: /home/robert/Projects/ros_ws/src/general/install/comp_tasks_interfaces/share/comp_tasks_interfaces/cmake/ament_cmake_export_include_directories-extras.cmake
-- Up-to-date: /home/robert/Projects/ros_ws/src/general/install/comp_tasks_interfaces/share/comp_tasks_interfaces/cmake/ament_cmake_export_libraries-extras.cmake
-- Up-to-date: /home/robert/Projects/ros_ws/src/general/install/comp_tasks_interfaces/share/comp_tasks_interfaces/cmake/ament_cmake_export_targets-extras.cmake
-- Up-to-date: /home/robert/Projects/ros_ws/src/general/install/comp_tasks_interfaces/share/comp_tasks_interfaces/cmake/rosidl_cmake_export_typesupport_targets-extras.cmake
-- Up-to-date: /home/robert/Projects/ros_ws/src/general/install/comp_tasks_interfaces/share/comp_tasks_interfaces/cmake/rosidl_cmake_export_typesupport_libraries-extras.cmake
-- Up-to-date: /home/robert/Projects/ros_ws/src/general/install/comp_tasks_interfaces/share/comp_tasks_interfaces/cmake/comp_tasks_interfacesConfig.cmake
-- Up-to-date: /home/robert/Projects/ros_ws/src/general/install/comp_tasks_interfaces/share/comp_tasks_interfaces/cmake/comp_tasks_interfacesConfig-version.cmake
-- Up-to-date: /home/robert/Projects/ros_ws/src/general/install/comp_tasks_interfaces/share/comp_tasks_interfaces/package.xml
