[0.011s] Invoking command in '/home/robert/Projects/ros_ws/src/general/build/comp_tasks_interfaces': CMAKE_PREFIX_PATH=/opt/ros/humble /usr/bin/cmake --build /home/robert/Projects/ros_ws/src/general/build/comp_tasks_interfaces -- -j12 -l12
[0.048s] [35m[1mConsolidate compiler generated dependencies of target comp_tasks_interfaces__rosidl_generator_c[0m
[0.061s] [  1%] Built target comp_tasks_interfaces__cpp
[0.061s] [ 12%] Built target comp_tasks_interfaces__rosidl_generator_c
[0.074s] [ 12%] Built target ament_cmake_python_copy_comp_tasks_interfaces
[0.078s] [35m[1mConsolidate compiler generated dependencies of target comp_tasks_interfaces__rosidl_typesupport_c[0m
[0.080s] [35m[1mConsolidate compiler generated dependencies of target comp_tasks_interfaces__rosidl_typesupport_introspection_c[0m
[0.080s] [35m[1mConsolidate compiler generated dependencies of target comp_tasks_interfaces__rosidl_typesupport_cpp[0m
[0.080s] [35m[1mConsolidate compiler generated dependencies of target comp_tasks_interfaces__rosidl_typesupport_fastrtps_cpp[0m
[0.081s] [35m[1mConsolidate compiler generated dependencies of target comp_tasks_interfaces__rosidl_typesupport_introspection_cpp[0m
[0.089s] [35m[1mConsolidate compiler generated dependencies of target comp_tasks_interfaces__rosidl_typesupport_fastrtps_c[0m
[0.109s] [ 23%] Built target comp_tasks_interfaces__rosidl_typesupport_c
[0.116s] [ 34%] Built target comp_tasks_interfaces__rosidl_typesupport_introspection_c
[0.116s] [ 46%] Built target comp_tasks_interfaces__rosidl_typesupport_introspection_cpp
[0.118s] [ 57%] Built target comp_tasks_interfaces__rosidl_typesupport_fastrtps_cpp
[0.120s] [ 68%] Built target comp_tasks_interfaces__rosidl_typesupport_fastrtps_c
[0.121s] [ 79%] Built target comp_tasks_interfaces__rosidl_typesupport_cpp
[0.146s] [ 79%] Built target comp_tasks_interfaces
[0.167s] [ 80%] Built target comp_tasks_interfaces__py
[0.178s] [35m[1mConsolidate compiler generated dependencies of target comp_tasks_interfaces__rosidl_generator_py[0m
[0.195s] [ 90%] Built target comp_tasks_interfaces__rosidl_generator_py
[0.208s] [35m[1mConsolidate compiler generated dependencies of target comp_tasks_interfaces__rosidl_typesupport_c__pyext[0m
[0.208s] [35m[1mConsolidate compiler generated dependencies of target comp_tasks_interfaces__rosidl_typesupport_introspection_c__pyext[0m
[0.210s] [35m[1mConsolidate compiler generated dependencies of target comp_tasks_interfaces__rosidl_typesupport_fastrtps_c__pyext[0m
[0.226s] [ 93%] Built target comp_tasks_interfaces__rosidl_typesupport_introspection_c__pyext
[0.226s] [ 96%] Built target comp_tasks_interfaces__rosidl_typesupport_c__pyext
[0.228s] [100%] Built target comp_tasks_interfaces__rosidl_typesupport_fastrtps_c__pyext
[0.348s] running egg_info
[0.349s] writing comp_tasks_interfaces.egg-info/PKG-INFO
[0.349s] writing dependency_links to comp_tasks_interfaces.egg-info/dependency_links.txt
[0.349s] writing top-level names to comp_tasks_interfaces.egg-info/top_level.txt
[0.351s] reading manifest file 'comp_tasks_interfaces.egg-info/SOURCES.txt'
[0.351s] writing manifest file 'comp_tasks_interfaces.egg-info/SOURCES.txt'
[0.373s] [100%] Built target ament_cmake_python_build_comp_tasks_interfaces_egg
[0.384s] Invoked command in '/home/robert/Projects/ros_ws/src/general/build/comp_tasks_interfaces' returned '0': CMAKE_PREFIX_PATH=/opt/ros/humble /usr/bin/cmake --build /home/robert/Projects/ros_ws/src/general/build/comp_tasks_interfaces -- -j12 -l12
[0.392s] Invoking command in '/home/robert/Projects/ros_ws/src/general/build/comp_tasks_interfaces': CMAKE_PREFIX_PATH=/opt/ros/humble /usr/bin/cmake --install /home/robert/Projects/ros_ws/src/general/build/comp_tasks_interfaces
[0.399s] -- Install configuration: ""
[0.399s] -- Up-to-date: /home/robert/Projects/ros_ws/src/general/install/comp_tasks_interfaces/share/ament_index/resource_index/rosidl_interfaces/comp_tasks_interfaces
[0.400s] -- Up-to-date: /home/robert/Projects/ros_ws/src/general/install/comp_tasks_interfaces/include/comp_tasks_interfaces/comp_tasks_interfaces
[0.400s] -- Up-to-date: /home/robert/Projects/ros_ws/src/general/install/comp_tasks_interfaces/include/comp_tasks_interfaces/comp_tasks_interfaces/msg
[0.400s] -- Up-to-date: /home/robert/Projects/ros_ws/src/general/install/comp_tasks_interfaces/include/comp_tasks_interfaces/comp_tasks_interfaces/msg/detail
[0.400s] -- Up-to-date: /home/robert/Projects/ros_ws/src/general/install/comp_tasks_interfaces/include/comp_tasks_interfaces/comp_tasks_interfaces/msg/detail/simplified_detection__type_support.h
[0.400s] -- Up-to-date: /home/robert/Projects/ros_ws/src/general/install/comp_tasks_interfaces/include/comp_tasks_interfaces/comp_tasks_interfaces/msg/detail/simplified_detection_array__functions.c
[0.400s] -- Up-to-date: /home/robert/Projects/ros_ws/src/general/install/comp_tasks_interfaces/include/comp_tasks_interfaces/comp_tasks_interfaces/msg/detail/task__type_support.h
[0.400s] -- Up-to-date: /home/robert/Projects/ros_ws/src/general/install/comp_tasks_interfaces/include/comp_tasks_interfaces/comp_tasks_interfaces/msg/detail/simplified_detection_array__functions.h
[0.400s] -- Up-to-date: /home/robert/Projects/ros_ws/src/general/install/comp_tasks_interfaces/include/comp_tasks_interfaces/comp_tasks_interfaces/msg/detail/task__functions.h
[0.400s] -- Up-to-date: /home/robert/Projects/ros_ws/src/general/install/comp_tasks_interfaces/include/comp_tasks_interfaces/comp_tasks_interfaces/msg/detail/simplified_detection_array__type_support.h
[0.400s] -- Up-to-date: /home/robert/Projects/ros_ws/src/general/install/comp_tasks_interfaces/include/comp_tasks_interfaces/comp_tasks_interfaces/msg/detail/start_task__type_support.h
[0.400s] -- Up-to-date: /home/robert/Projects/ros_ws/src/general/install/comp_tasks_interfaces/include/comp_tasks_interfaces/comp_tasks_interfaces/msg/detail/start_task__functions.h
[0.400s] -- Up-to-date: /home/robert/Projects/ros_ws/src/general/install/comp_tasks_interfaces/include/comp_tasks_interfaces/comp_tasks_interfaces/msg/detail/start_task__functions.c
[0.401s] -- Up-to-date: /home/robert/Projects/ros_ws/src/general/install/comp_tasks_interfaces/include/comp_tasks_interfaces/comp_tasks_interfaces/msg/detail/simplified_detection__functions.c
[0.401s] -- Up-to-date: /home/robert/Projects/ros_ws/src/general/install/comp_tasks_interfaces/include/comp_tasks_interfaces/comp_tasks_interfaces/msg/detail/simplified_detection_array__struct.h
[0.401s] -- Up-to-date: /home/robert/Projects/ros_ws/src/general/install/comp_tasks_interfaces/include/comp_tasks_interfaces/comp_tasks_interfaces/msg/detail/start_task__struct.h
[0.401s] -- Up-to-date: /home/robert/Projects/ros_ws/src/general/install/comp_tasks_interfaces/include/comp_tasks_interfaces/comp_tasks_interfaces/msg/detail/simplified_detection__functions.h
[0.401s] -- Up-to-date: /home/robert/Projects/ros_ws/src/general/install/comp_tasks_interfaces/include/comp_tasks_interfaces/comp_tasks_interfaces/msg/detail/simplified_detection__struct.h
[0.401s] -- Up-to-date: /home/robert/Projects/ros_ws/src/general/install/comp_tasks_interfaces/include/comp_tasks_interfaces/comp_tasks_interfaces/msg/detail/task__struct.h
[0.401s] -- Up-to-date: /home/robert/Projects/ros_ws/src/general/install/comp_tasks_interfaces/include/comp_tasks_interfaces/comp_tasks_interfaces/msg/detail/task__functions.c
[0.401s] -- Up-to-date: /home/robert/Projects/ros_ws/src/general/install/comp_tasks_interfaces/include/comp_tasks_interfaces/comp_tasks_interfaces/msg/simplified_detection.h
[0.401s] -- Up-to-date: /home/robert/Projects/ros_ws/src/general/install/comp_tasks_interfaces/include/comp_tasks_interfaces/comp_tasks_interfaces/msg/start_task.h
[0.401s] -- Up-to-date: /home/robert/Projects/ros_ws/src/general/install/comp_tasks_interfaces/include/comp_tasks_interfaces/comp_tasks_interfaces/msg/simplified_detection_array.h
[0.401s] -- Up-to-date: /home/robert/Projects/ros_ws/src/general/install/comp_tasks_interfaces/include/comp_tasks_interfaces/comp_tasks_interfaces/msg/task.h
[0.401s] -- Up-to-date: /home/robert/Projects/ros_ws/src/general/install/comp_tasks_interfaces/include/comp_tasks_interfaces/comp_tasks_interfaces/msg/rosidl_generator_c__visibility_control.h
[0.402s] -- Up-to-date: /home/robert/Projects/ros_ws/src/general/install/comp_tasks_interfaces/include/comp_tasks_interfaces/comp_tasks_interfaces/action
[0.402s] -- Up-to-date: /home/robert/Projects/ros_ws/src/general/install/comp_tasks_interfaces/include/comp_tasks_interfaces/comp_tasks_interfaces/action/detail
[0.402s] -- Up-to-date: /home/robert/Projects/ros_ws/src/general/install/comp_tasks_interfaces/include/comp_tasks_interfaces/comp_tasks_interfaces/action/detail/task_signal__functions.c
[0.402s] -- Up-to-date: /home/robert/Projects/ros_ws/src/general/install/comp_tasks_interfaces/include/comp_tasks_interfaces/comp_tasks_interfaces/action/detail/task_signal__struct.h
[0.402s] -- Up-to-date: /home/robert/Projects/ros_ws/src/general/install/comp_tasks_interfaces/include/comp_tasks_interfaces/comp_tasks_interfaces/action/detail/task_signal__functions.h
[0.402s] -- Up-to-date: /home/robert/Projects/ros_ws/src/general/install/comp_tasks_interfaces/include/comp_tasks_interfaces/comp_tasks_interfaces/action/detail/task_signal__type_support.h
[0.402s] -- Up-to-date: /home/robert/Projects/ros_ws/src/general/install/comp_tasks_interfaces/include/comp_tasks_interfaces/comp_tasks_interfaces/action/task_signal.h
[0.402s] -- Up-to-date: /home/robert/Projects/ros_ws/src/general/install/comp_tasks_interfaces/share/comp_tasks_interfaces/environment/library_path.sh
[0.403s] -- Up-to-date: /home/robert/Projects/ros_ws/src/general/install/comp_tasks_interfaces/share/comp_tasks_interfaces/environment/library_path.dsv
[0.403s] -- Up-to-date: /home/robert/Projects/ros_ws/src/general/install/comp_tasks_interfaces/lib/libcomp_tasks_interfaces__rosidl_generator_c.so
[0.403s] -- Up-to-date: /home/robert/Projects/ros_ws/src/general/install/comp_tasks_interfaces/include/comp_tasks_interfaces/comp_tasks_interfaces
[0.403s] -- Up-to-date: /home/robert/Projects/ros_ws/src/general/install/comp_tasks_interfaces/include/comp_tasks_interfaces/comp_tasks_interfaces/msg
[0.403s] -- Up-to-date: /home/robert/Projects/ros_ws/src/general/install/comp_tasks_interfaces/include/comp_tasks_interfaces/comp_tasks_interfaces/msg/detail
[0.404s] -- Up-to-date: /home/robert/Projects/ros_ws/src/general/install/comp_tasks_interfaces/include/comp_tasks_interfaces/comp_tasks_interfaces/msg/detail/task__rosidl_typesupport_fastrtps_c.h
[0.404s] -- Up-to-date: /home/robert/Projects/ros_ws/src/general/install/comp_tasks_interfaces/include/comp_tasks_interfaces/comp_tasks_interfaces/msg/detail/simplified_detection_array__rosidl_typesupport_fastrtps_c.h
[0.404s] -- Up-to-date: /home/robert/Projects/ros_ws/src/general/install/comp_tasks_interfaces/include/comp_tasks_interfaces/comp_tasks_interfaces/msg/detail/start_task__rosidl_typesupport_fastrtps_c.h
[0.404s] -- Up-to-date: /home/robert/Projects/ros_ws/src/general/install/comp_tasks_interfaces/include/comp_tasks_interfaces/comp_tasks_interfaces/msg/detail/simplified_detection__rosidl_typesupport_fastrtps_c.h
[0.405s] -- Up-to-date: /home/robert/Projects/ros_ws/src/general/install/comp_tasks_interfaces/include/comp_tasks_interfaces/comp_tasks_interfaces/msg/rosidl_typesupport_fastrtps_c__visibility_control.h
[0.405s] -- Up-to-date: /home/robert/Projects/ros_ws/src/general/install/comp_tasks_interfaces/include/comp_tasks_interfaces/comp_tasks_interfaces/action
[0.405s] -- Up-to-date: /home/robert/Projects/ros_ws/src/general/install/comp_tasks_interfaces/include/comp_tasks_interfaces/comp_tasks_interfaces/action/detail
[0.405s] -- Up-to-date: /home/robert/Projects/ros_ws/src/general/install/comp_tasks_interfaces/include/comp_tasks_interfaces/comp_tasks_interfaces/action/detail/task_signal__rosidl_typesupport_fastrtps_c.h
[0.405s] -- Up-to-date: /home/robert/Projects/ros_ws/src/general/install/comp_tasks_interfaces/lib/libcomp_tasks_interfaces__rosidl_typesupport_fastrtps_c.so
[0.405s] -- Up-to-date: /home/robert/Projects/ros_ws/src/general/install/comp_tasks_interfaces/include/comp_tasks_interfaces/comp_tasks_interfaces
[0.406s] -- Up-to-date: /home/robert/Projects/ros_ws/src/general/install/comp_tasks_interfaces/include/comp_tasks_interfaces/comp_tasks_interfaces/msg
[0.406s] -- Up-to-date: /home/robert/Projects/ros_ws/src/general/install/comp_tasks_interfaces/include/comp_tasks_interfaces/comp_tasks_interfaces/msg/detail
[0.406s] -- Up-to-date: /home/robert/Projects/ros_ws/src/general/install/comp_tasks_interfaces/include/comp_tasks_interfaces/comp_tasks_interfaces/msg/detail/task__type_support.hpp
[0.406s] -- Up-to-date: /home/robert/Projects/ros_ws/src/general/install/comp_tasks_interfaces/include/comp_tasks_interfaces/comp_tasks_interfaces/msg/detail/start_task__type_support.hpp
[0.406s] -- Up-to-date: /home/robert/Projects/ros_ws/src/general/install/comp_tasks_interfaces/include/comp_tasks_interfaces/comp_tasks_interfaces/msg/detail/simplified_detection_array__builder.hpp
[0.407s] -- Up-to-date: /home/robert/Projects/ros_ws/src/general/install/comp_tasks_interfaces/include/comp_tasks_interfaces/comp_tasks_interfaces/msg/detail/task__traits.hpp
[0.407s] -- Up-to-date: /home/robert/Projects/ros_ws/src/general/install/comp_tasks_interfaces/include/comp_tasks_interfaces/comp_tasks_interfaces/msg/detail/simplified_detection__struct.hpp
[0.407s] -- Up-to-date: /home/robert/Projects/ros_ws/src/general/install/comp_tasks_interfaces/include/comp_tasks_interfaces/comp_tasks_interfaces/msg/detail/simplified_detection_array__struct.hpp
[0.407s] -- Up-to-date: /home/robert/Projects/ros_ws/src/general/install/comp_tasks_interfaces/include/comp_tasks_interfaces/comp_tasks_interfaces/msg/detail/simplified_detection_array__traits.hpp
[0.407s] -- Up-to-date: /home/robert/Projects/ros_ws/src/general/install/comp_tasks_interfaces/include/comp_tasks_interfaces/comp_tasks_interfaces/msg/detail/simplified_detection__traits.hpp
[0.407s] -- Up-to-date: /home/robert/Projects/ros_ws/src/general/install/comp_tasks_interfaces/include/comp_tasks_interfaces/comp_tasks_interfaces/msg/detail/start_task__builder.hpp
[0.407s] -- Up-to-date: /home/robert/Projects/ros_ws/src/general/install/comp_tasks_interfaces/include/comp_tasks_interfaces/comp_tasks_interfaces/msg/detail/simplified_detection__builder.hpp
[0.408s] -- Up-to-date: /home/robert/Projects/ros_ws/src/general/install/comp_tasks_interfaces/include/comp_tasks_interfaces/comp_tasks_interfaces/msg/detail/simplified_detection__type_support.hpp
[0.408s] -- Up-to-date: /home/robert/Projects/ros_ws/src/general/install/comp_tasks_interfaces/include/comp_tasks_interfaces/comp_tasks_interfaces/msg/detail/start_task__struct.hpp
[0.408s] -- Up-to-date: /home/robert/Projects/ros_ws/src/general/install/comp_tasks_interfaces/include/comp_tasks_interfaces/comp_tasks_interfaces/msg/detail/simplified_detection_array__type_support.hpp
[0.409s] -- Up-to-date: /home/robert/Projects/ros_ws/src/general/install/comp_tasks_interfaces/include/comp_tasks_interfaces/comp_tasks_interfaces/msg/detail/task__builder.hpp
[0.409s] -- Up-to-date: /home/robert/Projects/ros_ws/src/general/install/comp_tasks_interfaces/include/comp_tasks_interfaces/comp_tasks_interfaces/msg/detail/start_task__traits.hpp
[0.409s] -- Up-to-date: /home/robert/Projects/ros_ws/src/general/install/comp_tasks_interfaces/include/comp_tasks_interfaces/comp_tasks_interfaces/msg/detail/task__struct.hpp
[0.409s] -- Up-to-date: /home/robert/Projects/ros_ws/src/general/install/comp_tasks_interfaces/include/comp_tasks_interfaces/comp_tasks_interfaces/msg/start_task.hpp
[0.409s] -- Up-to-date: /home/robert/Projects/ros_ws/src/general/install/comp_tasks_interfaces/include/comp_tasks_interfaces/comp_tasks_interfaces/msg/task.hpp
[0.409s] -- Up-to-date: /home/robert/Projects/ros_ws/src/general/install/comp_tasks_interfaces/include/comp_tasks_interfaces/comp_tasks_interfaces/msg/rosidl_generator_cpp__visibility_control.hpp
[0.409s] -- Up-to-date: /home/robert/Projects/ros_ws/src/general/install/comp_tasks_interfaces/include/comp_tasks_interfaces/comp_tasks_interfaces/msg/simplified_detection_array.hpp
[0.410s] -- Up-to-date: /home/robert/Projects/ros_ws/src/general/install/comp_tasks_interfaces/include/comp_tasks_interfaces/comp_tasks_interfaces/msg/simplified_detection.hpp
[0.410s] -- Up-to-date: /home/robert/Projects/ros_ws/src/general/install/comp_tasks_interfaces/include/comp_tasks_interfaces/comp_tasks_interfaces/action
[0.410s] -- Up-to-date: /home/robert/Projects/ros_ws/src/general/install/comp_tasks_interfaces/include/comp_tasks_interfaces/comp_tasks_interfaces/action/detail
[0.410s] -- Up-to-date: /home/robert/Projects/ros_ws/src/general/install/comp_tasks_interfaces/include/comp_tasks_interfaces/comp_tasks_interfaces/action/detail/task_signal__struct.hpp
[0.411s] -- Up-to-date: /home/robert/Projects/ros_ws/src/general/install/comp_tasks_interfaces/include/comp_tasks_interfaces/comp_tasks_interfaces/action/detail/task_signal__type_support.hpp
[0.411s] -- Up-to-date: /home/robert/Projects/ros_ws/src/general/install/comp_tasks_interfaces/include/comp_tasks_interfaces/comp_tasks_interfaces/action/detail/task_signal__builder.hpp
[0.411s] -- Up-to-date: /home/robert/Projects/ros_ws/src/general/install/comp_tasks_interfaces/include/comp_tasks_interfaces/comp_tasks_interfaces/action/detail/task_signal__traits.hpp
[0.411s] -- Up-to-date: /home/robert/Projects/ros_ws/src/general/install/comp_tasks_interfaces/include/comp_tasks_interfaces/comp_tasks_interfaces/action/task_signal.hpp
[0.412s] -- Up-to-date: /home/robert/Projects/ros_ws/src/general/install/comp_tasks_interfaces/include/comp_tasks_interfaces/comp_tasks_interfaces
[0.412s] -- Up-to-date: /home/robert/Projects/ros_ws/src/general/install/comp_tasks_interfaces/include/comp_tasks_interfaces/comp_tasks_interfaces/msg
[0.413s] -- Up-to-date: /home/robert/Projects/ros_ws/src/general/install/comp_tasks_interfaces/include/comp_tasks_interfaces/comp_tasks_interfaces/msg/detail
[0.414s] -- Up-to-date: /home/robert/Projects/ros_ws/src/general/install/comp_tasks_interfaces/include/comp_tasks_interfaces/comp_tasks_interfaces/msg/detail/simplified_detection_array__rosidl_typesupport_fastrtps_cpp.hpp
[0.414s] -- Up-to-date: /home/robert/Projects/ros_ws/src/general/install/comp_tasks_interfaces/include/comp_tasks_interfaces/comp_tasks_interfaces/msg/detail/task__rosidl_typesupport_fastrtps_cpp.hpp
[0.415s] -- Up-to-date: /home/robert/Projects/ros_ws/src/general/install/comp_tasks_interfaces/include/comp_tasks_interfaces/comp_tasks_interfaces/msg/detail/start_task__rosidl_typesupport_fastrtps_cpp.hpp
[0.415s] -- Up-to-date: /home/robert/Projects/ros_ws/src/general/install/comp_tasks_interfaces/include/comp_tasks_interfaces/comp_tasks_interfaces/msg/detail/dds_fastrtps
[0.415s] -- Up-to-date: /home/robert/Projects/ros_ws/src/general/install/comp_tasks_interfaces/include/comp_tasks_interfaces/comp_tasks_interfaces/msg/detail/simplified_detection__rosidl_typesupport_fastrtps_cpp.hpp
[0.415s] -- Up-to-date: /home/robert/Projects/ros_ws/src/general/install/comp_tasks_interfaces/include/comp_tasks_interfaces/comp_tasks_interfaces/msg/rosidl_typesupport_fastrtps_cpp__visibility_control.h
[0.415s] -- Up-to-date: /home/robert/Projects/ros_ws/src/general/install/comp_tasks_interfaces/include/comp_tasks_interfaces/comp_tasks_interfaces/action
[0.415s] -- Up-to-date: /home/robert/Projects/ros_ws/src/general/install/comp_tasks_interfaces/include/comp_tasks_interfaces/comp_tasks_interfaces/action/detail
[0.415s] -- Up-to-date: /home/robert/Projects/ros_ws/src/general/install/comp_tasks_interfaces/include/comp_tasks_interfaces/comp_tasks_interfaces/action/detail/task_signal__rosidl_typesupport_fastrtps_cpp.hpp
[0.415s] -- Up-to-date: /home/robert/Projects/ros_ws/src/general/install/comp_tasks_interfaces/include/comp_tasks_interfaces/comp_tasks_interfaces/action/detail/dds_fastrtps
[0.416s] -- Up-to-date: /home/robert/Projects/ros_ws/src/general/install/comp_tasks_interfaces/lib/libcomp_tasks_interfaces__rosidl_typesupport_fastrtps_cpp.so
[0.417s] -- Up-to-date: /home/robert/Projects/ros_ws/src/general/install/comp_tasks_interfaces/include/comp_tasks_interfaces/comp_tasks_interfaces
[0.417s] -- Up-to-date: /home/robert/Projects/ros_ws/src/general/install/comp_tasks_interfaces/include/comp_tasks_interfaces/comp_tasks_interfaces/msg
[0.417s] -- Up-to-date: /home/robert/Projects/ros_ws/src/general/install/comp_tasks_interfaces/include/comp_tasks_interfaces/comp_tasks_interfaces/msg/detail
[0.417s] -- Up-to-date: /home/robert/Projects/ros_ws/src/general/install/comp_tasks_interfaces/include/comp_tasks_interfaces/comp_tasks_interfaces/msg/detail/start_task__rosidl_typesupport_introspection_c.h
[0.418s] -- Up-to-date: /home/robert/Projects/ros_ws/src/general/install/comp_tasks_interfaces/include/comp_tasks_interfaces/comp_tasks_interfaces/msg/detail/simplified_detection__rosidl_typesupport_introspection_c.h
[0.418s] -- Up-to-date: /home/robert/Projects/ros_ws/src/general/install/comp_tasks_interfaces/include/comp_tasks_interfaces/comp_tasks_interfaces/msg/detail/task__rosidl_typesupport_introspection_c.h
[0.418s] -- Up-to-date: /home/robert/Projects/ros_ws/src/general/install/comp_tasks_interfaces/include/comp_tasks_interfaces/comp_tasks_interfaces/msg/detail/start_task__type_support.c
[0.418s] -- Up-to-date: /home/robert/Projects/ros_ws/src/general/install/comp_tasks_interfaces/include/comp_tasks_interfaces/comp_tasks_interfaces/msg/detail/simplified_detection_array__type_support.c
[0.418s] -- Up-to-date: /home/robert/Projects/ros_ws/src/general/install/comp_tasks_interfaces/include/comp_tasks_interfaces/comp_tasks_interfaces/msg/detail/simplified_detection__type_support.c
[0.418s] -- Up-to-date: /home/robert/Projects/ros_ws/src/general/install/comp_tasks_interfaces/include/comp_tasks_interfaces/comp_tasks_interfaces/msg/detail/task__type_support.c
[0.418s] -- Up-to-date: /home/robert/Projects/ros_ws/src/general/install/comp_tasks_interfaces/include/comp_tasks_interfaces/comp_tasks_interfaces/msg/detail/simplified_detection_array__rosidl_typesupport_introspection_c.h
[0.418s] -- Up-to-date: /home/robert/Projects/ros_ws/src/general/install/comp_tasks_interfaces/include/comp_tasks_interfaces/comp_tasks_interfaces/msg/rosidl_typesupport_introspection_c__visibility_control.h
[0.418s] -- Up-to-date: /home/robert/Projects/ros_ws/src/general/install/comp_tasks_interfaces/include/comp_tasks_interfaces/comp_tasks_interfaces/action
[0.419s] -- Up-to-date: /home/robert/Projects/ros_ws/src/general/install/comp_tasks_interfaces/include/comp_tasks_interfaces/comp_tasks_interfaces/action/detail
[0.419s] -- Up-to-date: /home/robert/Projects/ros_ws/src/general/install/comp_tasks_interfaces/include/comp_tasks_interfaces/comp_tasks_interfaces/action/detail/task_signal__rosidl_typesupport_introspection_c.h
[0.419s] -- Up-to-date: /home/robert/Projects/ros_ws/src/general/install/comp_tasks_interfaces/include/comp_tasks_interfaces/comp_tasks_interfaces/action/detail/task_signal__type_support.c
[0.419s] -- Up-to-date: /home/robert/Projects/ros_ws/src/general/install/comp_tasks_interfaces/lib/libcomp_tasks_interfaces__rosidl_typesupport_introspection_c.so
[0.419s] -- Up-to-date: /home/robert/Projects/ros_ws/src/general/install/comp_tasks_interfaces/lib/libcomp_tasks_interfaces__rosidl_typesupport_c.so
[0.419s] -- Up-to-date: /home/robert/Projects/ros_ws/src/general/install/comp_tasks_interfaces/include/comp_tasks_interfaces/comp_tasks_interfaces
[0.420s] -- Up-to-date: /home/robert/Projects/ros_ws/src/general/install/comp_tasks_interfaces/include/comp_tasks_interfaces/comp_tasks_interfaces/msg
[0.421s] -- Up-to-date: /home/robert/Projects/ros_ws/src/general/install/comp_tasks_interfaces/include/comp_tasks_interfaces/comp_tasks_interfaces/msg/detail
[0.421s] -- Up-to-date: /home/robert/Projects/ros_ws/src/general/install/comp_tasks_interfaces/include/comp_tasks_interfaces/comp_tasks_interfaces/msg/detail/simplified_detection__rosidl_typesupport_introspection_cpp.hpp
[0.421s] -- Up-to-date: /home/robert/Projects/ros_ws/src/general/install/comp_tasks_interfaces/include/comp_tasks_interfaces/comp_tasks_interfaces/msg/detail/simplified_detection__type_support.cpp
[0.421s] -- Up-to-date: /home/robert/Projects/ros_ws/src/general/install/comp_tasks_interfaces/include/comp_tasks_interfaces/comp_tasks_interfaces/msg/detail/start_task__type_support.cpp
[0.421s] -- Up-to-date: /home/robert/Projects/ros_ws/src/general/install/comp_tasks_interfaces/include/comp_tasks_interfaces/comp_tasks_interfaces/msg/detail/start_task__rosidl_typesupport_introspection_cpp.hpp
[0.421s] -- Up-to-date: /home/robert/Projects/ros_ws/src/general/install/comp_tasks_interfaces/include/comp_tasks_interfaces/comp_tasks_interfaces/msg/detail/simplified_detection_array__rosidl_typesupport_introspection_cpp.hpp
[0.421s] -- Up-to-date: /home/robert/Projects/ros_ws/src/general/install/comp_tasks_interfaces/include/comp_tasks_interfaces/comp_tasks_interfaces/msg/detail/task__type_support.cpp
[0.421s] -- Up-to-date: /home/robert/Projects/ros_ws/src/general/install/comp_tasks_interfaces/include/comp_tasks_interfaces/comp_tasks_interfaces/msg/detail/task__rosidl_typesupport_introspection_cpp.hpp
[0.421s] -- Up-to-date: /home/robert/Projects/ros_ws/src/general/install/comp_tasks_interfaces/include/comp_tasks_interfaces/comp_tasks_interfaces/msg/detail/simplified_detection_array__type_support.cpp
[0.421s] -- Up-to-date: /home/robert/Projects/ros_ws/src/general/install/comp_tasks_interfaces/include/comp_tasks_interfaces/comp_tasks_interfaces/action
[0.422s] -- Up-to-date: /home/robert/Projects/ros_ws/src/general/install/comp_tasks_interfaces/include/comp_tasks_interfaces/comp_tasks_interfaces/action/detail
[0.422s] -- Up-to-date: /home/robert/Projects/ros_ws/src/general/install/comp_tasks_interfaces/include/comp_tasks_interfaces/comp_tasks_interfaces/action/detail/task_signal__type_support.cpp
[0.422s] -- Up-to-date: /home/robert/Projects/ros_ws/src/general/install/comp_tasks_interfaces/include/comp_tasks_interfaces/comp_tasks_interfaces/action/detail/task_signal__rosidl_typesupport_introspection_cpp.hpp
[0.422s] -- Up-to-date: /home/robert/Projects/ros_ws/src/general/install/comp_tasks_interfaces/lib/libcomp_tasks_interfaces__rosidl_typesupport_introspection_cpp.so
[0.423s] -- Up-to-date: /home/robert/Projects/ros_ws/src/general/install/comp_tasks_interfaces/lib/libcomp_tasks_interfaces__rosidl_typesupport_cpp.so
[0.423s] -- Up-to-date: /home/robert/Projects/ros_ws/src/general/install/comp_tasks_interfaces/share/comp_tasks_interfaces/environment/pythonpath.sh
[0.423s] -- Up-to-date: /home/robert/Projects/ros_ws/src/general/install/comp_tasks_interfaces/share/comp_tasks_interfaces/environment/pythonpath.dsv
[0.423s] -- Up-to-date: /home/robert/Projects/ros_ws/src/general/install/comp_tasks_interfaces/local/lib/python3.10/dist-packages/comp_tasks_interfaces-0.0.0-py3.10.egg-info
[0.423s] -- Installing: /home/robert/Projects/ros_ws/src/general/install/comp_tasks_interfaces/local/lib/python3.10/dist-packages/comp_tasks_interfaces-0.0.0-py3.10.egg-info/PKG-INFO
[0.424s] -- Installing: /home/robert/Projects/ros_ws/src/general/install/comp_tasks_interfaces/local/lib/python3.10/dist-packages/comp_tasks_interfaces-0.0.0-py3.10.egg-info/top_level.txt
[0.424s] -- Installing: /home/robert/Projects/ros_ws/src/general/install/comp_tasks_interfaces/local/lib/python3.10/dist-packages/comp_tasks_interfaces-0.0.0-py3.10.egg-info/dependency_links.txt
[0.424s] -- Installing: /home/robert/Projects/ros_ws/src/general/install/comp_tasks_interfaces/local/lib/python3.10/dist-packages/comp_tasks_interfaces-0.0.0-py3.10.egg-info/SOURCES.txt
[0.424s] -- Up-to-date: /home/robert/Projects/ros_ws/src/general/install/comp_tasks_interfaces/local/lib/python3.10/dist-packages/comp_tasks_interfaces
[0.424s] -- Up-to-date: /home/robert/Projects/ros_ws/src/general/install/comp_tasks_interfaces/local/lib/python3.10/dist-packages/comp_tasks_interfaces/msg
[0.424s] -- Up-to-date: /home/robert/Projects/ros_ws/src/general/install/comp_tasks_interfaces/local/lib/python3.10/dist-packages/comp_tasks_interfaces/msg/_simplified_detection.py
[0.424s] -- Up-to-date: /home/robert/Projects/ros_ws/src/general/install/comp_tasks_interfaces/local/lib/python3.10/dist-packages/comp_tasks_interfaces/msg/_start_task_s.c
[0.424s] -- Up-to-date: /home/robert/Projects/ros_ws/src/general/install/comp_tasks_interfaces/local/lib/python3.10/dist-packages/comp_tasks_interfaces/msg/_task.py
[0.424s] -- Up-to-date: /home/robert/Projects/ros_ws/src/general/install/comp_tasks_interfaces/local/lib/python3.10/dist-packages/comp_tasks_interfaces/msg/_start_task.py
[0.425s] -- Up-to-date: /home/robert/Projects/ros_ws/src/general/install/comp_tasks_interfaces/local/lib/python3.10/dist-packages/comp_tasks_interfaces/msg/_task_s.c
[0.425s] -- Up-to-date: /home/robert/Projects/ros_ws/src/general/install/comp_tasks_interfaces/local/lib/python3.10/dist-packages/comp_tasks_interfaces/msg/_simplified_detection_array.py
[0.426s] -- Up-to-date: /home/robert/Projects/ros_ws/src/general/install/comp_tasks_interfaces/local/lib/python3.10/dist-packages/comp_tasks_interfaces/msg/__init__.py
[0.426s] -- Up-to-date: /home/robert/Projects/ros_ws/src/general/install/comp_tasks_interfaces/local/lib/python3.10/dist-packages/comp_tasks_interfaces/msg/_simplified_detection_s.c
[0.426s] -- Up-to-date: /home/robert/Projects/ros_ws/src/general/install/comp_tasks_interfaces/local/lib/python3.10/dist-packages/comp_tasks_interfaces/msg/_simplified_detection_array_s.c
[0.426s] -- Up-to-date: /home/robert/Projects/ros_ws/src/general/install/comp_tasks_interfaces/local/lib/python3.10/dist-packages/comp_tasks_interfaces/libcomp_tasks_interfaces__rosidl_generator_py.so
[0.426s] -- Up-to-date: /home/robert/Projects/ros_ws/src/general/install/comp_tasks_interfaces/local/lib/python3.10/dist-packages/comp_tasks_interfaces/comp_tasks_interfaces_s__rosidl_typesupport_fastrtps_c.cpython-310-x86_64-linux-gnu.so
[0.426s] -- Up-to-date: /home/robert/Projects/ros_ws/src/general/install/comp_tasks_interfaces/local/lib/python3.10/dist-packages/comp_tasks_interfaces/comp_tasks_interfaces_s__rosidl_typesupport_c.cpython-310-x86_64-linux-gnu.so
[0.426s] -- Up-to-date: /home/robert/Projects/ros_ws/src/general/install/comp_tasks_interfaces/local/lib/python3.10/dist-packages/comp_tasks_interfaces/action
[0.426s] -- Up-to-date: /home/robert/Projects/ros_ws/src/general/install/comp_tasks_interfaces/local/lib/python3.10/dist-packages/comp_tasks_interfaces/action/_task_signal.py
[0.426s] -- Up-to-date: /home/robert/Projects/ros_ws/src/general/install/comp_tasks_interfaces/local/lib/python3.10/dist-packages/comp_tasks_interfaces/action/__init__.py
[0.427s] -- Up-to-date: /home/robert/Projects/ros_ws/src/general/install/comp_tasks_interfaces/local/lib/python3.10/dist-packages/comp_tasks_interfaces/action/_task_signal_s.c
[0.427s] -- Up-to-date: /home/robert/Projects/ros_ws/src/general/install/comp_tasks_interfaces/local/lib/python3.10/dist-packages/comp_tasks_interfaces/__init__.py
[0.427s] -- Up-to-date: /home/robert/Projects/ros_ws/src/general/install/comp_tasks_interfaces/local/lib/python3.10/dist-packages/comp_tasks_interfaces/_comp_tasks_interfaces_s.ep.rosidl_typesupport_c.c
[0.427s] -- Up-to-date: /home/robert/Projects/ros_ws/src/general/install/comp_tasks_interfaces/local/lib/python3.10/dist-packages/comp_tasks_interfaces/comp_tasks_interfaces_s__rosidl_typesupport_introspection_c.cpython-310-x86_64-linux-gnu.so
[0.427s] -- Up-to-date: /home/robert/Projects/ros_ws/src/general/install/comp_tasks_interfaces/local/lib/python3.10/dist-packages/comp_tasks_interfaces/_comp_tasks_interfaces_s.ep.rosidl_typesupport_fastrtps_c.c
[0.427s] -- Up-to-date: /home/robert/Projects/ros_ws/src/general/install/comp_tasks_interfaces/local/lib/python3.10/dist-packages/comp_tasks_interfaces/_comp_tasks_interfaces_s.ep.rosidl_typesupport_introspection_c.c
[0.439s] Listing '/home/robert/Projects/ros_ws/src/general/install/comp_tasks_interfaces/local/lib/python3.10/dist-packages/comp_tasks_interfaces'...
[0.439s] Listing '/home/robert/Projects/ros_ws/src/general/install/comp_tasks_interfaces/local/lib/python3.10/dist-packages/comp_tasks_interfaces/action'...
[0.439s] Listing '/home/robert/Projects/ros_ws/src/general/install/comp_tasks_interfaces/local/lib/python3.10/dist-packages/comp_tasks_interfaces/msg'...
[0.443s] -- Up-to-date: /home/robert/Projects/ros_ws/src/general/install/comp_tasks_interfaces/local/lib/python3.10/dist-packages/comp_tasks_interfaces/comp_tasks_interfaces_s__rosidl_typesupport_fastrtps_c.cpython-310-x86_64-linux-gnu.so
[0.443s] -- Up-to-date: /home/robert/Projects/ros_ws/src/general/install/comp_tasks_interfaces/local/lib/python3.10/dist-packages/comp_tasks_interfaces/comp_tasks_interfaces_s__rosidl_typesupport_introspection_c.cpython-310-x86_64-linux-gnu.so
[0.443s] -- Up-to-date: /home/robert/Projects/ros_ws/src/general/install/comp_tasks_interfaces/local/lib/python3.10/dist-packages/comp_tasks_interfaces/comp_tasks_interfaces_s__rosidl_typesupport_c.cpython-310-x86_64-linux-gnu.so
[0.444s] -- Up-to-date: /home/robert/Projects/ros_ws/src/general/install/comp_tasks_interfaces/lib/libcomp_tasks_interfaces__rosidl_generator_py.so
[0.444s] -- Up-to-date: /home/robert/Projects/ros_ws/src/general/install/comp_tasks_interfaces/share/comp_tasks_interfaces/msg/Task.idl
[0.444s] -- Up-to-date: /home/robert/Projects/ros_ws/src/general/install/comp_tasks_interfaces/share/comp_tasks_interfaces/action/TaskSignal.idl
[0.444s] -- Up-to-date: /home/robert/Projects/ros_ws/src/general/install/comp_tasks_interfaces/share/comp_tasks_interfaces/msg/StartTask.idl
[0.444s] -- Up-to-date: /home/robert/Projects/ros_ws/src/general/install/comp_tasks_interfaces/share/comp_tasks_interfaces/msg/SimplifiedDetection.idl
[0.444s] -- Up-to-date: /home/robert/Projects/ros_ws/src/general/install/comp_tasks_interfaces/share/comp_tasks_interfaces/msg/SimplifiedDetectionArray.idl
[0.445s] -- Up-to-date: /home/robert/Projects/ros_ws/src/general/install/comp_tasks_interfaces/share/comp_tasks_interfaces/msg/Task.msg
[0.445s] -- Up-to-date: /home/robert/Projects/ros_ws/src/general/install/comp_tasks_interfaces/share/comp_tasks_interfaces/action/TaskSignal.action
[0.445s] -- Up-to-date: /home/robert/Projects/ros_ws/src/general/install/comp_tasks_interfaces/share/comp_tasks_interfaces/msg/StartTask.msg
[0.445s] -- Up-to-date: /home/robert/Projects/ros_ws/src/general/install/comp_tasks_interfaces/share/comp_tasks_interfaces/msg/SimplifiedDetection.msg
[0.445s] -- Up-to-date: /home/robert/Projects/ros_ws/src/general/install/comp_tasks_interfaces/share/comp_tasks_interfaces/msg/SimplifiedDetectionArray.msg
[0.446s] -- Up-to-date: /home/robert/Projects/ros_ws/src/general/install/comp_tasks_interfaces/share/ament_index/resource_index/package_run_dependencies/comp_tasks_interfaces
[0.446s] -- Up-to-date: /home/robert/Projects/ros_ws/src/general/install/comp_tasks_interfaces/share/ament_index/resource_index/parent_prefix_path/comp_tasks_interfaces
[0.446s] -- Up-to-date: /home/robert/Projects/ros_ws/src/general/install/comp_tasks_interfaces/share/comp_tasks_interfaces/environment/ament_prefix_path.sh
[0.446s] -- Up-to-date: /home/robert/Projects/ros_ws/src/general/install/comp_tasks_interfaces/share/comp_tasks_interfaces/environment/ament_prefix_path.dsv
[0.446s] -- Up-to-date: /home/robert/Projects/ros_ws/src/general/install/comp_tasks_interfaces/share/comp_tasks_interfaces/environment/path.sh
[0.446s] -- Up-to-date: /home/robert/Projects/ros_ws/src/general/install/comp_tasks_interfaces/share/comp_tasks_interfaces/environment/path.dsv
[0.447s] -- Up-to-date: /home/robert/Projects/ros_ws/src/general/install/comp_tasks_interfaces/share/comp_tasks_interfaces/local_setup.bash
[0.447s] -- Up-to-date: /home/robert/Projects/ros_ws/src/general/install/comp_tasks_interfaces/share/comp_tasks_interfaces/local_setup.sh
[0.447s] -- Up-to-date: /home/robert/Projects/ros_ws/src/general/install/comp_tasks_interfaces/share/comp_tasks_interfaces/local_setup.zsh
[0.447s] -- Up-to-date: /home/robert/Projects/ros_ws/src/general/install/comp_tasks_interfaces/share/comp_tasks_interfaces/local_setup.dsv
[0.447s] -- Installing: /home/robert/Projects/ros_ws/src/general/install/comp_tasks_interfaces/share/comp_tasks_interfaces/package.dsv
[0.447s] -- Up-to-date: /home/robert/Projects/ros_ws/src/general/install/comp_tasks_interfaces/share/ament_index/resource_index/packages/comp_tasks_interfaces
[0.447s] -- Up-to-date: /home/robert/Projects/ros_ws/src/general/install/comp_tasks_interfaces/share/comp_tasks_interfaces/cmake/export_comp_tasks_interfaces__rosidl_generator_cExport.cmake
[0.447s] -- Up-to-date: /home/robert/Projects/ros_ws/src/general/install/comp_tasks_interfaces/share/comp_tasks_interfaces/cmake/export_comp_tasks_interfaces__rosidl_generator_cExport-noconfig.cmake
[0.448s] -- Up-to-date: /home/robert/Projects/ros_ws/src/general/install/comp_tasks_interfaces/share/comp_tasks_interfaces/cmake/export_comp_tasks_interfaces__rosidl_typesupport_fastrtps_cExport.cmake
[0.448s] -- Up-to-date: /home/robert/Projects/ros_ws/src/general/install/comp_tasks_interfaces/share/comp_tasks_interfaces/cmake/export_comp_tasks_interfaces__rosidl_typesupport_fastrtps_cExport-noconfig.cmake
[0.448s] -- Up-to-date: /home/robert/Projects/ros_ws/src/general/install/comp_tasks_interfaces/share/comp_tasks_interfaces/cmake/export_comp_tasks_interfaces__rosidl_generator_cppExport.cmake
[0.448s] -- Up-to-date: /home/robert/Projects/ros_ws/src/general/install/comp_tasks_interfaces/share/comp_tasks_interfaces/cmake/export_comp_tasks_interfaces__rosidl_typesupport_fastrtps_cppExport.cmake
[0.448s] -- Up-to-date: /home/robert/Projects/ros_ws/src/general/install/comp_tasks_interfaces/share/comp_tasks_interfaces/cmake/export_comp_tasks_interfaces__rosidl_typesupport_fastrtps_cppExport-noconfig.cmake
[0.448s] -- Up-to-date: /home/robert/Projects/ros_ws/src/general/install/comp_tasks_interfaces/share/comp_tasks_interfaces/cmake/comp_tasks_interfaces__rosidl_typesupport_introspection_cExport.cmake
[0.448s] -- Up-to-date: /home/robert/Projects/ros_ws/src/general/install/comp_tasks_interfaces/share/comp_tasks_interfaces/cmake/comp_tasks_interfaces__rosidl_typesupport_introspection_cExport-noconfig.cmake
[0.448s] -- Up-to-date: /home/robert/Projects/ros_ws/src/general/install/comp_tasks_interfaces/share/comp_tasks_interfaces/cmake/comp_tasks_interfaces__rosidl_typesupport_cExport.cmake
[0.448s] -- Up-to-date: /home/robert/Projects/ros_ws/src/general/install/comp_tasks_interfaces/share/comp_tasks_interfaces/cmake/comp_tasks_interfaces__rosidl_typesupport_cExport-noconfig.cmake
[0.448s] -- Up-to-date: /home/robert/Projects/ros_ws/src/general/install/comp_tasks_interfaces/share/comp_tasks_interfaces/cmake/comp_tasks_interfaces__rosidl_typesupport_introspection_cppExport.cmake
[0.449s] -- Up-to-date: /home/robert/Projects/ros_ws/src/general/install/comp_tasks_interfaces/share/comp_tasks_interfaces/cmake/comp_tasks_interfaces__rosidl_typesupport_introspection_cppExport-noconfig.cmake
[0.449s] -- Up-to-date: /home/robert/Projects/ros_ws/src/general/install/comp_tasks_interfaces/share/comp_tasks_interfaces/cmake/comp_tasks_interfaces__rosidl_typesupport_cppExport.cmake
[0.449s] -- Up-to-date: /home/robert/Projects/ros_ws/src/general/install/comp_tasks_interfaces/share/comp_tasks_interfaces/cmake/comp_tasks_interfaces__rosidl_typesupport_cppExport-noconfig.cmake
[0.449s] -- Up-to-date: /home/robert/Projects/ros_ws/src/general/install/comp_tasks_interfaces/share/comp_tasks_interfaces/cmake/export_comp_tasks_interfaces__rosidl_generator_pyExport.cmake
[0.449s] -- Up-to-date: /home/robert/Projects/ros_ws/src/general/install/comp_tasks_interfaces/share/comp_tasks_interfaces/cmake/export_comp_tasks_interfaces__rosidl_generator_pyExport-noconfig.cmake
[0.449s] -- Up-to-date: /home/robert/Projects/ros_ws/src/general/install/comp_tasks_interfaces/share/comp_tasks_interfaces/cmake/rosidl_cmake-extras.cmake
[0.449s] -- Up-to-date: /home/robert/Projects/ros_ws/src/general/install/comp_tasks_interfaces/share/comp_tasks_interfaces/cmake/ament_cmake_export_dependencies-extras.cmake
[0.449s] -- Up-to-date: /home/robert/Projects/ros_ws/src/general/install/comp_tasks_interfaces/share/comp_tasks_interfaces/cmake/ament_cmake_export_include_directories-extras.cmake
[0.450s] -- Up-to-date: /home/robert/Projects/ros_ws/src/general/install/comp_tasks_interfaces/share/comp_tasks_interfaces/cmake/ament_cmake_export_libraries-extras.cmake
[0.450s] -- Up-to-date: /home/robert/Projects/ros_ws/src/general/install/comp_tasks_interfaces/share/comp_tasks_interfaces/cmake/ament_cmake_export_targets-extras.cmake
[0.450s] -- Up-to-date: /home/robert/Projects/ros_ws/src/general/install/comp_tasks_interfaces/share/comp_tasks_interfaces/cmake/rosidl_cmake_export_typesupport_targets-extras.cmake
[0.451s] -- Up-to-date: /home/robert/Projects/ros_ws/src/general/install/comp_tasks_interfaces/share/comp_tasks_interfaces/cmake/rosidl_cmake_export_typesupport_libraries-extras.cmake
[0.451s] -- Up-to-date: /home/robert/Projects/ros_ws/src/general/install/comp_tasks_interfaces/share/comp_tasks_interfaces/cmake/comp_tasks_interfacesConfig.cmake
[0.452s] -- Up-to-date: /home/robert/Projects/ros_ws/src/general/install/comp_tasks_interfaces/share/comp_tasks_interfaces/cmake/comp_tasks_interfacesConfig-version.cmake
[0.452s] -- Up-to-date: /home/robert/Projects/ros_ws/src/general/install/comp_tasks_interfaces/share/comp_tasks_interfaces/package.xml
[0.453s] Invoked command in '/home/robert/Projects/ros_ws/src/general/build/comp_tasks_interfaces' returned '0': CMAKE_PREFIX_PATH=/opt/ros/humble /usr/bin/cmake --install /home/robert/Projects/ros_ws/src/general/build/comp_tasks_interfaces
