[0.011s] Invoking command in '/home/robert/Projects/ros_ws/src/general/build/yolov8_msgs': CMAKE_PREFIX_PATH=/opt/ros/humble /usr/bin/cmake --build /home/robert/Projects/ros_ws/src/general/build/yolov8_msgs -- -j12 -l12
[0.055s] [35m[1mConsolidate compiler generated dependencies of target yolov8_msgs__rosidl_generator_c[0m
[0.068s] [  0%] Built target yolov8_msgs__cpp
[0.077s] [ 12%] Built target yolov8_msgs__rosidl_generator_c
[0.081s] [ 12%] Built target ament_cmake_python_copy_yolov8_msgs
[0.093s] [35m[1mConsolidate compiler generated dependencies of target yolov8_msgs__rosidl_typesupport_cpp[0m
[0.093s] [35m[1mConsolidate compiler generated dependencies of target yolov8_msgs__rosidl_typesupport_fastrtps_cpp[0m
[0.096s] [35m[1mConsolidate compiler generated dependencies of target yolov8_msgs__rosidl_typesupport_introspection_cpp[0m
[0.105s] [35m[1mConsolidate compiler generated dependencies of target yolov8_msgs__rosidl_typesupport_c[0m
[0.105s] [35m[1mConsolidate compiler generated dependencies of target yolov8_msgs__rosidl_typesupport_introspection_c[0m
[0.112s] [35m[1mConsolidate compiler generated dependencies of target yolov8_msgs__rosidl_typesupport_fastrtps_c[0m
[0.127s] [ 24%] Built target yolov8_msgs__rosidl_typesupport_c
[0.137s] [ 36%] Built target yolov8_msgs__rosidl_typesupport_introspection_c
[0.138s] [ 48%] Built target yolov8_msgs__rosidl_typesupport_cpp
[0.141s] [ 60%] Built target yolov8_msgs__rosidl_typesupport_fastrtps_cpp
[0.143s] [ 72%] Built target yolov8_msgs__rosidl_typesupport_introspection_cpp
[0.148s] [ 84%] Built target yolov8_msgs__rosidl_typesupport_fastrtps_c
[0.168s] [ 84%] Built target yolov8_msgs
[0.189s] [ 85%] Built target yolov8_msgs__py
[0.203s] [35m[1mConsolidate compiler generated dependencies of target yolov8_msgs__rosidl_generator_py[0m
[0.235s] [ 96%] Built target yolov8_msgs__rosidl_generator_py
[0.246s] [35m[1mConsolidate compiler generated dependencies of target yolov8_msgs__rosidl_typesupport_c__pyext[0m
[0.246s] [35m[1mConsolidate compiler generated dependencies of target yolov8_msgs__rosidl_typesupport_introspection_c__pyext[0m
[0.246s] [35m[1mConsolidate compiler generated dependencies of target yolov8_msgs__rosidl_typesupport_fastrtps_c__pyext[0m
[0.260s] [100%] Built target yolov8_msgs__rosidl_typesupport_fastrtps_c__pyext
[0.260s] [100%] Built target yolov8_msgs__rosidl_typesupport_introspection_c__pyext
[0.260s] [100%] Built target yolov8_msgs__rosidl_typesupport_c__pyext
[0.360s] running egg_info
[0.361s] writing yolov8_msgs.egg-info/PKG-INFO
[0.361s] writing dependency_links to yolov8_msgs.egg-info/dependency_links.txt
[0.362s] writing top-level names to yolov8_msgs.egg-info/top_level.txt
[0.364s] reading manifest file 'yolov8_msgs.egg-info/SOURCES.txt'
[0.364s] writing manifest file 'yolov8_msgs.egg-info/SOURCES.txt'
[0.386s] [100%] Built target ament_cmake_python_build_yolov8_msgs_egg
[0.399s] Invoked command in '/home/robert/Projects/ros_ws/src/general/build/yolov8_msgs' returned '0': CMAKE_PREFIX_PATH=/opt/ros/humble /usr/bin/cmake --build /home/robert/Projects/ros_ws/src/general/build/yolov8_msgs -- -j12 -l12
[0.400s] Invoking command in '/home/robert/Projects/ros_ws/src/general/build/yolov8_msgs': CMAKE_PREFIX_PATH=/opt/ros/humble /usr/bin/cmake --install /home/robert/Projects/ros_ws/src/general/build/yolov8_msgs
[0.413s] -- Install configuration: ""
[0.415s] -- Up-to-date: /home/robert/Projects/ros_ws/src/general/install/yolov8_msgs/share/ament_index/resource_index/rosidl_interfaces/yolov8_msgs
[0.415s] -- Up-to-date: /home/robert/Projects/ros_ws/src/general/install/yolov8_msgs/include/yolov8_msgs/yolov8_msgs
[0.415s] -- Up-to-date: /home/robert/Projects/ros_ws/src/general/install/yolov8_msgs/include/yolov8_msgs/yolov8_msgs/msg
[0.415s] -- Up-to-date: /home/robert/Projects/ros_ws/src/general/install/yolov8_msgs/include/yolov8_msgs/yolov8_msgs/msg/detail
[0.416s] -- Up-to-date: /home/robert/Projects/ros_ws/src/general/install/yolov8_msgs/include/yolov8_msgs/yolov8_msgs/msg/detail/pose2_d__functions.c
[0.416s] -- Up-to-date: /home/robert/Projects/ros_ws/src/general/install/yolov8_msgs/include/yolov8_msgs/yolov8_msgs/msg/detail/key_point2_d_array__struct.h
[0.416s] -- Up-to-date: /home/robert/Projects/ros_ws/src/general/install/yolov8_msgs/include/yolov8_msgs/yolov8_msgs/msg/detail/key_point3_d__struct.h
[0.417s] -- Up-to-date: /home/robert/Projects/ros_ws/src/general/install/yolov8_msgs/include/yolov8_msgs/yolov8_msgs/msg/detail/iceberg_detection_array__struct.h
[0.417s] -- Up-to-date: /home/robert/Projects/ros_ws/src/general/install/yolov8_msgs/include/yolov8_msgs/yolov8_msgs/msg/detail/pose2_d__struct.h
[0.417s] -- Up-to-date: /home/robert/Projects/ros_ws/src/general/install/yolov8_msgs/include/yolov8_msgs/yolov8_msgs/msg/detail/detection__functions.h
[0.417s] -- Up-to-date: /home/robert/Projects/ros_ws/src/general/install/yolov8_msgs/include/yolov8_msgs/yolov8_msgs/msg/detail/iceberg_detection__struct.h
[0.417s] -- Up-to-date: /home/robert/Projects/ros_ws/src/general/install/yolov8_msgs/include/yolov8_msgs/yolov8_msgs/msg/detail/bounding_box3_d__functions.c
[0.417s] -- Up-to-date: /home/robert/Projects/ros_ws/src/general/install/yolov8_msgs/include/yolov8_msgs/yolov8_msgs/msg/detail/detection_array__struct.h
[0.417s] -- Up-to-date: /home/robert/Projects/ros_ws/src/general/install/yolov8_msgs/include/yolov8_msgs/yolov8_msgs/msg/detail/bounding_box3_d__type_support.h
[0.417s] -- Up-to-date: /home/robert/Projects/ros_ws/src/general/install/yolov8_msgs/include/yolov8_msgs/yolov8_msgs/msg/detail/iceberg_detection_array__functions.c
[0.417s] -- Up-to-date: /home/robert/Projects/ros_ws/src/general/install/yolov8_msgs/include/yolov8_msgs/yolov8_msgs/msg/detail/vector2__functions.c
[0.417s] -- Up-to-date: /home/robert/Projects/ros_ws/src/general/install/yolov8_msgs/include/yolov8_msgs/yolov8_msgs/msg/detail/key_point2_d_array__functions.c
[0.418s] -- Up-to-date: /home/robert/Projects/ros_ws/src/general/install/yolov8_msgs/include/yolov8_msgs/yolov8_msgs/msg/detail/iceberg_detection_array__type_support.h
[0.418s] -- Up-to-date: /home/robert/Projects/ros_ws/src/general/install/yolov8_msgs/include/yolov8_msgs/yolov8_msgs/msg/detail/key_point3_d__functions.c
[0.418s] -- Up-to-date: /home/robert/Projects/ros_ws/src/general/install/yolov8_msgs/include/yolov8_msgs/yolov8_msgs/msg/detail/detection_array__functions.h
[0.418s] -- Up-to-date: /home/robert/Projects/ros_ws/src/general/install/yolov8_msgs/include/yolov8_msgs/yolov8_msgs/msg/detail/mask__type_support.h
[0.418s] -- Up-to-date: /home/robert/Projects/ros_ws/src/general/install/yolov8_msgs/include/yolov8_msgs/yolov8_msgs/msg/detail/mask__functions.c
[0.418s] -- Up-to-date: /home/robert/Projects/ros_ws/src/general/install/yolov8_msgs/include/yolov8_msgs/yolov8_msgs/msg/detail/bounding_box2_d__functions.h
[0.418s] -- Up-to-date: /home/robert/Projects/ros_ws/src/general/install/yolov8_msgs/include/yolov8_msgs/yolov8_msgs/msg/detail/key_point2_d__functions.c
[0.418s] -- Up-to-date: /home/robert/Projects/ros_ws/src/general/install/yolov8_msgs/include/yolov8_msgs/yolov8_msgs/msg/detail/detection__type_support.h
[0.418s] -- Up-to-date: /home/robert/Projects/ros_ws/src/general/install/yolov8_msgs/include/yolov8_msgs/yolov8_msgs/msg/detail/bounding_box2_d__type_support.h
[0.418s] -- Up-to-date: /home/robert/Projects/ros_ws/src/general/install/yolov8_msgs/include/yolov8_msgs/yolov8_msgs/msg/detail/pose2_d__type_support.h
[0.418s] -- Up-to-date: /home/robert/Projects/ros_ws/src/general/install/yolov8_msgs/include/yolov8_msgs/yolov8_msgs/msg/detail/point2_d__type_support.h
[0.418s] -- Up-to-date: /home/robert/Projects/ros_ws/src/general/install/yolov8_msgs/include/yolov8_msgs/yolov8_msgs/msg/detail/bounding_box2_d__functions.c
[0.419s] -- Up-to-date: /home/robert/Projects/ros_ws/src/general/install/yolov8_msgs/include/yolov8_msgs/yolov8_msgs/msg/detail/key_point2_d__functions.h
[0.419s] -- Up-to-date: /home/robert/Projects/ros_ws/src/general/install/yolov8_msgs/include/yolov8_msgs/yolov8_msgs/msg/detail/bounding_box2_d__struct.h
[0.419s] -- Up-to-date: /home/robert/Projects/ros_ws/src/general/install/yolov8_msgs/include/yolov8_msgs/yolov8_msgs/msg/detail/point2_d__functions.h
[0.419s] -- Up-to-date: /home/robert/Projects/ros_ws/src/general/install/yolov8_msgs/include/yolov8_msgs/yolov8_msgs/msg/detail/key_point3_d_array__type_support.h
[0.419s] -- Up-to-date: /home/robert/Projects/ros_ws/src/general/install/yolov8_msgs/include/yolov8_msgs/yolov8_msgs/msg/detail/key_point2_d_array__functions.h
[0.419s] -- Up-to-date: /home/robert/Projects/ros_ws/src/general/install/yolov8_msgs/include/yolov8_msgs/yolov8_msgs/msg/detail/vector2__type_support.h
[0.419s] -- Up-to-date: /home/robert/Projects/ros_ws/src/general/install/yolov8_msgs/include/yolov8_msgs/yolov8_msgs/msg/detail/iceberg_detection__functions.c
[0.419s] -- Up-to-date: /home/robert/Projects/ros_ws/src/general/install/yolov8_msgs/include/yolov8_msgs/yolov8_msgs/msg/detail/key_point2_d_array__type_support.h
[0.420s] -- Up-to-date: /home/robert/Projects/ros_ws/src/general/install/yolov8_msgs/include/yolov8_msgs/yolov8_msgs/msg/detail/key_point3_d_array__functions.h
[0.420s] -- Up-to-date: /home/robert/Projects/ros_ws/src/general/install/yolov8_msgs/include/yolov8_msgs/yolov8_msgs/msg/detail/detection__functions.c
[0.420s] -- Up-to-date: /home/robert/Projects/ros_ws/src/general/install/yolov8_msgs/include/yolov8_msgs/yolov8_msgs/msg/detail/detection_array__functions.c
[0.420s] -- Up-to-date: /home/robert/Projects/ros_ws/src/general/install/yolov8_msgs/include/yolov8_msgs/yolov8_msgs/msg/detail/iceberg_bounding_box2_d__struct.h
[0.420s] -- Up-to-date: /home/robert/Projects/ros_ws/src/general/install/yolov8_msgs/include/yolov8_msgs/yolov8_msgs/msg/detail/key_point3_d__type_support.h
[0.420s] -- Up-to-date: /home/robert/Projects/ros_ws/src/general/install/yolov8_msgs/include/yolov8_msgs/yolov8_msgs/msg/detail/iceberg_bounding_box2_d__functions.h
[0.421s] -- Up-to-date: /home/robert/Projects/ros_ws/src/general/install/yolov8_msgs/include/yolov8_msgs/yolov8_msgs/msg/detail/key_point3_d_array__struct.h
[0.421s] -- Up-to-date: /home/robert/Projects/ros_ws/src/general/install/yolov8_msgs/include/yolov8_msgs/yolov8_msgs/msg/detail/detection__struct.h
[0.421s] -- Up-to-date: /home/robert/Projects/ros_ws/src/general/install/yolov8_msgs/include/yolov8_msgs/yolov8_msgs/msg/detail/pose2_d__functions.h
[0.421s] -- Up-to-date: /home/robert/Projects/ros_ws/src/general/install/yolov8_msgs/include/yolov8_msgs/yolov8_msgs/msg/detail/iceberg_bounding_box2_d__type_support.h
[0.421s] -- Up-to-date: /home/robert/Projects/ros_ws/src/general/install/yolov8_msgs/include/yolov8_msgs/yolov8_msgs/msg/detail/iceberg_detection_array__functions.h
[0.421s] -- Up-to-date: /home/robert/Projects/ros_ws/src/general/install/yolov8_msgs/include/yolov8_msgs/yolov8_msgs/msg/detail/vector2__struct.h
[0.421s] -- Up-to-date: /home/robert/Projects/ros_ws/src/general/install/yolov8_msgs/include/yolov8_msgs/yolov8_msgs/msg/detail/key_point3_d_array__functions.c
[0.421s] -- Up-to-date: /home/robert/Projects/ros_ws/src/general/install/yolov8_msgs/include/yolov8_msgs/yolov8_msgs/msg/detail/point2_d__functions.c
[0.421s] -- Up-to-date: /home/robert/Projects/ros_ws/src/general/install/yolov8_msgs/include/yolov8_msgs/yolov8_msgs/msg/detail/iceberg_detection__functions.h
[0.421s] -- Up-to-date: /home/robert/Projects/ros_ws/src/general/install/yolov8_msgs/include/yolov8_msgs/yolov8_msgs/msg/detail/iceberg_detection__type_support.h
[0.421s] -- Up-to-date: /home/robert/Projects/ros_ws/src/general/install/yolov8_msgs/include/yolov8_msgs/yolov8_msgs/msg/detail/vector2__functions.h
[0.421s] -- Up-to-date: /home/robert/Projects/ros_ws/src/general/install/yolov8_msgs/include/yolov8_msgs/yolov8_msgs/msg/detail/mask__struct.h
[0.421s] -- Up-to-date: /home/robert/Projects/ros_ws/src/general/install/yolov8_msgs/include/yolov8_msgs/yolov8_msgs/msg/detail/key_point3_d__functions.h
[0.421s] -- Up-to-date: /home/robert/Projects/ros_ws/src/general/install/yolov8_msgs/include/yolov8_msgs/yolov8_msgs/msg/detail/mask__functions.h
[0.421s] -- Up-to-date: /home/robert/Projects/ros_ws/src/general/install/yolov8_msgs/include/yolov8_msgs/yolov8_msgs/msg/detail/point2_d__struct.h
[0.421s] -- Up-to-date: /home/robert/Projects/ros_ws/src/general/install/yolov8_msgs/include/yolov8_msgs/yolov8_msgs/msg/detail/iceberg_bounding_box2_d__functions.c
[0.422s] -- Up-to-date: /home/robert/Projects/ros_ws/src/general/install/yolov8_msgs/include/yolov8_msgs/yolov8_msgs/msg/detail/key_point2_d__type_support.h
[0.422s] -- Up-to-date: /home/robert/Projects/ros_ws/src/general/install/yolov8_msgs/include/yolov8_msgs/yolov8_msgs/msg/detail/bounding_box3_d__functions.h
[0.422s] -- Up-to-date: /home/robert/Projects/ros_ws/src/general/install/yolov8_msgs/include/yolov8_msgs/yolov8_msgs/msg/detail/key_point2_d__struct.h
[0.422s] -- Up-to-date: /home/robert/Projects/ros_ws/src/general/install/yolov8_msgs/include/yolov8_msgs/yolov8_msgs/msg/detail/detection_array__type_support.h
[0.422s] -- Up-to-date: /home/robert/Projects/ros_ws/src/general/install/yolov8_msgs/include/yolov8_msgs/yolov8_msgs/msg/detail/bounding_box3_d__struct.h
[0.422s] -- Up-to-date: /home/robert/Projects/ros_ws/src/general/install/yolov8_msgs/include/yolov8_msgs/yolov8_msgs/msg/mask.h
[0.422s] -- Up-to-date: /home/robert/Projects/ros_ws/src/general/install/yolov8_msgs/include/yolov8_msgs/yolov8_msgs/msg/bounding_box2_d.h
[0.422s] -- Up-to-date: /home/robert/Projects/ros_ws/src/general/install/yolov8_msgs/include/yolov8_msgs/yolov8_msgs/msg/vector2.h
[0.422s] -- Up-to-date: /home/robert/Projects/ros_ws/src/general/install/yolov8_msgs/include/yolov8_msgs/yolov8_msgs/msg/key_point3_d_array.h
[0.422s] -- Up-to-date: /home/robert/Projects/ros_ws/src/general/install/yolov8_msgs/include/yolov8_msgs/yolov8_msgs/msg/iceberg_detection_array.h
[0.422s] -- Up-to-date: /home/robert/Projects/ros_ws/src/general/install/yolov8_msgs/include/yolov8_msgs/yolov8_msgs/msg/key_point2_d.h
[0.422s] -- Up-to-date: /home/robert/Projects/ros_ws/src/general/install/yolov8_msgs/include/yolov8_msgs/yolov8_msgs/msg/point2_d.h
[0.423s] -- Up-to-date: /home/robert/Projects/ros_ws/src/general/install/yolov8_msgs/include/yolov8_msgs/yolov8_msgs/msg/key_point3_d.h
[0.423s] -- Up-to-date: /home/robert/Projects/ros_ws/src/general/install/yolov8_msgs/include/yolov8_msgs/yolov8_msgs/msg/pose2_d.h
[0.423s] -- Up-to-date: /home/robert/Projects/ros_ws/src/general/install/yolov8_msgs/include/yolov8_msgs/yolov8_msgs/msg/key_point2_d_array.h
[0.423s] -- Up-to-date: /home/robert/Projects/ros_ws/src/general/install/yolov8_msgs/include/yolov8_msgs/yolov8_msgs/msg/detection_array.h
[0.423s] -- Up-to-date: /home/robert/Projects/ros_ws/src/general/install/yolov8_msgs/include/yolov8_msgs/yolov8_msgs/msg/bounding_box3_d.h
[0.423s] -- Up-to-date: /home/robert/Projects/ros_ws/src/general/install/yolov8_msgs/include/yolov8_msgs/yolov8_msgs/msg/iceberg_detection.h
[0.423s] -- Up-to-date: /home/robert/Projects/ros_ws/src/general/install/yolov8_msgs/include/yolov8_msgs/yolov8_msgs/msg/detection.h
[0.424s] -- Up-to-date: /home/robert/Projects/ros_ws/src/general/install/yolov8_msgs/include/yolov8_msgs/yolov8_msgs/msg/rosidl_generator_c__visibility_control.h
[0.424s] -- Up-to-date: /home/robert/Projects/ros_ws/src/general/install/yolov8_msgs/include/yolov8_msgs/yolov8_msgs/msg/iceberg_bounding_box2_d.h
[0.424s] -- Up-to-date: /home/robert/Projects/ros_ws/src/general/install/yolov8_msgs/share/yolov8_msgs/environment/library_path.sh
[0.424s] -- Up-to-date: /home/robert/Projects/ros_ws/src/general/install/yolov8_msgs/share/yolov8_msgs/environment/library_path.dsv
[0.424s] -- Up-to-date: /home/robert/Projects/ros_ws/src/general/install/yolov8_msgs/lib/libyolov8_msgs__rosidl_generator_c.so
[0.424s] -- Up-to-date: /home/robert/Projects/ros_ws/src/general/install/yolov8_msgs/include/yolov8_msgs/yolov8_msgs
[0.424s] -- Up-to-date: /home/robert/Projects/ros_ws/src/general/install/yolov8_msgs/include/yolov8_msgs/yolov8_msgs/msg
[0.424s] -- Up-to-date: /home/robert/Projects/ros_ws/src/general/install/yolov8_msgs/include/yolov8_msgs/yolov8_msgs/msg/detail
[0.424s] -- Up-to-date: /home/robert/Projects/ros_ws/src/general/install/yolov8_msgs/include/yolov8_msgs/yolov8_msgs/msg/detail/mask__rosidl_typesupport_fastrtps_c.h
[0.425s] -- Up-to-date: /home/robert/Projects/ros_ws/src/general/install/yolov8_msgs/include/yolov8_msgs/yolov8_msgs/msg/detail/detection_array__rosidl_typesupport_fastrtps_c.h
[0.425s] -- Up-to-date: /home/robert/Projects/ros_ws/src/general/install/yolov8_msgs/include/yolov8_msgs/yolov8_msgs/msg/detail/iceberg_detection_array__rosidl_typesupport_fastrtps_c.h
[0.425s] -- Up-to-date: /home/robert/Projects/ros_ws/src/general/install/yolov8_msgs/include/yolov8_msgs/yolov8_msgs/msg/detail/iceberg_detection__rosidl_typesupport_fastrtps_c.h
[0.425s] -- Up-to-date: /home/robert/Projects/ros_ws/src/general/install/yolov8_msgs/include/yolov8_msgs/yolov8_msgs/msg/detail/key_point3_d_array__rosidl_typesupport_fastrtps_c.h
[0.425s] -- Up-to-date: /home/robert/Projects/ros_ws/src/general/install/yolov8_msgs/include/yolov8_msgs/yolov8_msgs/msg/detail/point2_d__rosidl_typesupport_fastrtps_c.h
[0.425s] -- Up-to-date: /home/robert/Projects/ros_ws/src/general/install/yolov8_msgs/include/yolov8_msgs/yolov8_msgs/msg/detail/vector2__rosidl_typesupport_fastrtps_c.h
[0.425s] -- Up-to-date: /home/robert/Projects/ros_ws/src/general/install/yolov8_msgs/include/yolov8_msgs/yolov8_msgs/msg/detail/key_point2_d_array__rosidl_typesupport_fastrtps_c.h
[0.425s] -- Up-to-date: /home/robert/Projects/ros_ws/src/general/install/yolov8_msgs/include/yolov8_msgs/yolov8_msgs/msg/detail/pose2_d__rosidl_typesupport_fastrtps_c.h
[0.425s] -- Up-to-date: /home/robert/Projects/ros_ws/src/general/install/yolov8_msgs/include/yolov8_msgs/yolov8_msgs/msg/detail/bounding_box2_d__rosidl_typesupport_fastrtps_c.h
[0.425s] -- Up-to-date: /home/robert/Projects/ros_ws/src/general/install/yolov8_msgs/include/yolov8_msgs/yolov8_msgs/msg/detail/detection__rosidl_typesupport_fastrtps_c.h
[0.425s] -- Up-to-date: /home/robert/Projects/ros_ws/src/general/install/yolov8_msgs/include/yolov8_msgs/yolov8_msgs/msg/detail/iceberg_bounding_box2_d__rosidl_typesupport_fastrtps_c.h
[0.425s] -- Up-to-date: /home/robert/Projects/ros_ws/src/general/install/yolov8_msgs/include/yolov8_msgs/yolov8_msgs/msg/detail/key_point3_d__rosidl_typesupport_fastrtps_c.h
[0.425s] -- Up-to-date: /home/robert/Projects/ros_ws/src/general/install/yolov8_msgs/include/yolov8_msgs/yolov8_msgs/msg/detail/bounding_box3_d__rosidl_typesupport_fastrtps_c.h
[0.425s] -- Up-to-date: /home/robert/Projects/ros_ws/src/general/install/yolov8_msgs/include/yolov8_msgs/yolov8_msgs/msg/detail/key_point2_d__rosidl_typesupport_fastrtps_c.h
[0.425s] -- Up-to-date: /home/robert/Projects/ros_ws/src/general/install/yolov8_msgs/include/yolov8_msgs/yolov8_msgs/msg/rosidl_typesupport_fastrtps_c__visibility_control.h
[0.426s] -- Up-to-date: /home/robert/Projects/ros_ws/src/general/install/yolov8_msgs/lib/libyolov8_msgs__rosidl_typesupport_fastrtps_c.so
[0.426s] -- Up-to-date: /home/robert/Projects/ros_ws/src/general/install/yolov8_msgs/include/yolov8_msgs/yolov8_msgs
[0.426s] -- Up-to-date: /home/robert/Projects/ros_ws/src/general/install/yolov8_msgs/include/yolov8_msgs/yolov8_msgs/msg
[0.426s] -- Up-to-date: /home/robert/Projects/ros_ws/src/general/install/yolov8_msgs/include/yolov8_msgs/yolov8_msgs/msg/detail
[0.426s] -- Up-to-date: /home/robert/Projects/ros_ws/src/general/install/yolov8_msgs/include/yolov8_msgs/yolov8_msgs/msg/detail/iceberg_bounding_box2_d__rosidl_typesupport_introspection_c.h
[0.426s] -- Up-to-date: /home/robert/Projects/ros_ws/src/general/install/yolov8_msgs/include/yolov8_msgs/yolov8_msgs/msg/detail/key_point2_d__type_support.c
[0.426s] -- Up-to-date: /home/robert/Projects/ros_ws/src/general/install/yolov8_msgs/include/yolov8_msgs/yolov8_msgs/msg/detail/key_point3_d_array__rosidl_typesupport_introspection_c.h
[0.426s] -- Up-to-date: /home/robert/Projects/ros_ws/src/general/install/yolov8_msgs/include/yolov8_msgs/yolov8_msgs/msg/detail/pose2_d__type_support.c
[0.427s] -- Up-to-date: /home/robert/Projects/ros_ws/src/general/install/yolov8_msgs/include/yolov8_msgs/yolov8_msgs/msg/detail/iceberg_detection__type_support.c
[0.427s] -- Up-to-date: /home/robert/Projects/ros_ws/src/general/install/yolov8_msgs/include/yolov8_msgs/yolov8_msgs/msg/detail/detection__type_support.c
[0.427s] -- Up-to-date: /home/robert/Projects/ros_ws/src/general/install/yolov8_msgs/include/yolov8_msgs/yolov8_msgs/msg/detail/pose2_d__rosidl_typesupport_introspection_c.h
[0.427s] -- Up-to-date: /home/robert/Projects/ros_ws/src/general/install/yolov8_msgs/include/yolov8_msgs/yolov8_msgs/msg/detail/mask__rosidl_typesupport_introspection_c.h
[0.427s] -- Up-to-date: /home/robert/Projects/ros_ws/src/general/install/yolov8_msgs/include/yolov8_msgs/yolov8_msgs/msg/detail/detection_array__type_support.c
[0.427s] -- Up-to-date: /home/robert/Projects/ros_ws/src/general/install/yolov8_msgs/include/yolov8_msgs/yolov8_msgs/msg/detail/key_point2_d__rosidl_typesupport_introspection_c.h
[0.427s] -- Up-to-date: /home/robert/Projects/ros_ws/src/general/install/yolov8_msgs/include/yolov8_msgs/yolov8_msgs/msg/detail/bounding_box2_d__rosidl_typesupport_introspection_c.h
[0.427s] -- Up-to-date: /home/robert/Projects/ros_ws/src/general/install/yolov8_msgs/include/yolov8_msgs/yolov8_msgs/msg/detail/vector2__rosidl_typesupport_introspection_c.h
[0.427s] -- Up-to-date: /home/robert/Projects/ros_ws/src/general/install/yolov8_msgs/include/yolov8_msgs/yolov8_msgs/msg/detail/key_point3_d__type_support.c
[0.427s] -- Up-to-date: /home/robert/Projects/ros_ws/src/general/install/yolov8_msgs/include/yolov8_msgs/yolov8_msgs/msg/detail/iceberg_bounding_box2_d__type_support.c
[0.427s] -- Up-to-date: /home/robert/Projects/ros_ws/src/general/install/yolov8_msgs/include/yolov8_msgs/yolov8_msgs/msg/detail/bounding_box2_d__type_support.c
[0.427s] -- Up-to-date: /home/robert/Projects/ros_ws/src/general/install/yolov8_msgs/include/yolov8_msgs/yolov8_msgs/msg/detail/key_point3_d_array__type_support.c
[0.427s] -- Up-to-date: /home/robert/Projects/ros_ws/src/general/install/yolov8_msgs/include/yolov8_msgs/yolov8_msgs/msg/detail/detection__rosidl_typesupport_introspection_c.h
[0.427s] -- Up-to-date: /home/robert/Projects/ros_ws/src/general/install/yolov8_msgs/include/yolov8_msgs/yolov8_msgs/msg/detail/iceberg_detection_array__type_support.c
[0.427s] -- Up-to-date: /home/robert/Projects/ros_ws/src/general/install/yolov8_msgs/include/yolov8_msgs/yolov8_msgs/msg/detail/key_point2_d_array__type_support.c
[0.428s] -- Up-to-date: /home/robert/Projects/ros_ws/src/general/install/yolov8_msgs/include/yolov8_msgs/yolov8_msgs/msg/detail/mask__type_support.c
[0.428s] -- Up-to-date: /home/robert/Projects/ros_ws/src/general/install/yolov8_msgs/include/yolov8_msgs/yolov8_msgs/msg/detail/iceberg_detection_array__rosidl_typesupport_introspection_c.h
[0.428s] -- Up-to-date: /home/robert/Projects/ros_ws/src/general/install/yolov8_msgs/include/yolov8_msgs/yolov8_msgs/msg/detail/key_point3_d__rosidl_typesupport_introspection_c.h
[0.428s] -- Up-to-date: /home/robert/Projects/ros_ws/src/general/install/yolov8_msgs/include/yolov8_msgs/yolov8_msgs/msg/detail/bounding_box3_d__type_support.c
[0.428s] -- Up-to-date: /home/robert/Projects/ros_ws/src/general/install/yolov8_msgs/include/yolov8_msgs/yolov8_msgs/msg/detail/detection_array__rosidl_typesupport_introspection_c.h
[0.428s] -- Up-to-date: /home/robert/Projects/ros_ws/src/general/install/yolov8_msgs/include/yolov8_msgs/yolov8_msgs/msg/detail/iceberg_detection__rosidl_typesupport_introspection_c.h
[0.428s] -- Up-to-date: /home/robert/Projects/ros_ws/src/general/install/yolov8_msgs/include/yolov8_msgs/yolov8_msgs/msg/detail/bounding_box3_d__rosidl_typesupport_introspection_c.h
[0.428s] -- Up-to-date: /home/robert/Projects/ros_ws/src/general/install/yolov8_msgs/include/yolov8_msgs/yolov8_msgs/msg/detail/point2_d__type_support.c
[0.428s] -- Up-to-date: /home/robert/Projects/ros_ws/src/general/install/yolov8_msgs/include/yolov8_msgs/yolov8_msgs/msg/detail/key_point2_d_array__rosidl_typesupport_introspection_c.h
[0.428s] -- Up-to-date: /home/robert/Projects/ros_ws/src/general/install/yolov8_msgs/include/yolov8_msgs/yolov8_msgs/msg/detail/vector2__type_support.c
[0.428s] -- Up-to-date: /home/robert/Projects/ros_ws/src/general/install/yolov8_msgs/include/yolov8_msgs/yolov8_msgs/msg/detail/point2_d__rosidl_typesupport_introspection_c.h
[0.428s] -- Up-to-date: /home/robert/Projects/ros_ws/src/general/install/yolov8_msgs/include/yolov8_msgs/yolov8_msgs/msg/rosidl_typesupport_introspection_c__visibility_control.h
[0.428s] -- Up-to-date: /home/robert/Projects/ros_ws/src/general/install/yolov8_msgs/lib/libyolov8_msgs__rosidl_typesupport_introspection_c.so
[0.429s] -- Up-to-date: /home/robert/Projects/ros_ws/src/general/install/yolov8_msgs/lib/libyolov8_msgs__rosidl_typesupport_c.so
[0.429s] -- Up-to-date: /home/robert/Projects/ros_ws/src/general/install/yolov8_msgs/include/yolov8_msgs/yolov8_msgs
[0.429s] -- Up-to-date: /home/robert/Projects/ros_ws/src/general/install/yolov8_msgs/include/yolov8_msgs/yolov8_msgs/msg
[0.429s] -- Up-to-date: /home/robert/Projects/ros_ws/src/general/install/yolov8_msgs/include/yolov8_msgs/yolov8_msgs/msg/detail
[0.429s] -- Up-to-date: /home/robert/Projects/ros_ws/src/general/install/yolov8_msgs/include/yolov8_msgs/yolov8_msgs/msg/detail/vector2__type_support.hpp
[0.429s] -- Up-to-date: /home/robert/Projects/ros_ws/src/general/install/yolov8_msgs/include/yolov8_msgs/yolov8_msgs/msg/detail/iceberg_bounding_box2_d__type_support.hpp
[0.429s] -- Up-to-date: /home/robert/Projects/ros_ws/src/general/install/yolov8_msgs/include/yolov8_msgs/yolov8_msgs/msg/detail/key_point3_d_array__type_support.hpp
[0.429s] -- Up-to-date: /home/robert/Projects/ros_ws/src/general/install/yolov8_msgs/include/yolov8_msgs/yolov8_msgs/msg/detail/key_point2_d_array__builder.hpp
[0.429s] -- Up-to-date: /home/robert/Projects/ros_ws/src/general/install/yolov8_msgs/include/yolov8_msgs/yolov8_msgs/msg/detail/point2_d__struct.hpp
[0.430s] -- Up-to-date: /home/robert/Projects/ros_ws/src/general/install/yolov8_msgs/include/yolov8_msgs/yolov8_msgs/msg/detail/bounding_box3_d__builder.hpp
[0.430s] -- Up-to-date: /home/robert/Projects/ros_ws/src/general/install/yolov8_msgs/include/yolov8_msgs/yolov8_msgs/msg/detail/bounding_box2_d__type_support.hpp
[0.430s] -- Up-to-date: /home/robert/Projects/ros_ws/src/general/install/yolov8_msgs/include/yolov8_msgs/yolov8_msgs/msg/detail/bounding_box2_d__struct.hpp
[0.430s] -- Up-to-date: /home/robert/Projects/ros_ws/src/general/install/yolov8_msgs/include/yolov8_msgs/yolov8_msgs/msg/detail/key_point2_d_array__struct.hpp
[0.430s] -- Up-to-date: /home/robert/Projects/ros_ws/src/general/install/yolov8_msgs/include/yolov8_msgs/yolov8_msgs/msg/detail/bounding_box3_d__type_support.hpp
[0.430s] -- Up-to-date: /home/robert/Projects/ros_ws/src/general/install/yolov8_msgs/include/yolov8_msgs/yolov8_msgs/msg/detail/bounding_box3_d__traits.hpp
[0.430s] -- Up-to-date: /home/robert/Projects/ros_ws/src/general/install/yolov8_msgs/include/yolov8_msgs/yolov8_msgs/msg/detail/bounding_box3_d__struct.hpp
[0.430s] -- Up-to-date: /home/robert/Projects/ros_ws/src/general/install/yolov8_msgs/include/yolov8_msgs/yolov8_msgs/msg/detail/key_point3_d__builder.hpp
[0.430s] -- Up-to-date: /home/robert/Projects/ros_ws/src/general/install/yolov8_msgs/include/yolov8_msgs/yolov8_msgs/msg/detail/key_point3_d__struct.hpp
[0.430s] -- Up-to-date: /home/robert/Projects/ros_ws/src/general/install/yolov8_msgs/include/yolov8_msgs/yolov8_msgs/msg/detail/iceberg_detection_array__builder.hpp
[0.430s] -- Up-to-date: /home/robert/Projects/ros_ws/src/general/install/yolov8_msgs/include/yolov8_msgs/yolov8_msgs/msg/detail/mask__builder.hpp
[0.430s] -- Up-to-date: /home/robert/Projects/ros_ws/src/general/install/yolov8_msgs/include/yolov8_msgs/yolov8_msgs/msg/detail/pose2_d__type_support.hpp
[0.430s] -- Up-to-date: /home/robert/Projects/ros_ws/src/general/install/yolov8_msgs/include/yolov8_msgs/yolov8_msgs/msg/detail/pose2_d__struct.hpp
[0.430s] -- Up-to-date: /home/robert/Projects/ros_ws/src/general/install/yolov8_msgs/include/yolov8_msgs/yolov8_msgs/msg/detail/detection__builder.hpp
[0.430s] -- Up-to-date: /home/robert/Projects/ros_ws/src/general/install/yolov8_msgs/include/yolov8_msgs/yolov8_msgs/msg/detail/detection_array__struct.hpp
[0.430s] -- Up-to-date: /home/robert/Projects/ros_ws/src/general/install/yolov8_msgs/include/yolov8_msgs/yolov8_msgs/msg/detail/key_point2_d__type_support.hpp
[0.431s] -- Up-to-date: /home/robert/Projects/ros_ws/src/general/install/yolov8_msgs/include/yolov8_msgs/yolov8_msgs/msg/detail/iceberg_detection__traits.hpp
[0.431s] -- Up-to-date: /home/robert/Projects/ros_ws/src/general/install/yolov8_msgs/include/yolov8_msgs/yolov8_msgs/msg/detail/key_point3_d__type_support.hpp
[0.431s] -- Up-to-date: /home/robert/Projects/ros_ws/src/general/install/yolov8_msgs/include/yolov8_msgs/yolov8_msgs/msg/detail/pose2_d__traits.hpp
[0.431s] -- Up-to-date: /home/robert/Projects/ros_ws/src/general/install/yolov8_msgs/include/yolov8_msgs/yolov8_msgs/msg/detail/mask__traits.hpp
[0.431s] -- Up-to-date: /home/robert/Projects/ros_ws/src/general/install/yolov8_msgs/include/yolov8_msgs/yolov8_msgs/msg/detail/detection_array__type_support.hpp
[0.431s] -- Up-to-date: /home/robert/Projects/ros_ws/src/general/install/yolov8_msgs/include/yolov8_msgs/yolov8_msgs/msg/detail/iceberg_bounding_box2_d__builder.hpp
[0.431s] -- Up-to-date: /home/robert/Projects/ros_ws/src/general/install/yolov8_msgs/include/yolov8_msgs/yolov8_msgs/msg/detail/point2_d__traits.hpp
[0.431s] -- Up-to-date: /home/robert/Projects/ros_ws/src/general/install/yolov8_msgs/include/yolov8_msgs/yolov8_msgs/msg/detail/iceberg_bounding_box2_d__traits.hpp
[0.432s] -- Up-to-date: /home/robert/Projects/ros_ws/src/general/install/yolov8_msgs/include/yolov8_msgs/yolov8_msgs/msg/detail/bounding_box2_d__builder.hpp
[0.432s] -- Up-to-date: /home/robert/Projects/ros_ws/src/general/install/yolov8_msgs/include/yolov8_msgs/yolov8_msgs/msg/detail/key_point2_d_array__traits.hpp
[0.432s] -- Up-to-date: /home/robert/Projects/ros_ws/src/general/install/yolov8_msgs/include/yolov8_msgs/yolov8_msgs/msg/detail/pose2_d__builder.hpp
[0.432s] -- Up-to-date: /home/robert/Projects/ros_ws/src/general/install/yolov8_msgs/include/yolov8_msgs/yolov8_msgs/msg/detail/iceberg_detection__builder.hpp
[0.432s] -- Up-to-date: /home/robert/Projects/ros_ws/src/general/install/yolov8_msgs/include/yolov8_msgs/yolov8_msgs/msg/detail/vector2__struct.hpp
[0.432s] -- Up-to-date: /home/robert/Projects/ros_ws/src/general/install/yolov8_msgs/include/yolov8_msgs/yolov8_msgs/msg/detail/iceberg_detection_array__type_support.hpp
[0.432s] -- Up-to-date: /home/robert/Projects/ros_ws/src/general/install/yolov8_msgs/include/yolov8_msgs/yolov8_msgs/msg/detail/vector2__traits.hpp
[0.432s] -- Up-to-date: /home/robert/Projects/ros_ws/src/general/install/yolov8_msgs/include/yolov8_msgs/yolov8_msgs/msg/detail/point2_d__builder.hpp
[0.432s] -- Up-to-date: /home/robert/Projects/ros_ws/src/general/install/yolov8_msgs/include/yolov8_msgs/yolov8_msgs/msg/detail/iceberg_detection_array__struct.hpp
[0.432s] -- Up-to-date: /home/robert/Projects/ros_ws/src/general/install/yolov8_msgs/include/yolov8_msgs/yolov8_msgs/msg/detail/key_point3_d__traits.hpp
[0.433s] -- Up-to-date: /home/robert/Projects/ros_ws/src/general/install/yolov8_msgs/include/yolov8_msgs/yolov8_msgs/msg/detail/bounding_box2_d__traits.hpp
[0.433s] -- Up-to-date: /home/robert/Projects/ros_ws/src/general/install/yolov8_msgs/include/yolov8_msgs/yolov8_msgs/msg/detail/detection__traits.hpp
[0.433s] -- Up-to-date: /home/robert/Projects/ros_ws/src/general/install/yolov8_msgs/include/yolov8_msgs/yolov8_msgs/msg/detail/key_point3_d_array__builder.hpp
[0.433s] -- Up-to-date: /home/robert/Projects/ros_ws/src/general/install/yolov8_msgs/include/yolov8_msgs/yolov8_msgs/msg/detail/point2_d__type_support.hpp
[0.433s] -- Up-to-date: /home/robert/Projects/ros_ws/src/general/install/yolov8_msgs/include/yolov8_msgs/yolov8_msgs/msg/detail/key_point3_d_array__struct.hpp
[0.433s] -- Up-to-date: /home/robert/Projects/ros_ws/src/general/install/yolov8_msgs/include/yolov8_msgs/yolov8_msgs/msg/detail/key_point2_d__traits.hpp
[0.433s] -- Up-to-date: /home/robert/Projects/ros_ws/src/general/install/yolov8_msgs/include/yolov8_msgs/yolov8_msgs/msg/detail/detection_array__traits.hpp
[0.433s] -- Up-to-date: /home/robert/Projects/ros_ws/src/general/install/yolov8_msgs/include/yolov8_msgs/yolov8_msgs/msg/detail/iceberg_detection__struct.hpp
[0.433s] -- Up-to-date: /home/robert/Projects/ros_ws/src/general/install/yolov8_msgs/include/yolov8_msgs/yolov8_msgs/msg/detail/detection__type_support.hpp
[0.433s] -- Up-to-date: /home/robert/Projects/ros_ws/src/general/install/yolov8_msgs/include/yolov8_msgs/yolov8_msgs/msg/detail/key_point3_d_array__traits.hpp
[0.433s] -- Up-to-date: /home/robert/Projects/ros_ws/src/general/install/yolov8_msgs/include/yolov8_msgs/yolov8_msgs/msg/detail/detection__struct.hpp
[0.433s] -- Up-to-date: /home/robert/Projects/ros_ws/src/general/install/yolov8_msgs/include/yolov8_msgs/yolov8_msgs/msg/detail/iceberg_detection__type_support.hpp
[0.433s] -- Up-to-date: /home/robert/Projects/ros_ws/src/general/install/yolov8_msgs/include/yolov8_msgs/yolov8_msgs/msg/detail/detection_array__builder.hpp
[0.433s] -- Up-to-date: /home/robert/Projects/ros_ws/src/general/install/yolov8_msgs/include/yolov8_msgs/yolov8_msgs/msg/detail/key_point2_d__builder.hpp
[0.433s] -- Up-to-date: /home/robert/Projects/ros_ws/src/general/install/yolov8_msgs/include/yolov8_msgs/yolov8_msgs/msg/detail/key_point2_d_array__type_support.hpp
[0.433s] -- Up-to-date: /home/robert/Projects/ros_ws/src/general/install/yolov8_msgs/include/yolov8_msgs/yolov8_msgs/msg/detail/mask__struct.hpp
[0.433s] -- Up-to-date: /home/robert/Projects/ros_ws/src/general/install/yolov8_msgs/include/yolov8_msgs/yolov8_msgs/msg/detail/iceberg_bounding_box2_d__struct.hpp
[0.434s] -- Up-to-date: /home/robert/Projects/ros_ws/src/general/install/yolov8_msgs/include/yolov8_msgs/yolov8_msgs/msg/detail/key_point2_d__struct.hpp
[0.434s] -- Up-to-date: /home/robert/Projects/ros_ws/src/general/install/yolov8_msgs/include/yolov8_msgs/yolov8_msgs/msg/detail/vector2__builder.hpp
[0.434s] -- Up-to-date: /home/robert/Projects/ros_ws/src/general/install/yolov8_msgs/include/yolov8_msgs/yolov8_msgs/msg/detail/mask__type_support.hpp
[0.434s] -- Up-to-date: /home/robert/Projects/ros_ws/src/general/install/yolov8_msgs/include/yolov8_msgs/yolov8_msgs/msg/detail/iceberg_detection_array__traits.hpp
[0.434s] -- Up-to-date: /home/robert/Projects/ros_ws/src/general/install/yolov8_msgs/include/yolov8_msgs/yolov8_msgs/msg/detection.hpp
[0.434s] -- Up-to-date: /home/robert/Projects/ros_ws/src/general/install/yolov8_msgs/include/yolov8_msgs/yolov8_msgs/msg/iceberg_detection_array.hpp
[0.434s] -- Up-to-date: /home/robert/Projects/ros_ws/src/general/install/yolov8_msgs/include/yolov8_msgs/yolov8_msgs/msg/pose2_d.hpp
[0.434s] -- Up-to-date: /home/robert/Projects/ros_ws/src/general/install/yolov8_msgs/include/yolov8_msgs/yolov8_msgs/msg/iceberg_bounding_box2_d.hpp
[0.434s] -- Up-to-date: /home/robert/Projects/ros_ws/src/general/install/yolov8_msgs/include/yolov8_msgs/yolov8_msgs/msg/iceberg_detection.hpp
[0.434s] -- Up-to-date: /home/robert/Projects/ros_ws/src/general/install/yolov8_msgs/include/yolov8_msgs/yolov8_msgs/msg/point2_d.hpp
[0.434s] -- Up-to-date: /home/robert/Projects/ros_ws/src/general/install/yolov8_msgs/include/yolov8_msgs/yolov8_msgs/msg/bounding_box2_d.hpp
[0.434s] -- Up-to-date: /home/robert/Projects/ros_ws/src/general/install/yolov8_msgs/include/yolov8_msgs/yolov8_msgs/msg/key_point2_d.hpp
[0.434s] -- Up-to-date: /home/robert/Projects/ros_ws/src/general/install/yolov8_msgs/include/yolov8_msgs/yolov8_msgs/msg/rosidl_generator_cpp__visibility_control.hpp
[0.434s] -- Up-to-date: /home/robert/Projects/ros_ws/src/general/install/yolov8_msgs/include/yolov8_msgs/yolov8_msgs/msg/bounding_box3_d.hpp
[0.434s] -- Up-to-date: /home/robert/Projects/ros_ws/src/general/install/yolov8_msgs/include/yolov8_msgs/yolov8_msgs/msg/key_point3_d.hpp
[0.434s] -- Up-to-date: /home/robert/Projects/ros_ws/src/general/install/yolov8_msgs/include/yolov8_msgs/yolov8_msgs/msg/detection_array.hpp
[0.434s] -- Up-to-date: /home/robert/Projects/ros_ws/src/general/install/yolov8_msgs/include/yolov8_msgs/yolov8_msgs/msg/key_point2_d_array.hpp
[0.435s] -- Up-to-date: /home/robert/Projects/ros_ws/src/general/install/yolov8_msgs/include/yolov8_msgs/yolov8_msgs/msg/key_point3_d_array.hpp
[0.435s] -- Up-to-date: /home/robert/Projects/ros_ws/src/general/install/yolov8_msgs/include/yolov8_msgs/yolov8_msgs/msg/mask.hpp
[0.435s] -- Up-to-date: /home/robert/Projects/ros_ws/src/general/install/yolov8_msgs/include/yolov8_msgs/yolov8_msgs/msg/vector2.hpp
[0.435s] -- Up-to-date: /home/robert/Projects/ros_ws/src/general/install/yolov8_msgs/include/yolov8_msgs/yolov8_msgs
[0.435s] -- Up-to-date: /home/robert/Projects/ros_ws/src/general/install/yolov8_msgs/include/yolov8_msgs/yolov8_msgs/msg
[0.435s] -- Up-to-date: /home/robert/Projects/ros_ws/src/general/install/yolov8_msgs/include/yolov8_msgs/yolov8_msgs/msg/detail
[0.435s] -- Up-to-date: /home/robert/Projects/ros_ws/src/general/install/yolov8_msgs/include/yolov8_msgs/yolov8_msgs/msg/detail/mask__rosidl_typesupport_fastrtps_cpp.hpp
[0.435s] -- Up-to-date: /home/robert/Projects/ros_ws/src/general/install/yolov8_msgs/include/yolov8_msgs/yolov8_msgs/msg/detail/iceberg_bounding_box2_d__rosidl_typesupport_fastrtps_cpp.hpp
[0.435s] -- Up-to-date: /home/robert/Projects/ros_ws/src/general/install/yolov8_msgs/include/yolov8_msgs/yolov8_msgs/msg/detail/key_point2_d__rosidl_typesupport_fastrtps_cpp.hpp
[0.435s] -- Up-to-date: /home/robert/Projects/ros_ws/src/general/install/yolov8_msgs/include/yolov8_msgs/yolov8_msgs/msg/detail/detection__rosidl_typesupport_fastrtps_cpp.hpp
[0.435s] -- Up-to-date: /home/robert/Projects/ros_ws/src/general/install/yolov8_msgs/include/yolov8_msgs/yolov8_msgs/msg/detail/pose2_d__rosidl_typesupport_fastrtps_cpp.hpp
[0.435s] -- Up-to-date: /home/robert/Projects/ros_ws/src/general/install/yolov8_msgs/include/yolov8_msgs/yolov8_msgs/msg/detail/iceberg_detection_array__rosidl_typesupport_fastrtps_cpp.hpp
[0.435s] -- Up-to-date: /home/robert/Projects/ros_ws/src/general/install/yolov8_msgs/include/yolov8_msgs/yolov8_msgs/msg/detail/vector2__rosidl_typesupport_fastrtps_cpp.hpp
[0.435s] -- Up-to-date: /home/robert/Projects/ros_ws/src/general/install/yolov8_msgs/include/yolov8_msgs/yolov8_msgs/msg/detail/key_point3_d__rosidl_typesupport_fastrtps_cpp.hpp
[0.435s] -- Up-to-date: /home/robert/Projects/ros_ws/src/general/install/yolov8_msgs/include/yolov8_msgs/yolov8_msgs/msg/detail/detection_array__rosidl_typesupport_fastrtps_cpp.hpp
[0.435s] -- Up-to-date: /home/robert/Projects/ros_ws/src/general/install/yolov8_msgs/include/yolov8_msgs/yolov8_msgs/msg/detail/bounding_box2_d__rosidl_typesupport_fastrtps_cpp.hpp
[0.435s] -- Up-to-date: /home/robert/Projects/ros_ws/src/general/install/yolov8_msgs/include/yolov8_msgs/yolov8_msgs/msg/detail/iceberg_detection__rosidl_typesupport_fastrtps_cpp.hpp
[0.435s] -- Up-to-date: /home/robert/Projects/ros_ws/src/general/install/yolov8_msgs/include/yolov8_msgs/yolov8_msgs/msg/detail/bounding_box3_d__rosidl_typesupport_fastrtps_cpp.hpp
[0.435s] -- Up-to-date: /home/robert/Projects/ros_ws/src/general/install/yolov8_msgs/include/yolov8_msgs/yolov8_msgs/msg/detail/key_point2_d_array__rosidl_typesupport_fastrtps_cpp.hpp
[0.435s] -- Up-to-date: /home/robert/Projects/ros_ws/src/general/install/yolov8_msgs/include/yolov8_msgs/yolov8_msgs/msg/detail/point2_d__rosidl_typesupport_fastrtps_cpp.hpp
[0.436s] -- Up-to-date: /home/robert/Projects/ros_ws/src/general/install/yolov8_msgs/include/yolov8_msgs/yolov8_msgs/msg/detail/key_point3_d_array__rosidl_typesupport_fastrtps_cpp.hpp
[0.436s] -- Up-to-date: /home/robert/Projects/ros_ws/src/general/install/yolov8_msgs/include/yolov8_msgs/yolov8_msgs/msg/detail/dds_fastrtps
[0.436s] -- Up-to-date: /home/robert/Projects/ros_ws/src/general/install/yolov8_msgs/include/yolov8_msgs/yolov8_msgs/msg/rosidl_typesupport_fastrtps_cpp__visibility_control.h
[0.436s] -- Up-to-date: /home/robert/Projects/ros_ws/src/general/install/yolov8_msgs/lib/libyolov8_msgs__rosidl_typesupport_fastrtps_cpp.so
[0.436s] -- Up-to-date: /home/robert/Projects/ros_ws/src/general/install/yolov8_msgs/include/yolov8_msgs/yolov8_msgs
[0.436s] -- Up-to-date: /home/robert/Projects/ros_ws/src/general/install/yolov8_msgs/include/yolov8_msgs/yolov8_msgs/msg
[0.436s] -- Up-to-date: /home/robert/Projects/ros_ws/src/general/install/yolov8_msgs/include/yolov8_msgs/yolov8_msgs/msg/detail
[0.436s] -- Up-to-date: /home/robert/Projects/ros_ws/src/general/install/yolov8_msgs/include/yolov8_msgs/yolov8_msgs/msg/detail/point2_d__rosidl_typesupport_introspection_cpp.hpp
[0.436s] -- Up-to-date: /home/robert/Projects/ros_ws/src/general/install/yolov8_msgs/include/yolov8_msgs/yolov8_msgs/msg/detail/detection__rosidl_typesupport_introspection_cpp.hpp
[0.436s] -- Up-to-date: /home/robert/Projects/ros_ws/src/general/install/yolov8_msgs/include/yolov8_msgs/yolov8_msgs/msg/detail/detection_array__type_support.cpp
[0.436s] -- Up-to-date: /home/robert/Projects/ros_ws/src/general/install/yolov8_msgs/include/yolov8_msgs/yolov8_msgs/msg/detail/key_point3_d_array__rosidl_typesupport_introspection_cpp.hpp
[0.436s] -- Up-to-date: /home/robert/Projects/ros_ws/src/general/install/yolov8_msgs/include/yolov8_msgs/yolov8_msgs/msg/detail/iceberg_detection_array__type_support.cpp
[0.436s] -- Up-to-date: /home/robert/Projects/ros_ws/src/general/install/yolov8_msgs/include/yolov8_msgs/yolov8_msgs/msg/detail/detection__type_support.cpp
[0.436s] -- Up-to-date: /home/robert/Projects/ros_ws/src/general/install/yolov8_msgs/include/yolov8_msgs/yolov8_msgs/msg/detail/iceberg_detection__rosidl_typesupport_introspection_cpp.hpp
[0.436s] -- Up-to-date: /home/robert/Projects/ros_ws/src/general/install/yolov8_msgs/include/yolov8_msgs/yolov8_msgs/msg/detail/bounding_box3_d__type_support.cpp
[0.436s] -- Up-to-date: /home/robert/Projects/ros_ws/src/general/install/yolov8_msgs/include/yolov8_msgs/yolov8_msgs/msg/detail/key_point2_d__type_support.cpp
[0.436s] -- Up-to-date: /home/robert/Projects/ros_ws/src/general/install/yolov8_msgs/include/yolov8_msgs/yolov8_msgs/msg/detail/point2_d__type_support.cpp
[0.437s] -- Up-to-date: /home/robert/Projects/ros_ws/src/general/install/yolov8_msgs/include/yolov8_msgs/yolov8_msgs/msg/detail/vector2__rosidl_typesupport_introspection_cpp.hpp
[0.437s] -- Up-to-date: /home/robert/Projects/ros_ws/src/general/install/yolov8_msgs/include/yolov8_msgs/yolov8_msgs/msg/detail/mask__type_support.cpp
[0.437s] -- Up-to-date: /home/robert/Projects/ros_ws/src/general/install/yolov8_msgs/include/yolov8_msgs/yolov8_msgs/msg/detail/key_point2_d_array__rosidl_typesupport_introspection_cpp.hpp
[0.437s] -- Up-to-date: /home/robert/Projects/ros_ws/src/general/install/yolov8_msgs/include/yolov8_msgs/yolov8_msgs/msg/detail/bounding_box2_d__type_support.cpp
[0.437s] -- Up-to-date: /home/robert/Projects/ros_ws/src/general/install/yolov8_msgs/include/yolov8_msgs/yolov8_msgs/msg/detail/key_point3_d__type_support.cpp
[0.437s] -- Up-to-date: /home/robert/Projects/ros_ws/src/general/install/yolov8_msgs/include/yolov8_msgs/yolov8_msgs/msg/detail/iceberg_bounding_box2_d__rosidl_typesupport_introspection_cpp.hpp
[0.437s] -- Up-to-date: /home/robert/Projects/ros_ws/src/general/install/yolov8_msgs/include/yolov8_msgs/yolov8_msgs/msg/detail/vector2__type_support.cpp
[0.437s] -- Up-to-date: /home/robert/Projects/ros_ws/src/general/install/yolov8_msgs/include/yolov8_msgs/yolov8_msgs/msg/detail/key_point3_d__rosidl_typesupport_introspection_cpp.hpp
[0.437s] -- Up-to-date: /home/robert/Projects/ros_ws/src/general/install/yolov8_msgs/include/yolov8_msgs/yolov8_msgs/msg/detail/iceberg_bounding_box2_d__type_support.cpp
[0.437s] -- Up-to-date: /home/robert/Projects/ros_ws/src/general/install/yolov8_msgs/include/yolov8_msgs/yolov8_msgs/msg/detail/detection_array__rosidl_typesupport_introspection_cpp.hpp
[0.437s] -- Up-to-date: /home/robert/Projects/ros_ws/src/general/install/yolov8_msgs/include/yolov8_msgs/yolov8_msgs/msg/detail/key_point3_d_array__type_support.cpp
[0.437s] -- Up-to-date: /home/robert/Projects/ros_ws/src/general/install/yolov8_msgs/include/yolov8_msgs/yolov8_msgs/msg/detail/mask__rosidl_typesupport_introspection_cpp.hpp
[0.437s] -- Up-to-date: /home/robert/Projects/ros_ws/src/general/install/yolov8_msgs/include/yolov8_msgs/yolov8_msgs/msg/detail/iceberg_detection__type_support.cpp
[0.437s] -- Up-to-date: /home/robert/Projects/ros_ws/src/general/install/yolov8_msgs/include/yolov8_msgs/yolov8_msgs/msg/detail/pose2_d__type_support.cpp
[0.437s] -- Up-to-date: /home/robert/Projects/ros_ws/src/general/install/yolov8_msgs/include/yolov8_msgs/yolov8_msgs/msg/detail/bounding_box3_d__rosidl_typesupport_introspection_cpp.hpp
[0.437s] -- Up-to-date: /home/robert/Projects/ros_ws/src/general/install/yolov8_msgs/include/yolov8_msgs/yolov8_msgs/msg/detail/key_point2_d_array__type_support.cpp
[0.437s] -- Up-to-date: /home/robert/Projects/ros_ws/src/general/install/yolov8_msgs/include/yolov8_msgs/yolov8_msgs/msg/detail/bounding_box2_d__rosidl_typesupport_introspection_cpp.hpp
[0.437s] -- Up-to-date: /home/robert/Projects/ros_ws/src/general/install/yolov8_msgs/include/yolov8_msgs/yolov8_msgs/msg/detail/iceberg_detection_array__rosidl_typesupport_introspection_cpp.hpp
[0.437s] -- Up-to-date: /home/robert/Projects/ros_ws/src/general/install/yolov8_msgs/include/yolov8_msgs/yolov8_msgs/msg/detail/pose2_d__rosidl_typesupport_introspection_cpp.hpp
[0.438s] -- Up-to-date: /home/robert/Projects/ros_ws/src/general/install/yolov8_msgs/include/yolov8_msgs/yolov8_msgs/msg/detail/key_point2_d__rosidl_typesupport_introspection_cpp.hpp
[0.438s] -- Up-to-date: /home/robert/Projects/ros_ws/src/general/install/yolov8_msgs/lib/libyolov8_msgs__rosidl_typesupport_introspection_cpp.so
[0.438s] -- Up-to-date: /home/robert/Projects/ros_ws/src/general/install/yolov8_msgs/lib/libyolov8_msgs__rosidl_typesupport_cpp.so
[0.438s] -- Up-to-date: /home/robert/Projects/ros_ws/src/general/install/yolov8_msgs/share/yolov8_msgs/environment/pythonpath.sh
[0.438s] -- Up-to-date: /home/robert/Projects/ros_ws/src/general/install/yolov8_msgs/share/yolov8_msgs/environment/pythonpath.dsv
[0.438s] -- Up-to-date: /home/robert/Projects/ros_ws/src/general/install/yolov8_msgs/local/lib/python3.10/dist-packages/yolov8_msgs-0.0.0-py3.10.egg-info
[0.438s] -- Installing: /home/robert/Projects/ros_ws/src/general/install/yolov8_msgs/local/lib/python3.10/dist-packages/yolov8_msgs-0.0.0-py3.10.egg-info/PKG-INFO
[0.438s] -- Installing: /home/robert/Projects/ros_ws/src/general/install/yolov8_msgs/local/lib/python3.10/dist-packages/yolov8_msgs-0.0.0-py3.10.egg-info/top_level.txt
[0.438s] -- Installing: /home/robert/Projects/ros_ws/src/general/install/yolov8_msgs/local/lib/python3.10/dist-packages/yolov8_msgs-0.0.0-py3.10.egg-info/dependency_links.txt
[0.438s] -- Installing: /home/robert/Projects/ros_ws/src/general/install/yolov8_msgs/local/lib/python3.10/dist-packages/yolov8_msgs-0.0.0-py3.10.egg-info/SOURCES.txt
[0.438s] -- Up-to-date: /home/robert/Projects/ros_ws/src/general/install/yolov8_msgs/local/lib/python3.10/dist-packages/yolov8_msgs
[0.438s] -- Up-to-date: /home/robert/Projects/ros_ws/src/general/install/yolov8_msgs/local/lib/python3.10/dist-packages/yolov8_msgs/_yolov8_msgs_s.ep.rosidl_typesupport_fastrtps_c.c
[0.438s] -- Up-to-date: /home/robert/Projects/ros_ws/src/general/install/yolov8_msgs/local/lib/python3.10/dist-packages/yolov8_msgs/msg
[0.438s] -- Up-to-date: /home/robert/Projects/ros_ws/src/general/install/yolov8_msgs/local/lib/python3.10/dist-packages/yolov8_msgs/msg/_mask_s.c
[0.438s] -- Up-to-date: /home/robert/Projects/ros_ws/src/general/install/yolov8_msgs/local/lib/python3.10/dist-packages/yolov8_msgs/msg/_bounding_box2_d_s.c
[0.438s] -- Up-to-date: /home/robert/Projects/ros_ws/src/general/install/yolov8_msgs/local/lib/python3.10/dist-packages/yolov8_msgs/msg/_iceberg_detection.py
[0.438s] -- Up-to-date: /home/robert/Projects/ros_ws/src/general/install/yolov8_msgs/local/lib/python3.10/dist-packages/yolov8_msgs/msg/_iceberg_detection_array_s.c
[0.438s] -- Up-to-date: /home/robert/Projects/ros_ws/src/general/install/yolov8_msgs/local/lib/python3.10/dist-packages/yolov8_msgs/msg/_point2_d.py
[0.439s] -- Up-to-date: /home/robert/Projects/ros_ws/src/general/install/yolov8_msgs/local/lib/python3.10/dist-packages/yolov8_msgs/msg/_key_point2_d_s.c
[0.439s] -- Up-to-date: /home/robert/Projects/ros_ws/src/general/install/yolov8_msgs/local/lib/python3.10/dist-packages/yolov8_msgs/msg/_mask.py
[0.439s] -- Up-to-date: /home/robert/Projects/ros_ws/src/general/install/yolov8_msgs/local/lib/python3.10/dist-packages/yolov8_msgs/msg/_iceberg_detection_s.c
[0.439s] -- Up-to-date: /home/robert/Projects/ros_ws/src/general/install/yolov8_msgs/local/lib/python3.10/dist-packages/yolov8_msgs/msg/_key_point3_d_array_s.c
[0.439s] -- Up-to-date: /home/robert/Projects/ros_ws/src/general/install/yolov8_msgs/local/lib/python3.10/dist-packages/yolov8_msgs/msg/_bounding_box3_d.py
[0.439s] -- Up-to-date: /home/robert/Projects/ros_ws/src/general/install/yolov8_msgs/local/lib/python3.10/dist-packages/yolov8_msgs/msg/_iceberg_bounding_box2_d.py
[0.439s] -- Up-to-date: /home/robert/Projects/ros_ws/src/general/install/yolov8_msgs/local/lib/python3.10/dist-packages/yolov8_msgs/msg/_key_point3_d_array.py
[0.439s] -- Up-to-date: /home/robert/Projects/ros_ws/src/general/install/yolov8_msgs/local/lib/python3.10/dist-packages/yolov8_msgs/msg/_pose2_d_s.c
[0.439s] -- Up-to-date: /home/robert/Projects/ros_ws/src/general/install/yolov8_msgs/local/lib/python3.10/dist-packages/yolov8_msgs/msg/_key_point2_d_array.py
[0.439s] -- Up-to-date: /home/robert/Projects/ros_ws/src/general/install/yolov8_msgs/local/lib/python3.10/dist-packages/yolov8_msgs/msg/_pose2_d.py
[0.439s] -- Up-to-date: /home/robert/Projects/ros_ws/src/general/install/yolov8_msgs/local/lib/python3.10/dist-packages/yolov8_msgs/msg/_detection_array_s.c
[0.439s] -- Up-to-date: /home/robert/Projects/ros_ws/src/general/install/yolov8_msgs/local/lib/python3.10/dist-packages/yolov8_msgs/msg/_bounding_box2_d.py
[0.439s] -- Up-to-date: /home/robert/Projects/ros_ws/src/general/install/yolov8_msgs/local/lib/python3.10/dist-packages/yolov8_msgs/msg/__init__.py
[0.439s] -- Up-to-date: /home/robert/Projects/ros_ws/src/general/install/yolov8_msgs/local/lib/python3.10/dist-packages/yolov8_msgs/msg/_detection_s.c
[0.439s] -- Up-to-date: /home/robert/Projects/ros_ws/src/general/install/yolov8_msgs/local/lib/python3.10/dist-packages/yolov8_msgs/msg/_point2_d_s.c
[0.439s] -- Up-to-date: /home/robert/Projects/ros_ws/src/general/install/yolov8_msgs/local/lib/python3.10/dist-packages/yolov8_msgs/msg/_vector2_s.c
[0.439s] -- Up-to-date: /home/robert/Projects/ros_ws/src/general/install/yolov8_msgs/local/lib/python3.10/dist-packages/yolov8_msgs/msg/_iceberg_detection_array.py
[0.439s] -- Up-to-date: /home/robert/Projects/ros_ws/src/general/install/yolov8_msgs/local/lib/python3.10/dist-packages/yolov8_msgs/msg/_key_point3_d_s.c
[0.439s] -- Up-to-date: /home/robert/Projects/ros_ws/src/general/install/yolov8_msgs/local/lib/python3.10/dist-packages/yolov8_msgs/msg/_iceberg_bounding_box2_d_s.c
[0.439s] -- Up-to-date: /home/robert/Projects/ros_ws/src/general/install/yolov8_msgs/local/lib/python3.10/dist-packages/yolov8_msgs/msg/_key_point3_d.py
[0.440s] -- Up-to-date: /home/robert/Projects/ros_ws/src/general/install/yolov8_msgs/local/lib/python3.10/dist-packages/yolov8_msgs/msg/_detection_array.py
[0.440s] -- Up-to-date: /home/robert/Projects/ros_ws/src/general/install/yolov8_msgs/local/lib/python3.10/dist-packages/yolov8_msgs/msg/_detection.py
[0.440s] -- Up-to-date: /home/robert/Projects/ros_ws/src/general/install/yolov8_msgs/local/lib/python3.10/dist-packages/yolov8_msgs/msg/_bounding_box3_d_s.c
[0.440s] -- Up-to-date: /home/robert/Projects/ros_ws/src/general/install/yolov8_msgs/local/lib/python3.10/dist-packages/yolov8_msgs/msg/_key_point2_d.py
[0.440s] -- Up-to-date: /home/robert/Projects/ros_ws/src/general/install/yolov8_msgs/local/lib/python3.10/dist-packages/yolov8_msgs/msg/_vector2.py
[0.440s] -- Up-to-date: /home/robert/Projects/ros_ws/src/general/install/yolov8_msgs/local/lib/python3.10/dist-packages/yolov8_msgs/msg/_key_point2_d_array_s.c
[0.440s] -- Up-to-date: /home/robert/Projects/ros_ws/src/general/install/yolov8_msgs/local/lib/python3.10/dist-packages/yolov8_msgs/yolov8_msgs_s__rosidl_typesupport_introspection_c.cpython-310-x86_64-linux-gnu.so
[0.440s] -- Up-to-date: /home/robert/Projects/ros_ws/src/general/install/yolov8_msgs/local/lib/python3.10/dist-packages/yolov8_msgs/yolov8_msgs_s__rosidl_typesupport_c.cpython-310-x86_64-linux-gnu.so
[0.440s] -- Up-to-date: /home/robert/Projects/ros_ws/src/general/install/yolov8_msgs/local/lib/python3.10/dist-packages/yolov8_msgs/_yolov8_msgs_s.ep.rosidl_typesupport_introspection_c.c
[0.440s] -- Up-to-date: /home/robert/Projects/ros_ws/src/general/install/yolov8_msgs/local/lib/python3.10/dist-packages/yolov8_msgs/__init__.py
[0.440s] -- Up-to-date: /home/robert/Projects/ros_ws/src/general/install/yolov8_msgs/local/lib/python3.10/dist-packages/yolov8_msgs/yolov8_msgs_s__rosidl_typesupport_fastrtps_c.cpython-310-x86_64-linux-gnu.so
[0.440s] -- Up-to-date: /home/robert/Projects/ros_ws/src/general/install/yolov8_msgs/local/lib/python3.10/dist-packages/yolov8_msgs/_yolov8_msgs_s.ep.rosidl_typesupport_c.c
[0.440s] -- Up-to-date: /home/robert/Projects/ros_ws/src/general/install/yolov8_msgs/local/lib/python3.10/dist-packages/yolov8_msgs/libyolov8_msgs__rosidl_generator_py.so
[0.450s] Listing '/home/robert/Projects/ros_ws/src/general/install/yolov8_msgs/local/lib/python3.10/dist-packages/yolov8_msgs'...
[0.451s] Listing '/home/robert/Projects/ros_ws/src/general/install/yolov8_msgs/local/lib/python3.10/dist-packages/yolov8_msgs/msg'...
[0.457s] -- Up-to-date: /home/robert/Projects/ros_ws/src/general/install/yolov8_msgs/local/lib/python3.10/dist-packages/yolov8_msgs/yolov8_msgs_s__rosidl_typesupport_fastrtps_c.cpython-310-x86_64-linux-gnu.so
[0.457s] -- Up-to-date: /home/robert/Projects/ros_ws/src/general/install/yolov8_msgs/local/lib/python3.10/dist-packages/yolov8_msgs/yolov8_msgs_s__rosidl_typesupport_introspection_c.cpython-310-x86_64-linux-gnu.so
[0.457s] -- Up-to-date: /home/robert/Projects/ros_ws/src/general/install/yolov8_msgs/local/lib/python3.10/dist-packages/yolov8_msgs/yolov8_msgs_s__rosidl_typesupport_c.cpython-310-x86_64-linux-gnu.so
[0.457s] -- Up-to-date: /home/robert/Projects/ros_ws/src/general/install/yolov8_msgs/lib/libyolov8_msgs__rosidl_generator_py.so
[0.457s] -- Up-to-date: /home/robert/Projects/ros_ws/src/general/install/yolov8_msgs/share/yolov8_msgs/msg/Point2D.idl
[0.457s] -- Up-to-date: /home/robert/Projects/ros_ws/src/general/install/yolov8_msgs/share/yolov8_msgs/msg/Vector2.idl
[0.458s] -- Up-to-date: /home/robert/Projects/ros_ws/src/general/install/yolov8_msgs/share/yolov8_msgs/msg/Pose2D.idl
[0.458s] -- Up-to-date: /home/robert/Projects/ros_ws/src/general/install/yolov8_msgs/share/yolov8_msgs/msg/BoundingBox2D.idl
[0.458s] -- Up-to-date: /home/robert/Projects/ros_ws/src/general/install/yolov8_msgs/share/yolov8_msgs/msg/IcebergBoundingBox2D.idl
[0.459s] -- Up-to-date: /home/robert/Projects/ros_ws/src/general/install/yolov8_msgs/share/yolov8_msgs/msg/BoundingBox3D.idl
[0.459s] -- Up-to-date: /home/robert/Projects/ros_ws/src/general/install/yolov8_msgs/share/yolov8_msgs/msg/Mask.idl
[0.459s] -- Up-to-date: /home/robert/Projects/ros_ws/src/general/install/yolov8_msgs/share/yolov8_msgs/msg/KeyPoint2D.idl
[0.459s] -- Up-to-date: /home/robert/Projects/ros_ws/src/general/install/yolov8_msgs/share/yolov8_msgs/msg/KeyPoint2DArray.idl
[0.459s] -- Up-to-date: /home/robert/Projects/ros_ws/src/general/install/yolov8_msgs/share/yolov8_msgs/msg/KeyPoint3D.idl
[0.459s] -- Up-to-date: /home/robert/Projects/ros_ws/src/general/install/yolov8_msgs/share/yolov8_msgs/msg/KeyPoint3DArray.idl
[0.460s] -- Up-to-date: /home/robert/Projects/ros_ws/src/general/install/yolov8_msgs/share/yolov8_msgs/msg/Detection.idl
[0.460s] -- Up-to-date: /home/robert/Projects/ros_ws/src/general/install/yolov8_msgs/share/yolov8_msgs/msg/DetectionArray.idl
[0.460s] -- Up-to-date: /home/robert/Projects/ros_ws/src/general/install/yolov8_msgs/share/yolov8_msgs/msg/IcebergDetection.idl
[0.460s] -- Up-to-date: /home/robert/Projects/ros_ws/src/general/install/yolov8_msgs/share/yolov8_msgs/msg/IcebergDetectionArray.idl
[0.460s] -- Up-to-date: /home/robert/Projects/ros_ws/src/general/install/yolov8_msgs/share/yolov8_msgs/msg/Point2D.msg
[0.460s] -- Up-to-date: /home/robert/Projects/ros_ws/src/general/install/yolov8_msgs/share/yolov8_msgs/msg/Vector2.msg
[0.460s] -- Up-to-date: /home/robert/Projects/ros_ws/src/general/install/yolov8_msgs/share/yolov8_msgs/msg/Pose2D.msg
[0.461s] -- Up-to-date: /home/robert/Projects/ros_ws/src/general/install/yolov8_msgs/share/yolov8_msgs/msg/BoundingBox2D.msg
[0.461s] -- Up-to-date: /home/robert/Projects/ros_ws/src/general/install/yolov8_msgs/share/yolov8_msgs/msg/IcebergBoundingBox2D.msg
[0.461s] -- Up-to-date: /home/robert/Projects/ros_ws/src/general/install/yolov8_msgs/share/yolov8_msgs/msg/BoundingBox3D.msg
[0.461s] -- Up-to-date: /home/robert/Projects/ros_ws/src/general/install/yolov8_msgs/share/yolov8_msgs/msg/Mask.msg
[0.461s] -- Up-to-date: /home/robert/Projects/ros_ws/src/general/install/yolov8_msgs/share/yolov8_msgs/msg/KeyPoint2D.msg
[0.461s] -- Up-to-date: /home/robert/Projects/ros_ws/src/general/install/yolov8_msgs/share/yolov8_msgs/msg/KeyPoint2DArray.msg
[0.461s] -- Up-to-date: /home/robert/Projects/ros_ws/src/general/install/yolov8_msgs/share/yolov8_msgs/msg/KeyPoint3D.msg
[0.462s] -- Up-to-date: /home/robert/Projects/ros_ws/src/general/install/yolov8_msgs/share/yolov8_msgs/msg/KeyPoint3DArray.msg
[0.462s] -- Up-to-date: /home/robert/Projects/ros_ws/src/general/install/yolov8_msgs/share/yolov8_msgs/msg/Detection.msg
[0.462s] -- Up-to-date: /home/robert/Projects/ros_ws/src/general/install/yolov8_msgs/share/yolov8_msgs/msg/DetectionArray.msg
[0.462s] -- Up-to-date: /home/robert/Projects/ros_ws/src/general/install/yolov8_msgs/share/yolov8_msgs/msg/IcebergDetection.msg
[0.462s] -- Up-to-date: /home/robert/Projects/ros_ws/src/general/install/yolov8_msgs/share/yolov8_msgs/msg/IcebergDetectionArray.msg
[0.462s] -- Up-to-date: /home/robert/Projects/ros_ws/src/general/install/yolov8_msgs/share/ament_index/resource_index/package_run_dependencies/yolov8_msgs
[0.462s] -- Up-to-date: /home/robert/Projects/ros_ws/src/general/install/yolov8_msgs/share/ament_index/resource_index/parent_prefix_path/yolov8_msgs
[0.462s] -- Up-to-date: /home/robert/Projects/ros_ws/src/general/install/yolov8_msgs/share/yolov8_msgs/environment/ament_prefix_path.sh
[0.463s] -- Up-to-date: /home/robert/Projects/ros_ws/src/general/install/yolov8_msgs/share/yolov8_msgs/environment/ament_prefix_path.dsv
[0.463s] -- Up-to-date: /home/robert/Projects/ros_ws/src/general/install/yolov8_msgs/share/yolov8_msgs/environment/path.sh
[0.463s] -- Up-to-date: /home/robert/Projects/ros_ws/src/general/install/yolov8_msgs/share/yolov8_msgs/environment/path.dsv
[0.463s] -- Up-to-date: /home/robert/Projects/ros_ws/src/general/install/yolov8_msgs/share/yolov8_msgs/local_setup.bash
[0.463s] -- Up-to-date: /home/robert/Projects/ros_ws/src/general/install/yolov8_msgs/share/yolov8_msgs/local_setup.sh
[0.463s] -- Up-to-date: /home/robert/Projects/ros_ws/src/general/install/yolov8_msgs/share/yolov8_msgs/local_setup.zsh
[0.463s] -- Up-to-date: /home/robert/Projects/ros_ws/src/general/install/yolov8_msgs/share/yolov8_msgs/local_setup.dsv
[0.463s] -- Installing: /home/robert/Projects/ros_ws/src/general/install/yolov8_msgs/share/yolov8_msgs/package.dsv
[0.464s] -- Up-to-date: /home/robert/Projects/ros_ws/src/general/install/yolov8_msgs/share/ament_index/resource_index/packages/yolov8_msgs
[0.464s] -- Up-to-date: /home/robert/Projects/ros_ws/src/general/install/yolov8_msgs/share/yolov8_msgs/cmake/export_yolov8_msgs__rosidl_generator_cExport.cmake
[0.464s] -- Up-to-date: /home/robert/Projects/ros_ws/src/general/install/yolov8_msgs/share/yolov8_msgs/cmake/export_yolov8_msgs__rosidl_generator_cExport-noconfig.cmake
[0.464s] -- Up-to-date: /home/robert/Projects/ros_ws/src/general/install/yolov8_msgs/share/yolov8_msgs/cmake/export_yolov8_msgs__rosidl_typesupport_fastrtps_cExport.cmake
[0.464s] -- Up-to-date: /home/robert/Projects/ros_ws/src/general/install/yolov8_msgs/share/yolov8_msgs/cmake/export_yolov8_msgs__rosidl_typesupport_fastrtps_cExport-noconfig.cmake
[0.464s] -- Up-to-date: /home/robert/Projects/ros_ws/src/general/install/yolov8_msgs/share/yolov8_msgs/cmake/yolov8_msgs__rosidl_typesupport_introspection_cExport.cmake
[0.464s] -- Up-to-date: /home/robert/Projects/ros_ws/src/general/install/yolov8_msgs/share/yolov8_msgs/cmake/yolov8_msgs__rosidl_typesupport_introspection_cExport-noconfig.cmake
[0.464s] -- Up-to-date: /home/robert/Projects/ros_ws/src/general/install/yolov8_msgs/share/yolov8_msgs/cmake/yolov8_msgs__rosidl_typesupport_cExport.cmake
[0.465s] -- Up-to-date: /home/robert/Projects/ros_ws/src/general/install/yolov8_msgs/share/yolov8_msgs/cmake/yolov8_msgs__rosidl_typesupport_cExport-noconfig.cmake
[0.465s] -- Up-to-date: /home/robert/Projects/ros_ws/src/general/install/yolov8_msgs/share/yolov8_msgs/cmake/export_yolov8_msgs__rosidl_generator_cppExport.cmake
[0.465s] -- Up-to-date: /home/robert/Projects/ros_ws/src/general/install/yolov8_msgs/share/yolov8_msgs/cmake/export_yolov8_msgs__rosidl_typesupport_fastrtps_cppExport.cmake
[0.465s] -- Up-to-date: /home/robert/Projects/ros_ws/src/general/install/yolov8_msgs/share/yolov8_msgs/cmake/export_yolov8_msgs__rosidl_typesupport_fastrtps_cppExport-noconfig.cmake
[0.465s] -- Up-to-date: /home/robert/Projects/ros_ws/src/general/install/yolov8_msgs/share/yolov8_msgs/cmake/yolov8_msgs__rosidl_typesupport_introspection_cppExport.cmake
[0.466s] -- Up-to-date: /home/robert/Projects/ros_ws/src/general/install/yolov8_msgs/share/yolov8_msgs/cmake/yolov8_msgs__rosidl_typesupport_introspection_cppExport-noconfig.cmake
[0.466s] -- Up-to-date: /home/robert/Projects/ros_ws/src/general/install/yolov8_msgs/share/yolov8_msgs/cmake/yolov8_msgs__rosidl_typesupport_cppExport.cmake
[0.466s] -- Up-to-date: /home/robert/Projects/ros_ws/src/general/install/yolov8_msgs/share/yolov8_msgs/cmake/yolov8_msgs__rosidl_typesupport_cppExport-noconfig.cmake
[0.466s] -- Up-to-date: /home/robert/Projects/ros_ws/src/general/install/yolov8_msgs/share/yolov8_msgs/cmake/export_yolov8_msgs__rosidl_generator_pyExport.cmake
[0.466s] -- Up-to-date: /home/robert/Projects/ros_ws/src/general/install/yolov8_msgs/share/yolov8_msgs/cmake/export_yolov8_msgs__rosidl_generator_pyExport-noconfig.cmake
[0.466s] -- Up-to-date: /home/robert/Projects/ros_ws/src/general/install/yolov8_msgs/share/yolov8_msgs/cmake/rosidl_cmake-extras.cmake
[0.466s] -- Up-to-date: /home/robert/Projects/ros_ws/src/general/install/yolov8_msgs/share/yolov8_msgs/cmake/ament_cmake_export_dependencies-extras.cmake
[0.466s] -- Up-to-date: /home/robert/Projects/ros_ws/src/general/install/yolov8_msgs/share/yolov8_msgs/cmake/ament_cmake_export_include_directories-extras.cmake
[0.466s] -- Up-to-date: /home/robert/Projects/ros_ws/src/general/install/yolov8_msgs/share/yolov8_msgs/cmake/ament_cmake_export_libraries-extras.cmake
[0.466s] -- Up-to-date: /home/robert/Projects/ros_ws/src/general/install/yolov8_msgs/share/yolov8_msgs/cmake/ament_cmake_export_targets-extras.cmake
[0.466s] -- Up-to-date: /home/robert/Projects/ros_ws/src/general/install/yolov8_msgs/share/yolov8_msgs/cmake/rosidl_cmake_export_typesupport_targets-extras.cmake
[0.466s] -- Up-to-date: /home/robert/Projects/ros_ws/src/general/install/yolov8_msgs/share/yolov8_msgs/cmake/rosidl_cmake_export_typesupport_libraries-extras.cmake
[0.467s] -- Up-to-date: /home/robert/Projects/ros_ws/src/general/install/yolov8_msgs/share/yolov8_msgs/cmake/yolov8_msgsConfig.cmake
[0.467s] -- Up-to-date: /home/robert/Projects/ros_ws/src/general/install/yolov8_msgs/share/yolov8_msgs/cmake/yolov8_msgsConfig-version.cmake
[0.467s] -- Up-to-date: /home/robert/Projects/ros_ws/src/general/install/yolov8_msgs/share/yolov8_msgs/package.xml
[0.487s] Invoked command in '/home/robert/Projects/ros_ws/src/general/build/yolov8_msgs' returned '0': CMAKE_PREFIX_PATH=/opt/ros/humble /usr/bin/cmake --install /home/robert/Projects/ros_ws/src/general/build/yolov8_msgs
