[0.014s] Invoking command in '/home/parallels/ros2_ws/src/general/build/perception_interfaces': CMAKE_PREFIX_PATH=${CMAKE_PREFIX_PATH}:/opt/ros/humble /usr/bin/cmake --build /home/parallels/ros2_ws/src/general/build/perception_interfaces -- -j2 -l2
[0.045s] [35m[1mConsolidate compiler generated dependencies of target perception_interfaces__rosidl_generator_c[0m
[0.048s] [  1%] Built target perception_interfaces__cpp
[0.057s] [  2%] [32mBuilding C object CMakeFiles/perception_interfaces__rosidl_generator_c.dir/rosidl_generator_c/perception_interfaces/msg/detail/coordinates__functions.c.o[0m
[0.078s] [  2%] Built target ament_cmake_python_copy_perception_interfaces
[0.101s] In file included from [01m[K/home/parallels/ros2_ws/src/general/build/perception_interfaces/rosidl_generator_c/perception_interfaces/msg/detail/coordinates__functions.h:19[m[K,
[0.101s]                  from [01m[K/home/parallels/ros2_ws/src/general/build/perception_interfaces/rosidl_generator_c/perception_interfaces/msg/detail/coordinates__functions.c:4[m[K:
[0.101s] [01m[K/home/parallels/ros2_ws/src/general/build/perception_interfaces/rosidl_generator_c/perception_interfaces/msg/detail/coordinates__struct.h:27:3:[m[K [01;31m[Kerror: [m[Kunknown type name ‘[01m[Kperception_interfaces__msg__Coordinates__Sequence[m[K’
[0.101s]    27 |   [01;31m[Kperception_interfaces__msg__Coordinates__Sequence[m[K coordinates;
[0.101s]       |   [01;31m[K^~~~~~~~~~~~~~~~~~~~~~~~~~~~~~~~~~~~~~~~~~~~~~~~~[m[K
[0.101s] [01m[K/home/parallels/ros2_ws/src/general/build/perception_interfaces/rosidl_generator_c/perception_interfaces/msg/detail/coordinates__functions.c:[m[K In function ‘[01m[Kperception_interfaces__msg__Coordinates__init[m[K’:
[0.101s] [01m[K/home/parallels/ros2_ws/src/general/build/perception_interfaces/rosidl_generator_c/perception_interfaces/msg/detail/coordinates__functions.c:26:64:[m[K [01;35m[Kwarning: [m[Kpassing argument 1 of ‘[01m[Kperception_interfaces__msg__Coordinates__Sequence__init[m[K’ from incompatible pointer type [[01;35m[K-Wincompatible-pointer-types[m[K]
[0.101s]    26 |   if (!perception_interfaces__msg__Coordinates__Sequence__init([01;35m[K&msg->coordinates[m[K, 0)) {
[0.101s]       |                                                                [01;35m[K^~~~~~~~~~~~~~~~~[m[K
[0.101s]       |                                                                [01;35m[K|[m[K
[0.101s]       |                                                                [01;35m[Kint *[m[K
[0.101s] In file included from [01m[K/home/parallels/ros2_ws/src/general/build/perception_interfaces/rosidl_generator_c/perception_interfaces/msg/detail/coordinates__functions.c:4[m[K:
[0.102s] [01m[K/home/parallels/ros2_ws/src/general/build/perception_interfaces/rosidl_generator_c/perception_interfaces/msg/detail/coordinates__functions.h:109:109:[m[K [01;36m[Knote: [m[Kexpected ‘[01m[Kperception_interfaces__msg__Coordinates__Sequence *[m[K’ but argument is of type ‘[01m[Kint *[m[K’
[0.102s]   109 | perception_interfaces__msg__Coordinates__Sequence__init([01;36m[Kperception_interfaces__msg__Coordinates__Sequence * array[m[K, size_t size);
[0.102s]       |                                                         [01;36m[K~~~~~~~~~~~~~~~~~~~~~~~~~~~~~~~~~~~~~~~~~~~~~~~~~~~~^~~~~[m[K
[0.102s] [01m[K/home/parallels/ros2_ws/src/general/build/perception_interfaces/rosidl_generator_c/perception_interfaces/msg/detail/coordinates__functions.c:[m[K In function ‘[01m[Kperception_interfaces__msg__Coordinates__fini[m[K’:
[0.102s] [01m[K/home/parallels/ros2_ws/src/general/build/perception_interfaces/rosidl_generator_c/perception_interfaces/msg/detail/coordinates__functions.c:40:59:[m[K [01;35m[Kwarning: [m[Kpassing argument 1 of ‘[01m[Kperception_interfaces__msg__Coordinates__Sequence__fini[m[K’ from incompatible pointer type [[01;35m[K-Wincompatible-pointer-types[m[K]
[0.102s]    40 |   perception_interfaces__msg__Coordinates__Sequence__fini([01;35m[K&msg->coordinates[m[K);
[0.102s]       |                                                           [01;35m[K^~~~~~~~~~~~~~~~~[m[K
[0.102s]       |                                                           [01;35m[K|[m[K
[0.102s]       |                                                           [01;35m[Kint *[m[K
[0.102s] In file included from [01m[K/home/parallels/ros2_ws/src/general/build/perception_interfaces/rosidl_generator_c/perception_interfaces/msg/detail/coordinates__functions.c:4[m[K:
[0.102s] [01m[K/home/parallels/ros2_ws/src/general/build/perception_interfaces/rosidl_generator_c/perception_interfaces/msg/detail/coordinates__functions.h:121:109:[m[K [01;36m[Knote: [m[Kexpected ‘[01m[Kperception_interfaces__msg__Coordinates__Sequence *[m[K’ but argument is of type ‘[01m[Kint *[m[K’
[0.102s]   121 | perception_interfaces__msg__Coordinates__Sequence__fini([01;36m[Kperception_interfaces__msg__Coordinates__Sequence * array[m[K);
[0.102s]       |                                                         [01;36m[K~~~~~~~~~~~~~~~~~~~~~~~~~~~~~~~~~~~~~~~~~~~~~~~~~~~~^~~~~[m[K
[0.102s] [01m[K/home/parallels/ros2_ws/src/general/build/perception_interfaces/rosidl_generator_c/perception_interfaces/msg/detail/coordinates__functions.c:[m[K In function ‘[01m[Kperception_interfaces__msg__Coordinates__are_equal[m[K’:
[0.102s] [01m[K/home/parallels/ros2_ws/src/general/build/perception_interfaces/rosidl_generator_c/perception_interfaces/msg/detail/coordinates__functions.c:51:7:[m[K [01;35m[Kwarning: [m[Kpassing argument 1 of ‘[01m[Kperception_interfaces__msg__Coordinates__Sequence__are_equal[m[K’ from incompatible pointer type [[01;35m[K-Wincompatible-pointer-types[m[K]
[0.102s]    51 |       [01;35m[K&(lhs->coordinates)[m[K, &(rhs->coordinates)))
[0.102s]       |       [01;35m[K^~~~~~~~~~~~~~~~~~~[m[K
[0.102s]       |       [01;35m[K|[m[K
[0.102s]       |       [01;35m[Kconst int *[m[K
[0.102s] In file included from [01m[K/home/parallels/ros2_ws/src/general/build/perception_interfaces/rosidl_generator_c/perception_interfaces/msg/detail/coordinates__functions.c:4[m[K:
[0.102s] [01m[K/home/parallels/ros2_ws/src/general/build/perception_interfaces/rosidl_generator_c/perception_interfaces/msg/detail/coordinates__functions.h:154:120:[m[K [01;36m[Knote: [m[Kexpected ‘[01m[Kconst perception_interfaces__msg__Coordinates__Sequence *[m[K’ but argument is of type ‘[01m[Kconst int *[m[K’
[0.102s]   154 | perception_interfaces__msg__Coordinates__Sequence__are_equal([01;36m[Kconst perception_interfaces__msg__Coordinates__Sequence * lhs[m[K, const perception_interfaces__msg__Coordinates__Sequence * rhs);
[0.102s]       |                                                              [01;36m[K~~~~~~~~~~~~~~~~~~~~~~~~~~~~~~~~~~~~~~~~~~~~~~~~~~~~~~~~~~^~~[m[K
[0.102s] [01m[K/home/parallels/ros2_ws/src/general/build/perception_interfaces/rosidl_generator_c/perception_interfaces/msg/detail/coordinates__functions.c:51:28:[m[K [01;35m[Kwarning: [m[Kpassing argument 2 of ‘[01m[Kperception_interfaces__msg__Coordinates__Sequence__are_equal[m[K’ from incompatible pointer type [[01;35m[K-Wincompatible-pointer-types[m[K]
[0.102s]    51 |       &(lhs->coordinates), [01;35m[K&(rhs->coordinates)[m[K))
[0.102s]       |                            [01;35m[K^~~~~~~~~~~~~~~~~~~[m[K
[0.102s]       |                            [01;35m[K|[m[K
[0.102s]       |                            [01;35m[Kconst int *[m[K
[0.102s] In file included from [01m[K/home/parallels/ros2_ws/src/general/build/perception_interfaces/rosidl_generator_c/perception_interfaces/msg/detail/coordinates__functions.c:4[m[K:
[0.102s] [01m[K/home/parallels/ros2_ws/src/general/build/perception_interfaces/rosidl_generator_c/perception_interfaces/msg/detail/coordinates__functions.h:154:183:[m[K [01;36m[Knote: [m[Kexpected ‘[01m[Kconst perception_interfaces__msg__Coordinates__Sequence *[m[K’ but argument is of type ‘[01m[Kconst int *[m[K’
[0.102s]   154 | perception_interfaces__msg__Coordinates__Sequence__are_equal(const perception_interfaces__msg__Coordinates__Sequence * lhs, [01;36m[Kconst perception_interfaces__msg__Coordinates__Sequence * rhs[m[K);
[0.102s]       |                                                                                                                             [01;36m[K~~~~~~~~~~~~~~~~~~~~~~~~~~~~~~~~~~~~~~~~~~~~~~~~~~~~~~~~~~^~~[m[K
[0.102s] [01m[K/home/parallels/ros2_ws/src/general/build/perception_interfaces/rosidl_generator_c/perception_interfaces/msg/detail/coordinates__functions.c:[m[K In function ‘[01m[Kperception_interfaces__msg__Coordinates__copy[m[K’:
[0.102s] [01m[K/home/parallels/ros2_ws/src/general/build/perception_interfaces/rosidl_generator_c/perception_interfaces/msg/detail/coordinates__functions.c:68:7:[m[K [01;35m[Kwarning: [m[Kpassing argument 1 of ‘[01m[Kperception_interfaces__msg__Coordinates__Sequence__copy[m[K’ from incompatible pointer type [[01;35m[K-Wincompatible-pointer-types[m[K]
[0.102s]    68 |       [01;35m[K&(input->coordinates)[m[K, &(output->coordinates)))
[0.102s]       |       [01;35m[K^~~~~~~~~~~~~~~~~~~~~[m[K
[0.103s]       |       [01;35m[K|[m[K
[0.103s]       |       [01;35m[Kconst int *[m[K
[0.103s] In file included from [01m[K/home/parallels/ros2_ws/src/general/build/perception_interfaces/rosidl_generator_c/perception_interfaces/msg/detail/coordinates__functions.c:4[m[K:
[0.103s] [01m[K/home/parallels/ros2_ws/src/general/build/perception_interfaces/rosidl_generator_c/perception_interfaces/msg/detail/coordinates__functions.h:170:61:[m[K [01;36m[Knote: [m[Kexpected ‘[01m[Kconst perception_interfaces__msg__Coordinates__Sequence *[m[K’ but argument is of type ‘[01m[Kconst int *[m[K’
[0.103s]   170 |   [01;36m[Kconst perception_interfaces__msg__Coordinates__Sequence * input[m[K,
[0.103s]       |   [01;36m[K~~~~~~~~~~~~~~~~~~~~~~~~~~~~~~~~~~~~~~~~~~~~~~~~~~~~~~~~~~^~~~~[m[K
[0.103s] [01m[K/home/parallels/ros2_ws/src/general/build/perception_interfaces/rosidl_generator_c/perception_interfaces/msg/detail/coordinates__functions.c:68:30:[m[K [01;35m[Kwarning: [m[Kpassing argument 2 of ‘[01m[Kperception_interfaces__msg__Coordinates__Sequence__copy[m[K’ from incompatible pointer type [[01;35m[K-Wincompatible-pointer-types[m[K]
[0.103s]    68 |       &(input->coordinates), [01;35m[K&(output->coordinates)[m[K))
[0.103s]       |                              [01;35m[K^~~~~~~~~~~~~~~~~~~~~~[m[K
[0.103s]       |                              [01;35m[K|[m[K
[0.103s]       |                              [01;35m[Kint *[m[K
[0.103s] In file included from [01m[K/home/parallels/ros2_ws/src/general/build/perception_interfaces/rosidl_generator_c/perception_interfaces/msg/detail/coordinates__functions.c:4[m[K:
[0.103s] [01m[K/home/parallels/ros2_ws/src/general/build/perception_interfaces/rosidl_generator_c/perception_interfaces/msg/detail/coordinates__functions.h:171:55:[m[K [01;36m[Knote: [m[Kexpected ‘[01m[Kperception_interfaces__msg__Coordinates__Sequence *[m[K’ but argument is of type ‘[01m[Kint *[m[K’
[0.103s]   171 |   [01;36m[Kperception_interfaces__msg__Coordinates__Sequence * output[m[K);
[0.103s]       |   [01;36m[K~~~~~~~~~~~~~~~~~~~~~~~~~~~~~~~~~~~~~~~~~~~~~~~~~~~~^~~~~~[m[K
[0.103s] gmake[2]: *** [CMakeFiles/perception_interfaces__rosidl_generator_c.dir/build.make:377: CMakeFiles/perception_interfaces__rosidl_generator_c.dir/rosidl_generator_c/perception_interfaces/msg/detail/coordinates__functions.c.o] Error 1
[0.103s] gmake[1]: *** [CMakeFiles/Makefile2:213: CMakeFiles/perception_interfaces__rosidl_generator_c.dir/all] Error 2
[0.103s] gmake[1]: *** Waiting for unfinished jobs....
[0.106s] [ 13%] Built target perception_interfaces__rosidl_typesupport_cpp
[0.107s] gmake: *** [Makefile:146: all] Error 2
[0.108s] Invoked command in '/home/parallels/ros2_ws/src/general/build/perception_interfaces' returned '2': CMAKE_PREFIX_PATH=${CMAKE_PREFIX_PATH}:/opt/ros/humble /usr/bin/cmake --build /home/parallels/ros2_ws/src/general/build/perception_interfaces -- -j2 -l2
