[0.008s] Invoking command in '/home/parallels/ros2_ws/src/general/build/perception_interfaces': CMAKE_PREFIX_PATH=/opt/ros/humble /usr/bin/cmake --build /home/parallels/ros2_ws/src/general/build/perception_interfaces -- -j2 -l2
[0.074s] -- Found ament_cmake: 1.3.9 (/opt/ros/humble/share/ament_cmake/cmake)
[0.164s] -- Found geometry_msgs: 4.2.4 (/opt/ros/humble/share/geometry_msgs/cmake)
[0.188s] -- Found rosidl_generator_c: 3.1.5 (/opt/ros/humble/share/rosidl_generator_c/cmake)
[0.190s] -- Found rosidl_adapter: 3.1.5 (/opt/ros/humble/share/rosidl_adapter/cmake)
[0.195s] -- Found rosidl_generator_cpp: 3.1.5 (/opt/ros/humble/share/rosidl_generator_cpp/cmake)
[0.204s] -- Using all available rosidl_typesupport_c: rosidl_typesupport_fastrtps_c;rosidl_typesupport_introspection_c
[0.215s] -- Using all available rosidl_typesupport_cpp: rosidl_typesupport_fastrtps_cpp;rosidl_typesupport_introspection_cpp
[0.297s] -- Found rosidl_default_generators: 1.2.0 (/opt/ros/humble/share/rosidl_default_generators/cmake)
[0.516s] -- Found ament_cmake_ros: 0.10.0 (/opt/ros/humble/share/ament_cmake_ros/cmake)
[0.820s] -- Using all available rosidl_typesupport_c: rosidl_typesupport_fastrtps_c;rosidl_typesupport_introspection_c
[0.932s] -- Using all available rosidl_typesupport_cpp: rosidl_typesupport_fastrtps_cpp;rosidl_typesupport_introspection_cpp
[0.945s] -- Found python_cmake_module: 0.10.0 (/opt/ros/humble/share/python_cmake_module/cmake)
[0.960s] -- Using PYTHON_EXECUTABLE: /usr/bin/python3
[0.960s] -- Using PYTHON_INCLUDE_DIRS: /usr/include/python3.10
[0.960s] -- Using PYTHON_LIBRARIES: /usr/lib/aarch64-linux-gnu/libpython3.10.so
[0.994s] -- Found ament_lint_auto: 0.12.11 (/opt/ros/humble/share/ament_lint_auto/cmake)
[1.010s] -- Added test 'lint_cmake' to check CMake code style
[1.012s] -- Added test 'xmllint' to check XML markup files
[1.012s] -- Configuring done
[1.063s] -- Generating done
[1.067s] -- Build files have been written to: /home/parallels/ros2_ws/src/general/build/perception_interfaces
[1.084s] [  1%] [34m[1mGenerating C code for ROS interfaces[0m
[1.097s] [  2%] [34m[1mGenerating C++ code for ROS interfaces[0m
[1.460s] [  2%] Built target perception_interfaces__cpp
[1.484s] [  2%] Built target ament_cmake_python_copy_perception_interfaces
[1.494s] [  3%] [34m[1mGenerating C++ type support dispatch for ROS interfaces[0m
[1.537s] [35m[1mConsolidate compiler generated dependencies of target perception_interfaces__rosidl_generator_c[0m
[1.542s] [  4%] [32mBuilding C object CMakeFiles/perception_interfaces__rosidl_generator_c.dir/rosidl_generator_c/perception_interfaces/msg/detail/prop__functions.c.o[0m
[1.584s] [  5%] [32mBuilding C object CMakeFiles/perception_interfaces__rosidl_generator_c.dir/rosidl_generator_c/perception_interfaces/msg/detail/prop_array__functions.c.o[0m
[1.602s] [  6%] [32mBuilding C object CMakeFiles/perception_interfaces__rosidl_generator_c.dir/rosidl_generator_c/perception_interfaces/msg/detail/bounding_box__functions.c.o[0m
[1.608s] [  8%] [32mBuilding C object CMakeFiles/perception_interfaces__rosidl_generator_c.dir/rosidl_generator_c/perception_interfaces/msg/detail/bounding_boxes__functions.c.o[0m
[1.615s] [  9%] [32mBuilding C object CMakeFiles/perception_interfaces__rosidl_generator_c.dir/rosidl_generator_c/perception_interfaces/msg/detail/gate__functions.c.o[0m
[1.620s] [ 10%] [32mBuilding C object CMakeFiles/perception_interfaces__rosidl_generator_c.dir/rosidl_generator_c/perception_interfaces/msg/detail/gate_array__functions.c.o[0m
[1.625s] [ 11%] [32mBuilding C object CMakeFiles/perception_interfaces__rosidl_generator_c.dir/rosidl_generator_c/perception_interfaces/msg/detail/coordinate__functions.c.o[0m
[1.689s] [ 12%] [32mBuilding C object CMakeFiles/perception_interfaces__rosidl_generator_c.dir/rosidl_generator_c/perception_interfaces/msg/detail/coordinates__functions.c.o[0m
[1.701s] [35m[1mConsolidate compiler generated dependencies of target perception_interfaces__rosidl_typesupport_cpp[0m
[1.708s] [ 13%] [32mBuilding CXX object CMakeFiles/perception_interfaces__rosidl_typesupport_cpp.dir/rosidl_typesupport_cpp/perception_interfaces/msg/prop__type_support.cpp.o[0m
[1.714s] In file included from [01m[K/home/parallels/ros2_ws/src/general/build/perception_interfaces/rosidl_generator_c/perception_interfaces/msg/detail/coordinates__functions.h:19[m[K,
[1.714s]                  from [01m[K/home/parallels/ros2_ws/src/general/build/perception_interfaces/rosidl_generator_c/perception_interfaces/msg/detail/coordinates__functions.c:4[m[K:
[1.714s] [01m[K/home/parallels/ros2_ws/src/general/build/perception_interfaces/rosidl_generator_c/perception_interfaces/msg/detail/coordinates__struct.h:27:3:[m[K [01;31m[Kerror: [m[Kunknown type name ‘[01m[Kperception_interfaces__msg__Coordinates__Sequence[m[K’
[1.714s]    27 |   [01;31m[Kperception_interfaces__msg__Coordinates__Sequence[m[K coordinates;
[1.714s]       |   [01;31m[K^~~~~~~~~~~~~~~~~~~~~~~~~~~~~~~~~~~~~~~~~~~~~~~~~[m[K
[1.714s] [01m[K/home/parallels/ros2_ws/src/general/build/perception_interfaces/rosidl_generator_c/perception_interfaces/msg/detail/coordinates__functions.c:[m[K In function ‘[01m[Kperception_interfaces__msg__Coordinates__init[m[K’:
[1.714s] [01m[K/home/parallels/ros2_ws/src/general/build/perception_interfaces/rosidl_generator_c/perception_interfaces/msg/detail/coordinates__functions.c:26:64:[m[K [01;35m[Kwarning: [m[Kpassing argument 1 of ‘[01m[Kperception_interfaces__msg__Coordinates__Sequence__init[m[K’ from incompatible pointer type [[01;35m[K-Wincompatible-pointer-types[m[K]
[1.714s]    26 |   if (!perception_interfaces__msg__Coordinates__Sequence__init([01;35m[K&msg->coordinates[m[K, 0)) {
[1.714s]       |                                                                [01;35m[K^~~~~~~~~~~~~~~~~[m[K
[1.714s]       |                                                                [01;35m[K|[m[K
[1.714s]       |                                                                [01;35m[Kint *[m[K
[1.714s] In file included from [01m[K/home/parallels/ros2_ws/src/general/build/perception_interfaces/rosidl_generator_c/perception_interfaces/msg/detail/coordinates__functions.c:4[m[K:
[1.714s] [01m[K/home/parallels/ros2_ws/src/general/build/perception_interfaces/rosidl_generator_c/perception_interfaces/msg/detail/coordinates__functions.h:109:109:[m[K [01;36m[Knote: [m[Kexpected ‘[01m[Kperception_interfaces__msg__Coordinates__Sequence *[m[K’ but argument is of type ‘[01m[Kint *[m[K’
[1.714s]   109 | perception_interfaces__msg__Coordinates__Sequence__init([01;36m[Kperception_interfaces__msg__Coordinates__Sequence * array[m[K, size_t size);
[1.714s]       |                                                         [01;36m[K~~~~~~~~~~~~~~~~~~~~~~~~~~~~~~~~~~~~~~~~~~~~~~~~~~~~^~~~~[m[K
[1.714s] [01m[K/home/parallels/ros2_ws/src/general/build/perception_interfaces/rosidl_generator_c/perception_interfaces/msg/detail/coordinates__functions.c:[m[K In function ‘[01m[Kperception_interfaces__msg__Coordinates__fini[m[K’:
[1.714s] [01m[K/home/parallels/ros2_ws/src/general/build/perception_interfaces/rosidl_generator_c/perception_interfaces/msg/detail/coordinates__functions.c:40:59:[m[K [01;35m[Kwarning: [m[Kpassing argument 1 of ‘[01m[Kperception_interfaces__msg__Coordinates__Sequence__fini[m[K’ from incompatible pointer type [[01;35m[K-Wincompatible-pointer-types[m[K]
[1.714s]    40 |   perception_interfaces__msg__Coordinates__Sequence__fini([01;35m[K&msg->coordinates[m[K);
[1.714s]       |                                                           [01;35m[K^~~~~~~~~~~~~~~~~[m[K
[1.714s]       |                                                           [01;35m[K|[m[K
[1.714s]       |                                                           [01;35m[Kint *[m[K
[1.714s] In file included from [01m[K/home/parallels/ros2_ws/src/general/build/perception_interfaces/rosidl_generator_c/perception_interfaces/msg/detail/coordinates__functions.c:4[m[K:
[1.715s] [01m[K/home/parallels/ros2_ws/src/general/build/perception_interfaces/rosidl_generator_c/perception_interfaces/msg/detail/coordinates__functions.h:121:109:[m[K [01;36m[Knote: [m[Kexpected ‘[01m[Kperception_interfaces__msg__Coordinates__Sequence *[m[K’ but argument is of type ‘[01m[Kint *[m[K’
[1.715s]   121 | perception_interfaces__msg__Coordinates__Sequence__fini([01;36m[Kperception_interfaces__msg__Coordinates__Sequence * array[m[K);
[1.715s]       |                                                         [01;36m[K~~~~~~~~~~~~~~~~~~~~~~~~~~~~~~~~~~~~~~~~~~~~~~~~~~~~^~~~~[m[K
[1.715s] [01m[K/home/parallels/ros2_ws/src/general/build/perception_interfaces/rosidl_generator_c/perception_interfaces/msg/detail/coordinates__functions.c:[m[K In function ‘[01m[Kperception_interfaces__msg__Coordinates__are_equal[m[K’:
[1.715s] [01m[K/home/parallels/ros2_ws/src/general/build/perception_interfaces/rosidl_generator_c/perception_interfaces/msg/detail/coordinates__functions.c:51:7:[m[K [01;35m[Kwarning: [m[Kpassing argument 1 of ‘[01m[Kperception_interfaces__msg__Coordinates__Sequence__are_equal[m[K’ from incompatible pointer type [[01;35m[K-Wincompatible-pointer-types[m[K]
[1.715s]    51 |       [01;35m[K&(lhs->coordinates)[m[K, &(rhs->coordinates)))
[1.715s]       |       [01;35m[K^~~~~~~~~~~~~~~~~~~[m[K
[1.715s]       |       [01;35m[K|[m[K
[1.715s]       |       [01;35m[Kconst int *[m[K
[1.715s] In file included from [01m[K/home/parallels/ros2_ws/src/general/build/perception_interfaces/rosidl_generator_c/perception_interfaces/msg/detail/coordinates__functions.c:4[m[K:
[1.715s] [01m[K/home/parallels/ros2_ws/src/general/build/perception_interfaces/rosidl_generator_c/perception_interfaces/msg/detail/coordinates__functions.h:154:120:[m[K [01;36m[Knote: [m[Kexpected ‘[01m[Kconst perception_interfaces__msg__Coordinates__Sequence *[m[K’ but argument is of type ‘[01m[Kconst int *[m[K’
[1.715s]   154 | perception_interfaces__msg__Coordinates__Sequence__are_equal([01;36m[Kconst perception_interfaces__msg__Coordinates__Sequence * lhs[m[K, const perception_interfaces__msg__Coordinates__Sequence * rhs);
[1.715s]       |                                                              [01;36m[K~~~~~~~~~~~~~~~~~~~~~~~~~~~~~~~~~~~~~~~~~~~~~~~~~~~~~~~~~~^~~[m[K
[1.715s] [01m[K/home/parallels/ros2_ws/src/general/build/perception_interfaces/rosidl_generator_c/perception_interfaces/msg/detail/coordinates__functions.c:51:28:[m[K [01;35m[Kwarning: [m[Kpassing argument 2 of ‘[01m[Kperception_interfaces__msg__Coordinates__Sequence__are_equal[m[K’ from incompatible pointer type [[01;35m[K-Wincompatible-pointer-types[m[K]
[1.715s]    51 |       &(lhs->coordinates), [01;35m[K&(rhs->coordinates)[m[K))
[1.715s]       |                            [01;35m[K^~~~~~~~~~~~~~~~~~~[m[K
[1.715s]       |                            [01;35m[K|[m[K
[1.715s]       |                            [01;35m[Kconst int *[m[K
[1.715s] In file included from [01m[K/home/parallels/ros2_ws/src/general/build/perception_interfaces/rosidl_generator_c/perception_interfaces/msg/detail/coordinates__functions.c:4[m[K:
[1.715s] [01m[K/home/parallels/ros2_ws/src/general/build/perception_interfaces/rosidl_generator_c/perception_interfaces/msg/detail/coordinates__functions.h:154:183:[m[K [01;36m[Knote: [m[Kexpected ‘[01m[Kconst perception_interfaces__msg__Coordinates__Sequence *[m[K’ but argument is of type ‘[01m[Kconst int *[m[K’
[1.715s]   154 | perception_interfaces__msg__Coordinates__Sequence__are_equal(const perception_interfaces__msg__Coordinates__Sequence * lhs, [01;36m[Kconst perception_interfaces__msg__Coordinates__Sequence * rhs[m[K);
[1.715s]       |                                                                                                                             [01;36m[K~~~~~~~~~~~~~~~~~~~~~~~~~~~~~~~~~~~~~~~~~~~~~~~~~~~~~~~~~~^~~[m[K
[1.715s] [01m[K/home/parallels/ros2_ws/src/general/build/perception_interfaces/rosidl_generator_c/perception_interfaces/msg/detail/coordinates__functions.c:[m[K In function ‘[01m[Kperception_interfaces__msg__Coordinates__copy[m[K’:
[1.715s] [01m[K/home/parallels/ros2_ws/src/general/build/perception_interfaces/rosidl_generator_c/perception_interfaces/msg/detail/coordinates__functions.c:68:7:[m[K [01;35m[Kwarning: [m[Kpassing argument 1 of ‘[01m[Kperception_interfaces__msg__Coordinates__Sequence__copy[m[K’ from incompatible pointer type [[01;35m[K-Wincompatible-pointer-types[m[K]
[1.715s]    68 |       [01;35m[K&(input->coordinates)[m[K, &(output->coordinates)))
[1.715s]       |       [01;35m[K^~~~~~~~~~~~~~~~~~~~~[m[K
[1.715s]       |       [01;35m[K|[m[K
[1.715s]       |       [01;35m[Kconst int *[m[K
[1.715s] In file included from [01m[K/home/parallels/ros2_ws/src/general/build/perception_interfaces/rosidl_generator_c/perception_interfaces/msg/detail/coordinates__functions.c:4[m[K:
[1.715s] [01m[K/home/parallels/ros2_ws/src/general/build/perception_interfaces/rosidl_generator_c/perception_interfaces/msg/detail/coordinates__functions.h:170:61:[m[K [01;36m[Knote: [m[Kexpected ‘[01m[Kconst perception_interfaces__msg__Coordinates__Sequence *[m[K’ but argument is of type ‘[01m[Kconst int *[m[K’
[1.715s]   170 |   [01;36m[Kconst perception_interfaces__msg__Coordinates__Sequence * input[m[K,
[1.715s]       |   [01;36m[K~~~~~~~~~~~~~~~~~~~~~~~~~~~~~~~~~~~~~~~~~~~~~~~~~~~~~~~~~~^~~~~[m[K
[1.715s] [01m[K/home/parallels/ros2_ws/src/general/build/perception_interfaces/rosidl_generator_c/perception_interfaces/msg/detail/coordinates__functions.c:68:30:[m[K [01;35m[Kwarning: [m[Kpassing argument 2 of ‘[01m[Kperception_interfaces__msg__Coordinates__Sequence__copy[m[K’ from incompatible pointer type [[01;35m[K-Wincompatible-pointer-types[m[K]
[1.715s]    68 |       &(input->coordinates), [01;35m[K&(output->coordinates)[m[K))
[1.715s]       |                              [01;35m[K^~~~~~~~~~~~~~~~~~~~~~[m[K
[1.715s]       |                              [01;35m[K|[m[K
[1.715s]       |                              [01;35m[Kint *[m[K
[1.715s] In file included from [01m[K/home/parallels/ros2_ws/src/general/build/perception_interfaces/rosidl_generator_c/perception_interfaces/msg/detail/coordinates__functions.c:4[m[K:
[1.715s] [01m[K/home/parallels/ros2_ws/src/general/build/perception_interfaces/rosidl_generator_c/perception_interfaces/msg/detail/coordinates__functions.h:171:55:[m[K [01;36m[Knote: [m[Kexpected ‘[01m[Kperception_interfaces__msg__Coordinates__Sequence *[m[K’ but argument is of type ‘[01m[Kint *[m[K’
[1.715s]   171 |   [01;36m[Kperception_interfaces__msg__Coordinates__Sequence * output[m[K);
[1.715s]       |   [01;36m[K~~~~~~~~~~~~~~~~~~~~~~~~~~~~~~~~~~~~~~~~~~~~~~~~~~~~^~~~~~[m[K
[1.721s] gmake[2]: *** [CMakeFiles/perception_interfaces__rosidl_generator_c.dir/build.make:377: CMakeFiles/perception_interfaces__rosidl_generator_c.dir/rosidl_generator_c/perception_interfaces/msg/detail/coordinates__functions.c.o] Error 1
[1.721s] gmake[1]: *** [CMakeFiles/Makefile2:213: CMakeFiles/perception_interfaces__rosidl_generator_c.dir/all] Error 2
[1.721s] gmake[1]: *** Waiting for unfinished jobs....
[1.728s] [ 14%] [32mBuilding CXX object CMakeFiles/perception_interfaces__rosidl_typesupport_cpp.dir/rosidl_typesupport_cpp/perception_interfaces/msg/prop_array__type_support.cpp.o[0m
[1.745s] [ 16%] [32mBuilding CXX object CMakeFiles/perception_interfaces__rosidl_typesupport_cpp.dir/rosidl_typesupport_cpp/perception_interfaces/msg/bounding_box__type_support.cpp.o[0m
[1.746s] [ 17%] [32mBuilding CXX object CMakeFiles/perception_interfaces__rosidl_typesupport_cpp.dir/rosidl_typesupport_cpp/perception_interfaces/msg/bounding_boxes__type_support.cpp.o[0m
[1.761s] [ 18%] [32mBuilding CXX object CMakeFiles/perception_interfaces__rosidl_typesupport_cpp.dir/rosidl_typesupport_cpp/perception_interfaces/msg/gate__type_support.cpp.o[0m
[1.761s] [ 19%] [32mBuilding CXX object CMakeFiles/perception_interfaces__rosidl_typesupport_cpp.dir/rosidl_typesupport_cpp/perception_interfaces/msg/gate_array__type_support.cpp.o[0m
[1.770s] [ 20%] [32mBuilding CXX object CMakeFiles/perception_interfaces__rosidl_typesupport_cpp.dir/rosidl_typesupport_cpp/perception_interfaces/msg/coordinate__type_support.cpp.o[0m
[1.771s] [ 21%] [32mBuilding CXX object CMakeFiles/perception_interfaces__rosidl_typesupport_cpp.dir/rosidl_typesupport_cpp/perception_interfaces/msg/coordinates__type_support.cpp.o[0m
[2.017s] [ 22%] [32m[1mLinking CXX shared library libperception_interfaces__rosidl_typesupport_cpp.so[0m
[2.060s] [ 22%] Built target perception_interfaces__rosidl_typesupport_cpp
[2.061s] gmake: *** [Makefile:146: all] Error 2
[2.063s] Invoked command in '/home/parallels/ros2_ws/src/general/build/perception_interfaces' returned '2': CMAKE_PREFIX_PATH=/opt/ros/humble /usr/bin/cmake --build /home/parallels/ros2_ws/src/general/build/perception_interfaces -- -j2 -l2
