-- Found ament_cmake: 1.3.9 (/opt/ros/humble/share/ament_cmake/cmake)
-- Found rclcpp: 16.0.9 (/opt/ros/humble/share/rclcpp/cmake)
-- Found rosidl_generator_c: 3.1.5 (/opt/ros/humble/share/rosidl_generator_c/cmake)
-- Found rosidl_adapter: 3.1.5 (/opt/ros/humble/share/rosidl_adapter/cmake)
-- Found rosidl_generator_cpp: 3.1.5 (/opt/ros/humble/share/rosidl_generator_cpp/cmake)
-- Using all available rosidl_typesupport_c: rosidl_typesupport_fastrtps_c;rosidl_typesupport_introspection_c
-- Using all available rosidl_typesupport_cpp: rosidl_typesupport_fastrtps_cpp;rosidl_typesupport_introspection_cpp
-- Found rmw_implementation_cmake: 6.1.2 (/opt/ros/humble/share/rmw_implementation_cmake/cmake)
-- Found rmw_fastrtps_cpp: 6.2.6 (/opt/ros/humble/share/rmw_fastrtps_cpp/cmake)
-- Using RMW implementation 'rmw_fastrtps_cpp' as default
-- Found rclcpp_components: 16.0.9 (/opt/ros/humble/share/rclcpp_components/cmake)
-- Found composition: 0.20.4 (/opt/ros/humble/share/composition/cmake)
-- Found sensor_msgs: 4.2.4 (/opt/ros/humble/share/sensor_msgs/cmake)
-- Found slg_msgs: 3.8.0 (/home/parallels/ros2_ws/src/general/install/slg_msgs/share/slg_msgs/cmake)
-- Found perception_interfaces: 0.0.0 (/home/parallels/ros2_ws/src/general/install/perception_interfaces/share/perception_interfaces/cmake)
-- Found ament_lint_auto: 0.12.11 (/opt/ros/humble/share/ament_lint_auto/cmake)
-- Added test 'cppcheck' to perform static code analysis on C / C++ code
-- Configured cppcheck include dirs: /home/parallels/ros2_ws/src/general/perception/include
-- Configured cppcheck exclude dirs and/or files: 
-- Added test 'flake8' to check Python code syntax and style conventions
-- Added test 'lint_cmake' to check CMake code style
-- Added test 'pep257' to check Python code against some of the docstring style conventions in PEP 257
-- Added test 'uncrustify' to check C / C++ code style
-- Configured uncrustify additional arguments: 
-- Added test 'xmllint' to check XML markup files
-- Configuring done
-- Generating done
-- Build files have been written to: /home/parallels/ros2_ws/src/general/build/perception
[35m[1mConsolidate compiler generated dependencies of target lidar_prop_detector_component[0m
[  3%] [32mBuilding CXX object CMakeFiles/lidar_camera_fuser_component.dir/src/lidar_camera_fuser_component.cpp.o[0m
[  7%] [32mBuilding CXX object CMakeFiles/lidar_prop_detector_component.dir/src/lidar_prop_detector_component.cpp.o[0m
[ 11%] [32m[1mLinking CXX shared library liblidar_prop_detector_component.so[0m
[ 11%] Built target lidar_prop_detector_component
[35m[1mConsolidate compiler generated dependencies of target coord_finder_component[0m
[ 15%] [32mBuilding CXX object CMakeFiles/coord_finder_component.dir/src/coord_finder_component.cpp.o[0m
[ 19%] [32m[1mLinking CXX shared library liblidar_camera_fuser_component.so[0m
[ 19%] Built target lidar_camera_fuser_component
[ 23%] [32mBuilding CXX object CMakeFiles/mock_bbox_pub_component.dir/src/mock_bbox_pub_component.cpp.o[0m
[ 26%] [32m[1mLinking CXX shared library libmock_bbox_pub_component.so[0m
[ 26%] Built target mock_bbox_pub_component
[35m[1mConsolidate compiler generated dependencies of target liblidar_calculations[0m
[ 30%] [32mBuilding CXX object CMakeFiles/liblidar_calculations.dir/lib/lidar_calculations.cpp.o[0m
[ 34%] [32m[1mLinking CXX shared library libcoord_finder_component.so[0m
[ 34%] Built target coord_finder_component
[35m[1mConsolidate compiler generated dependencies of target libhelpers[0m
[ 38%] [32mBuilding CXX object CMakeFiles/libhelpers.dir/lib/helpers.cpp.o[0m
[ 42%] [32m[1mLinking CXX static library liblibhelpers.a[0m
[ 42%] Built target libhelpers
[ 46%] [32mBuilding CXX object CMakeFiles/libbbox_calculations.dir/lib/bbox_calculations.cpp.o[0m
[ 50%] [32m[1mLinking CXX static library libliblidar_calculations.a[0m
[ 50%] Built target liblidar_calculations
[35m[1mConsolidate compiler generated dependencies of target coord_finder_composition[0m
[ 53%] [32mBuilding CXX object CMakeFiles/coord_finder_composition.dir/src/coord_finder_composition.cpp.o[0m
[ 57%] [32m[1mLinking CXX static library liblibbbox_calculations.a[0m
[ 57%] Built target libbbox_calculations
[ 61%] [32mBuilding CXX object CMakeFiles/mock_bbox_pub_composition.dir/src/mock_bbox_pub_composition.cpp.o[0m
[ 65%] [32m[1mLinking CXX executable coord_finder_composition[0m
[ 65%] Built target coord_finder_composition
[ 69%] [32mBuilding CXX object CMakeFiles/mock_coord_pub_component.dir/src/mock_coord_pub_component.cpp.o[0m
[ 73%] [32m[1mLinking CXX executable mock_bbox_pub_composition[0m
[ 73%] Built target mock_bbox_pub_composition
[35m[1mConsolidate compiler generated dependencies of target lidar_prop_detector_composition[0m
[ 76%] [32mBuilding CXX object CMakeFiles/lidar_prop_detector_composition.dir/src/lidar_prop_detector_composition.cpp.o[0m
[ 80%] [32m[1mLinking CXX executable lidar_prop_detector_composition[0m
[ 80%] Built target lidar_prop_detector_composition
