-- The C compiler identification is GNU 11.4.0
-- The CXX compiler identification is GNU 11.4.0
-- Detecting C compiler ABI info
-- Detecting C compiler ABI info - done
-- Check for working C compiler: /usr/bin/cc - skipped
-- Detecting C compile features
-- Detecting C compile features - done
-- Detecting CXX compiler ABI info
-- Detecting CXX compiler ABI info - done
-- Check for working CXX compiler: /usr/bin/c++ - skipped
-- Detecting CXX compile features
-- Detecting CXX compile features - done
-- Found ament_cmake: 1.3.11 (/opt/ros/humble/share/ament_cmake/cmake)
-- Found Python3: /usr/bin/python3 (found version "3.10.12") found components: Interpreter 
-- Found rosidl_default_generators: 1.2.0 (/opt/ros/humble/share/rosidl_default_generators/cmake)
-- Using all available rosidl_typesupport_c: rosidl_typesupport_fastrtps_c;rosidl_typesupport_introspection_c
-- Found rosidl_adapter: 3.1.6 (/opt/ros/humble/share/rosidl_adapter/cmake)
-- Using all available rosidl_typesupport_cpp: rosidl_typesupport_fastrtps_cpp;rosidl_typesupport_introspection_cpp
-- Found std_msgs: 4.2.4 (/opt/ros/humble/share/std_msgs/cmake)
-- Found geometry_msgs: 4.2.4 (/opt/ros/humble/share/geometry_msgs/cmake)
-- Found ament_cmake_ros: 0.10.0 (/opt/ros/humble/share/ament_cmake_ros/cmake)
-- Using all available rosidl_typesupport_c: rosidl_typesupport_fastrtps_c;rosidl_typesupport_introspection_c
-- Using all available rosidl_typesupport_cpp: rosidl_typesupport_fastrtps_cpp;rosidl_typesupport_introspection_cpp
-- Found PythonInterp: /usr/bin/python3 (found suitable version "3.10.12", minimum required is "3.6") 
-- Found python_cmake_module: 0.10.0 (/opt/ros/humble/share/python_cmake_module/cmake)
-- Found PythonLibs: /usr/lib/x86_64-linux-gnu/libpython3.10.so (found suitable version "3.10.12", minimum required is "3.5") 
-- Using PYTHON_EXECUTABLE: /usr/bin/python3
-- Using PYTHON_INCLUDE_DIRS: /usr/include/python3.10
-- Using PYTHON_LIBRARIES: /usr/lib/x86_64-linux-gnu/libpython3.10.so
-- Found PythonExtra: .so  
-- Configuring done
-- Generating done
-- Build files have been written to: /home/robert/Projects/ros_ws/src/general/build/yolov8_msgs
[  1%] [34m[1mGenerating C code for ROS interfaces[0m
[  1%] [34m[1mGenerating C++ code for ROS interfaces[0m
[  1%] Built target ament_cmake_python_copy_yolov8_msgs
running egg_info
creating yolov8_msgs.egg-info
writing yolov8_msgs.egg-info/PKG-INFO
writing dependency_links to yolov8_msgs.egg-info/dependency_links.txt
writing top-level names to yolov8_msgs.egg-info/top_level.txt
writing manifest file 'yolov8_msgs.egg-info/SOURCES.txt'
reading manifest file 'yolov8_msgs.egg-info/SOURCES.txt'
writing manifest file 'yolov8_msgs.egg-info/SOURCES.txt'
[  1%] Built target ament_cmake_python_build_yolov8_msgs_egg
[  1%] Built target yolov8_msgs__cpp
[  2%] [34m[1mGenerating C++ type support dispatch for ROS interfaces[0m
[  3%] [34m[1mGenerating C++ type support for eProsima Fast-RTPS[0m
[  3%] [34m[1mGenerating C++ introspection for ROS interfaces[0m
[  3%] [32mBuilding C object CMakeFiles/yolov8_msgs__rosidl_generator_c.dir/rosidl_generator_c/yolov8_msgs/msg/detail/point2_d__functions.c.o[0m
[  4%] [32mBuilding C object CMakeFiles/yolov8_msgs__rosidl_generator_c.dir/rosidl_generator_c/yolov8_msgs/msg/detail/vector2__functions.c.o[0m
[  4%] [32mBuilding C object CMakeFiles/yolov8_msgs__rosidl_generator_c.dir/rosidl_generator_c/yolov8_msgs/msg/detail/bounding_box2_d__functions.c.o[0m
[  5%] [32mBuilding C object CMakeFiles/yolov8_msgs__rosidl_generator_c.dir/rosidl_generator_c/yolov8_msgs/msg/detail/pose2_d__functions.c.o[0m
[  6%] [32mBuilding C object CMakeFiles/yolov8_msgs__rosidl_generator_c.dir/rosidl_generator_c/yolov8_msgs/msg/detail/bounding_box3_d__functions.c.o[0m
[  7%] [32mBuilding C object CMakeFiles/yolov8_msgs__rosidl_generator_c.dir/rosidl_generator_c/yolov8_msgs/msg/detail/iceberg_bounding_box2_d__functions.c.o[0m
[  7%] [32mBuilding C object CMakeFiles/yolov8_msgs__rosidl_generator_c.dir/rosidl_generator_c/yolov8_msgs/msg/detail/mask__functions.c.o[0m
[  8%] [32mBuilding C object CMakeFiles/yolov8_msgs__rosidl_generator_c.dir/rosidl_generator_c/yolov8_msgs/msg/detail/key_point2_d_array__functions.c.o[0m
[  9%] [32mBuilding C object CMakeFiles/yolov8_msgs__rosidl_generator_c.dir/rosidl_generator_c/yolov8_msgs/msg/detail/key_point2_d__functions.c.o[0m
[ 10%] [32mBuilding C object CMakeFiles/yolov8_msgs__rosidl_generator_c.dir/rosidl_generator_c/yolov8_msgs/msg/detail/key_point3_d__functions.c.o[0m
[ 10%] [32mBuilding C object CMakeFiles/yolov8_msgs__rosidl_generator_c.dir/rosidl_generator_c/yolov8_msgs/msg/detail/key_point3_d_array__functions.c.o[0m
[ 11%] [32mBuilding C object CMakeFiles/yolov8_msgs__rosidl_generator_c.dir/rosidl_generator_c/yolov8_msgs/msg/detail/detection_array__functions.c.o[0m
[ 12%] [32mBuilding C object CMakeFiles/yolov8_msgs__rosidl_generator_c.dir/rosidl_generator_c/yolov8_msgs/msg/detail/detection__functions.c.o[0m
[ 12%] [32mBuilding C object CMakeFiles/yolov8_msgs__rosidl_generator_c.dir/rosidl_generator_c/yolov8_msgs/msg/detail/iceberg_detection__functions.c.o[0m
[ 13%] [32mBuilding C object CMakeFiles/yolov8_msgs__rosidl_generator_c.dir/rosidl_generator_c/yolov8_msgs/msg/detail/iceberg_detection_array__functions.c.o[0m
[ 14%] [32m[1mLinking C shared library libyolov8_msgs__rosidl_generator_c.so[0m
[ 14%] Built target yolov8_msgs__rosidl_generator_c
[ 15%] [34m[1mGenerating C introspection for ROS interfaces[0m
[ 17%] [34m[1mGenerating C type support for eProsima Fast-RTPS[0m
[ 17%] [34m[1mGenerating C type support dispatch for ROS interfaces[0m
[ 18%] [32mBuilding CXX object CMakeFiles/yolov8_msgs__rosidl_typesupport_cpp.dir/rosidl_typesupport_cpp/yolov8_msgs/msg/point2_d__type_support.cpp.o[0m
[ 18%] [32mBuilding CXX object CMakeFiles/yolov8_msgs__rosidl_typesupport_cpp.dir/rosidl_typesupport_cpp/yolov8_msgs/msg/vector2__type_support.cpp.o[0m
[ 19%] [32mBuilding CXX object CMakeFiles/yolov8_msgs__rosidl_typesupport_cpp.dir/rosidl_typesupport_cpp/yolov8_msgs/msg/bounding_box2_d__type_support.cpp.o[0m
[ 20%] [32mBuilding CXX object CMakeFiles/yolov8_msgs__rosidl_typesupport_cpp.dir/rosidl_typesupport_cpp/yolov8_msgs/msg/pose2_d__type_support.cpp.o[0m
[ 21%] [32mBuilding CXX object CMakeFiles/yolov8_msgs__rosidl_typesupport_cpp.dir/rosidl_typesupport_cpp/yolov8_msgs/msg/bounding_box3_d__type_support.cpp.o[0m
[ 21%] [32mBuilding CXX object CMakeFiles/yolov8_msgs__rosidl_typesupport_cpp.dir/rosidl_typesupport_cpp/yolov8_msgs/msg/iceberg_bounding_box2_d__type_support.cpp.o[0m
[ 22%] [32mBuilding CXX object CMakeFiles/yolov8_msgs__rosidl_typesupport_cpp.dir/rosidl_typesupport_cpp/yolov8_msgs/msg/mask__type_support.cpp.o[0m
[ 23%] [32mBuilding CXX object CMakeFiles/yolov8_msgs__rosidl_typesupport_introspection_cpp.dir/rosidl_typesupport_introspection_cpp/yolov8_msgs/msg/detail/point2_d__type_support.cpp.o[0m
[ 24%] [32mBuilding CXX object CMakeFiles/yolov8_msgs__rosidl_typesupport_introspection_cpp.dir/rosidl_typesupport_introspection_cpp/yolov8_msgs/msg/detail/vector2__type_support.cpp.o[0m
[ 24%] [32mBuilding CXX object CMakeFiles/yolov8_msgs__rosidl_typesupport_introspection_cpp.dir/rosidl_typesupport_introspection_cpp/yolov8_msgs/msg/detail/pose2_d__type_support.cpp.o[0m
[ 25%] [32mBuilding CXX object CMakeFiles/yolov8_msgs__rosidl_typesupport_cpp.dir/rosidl_typesupport_cpp/yolov8_msgs/msg/key_point2_d__type_support.cpp.o[0m
[ 26%] [32mBuilding CXX object CMakeFiles/yolov8_msgs__rosidl_typesupport_introspection_cpp.dir/rosidl_typesupport_introspection_cpp/yolov8_msgs/msg/detail/bounding_box2_d__type_support.cpp.o[0m
[ 26%] [32mBuilding CXX object CMakeFiles/yolov8_msgs__rosidl_typesupport_cpp.dir/rosidl_typesupport_cpp/yolov8_msgs/msg/key_point2_d_array__type_support.cpp.o[0m
[ 27%] [32mBuilding CXX object CMakeFiles/yolov8_msgs__rosidl_typesupport_introspection_cpp.dir/rosidl_typesupport_introspection_cpp/yolov8_msgs/msg/detail/iceberg_bounding_box2_d__type_support.cpp.o[0m
[ 28%] [32mBuilding CXX object CMakeFiles/yolov8_msgs__rosidl_typesupport_cpp.dir/rosidl_typesupport_cpp/yolov8_msgs/msg/key_point3_d__type_support.cpp.o[0m
[ 28%] [32mBuilding CXX object CMakeFiles/yolov8_msgs__rosidl_typesupport_c.dir/rosidl_typesupport_c/yolov8_msgs/msg/point2_d__type_support.cpp.o[0m
[ 29%] [32mBuilding CXX object CMakeFiles/yolov8_msgs__rosidl_typesupport_c.dir/rosidl_typesupport_c/yolov8_msgs/msg/vector2__type_support.cpp.o[0m
[ 30%] [32mBuilding CXX object CMakeFiles/yolov8_msgs__rosidl_typesupport_fastrtps_cpp.dir/rosidl_typesupport_fastrtps_cpp/yolov8_msgs/msg/detail/dds_fastrtps/point2_d__type_support.cpp.o[0m
[ 31%] [32mBuilding CXX object CMakeFiles/yolov8_msgs__rosidl_typesupport_c.dir/rosidl_typesupport_c/yolov8_msgs/msg/pose2_d__type_support.cpp.o[0m
[ 32%] [32mBuilding CXX object CMakeFiles/yolov8_msgs__rosidl_typesupport_fastrtps_cpp.dir/rosidl_typesupport_fastrtps_cpp/yolov8_msgs/msg/detail/dds_fastrtps/vector2__type_support.cpp.o[0m
[ 32%] [32mBuilding CXX object CMakeFiles/yolov8_msgs__rosidl_typesupport_c.dir/rosidl_typesupport_c/yolov8_msgs/msg/bounding_box2_d__type_support.cpp.o[0m
[ 33%] [32mBuilding CXX object CMakeFiles/yolov8_msgs__rosidl_typesupport_c.dir/rosidl_typesupport_c/yolov8_msgs/msg/iceberg_bounding_box2_d__type_support.cpp.o[0m
[ 34%] [32mBuilding CXX object CMakeFiles/yolov8_msgs__rosidl_typesupport_c.dir/rosidl_typesupport_c/yolov8_msgs/msg/bounding_box3_d__type_support.cpp.o[0m
[ 34%] [32mBuilding CXX object CMakeFiles/yolov8_msgs__rosidl_typesupport_fastrtps_cpp.dir/rosidl_typesupport_fastrtps_cpp/yolov8_msgs/msg/detail/dds_fastrtps/pose2_d__type_support.cpp.o[0m
[ 35%] [32mBuilding CXX object CMakeFiles/yolov8_msgs__rosidl_typesupport_fastrtps_cpp.dir/rosidl_typesupport_fastrtps_cpp/yolov8_msgs/msg/detail/dds_fastrtps/bounding_box2_d__type_support.cpp.o[0m
[ 36%] [32mBuilding CXX object CMakeFiles/yolov8_msgs__rosidl_typesupport_c.dir/rosidl_typesupport_c/yolov8_msgs/msg/mask__type_support.cpp.o[0m
[ 37%] [32mBuilding CXX object CMakeFiles/yolov8_msgs__rosidl_typesupport_fastrtps_cpp.dir/rosidl_typesupport_fastrtps_cpp/yolov8_msgs/msg/detail/dds_fastrtps/iceberg_bounding_box2_d__type_support.cpp.o[0m
[ 38%] [32mBuilding CXX object CMakeFiles/yolov8_msgs__rosidl_typesupport_cpp.dir/rosidl_typesupport_cpp/yolov8_msgs/msg/key_point3_d_array__type_support.cpp.o[0m
[ 38%] [32mBuilding CXX object CMakeFiles/yolov8_msgs__rosidl_typesupport_fastrtps_cpp.dir/rosidl_typesupport_fastrtps_cpp/yolov8_msgs/msg/detail/dds_fastrtps/bounding_box3_d__type_support.cpp.o[0m
[ 38%] [32mBuilding CXX object CMakeFiles/yolov8_msgs__rosidl_typesupport_c.dir/rosidl_typesupport_c/yolov8_msgs/msg/key_point2_d__type_support.cpp.o[0m
[ 39%] [32mBuilding CXX object CMakeFiles/yolov8_msgs__rosidl_typesupport_fastrtps_cpp.dir/rosidl_typesupport_fastrtps_cpp/yolov8_msgs/msg/detail/dds_fastrtps/mask__type_support.cpp.o[0m
[ 40%] [32mBuilding CXX object CMakeFiles/yolov8_msgs__rosidl_typesupport_c.dir/rosidl_typesupport_c/yolov8_msgs/msg/key_point2_d_array__type_support.cpp.o[0m
[ 41%] [32mBuilding C object CMakeFiles/yolov8_msgs__rosidl_typesupport_introspection_c.dir/rosidl_typesupport_introspection_c/yolov8_msgs/msg/detail/point2_d__type_support.c.o[0m
[ 42%] [32mBuilding CXX object CMakeFiles/yolov8_msgs__rosidl_typesupport_fastrtps_c.dir/rosidl_typesupport_fastrtps_c/yolov8_msgs/msg/detail/point2_d__type_support_c.cpp.o[0m
[ 43%] [32mBuilding CXX object CMakeFiles/yolov8_msgs__rosidl_typesupport_c.dir/rosidl_typesupport_c/yolov8_msgs/msg/key_point3_d__type_support.cpp.o[0m
[ 43%] [32mBuilding C object CMakeFiles/yolov8_msgs__rosidl_typesupport_introspection_c.dir/rosidl_typesupport_introspection_c/yolov8_msgs/msg/detail/vector2__type_support.c.o[0m
[ 43%] [32mBuilding CXX object CMakeFiles/yolov8_msgs__rosidl_typesupport_c.dir/rosidl_typesupport_c/yolov8_msgs/msg/key_point3_d_array__type_support.cpp.o[0m
[ 44%] [32mBuilding CXX object CMakeFiles/yolov8_msgs__rosidl_typesupport_introspection_cpp.dir/rosidl_typesupport_introspection_cpp/yolov8_msgs/msg/detail/bounding_box3_d__type_support.cpp.o[0m
[ 44%] [32mBuilding CXX object CMakeFiles/yolov8_msgs__rosidl_typesupport_cpp.dir/rosidl_typesupport_cpp/yolov8_msgs/msg/detection__type_support.cpp.o[0m
[ 45%] [32mBuilding C object CMakeFiles/yolov8_msgs__rosidl_typesupport_introspection_c.dir/rosidl_typesupport_introspection_c/yolov8_msgs/msg/detail/pose2_d__type_support.c.o[0m
[ 46%] [32mBuilding CXX object CMakeFiles/yolov8_msgs__rosidl_typesupport_c.dir/rosidl_typesupport_c/yolov8_msgs/msg/detection__type_support.cpp.o[0m
[ 47%] [32mBuilding C object CMakeFiles/yolov8_msgs__rosidl_typesupport_introspection_c.dir/rosidl_typesupport_introspection_c/yolov8_msgs/msg/detail/bounding_box2_d__type_support.c.o[0m
[ 48%] [32mBuilding C object CMakeFiles/yolov8_msgs__rosidl_typesupport_introspection_c.dir/rosidl_typesupport_introspection_c/yolov8_msgs/msg/detail/iceberg_bounding_box2_d__type_support.c.o[0m
[ 49%] [32mBuilding CXX object CMakeFiles/yolov8_msgs__rosidl_typesupport_c.dir/rosidl_typesupport_c/yolov8_msgs/msg/detection_array__type_support.cpp.o[0m
[ 49%] [32mBuilding C object CMakeFiles/yolov8_msgs__rosidl_typesupport_introspection_c.dir/rosidl_typesupport_introspection_c/yolov8_msgs/msg/detail/bounding_box3_d__type_support.c.o[0m
[ 49%] [32mBuilding CXX object CMakeFiles/yolov8_msgs__rosidl_typesupport_c.dir/rosidl_typesupport_c/yolov8_msgs/msg/iceberg_detection__type_support.cpp.o[0m
[ 49%] [32mBuilding CXX object CMakeFiles/yolov8_msgs__rosidl_typesupport_fastrtps_c.dir/rosidl_typesupport_fastrtps_c/yolov8_msgs/msg/detail/vector2__type_support_c.cpp.o[0m
[ 50%] [32mBuilding CXX object CMakeFiles/yolov8_msgs__rosidl_typesupport_c.dir/rosidl_typesupport_c/yolov8_msgs/msg/iceberg_detection_array__type_support.cpp.o[0m
[ 51%] [32mBuilding C object CMakeFiles/yolov8_msgs__rosidl_typesupport_introspection_c.dir/rosidl_typesupport_introspection_c/yolov8_msgs/msg/detail/mask__type_support.c.o[0m
[ 51%] [32mBuilding CXX object CMakeFiles/yolov8_msgs__rosidl_typesupport_introspection_cpp.dir/rosidl_typesupport_introspection_cpp/yolov8_msgs/msg/detail/mask__type_support.cpp.o[0m
[ 52%] [32mBuilding CXX object CMakeFiles/yolov8_msgs__rosidl_typesupport_introspection_cpp.dir/rosidl_typesupport_introspection_cpp/yolov8_msgs/msg/detail/key_point2_d__type_support.cpp.o[0m
[ 53%] [32mBuilding C object CMakeFiles/yolov8_msgs__rosidl_typesupport_introspection_c.dir/rosidl_typesupport_introspection_c/yolov8_msgs/msg/detail/key_point2_d__type_support.c.o[0m
[ 54%] [32m[1mLinking CXX shared library libyolov8_msgs__rosidl_typesupport_c.so[0m
[ 55%] [32mBuilding CXX object CMakeFiles/yolov8_msgs__rosidl_typesupport_cpp.dir/rosidl_typesupport_cpp/yolov8_msgs/msg/detection_array__type_support.cpp.o[0m
[ 55%] [32mBuilding C object CMakeFiles/yolov8_msgs__rosidl_typesupport_introspection_c.dir/rosidl_typesupport_introspection_c/yolov8_msgs/msg/detail/key_point2_d_array__type_support.c.o[0m
[ 56%] [32mBuilding CXX object CMakeFiles/yolov8_msgs__rosidl_typesupport_introspection_cpp.dir/rosidl_typesupport_introspection_cpp/yolov8_msgs/msg/detail/key_point2_d_array__type_support.cpp.o[0m
[ 56%] Built target yolov8_msgs__rosidl_typesupport_c
[ 57%] [32mBuilding C object CMakeFiles/yolov8_msgs__rosidl_typesupport_introspection_c.dir/rosidl_typesupport_introspection_c/yolov8_msgs/msg/detail/key_point3_d__type_support.c.o[0m
[ 58%] [32mBuilding CXX object CMakeFiles/yolov8_msgs__rosidl_typesupport_cpp.dir/rosidl_typesupport_cpp/yolov8_msgs/msg/iceberg_detection__type_support.cpp.o[0m
[ 58%] [32mBuilding CXX object CMakeFiles/yolov8_msgs__rosidl_typesupport_introspection_cpp.dir/rosidl_typesupport_introspection_cpp/yolov8_msgs/msg/detail/key_point3_d__type_support.cpp.o[0m
[ 58%] [32mBuilding CXX object CMakeFiles/yolov8_msgs__rosidl_typesupport_cpp.dir/rosidl_typesupport_cpp/yolov8_msgs/msg/iceberg_detection_array__type_support.cpp.o[0m
[ 59%] [32mBuilding CXX object CMakeFiles/yolov8_msgs__rosidl_typesupport_fastrtps_cpp.dir/rosidl_typesupport_fastrtps_cpp/yolov8_msgs/msg/detail/dds_fastrtps/key_point2_d__type_support.cpp.o[0m
[ 60%] [32mBuilding CXX object CMakeFiles/yolov8_msgs__rosidl_typesupport_introspection_cpp.dir/rosidl_typesupport_introspection_cpp/yolov8_msgs/msg/detail/key_point3_d_array__type_support.cpp.o[0m
[ 61%] [32mBuilding C object CMakeFiles/yolov8_msgs__rosidl_typesupport_introspection_c.dir/rosidl_typesupport_introspection_c/yolov8_msgs/msg/detail/key_point3_d_array__type_support.c.o[0m
[ 61%] [32mBuilding C object CMakeFiles/yolov8_msgs__rosidl_typesupport_introspection_c.dir/rosidl_typesupport_introspection_c/yolov8_msgs/msg/detail/detection__type_support.c.o[0m
[ 62%] [32mBuilding C object CMakeFiles/yolov8_msgs__rosidl_typesupport_introspection_c.dir/rosidl_typesupport_introspection_c/yolov8_msgs/msg/detail/detection_array__type_support.c.o[0m
[ 63%] [32mBuilding C object CMakeFiles/yolov8_msgs__rosidl_typesupport_introspection_c.dir/rosidl_typesupport_introspection_c/yolov8_msgs/msg/detail/iceberg_detection__type_support.c.o[0m
[ 64%] [32mBuilding CXX object CMakeFiles/yolov8_msgs__rosidl_typesupport_fastrtps_c.dir/rosidl_typesupport_fastrtps_c/yolov8_msgs/msg/detail/pose2_d__type_support_c.cpp.o[0m
[ 64%] [32mBuilding CXX object CMakeFiles/yolov8_msgs__rosidl_typesupport_fastrtps_cpp.dir/rosidl_typesupport_fastrtps_cpp/yolov8_msgs/msg/detail/dds_fastrtps/key_point2_d_array__type_support.cpp.o[0m
[ 65%] [32mBuilding C object CMakeFiles/yolov8_msgs__rosidl_typesupport_introspection_c.dir/rosidl_typesupport_introspection_c/yolov8_msgs/msg/detail/iceberg_detection_array__type_support.c.o[0m
[ 66%] [32mBuilding CXX object CMakeFiles/yolov8_msgs__rosidl_typesupport_fastrtps_cpp.dir/rosidl_typesupport_fastrtps_cpp/yolov8_msgs/msg/detail/dds_fastrtps/key_point3_d__type_support.cpp.o[0m
[ 66%] [32m[1mLinking C shared library libyolov8_msgs__rosidl_typesupport_introspection_c.so[0m
[ 67%] [32mBuilding CXX object CMakeFiles/yolov8_msgs__rosidl_typesupport_fastrtps_c.dir/rosidl_typesupport_fastrtps_c/yolov8_msgs/msg/detail/bounding_box2_d__type_support_c.cpp.o[0m
[ 68%] [32mBuilding CXX object CMakeFiles/yolov8_msgs__rosidl_typesupport_introspection_cpp.dir/rosidl_typesupport_introspection_cpp/yolov8_msgs/msg/detail/detection__type_support.cpp.o[0m
[ 68%] [32mBuilding CXX object CMakeFiles/yolov8_msgs__rosidl_typesupport_introspection_cpp.dir/rosidl_typesupport_introspection_cpp/yolov8_msgs/msg/detail/detection_array__type_support.cpp.o[0m
[ 68%] Built target yolov8_msgs__rosidl_typesupport_introspection_c
[ 69%] [32m[1mLinking CXX shared library libyolov8_msgs__rosidl_typesupport_cpp.so[0m
[ 70%] [32mBuilding CXX object CMakeFiles/yolov8_msgs__rosidl_typesupport_introspection_cpp.dir/rosidl_typesupport_introspection_cpp/yolov8_msgs/msg/detail/iceberg_detection__type_support.cpp.o[0m
[ 71%] [32mBuilding CXX object CMakeFiles/yolov8_msgs__rosidl_typesupport_introspection_cpp.dir/rosidl_typesupport_introspection_cpp/yolov8_msgs/msg/detail/iceberg_detection_array__type_support.cpp.o[0m
[ 71%] Built target yolov8_msgs__rosidl_typesupport_cpp
[ 71%] [32mBuilding CXX object CMakeFiles/yolov8_msgs__rosidl_typesupport_fastrtps_c.dir/rosidl_typesupport_fastrtps_c/yolov8_msgs/msg/detail/iceberg_bounding_box2_d__type_support_c.cpp.o[0m
[ 72%] [32mBuilding CXX object CMakeFiles/yolov8_msgs__rosidl_typesupport_fastrtps_c.dir/rosidl_typesupport_fastrtps_c/yolov8_msgs/msg/detail/bounding_box3_d__type_support_c.cpp.o[0m
[ 73%] [32mBuilding CXX object CMakeFiles/yolov8_msgs__rosidl_typesupport_fastrtps_c.dir/rosidl_typesupport_fastrtps_c/yolov8_msgs/msg/detail/mask__type_support_c.cpp.o[0m
[ 74%] [32mBuilding CXX object CMakeFiles/yolov8_msgs__rosidl_typesupport_fastrtps_cpp.dir/rosidl_typesupport_fastrtps_cpp/yolov8_msgs/msg/detail/dds_fastrtps/key_point3_d_array__type_support.cpp.o[0m
[ 75%] [32mBuilding CXX object CMakeFiles/yolov8_msgs__rosidl_typesupport_fastrtps_cpp.dir/rosidl_typesupport_fastrtps_cpp/yolov8_msgs/msg/detail/dds_fastrtps/detection__type_support.cpp.o[0m
[ 75%] [32mBuilding CXX object CMakeFiles/yolov8_msgs__rosidl_typesupport_fastrtps_cpp.dir/rosidl_typesupport_fastrtps_cpp/yolov8_msgs/msg/detail/dds_fastrtps/detection_array__type_support.cpp.o[0m
[ 75%] [32mBuilding CXX object CMakeFiles/yolov8_msgs__rosidl_typesupport_fastrtps_c.dir/rosidl_typesupport_fastrtps_c/yolov8_msgs/msg/detail/key_point2_d__type_support_c.cpp.o[0m
[ 76%] [32mBuilding CXX object CMakeFiles/yolov8_msgs__rosidl_typesupport_fastrtps_c.dir/rosidl_typesupport_fastrtps_c/yolov8_msgs/msg/detail/key_point2_d_array__type_support_c.cpp.o[0m
[ 77%] [32mBuilding CXX object CMakeFiles/yolov8_msgs__rosidl_typesupport_fastrtps_cpp.dir/rosidl_typesupport_fastrtps_cpp/yolov8_msgs/msg/detail/dds_fastrtps/iceberg_detection__type_support.cpp.o[0m
[ 78%] [32mBuilding CXX object CMakeFiles/yolov8_msgs__rosidl_typesupport_fastrtps_cpp.dir/rosidl_typesupport_fastrtps_cpp/yolov8_msgs/msg/detail/dds_fastrtps/iceberg_detection_array__type_support.cpp.o[0m
[ 79%] [32mBuilding CXX object CMakeFiles/yolov8_msgs__rosidl_typesupport_fastrtps_c.dir/rosidl_typesupport_fastrtps_c/yolov8_msgs/msg/detail/key_point3_d__type_support_c.cpp.o[0m
[ 80%] [32mBuilding CXX object CMakeFiles/yolov8_msgs__rosidl_typesupport_fastrtps_c.dir/rosidl_typesupport_fastrtps_c/yolov8_msgs/msg/detail/key_point3_d_array__type_support_c.cpp.o[0m
[ 80%] [32mBuilding CXX object CMakeFiles/yolov8_msgs__rosidl_typesupport_fastrtps_c.dir/rosidl_typesupport_fastrtps_c/yolov8_msgs/msg/detail/detection__type_support_c.cpp.o[0m
[ 81%] [32mBuilding CXX object CMakeFiles/yolov8_msgs__rosidl_typesupport_fastrtps_c.dir/rosidl_typesupport_fastrtps_c/yolov8_msgs/msg/detail/detection_array__type_support_c.cpp.o[0m
[ 82%] [32mBuilding CXX object CMakeFiles/yolov8_msgs__rosidl_typesupport_fastrtps_c.dir/rosidl_typesupport_fastrtps_c/yolov8_msgs/msg/detail/iceberg_detection__type_support_c.cpp.o[0m
[ 83%] [32m[1mLinking CXX shared library libyolov8_msgs__rosidl_typesupport_introspection_cpp.so[0m
[ 83%] [32mBuilding CXX object CMakeFiles/yolov8_msgs__rosidl_typesupport_fastrtps_c.dir/rosidl_typesupport_fastrtps_c/yolov8_msgs/msg/detail/iceberg_detection_array__type_support_c.cpp.o[0m
[ 83%] Built target yolov8_msgs__rosidl_typesupport_introspection_cpp
[ 83%] [32m[1mLinking CXX shared library libyolov8_msgs__rosidl_typesupport_fastrtps_cpp.so[0m
[ 84%] [32m[1mLinking CXX shared library libyolov8_msgs__rosidl_typesupport_fastrtps_c.so[0m
[ 84%] Built target yolov8_msgs__rosidl_typesupport_fastrtps_cpp
[ 84%] Built target yolov8_msgs__rosidl_typesupport_fastrtps_c
[ 84%] Built target yolov8_msgs
[ 85%] [34m[1mGenerating Python code for ROS interfaces[0m
[ 85%] Built target yolov8_msgs__py
[ 86%] [32mBuilding C object CMakeFiles/yolov8_msgs__rosidl_generator_py.dir/rosidl_generator_py/yolov8_msgs/msg/_vector2_s.c.o[0m
[ 86%] [32mBuilding C object CMakeFiles/yolov8_msgs__rosidl_generator_py.dir/rosidl_generator_py/yolov8_msgs/msg/_point2_d_s.c.o[0m
[ 87%] [32mBuilding C object CMakeFiles/yolov8_msgs__rosidl_generator_py.dir/rosidl_generator_py/yolov8_msgs/msg/_bounding_box2_d_s.c.o[0m
[ 88%] [32mBuilding C object CMakeFiles/yolov8_msgs__rosidl_generator_py.dir/rosidl_generator_py/yolov8_msgs/msg/_pose2_d_s.c.o[0m
[ 88%] [32mBuilding C object CMakeFiles/yolov8_msgs__rosidl_generator_py.dir/rosidl_generator_py/yolov8_msgs/msg/_iceberg_bounding_box2_d_s.c.o[0m
[ 88%] [32mBuilding C object CMakeFiles/yolov8_msgs__rosidl_generator_py.dir/rosidl_generator_py/yolov8_msgs/msg/_key_point2_d_s.c.o[0m
[ 89%] [32mBuilding C object CMakeFiles/yolov8_msgs__rosidl_generator_py.dir/rosidl_generator_py/yolov8_msgs/msg/_key_point2_d_array_s.c.o[0m
[ 90%] [32mBuilding C object CMakeFiles/yolov8_msgs__rosidl_generator_py.dir/rosidl_generator_py/yolov8_msgs/msg/_key_point3_d_s.c.o[0m
[ 91%] [32mBuilding C object CMakeFiles/yolov8_msgs__rosidl_generator_py.dir/rosidl_generator_py/yolov8_msgs/msg/_mask_s.c.o[0m
[ 91%] [32mBuilding C object CMakeFiles/yolov8_msgs__rosidl_generator_py.dir/rosidl_generator_py/yolov8_msgs/msg/_key_point3_d_array_s.c.o[0m
[ 92%] [32mBuilding C object CMakeFiles/yolov8_msgs__rosidl_generator_py.dir/rosidl_generator_py/yolov8_msgs/msg/_bounding_box3_d_s.c.o[0m
[ 93%] [32mBuilding C object CMakeFiles/yolov8_msgs__rosidl_generator_py.dir/rosidl_generator_py/yolov8_msgs/msg/_detection_s.c.o[0m
[ 95%] [32mBuilding C object CMakeFiles/yolov8_msgs__rosidl_generator_py.dir/rosidl_generator_py/yolov8_msgs/msg/_detection_array_s.c.o[0m
[ 95%] [32mBuilding C object CMakeFiles/yolov8_msgs__rosidl_generator_py.dir/rosidl_generator_py/yolov8_msgs/msg/_iceberg_detection_array_s.c.o[0m
[ 95%] [32mBuilding C object CMakeFiles/yolov8_msgs__rosidl_generator_py.dir/rosidl_generator_py/yolov8_msgs/msg/_iceberg_detection_s.c.o[0m
[ 96%] [32m[1mLinking C shared library rosidl_generator_py/yolov8_msgs/libyolov8_msgs__rosidl_generator_py.so[0m
[ 96%] Built target yolov8_msgs__rosidl_generator_py
[ 99%] [32mBuilding C object CMakeFiles/yolov8_msgs__rosidl_typesupport_fastrtps_c__pyext.dir/rosidl_generator_py/yolov8_msgs/_yolov8_msgs_s.ep.rosidl_typesupport_fastrtps_c.c.o[0m
[ 99%] [32mBuilding C object CMakeFiles/yolov8_msgs__rosidl_typesupport_introspection_c__pyext.dir/rosidl_generator_py/yolov8_msgs/_yolov8_msgs_s.ep.rosidl_typesupport_introspection_c.c.o[0m
[ 99%] [32mBuilding C object CMakeFiles/yolov8_msgs__rosidl_typesupport_c__pyext.dir/rosidl_generator_py/yolov8_msgs/_yolov8_msgs_s.ep.rosidl_typesupport_c.c.o[0m
[ 99%] [32m[1mLinking C shared library rosidl_generator_py/yolov8_msgs/yolov8_msgs_s__rosidl_typesupport_fastrtps_c.cpython-310-x86_64-linux-gnu.so[0m
[100%] [32m[1mLinking C shared library rosidl_generator_py/yolov8_msgs/yolov8_msgs_s__rosidl_typesupport_introspection_c.cpython-310-x86_64-linux-gnu.so[0m
[100%] [32m[1mLinking C shared library rosidl_generator_py/yolov8_msgs/yolov8_msgs_s__rosidl_typesupport_c.cpython-310-x86_64-linux-gnu.so[0m
[100%] Built target yolov8_msgs__rosidl_typesupport_fastrtps_c__pyext
[100%] Built target yolov8_msgs__rosidl_typesupport_introspection_c__pyext
[100%] Built target yolov8_msgs__rosidl_typesupport_c__pyext
-- Install configuration: ""
-- Installing: /home/robert/Projects/ros_ws/src/general/install/yolov8_msgs/share/ament_index/resource_index/rosidl_interfaces/yolov8_msgs
-- Installing: /home/robert/Projects/ros_ws/src/general/install/yolov8_msgs/include/yolov8_msgs/yolov8_msgs
-- Installing: /home/robert/Projects/ros_ws/src/general/install/yolov8_msgs/include/yolov8_msgs/yolov8_msgs/msg
-- Installing: /home/robert/Projects/ros_ws/src/general/install/yolov8_msgs/include/yolov8_msgs/yolov8_msgs/msg/detail
-- Installing: /home/robert/Projects/ros_ws/src/general/install/yolov8_msgs/include/yolov8_msgs/yolov8_msgs/msg/detail/pose2_d__functions.c
-- Installing: /home/robert/Projects/ros_ws/src/general/install/yolov8_msgs/include/yolov8_msgs/yolov8_msgs/msg/detail/key_point2_d_array__struct.h
-- Installing: /home/robert/Projects/ros_ws/src/general/install/yolov8_msgs/include/yolov8_msgs/yolov8_msgs/msg/detail/key_point3_d__struct.h
-- Installing: /home/robert/Projects/ros_ws/src/general/install/yolov8_msgs/include/yolov8_msgs/yolov8_msgs/msg/detail/iceberg_detection_array__struct.h
-- Installing: /home/robert/Projects/ros_ws/src/general/install/yolov8_msgs/include/yolov8_msgs/yolov8_msgs/msg/detail/pose2_d__struct.h
-- Installing: /home/robert/Projects/ros_ws/src/general/install/yolov8_msgs/include/yolov8_msgs/yolov8_msgs/msg/detail/detection__functions.h
-- Installing: /home/robert/Projects/ros_ws/src/general/install/yolov8_msgs/include/yolov8_msgs/yolov8_msgs/msg/detail/iceberg_detection__struct.h
-- Installing: /home/robert/Projects/ros_ws/src/general/install/yolov8_msgs/include/yolov8_msgs/yolov8_msgs/msg/detail/bounding_box3_d__functions.c
-- Installing: /home/robert/Projects/ros_ws/src/general/install/yolov8_msgs/include/yolov8_msgs/yolov8_msgs/msg/detail/detection_array__struct.h
-- Installing: /home/robert/Projects/ros_ws/src/general/install/yolov8_msgs/include/yolov8_msgs/yolov8_msgs/msg/detail/bounding_box3_d__type_support.h
-- Installing: /home/robert/Projects/ros_ws/src/general/install/yolov8_msgs/include/yolov8_msgs/yolov8_msgs/msg/detail/iceberg_detection_array__functions.c
-- Installing: /home/robert/Projects/ros_ws/src/general/install/yolov8_msgs/include/yolov8_msgs/yolov8_msgs/msg/detail/vector2__functions.c
-- Installing: /home/robert/Projects/ros_ws/src/general/install/yolov8_msgs/include/yolov8_msgs/yolov8_msgs/msg/detail/key_point2_d_array__functions.c
-- Installing: /home/robert/Projects/ros_ws/src/general/install/yolov8_msgs/include/yolov8_msgs/yolov8_msgs/msg/detail/iceberg_detection_array__type_support.h
-- Installing: /home/robert/Projects/ros_ws/src/general/install/yolov8_msgs/include/yolov8_msgs/yolov8_msgs/msg/detail/key_point3_d__functions.c
-- Installing: /home/robert/Projects/ros_ws/src/general/install/yolov8_msgs/include/yolov8_msgs/yolov8_msgs/msg/detail/detection_array__functions.h
-- Installing: /home/robert/Projects/ros_ws/src/general/install/yolov8_msgs/include/yolov8_msgs/yolov8_msgs/msg/detail/mask__type_support.h
-- Installing: /home/robert/Projects/ros_ws/src/general/install/yolov8_msgs/include/yolov8_msgs/yolov8_msgs/msg/detail/mask__functions.c
-- Installing: /home/robert/Projects/ros_ws/src/general/install/yolov8_msgs/include/yolov8_msgs/yolov8_msgs/msg/detail/bounding_box2_d__functions.h
-- Installing: /home/robert/Projects/ros_ws/src/general/install/yolov8_msgs/include/yolov8_msgs/yolov8_msgs/msg/detail/key_point2_d__functions.c
-- Installing: /home/robert/Projects/ros_ws/src/general/install/yolov8_msgs/include/yolov8_msgs/yolov8_msgs/msg/detail/detection__type_support.h
-- Installing: /home/robert/Projects/ros_ws/src/general/install/yolov8_msgs/include/yolov8_msgs/yolov8_msgs/msg/detail/bounding_box2_d__type_support.h
-- Installing: /home/robert/Projects/ros_ws/src/general/install/yolov8_msgs/include/yolov8_msgs/yolov8_msgs/msg/detail/pose2_d__type_support.h
-- Installing: /home/robert/Projects/ros_ws/src/general/install/yolov8_msgs/include/yolov8_msgs/yolov8_msgs/msg/detail/point2_d__type_support.h
-- Installing: /home/robert/Projects/ros_ws/src/general/install/yolov8_msgs/include/yolov8_msgs/yolov8_msgs/msg/detail/bounding_box2_d__functions.c
-- Installing: /home/robert/Projects/ros_ws/src/general/install/yolov8_msgs/include/yolov8_msgs/yolov8_msgs/msg/detail/key_point2_d__functions.h
-- Installing: /home/robert/Projects/ros_ws/src/general/install/yolov8_msgs/include/yolov8_msgs/yolov8_msgs/msg/detail/bounding_box2_d__struct.h
-- Installing: /home/robert/Projects/ros_ws/src/general/install/yolov8_msgs/include/yolov8_msgs/yolov8_msgs/msg/detail/point2_d__functions.h
-- Installing: /home/robert/Projects/ros_ws/src/general/install/yolov8_msgs/include/yolov8_msgs/yolov8_msgs/msg/detail/key_point3_d_array__type_support.h
-- Installing: /home/robert/Projects/ros_ws/src/general/install/yolov8_msgs/include/yolov8_msgs/yolov8_msgs/msg/detail/key_point2_d_array__functions.h
-- Installing: /home/robert/Projects/ros_ws/src/general/install/yolov8_msgs/include/yolov8_msgs/yolov8_msgs/msg/detail/vector2__type_support.h
-- Installing: /home/robert/Projects/ros_ws/src/general/install/yolov8_msgs/include/yolov8_msgs/yolov8_msgs/msg/detail/iceberg_detection__functions.c
-- Installing: /home/robert/Projects/ros_ws/src/general/install/yolov8_msgs/include/yolov8_msgs/yolov8_msgs/msg/detail/key_point2_d_array__type_support.h
-- Installing: /home/robert/Projects/ros_ws/src/general/install/yolov8_msgs/include/yolov8_msgs/yolov8_msgs/msg/detail/key_point3_d_array__functions.h
-- Installing: /home/robert/Projects/ros_ws/src/general/install/yolov8_msgs/include/yolov8_msgs/yolov8_msgs/msg/detail/detection__functions.c
-- Installing: /home/robert/Projects/ros_ws/src/general/install/yolov8_msgs/include/yolov8_msgs/yolov8_msgs/msg/detail/detection_array__functions.c
-- Installing: /home/robert/Projects/ros_ws/src/general/install/yolov8_msgs/include/yolov8_msgs/yolov8_msgs/msg/detail/iceberg_bounding_box2_d__struct.h
-- Installing: /home/robert/Projects/ros_ws/src/general/install/yolov8_msgs/include/yolov8_msgs/yolov8_msgs/msg/detail/key_point3_d__type_support.h
-- Installing: /home/robert/Projects/ros_ws/src/general/install/yolov8_msgs/include/yolov8_msgs/yolov8_msgs/msg/detail/iceberg_bounding_box2_d__functions.h
-- Installing: /home/robert/Projects/ros_ws/src/general/install/yolov8_msgs/include/yolov8_msgs/yolov8_msgs/msg/detail/key_point3_d_array__struct.h
-- Installing: /home/robert/Projects/ros_ws/src/general/install/yolov8_msgs/include/yolov8_msgs/yolov8_msgs/msg/detail/detection__struct.h
-- Installing: /home/robert/Projects/ros_ws/src/general/install/yolov8_msgs/include/yolov8_msgs/yolov8_msgs/msg/detail/pose2_d__functions.h
-- Installing: /home/robert/Projects/ros_ws/src/general/install/yolov8_msgs/include/yolov8_msgs/yolov8_msgs/msg/detail/iceberg_bounding_box2_d__type_support.h
-- Installing: /home/robert/Projects/ros_ws/src/general/install/yolov8_msgs/include/yolov8_msgs/yolov8_msgs/msg/detail/iceberg_detection_array__functions.h
-- Installing: /home/robert/Projects/ros_ws/src/general/install/yolov8_msgs/include/yolov8_msgs/yolov8_msgs/msg/detail/vector2__struct.h
-- Installing: /home/robert/Projects/ros_ws/src/general/install/yolov8_msgs/include/yolov8_msgs/yolov8_msgs/msg/detail/key_point3_d_array__functions.c
-- Installing: /home/robert/Projects/ros_ws/src/general/install/yolov8_msgs/include/yolov8_msgs/yolov8_msgs/msg/detail/point2_d__functions.c
-- Installing: /home/robert/Projects/ros_ws/src/general/install/yolov8_msgs/include/yolov8_msgs/yolov8_msgs/msg/detail/iceberg_detection__functions.h
-- Installing: /home/robert/Projects/ros_ws/src/general/install/yolov8_msgs/include/yolov8_msgs/yolov8_msgs/msg/detail/iceberg_detection__type_support.h
-- Installing: /home/robert/Projects/ros_ws/src/general/install/yolov8_msgs/include/yolov8_msgs/yolov8_msgs/msg/detail/vector2__functions.h
-- Installing: /home/robert/Projects/ros_ws/src/general/install/yolov8_msgs/include/yolov8_msgs/yolov8_msgs/msg/detail/mask__struct.h
-- Installing: /home/robert/Projects/ros_ws/src/general/install/yolov8_msgs/include/yolov8_msgs/yolov8_msgs/msg/detail/key_point3_d__functions.h
-- Installing: /home/robert/Projects/ros_ws/src/general/install/yolov8_msgs/include/yolov8_msgs/yolov8_msgs/msg/detail/mask__functions.h
-- Installing: /home/robert/Projects/ros_ws/src/general/install/yolov8_msgs/include/yolov8_msgs/yolov8_msgs/msg/detail/point2_d__struct.h
-- Installing: /home/robert/Projects/ros_ws/src/general/install/yolov8_msgs/include/yolov8_msgs/yolov8_msgs/msg/detail/iceberg_bounding_box2_d__functions.c
-- Installing: /home/robert/Projects/ros_ws/src/general/install/yolov8_msgs/include/yolov8_msgs/yolov8_msgs/msg/detail/key_point2_d__type_support.h
-- Installing: /home/robert/Projects/ros_ws/src/general/install/yolov8_msgs/include/yolov8_msgs/yolov8_msgs/msg/detail/bounding_box3_d__functions.h
-- Installing: /home/robert/Projects/ros_ws/src/general/install/yolov8_msgs/include/yolov8_msgs/yolov8_msgs/msg/detail/key_point2_d__struct.h
-- Installing: /home/robert/Projects/ros_ws/src/general/install/yolov8_msgs/include/yolov8_msgs/yolov8_msgs/msg/detail/detection_array__type_support.h
-- Installing: /home/robert/Projects/ros_ws/src/general/install/yolov8_msgs/include/yolov8_msgs/yolov8_msgs/msg/detail/bounding_box3_d__struct.h
-- Installing: /home/robert/Projects/ros_ws/src/general/install/yolov8_msgs/include/yolov8_msgs/yolov8_msgs/msg/mask.h
-- Installing: /home/robert/Projects/ros_ws/src/general/install/yolov8_msgs/include/yolov8_msgs/yolov8_msgs/msg/bounding_box2_d.h
-- Installing: /home/robert/Projects/ros_ws/src/general/install/yolov8_msgs/include/yolov8_msgs/yolov8_msgs/msg/vector2.h
-- Installing: /home/robert/Projects/ros_ws/src/general/install/yolov8_msgs/include/yolov8_msgs/yolov8_msgs/msg/key_point3_d_array.h
-- Installing: /home/robert/Projects/ros_ws/src/general/install/yolov8_msgs/include/yolov8_msgs/yolov8_msgs/msg/iceberg_detection_array.h
-- Installing: /home/robert/Projects/ros_ws/src/general/install/yolov8_msgs/include/yolov8_msgs/yolov8_msgs/msg/key_point2_d.h
-- Installing: /home/robert/Projects/ros_ws/src/general/install/yolov8_msgs/include/yolov8_msgs/yolov8_msgs/msg/point2_d.h
-- Installing: /home/robert/Projects/ros_ws/src/general/install/yolov8_msgs/include/yolov8_msgs/yolov8_msgs/msg/key_point3_d.h
-- Installing: /home/robert/Projects/ros_ws/src/general/install/yolov8_msgs/include/yolov8_msgs/yolov8_msgs/msg/pose2_d.h
-- Installing: /home/robert/Projects/ros_ws/src/general/install/yolov8_msgs/include/yolov8_msgs/yolov8_msgs/msg/key_point2_d_array.h
-- Installing: /home/robert/Projects/ros_ws/src/general/install/yolov8_msgs/include/yolov8_msgs/yolov8_msgs/msg/detection_array.h
-- Installing: /home/robert/Projects/ros_ws/src/general/install/yolov8_msgs/include/yolov8_msgs/yolov8_msgs/msg/bounding_box3_d.h
-- Installing: /home/robert/Projects/ros_ws/src/general/install/yolov8_msgs/include/yolov8_msgs/yolov8_msgs/msg/iceberg_detection.h
-- Installing: /home/robert/Projects/ros_ws/src/general/install/yolov8_msgs/include/yolov8_msgs/yolov8_msgs/msg/detection.h
-- Installing: /home/robert/Projects/ros_ws/src/general/install/yolov8_msgs/include/yolov8_msgs/yolov8_msgs/msg/rosidl_generator_c__visibility_control.h
-- Installing: /home/robert/Projects/ros_ws/src/general/install/yolov8_msgs/include/yolov8_msgs/yolov8_msgs/msg/iceberg_bounding_box2_d.h
-- Installing: /home/robert/Projects/ros_ws/src/general/install/yolov8_msgs/share/yolov8_msgs/environment/library_path.sh
-- Installing: /home/robert/Projects/ros_ws/src/general/install/yolov8_msgs/share/yolov8_msgs/environment/library_path.dsv
-- Installing: /home/robert/Projects/ros_ws/src/general/install/yolov8_msgs/lib/libyolov8_msgs__rosidl_generator_c.so
-- Set runtime path of "/home/robert/Projects/ros_ws/src/general/install/yolov8_msgs/lib/libyolov8_msgs__rosidl_generator_c.so" to ""
-- Up-to-date: /home/robert/Projects/ros_ws/src/general/install/yolov8_msgs/include/yolov8_msgs/yolov8_msgs
-- Up-to-date: /home/robert/Projects/ros_ws/src/general/install/yolov8_msgs/include/yolov8_msgs/yolov8_msgs/msg
-- Up-to-date: /home/robert/Projects/ros_ws/src/general/install/yolov8_msgs/include/yolov8_msgs/yolov8_msgs/msg/detail
-- Installing: /home/robert/Projects/ros_ws/src/general/install/yolov8_msgs/include/yolov8_msgs/yolov8_msgs/msg/detail/mask__rosidl_typesupport_fastrtps_c.h
-- Installing: /home/robert/Projects/ros_ws/src/general/install/yolov8_msgs/include/yolov8_msgs/yolov8_msgs/msg/detail/detection_array__rosidl_typesupport_fastrtps_c.h
-- Installing: /home/robert/Projects/ros_ws/src/general/install/yolov8_msgs/include/yolov8_msgs/yolov8_msgs/msg/detail/iceberg_detection_array__rosidl_typesupport_fastrtps_c.h
-- Installing: /home/robert/Projects/ros_ws/src/general/install/yolov8_msgs/include/yolov8_msgs/yolov8_msgs/msg/detail/iceberg_detection__rosidl_typesupport_fastrtps_c.h
-- Installing: /home/robert/Projects/ros_ws/src/general/install/yolov8_msgs/include/yolov8_msgs/yolov8_msgs/msg/detail/key_point3_d_array__rosidl_typesupport_fastrtps_c.h
-- Installing: /home/robert/Projects/ros_ws/src/general/install/yolov8_msgs/include/yolov8_msgs/yolov8_msgs/msg/detail/point2_d__rosidl_typesupport_fastrtps_c.h
-- Installing: /home/robert/Projects/ros_ws/src/general/install/yolov8_msgs/include/yolov8_msgs/yolov8_msgs/msg/detail/vector2__rosidl_typesupport_fastrtps_c.h
-- Installing: /home/robert/Projects/ros_ws/src/general/install/yolov8_msgs/include/yolov8_msgs/yolov8_msgs/msg/detail/key_point2_d_array__rosidl_typesupport_fastrtps_c.h
-- Installing: /home/robert/Projects/ros_ws/src/general/install/yolov8_msgs/include/yolov8_msgs/yolov8_msgs/msg/detail/pose2_d__rosidl_typesupport_fastrtps_c.h
-- Installing: /home/robert/Projects/ros_ws/src/general/install/yolov8_msgs/include/yolov8_msgs/yolov8_msgs/msg/detail/bounding_box2_d__rosidl_typesupport_fastrtps_c.h
-- Installing: /home/robert/Projects/ros_ws/src/general/install/yolov8_msgs/include/yolov8_msgs/yolov8_msgs/msg/detail/detection__rosidl_typesupport_fastrtps_c.h
-- Installing: /home/robert/Projects/ros_ws/src/general/install/yolov8_msgs/include/yolov8_msgs/yolov8_msgs/msg/detail/iceberg_bounding_box2_d__rosidl_typesupport_fastrtps_c.h
-- Installing: /home/robert/Projects/ros_ws/src/general/install/yolov8_msgs/include/yolov8_msgs/yolov8_msgs/msg/detail/key_point3_d__rosidl_typesupport_fastrtps_c.h
-- Installing: /home/robert/Projects/ros_ws/src/general/install/yolov8_msgs/include/yolov8_msgs/yolov8_msgs/msg/detail/bounding_box3_d__rosidl_typesupport_fastrtps_c.h
-- Installing: /home/robert/Projects/ros_ws/src/general/install/yolov8_msgs/include/yolov8_msgs/yolov8_msgs/msg/detail/key_point2_d__rosidl_typesupport_fastrtps_c.h
-- Installing: /home/robert/Projects/ros_ws/src/general/install/yolov8_msgs/include/yolov8_msgs/yolov8_msgs/msg/rosidl_typesupport_fastrtps_c__visibility_control.h
-- Installing: /home/robert/Projects/ros_ws/src/general/install/yolov8_msgs/lib/libyolov8_msgs__rosidl_typesupport_fastrtps_c.so
-- Set runtime path of "/home/robert/Projects/ros_ws/src/general/install/yolov8_msgs/lib/libyolov8_msgs__rosidl_typesupport_fastrtps_c.so" to ""
-- Up-to-date: /home/robert/Projects/ros_ws/src/general/install/yolov8_msgs/include/yolov8_msgs/yolov8_msgs
-- Up-to-date: /home/robert/Projects/ros_ws/src/general/install/yolov8_msgs/include/yolov8_msgs/yolov8_msgs/msg
-- Up-to-date: /home/robert/Projects/ros_ws/src/general/install/yolov8_msgs/include/yolov8_msgs/yolov8_msgs/msg/detail
-- Installing: /home/robert/Projects/ros_ws/src/general/install/yolov8_msgs/include/yolov8_msgs/yolov8_msgs/msg/detail/iceberg_bounding_box2_d__rosidl_typesupport_introspection_c.h
-- Installing: /home/robert/Projects/ros_ws/src/general/install/yolov8_msgs/include/yolov8_msgs/yolov8_msgs/msg/detail/key_point2_d__type_support.c
-- Installing: /home/robert/Projects/ros_ws/src/general/install/yolov8_msgs/include/yolov8_msgs/yolov8_msgs/msg/detail/key_point3_d_array__rosidl_typesupport_introspection_c.h
-- Installing: /home/robert/Projects/ros_ws/src/general/install/yolov8_msgs/include/yolov8_msgs/yolov8_msgs/msg/detail/pose2_d__type_support.c
-- Installing: /home/robert/Projects/ros_ws/src/general/install/yolov8_msgs/include/yolov8_msgs/yolov8_msgs/msg/detail/iceberg_detection__type_support.c
-- Installing: /home/robert/Projects/ros_ws/src/general/install/yolov8_msgs/include/yolov8_msgs/yolov8_msgs/msg/detail/detection__type_support.c
-- Installing: /home/robert/Projects/ros_ws/src/general/install/yolov8_msgs/include/yolov8_msgs/yolov8_msgs/msg/detail/pose2_d__rosidl_typesupport_introspection_c.h
-- Installing: /home/robert/Projects/ros_ws/src/general/install/yolov8_msgs/include/yolov8_msgs/yolov8_msgs/msg/detail/mask__rosidl_typesupport_introspection_c.h
-- Installing: /home/robert/Projects/ros_ws/src/general/install/yolov8_msgs/include/yolov8_msgs/yolov8_msgs/msg/detail/detection_array__type_support.c
-- Installing: /home/robert/Projects/ros_ws/src/general/install/yolov8_msgs/include/yolov8_msgs/yolov8_msgs/msg/detail/key_point2_d__rosidl_typesupport_introspection_c.h
-- Installing: /home/robert/Projects/ros_ws/src/general/install/yolov8_msgs/include/yolov8_msgs/yolov8_msgs/msg/detail/bounding_box2_d__rosidl_typesupport_introspection_c.h
-- Installing: /home/robert/Projects/ros_ws/src/general/install/yolov8_msgs/include/yolov8_msgs/yolov8_msgs/msg/detail/vector2__rosidl_typesupport_introspection_c.h
-- Installing: /home/robert/Projects/ros_ws/src/general/install/yolov8_msgs/include/yolov8_msgs/yolov8_msgs/msg/detail/key_point3_d__type_support.c
-- Installing: /home/robert/Projects/ros_ws/src/general/install/yolov8_msgs/include/yolov8_msgs/yolov8_msgs/msg/detail/iceberg_bounding_box2_d__type_support.c
-- Installing: /home/robert/Projects/ros_ws/src/general/install/yolov8_msgs/include/yolov8_msgs/yolov8_msgs/msg/detail/bounding_box2_d__type_support.c
-- Installing: /home/robert/Projects/ros_ws/src/general/install/yolov8_msgs/include/yolov8_msgs/yolov8_msgs/msg/detail/key_point3_d_array__type_support.c
-- Installing: /home/robert/Projects/ros_ws/src/general/install/yolov8_msgs/include/yolov8_msgs/yolov8_msgs/msg/detail/detection__rosidl_typesupport_introspection_c.h
-- Installing: /home/robert/Projects/ros_ws/src/general/install/yolov8_msgs/include/yolov8_msgs/yolov8_msgs/msg/detail/iceberg_detection_array__type_support.c
-- Installing: /home/robert/Projects/ros_ws/src/general/install/yolov8_msgs/include/yolov8_msgs/yolov8_msgs/msg/detail/key_point2_d_array__type_support.c
-- Installing: /home/robert/Projects/ros_ws/src/general/install/yolov8_msgs/include/yolov8_msgs/yolov8_msgs/msg/detail/mask__type_support.c
-- Installing: /home/robert/Projects/ros_ws/src/general/install/yolov8_msgs/include/yolov8_msgs/yolov8_msgs/msg/detail/iceberg_detection_array__rosidl_typesupport_introspection_c.h
-- Installing: /home/robert/Projects/ros_ws/src/general/install/yolov8_msgs/include/yolov8_msgs/yolov8_msgs/msg/detail/key_point3_d__rosidl_typesupport_introspection_c.h
-- Installing: /home/robert/Projects/ros_ws/src/general/install/yolov8_msgs/include/yolov8_msgs/yolov8_msgs/msg/detail/bounding_box3_d__type_support.c
-- Installing: /home/robert/Projects/ros_ws/src/general/install/yolov8_msgs/include/yolov8_msgs/yolov8_msgs/msg/detail/detection_array__rosidl_typesupport_introspection_c.h
-- Installing: /home/robert/Projects/ros_ws/src/general/install/yolov8_msgs/include/yolov8_msgs/yolov8_msgs/msg/detail/iceberg_detection__rosidl_typesupport_introspection_c.h
-- Installing: /home/robert/Projects/ros_ws/src/general/install/yolov8_msgs/include/yolov8_msgs/yolov8_msgs/msg/detail/bounding_box3_d__rosidl_typesupport_introspection_c.h
-- Installing: /home/robert/Projects/ros_ws/src/general/install/yolov8_msgs/include/yolov8_msgs/yolov8_msgs/msg/detail/point2_d__type_support.c
-- Installing: /home/robert/Projects/ros_ws/src/general/install/yolov8_msgs/include/yolov8_msgs/yolov8_msgs/msg/detail/key_point2_d_array__rosidl_typesupport_introspection_c.h
-- Installing: /home/robert/Projects/ros_ws/src/general/install/yolov8_msgs/include/yolov8_msgs/yolov8_msgs/msg/detail/vector2__type_support.c
-- Installing: /home/robert/Projects/ros_ws/src/general/install/yolov8_msgs/include/yolov8_msgs/yolov8_msgs/msg/detail/point2_d__rosidl_typesupport_introspection_c.h
-- Installing: /home/robert/Projects/ros_ws/src/general/install/yolov8_msgs/include/yolov8_msgs/yolov8_msgs/msg/rosidl_typesupport_introspection_c__visibility_control.h
-- Installing: /home/robert/Projects/ros_ws/src/general/install/yolov8_msgs/lib/libyolov8_msgs__rosidl_typesupport_introspection_c.so
-- Set runtime path of "/home/robert/Projects/ros_ws/src/general/install/yolov8_msgs/lib/libyolov8_msgs__rosidl_typesupport_introspection_c.so" to ""
-- Installing: /home/robert/Projects/ros_ws/src/general/install/yolov8_msgs/lib/libyolov8_msgs__rosidl_typesupport_c.so
-- Set runtime path of "/home/robert/Projects/ros_ws/src/general/install/yolov8_msgs/lib/libyolov8_msgs__rosidl_typesupport_c.so" to ""
-- Up-to-date: /home/robert/Projects/ros_ws/src/general/install/yolov8_msgs/include/yolov8_msgs/yolov8_msgs
-- Up-to-date: /home/robert/Projects/ros_ws/src/general/install/yolov8_msgs/include/yolov8_msgs/yolov8_msgs/msg
-- Up-to-date: /home/robert/Projects/ros_ws/src/general/install/yolov8_msgs/include/yolov8_msgs/yolov8_msgs/msg/detail
-- Installing: /home/robert/Projects/ros_ws/src/general/install/yolov8_msgs/include/yolov8_msgs/yolov8_msgs/msg/detail/vector2__type_support.hpp
-- Installing: /home/robert/Projects/ros_ws/src/general/install/yolov8_msgs/include/yolov8_msgs/yolov8_msgs/msg/detail/iceberg_bounding_box2_d__type_support.hpp
-- Installing: /home/robert/Projects/ros_ws/src/general/install/yolov8_msgs/include/yolov8_msgs/yolov8_msgs/msg/detail/key_point3_d_array__type_support.hpp
-- Installing: /home/robert/Projects/ros_ws/src/general/install/yolov8_msgs/include/yolov8_msgs/yolov8_msgs/msg/detail/key_point2_d_array__builder.hpp
-- Installing: /home/robert/Projects/ros_ws/src/general/install/yolov8_msgs/include/yolov8_msgs/yolov8_msgs/msg/detail/point2_d__struct.hpp
-- Installing: /home/robert/Projects/ros_ws/src/general/install/yolov8_msgs/include/yolov8_msgs/yolov8_msgs/msg/detail/bounding_box3_d__builder.hpp
-- Installing: /home/robert/Projects/ros_ws/src/general/install/yolov8_msgs/include/yolov8_msgs/yolov8_msgs/msg/detail/bounding_box2_d__type_support.hpp
-- Installing: /home/robert/Projects/ros_ws/src/general/install/yolov8_msgs/include/yolov8_msgs/yolov8_msgs/msg/detail/bounding_box2_d__struct.hpp
-- Installing: /home/robert/Projects/ros_ws/src/general/install/yolov8_msgs/include/yolov8_msgs/yolov8_msgs/msg/detail/key_point2_d_array__struct.hpp
-- Installing: /home/robert/Projects/ros_ws/src/general/install/yolov8_msgs/include/yolov8_msgs/yolov8_msgs/msg/detail/bounding_box3_d__type_support.hpp
-- Installing: /home/robert/Projects/ros_ws/src/general/install/yolov8_msgs/include/yolov8_msgs/yolov8_msgs/msg/detail/bounding_box3_d__traits.hpp
-- Installing: /home/robert/Projects/ros_ws/src/general/install/yolov8_msgs/include/yolov8_msgs/yolov8_msgs/msg/detail/bounding_box3_d__struct.hpp
-- Installing: /home/robert/Projects/ros_ws/src/general/install/yolov8_msgs/include/yolov8_msgs/yolov8_msgs/msg/detail/key_point3_d__builder.hpp
-- Installing: /home/robert/Projects/ros_ws/src/general/install/yolov8_msgs/include/yolov8_msgs/yolov8_msgs/msg/detail/key_point3_d__struct.hpp
-- Installing: /home/robert/Projects/ros_ws/src/general/install/yolov8_msgs/include/yolov8_msgs/yolov8_msgs/msg/detail/iceberg_detection_array__builder.hpp
-- Installing: /home/robert/Projects/ros_ws/src/general/install/yolov8_msgs/include/yolov8_msgs/yolov8_msgs/msg/detail/mask__builder.hpp
-- Installing: /home/robert/Projects/ros_ws/src/general/install/yolov8_msgs/include/yolov8_msgs/yolov8_msgs/msg/detail/pose2_d__type_support.hpp
-- Installing: /home/robert/Projects/ros_ws/src/general/install/yolov8_msgs/include/yolov8_msgs/yolov8_msgs/msg/detail/pose2_d__struct.hpp
-- Installing: /home/robert/Projects/ros_ws/src/general/install/yolov8_msgs/include/yolov8_msgs/yolov8_msgs/msg/detail/detection__builder.hpp
-- Installing: /home/robert/Projects/ros_ws/src/general/install/yolov8_msgs/include/yolov8_msgs/yolov8_msgs/msg/detail/detection_array__struct.hpp
-- Installing: /home/robert/Projects/ros_ws/src/general/install/yolov8_msgs/include/yolov8_msgs/yolov8_msgs/msg/detail/key_point2_d__type_support.hpp
-- Installing: /home/robert/Projects/ros_ws/src/general/install/yolov8_msgs/include/yolov8_msgs/yolov8_msgs/msg/detail/iceberg_detection__traits.hpp
-- Installing: /home/robert/Projects/ros_ws/src/general/install/yolov8_msgs/include/yolov8_msgs/yolov8_msgs/msg/detail/key_point3_d__type_support.hpp
-- Installing: /home/robert/Projects/ros_ws/src/general/install/yolov8_msgs/include/yolov8_msgs/yolov8_msgs/msg/detail/pose2_d__traits.hpp
-- Installing: /home/robert/Projects/ros_ws/src/general/install/yolov8_msgs/include/yolov8_msgs/yolov8_msgs/msg/detail/mask__traits.hpp
-- Installing: /home/robert/Projects/ros_ws/src/general/install/yolov8_msgs/include/yolov8_msgs/yolov8_msgs/msg/detail/detection_array__type_support.hpp
-- Installing: /home/robert/Projects/ros_ws/src/general/install/yolov8_msgs/include/yolov8_msgs/yolov8_msgs/msg/detail/iceberg_bounding_box2_d__builder.hpp
-- Installing: /home/robert/Projects/ros_ws/src/general/install/yolov8_msgs/include/yolov8_msgs/yolov8_msgs/msg/detail/point2_d__traits.hpp
-- Installing: /home/robert/Projects/ros_ws/src/general/install/yolov8_msgs/include/yolov8_msgs/yolov8_msgs/msg/detail/iceberg_bounding_box2_d__traits.hpp
-- Installing: /home/robert/Projects/ros_ws/src/general/install/yolov8_msgs/include/yolov8_msgs/yolov8_msgs/msg/detail/bounding_box2_d__builder.hpp
-- Installing: /home/robert/Projects/ros_ws/src/general/install/yolov8_msgs/include/yolov8_msgs/yolov8_msgs/msg/detail/key_point2_d_array__traits.hpp
-- Installing: /home/robert/Projects/ros_ws/src/general/install/yolov8_msgs/include/yolov8_msgs/yolov8_msgs/msg/detail/pose2_d__builder.hpp
-- Installing: /home/robert/Projects/ros_ws/src/general/install/yolov8_msgs/include/yolov8_msgs/yolov8_msgs/msg/detail/iceberg_detection__builder.hpp
-- Installing: /home/robert/Projects/ros_ws/src/general/install/yolov8_msgs/include/yolov8_msgs/yolov8_msgs/msg/detail/vector2__struct.hpp
-- Installing: /home/robert/Projects/ros_ws/src/general/install/yolov8_msgs/include/yolov8_msgs/yolov8_msgs/msg/detail/iceberg_detection_array__type_support.hpp
-- Installing: /home/robert/Projects/ros_ws/src/general/install/yolov8_msgs/include/yolov8_msgs/yolov8_msgs/msg/detail/vector2__traits.hpp
-- Installing: /home/robert/Projects/ros_ws/src/general/install/yolov8_msgs/include/yolov8_msgs/yolov8_msgs/msg/detail/point2_d__builder.hpp
-- Installing: /home/robert/Projects/ros_ws/src/general/install/yolov8_msgs/include/yolov8_msgs/yolov8_msgs/msg/detail/iceberg_detection_array__struct.hpp
-- Installing: /home/robert/Projects/ros_ws/src/general/install/yolov8_msgs/include/yolov8_msgs/yolov8_msgs/msg/detail/key_point3_d__traits.hpp
-- Installing: /home/robert/Projects/ros_ws/src/general/install/yolov8_msgs/include/yolov8_msgs/yolov8_msgs/msg/detail/bounding_box2_d__traits.hpp
-- Installing: /home/robert/Projects/ros_ws/src/general/install/yolov8_msgs/include/yolov8_msgs/yolov8_msgs/msg/detail/detection__traits.hpp
-- Installing: /home/robert/Projects/ros_ws/src/general/install/yolov8_msgs/include/yolov8_msgs/yolov8_msgs/msg/detail/key_point3_d_array__builder.hpp
-- Installing: /home/robert/Projects/ros_ws/src/general/install/yolov8_msgs/include/yolov8_msgs/yolov8_msgs/msg/detail/point2_d__type_support.hpp
-- Installing: /home/robert/Projects/ros_ws/src/general/install/yolov8_msgs/include/yolov8_msgs/yolov8_msgs/msg/detail/key_point3_d_array__struct.hpp
-- Installing: /home/robert/Projects/ros_ws/src/general/install/yolov8_msgs/include/yolov8_msgs/yolov8_msgs/msg/detail/key_point2_d__traits.hpp
-- Installing: /home/robert/Projects/ros_ws/src/general/install/yolov8_msgs/include/yolov8_msgs/yolov8_msgs/msg/detail/detection_array__traits.hpp
-- Installing: /home/robert/Projects/ros_ws/src/general/install/yolov8_msgs/include/yolov8_msgs/yolov8_msgs/msg/detail/iceberg_detection__struct.hpp
-- Installing: /home/robert/Projects/ros_ws/src/general/install/yolov8_msgs/include/yolov8_msgs/yolov8_msgs/msg/detail/detection__type_support.hpp
-- Installing: /home/robert/Projects/ros_ws/src/general/install/yolov8_msgs/include/yolov8_msgs/yolov8_msgs/msg/detail/key_point3_d_array__traits.hpp
-- Installing: /home/robert/Projects/ros_ws/src/general/install/yolov8_msgs/include/yolov8_msgs/yolov8_msgs/msg/detail/detection__struct.hpp
-- Installing: /home/robert/Projects/ros_ws/src/general/install/yolov8_msgs/include/yolov8_msgs/yolov8_msgs/msg/detail/iceberg_detection__type_support.hpp
-- Installing: /home/robert/Projects/ros_ws/src/general/install/yolov8_msgs/include/yolov8_msgs/yolov8_msgs/msg/detail/detection_array__builder.hpp
-- Installing: /home/robert/Projects/ros_ws/src/general/install/yolov8_msgs/include/yolov8_msgs/yolov8_msgs/msg/detail/key_point2_d__builder.hpp
-- Installing: /home/robert/Projects/ros_ws/src/general/install/yolov8_msgs/include/yolov8_msgs/yolov8_msgs/msg/detail/key_point2_d_array__type_support.hpp
-- Installing: /home/robert/Projects/ros_ws/src/general/install/yolov8_msgs/include/yolov8_msgs/yolov8_msgs/msg/detail/mask__struct.hpp
-- Installing: /home/robert/Projects/ros_ws/src/general/install/yolov8_msgs/include/yolov8_msgs/yolov8_msgs/msg/detail/iceberg_bounding_box2_d__struct.hpp
-- Installing: /home/robert/Projects/ros_ws/src/general/install/yolov8_msgs/include/yolov8_msgs/yolov8_msgs/msg/detail/key_point2_d__struct.hpp
-- Installing: /home/robert/Projects/ros_ws/src/general/install/yolov8_msgs/include/yolov8_msgs/yolov8_msgs/msg/detail/vector2__builder.hpp
-- Installing: /home/robert/Projects/ros_ws/src/general/install/yolov8_msgs/include/yolov8_msgs/yolov8_msgs/msg/detail/mask__type_support.hpp
-- Installing: /home/robert/Projects/ros_ws/src/general/install/yolov8_msgs/include/yolov8_msgs/yolov8_msgs/msg/detail/iceberg_detection_array__traits.hpp
-- Installing: /home/robert/Projects/ros_ws/src/general/install/yolov8_msgs/include/yolov8_msgs/yolov8_msgs/msg/detection.hpp
-- Installing: /home/robert/Projects/ros_ws/src/general/install/yolov8_msgs/include/yolov8_msgs/yolov8_msgs/msg/iceberg_detection_array.hpp
-- Installing: /home/robert/Projects/ros_ws/src/general/install/yolov8_msgs/include/yolov8_msgs/yolov8_msgs/msg/pose2_d.hpp
-- Installing: /home/robert/Projects/ros_ws/src/general/install/yolov8_msgs/include/yolov8_msgs/yolov8_msgs/msg/iceberg_bounding_box2_d.hpp
-- Installing: /home/robert/Projects/ros_ws/src/general/install/yolov8_msgs/include/yolov8_msgs/yolov8_msgs/msg/iceberg_detection.hpp
-- Installing: /home/robert/Projects/ros_ws/src/general/install/yolov8_msgs/include/yolov8_msgs/yolov8_msgs/msg/point2_d.hpp
-- Installing: /home/robert/Projects/ros_ws/src/general/install/yolov8_msgs/include/yolov8_msgs/yolov8_msgs/msg/bounding_box2_d.hpp
-- Installing: /home/robert/Projects/ros_ws/src/general/install/yolov8_msgs/include/yolov8_msgs/yolov8_msgs/msg/key_point2_d.hpp
-- Installing: /home/robert/Projects/ros_ws/src/general/install/yolov8_msgs/include/yolov8_msgs/yolov8_msgs/msg/rosidl_generator_cpp__visibility_control.hpp
-- Installing: /home/robert/Projects/ros_ws/src/general/install/yolov8_msgs/include/yolov8_msgs/yolov8_msgs/msg/bounding_box3_d.hpp
-- Installing: /home/robert/Projects/ros_ws/src/general/install/yolov8_msgs/include/yolov8_msgs/yolov8_msgs/msg/key_point3_d.hpp
-- Installing: /home/robert/Projects/ros_ws/src/general/install/yolov8_msgs/include/yolov8_msgs/yolov8_msgs/msg/detection_array.hpp
-- Installing: /home/robert/Projects/ros_ws/src/general/install/yolov8_msgs/include/yolov8_msgs/yolov8_msgs/msg/key_point2_d_array.hpp
-- Installing: /home/robert/Projects/ros_ws/src/general/install/yolov8_msgs/include/yolov8_msgs/yolov8_msgs/msg/key_point3_d_array.hpp
-- Installing: /home/robert/Projects/ros_ws/src/general/install/yolov8_msgs/include/yolov8_msgs/yolov8_msgs/msg/mask.hpp
-- Installing: /home/robert/Projects/ros_ws/src/general/install/yolov8_msgs/include/yolov8_msgs/yolov8_msgs/msg/vector2.hpp
-- Up-to-date: /home/robert/Projects/ros_ws/src/general/install/yolov8_msgs/include/yolov8_msgs/yolov8_msgs
-- Up-to-date: /home/robert/Projects/ros_ws/src/general/install/yolov8_msgs/include/yolov8_msgs/yolov8_msgs/msg
-- Up-to-date: /home/robert/Projects/ros_ws/src/general/install/yolov8_msgs/include/yolov8_msgs/yolov8_msgs/msg/detail
-- Installing: /home/robert/Projects/ros_ws/src/general/install/yolov8_msgs/include/yolov8_msgs/yolov8_msgs/msg/detail/mask__rosidl_typesupport_fastrtps_cpp.hpp
-- Installing: /home/robert/Projects/ros_ws/src/general/install/yolov8_msgs/include/yolov8_msgs/yolov8_msgs/msg/detail/iceberg_bounding_box2_d__rosidl_typesupport_fastrtps_cpp.hpp
-- Installing: /home/robert/Projects/ros_ws/src/general/install/yolov8_msgs/include/yolov8_msgs/yolov8_msgs/msg/detail/key_point2_d__rosidl_typesupport_fastrtps_cpp.hpp
-- Installing: /home/robert/Projects/ros_ws/src/general/install/yolov8_msgs/include/yolov8_msgs/yolov8_msgs/msg/detail/detection__rosidl_typesupport_fastrtps_cpp.hpp
-- Installing: /home/robert/Projects/ros_ws/src/general/install/yolov8_msgs/include/yolov8_msgs/yolov8_msgs/msg/detail/pose2_d__rosidl_typesupport_fastrtps_cpp.hpp
-- Installing: /home/robert/Projects/ros_ws/src/general/install/yolov8_msgs/include/yolov8_msgs/yolov8_msgs/msg/detail/iceberg_detection_array__rosidl_typesupport_fastrtps_cpp.hpp
-- Installing: /home/robert/Projects/ros_ws/src/general/install/yolov8_msgs/include/yolov8_msgs/yolov8_msgs/msg/detail/vector2__rosidl_typesupport_fastrtps_cpp.hpp
-- Installing: /home/robert/Projects/ros_ws/src/general/install/yolov8_msgs/include/yolov8_msgs/yolov8_msgs/msg/detail/key_point3_d__rosidl_typesupport_fastrtps_cpp.hpp
-- Installing: /home/robert/Projects/ros_ws/src/general/install/yolov8_msgs/include/yolov8_msgs/yolov8_msgs/msg/detail/detection_array__rosidl_typesupport_fastrtps_cpp.hpp
-- Installing: /home/robert/Projects/ros_ws/src/general/install/yolov8_msgs/include/yolov8_msgs/yolov8_msgs/msg/detail/bounding_box2_d__rosidl_typesupport_fastrtps_cpp.hpp
-- Installing: /home/robert/Projects/ros_ws/src/general/install/yolov8_msgs/include/yolov8_msgs/yolov8_msgs/msg/detail/iceberg_detection__rosidl_typesupport_fastrtps_cpp.hpp
-- Installing: /home/robert/Projects/ros_ws/src/general/install/yolov8_msgs/include/yolov8_msgs/yolov8_msgs/msg/detail/bounding_box3_d__rosidl_typesupport_fastrtps_cpp.hpp
-- Installing: /home/robert/Projects/ros_ws/src/general/install/yolov8_msgs/include/yolov8_msgs/yolov8_msgs/msg/detail/key_point2_d_array__rosidl_typesupport_fastrtps_cpp.hpp
-- Installing: /home/robert/Projects/ros_ws/src/general/install/yolov8_msgs/include/yolov8_msgs/yolov8_msgs/msg/detail/point2_d__rosidl_typesupport_fastrtps_cpp.hpp
-- Installing: /home/robert/Projects/ros_ws/src/general/install/yolov8_msgs/include/yolov8_msgs/yolov8_msgs/msg/detail/key_point3_d_array__rosidl_typesupport_fastrtps_cpp.hpp
-- Installing: /home/robert/Projects/ros_ws/src/general/install/yolov8_msgs/include/yolov8_msgs/yolov8_msgs/msg/detail/dds_fastrtps
-- Installing: /home/robert/Projects/ros_ws/src/general/install/yolov8_msgs/include/yolov8_msgs/yolov8_msgs/msg/rosidl_typesupport_fastrtps_cpp__visibility_control.h
-- Installing: /home/robert/Projects/ros_ws/src/general/install/yolov8_msgs/lib/libyolov8_msgs__rosidl_typesupport_fastrtps_cpp.so
-- Set runtime path of "/home/robert/Projects/ros_ws/src/general/install/yolov8_msgs/lib/libyolov8_msgs__rosidl_typesupport_fastrtps_cpp.so" to ""
-- Up-to-date: /home/robert/Projects/ros_ws/src/general/install/yolov8_msgs/include/yolov8_msgs/yolov8_msgs
-- Up-to-date: /home/robert/Projects/ros_ws/src/general/install/yolov8_msgs/include/yolov8_msgs/yolov8_msgs/msg
-- Up-to-date: /home/robert/Projects/ros_ws/src/general/install/yolov8_msgs/include/yolov8_msgs/yolov8_msgs/msg/detail
-- Installing: /home/robert/Projects/ros_ws/src/general/install/yolov8_msgs/include/yolov8_msgs/yolov8_msgs/msg/detail/point2_d__rosidl_typesupport_introspection_cpp.hpp
-- Installing: /home/robert/Projects/ros_ws/src/general/install/yolov8_msgs/include/yolov8_msgs/yolov8_msgs/msg/detail/detection__rosidl_typesupport_introspection_cpp.hpp
-- Installing: /home/robert/Projects/ros_ws/src/general/install/yolov8_msgs/include/yolov8_msgs/yolov8_msgs/msg/detail/detection_array__type_support.cpp
-- Installing: /home/robert/Projects/ros_ws/src/general/install/yolov8_msgs/include/yolov8_msgs/yolov8_msgs/msg/detail/key_point3_d_array__rosidl_typesupport_introspection_cpp.hpp
-- Installing: /home/robert/Projects/ros_ws/src/general/install/yolov8_msgs/include/yolov8_msgs/yolov8_msgs/msg/detail/iceberg_detection_array__type_support.cpp
-- Installing: /home/robert/Projects/ros_ws/src/general/install/yolov8_msgs/include/yolov8_msgs/yolov8_msgs/msg/detail/detection__type_support.cpp
-- Installing: /home/robert/Projects/ros_ws/src/general/install/yolov8_msgs/include/yolov8_msgs/yolov8_msgs/msg/detail/iceberg_detection__rosidl_typesupport_introspection_cpp.hpp
-- Installing: /home/robert/Projects/ros_ws/src/general/install/yolov8_msgs/include/yolov8_msgs/yolov8_msgs/msg/detail/bounding_box3_d__type_support.cpp
-- Installing: /home/robert/Projects/ros_ws/src/general/install/yolov8_msgs/include/yolov8_msgs/yolov8_msgs/msg/detail/key_point2_d__type_support.cpp
-- Installing: /home/robert/Projects/ros_ws/src/general/install/yolov8_msgs/include/yolov8_msgs/yolov8_msgs/msg/detail/point2_d__type_support.cpp
-- Installing: /home/robert/Projects/ros_ws/src/general/install/yolov8_msgs/include/yolov8_msgs/yolov8_msgs/msg/detail/vector2__rosidl_typesupport_introspection_cpp.hpp
-- Installing: /home/robert/Projects/ros_ws/src/general/install/yolov8_msgs/include/yolov8_msgs/yolov8_msgs/msg/detail/mask__type_support.cpp
-- Installing: /home/robert/Projects/ros_ws/src/general/install/yolov8_msgs/include/yolov8_msgs/yolov8_msgs/msg/detail/key_point2_d_array__rosidl_typesupport_introspection_cpp.hpp
-- Installing: /home/robert/Projects/ros_ws/src/general/install/yolov8_msgs/include/yolov8_msgs/yolov8_msgs/msg/detail/bounding_box2_d__type_support.cpp
-- Installing: /home/robert/Projects/ros_ws/src/general/install/yolov8_msgs/include/yolov8_msgs/yolov8_msgs/msg/detail/key_point3_d__type_support.cpp
-- Installing: /home/robert/Projects/ros_ws/src/general/install/yolov8_msgs/include/yolov8_msgs/yolov8_msgs/msg/detail/iceberg_bounding_box2_d__rosidl_typesupport_introspection_cpp.hpp
-- Installing: /home/robert/Projects/ros_ws/src/general/install/yolov8_msgs/include/yolov8_msgs/yolov8_msgs/msg/detail/vector2__type_support.cpp
-- Installing: /home/robert/Projects/ros_ws/src/general/install/yolov8_msgs/include/yolov8_msgs/yolov8_msgs/msg/detail/key_point3_d__rosidl_typesupport_introspection_cpp.hpp
-- Installing: /home/robert/Projects/ros_ws/src/general/install/yolov8_msgs/include/yolov8_msgs/yolov8_msgs/msg/detail/iceberg_bounding_box2_d__type_support.cpp
-- Installing: /home/robert/Projects/ros_ws/src/general/install/yolov8_msgs/include/yolov8_msgs/yolov8_msgs/msg/detail/detection_array__rosidl_typesupport_introspection_cpp.hpp
-- Installing: /home/robert/Projects/ros_ws/src/general/install/yolov8_msgs/include/yolov8_msgs/yolov8_msgs/msg/detail/key_point3_d_array__type_support.cpp
-- Installing: /home/robert/Projects/ros_ws/src/general/install/yolov8_msgs/include/yolov8_msgs/yolov8_msgs/msg/detail/mask__rosidl_typesupport_introspection_cpp.hpp
-- Installing: /home/robert/Projects/ros_ws/src/general/install/yolov8_msgs/include/yolov8_msgs/yolov8_msgs/msg/detail/iceberg_detection__type_support.cpp
-- Installing: /home/robert/Projects/ros_ws/src/general/install/yolov8_msgs/include/yolov8_msgs/yolov8_msgs/msg/detail/pose2_d__type_support.cpp
-- Installing: /home/robert/Projects/ros_ws/src/general/install/yolov8_msgs/include/yolov8_msgs/yolov8_msgs/msg/detail/bounding_box3_d__rosidl_typesupport_introspection_cpp.hpp
-- Installing: /home/robert/Projects/ros_ws/src/general/install/yolov8_msgs/include/yolov8_msgs/yolov8_msgs/msg/detail/key_point2_d_array__type_support.cpp
-- Installing: /home/robert/Projects/ros_ws/src/general/install/yolov8_msgs/include/yolov8_msgs/yolov8_msgs/msg/detail/bounding_box2_d__rosidl_typesupport_introspection_cpp.hpp
-- Installing: /home/robert/Projects/ros_ws/src/general/install/yolov8_msgs/include/yolov8_msgs/yolov8_msgs/msg/detail/iceberg_detection_array__rosidl_typesupport_introspection_cpp.hpp
-- Installing: /home/robert/Projects/ros_ws/src/general/install/yolov8_msgs/include/yolov8_msgs/yolov8_msgs/msg/detail/pose2_d__rosidl_typesupport_introspection_cpp.hpp
-- Installing: /home/robert/Projects/ros_ws/src/general/install/yolov8_msgs/include/yolov8_msgs/yolov8_msgs/msg/detail/key_point2_d__rosidl_typesupport_introspection_cpp.hpp
-- Installing: /home/robert/Projects/ros_ws/src/general/install/yolov8_msgs/lib/libyolov8_msgs__rosidl_typesupport_introspection_cpp.so
-- Set runtime path of "/home/robert/Projects/ros_ws/src/general/install/yolov8_msgs/lib/libyolov8_msgs__rosidl_typesupport_introspection_cpp.so" to ""
-- Installing: /home/robert/Projects/ros_ws/src/general/install/yolov8_msgs/lib/libyolov8_msgs__rosidl_typesupport_cpp.so
-- Set runtime path of "/home/robert/Projects/ros_ws/src/general/install/yolov8_msgs/lib/libyolov8_msgs__rosidl_typesupport_cpp.so" to ""
-- Installing: /home/robert/Projects/ros_ws/src/general/install/yolov8_msgs/share/yolov8_msgs/environment/pythonpath.sh
-- Installing: /home/robert/Projects/ros_ws/src/general/install/yolov8_msgs/share/yolov8_msgs/environment/pythonpath.dsv
-- Installing: /home/robert/Projects/ros_ws/src/general/install/yolov8_msgs/local/lib/python3.10/dist-packages/yolov8_msgs-0.0.0-py3.10.egg-info
-- Installing: /home/robert/Projects/ros_ws/src/general/install/yolov8_msgs/local/lib/python3.10/dist-packages/yolov8_msgs-0.0.0-py3.10.egg-info/PKG-INFO
-- Installing: /home/robert/Projects/ros_ws/src/general/install/yolov8_msgs/local/lib/python3.10/dist-packages/yolov8_msgs-0.0.0-py3.10.egg-info/top_level.txt
-- Installing: /home/robert/Projects/ros_ws/src/general/install/yolov8_msgs/local/lib/python3.10/dist-packages/yolov8_msgs-0.0.0-py3.10.egg-info/dependency_links.txt
-- Installing: /home/robert/Projects/ros_ws/src/general/install/yolov8_msgs/local/lib/python3.10/dist-packages/yolov8_msgs-0.0.0-py3.10.egg-info/SOURCES.txt
-- Installing: /home/robert/Projects/ros_ws/src/general/install/yolov8_msgs/local/lib/python3.10/dist-packages/yolov8_msgs
-- Installing: /home/robert/Projects/ros_ws/src/general/install/yolov8_msgs/local/lib/python3.10/dist-packages/yolov8_msgs/_yolov8_msgs_s.ep.rosidl_typesupport_fastrtps_c.c
-- Installing: /home/robert/Projects/ros_ws/src/general/install/yolov8_msgs/local/lib/python3.10/dist-packages/yolov8_msgs/msg
-- Installing: /home/robert/Projects/ros_ws/src/general/install/yolov8_msgs/local/lib/python3.10/dist-packages/yolov8_msgs/msg/_mask_s.c
-- Installing: /home/robert/Projects/ros_ws/src/general/install/yolov8_msgs/local/lib/python3.10/dist-packages/yolov8_msgs/msg/_bounding_box2_d_s.c
-- Installing: /home/robert/Projects/ros_ws/src/general/install/yolov8_msgs/local/lib/python3.10/dist-packages/yolov8_msgs/msg/_iceberg_detection.py
-- Installing: /home/robert/Projects/ros_ws/src/general/install/yolov8_msgs/local/lib/python3.10/dist-packages/yolov8_msgs/msg/_iceberg_detection_array_s.c
-- Installing: /home/robert/Projects/ros_ws/src/general/install/yolov8_msgs/local/lib/python3.10/dist-packages/yolov8_msgs/msg/_point2_d.py
-- Installing: /home/robert/Projects/ros_ws/src/general/install/yolov8_msgs/local/lib/python3.10/dist-packages/yolov8_msgs/msg/_key_point2_d_s.c
-- Installing: /home/robert/Projects/ros_ws/src/general/install/yolov8_msgs/local/lib/python3.10/dist-packages/yolov8_msgs/msg/_mask.py
-- Installing: /home/robert/Projects/ros_ws/src/general/install/yolov8_msgs/local/lib/python3.10/dist-packages/yolov8_msgs/msg/_iceberg_detection_s.c
-- Installing: /home/robert/Projects/ros_ws/src/general/install/yolov8_msgs/local/lib/python3.10/dist-packages/yolov8_msgs/msg/_key_point3_d_array_s.c
-- Installing: /home/robert/Projects/ros_ws/src/general/install/yolov8_msgs/local/lib/python3.10/dist-packages/yolov8_msgs/msg/_bounding_box3_d.py
-- Installing: /home/robert/Projects/ros_ws/src/general/install/yolov8_msgs/local/lib/python3.10/dist-packages/yolov8_msgs/msg/_iceberg_bounding_box2_d.py
-- Installing: /home/robert/Projects/ros_ws/src/general/install/yolov8_msgs/local/lib/python3.10/dist-packages/yolov8_msgs/msg/_key_point3_d_array.py
-- Installing: /home/robert/Projects/ros_ws/src/general/install/yolov8_msgs/local/lib/python3.10/dist-packages/yolov8_msgs/msg/_pose2_d_s.c
-- Installing: /home/robert/Projects/ros_ws/src/general/install/yolov8_msgs/local/lib/python3.10/dist-packages/yolov8_msgs/msg/_key_point2_d_array.py
-- Installing: /home/robert/Projects/ros_ws/src/general/install/yolov8_msgs/local/lib/python3.10/dist-packages/yolov8_msgs/msg/_pose2_d.py
-- Installing: /home/robert/Projects/ros_ws/src/general/install/yolov8_msgs/local/lib/python3.10/dist-packages/yolov8_msgs/msg/_detection_array_s.c
-- Installing: /home/robert/Projects/ros_ws/src/general/install/yolov8_msgs/local/lib/python3.10/dist-packages/yolov8_msgs/msg/_bounding_box2_d.py
-- Installing: /home/robert/Projects/ros_ws/src/general/install/yolov8_msgs/local/lib/python3.10/dist-packages/yolov8_msgs/msg/__init__.py
-- Installing: /home/robert/Projects/ros_ws/src/general/install/yolov8_msgs/local/lib/python3.10/dist-packages/yolov8_msgs/msg/_detection_s.c
-- Installing: /home/robert/Projects/ros_ws/src/general/install/yolov8_msgs/local/lib/python3.10/dist-packages/yolov8_msgs/msg/_point2_d_s.c
-- Installing: /home/robert/Projects/ros_ws/src/general/install/yolov8_msgs/local/lib/python3.10/dist-packages/yolov8_msgs/msg/_vector2_s.c
-- Installing: /home/robert/Projects/ros_ws/src/general/install/yolov8_msgs/local/lib/python3.10/dist-packages/yolov8_msgs/msg/_iceberg_detection_array.py
-- Installing: /home/robert/Projects/ros_ws/src/general/install/yolov8_msgs/local/lib/python3.10/dist-packages/yolov8_msgs/msg/_key_point3_d_s.c
-- Installing: /home/robert/Projects/ros_ws/src/general/install/yolov8_msgs/local/lib/python3.10/dist-packages/yolov8_msgs/msg/_iceberg_bounding_box2_d_s.c
-- Installing: /home/robert/Projects/ros_ws/src/general/install/yolov8_msgs/local/lib/python3.10/dist-packages/yolov8_msgs/msg/_key_point3_d.py
-- Installing: /home/robert/Projects/ros_ws/src/general/install/yolov8_msgs/local/lib/python3.10/dist-packages/yolov8_msgs/msg/_detection_array.py
-- Installing: /home/robert/Projects/ros_ws/src/general/install/yolov8_msgs/local/lib/python3.10/dist-packages/yolov8_msgs/msg/_detection.py
-- Installing: /home/robert/Projects/ros_ws/src/general/install/yolov8_msgs/local/lib/python3.10/dist-packages/yolov8_msgs/msg/_bounding_box3_d_s.c
-- Installing: /home/robert/Projects/ros_ws/src/general/install/yolov8_msgs/local/lib/python3.10/dist-packages/yolov8_msgs/msg/_key_point2_d.py
-- Installing: /home/robert/Projects/ros_ws/src/general/install/yolov8_msgs/local/lib/python3.10/dist-packages/yolov8_msgs/msg/_vector2.py
-- Installing: /home/robert/Projects/ros_ws/src/general/install/yolov8_msgs/local/lib/python3.10/dist-packages/yolov8_msgs/msg/_key_point2_d_array_s.c
-- Installing: /home/robert/Projects/ros_ws/src/general/install/yolov8_msgs/local/lib/python3.10/dist-packages/yolov8_msgs/yolov8_msgs_s__rosidl_typesupport_introspection_c.cpython-310-x86_64-linux-gnu.so
-- Installing: /home/robert/Projects/ros_ws/src/general/install/yolov8_msgs/local/lib/python3.10/dist-packages/yolov8_msgs/yolov8_msgs_s__rosidl_typesupport_c.cpython-310-x86_64-linux-gnu.so
-- Installing: /home/robert/Projects/ros_ws/src/general/install/yolov8_msgs/local/lib/python3.10/dist-packages/yolov8_msgs/_yolov8_msgs_s.ep.rosidl_typesupport_introspection_c.c
-- Installing: /home/robert/Projects/ros_ws/src/general/install/yolov8_msgs/local/lib/python3.10/dist-packages/yolov8_msgs/__init__.py
-- Installing: /home/robert/Projects/ros_ws/src/general/install/yolov8_msgs/local/lib/python3.10/dist-packages/yolov8_msgs/yolov8_msgs_s__rosidl_typesupport_fastrtps_c.cpython-310-x86_64-linux-gnu.so
-- Installing: /home/robert/Projects/ros_ws/src/general/install/yolov8_msgs/local/lib/python3.10/dist-packages/yolov8_msgs/_yolov8_msgs_s.ep.rosidl_typesupport_c.c
-- Installing: /home/robert/Projects/ros_ws/src/general/install/yolov8_msgs/local/lib/python3.10/dist-packages/yolov8_msgs/libyolov8_msgs__rosidl_generator_py.so
Listing '/home/robert/Projects/ros_ws/src/general/install/yolov8_msgs/local/lib/python3.10/dist-packages/yolov8_msgs'...
Compiling '/home/robert/Projects/ros_ws/src/general/install/yolov8_msgs/local/lib/python3.10/dist-packages/yolov8_msgs/__init__.py'...
Listing '/home/robert/Projects/ros_ws/src/general/install/yolov8_msgs/local/lib/python3.10/dist-packages/yolov8_msgs/msg'...
Compiling '/home/robert/Projects/ros_ws/src/general/install/yolov8_msgs/local/lib/python3.10/dist-packages/yolov8_msgs/msg/__init__.py'...
Compiling '/home/robert/Projects/ros_ws/src/general/install/yolov8_msgs/local/lib/python3.10/dist-packages/yolov8_msgs/msg/_bounding_box2_d.py'...
Compiling '/home/robert/Projects/ros_ws/src/general/install/yolov8_msgs/local/lib/python3.10/dist-packages/yolov8_msgs/msg/_bounding_box3_d.py'...
Compiling '/home/robert/Projects/ros_ws/src/general/install/yolov8_msgs/local/lib/python3.10/dist-packages/yolov8_msgs/msg/_detection.py'...
Compiling '/home/robert/Projects/ros_ws/src/general/install/yolov8_msgs/local/lib/python3.10/dist-packages/yolov8_msgs/msg/_detection_array.py'...
Compiling '/home/robert/Projects/ros_ws/src/general/install/yolov8_msgs/local/lib/python3.10/dist-packages/yolov8_msgs/msg/_iceberg_bounding_box2_d.py'...
Compiling '/home/robert/Projects/ros_ws/src/general/install/yolov8_msgs/local/lib/python3.10/dist-packages/yolov8_msgs/msg/_iceberg_detection.py'...
Compiling '/home/robert/Projects/ros_ws/src/general/install/yolov8_msgs/local/lib/python3.10/dist-packages/yolov8_msgs/msg/_iceberg_detection_array.py'...
Compiling '/home/robert/Projects/ros_ws/src/general/install/yolov8_msgs/local/lib/python3.10/dist-packages/yolov8_msgs/msg/_key_point2_d.py'...
Compiling '/home/robert/Projects/ros_ws/src/general/install/yolov8_msgs/local/lib/python3.10/dist-packages/yolov8_msgs/msg/_key_point2_d_array.py'...
Compiling '/home/robert/Projects/ros_ws/src/general/install/yolov8_msgs/local/lib/python3.10/dist-packages/yolov8_msgs/msg/_key_point3_d.py'...
Compiling '/home/robert/Projects/ros_ws/src/general/install/yolov8_msgs/local/lib/python3.10/dist-packages/yolov8_msgs/msg/_key_point3_d_array.py'...
Compiling '/home/robert/Projects/ros_ws/src/general/install/yolov8_msgs/local/lib/python3.10/dist-packages/yolov8_msgs/msg/_mask.py'...
Compiling '/home/robert/Projects/ros_ws/src/general/install/yolov8_msgs/local/lib/python3.10/dist-packages/yolov8_msgs/msg/_point2_d.py'...
Compiling '/home/robert/Projects/ros_ws/src/general/install/yolov8_msgs/local/lib/python3.10/dist-packages/yolov8_msgs/msg/_pose2_d.py'...
Compiling '/home/robert/Projects/ros_ws/src/general/install/yolov8_msgs/local/lib/python3.10/dist-packages/yolov8_msgs/msg/_vector2.py'...
-- Installing: /home/robert/Projects/ros_ws/src/general/install/yolov8_msgs/local/lib/python3.10/dist-packages/yolov8_msgs/yolov8_msgs_s__rosidl_typesupport_fastrtps_c.cpython-310-x86_64-linux-gnu.so
-- Set runtime path of "/home/robert/Projects/ros_ws/src/general/install/yolov8_msgs/local/lib/python3.10/dist-packages/yolov8_msgs/yolov8_msgs_s__rosidl_typesupport_fastrtps_c.cpython-310-x86_64-linux-gnu.so" to ""
-- Installing: /home/robert/Projects/ros_ws/src/general/install/yolov8_msgs/local/lib/python3.10/dist-packages/yolov8_msgs/yolov8_msgs_s__rosidl_typesupport_introspection_c.cpython-310-x86_64-linux-gnu.so
-- Set runtime path of "/home/robert/Projects/ros_ws/src/general/install/yolov8_msgs/local/lib/python3.10/dist-packages/yolov8_msgs/yolov8_msgs_s__rosidl_typesupport_introspection_c.cpython-310-x86_64-linux-gnu.so" to ""
-- Installing: /home/robert/Projects/ros_ws/src/general/install/yolov8_msgs/local/lib/python3.10/dist-packages/yolov8_msgs/yolov8_msgs_s__rosidl_typesupport_c.cpython-310-x86_64-linux-gnu.so
-- Set runtime path of "/home/robert/Projects/ros_ws/src/general/install/yolov8_msgs/local/lib/python3.10/dist-packages/yolov8_msgs/yolov8_msgs_s__rosidl_typesupport_c.cpython-310-x86_64-linux-gnu.so" to ""
-- Installing: /home/robert/Projects/ros_ws/src/general/install/yolov8_msgs/lib/libyolov8_msgs__rosidl_generator_py.so
-- Set runtime path of "/home/robert/Projects/ros_ws/src/general/install/yolov8_msgs/lib/libyolov8_msgs__rosidl_generator_py.so" to ""
-- Installing: /home/robert/Projects/ros_ws/src/general/install/yolov8_msgs/share/yolov8_msgs/msg/Point2D.idl
-- Installing: /home/robert/Projects/ros_ws/src/general/install/yolov8_msgs/share/yolov8_msgs/msg/Vector2.idl
-- Installing: /home/robert/Projects/ros_ws/src/general/install/yolov8_msgs/share/yolov8_msgs/msg/Pose2D.idl
-- Installing: /home/robert/Projects/ros_ws/src/general/install/yolov8_msgs/share/yolov8_msgs/msg/BoundingBox2D.idl
-- Installing: /home/robert/Projects/ros_ws/src/general/install/yolov8_msgs/share/yolov8_msgs/msg/IcebergBoundingBox2D.idl
-- Installing: /home/robert/Projects/ros_ws/src/general/install/yolov8_msgs/share/yolov8_msgs/msg/BoundingBox3D.idl
-- Installing: /home/robert/Projects/ros_ws/src/general/install/yolov8_msgs/share/yolov8_msgs/msg/Mask.idl
-- Installing: /home/robert/Projects/ros_ws/src/general/install/yolov8_msgs/share/yolov8_msgs/msg/KeyPoint2D.idl
-- Installing: /home/robert/Projects/ros_ws/src/general/install/yolov8_msgs/share/yolov8_msgs/msg/KeyPoint2DArray.idl
-- Installing: /home/robert/Projects/ros_ws/src/general/install/yolov8_msgs/share/yolov8_msgs/msg/KeyPoint3D.idl
-- Installing: /home/robert/Projects/ros_ws/src/general/install/yolov8_msgs/share/yolov8_msgs/msg/KeyPoint3DArray.idl
-- Installing: /home/robert/Projects/ros_ws/src/general/install/yolov8_msgs/share/yolov8_msgs/msg/Detection.idl
-- Installing: /home/robert/Projects/ros_ws/src/general/install/yolov8_msgs/share/yolov8_msgs/msg/DetectionArray.idl
-- Installing: /home/robert/Projects/ros_ws/src/general/install/yolov8_msgs/share/yolov8_msgs/msg/IcebergDetection.idl
-- Installing: /home/robert/Projects/ros_ws/src/general/install/yolov8_msgs/share/yolov8_msgs/msg/IcebergDetectionArray.idl
-- Installing: /home/robert/Projects/ros_ws/src/general/install/yolov8_msgs/share/yolov8_msgs/msg/Point2D.msg
-- Installing: /home/robert/Projects/ros_ws/src/general/install/yolov8_msgs/share/yolov8_msgs/msg/Vector2.msg
-- Installing: /home/robert/Projects/ros_ws/src/general/install/yolov8_msgs/share/yolov8_msgs/msg/Pose2D.msg
-- Installing: /home/robert/Projects/ros_ws/src/general/install/yolov8_msgs/share/yolov8_msgs/msg/BoundingBox2D.msg
-- Installing: /home/robert/Projects/ros_ws/src/general/install/yolov8_msgs/share/yolov8_msgs/msg/IcebergBoundingBox2D.msg
-- Installing: /home/robert/Projects/ros_ws/src/general/install/yolov8_msgs/share/yolov8_msgs/msg/BoundingBox3D.msg
-- Installing: /home/robert/Projects/ros_ws/src/general/install/yolov8_msgs/share/yolov8_msgs/msg/Mask.msg
-- Installing: /home/robert/Projects/ros_ws/src/general/install/yolov8_msgs/share/yolov8_msgs/msg/KeyPoint2D.msg
-- Installing: /home/robert/Projects/ros_ws/src/general/install/yolov8_msgs/share/yolov8_msgs/msg/KeyPoint2DArray.msg
-- Installing: /home/robert/Projects/ros_ws/src/general/install/yolov8_msgs/share/yolov8_msgs/msg/KeyPoint3D.msg
-- Installing: /home/robert/Projects/ros_ws/src/general/install/yolov8_msgs/share/yolov8_msgs/msg/KeyPoint3DArray.msg
-- Installing: /home/robert/Projects/ros_ws/src/general/install/yolov8_msgs/share/yolov8_msgs/msg/Detection.msg
-- Installing: /home/robert/Projects/ros_ws/src/general/install/yolov8_msgs/share/yolov8_msgs/msg/DetectionArray.msg
-- Installing: /home/robert/Projects/ros_ws/src/general/install/yolov8_msgs/share/yolov8_msgs/msg/IcebergDetection.msg
-- Installing: /home/robert/Projects/ros_ws/src/general/install/yolov8_msgs/share/yolov8_msgs/msg/IcebergDetectionArray.msg
-- Installing: /home/robert/Projects/ros_ws/src/general/install/yolov8_msgs/share/ament_index/resource_index/package_run_dependencies/yolov8_msgs
-- Installing: /home/robert/Projects/ros_ws/src/general/install/yolov8_msgs/share/ament_index/resource_index/parent_prefix_path/yolov8_msgs
-- Installing: /home/robert/Projects/ros_ws/src/general/install/yolov8_msgs/share/yolov8_msgs/environment/ament_prefix_path.sh
-- Installing: /home/robert/Projects/ros_ws/src/general/install/yolov8_msgs/share/yolov8_msgs/environment/ament_prefix_path.dsv
-- Installing: /home/robert/Projects/ros_ws/src/general/install/yolov8_msgs/share/yolov8_msgs/environment/path.sh
-- Installing: /home/robert/Projects/ros_ws/src/general/install/yolov8_msgs/share/yolov8_msgs/environment/path.dsv
-- Installing: /home/robert/Projects/ros_ws/src/general/install/yolov8_msgs/share/yolov8_msgs/local_setup.bash
-- Installing: /home/robert/Projects/ros_ws/src/general/install/yolov8_msgs/share/yolov8_msgs/local_setup.sh
-- Installing: /home/robert/Projects/ros_ws/src/general/install/yolov8_msgs/share/yolov8_msgs/local_setup.zsh
-- Installing: /home/robert/Projects/ros_ws/src/general/install/yolov8_msgs/share/yolov8_msgs/local_setup.dsv
-- Installing: /home/robert/Projects/ros_ws/src/general/install/yolov8_msgs/share/yolov8_msgs/package.dsv
-- Installing: /home/robert/Projects/ros_ws/src/general/install/yolov8_msgs/share/ament_index/resource_index/packages/yolov8_msgs
-- Installing: /home/robert/Projects/ros_ws/src/general/install/yolov8_msgs/share/yolov8_msgs/cmake/export_yolov8_msgs__rosidl_generator_cExport.cmake
-- Installing: /home/robert/Projects/ros_ws/src/general/install/yolov8_msgs/share/yolov8_msgs/cmake/export_yolov8_msgs__rosidl_generator_cExport-noconfig.cmake
-- Installing: /home/robert/Projects/ros_ws/src/general/install/yolov8_msgs/share/yolov8_msgs/cmake/export_yolov8_msgs__rosidl_typesupport_fastrtps_cExport.cmake
-- Installing: /home/robert/Projects/ros_ws/src/general/install/yolov8_msgs/share/yolov8_msgs/cmake/export_yolov8_msgs__rosidl_typesupport_fastrtps_cExport-noconfig.cmake
-- Installing: /home/robert/Projects/ros_ws/src/general/install/yolov8_msgs/share/yolov8_msgs/cmake/yolov8_msgs__rosidl_typesupport_introspection_cExport.cmake
-- Installing: /home/robert/Projects/ros_ws/src/general/install/yolov8_msgs/share/yolov8_msgs/cmake/yolov8_msgs__rosidl_typesupport_introspection_cExport-noconfig.cmake
-- Installing: /home/robert/Projects/ros_ws/src/general/install/yolov8_msgs/share/yolov8_msgs/cmake/yolov8_msgs__rosidl_typesupport_cExport.cmake
-- Installing: /home/robert/Projects/ros_ws/src/general/install/yolov8_msgs/share/yolov8_msgs/cmake/yolov8_msgs__rosidl_typesupport_cExport-noconfig.cmake
-- Installing: /home/robert/Projects/ros_ws/src/general/install/yolov8_msgs/share/yolov8_msgs/cmake/export_yolov8_msgs__rosidl_generator_cppExport.cmake
-- Installing: /home/robert/Projects/ros_ws/src/general/install/yolov8_msgs/share/yolov8_msgs/cmake/export_yolov8_msgs__rosidl_typesupport_fastrtps_cppExport.cmake
-- Installing: /home/robert/Projects/ros_ws/src/general/install/yolov8_msgs/share/yolov8_msgs/cmake/export_yolov8_msgs__rosidl_typesupport_fastrtps_cppExport-noconfig.cmake
-- Installing: /home/robert/Projects/ros_ws/src/general/install/yolov8_msgs/share/yolov8_msgs/cmake/yolov8_msgs__rosidl_typesupport_introspection_cppExport.cmake
-- Installing: /home/robert/Projects/ros_ws/src/general/install/yolov8_msgs/share/yolov8_msgs/cmake/yolov8_msgs__rosidl_typesupport_introspection_cppExport-noconfig.cmake
-- Installing: /home/robert/Projects/ros_ws/src/general/install/yolov8_msgs/share/yolov8_msgs/cmake/yolov8_msgs__rosidl_typesupport_cppExport.cmake
-- Installing: /home/robert/Projects/ros_ws/src/general/install/yolov8_msgs/share/yolov8_msgs/cmake/yolov8_msgs__rosidl_typesupport_cppExport-noconfig.cmake
-- Installing: /home/robert/Projects/ros_ws/src/general/install/yolov8_msgs/share/yolov8_msgs/cmake/export_yolov8_msgs__rosidl_generator_pyExport.cmake
-- Installing: /home/robert/Projects/ros_ws/src/general/install/yolov8_msgs/share/yolov8_msgs/cmake/export_yolov8_msgs__rosidl_generator_pyExport-noconfig.cmake
-- Installing: /home/robert/Projects/ros_ws/src/general/install/yolov8_msgs/share/yolov8_msgs/cmake/rosidl_cmake-extras.cmake
-- Installing: /home/robert/Projects/ros_ws/src/general/install/yolov8_msgs/share/yolov8_msgs/cmake/ament_cmake_export_dependencies-extras.cmake
-- Installing: /home/robert/Projects/ros_ws/src/general/install/yolov8_msgs/share/yolov8_msgs/cmake/ament_cmake_export_include_directories-extras.cmake
-- Installing: /home/robert/Projects/ros_ws/src/general/install/yolov8_msgs/share/yolov8_msgs/cmake/ament_cmake_export_libraries-extras.cmake
-- Installing: /home/robert/Projects/ros_ws/src/general/install/yolov8_msgs/share/yolov8_msgs/cmake/ament_cmake_export_targets-extras.cmake
-- Installing: /home/robert/Projects/ros_ws/src/general/install/yolov8_msgs/share/yolov8_msgs/cmake/rosidl_cmake_export_typesupport_targets-extras.cmake
-- Installing: /home/robert/Projects/ros_ws/src/general/install/yolov8_msgs/share/yolov8_msgs/cmake/rosidl_cmake_export_typesupport_libraries-extras.cmake
-- Installing: /home/robert/Projects/ros_ws/src/general/install/yolov8_msgs/share/yolov8_msgs/cmake/yolov8_msgsConfig.cmake
-- Installing: /home/robert/Projects/ros_ws/src/general/install/yolov8_msgs/share/yolov8_msgs/cmake/yolov8_msgsConfig-version.cmake
-- Installing: /home/robert/Projects/ros_ws/src/general/install/yolov8_msgs/share/yolov8_msgs/package.xml
