[0.012s] Invoking command in '/home/robert/Projects/ros_ws/src/general/build/yolov8_msgs': CMAKE_PREFIX_PATH=/opt/ros/humble /usr/bin/cmake /home/robert/Projects/ros_ws/src/general/yolov8_ros/yolov8_msgs -DCMAKE_INSTALL_PREFIX=/home/robert/Projects/ros_ws/src/general/install/yolov8_msgs
[0.098s] -- The C compiler identification is GNU 11.4.0
[0.181s] -- The CXX compiler identification is GNU 11.4.0
[0.188s] -- Detecting C compiler ABI info
[0.249s] -- Detecting C compiler ABI info - done
[0.256s] -- Check for working C compiler: /usr/bin/cc - skipped
[0.256s] -- Detecting C compile features
[0.257s] -- Detecting C compile features - done
[0.260s] -- Detecting CXX compiler ABI info
[0.333s] -- Detecting CXX compiler ABI info - done
[0.340s] -- Check for working CXX compiler: /usr/bin/c++ - skipped
[0.341s] -- Detecting CXX compile features
[0.341s] -- Detecting CXX compile features - done
[0.343s] -- Found ament_cmake: 1.3.11 (/opt/ros/humble/share/ament_cmake/cmake)
[0.499s] -- Found Python3: /usr/bin/python3 (found version "3.10.12") found components: Interpreter 
[0.577s] -- Found rosidl_default_generators: 1.2.0 (/opt/ros/humble/share/rosidl_default_generators/cmake)
[0.580s] -- Using all available rosidl_typesupport_c: rosidl_typesupport_fastrtps_c;rosidl_typesupport_introspection_c
[0.585s] -- Found rosidl_adapter: 3.1.6 (/opt/ros/humble/share/rosidl_adapter/cmake)
[0.620s] -- Using all available rosidl_typesupport_cpp: rosidl_typesupport_fastrtps_cpp;rosidl_typesupport_introspection_cpp
[0.655s] -- Found std_msgs: 4.2.4 (/opt/ros/humble/share/std_msgs/cmake)
[0.680s] -- Found geometry_msgs: 4.2.4 (/opt/ros/humble/share/geometry_msgs/cmake)
[1.063s] -- Found ament_cmake_ros: 0.10.0 (/opt/ros/humble/share/ament_cmake_ros/cmake)
[1.305s] -- Using all available rosidl_typesupport_c: rosidl_typesupport_fastrtps_c;rosidl_typesupport_introspection_c
[1.626s] -- Using all available rosidl_typesupport_cpp: rosidl_typesupport_fastrtps_cpp;rosidl_typesupport_introspection_cpp
[1.648s] -- Found PythonInterp: /usr/bin/python3 (found suitable version "3.10.12", minimum required is "3.6") 
[1.650s] -- Found python_cmake_module: 0.10.0 (/opt/ros/humble/share/python_cmake_module/cmake)
[1.676s] -- Found PythonLibs: /usr/lib/x86_64-linux-gnu/libpython3.10.so (found suitable version "3.10.12", minimum required is "3.5") 
[1.676s] -- Using PYTHON_EXECUTABLE: /usr/bin/python3
[1.676s] -- Using PYTHON_INCLUDE_DIRS: /usr/include/python3.10
[1.676s] -- Using PYTHON_LIBRARIES: /usr/lib/x86_64-linux-gnu/libpython3.10.so
[1.696s] -- Found PythonExtra: .so  
[1.765s] -- Configuring done
[1.836s] -- Generating done
[1.851s] -- Build files have been written to: /home/robert/Projects/ros_ws/src/general/build/yolov8_msgs
[1.858s] Invoked command in '/home/robert/Projects/ros_ws/src/general/build/yolov8_msgs' returned '0': CMAKE_PREFIX_PATH=/opt/ros/humble /usr/bin/cmake /home/robert/Projects/ros_ws/src/general/yolov8_ros/yolov8_msgs -DCMAKE_INSTALL_PREFIX=/home/robert/Projects/ros_ws/src/general/install/yolov8_msgs
[1.860s] Invoking command in '/home/robert/Projects/ros_ws/src/general/build/yolov8_msgs': CMAKE_PREFIX_PATH=/opt/ros/humble /usr/bin/cmake --build /home/robert/Projects/ros_ws/src/general/build/yolov8_msgs -- -j12 -l12
[1.901s] [  1%] [34m[1mGenerating C code for ROS interfaces[0m
[1.913s] [  1%] [34m[1mGenerating C++ code for ROS interfaces[0m
[1.921s] [  1%] Built target ament_cmake_python_copy_yolov8_msgs
[2.213s] running egg_info
[2.214s] creating yolov8_msgs.egg-info
[2.215s] writing yolov8_msgs.egg-info/PKG-INFO
[2.215s] writing dependency_links to yolov8_msgs.egg-info/dependency_links.txt
[2.215s] writing top-level names to yolov8_msgs.egg-info/top_level.txt
[2.215s] writing manifest file 'yolov8_msgs.egg-info/SOURCES.txt'
[2.218s] reading manifest file 'yolov8_msgs.egg-info/SOURCES.txt'
[2.219s] writing manifest file 'yolov8_msgs.egg-info/SOURCES.txt'
[2.257s] [  1%] Built target ament_cmake_python_build_yolov8_msgs_egg
[3.720s] [  1%] Built target yolov8_msgs__cpp
[3.750s] [  2%] [34m[1mGenerating C++ type support dispatch for ROS interfaces[0m
[3.750s] [  3%] [34m[1mGenerating C++ type support for eProsima Fast-RTPS[0m
[3.767s] [  3%] [34m[1mGenerating C++ introspection for ROS interfaces[0m
[4.268s] [  3%] [32mBuilding C object CMakeFiles/yolov8_msgs__rosidl_generator_c.dir/rosidl_generator_c/yolov8_msgs/msg/detail/point2_d__functions.c.o[0m
[4.270s] [  4%] [32mBuilding C object CMakeFiles/yolov8_msgs__rosidl_generator_c.dir/rosidl_generator_c/yolov8_msgs/msg/detail/vector2__functions.c.o[0m
[4.278s] [  4%] [32mBuilding C object CMakeFiles/yolov8_msgs__rosidl_generator_c.dir/rosidl_generator_c/yolov8_msgs/msg/detail/bounding_box2_d__functions.c.o[0m
[4.285s] [  5%] [32mBuilding C object CMakeFiles/yolov8_msgs__rosidl_generator_c.dir/rosidl_generator_c/yolov8_msgs/msg/detail/pose2_d__functions.c.o[0m
[4.297s] [  6%] [32mBuilding C object CMakeFiles/yolov8_msgs__rosidl_generator_c.dir/rosidl_generator_c/yolov8_msgs/msg/detail/bounding_box3_d__functions.c.o[0m
[4.299s] [  7%] [32mBuilding C object CMakeFiles/yolov8_msgs__rosidl_generator_c.dir/rosidl_generator_c/yolov8_msgs/msg/detail/iceberg_bounding_box2_d__functions.c.o[0m
[4.305s] [  7%] [32mBuilding C object CMakeFiles/yolov8_msgs__rosidl_generator_c.dir/rosidl_generator_c/yolov8_msgs/msg/detail/mask__functions.c.o[0m
[4.313s] [  8%] [32mBuilding C object CMakeFiles/yolov8_msgs__rosidl_generator_c.dir/rosidl_generator_c/yolov8_msgs/msg/detail/key_point2_d_array__functions.c.o[0m
[4.326s] [  9%] [32mBuilding C object CMakeFiles/yolov8_msgs__rosidl_generator_c.dir/rosidl_generator_c/yolov8_msgs/msg/detail/key_point2_d__functions.c.o[0m
[4.438s] [ 10%] [32mBuilding C object CMakeFiles/yolov8_msgs__rosidl_generator_c.dir/rosidl_generator_c/yolov8_msgs/msg/detail/key_point3_d__functions.c.o[0m
[4.443s] [ 10%] [32mBuilding C object CMakeFiles/yolov8_msgs__rosidl_generator_c.dir/rosidl_generator_c/yolov8_msgs/msg/detail/key_point3_d_array__functions.c.o[0m
[4.506s] [ 11%] [32mBuilding C object CMakeFiles/yolov8_msgs__rosidl_generator_c.dir/rosidl_generator_c/yolov8_msgs/msg/detail/detection_array__functions.c.o[0m
[4.506s] [ 12%] [32mBuilding C object CMakeFiles/yolov8_msgs__rosidl_generator_c.dir/rosidl_generator_c/yolov8_msgs/msg/detail/detection__functions.c.o[0m
[4.508s] [ 12%] [32mBuilding C object CMakeFiles/yolov8_msgs__rosidl_generator_c.dir/rosidl_generator_c/yolov8_msgs/msg/detail/iceberg_detection__functions.c.o[0m
[4.529s] [ 13%] [32mBuilding C object CMakeFiles/yolov8_msgs__rosidl_generator_c.dir/rosidl_generator_c/yolov8_msgs/msg/detail/iceberg_detection_array__functions.c.o[0m
[4.729s] [ 14%] [32m[1mLinking C shared library libyolov8_msgs__rosidl_generator_c.so[0m
[4.861s] [ 14%] Built target yolov8_msgs__rosidl_generator_c
[4.903s] [ 15%] [34m[1mGenerating C introspection for ROS interfaces[0m
[4.913s] [ 17%] [34m[1mGenerating C type support for eProsima Fast-RTPS[0m
[4.913s] [ 17%] [34m[1mGenerating C type support dispatch for ROS interfaces[0m
[6.891s] [ 18%] [32mBuilding CXX object CMakeFiles/yolov8_msgs__rosidl_typesupport_cpp.dir/rosidl_typesupport_cpp/yolov8_msgs/msg/point2_d__type_support.cpp.o[0m
[6.896s] [ 18%] [32mBuilding CXX object CMakeFiles/yolov8_msgs__rosidl_typesupport_cpp.dir/rosidl_typesupport_cpp/yolov8_msgs/msg/vector2__type_support.cpp.o[0m
[6.909s] [ 19%] [32mBuilding CXX object CMakeFiles/yolov8_msgs__rosidl_typesupport_cpp.dir/rosidl_typesupport_cpp/yolov8_msgs/msg/bounding_box2_d__type_support.cpp.o[0m
[6.910s] [ 20%] [32mBuilding CXX object CMakeFiles/yolov8_msgs__rosidl_typesupport_cpp.dir/rosidl_typesupport_cpp/yolov8_msgs/msg/pose2_d__type_support.cpp.o[0m
[6.914s] [ 21%] [32mBuilding CXX object CMakeFiles/yolov8_msgs__rosidl_typesupport_cpp.dir/rosidl_typesupport_cpp/yolov8_msgs/msg/bounding_box3_d__type_support.cpp.o[0m
[6.919s] [ 21%] [32mBuilding CXX object CMakeFiles/yolov8_msgs__rosidl_typesupport_cpp.dir/rosidl_typesupport_cpp/yolov8_msgs/msg/iceberg_bounding_box2_d__type_support.cpp.o[0m
[6.923s] [ 22%] [32mBuilding CXX object CMakeFiles/yolov8_msgs__rosidl_typesupport_cpp.dir/rosidl_typesupport_cpp/yolov8_msgs/msg/mask__type_support.cpp.o[0m
[7.239s] [ 23%] [32mBuilding CXX object CMakeFiles/yolov8_msgs__rosidl_typesupport_introspection_cpp.dir/rosidl_typesupport_introspection_cpp/yolov8_msgs/msg/detail/point2_d__type_support.cpp.o[0m
[7.519s] [ 24%] [32mBuilding CXX object CMakeFiles/yolov8_msgs__rosidl_typesupport_introspection_cpp.dir/rosidl_typesupport_introspection_cpp/yolov8_msgs/msg/detail/vector2__type_support.cpp.o[0m
[7.535s] [ 24%] [32mBuilding CXX object CMakeFiles/yolov8_msgs__rosidl_typesupport_introspection_cpp.dir/rosidl_typesupport_introspection_cpp/yolov8_msgs/msg/detail/pose2_d__type_support.cpp.o[0m
[7.543s] [ 25%] [32mBuilding CXX object CMakeFiles/yolov8_msgs__rosidl_typesupport_cpp.dir/rosidl_typesupport_cpp/yolov8_msgs/msg/key_point2_d__type_support.cpp.o[0m
[7.555s] [ 26%] [32mBuilding CXX object CMakeFiles/yolov8_msgs__rosidl_typesupport_introspection_cpp.dir/rosidl_typesupport_introspection_cpp/yolov8_msgs/msg/detail/bounding_box2_d__type_support.cpp.o[0m
[7.580s] [ 26%] [32mBuilding CXX object CMakeFiles/yolov8_msgs__rosidl_typesupport_cpp.dir/rosidl_typesupport_cpp/yolov8_msgs/msg/key_point2_d_array__type_support.cpp.o[0m
[7.593s] [ 27%] [32mBuilding CXX object CMakeFiles/yolov8_msgs__rosidl_typesupport_introspection_cpp.dir/rosidl_typesupport_introspection_cpp/yolov8_msgs/msg/detail/iceberg_bounding_box2_d__type_support.cpp.o[0m
[7.628s] [ 28%] [32mBuilding CXX object CMakeFiles/yolov8_msgs__rosidl_typesupport_cpp.dir/rosidl_typesupport_cpp/yolov8_msgs/msg/key_point3_d__type_support.cpp.o[0m
[7.720s] [ 28%] [32mBuilding CXX object CMakeFiles/yolov8_msgs__rosidl_typesupport_c.dir/rosidl_typesupport_c/yolov8_msgs/msg/point2_d__type_support.cpp.o[0m
[7.836s] [ 29%] [32mBuilding CXX object CMakeFiles/yolov8_msgs__rosidl_typesupport_c.dir/rosidl_typesupport_c/yolov8_msgs/msg/vector2__type_support.cpp.o[0m
[7.934s] [ 30%] [32mBuilding CXX object CMakeFiles/yolov8_msgs__rosidl_typesupport_fastrtps_cpp.dir/rosidl_typesupport_fastrtps_cpp/yolov8_msgs/msg/detail/dds_fastrtps/point2_d__type_support.cpp.o[0m
[7.948s] [ 31%] [32mBuilding CXX object CMakeFiles/yolov8_msgs__rosidl_typesupport_c.dir/rosidl_typesupport_c/yolov8_msgs/msg/pose2_d__type_support.cpp.o[0m
[8.039s] [ 32%] [32mBuilding CXX object CMakeFiles/yolov8_msgs__rosidl_typesupport_fastrtps_cpp.dir/rosidl_typesupport_fastrtps_cpp/yolov8_msgs/msg/detail/dds_fastrtps/vector2__type_support.cpp.o[0m
[8.045s] [ 32%] [32mBuilding CXX object CMakeFiles/yolov8_msgs__rosidl_typesupport_c.dir/rosidl_typesupport_c/yolov8_msgs/msg/bounding_box2_d__type_support.cpp.o[0m
[8.135s] [ 33%] [32mBuilding CXX object CMakeFiles/yolov8_msgs__rosidl_typesupport_c.dir/rosidl_typesupport_c/yolov8_msgs/msg/iceberg_bounding_box2_d__type_support.cpp.o[0m
[8.212s] [ 34%] [32mBuilding CXX object CMakeFiles/yolov8_msgs__rosidl_typesupport_c.dir/rosidl_typesupport_c/yolov8_msgs/msg/bounding_box3_d__type_support.cpp.o[0m
[8.224s] [ 34%] [32mBuilding CXX object CMakeFiles/yolov8_msgs__rosidl_typesupport_fastrtps_cpp.dir/rosidl_typesupport_fastrtps_cpp/yolov8_msgs/msg/detail/dds_fastrtps/pose2_d__type_support.cpp.o[0m
[8.282s] [ 35%] [32mBuilding CXX object CMakeFiles/yolov8_msgs__rosidl_typesupport_fastrtps_cpp.dir/rosidl_typesupport_fastrtps_cpp/yolov8_msgs/msg/detail/dds_fastrtps/bounding_box2_d__type_support.cpp.o[0m
[8.320s] [ 36%] [32mBuilding CXX object CMakeFiles/yolov8_msgs__rosidl_typesupport_c.dir/rosidl_typesupport_c/yolov8_msgs/msg/mask__type_support.cpp.o[0m
[8.322s] [ 37%] [32mBuilding CXX object CMakeFiles/yolov8_msgs__rosidl_typesupport_fastrtps_cpp.dir/rosidl_typesupport_fastrtps_cpp/yolov8_msgs/msg/detail/dds_fastrtps/iceberg_bounding_box2_d__type_support.cpp.o[0m
[8.397s] [ 38%] [32mBuilding CXX object CMakeFiles/yolov8_msgs__rosidl_typesupport_cpp.dir/rosidl_typesupport_cpp/yolov8_msgs/msg/key_point3_d_array__type_support.cpp.o[0m
[8.399s] [ 38%] [32mBuilding CXX object CMakeFiles/yolov8_msgs__rosidl_typesupport_fastrtps_cpp.dir/rosidl_typesupport_fastrtps_cpp/yolov8_msgs/msg/detail/dds_fastrtps/bounding_box3_d__type_support.cpp.o[0m
[8.416s] [ 38%] [32mBuilding CXX object CMakeFiles/yolov8_msgs__rosidl_typesupport_c.dir/rosidl_typesupport_c/yolov8_msgs/msg/key_point2_d__type_support.cpp.o[0m
[8.485s] [ 39%] [32mBuilding CXX object CMakeFiles/yolov8_msgs__rosidl_typesupport_fastrtps_cpp.dir/rosidl_typesupport_fastrtps_cpp/yolov8_msgs/msg/detail/dds_fastrtps/mask__type_support.cpp.o[0m
[8.524s] [ 40%] [32mBuilding CXX object CMakeFiles/yolov8_msgs__rosidl_typesupport_c.dir/rosidl_typesupport_c/yolov8_msgs/msg/key_point2_d_array__type_support.cpp.o[0m
[8.548s] [ 41%] [32mBuilding C object CMakeFiles/yolov8_msgs__rosidl_typesupport_introspection_c.dir/rosidl_typesupport_introspection_c/yolov8_msgs/msg/detail/point2_d__type_support.c.o[0m
[8.570s] [ 42%] [32mBuilding CXX object CMakeFiles/yolov8_msgs__rosidl_typesupport_fastrtps_c.dir/rosidl_typesupport_fastrtps_c/yolov8_msgs/msg/detail/point2_d__type_support_c.cpp.o[0m
[8.589s] [ 43%] [32mBuilding CXX object CMakeFiles/yolov8_msgs__rosidl_typesupport_c.dir/rosidl_typesupport_c/yolov8_msgs/msg/key_point3_d__type_support.cpp.o[0m
[8.643s] [ 43%] [32mBuilding C object CMakeFiles/yolov8_msgs__rosidl_typesupport_introspection_c.dir/rosidl_typesupport_introspection_c/yolov8_msgs/msg/detail/vector2__type_support.c.o[0m
[8.669s] [ 43%] [32mBuilding CXX object CMakeFiles/yolov8_msgs__rosidl_typesupport_c.dir/rosidl_typesupport_c/yolov8_msgs/msg/key_point3_d_array__type_support.cpp.o[0m
[8.710s] [ 44%] [32mBuilding CXX object CMakeFiles/yolov8_msgs__rosidl_typesupport_introspection_cpp.dir/rosidl_typesupport_introspection_cpp/yolov8_msgs/msg/detail/bounding_box3_d__type_support.cpp.o[0m
[8.724s] [ 44%] [32mBuilding CXX object CMakeFiles/yolov8_msgs__rosidl_typesupport_cpp.dir/rosidl_typesupport_cpp/yolov8_msgs/msg/detection__type_support.cpp.o[0m
[8.746s] [ 45%] [32mBuilding C object CMakeFiles/yolov8_msgs__rosidl_typesupport_introspection_c.dir/rosidl_typesupport_introspection_c/yolov8_msgs/msg/detail/pose2_d__type_support.c.o[0m
[8.781s] [ 46%] [32mBuilding CXX object CMakeFiles/yolov8_msgs__rosidl_typesupport_c.dir/rosidl_typesupport_c/yolov8_msgs/msg/detection__type_support.cpp.o[0m
[8.817s] [ 47%] [32mBuilding C object CMakeFiles/yolov8_msgs__rosidl_typesupport_introspection_c.dir/rosidl_typesupport_introspection_c/yolov8_msgs/msg/detail/bounding_box2_d__type_support.c.o[0m
[8.905s] [ 48%] [32mBuilding C object CMakeFiles/yolov8_msgs__rosidl_typesupport_introspection_c.dir/rosidl_typesupport_introspection_c/yolov8_msgs/msg/detail/iceberg_bounding_box2_d__type_support.c.o[0m
[8.914s] [ 49%] [32mBuilding CXX object CMakeFiles/yolov8_msgs__rosidl_typesupport_c.dir/rosidl_typesupport_c/yolov8_msgs/msg/detection_array__type_support.cpp.o[0m
[8.977s] [ 49%] [32mBuilding C object CMakeFiles/yolov8_msgs__rosidl_typesupport_introspection_c.dir/rosidl_typesupport_introspection_c/yolov8_msgs/msg/detail/bounding_box3_d__type_support.c.o[0m
[8.978s] [ 49%] [32mBuilding CXX object CMakeFiles/yolov8_msgs__rosidl_typesupport_c.dir/rosidl_typesupport_c/yolov8_msgs/msg/iceberg_detection__type_support.cpp.o[0m
[9.000s] [ 49%] [32mBuilding CXX object CMakeFiles/yolov8_msgs__rosidl_typesupport_fastrtps_c.dir/rosidl_typesupport_fastrtps_c/yolov8_msgs/msg/detail/vector2__type_support_c.cpp.o[0m
[9.063s] [ 50%] [32mBuilding CXX object CMakeFiles/yolov8_msgs__rosidl_typesupport_c.dir/rosidl_typesupport_c/yolov8_msgs/msg/iceberg_detection_array__type_support.cpp.o[0m
[9.081s] [ 51%] [32mBuilding C object CMakeFiles/yolov8_msgs__rosidl_typesupport_introspection_c.dir/rosidl_typesupport_introspection_c/yolov8_msgs/msg/detail/mask__type_support.c.o[0m
[9.130s] [ 51%] [32mBuilding CXX object CMakeFiles/yolov8_msgs__rosidl_typesupport_introspection_cpp.dir/rosidl_typesupport_introspection_cpp/yolov8_msgs/msg/detail/mask__type_support.cpp.o[0m
[9.155s] [ 52%] [32mBuilding CXX object CMakeFiles/yolov8_msgs__rosidl_typesupport_introspection_cpp.dir/rosidl_typesupport_introspection_cpp/yolov8_msgs/msg/detail/key_point2_d__type_support.cpp.o[0m
[9.160s] [ 53%] [32mBuilding C object CMakeFiles/yolov8_msgs__rosidl_typesupport_introspection_c.dir/rosidl_typesupport_introspection_c/yolov8_msgs/msg/detail/key_point2_d__type_support.c.o[0m
[9.163s] [ 54%] [32m[1mLinking CXX shared library libyolov8_msgs__rosidl_typesupport_c.so[0m
[9.273s] [ 55%] [32mBuilding CXX object CMakeFiles/yolov8_msgs__rosidl_typesupport_cpp.dir/rosidl_typesupport_cpp/yolov8_msgs/msg/detection_array__type_support.cpp.o[0m
[9.293s] [ 55%] [32mBuilding C object CMakeFiles/yolov8_msgs__rosidl_typesupport_introspection_c.dir/rosidl_typesupport_introspection_c/yolov8_msgs/msg/detail/key_point2_d_array__type_support.c.o[0m
[9.307s] [ 56%] [32mBuilding CXX object CMakeFiles/yolov8_msgs__rosidl_typesupport_introspection_cpp.dir/rosidl_typesupport_introspection_cpp/yolov8_msgs/msg/detail/key_point2_d_array__type_support.cpp.o[0m
[9.321s] [ 56%] Built target yolov8_msgs__rosidl_typesupport_c
[9.353s] [ 57%] [32mBuilding C object CMakeFiles/yolov8_msgs__rosidl_typesupport_introspection_c.dir/rosidl_typesupport_introspection_c/yolov8_msgs/msg/detail/key_point3_d__type_support.c.o[0m
[9.379s] [ 58%] [32mBuilding CXX object CMakeFiles/yolov8_msgs__rosidl_typesupport_cpp.dir/rosidl_typesupport_cpp/yolov8_msgs/msg/iceberg_detection__type_support.cpp.o[0m
[9.415s] [ 58%] [32mBuilding CXX object CMakeFiles/yolov8_msgs__rosidl_typesupport_introspection_cpp.dir/rosidl_typesupport_introspection_cpp/yolov8_msgs/msg/detail/key_point3_d__type_support.cpp.o[0m
[9.428s] [ 58%] [32mBuilding CXX object CMakeFiles/yolov8_msgs__rosidl_typesupport_cpp.dir/rosidl_typesupport_cpp/yolov8_msgs/msg/iceberg_detection_array__type_support.cpp.o[0m
[9.429s] [ 59%] [32mBuilding CXX object CMakeFiles/yolov8_msgs__rosidl_typesupport_fastrtps_cpp.dir/rosidl_typesupport_fastrtps_cpp/yolov8_msgs/msg/detail/dds_fastrtps/key_point2_d__type_support.cpp.o[0m
[9.444s] [ 60%] [32mBuilding CXX object CMakeFiles/yolov8_msgs__rosidl_typesupport_introspection_cpp.dir/rosidl_typesupport_introspection_cpp/yolov8_msgs/msg/detail/key_point3_d_array__type_support.cpp.o[0m
[9.455s] [ 61%] [32mBuilding C object CMakeFiles/yolov8_msgs__rosidl_typesupport_introspection_c.dir/rosidl_typesupport_introspection_c/yolov8_msgs/msg/detail/key_point3_d_array__type_support.c.o[0m
[9.558s] [ 61%] [32mBuilding C object CMakeFiles/yolov8_msgs__rosidl_typesupport_introspection_c.dir/rosidl_typesupport_introspection_c/yolov8_msgs/msg/detail/detection__type_support.c.o[0m
[9.716s] [ 62%] [32mBuilding C object CMakeFiles/yolov8_msgs__rosidl_typesupport_introspection_c.dir/rosidl_typesupport_introspection_c/yolov8_msgs/msg/detail/detection_array__type_support.c.o[0m
[9.732s] [ 63%] [32mBuilding C object CMakeFiles/yolov8_msgs__rosidl_typesupport_introspection_c.dir/rosidl_typesupport_introspection_c/yolov8_msgs/msg/detail/iceberg_detection__type_support.c.o[0m
[9.775s] [ 64%] [32mBuilding CXX object CMakeFiles/yolov8_msgs__rosidl_typesupport_fastrtps_c.dir/rosidl_typesupport_fastrtps_c/yolov8_msgs/msg/detail/pose2_d__type_support_c.cpp.o[0m
[9.811s] [ 64%] [32mBuilding CXX object CMakeFiles/yolov8_msgs__rosidl_typesupport_fastrtps_cpp.dir/rosidl_typesupport_fastrtps_cpp/yolov8_msgs/msg/detail/dds_fastrtps/key_point2_d_array__type_support.cpp.o[0m
[9.876s] [ 65%] [32mBuilding C object CMakeFiles/yolov8_msgs__rosidl_typesupport_introspection_c.dir/rosidl_typesupport_introspection_c/yolov8_msgs/msg/detail/iceberg_detection_array__type_support.c.o[0m
[9.973s] [ 66%] [32mBuilding CXX object CMakeFiles/yolov8_msgs__rosidl_typesupport_fastrtps_cpp.dir/rosidl_typesupport_fastrtps_cpp/yolov8_msgs/msg/detail/dds_fastrtps/key_point3_d__type_support.cpp.o[0m
[10.034s] [ 66%] [32m[1mLinking C shared library libyolov8_msgs__rosidl_typesupport_introspection_c.so[0m
[10.055s] [ 67%] [32mBuilding CXX object CMakeFiles/yolov8_msgs__rosidl_typesupport_fastrtps_c.dir/rosidl_typesupport_fastrtps_c/yolov8_msgs/msg/detail/bounding_box2_d__type_support_c.cpp.o[0m
[10.057s] [ 68%] [32mBuilding CXX object CMakeFiles/yolov8_msgs__rosidl_typesupport_introspection_cpp.dir/rosidl_typesupport_introspection_cpp/yolov8_msgs/msg/detail/detection__type_support.cpp.o[0m
[10.070s] [ 68%] [32mBuilding CXX object CMakeFiles/yolov8_msgs__rosidl_typesupport_introspection_cpp.dir/rosidl_typesupport_introspection_cpp/yolov8_msgs/msg/detail/detection_array__type_support.cpp.o[0m
[10.140s] [ 68%] Built target yolov8_msgs__rosidl_typesupport_introspection_c
[10.153s] [ 69%] [32m[1mLinking CXX shared library libyolov8_msgs__rosidl_typesupport_cpp.so[0m
[10.176s] [ 70%] [32mBuilding CXX object CMakeFiles/yolov8_msgs__rosidl_typesupport_introspection_cpp.dir/rosidl_typesupport_introspection_cpp/yolov8_msgs/msg/detail/iceberg_detection__type_support.cpp.o[0m
[10.301s] [ 71%] [32mBuilding CXX object CMakeFiles/yolov8_msgs__rosidl_typesupport_introspection_cpp.dir/rosidl_typesupport_introspection_cpp/yolov8_msgs/msg/detail/iceberg_detection_array__type_support.cpp.o[0m
[10.330s] [ 71%] Built target yolov8_msgs__rosidl_typesupport_cpp
[10.346s] [ 71%] [32mBuilding CXX object CMakeFiles/yolov8_msgs__rosidl_typesupport_fastrtps_c.dir/rosidl_typesupport_fastrtps_c/yolov8_msgs/msg/detail/iceberg_bounding_box2_d__type_support_c.cpp.o[0m
[10.363s] [ 72%] [32mBuilding CXX object CMakeFiles/yolov8_msgs__rosidl_typesupport_fastrtps_c.dir/rosidl_typesupport_fastrtps_c/yolov8_msgs/msg/detail/bounding_box3_d__type_support_c.cpp.o[0m
[10.371s] [ 73%] [32mBuilding CXX object CMakeFiles/yolov8_msgs__rosidl_typesupport_fastrtps_c.dir/rosidl_typesupport_fastrtps_c/yolov8_msgs/msg/detail/mask__type_support_c.cpp.o[0m
[10.532s] [ 74%] [32mBuilding CXX object CMakeFiles/yolov8_msgs__rosidl_typesupport_fastrtps_cpp.dir/rosidl_typesupport_fastrtps_cpp/yolov8_msgs/msg/detail/dds_fastrtps/key_point3_d_array__type_support.cpp.o[0m
[10.746s] [ 75%] [32mBuilding CXX object CMakeFiles/yolov8_msgs__rosidl_typesupport_fastrtps_cpp.dir/rosidl_typesupport_fastrtps_cpp/yolov8_msgs/msg/detail/dds_fastrtps/detection__type_support.cpp.o[0m
[11.064s] [ 75%] [32mBuilding CXX object CMakeFiles/yolov8_msgs__rosidl_typesupport_fastrtps_cpp.dir/rosidl_typesupport_fastrtps_cpp/yolov8_msgs/msg/detail/dds_fastrtps/detection_array__type_support.cpp.o[0m
[11.107s] [ 75%] [32mBuilding CXX object CMakeFiles/yolov8_msgs__rosidl_typesupport_fastrtps_c.dir/rosidl_typesupport_fastrtps_c/yolov8_msgs/msg/detail/key_point2_d__type_support_c.cpp.o[0m
[11.152s] [ 76%] [32mBuilding CXX object CMakeFiles/yolov8_msgs__rosidl_typesupport_fastrtps_c.dir/rosidl_typesupport_fastrtps_c/yolov8_msgs/msg/detail/key_point2_d_array__type_support_c.cpp.o[0m
[11.174s] [ 77%] [32mBuilding CXX object CMakeFiles/yolov8_msgs__rosidl_typesupport_fastrtps_cpp.dir/rosidl_typesupport_fastrtps_cpp/yolov8_msgs/msg/detail/dds_fastrtps/iceberg_detection__type_support.cpp.o[0m
[11.324s] [ 78%] [32mBuilding CXX object CMakeFiles/yolov8_msgs__rosidl_typesupport_fastrtps_cpp.dir/rosidl_typesupport_fastrtps_cpp/yolov8_msgs/msg/detail/dds_fastrtps/iceberg_detection_array__type_support.cpp.o[0m
[11.340s] [ 79%] [32mBuilding CXX object CMakeFiles/yolov8_msgs__rosidl_typesupport_fastrtps_c.dir/rosidl_typesupport_fastrtps_c/yolov8_msgs/msg/detail/key_point3_d__type_support_c.cpp.o[0m
[11.347s] [ 80%] [32mBuilding CXX object CMakeFiles/yolov8_msgs__rosidl_typesupport_fastrtps_c.dir/rosidl_typesupport_fastrtps_c/yolov8_msgs/msg/detail/key_point3_d_array__type_support_c.cpp.o[0m
[11.429s] [ 80%] [32mBuilding CXX object CMakeFiles/yolov8_msgs__rosidl_typesupport_fastrtps_c.dir/rosidl_typesupport_fastrtps_c/yolov8_msgs/msg/detail/detection__type_support_c.cpp.o[0m
[11.459s] [ 81%] [32mBuilding CXX object CMakeFiles/yolov8_msgs__rosidl_typesupport_fastrtps_c.dir/rosidl_typesupport_fastrtps_c/yolov8_msgs/msg/detail/detection_array__type_support_c.cpp.o[0m
[11.629s] [ 82%] [32mBuilding CXX object CMakeFiles/yolov8_msgs__rosidl_typesupport_fastrtps_c.dir/rosidl_typesupport_fastrtps_c/yolov8_msgs/msg/detail/iceberg_detection__type_support_c.cpp.o[0m
[11.663s] [ 83%] [32m[1mLinking CXX shared library libyolov8_msgs__rosidl_typesupport_introspection_cpp.so[0m
[11.942s] [ 83%] [32mBuilding CXX object CMakeFiles/yolov8_msgs__rosidl_typesupport_fastrtps_c.dir/rosidl_typesupport_fastrtps_c/yolov8_msgs/msg/detail/iceberg_detection_array__type_support_c.cpp.o[0m
[11.943s] [ 83%] Built target yolov8_msgs__rosidl_typesupport_introspection_cpp
[12.274s] [ 83%] [32m[1mLinking CXX shared library libyolov8_msgs__rosidl_typesupport_fastrtps_cpp.so[0m
[12.368s] [ 84%] [32m[1mLinking CXX shared library libyolov8_msgs__rosidl_typesupport_fastrtps_c.so[0m
[12.368s] [ 84%] Built target yolov8_msgs__rosidl_typesupport_fastrtps_cpp
[12.476s] [ 84%] Built target yolov8_msgs__rosidl_typesupport_fastrtps_c
[12.498s] [ 84%] Built target yolov8_msgs
[12.519s] [ 85%] [34m[1mGenerating Python code for ROS interfaces[0m
[14.496s] [ 85%] Built target yolov8_msgs__py
[14.524s] [ 86%] [32mBuilding C object CMakeFiles/yolov8_msgs__rosidl_generator_py.dir/rosidl_generator_py/yolov8_msgs/msg/_vector2_s.c.o[0m
[14.524s] [ 86%] [32mBuilding C object CMakeFiles/yolov8_msgs__rosidl_generator_py.dir/rosidl_generator_py/yolov8_msgs/msg/_point2_d_s.c.o[0m
[14.524s] [ 87%] [32mBuilding C object CMakeFiles/yolov8_msgs__rosidl_generator_py.dir/rosidl_generator_py/yolov8_msgs/msg/_bounding_box2_d_s.c.o[0m
[14.524s] [ 88%] [32mBuilding C object CMakeFiles/yolov8_msgs__rosidl_generator_py.dir/rosidl_generator_py/yolov8_msgs/msg/_pose2_d_s.c.o[0m
[14.524s] [ 88%] [32mBuilding C object CMakeFiles/yolov8_msgs__rosidl_generator_py.dir/rosidl_generator_py/yolov8_msgs/msg/_iceberg_bounding_box2_d_s.c.o[0m
[14.524s] [ 88%] [32mBuilding C object CMakeFiles/yolov8_msgs__rosidl_generator_py.dir/rosidl_generator_py/yolov8_msgs/msg/_key_point2_d_s.c.o[0m
[14.524s] [ 89%] [32mBuilding C object CMakeFiles/yolov8_msgs__rosidl_generator_py.dir/rosidl_generator_py/yolov8_msgs/msg/_key_point2_d_array_s.c.o[0m
[14.524s] [ 90%] [32mBuilding C object CMakeFiles/yolov8_msgs__rosidl_generator_py.dir/rosidl_generator_py/yolov8_msgs/msg/_key_point3_d_s.c.o[0m
[14.525s] [ 91%] [32mBuilding C object CMakeFiles/yolov8_msgs__rosidl_generator_py.dir/rosidl_generator_py/yolov8_msgs/msg/_mask_s.c.o[0m
[14.527s] [ 91%] [32mBuilding C object CMakeFiles/yolov8_msgs__rosidl_generator_py.dir/rosidl_generator_py/yolov8_msgs/msg/_key_point3_d_array_s.c.o[0m
[14.531s] [ 92%] [32mBuilding C object CMakeFiles/yolov8_msgs__rosidl_generator_py.dir/rosidl_generator_py/yolov8_msgs/msg/_bounding_box3_d_s.c.o[0m
[14.531s] [ 93%] [32mBuilding C object CMakeFiles/yolov8_msgs__rosidl_generator_py.dir/rosidl_generator_py/yolov8_msgs/msg/_detection_s.c.o[0m
[14.741s] [ 95%] [32mBuilding C object CMakeFiles/yolov8_msgs__rosidl_generator_py.dir/rosidl_generator_py/yolov8_msgs/msg/_detection_array_s.c.o[0m
[14.742s] [ 95%] [32mBuilding C object CMakeFiles/yolov8_msgs__rosidl_generator_py.dir/rosidl_generator_py/yolov8_msgs/msg/_iceberg_detection_array_s.c.o[0m
[14.742s] [ 95%] [32mBuilding C object CMakeFiles/yolov8_msgs__rosidl_generator_py.dir/rosidl_generator_py/yolov8_msgs/msg/_iceberg_detection_s.c.o[0m
[14.887s] [ 96%] [32m[1mLinking C shared library rosidl_generator_py/yolov8_msgs/libyolov8_msgs__rosidl_generator_py.so[0m
[14.930s] [ 96%] Built target yolov8_msgs__rosidl_generator_py
[14.953s] [ 99%] [32mBuilding C object CMakeFiles/yolov8_msgs__rosidl_typesupport_fastrtps_c__pyext.dir/rosidl_generator_py/yolov8_msgs/_yolov8_msgs_s.ep.rosidl_typesupport_fastrtps_c.c.o[0m
[14.953s] [ 99%] [32mBuilding C object CMakeFiles/yolov8_msgs__rosidl_typesupport_introspection_c__pyext.dir/rosidl_generator_py/yolov8_msgs/_yolov8_msgs_s.ep.rosidl_typesupport_introspection_c.c.o[0m
[14.954s] [ 99%] [32mBuilding C object CMakeFiles/yolov8_msgs__rosidl_typesupport_c__pyext.dir/rosidl_generator_py/yolov8_msgs/_yolov8_msgs_s.ep.rosidl_typesupport_c.c.o[0m
[15.104s] [ 99%] [32m[1mLinking C shared library rosidl_generator_py/yolov8_msgs/yolov8_msgs_s__rosidl_typesupport_fastrtps_c.cpython-310-x86_64-linux-gnu.so[0m
[15.110s] [100%] [32m[1mLinking C shared library rosidl_generator_py/yolov8_msgs/yolov8_msgs_s__rosidl_typesupport_introspection_c.cpython-310-x86_64-linux-gnu.so[0m
[15.115s] [100%] [32m[1mLinking C shared library rosidl_generator_py/yolov8_msgs/yolov8_msgs_s__rosidl_typesupport_c.cpython-310-x86_64-linux-gnu.so[0m
[15.146s] [100%] Built target yolov8_msgs__rosidl_typesupport_fastrtps_c__pyext
[15.151s] [100%] Built target yolov8_msgs__rosidl_typesupport_introspection_c__pyext
[15.158s] [100%] Built target yolov8_msgs__rosidl_typesupport_c__pyext
[15.170s] Invoked command in '/home/robert/Projects/ros_ws/src/general/build/yolov8_msgs' returned '0': CMAKE_PREFIX_PATH=/opt/ros/humble /usr/bin/cmake --build /home/robert/Projects/ros_ws/src/general/build/yolov8_msgs -- -j12 -l12
[15.172s] Invoking command in '/home/robert/Projects/ros_ws/src/general/build/yolov8_msgs': CMAKE_PREFIX_PATH=/opt/ros/humble /usr/bin/cmake --install /home/robert/Projects/ros_ws/src/general/build/yolov8_msgs
[15.179s] -- Install configuration: ""
[15.179s] -- Installing: /home/robert/Projects/ros_ws/src/general/install/yolov8_msgs/share/ament_index/resource_index/rosidl_interfaces/yolov8_msgs
[15.179s] -- Installing: /home/robert/Projects/ros_ws/src/general/install/yolov8_msgs/include/yolov8_msgs/yolov8_msgs
[15.179s] -- Installing: /home/robert/Projects/ros_ws/src/general/install/yolov8_msgs/include/yolov8_msgs/yolov8_msgs/msg
[15.179s] -- Installing: /home/robert/Projects/ros_ws/src/general/install/yolov8_msgs/include/yolov8_msgs/yolov8_msgs/msg/detail
[15.179s] -- Installing: /home/robert/Projects/ros_ws/src/general/install/yolov8_msgs/include/yolov8_msgs/yolov8_msgs/msg/detail/pose2_d__functions.c
[15.179s] -- Installing: /home/robert/Projects/ros_ws/src/general/install/yolov8_msgs/include/yolov8_msgs/yolov8_msgs/msg/detail/key_point2_d_array__struct.h
[15.179s] -- Installing: /home/robert/Projects/ros_ws/src/general/install/yolov8_msgs/include/yolov8_msgs/yolov8_msgs/msg/detail/key_point3_d__struct.h
[15.179s] -- Installing: /home/robert/Projects/ros_ws/src/general/install/yolov8_msgs/include/yolov8_msgs/yolov8_msgs/msg/detail/iceberg_detection_array__struct.h
[15.180s] -- Installing: /home/robert/Projects/ros_ws/src/general/install/yolov8_msgs/include/yolov8_msgs/yolov8_msgs/msg/detail/pose2_d__struct.h
[15.180s] -- Installing: /home/robert/Projects/ros_ws/src/general/install/yolov8_msgs/include/yolov8_msgs/yolov8_msgs/msg/detail/detection__functions.h
[15.180s] -- Installing: /home/robert/Projects/ros_ws/src/general/install/yolov8_msgs/include/yolov8_msgs/yolov8_msgs/msg/detail/iceberg_detection__struct.h
[15.180s] -- Installing: /home/robert/Projects/ros_ws/src/general/install/yolov8_msgs/include/yolov8_msgs/yolov8_msgs/msg/detail/bounding_box3_d__functions.c
[15.180s] -- Installing: /home/robert/Projects/ros_ws/src/general/install/yolov8_msgs/include/yolov8_msgs/yolov8_msgs/msg/detail/detection_array__struct.h
[15.180s] -- Installing: /home/robert/Projects/ros_ws/src/general/install/yolov8_msgs/include/yolov8_msgs/yolov8_msgs/msg/detail/bounding_box3_d__type_support.h
[15.180s] -- Installing: /home/robert/Projects/ros_ws/src/general/install/yolov8_msgs/include/yolov8_msgs/yolov8_msgs/msg/detail/iceberg_detection_array__functions.c
[15.180s] -- Installing: /home/robert/Projects/ros_ws/src/general/install/yolov8_msgs/include/yolov8_msgs/yolov8_msgs/msg/detail/vector2__functions.c
[15.180s] -- Installing: /home/robert/Projects/ros_ws/src/general/install/yolov8_msgs/include/yolov8_msgs/yolov8_msgs/msg/detail/key_point2_d_array__functions.c
[15.181s] -- Installing: /home/robert/Projects/ros_ws/src/general/install/yolov8_msgs/include/yolov8_msgs/yolov8_msgs/msg/detail/iceberg_detection_array__type_support.h
[15.181s] -- Installing: /home/robert/Projects/ros_ws/src/general/install/yolov8_msgs/include/yolov8_msgs/yolov8_msgs/msg/detail/key_point3_d__functions.c
[15.181s] -- Installing: /home/robert/Projects/ros_ws/src/general/install/yolov8_msgs/include/yolov8_msgs/yolov8_msgs/msg/detail/detection_array__functions.h
[15.181s] -- Installing: /home/robert/Projects/ros_ws/src/general/install/yolov8_msgs/include/yolov8_msgs/yolov8_msgs/msg/detail/mask__type_support.h
[15.181s] -- Installing: /home/robert/Projects/ros_ws/src/general/install/yolov8_msgs/include/yolov8_msgs/yolov8_msgs/msg/detail/mask__functions.c
[15.181s] -- Installing: /home/robert/Projects/ros_ws/src/general/install/yolov8_msgs/include/yolov8_msgs/yolov8_msgs/msg/detail/bounding_box2_d__functions.h
[15.181s] -- Installing: /home/robert/Projects/ros_ws/src/general/install/yolov8_msgs/include/yolov8_msgs/yolov8_msgs/msg/detail/key_point2_d__functions.c
[15.181s] -- Installing: /home/robert/Projects/ros_ws/src/general/install/yolov8_msgs/include/yolov8_msgs/yolov8_msgs/msg/detail/detection__type_support.h
[15.181s] -- Installing: /home/robert/Projects/ros_ws/src/general/install/yolov8_msgs/include/yolov8_msgs/yolov8_msgs/msg/detail/bounding_box2_d__type_support.h
[15.181s] -- Installing: /home/robert/Projects/ros_ws/src/general/install/yolov8_msgs/include/yolov8_msgs/yolov8_msgs/msg/detail/pose2_d__type_support.h
[15.182s] -- Installing: /home/robert/Projects/ros_ws/src/general/install/yolov8_msgs/include/yolov8_msgs/yolov8_msgs/msg/detail/point2_d__type_support.h
[15.182s] -- Installing: /home/robert/Projects/ros_ws/src/general/install/yolov8_msgs/include/yolov8_msgs/yolov8_msgs/msg/detail/bounding_box2_d__functions.c
[15.182s] -- Installing: /home/robert/Projects/ros_ws/src/general/install/yolov8_msgs/include/yolov8_msgs/yolov8_msgs/msg/detail/key_point2_d__functions.h
[15.182s] -- Installing: /home/robert/Projects/ros_ws/src/general/install/yolov8_msgs/include/yolov8_msgs/yolov8_msgs/msg/detail/bounding_box2_d__struct.h
[15.182s] -- Installing: /home/robert/Projects/ros_ws/src/general/install/yolov8_msgs/include/yolov8_msgs/yolov8_msgs/msg/detail/point2_d__functions.h
[15.182s] -- Installing: /home/robert/Projects/ros_ws/src/general/install/yolov8_msgs/include/yolov8_msgs/yolov8_msgs/msg/detail/key_point3_d_array__type_support.h
[15.182s] -- Installing: /home/robert/Projects/ros_ws/src/general/install/yolov8_msgs/include/yolov8_msgs/yolov8_msgs/msg/detail/key_point2_d_array__functions.h
[15.182s] -- Installing: /home/robert/Projects/ros_ws/src/general/install/yolov8_msgs/include/yolov8_msgs/yolov8_msgs/msg/detail/vector2__type_support.h
[15.183s] -- Installing: /home/robert/Projects/ros_ws/src/general/install/yolov8_msgs/include/yolov8_msgs/yolov8_msgs/msg/detail/iceberg_detection__functions.c
[15.183s] -- Installing: /home/robert/Projects/ros_ws/src/general/install/yolov8_msgs/include/yolov8_msgs/yolov8_msgs/msg/detail/key_point2_d_array__type_support.h
[15.183s] -- Installing: /home/robert/Projects/ros_ws/src/general/install/yolov8_msgs/include/yolov8_msgs/yolov8_msgs/msg/detail/key_point3_d_array__functions.h
[15.183s] -- Installing: /home/robert/Projects/ros_ws/src/general/install/yolov8_msgs/include/yolov8_msgs/yolov8_msgs/msg/detail/detection__functions.c
[15.183s] -- Installing: /home/robert/Projects/ros_ws/src/general/install/yolov8_msgs/include/yolov8_msgs/yolov8_msgs/msg/detail/detection_array__functions.c
[15.183s] -- Installing: /home/robert/Projects/ros_ws/src/general/install/yolov8_msgs/include/yolov8_msgs/yolov8_msgs/msg/detail/iceberg_bounding_box2_d__struct.h
[15.183s] -- Installing: /home/robert/Projects/ros_ws/src/general/install/yolov8_msgs/include/yolov8_msgs/yolov8_msgs/msg/detail/key_point3_d__type_support.h
[15.183s] -- Installing: /home/robert/Projects/ros_ws/src/general/install/yolov8_msgs/include/yolov8_msgs/yolov8_msgs/msg/detail/iceberg_bounding_box2_d__functions.h
[15.183s] -- Installing: /home/robert/Projects/ros_ws/src/general/install/yolov8_msgs/include/yolov8_msgs/yolov8_msgs/msg/detail/key_point3_d_array__struct.h
[15.183s] -- Installing: /home/robert/Projects/ros_ws/src/general/install/yolov8_msgs/include/yolov8_msgs/yolov8_msgs/msg/detail/detection__struct.h
[15.184s] -- Installing: /home/robert/Projects/ros_ws/src/general/install/yolov8_msgs/include/yolov8_msgs/yolov8_msgs/msg/detail/pose2_d__functions.h
[15.184s] -- Installing: /home/robert/Projects/ros_ws/src/general/install/yolov8_msgs/include/yolov8_msgs/yolov8_msgs/msg/detail/iceberg_bounding_box2_d__type_support.h
[15.184s] -- Installing: /home/robert/Projects/ros_ws/src/general/install/yolov8_msgs/include/yolov8_msgs/yolov8_msgs/msg/detail/iceberg_detection_array__functions.h
[15.184s] -- Installing: /home/robert/Projects/ros_ws/src/general/install/yolov8_msgs/include/yolov8_msgs/yolov8_msgs/msg/detail/vector2__struct.h
[15.184s] -- Installing: /home/robert/Projects/ros_ws/src/general/install/yolov8_msgs/include/yolov8_msgs/yolov8_msgs/msg/detail/key_point3_d_array__functions.c
[15.184s] -- Installing: /home/robert/Projects/ros_ws/src/general/install/yolov8_msgs/include/yolov8_msgs/yolov8_msgs/msg/detail/point2_d__functions.c
[15.184s] -- Installing: /home/robert/Projects/ros_ws/src/general/install/yolov8_msgs/include/yolov8_msgs/yolov8_msgs/msg/detail/iceberg_detection__functions.h
[15.184s] -- Installing: /home/robert/Projects/ros_ws/src/general/install/yolov8_msgs/include/yolov8_msgs/yolov8_msgs/msg/detail/iceberg_detection__type_support.h
[15.184s] -- Installing: /home/robert/Projects/ros_ws/src/general/install/yolov8_msgs/include/yolov8_msgs/yolov8_msgs/msg/detail/vector2__functions.h
[15.185s] -- Installing: /home/robert/Projects/ros_ws/src/general/install/yolov8_msgs/include/yolov8_msgs/yolov8_msgs/msg/detail/mask__struct.h
[15.185s] -- Installing: /home/robert/Projects/ros_ws/src/general/install/yolov8_msgs/include/yolov8_msgs/yolov8_msgs/msg/detail/key_point3_d__functions.h
[15.185s] -- Installing: /home/robert/Projects/ros_ws/src/general/install/yolov8_msgs/include/yolov8_msgs/yolov8_msgs/msg/detail/mask__functions.h
[15.185s] -- Installing: /home/robert/Projects/ros_ws/src/general/install/yolov8_msgs/include/yolov8_msgs/yolov8_msgs/msg/detail/point2_d__struct.h
[15.185s] -- Installing: /home/robert/Projects/ros_ws/src/general/install/yolov8_msgs/include/yolov8_msgs/yolov8_msgs/msg/detail/iceberg_bounding_box2_d__functions.c
[15.185s] -- Installing: /home/robert/Projects/ros_ws/src/general/install/yolov8_msgs/include/yolov8_msgs/yolov8_msgs/msg/detail/key_point2_d__type_support.h
[15.185s] -- Installing: /home/robert/Projects/ros_ws/src/general/install/yolov8_msgs/include/yolov8_msgs/yolov8_msgs/msg/detail/bounding_box3_d__functions.h
[15.185s] -- Installing: /home/robert/Projects/ros_ws/src/general/install/yolov8_msgs/include/yolov8_msgs/yolov8_msgs/msg/detail/key_point2_d__struct.h
[15.185s] -- Installing: /home/robert/Projects/ros_ws/src/general/install/yolov8_msgs/include/yolov8_msgs/yolov8_msgs/msg/detail/detection_array__type_support.h
[15.185s] -- Installing: /home/robert/Projects/ros_ws/src/general/install/yolov8_msgs/include/yolov8_msgs/yolov8_msgs/msg/detail/bounding_box3_d__struct.h
[15.186s] -- Installing: /home/robert/Projects/ros_ws/src/general/install/yolov8_msgs/include/yolov8_msgs/yolov8_msgs/msg/mask.h
[15.186s] -- Installing: /home/robert/Projects/ros_ws/src/general/install/yolov8_msgs/include/yolov8_msgs/yolov8_msgs/msg/bounding_box2_d.h
[15.186s] -- Installing: /home/robert/Projects/ros_ws/src/general/install/yolov8_msgs/include/yolov8_msgs/yolov8_msgs/msg/vector2.h
[15.186s] -- Installing: /home/robert/Projects/ros_ws/src/general/install/yolov8_msgs/include/yolov8_msgs/yolov8_msgs/msg/key_point3_d_array.h
[15.186s] -- Installing: /home/robert/Projects/ros_ws/src/general/install/yolov8_msgs/include/yolov8_msgs/yolov8_msgs/msg/iceberg_detection_array.h
[15.186s] -- Installing: /home/robert/Projects/ros_ws/src/general/install/yolov8_msgs/include/yolov8_msgs/yolov8_msgs/msg/key_point2_d.h
[15.186s] -- Installing: /home/robert/Projects/ros_ws/src/general/install/yolov8_msgs/include/yolov8_msgs/yolov8_msgs/msg/point2_d.h
[15.186s] -- Installing: /home/robert/Projects/ros_ws/src/general/install/yolov8_msgs/include/yolov8_msgs/yolov8_msgs/msg/key_point3_d.h
[15.186s] -- Installing: /home/robert/Projects/ros_ws/src/general/install/yolov8_msgs/include/yolov8_msgs/yolov8_msgs/msg/pose2_d.h
[15.186s] -- Installing: /home/robert/Projects/ros_ws/src/general/install/yolov8_msgs/include/yolov8_msgs/yolov8_msgs/msg/key_point2_d_array.h
[15.187s] -- Installing: /home/robert/Projects/ros_ws/src/general/install/yolov8_msgs/include/yolov8_msgs/yolov8_msgs/msg/detection_array.h
[15.187s] -- Installing: /home/robert/Projects/ros_ws/src/general/install/yolov8_msgs/include/yolov8_msgs/yolov8_msgs/msg/bounding_box3_d.h
[15.187s] -- Installing: /home/robert/Projects/ros_ws/src/general/install/yolov8_msgs/include/yolov8_msgs/yolov8_msgs/msg/iceberg_detection.h
[15.187s] -- Installing: /home/robert/Projects/ros_ws/src/general/install/yolov8_msgs/include/yolov8_msgs/yolov8_msgs/msg/detection.h
[15.187s] -- Installing: /home/robert/Projects/ros_ws/src/general/install/yolov8_msgs/include/yolov8_msgs/yolov8_msgs/msg/rosidl_generator_c__visibility_control.h
[15.187s] -- Installing: /home/robert/Projects/ros_ws/src/general/install/yolov8_msgs/include/yolov8_msgs/yolov8_msgs/msg/iceberg_bounding_box2_d.h
[15.187s] -- Installing: /home/robert/Projects/ros_ws/src/general/install/yolov8_msgs/share/yolov8_msgs/environment/library_path.sh
[15.187s] -- Installing: /home/robert/Projects/ros_ws/src/general/install/yolov8_msgs/share/yolov8_msgs/environment/library_path.dsv
[15.188s] -- Installing: /home/robert/Projects/ros_ws/src/general/install/yolov8_msgs/lib/libyolov8_msgs__rosidl_generator_c.so
[15.188s] -- Set runtime path of "/home/robert/Projects/ros_ws/src/general/install/yolov8_msgs/lib/libyolov8_msgs__rosidl_generator_c.so" to ""
[15.188s] -- Up-to-date: /home/robert/Projects/ros_ws/src/general/install/yolov8_msgs/include/yolov8_msgs/yolov8_msgs
[15.188s] -- Up-to-date: /home/robert/Projects/ros_ws/src/general/install/yolov8_msgs/include/yolov8_msgs/yolov8_msgs/msg
[15.189s] -- Up-to-date: /home/robert/Projects/ros_ws/src/general/install/yolov8_msgs/include/yolov8_msgs/yolov8_msgs/msg/detail
[15.189s] -- Installing: /home/robert/Projects/ros_ws/src/general/install/yolov8_msgs/include/yolov8_msgs/yolov8_msgs/msg/detail/mask__rosidl_typesupport_fastrtps_c.h
[15.189s] -- Installing: /home/robert/Projects/ros_ws/src/general/install/yolov8_msgs/include/yolov8_msgs/yolov8_msgs/msg/detail/detection_array__rosidl_typesupport_fastrtps_c.h
[15.189s] -- Installing: /home/robert/Projects/ros_ws/src/general/install/yolov8_msgs/include/yolov8_msgs/yolov8_msgs/msg/detail/iceberg_detection_array__rosidl_typesupport_fastrtps_c.h
[15.189s] -- Installing: /home/robert/Projects/ros_ws/src/general/install/yolov8_msgs/include/yolov8_msgs/yolov8_msgs/msg/detail/iceberg_detection__rosidl_typesupport_fastrtps_c.h
[15.189s] -- Installing: /home/robert/Projects/ros_ws/src/general/install/yolov8_msgs/include/yolov8_msgs/yolov8_msgs/msg/detail/key_point3_d_array__rosidl_typesupport_fastrtps_c.h
[15.189s] -- Installing: /home/robert/Projects/ros_ws/src/general/install/yolov8_msgs/include/yolov8_msgs/yolov8_msgs/msg/detail/point2_d__rosidl_typesupport_fastrtps_c.h
[15.189s] -- Installing: /home/robert/Projects/ros_ws/src/general/install/yolov8_msgs/include/yolov8_msgs/yolov8_msgs/msg/detail/vector2__rosidl_typesupport_fastrtps_c.h
[15.189s] -- Installing: /home/robert/Projects/ros_ws/src/general/install/yolov8_msgs/include/yolov8_msgs/yolov8_msgs/msg/detail/key_point2_d_array__rosidl_typesupport_fastrtps_c.h
[15.189s] -- Installing: /home/robert/Projects/ros_ws/src/general/install/yolov8_msgs/include/yolov8_msgs/yolov8_msgs/msg/detail/pose2_d__rosidl_typesupport_fastrtps_c.h
[15.189s] -- Installing: /home/robert/Projects/ros_ws/src/general/install/yolov8_msgs/include/yolov8_msgs/yolov8_msgs/msg/detail/bounding_box2_d__rosidl_typesupport_fastrtps_c.h
[15.189s] -- Installing: /home/robert/Projects/ros_ws/src/general/install/yolov8_msgs/include/yolov8_msgs/yolov8_msgs/msg/detail/detection__rosidl_typesupport_fastrtps_c.h
[15.190s] -- Installing: /home/robert/Projects/ros_ws/src/general/install/yolov8_msgs/include/yolov8_msgs/yolov8_msgs/msg/detail/iceberg_bounding_box2_d__rosidl_typesupport_fastrtps_c.h
[15.190s] -- Installing: /home/robert/Projects/ros_ws/src/general/install/yolov8_msgs/include/yolov8_msgs/yolov8_msgs/msg/detail/key_point3_d__rosidl_typesupport_fastrtps_c.h
[15.190s] -- Installing: /home/robert/Projects/ros_ws/src/general/install/yolov8_msgs/include/yolov8_msgs/yolov8_msgs/msg/detail/bounding_box3_d__rosidl_typesupport_fastrtps_c.h
[15.190s] -- Installing: /home/robert/Projects/ros_ws/src/general/install/yolov8_msgs/include/yolov8_msgs/yolov8_msgs/msg/detail/key_point2_d__rosidl_typesupport_fastrtps_c.h
[15.190s] -- Installing: /home/robert/Projects/ros_ws/src/general/install/yolov8_msgs/include/yolov8_msgs/yolov8_msgs/msg/rosidl_typesupport_fastrtps_c__visibility_control.h
[15.190s] -- Installing: /home/robert/Projects/ros_ws/src/general/install/yolov8_msgs/lib/libyolov8_msgs__rosidl_typesupport_fastrtps_c.so
[15.191s] -- Set runtime path of "/home/robert/Projects/ros_ws/src/general/install/yolov8_msgs/lib/libyolov8_msgs__rosidl_typesupport_fastrtps_c.so" to ""
[15.191s] -- Up-to-date: /home/robert/Projects/ros_ws/src/general/install/yolov8_msgs/include/yolov8_msgs/yolov8_msgs
[15.191s] -- Up-to-date: /home/robert/Projects/ros_ws/src/general/install/yolov8_msgs/include/yolov8_msgs/yolov8_msgs/msg
[15.191s] -- Up-to-date: /home/robert/Projects/ros_ws/src/general/install/yolov8_msgs/include/yolov8_msgs/yolov8_msgs/msg/detail
[15.191s] -- Installing: /home/robert/Projects/ros_ws/src/general/install/yolov8_msgs/include/yolov8_msgs/yolov8_msgs/msg/detail/iceberg_bounding_box2_d__rosidl_typesupport_introspection_c.h
[15.191s] -- Installing: /home/robert/Projects/ros_ws/src/general/install/yolov8_msgs/include/yolov8_msgs/yolov8_msgs/msg/detail/key_point2_d__type_support.c
[15.191s] -- Installing: /home/robert/Projects/ros_ws/src/general/install/yolov8_msgs/include/yolov8_msgs/yolov8_msgs/msg/detail/key_point3_d_array__rosidl_typesupport_introspection_c.h
[15.191s] -- Installing: /home/robert/Projects/ros_ws/src/general/install/yolov8_msgs/include/yolov8_msgs/yolov8_msgs/msg/detail/pose2_d__type_support.c
[15.191s] -- Installing: /home/robert/Projects/ros_ws/src/general/install/yolov8_msgs/include/yolov8_msgs/yolov8_msgs/msg/detail/iceberg_detection__type_support.c
[15.191s] -- Installing: /home/robert/Projects/ros_ws/src/general/install/yolov8_msgs/include/yolov8_msgs/yolov8_msgs/msg/detail/detection__type_support.c
[15.191s] -- Installing: /home/robert/Projects/ros_ws/src/general/install/yolov8_msgs/include/yolov8_msgs/yolov8_msgs/msg/detail/pose2_d__rosidl_typesupport_introspection_c.h
[15.192s] -- Installing: /home/robert/Projects/ros_ws/src/general/install/yolov8_msgs/include/yolov8_msgs/yolov8_msgs/msg/detail/mask__rosidl_typesupport_introspection_c.h
[15.192s] -- Installing: /home/robert/Projects/ros_ws/src/general/install/yolov8_msgs/include/yolov8_msgs/yolov8_msgs/msg/detail/detection_array__type_support.c
[15.192s] -- Installing: /home/robert/Projects/ros_ws/src/general/install/yolov8_msgs/include/yolov8_msgs/yolov8_msgs/msg/detail/key_point2_d__rosidl_typesupport_introspection_c.h
[15.192s] -- Installing: /home/robert/Projects/ros_ws/src/general/install/yolov8_msgs/include/yolov8_msgs/yolov8_msgs/msg/detail/bounding_box2_d__rosidl_typesupport_introspection_c.h
[15.192s] -- Installing: /home/robert/Projects/ros_ws/src/general/install/yolov8_msgs/include/yolov8_msgs/yolov8_msgs/msg/detail/vector2__rosidl_typesupport_introspection_c.h
[15.192s] -- Installing: /home/robert/Projects/ros_ws/src/general/install/yolov8_msgs/include/yolov8_msgs/yolov8_msgs/msg/detail/key_point3_d__type_support.c
[15.192s] -- Installing: /home/robert/Projects/ros_ws/src/general/install/yolov8_msgs/include/yolov8_msgs/yolov8_msgs/msg/detail/iceberg_bounding_box2_d__type_support.c
[15.192s] -- Installing: /home/robert/Projects/ros_ws/src/general/install/yolov8_msgs/include/yolov8_msgs/yolov8_msgs/msg/detail/bounding_box2_d__type_support.c
[15.193s] -- Installing: /home/robert/Projects/ros_ws/src/general/install/yolov8_msgs/include/yolov8_msgs/yolov8_msgs/msg/detail/key_point3_d_array__type_support.c
[15.193s] -- Installing: /home/robert/Projects/ros_ws/src/general/install/yolov8_msgs/include/yolov8_msgs/yolov8_msgs/msg/detail/detection__rosidl_typesupport_introspection_c.h
[15.193s] -- Installing: /home/robert/Projects/ros_ws/src/general/install/yolov8_msgs/include/yolov8_msgs/yolov8_msgs/msg/detail/iceberg_detection_array__type_support.c
[15.193s] -- Installing: /home/robert/Projects/ros_ws/src/general/install/yolov8_msgs/include/yolov8_msgs/yolov8_msgs/msg/detail/key_point2_d_array__type_support.c
[15.193s] -- Installing: /home/robert/Projects/ros_ws/src/general/install/yolov8_msgs/include/yolov8_msgs/yolov8_msgs/msg/detail/mask__type_support.c
[15.193s] -- Installing: /home/robert/Projects/ros_ws/src/general/install/yolov8_msgs/include/yolov8_msgs/yolov8_msgs/msg/detail/iceberg_detection_array__rosidl_typesupport_introspection_c.h
[15.193s] -- Installing: /home/robert/Projects/ros_ws/src/general/install/yolov8_msgs/include/yolov8_msgs/yolov8_msgs/msg/detail/key_point3_d__rosidl_typesupport_introspection_c.h
[15.193s] -- Installing: /home/robert/Projects/ros_ws/src/general/install/yolov8_msgs/include/yolov8_msgs/yolov8_msgs/msg/detail/bounding_box3_d__type_support.c
[15.193s] -- Installing: /home/robert/Projects/ros_ws/src/general/install/yolov8_msgs/include/yolov8_msgs/yolov8_msgs/msg/detail/detection_array__rosidl_typesupport_introspection_c.h
[15.194s] -- Installing: /home/robert/Projects/ros_ws/src/general/install/yolov8_msgs/include/yolov8_msgs/yolov8_msgs/msg/detail/iceberg_detection__rosidl_typesupport_introspection_c.h
[15.194s] -- Installing: /home/robert/Projects/ros_ws/src/general/install/yolov8_msgs/include/yolov8_msgs/yolov8_msgs/msg/detail/bounding_box3_d__rosidl_typesupport_introspection_c.h
[15.194s] -- Installing: /home/robert/Projects/ros_ws/src/general/install/yolov8_msgs/include/yolov8_msgs/yolov8_msgs/msg/detail/point2_d__type_support.c
[15.194s] -- Installing: /home/robert/Projects/ros_ws/src/general/install/yolov8_msgs/include/yolov8_msgs/yolov8_msgs/msg/detail/key_point2_d_array__rosidl_typesupport_introspection_c.h
[15.194s] -- Installing: /home/robert/Projects/ros_ws/src/general/install/yolov8_msgs/include/yolov8_msgs/yolov8_msgs/msg/detail/vector2__type_support.c
[15.194s] -- Installing: /home/robert/Projects/ros_ws/src/general/install/yolov8_msgs/include/yolov8_msgs/yolov8_msgs/msg/detail/point2_d__rosidl_typesupport_introspection_c.h
[15.194s] -- Installing: /home/robert/Projects/ros_ws/src/general/install/yolov8_msgs/include/yolov8_msgs/yolov8_msgs/msg/rosidl_typesupport_introspection_c__visibility_control.h
[15.194s] -- Installing: /home/robert/Projects/ros_ws/src/general/install/yolov8_msgs/lib/libyolov8_msgs__rosidl_typesupport_introspection_c.so
[15.195s] -- Set runtime path of "/home/robert/Projects/ros_ws/src/general/install/yolov8_msgs/lib/libyolov8_msgs__rosidl_typesupport_introspection_c.so" to ""
[15.195s] -- Installing: /home/robert/Projects/ros_ws/src/general/install/yolov8_msgs/lib/libyolov8_msgs__rosidl_typesupport_c.so
[15.196s] -- Set runtime path of "/home/robert/Projects/ros_ws/src/general/install/yolov8_msgs/lib/libyolov8_msgs__rosidl_typesupport_c.so" to ""
[15.196s] -- Up-to-date: /home/robert/Projects/ros_ws/src/general/install/yolov8_msgs/include/yolov8_msgs/yolov8_msgs
[15.196s] -- Up-to-date: /home/robert/Projects/ros_ws/src/general/install/yolov8_msgs/include/yolov8_msgs/yolov8_msgs/msg
[15.196s] -- Up-to-date: /home/robert/Projects/ros_ws/src/general/install/yolov8_msgs/include/yolov8_msgs/yolov8_msgs/msg/detail
[15.196s] -- Installing: /home/robert/Projects/ros_ws/src/general/install/yolov8_msgs/include/yolov8_msgs/yolov8_msgs/msg/detail/vector2__type_support.hpp
[15.196s] -- Installing: /home/robert/Projects/ros_ws/src/general/install/yolov8_msgs/include/yolov8_msgs/yolov8_msgs/msg/detail/iceberg_bounding_box2_d__type_support.hpp
[15.196s] -- Installing: /home/robert/Projects/ros_ws/src/general/install/yolov8_msgs/include/yolov8_msgs/yolov8_msgs/msg/detail/key_point3_d_array__type_support.hpp
[15.196s] -- Installing: /home/robert/Projects/ros_ws/src/general/install/yolov8_msgs/include/yolov8_msgs/yolov8_msgs/msg/detail/key_point2_d_array__builder.hpp
[15.197s] -- Installing: /home/robert/Projects/ros_ws/src/general/install/yolov8_msgs/include/yolov8_msgs/yolov8_msgs/msg/detail/point2_d__struct.hpp
[15.197s] -- Installing: /home/robert/Projects/ros_ws/src/general/install/yolov8_msgs/include/yolov8_msgs/yolov8_msgs/msg/detail/bounding_box3_d__builder.hpp
[15.197s] -- Installing: /home/robert/Projects/ros_ws/src/general/install/yolov8_msgs/include/yolov8_msgs/yolov8_msgs/msg/detail/bounding_box2_d__type_support.hpp
[15.197s] -- Installing: /home/robert/Projects/ros_ws/src/general/install/yolov8_msgs/include/yolov8_msgs/yolov8_msgs/msg/detail/bounding_box2_d__struct.hpp
[15.197s] -- Installing: /home/robert/Projects/ros_ws/src/general/install/yolov8_msgs/include/yolov8_msgs/yolov8_msgs/msg/detail/key_point2_d_array__struct.hpp
[15.197s] -- Installing: /home/robert/Projects/ros_ws/src/general/install/yolov8_msgs/include/yolov8_msgs/yolov8_msgs/msg/detail/bounding_box3_d__type_support.hpp
[15.197s] -- Installing: /home/robert/Projects/ros_ws/src/general/install/yolov8_msgs/include/yolov8_msgs/yolov8_msgs/msg/detail/bounding_box3_d__traits.hpp
[15.198s] -- Installing: /home/robert/Projects/ros_ws/src/general/install/yolov8_msgs/include/yolov8_msgs/yolov8_msgs/msg/detail/bounding_box3_d__struct.hpp
[15.198s] -- Installing: /home/robert/Projects/ros_ws/src/general/install/yolov8_msgs/include/yolov8_msgs/yolov8_msgs/msg/detail/key_point3_d__builder.hpp
[15.198s] -- Installing: /home/robert/Projects/ros_ws/src/general/install/yolov8_msgs/include/yolov8_msgs/yolov8_msgs/msg/detail/key_point3_d__struct.hpp
[15.198s] -- Installing: /home/robert/Projects/ros_ws/src/general/install/yolov8_msgs/include/yolov8_msgs/yolov8_msgs/msg/detail/iceberg_detection_array__builder.hpp
[15.198s] -- Installing: /home/robert/Projects/ros_ws/src/general/install/yolov8_msgs/include/yolov8_msgs/yolov8_msgs/msg/detail/mask__builder.hpp
[15.198s] -- Installing: /home/robert/Projects/ros_ws/src/general/install/yolov8_msgs/include/yolov8_msgs/yolov8_msgs/msg/detail/pose2_d__type_support.hpp
[15.198s] -- Installing: /home/robert/Projects/ros_ws/src/general/install/yolov8_msgs/include/yolov8_msgs/yolov8_msgs/msg/detail/pose2_d__struct.hpp
[15.199s] -- Installing: /home/robert/Projects/ros_ws/src/general/install/yolov8_msgs/include/yolov8_msgs/yolov8_msgs/msg/detail/detection__builder.hpp
[15.199s] -- Installing: /home/robert/Projects/ros_ws/src/general/install/yolov8_msgs/include/yolov8_msgs/yolov8_msgs/msg/detail/detection_array__struct.hpp
[15.199s] -- Installing: /home/robert/Projects/ros_ws/src/general/install/yolov8_msgs/include/yolov8_msgs/yolov8_msgs/msg/detail/key_point2_d__type_support.hpp
[15.199s] -- Installing: /home/robert/Projects/ros_ws/src/general/install/yolov8_msgs/include/yolov8_msgs/yolov8_msgs/msg/detail/iceberg_detection__traits.hpp
[15.199s] -- Installing: /home/robert/Projects/ros_ws/src/general/install/yolov8_msgs/include/yolov8_msgs/yolov8_msgs/msg/detail/key_point3_d__type_support.hpp
[15.199s] -- Installing: /home/robert/Projects/ros_ws/src/general/install/yolov8_msgs/include/yolov8_msgs/yolov8_msgs/msg/detail/pose2_d__traits.hpp
[15.199s] -- Installing: /home/robert/Projects/ros_ws/src/general/install/yolov8_msgs/include/yolov8_msgs/yolov8_msgs/msg/detail/mask__traits.hpp
[15.199s] -- Installing: /home/robert/Projects/ros_ws/src/general/install/yolov8_msgs/include/yolov8_msgs/yolov8_msgs/msg/detail/detection_array__type_support.hpp
[15.199s] -- Installing: /home/robert/Projects/ros_ws/src/general/install/yolov8_msgs/include/yolov8_msgs/yolov8_msgs/msg/detail/iceberg_bounding_box2_d__builder.hpp
[15.199s] -- Installing: /home/robert/Projects/ros_ws/src/general/install/yolov8_msgs/include/yolov8_msgs/yolov8_msgs/msg/detail/point2_d__traits.hpp
[15.200s] -- Installing: /home/robert/Projects/ros_ws/src/general/install/yolov8_msgs/include/yolov8_msgs/yolov8_msgs/msg/detail/iceberg_bounding_box2_d__traits.hpp
[15.200s] -- Installing: /home/robert/Projects/ros_ws/src/general/install/yolov8_msgs/include/yolov8_msgs/yolov8_msgs/msg/detail/bounding_box2_d__builder.hpp
[15.200s] -- Installing: /home/robert/Projects/ros_ws/src/general/install/yolov8_msgs/include/yolov8_msgs/yolov8_msgs/msg/detail/key_point2_d_array__traits.hpp
[15.200s] -- Installing: /home/robert/Projects/ros_ws/src/general/install/yolov8_msgs/include/yolov8_msgs/yolov8_msgs/msg/detail/pose2_d__builder.hpp
[15.200s] -- Installing: /home/robert/Projects/ros_ws/src/general/install/yolov8_msgs/include/yolov8_msgs/yolov8_msgs/msg/detail/iceberg_detection__builder.hpp
[15.200s] -- Installing: /home/robert/Projects/ros_ws/src/general/install/yolov8_msgs/include/yolov8_msgs/yolov8_msgs/msg/detail/vector2__struct.hpp
[15.200s] -- Installing: /home/robert/Projects/ros_ws/src/general/install/yolov8_msgs/include/yolov8_msgs/yolov8_msgs/msg/detail/iceberg_detection_array__type_support.hpp
[15.200s] -- Installing: /home/robert/Projects/ros_ws/src/general/install/yolov8_msgs/include/yolov8_msgs/yolov8_msgs/msg/detail/vector2__traits.hpp
[15.200s] -- Installing: /home/robert/Projects/ros_ws/src/general/install/yolov8_msgs/include/yolov8_msgs/yolov8_msgs/msg/detail/point2_d__builder.hpp
[15.201s] -- Installing: /home/robert/Projects/ros_ws/src/general/install/yolov8_msgs/include/yolov8_msgs/yolov8_msgs/msg/detail/iceberg_detection_array__struct.hpp
[15.201s] -- Installing: /home/robert/Projects/ros_ws/src/general/install/yolov8_msgs/include/yolov8_msgs/yolov8_msgs/msg/detail/key_point3_d__traits.hpp
[15.201s] -- Installing: /home/robert/Projects/ros_ws/src/general/install/yolov8_msgs/include/yolov8_msgs/yolov8_msgs/msg/detail/bounding_box2_d__traits.hpp
[15.201s] -- Installing: /home/robert/Projects/ros_ws/src/general/install/yolov8_msgs/include/yolov8_msgs/yolov8_msgs/msg/detail/detection__traits.hpp
[15.201s] -- Installing: /home/robert/Projects/ros_ws/src/general/install/yolov8_msgs/include/yolov8_msgs/yolov8_msgs/msg/detail/key_point3_d_array__builder.hpp
[15.201s] -- Installing: /home/robert/Projects/ros_ws/src/general/install/yolov8_msgs/include/yolov8_msgs/yolov8_msgs/msg/detail/point2_d__type_support.hpp
[15.201s] -- Installing: /home/robert/Projects/ros_ws/src/general/install/yolov8_msgs/include/yolov8_msgs/yolov8_msgs/msg/detail/key_point3_d_array__struct.hpp
[15.201s] -- Installing: /home/robert/Projects/ros_ws/src/general/install/yolov8_msgs/include/yolov8_msgs/yolov8_msgs/msg/detail/key_point2_d__traits.hpp
[15.201s] -- Installing: /home/robert/Projects/ros_ws/src/general/install/yolov8_msgs/include/yolov8_msgs/yolov8_msgs/msg/detail/detection_array__traits.hpp
[15.202s] -- Installing: /home/robert/Projects/ros_ws/src/general/install/yolov8_msgs/include/yolov8_msgs/yolov8_msgs/msg/detail/iceberg_detection__struct.hpp
[15.202s] -- Installing: /home/robert/Projects/ros_ws/src/general/install/yolov8_msgs/include/yolov8_msgs/yolov8_msgs/msg/detail/detection__type_support.hpp
[15.202s] -- Installing: /home/robert/Projects/ros_ws/src/general/install/yolov8_msgs/include/yolov8_msgs/yolov8_msgs/msg/detail/key_point3_d_array__traits.hpp
[15.202s] -- Installing: /home/robert/Projects/ros_ws/src/general/install/yolov8_msgs/include/yolov8_msgs/yolov8_msgs/msg/detail/detection__struct.hpp
[15.202s] -- Installing: /home/robert/Projects/ros_ws/src/general/install/yolov8_msgs/include/yolov8_msgs/yolov8_msgs/msg/detail/iceberg_detection__type_support.hpp
[15.202s] -- Installing: /home/robert/Projects/ros_ws/src/general/install/yolov8_msgs/include/yolov8_msgs/yolov8_msgs/msg/detail/detection_array__builder.hpp
[15.202s] -- Installing: /home/robert/Projects/ros_ws/src/general/install/yolov8_msgs/include/yolov8_msgs/yolov8_msgs/msg/detail/key_point2_d__builder.hpp
[15.202s] -- Installing: /home/robert/Projects/ros_ws/src/general/install/yolov8_msgs/include/yolov8_msgs/yolov8_msgs/msg/detail/key_point2_d_array__type_support.hpp
[15.202s] -- Installing: /home/robert/Projects/ros_ws/src/general/install/yolov8_msgs/include/yolov8_msgs/yolov8_msgs/msg/detail/mask__struct.hpp
[15.203s] -- Installing: /home/robert/Projects/ros_ws/src/general/install/yolov8_msgs/include/yolov8_msgs/yolov8_msgs/msg/detail/iceberg_bounding_box2_d__struct.hpp
[15.203s] -- Installing: /home/robert/Projects/ros_ws/src/general/install/yolov8_msgs/include/yolov8_msgs/yolov8_msgs/msg/detail/key_point2_d__struct.hpp
[15.203s] -- Installing: /home/robert/Projects/ros_ws/src/general/install/yolov8_msgs/include/yolov8_msgs/yolov8_msgs/msg/detail/vector2__builder.hpp
[15.203s] -- Installing: /home/robert/Projects/ros_ws/src/general/install/yolov8_msgs/include/yolov8_msgs/yolov8_msgs/msg/detail/mask__type_support.hpp
[15.203s] -- Installing: /home/robert/Projects/ros_ws/src/general/install/yolov8_msgs/include/yolov8_msgs/yolov8_msgs/msg/detail/iceberg_detection_array__traits.hpp
[15.203s] -- Installing: /home/robert/Projects/ros_ws/src/general/install/yolov8_msgs/include/yolov8_msgs/yolov8_msgs/msg/detection.hpp
[15.203s] -- Installing: /home/robert/Projects/ros_ws/src/general/install/yolov8_msgs/include/yolov8_msgs/yolov8_msgs/msg/iceberg_detection_array.hpp
[15.203s] -- Installing: /home/robert/Projects/ros_ws/src/general/install/yolov8_msgs/include/yolov8_msgs/yolov8_msgs/msg/pose2_d.hpp
[15.203s] -- Installing: /home/robert/Projects/ros_ws/src/general/install/yolov8_msgs/include/yolov8_msgs/yolov8_msgs/msg/iceberg_bounding_box2_d.hpp
[15.204s] -- Installing: /home/robert/Projects/ros_ws/src/general/install/yolov8_msgs/include/yolov8_msgs/yolov8_msgs/msg/iceberg_detection.hpp
[15.204s] -- Installing: /home/robert/Projects/ros_ws/src/general/install/yolov8_msgs/include/yolov8_msgs/yolov8_msgs/msg/point2_d.hpp
[15.204s] -- Installing: /home/robert/Projects/ros_ws/src/general/install/yolov8_msgs/include/yolov8_msgs/yolov8_msgs/msg/bounding_box2_d.hpp
[15.204s] -- Installing: /home/robert/Projects/ros_ws/src/general/install/yolov8_msgs/include/yolov8_msgs/yolov8_msgs/msg/key_point2_d.hpp
[15.204s] -- Installing: /home/robert/Projects/ros_ws/src/general/install/yolov8_msgs/include/yolov8_msgs/yolov8_msgs/msg/rosidl_generator_cpp__visibility_control.hpp
[15.204s] -- Installing: /home/robert/Projects/ros_ws/src/general/install/yolov8_msgs/include/yolov8_msgs/yolov8_msgs/msg/bounding_box3_d.hpp
[15.204s] -- Installing: /home/robert/Projects/ros_ws/src/general/install/yolov8_msgs/include/yolov8_msgs/yolov8_msgs/msg/key_point3_d.hpp
[15.204s] -- Installing: /home/robert/Projects/ros_ws/src/general/install/yolov8_msgs/include/yolov8_msgs/yolov8_msgs/msg/detection_array.hpp
[15.204s] -- Installing: /home/robert/Projects/ros_ws/src/general/install/yolov8_msgs/include/yolov8_msgs/yolov8_msgs/msg/key_point2_d_array.hpp
[15.205s] -- Installing: /home/robert/Projects/ros_ws/src/general/install/yolov8_msgs/include/yolov8_msgs/yolov8_msgs/msg/key_point3_d_array.hpp
[15.205s] -- Installing: /home/robert/Projects/ros_ws/src/general/install/yolov8_msgs/include/yolov8_msgs/yolov8_msgs/msg/mask.hpp
[15.205s] -- Installing: /home/robert/Projects/ros_ws/src/general/install/yolov8_msgs/include/yolov8_msgs/yolov8_msgs/msg/vector2.hpp
[15.205s] -- Up-to-date: /home/robert/Projects/ros_ws/src/general/install/yolov8_msgs/include/yolov8_msgs/yolov8_msgs
[15.205s] -- Up-to-date: /home/robert/Projects/ros_ws/src/general/install/yolov8_msgs/include/yolov8_msgs/yolov8_msgs/msg
[15.205s] -- Up-to-date: /home/robert/Projects/ros_ws/src/general/install/yolov8_msgs/include/yolov8_msgs/yolov8_msgs/msg/detail
[15.205s] -- Installing: /home/robert/Projects/ros_ws/src/general/install/yolov8_msgs/include/yolov8_msgs/yolov8_msgs/msg/detail/mask__rosidl_typesupport_fastrtps_cpp.hpp
[15.205s] -- Installing: /home/robert/Projects/ros_ws/src/general/install/yolov8_msgs/include/yolov8_msgs/yolov8_msgs/msg/detail/iceberg_bounding_box2_d__rosidl_typesupport_fastrtps_cpp.hpp
[15.205s] -- Installing: /home/robert/Projects/ros_ws/src/general/install/yolov8_msgs/include/yolov8_msgs/yolov8_msgs/msg/detail/key_point2_d__rosidl_typesupport_fastrtps_cpp.hpp
[15.205s] -- Installing: /home/robert/Projects/ros_ws/src/general/install/yolov8_msgs/include/yolov8_msgs/yolov8_msgs/msg/detail/detection__rosidl_typesupport_fastrtps_cpp.hpp
[15.205s] -- Installing: /home/robert/Projects/ros_ws/src/general/install/yolov8_msgs/include/yolov8_msgs/yolov8_msgs/msg/detail/pose2_d__rosidl_typesupport_fastrtps_cpp.hpp
[15.205s] -- Installing: /home/robert/Projects/ros_ws/src/general/install/yolov8_msgs/include/yolov8_msgs/yolov8_msgs/msg/detail/iceberg_detection_array__rosidl_typesupport_fastrtps_cpp.hpp
[15.206s] -- Installing: /home/robert/Projects/ros_ws/src/general/install/yolov8_msgs/include/yolov8_msgs/yolov8_msgs/msg/detail/vector2__rosidl_typesupport_fastrtps_cpp.hpp
[15.206s] -- Installing: /home/robert/Projects/ros_ws/src/general/install/yolov8_msgs/include/yolov8_msgs/yolov8_msgs/msg/detail/key_point3_d__rosidl_typesupport_fastrtps_cpp.hpp
[15.206s] -- Installing: /home/robert/Projects/ros_ws/src/general/install/yolov8_msgs/include/yolov8_msgs/yolov8_msgs/msg/detail/detection_array__rosidl_typesupport_fastrtps_cpp.hpp
[15.206s] -- Installing: /home/robert/Projects/ros_ws/src/general/install/yolov8_msgs/include/yolov8_msgs/yolov8_msgs/msg/detail/bounding_box2_d__rosidl_typesupport_fastrtps_cpp.hpp
[15.206s] -- Installing: /home/robert/Projects/ros_ws/src/general/install/yolov8_msgs/include/yolov8_msgs/yolov8_msgs/msg/detail/iceberg_detection__rosidl_typesupport_fastrtps_cpp.hpp
[15.206s] -- Installing: /home/robert/Projects/ros_ws/src/general/install/yolov8_msgs/include/yolov8_msgs/yolov8_msgs/msg/detail/bounding_box3_d__rosidl_typesupport_fastrtps_cpp.hpp
[15.206s] -- Installing: /home/robert/Projects/ros_ws/src/general/install/yolov8_msgs/include/yolov8_msgs/yolov8_msgs/msg/detail/key_point2_d_array__rosidl_typesupport_fastrtps_cpp.hpp
[15.207s] -- Installing: /home/robert/Projects/ros_ws/src/general/install/yolov8_msgs/include/yolov8_msgs/yolov8_msgs/msg/detail/point2_d__rosidl_typesupport_fastrtps_cpp.hpp
[15.207s] -- Installing: /home/robert/Projects/ros_ws/src/general/install/yolov8_msgs/include/yolov8_msgs/yolov8_msgs/msg/detail/key_point3_d_array__rosidl_typesupport_fastrtps_cpp.hpp
[15.207s] -- Installing: /home/robert/Projects/ros_ws/src/general/install/yolov8_msgs/include/yolov8_msgs/yolov8_msgs/msg/detail/dds_fastrtps
[15.207s] -- Installing: /home/robert/Projects/ros_ws/src/general/install/yolov8_msgs/include/yolov8_msgs/yolov8_msgs/msg/rosidl_typesupport_fastrtps_cpp__visibility_control.h
[15.207s] -- Installing: /home/robert/Projects/ros_ws/src/general/install/yolov8_msgs/lib/libyolov8_msgs__rosidl_typesupport_fastrtps_cpp.so
[15.208s] -- Set runtime path of "/home/robert/Projects/ros_ws/src/general/install/yolov8_msgs/lib/libyolov8_msgs__rosidl_typesupport_fastrtps_cpp.so" to ""
[15.208s] -- Up-to-date: /home/robert/Projects/ros_ws/src/general/install/yolov8_msgs/include/yolov8_msgs/yolov8_msgs
[15.208s] -- Up-to-date: /home/robert/Projects/ros_ws/src/general/install/yolov8_msgs/include/yolov8_msgs/yolov8_msgs/msg
[15.208s] -- Up-to-date: /home/robert/Projects/ros_ws/src/general/install/yolov8_msgs/include/yolov8_msgs/yolov8_msgs/msg/detail
[15.208s] -- Installing: /home/robert/Projects/ros_ws/src/general/install/yolov8_msgs/include/yolov8_msgs/yolov8_msgs/msg/detail/point2_d__rosidl_typesupport_introspection_cpp.hpp
[15.208s] -- Installing: /home/robert/Projects/ros_ws/src/general/install/yolov8_msgs/include/yolov8_msgs/yolov8_msgs/msg/detail/detection__rosidl_typesupport_introspection_cpp.hpp
[15.208s] -- Installing: /home/robert/Projects/ros_ws/src/general/install/yolov8_msgs/include/yolov8_msgs/yolov8_msgs/msg/detail/detection_array__type_support.cpp
[15.209s] -- Installing: /home/robert/Projects/ros_ws/src/general/install/yolov8_msgs/include/yolov8_msgs/yolov8_msgs/msg/detail/key_point3_d_array__rosidl_typesupport_introspection_cpp.hpp
[15.209s] -- Installing: /home/robert/Projects/ros_ws/src/general/install/yolov8_msgs/include/yolov8_msgs/yolov8_msgs/msg/detail/iceberg_detection_array__type_support.cpp
[15.209s] -- Installing: /home/robert/Projects/ros_ws/src/general/install/yolov8_msgs/include/yolov8_msgs/yolov8_msgs/msg/detail/detection__type_support.cpp
[15.209s] -- Installing: /home/robert/Projects/ros_ws/src/general/install/yolov8_msgs/include/yolov8_msgs/yolov8_msgs/msg/detail/iceberg_detection__rosidl_typesupport_introspection_cpp.hpp
[15.209s] -- Installing: /home/robert/Projects/ros_ws/src/general/install/yolov8_msgs/include/yolov8_msgs/yolov8_msgs/msg/detail/bounding_box3_d__type_support.cpp
[15.209s] -- Installing: /home/robert/Projects/ros_ws/src/general/install/yolov8_msgs/include/yolov8_msgs/yolov8_msgs/msg/detail/key_point2_d__type_support.cpp
[15.210s] -- Installing: /home/robert/Projects/ros_ws/src/general/install/yolov8_msgs/include/yolov8_msgs/yolov8_msgs/msg/detail/point2_d__type_support.cpp
[15.210s] -- Installing: /home/robert/Projects/ros_ws/src/general/install/yolov8_msgs/include/yolov8_msgs/yolov8_msgs/msg/detail/vector2__rosidl_typesupport_introspection_cpp.hpp
[15.210s] -- Installing: /home/robert/Projects/ros_ws/src/general/install/yolov8_msgs/include/yolov8_msgs/yolov8_msgs/msg/detail/mask__type_support.cpp
[15.210s] -- Installing: /home/robert/Projects/ros_ws/src/general/install/yolov8_msgs/include/yolov8_msgs/yolov8_msgs/msg/detail/key_point2_d_array__rosidl_typesupport_introspection_cpp.hpp
[15.210s] -- Installing: /home/robert/Projects/ros_ws/src/general/install/yolov8_msgs/include/yolov8_msgs/yolov8_msgs/msg/detail/bounding_box2_d__type_support.cpp
[15.210s] -- Installing: /home/robert/Projects/ros_ws/src/general/install/yolov8_msgs/include/yolov8_msgs/yolov8_msgs/msg/detail/key_point3_d__type_support.cpp
[15.210s] -- Installing: /home/robert/Projects/ros_ws/src/general/install/yolov8_msgs/include/yolov8_msgs/yolov8_msgs/msg/detail/iceberg_bounding_box2_d__rosidl_typesupport_introspection_cpp.hpp
[15.210s] -- Installing: /home/robert/Projects/ros_ws/src/general/install/yolov8_msgs/include/yolov8_msgs/yolov8_msgs/msg/detail/vector2__type_support.cpp
[15.210s] -- Installing: /home/robert/Projects/ros_ws/src/general/install/yolov8_msgs/include/yolov8_msgs/yolov8_msgs/msg/detail/key_point3_d__rosidl_typesupport_introspection_cpp.hpp
[15.211s] -- Installing: /home/robert/Projects/ros_ws/src/general/install/yolov8_msgs/include/yolov8_msgs/yolov8_msgs/msg/detail/iceberg_bounding_box2_d__type_support.cpp
[15.211s] -- Installing: /home/robert/Projects/ros_ws/src/general/install/yolov8_msgs/include/yolov8_msgs/yolov8_msgs/msg/detail/detection_array__rosidl_typesupport_introspection_cpp.hpp
[15.211s] -- Installing: /home/robert/Projects/ros_ws/src/general/install/yolov8_msgs/include/yolov8_msgs/yolov8_msgs/msg/detail/key_point3_d_array__type_support.cpp
[15.211s] -- Installing: /home/robert/Projects/ros_ws/src/general/install/yolov8_msgs/include/yolov8_msgs/yolov8_msgs/msg/detail/mask__rosidl_typesupport_introspection_cpp.hpp
[15.211s] -- Installing: /home/robert/Projects/ros_ws/src/general/install/yolov8_msgs/include/yolov8_msgs/yolov8_msgs/msg/detail/iceberg_detection__type_support.cpp
[15.211s] -- Installing: /home/robert/Projects/ros_ws/src/general/install/yolov8_msgs/include/yolov8_msgs/yolov8_msgs/msg/detail/pose2_d__type_support.cpp
[15.211s] -- Installing: /home/robert/Projects/ros_ws/src/general/install/yolov8_msgs/include/yolov8_msgs/yolov8_msgs/msg/detail/bounding_box3_d__rosidl_typesupport_introspection_cpp.hpp
[15.211s] -- Installing: /home/robert/Projects/ros_ws/src/general/install/yolov8_msgs/include/yolov8_msgs/yolov8_msgs/msg/detail/key_point2_d_array__type_support.cpp
[15.211s] -- Installing: /home/robert/Projects/ros_ws/src/general/install/yolov8_msgs/include/yolov8_msgs/yolov8_msgs/msg/detail/bounding_box2_d__rosidl_typesupport_introspection_cpp.hpp
[15.211s] -- Installing: /home/robert/Projects/ros_ws/src/general/install/yolov8_msgs/include/yolov8_msgs/yolov8_msgs/msg/detail/iceberg_detection_array__rosidl_typesupport_introspection_cpp.hpp
[15.212s] -- Installing: /home/robert/Projects/ros_ws/src/general/install/yolov8_msgs/include/yolov8_msgs/yolov8_msgs/msg/detail/pose2_d__rosidl_typesupport_introspection_cpp.hpp
[15.212s] -- Installing: /home/robert/Projects/ros_ws/src/general/install/yolov8_msgs/include/yolov8_msgs/yolov8_msgs/msg/detail/key_point2_d__rosidl_typesupport_introspection_cpp.hpp
[15.212s] -- Installing: /home/robert/Projects/ros_ws/src/general/install/yolov8_msgs/lib/libyolov8_msgs__rosidl_typesupport_introspection_cpp.so
[15.213s] -- Set runtime path of "/home/robert/Projects/ros_ws/src/general/install/yolov8_msgs/lib/libyolov8_msgs__rosidl_typesupport_introspection_cpp.so" to ""
[15.213s] -- Installing: /home/robert/Projects/ros_ws/src/general/install/yolov8_msgs/lib/libyolov8_msgs__rosidl_typesupport_cpp.so
[15.214s] -- Set runtime path of "/home/robert/Projects/ros_ws/src/general/install/yolov8_msgs/lib/libyolov8_msgs__rosidl_typesupport_cpp.so" to ""
[15.214s] -- Installing: /home/robert/Projects/ros_ws/src/general/install/yolov8_msgs/share/yolov8_msgs/environment/pythonpath.sh
[15.214s] -- Installing: /home/robert/Projects/ros_ws/src/general/install/yolov8_msgs/share/yolov8_msgs/environment/pythonpath.dsv
[15.214s] -- Installing: /home/robert/Projects/ros_ws/src/general/install/yolov8_msgs/local/lib/python3.10/dist-packages/yolov8_msgs-0.0.0-py3.10.egg-info
[15.214s] -- Installing: /home/robert/Projects/ros_ws/src/general/install/yolov8_msgs/local/lib/python3.10/dist-packages/yolov8_msgs-0.0.0-py3.10.egg-info/PKG-INFO
[15.214s] -- Installing: /home/robert/Projects/ros_ws/src/general/install/yolov8_msgs/local/lib/python3.10/dist-packages/yolov8_msgs-0.0.0-py3.10.egg-info/top_level.txt
[15.215s] -- Installing: /home/robert/Projects/ros_ws/src/general/install/yolov8_msgs/local/lib/python3.10/dist-packages/yolov8_msgs-0.0.0-py3.10.egg-info/dependency_links.txt
[15.215s] -- Installing: /home/robert/Projects/ros_ws/src/general/install/yolov8_msgs/local/lib/python3.10/dist-packages/yolov8_msgs-0.0.0-py3.10.egg-info/SOURCES.txt
[15.215s] -- Installing: /home/robert/Projects/ros_ws/src/general/install/yolov8_msgs/local/lib/python3.10/dist-packages/yolov8_msgs
[15.215s] -- Installing: /home/robert/Projects/ros_ws/src/general/install/yolov8_msgs/local/lib/python3.10/dist-packages/yolov8_msgs/_yolov8_msgs_s.ep.rosidl_typesupport_fastrtps_c.c
[15.215s] -- Installing: /home/robert/Projects/ros_ws/src/general/install/yolov8_msgs/local/lib/python3.10/dist-packages/yolov8_msgs/msg
[15.215s] -- Installing: /home/robert/Projects/ros_ws/src/general/install/yolov8_msgs/local/lib/python3.10/dist-packages/yolov8_msgs/msg/_mask_s.c
[15.215s] -- Installing: /home/robert/Projects/ros_ws/src/general/install/yolov8_msgs/local/lib/python3.10/dist-packages/yolov8_msgs/msg/_bounding_box2_d_s.c
[15.216s] -- Installing: /home/robert/Projects/ros_ws/src/general/install/yolov8_msgs/local/lib/python3.10/dist-packages/yolov8_msgs/msg/_iceberg_detection.py
[15.216s] -- Installing: /home/robert/Projects/ros_ws/src/general/install/yolov8_msgs/local/lib/python3.10/dist-packages/yolov8_msgs/msg/_iceberg_detection_array_s.c
[15.216s] -- Installing: /home/robert/Projects/ros_ws/src/general/install/yolov8_msgs/local/lib/python3.10/dist-packages/yolov8_msgs/msg/_point2_d.py
[15.216s] -- Installing: /home/robert/Projects/ros_ws/src/general/install/yolov8_msgs/local/lib/python3.10/dist-packages/yolov8_msgs/msg/_key_point2_d_s.c
[15.216s] -- Installing: /home/robert/Projects/ros_ws/src/general/install/yolov8_msgs/local/lib/python3.10/dist-packages/yolov8_msgs/msg/_mask.py
[15.216s] -- Installing: /home/robert/Projects/ros_ws/src/general/install/yolov8_msgs/local/lib/python3.10/dist-packages/yolov8_msgs/msg/_iceberg_detection_s.c
[15.216s] -- Installing: /home/robert/Projects/ros_ws/src/general/install/yolov8_msgs/local/lib/python3.10/dist-packages/yolov8_msgs/msg/_key_point3_d_array_s.c
[15.216s] -- Installing: /home/robert/Projects/ros_ws/src/general/install/yolov8_msgs/local/lib/python3.10/dist-packages/yolov8_msgs/msg/_bounding_box3_d.py
[15.217s] -- Installing: /home/robert/Projects/ros_ws/src/general/install/yolov8_msgs/local/lib/python3.10/dist-packages/yolov8_msgs/msg/_iceberg_bounding_box2_d.py
[15.217s] -- Installing: /home/robert/Projects/ros_ws/src/general/install/yolov8_msgs/local/lib/python3.10/dist-packages/yolov8_msgs/msg/_key_point3_d_array.py
[15.217s] -- Installing: /home/robert/Projects/ros_ws/src/general/install/yolov8_msgs/local/lib/python3.10/dist-packages/yolov8_msgs/msg/_pose2_d_s.c
[15.217s] -- Installing: /home/robert/Projects/ros_ws/src/general/install/yolov8_msgs/local/lib/python3.10/dist-packages/yolov8_msgs/msg/_key_point2_d_array.py
[15.217s] -- Installing: /home/robert/Projects/ros_ws/src/general/install/yolov8_msgs/local/lib/python3.10/dist-packages/yolov8_msgs/msg/_pose2_d.py
[15.217s] -- Installing: /home/robert/Projects/ros_ws/src/general/install/yolov8_msgs/local/lib/python3.10/dist-packages/yolov8_msgs/msg/_detection_array_s.c
[15.217s] -- Installing: /home/robert/Projects/ros_ws/src/general/install/yolov8_msgs/local/lib/python3.10/dist-packages/yolov8_msgs/msg/_bounding_box2_d.py
[15.217s] -- Installing: /home/robert/Projects/ros_ws/src/general/install/yolov8_msgs/local/lib/python3.10/dist-packages/yolov8_msgs/msg/__init__.py
[15.217s] -- Installing: /home/robert/Projects/ros_ws/src/general/install/yolov8_msgs/local/lib/python3.10/dist-packages/yolov8_msgs/msg/_detection_s.c
[15.218s] -- Installing: /home/robert/Projects/ros_ws/src/general/install/yolov8_msgs/local/lib/python3.10/dist-packages/yolov8_msgs/msg/_point2_d_s.c
[15.218s] -- Installing: /home/robert/Projects/ros_ws/src/general/install/yolov8_msgs/local/lib/python3.10/dist-packages/yolov8_msgs/msg/_vector2_s.c
[15.218s] -- Installing: /home/robert/Projects/ros_ws/src/general/install/yolov8_msgs/local/lib/python3.10/dist-packages/yolov8_msgs/msg/_iceberg_detection_array.py
[15.218s] -- Installing: /home/robert/Projects/ros_ws/src/general/install/yolov8_msgs/local/lib/python3.10/dist-packages/yolov8_msgs/msg/_key_point3_d_s.c
[15.218s] -- Installing: /home/robert/Projects/ros_ws/src/general/install/yolov8_msgs/local/lib/python3.10/dist-packages/yolov8_msgs/msg/_iceberg_bounding_box2_d_s.c
[15.218s] -- Installing: /home/robert/Projects/ros_ws/src/general/install/yolov8_msgs/local/lib/python3.10/dist-packages/yolov8_msgs/msg/_key_point3_d.py
[15.218s] -- Installing: /home/robert/Projects/ros_ws/src/general/install/yolov8_msgs/local/lib/python3.10/dist-packages/yolov8_msgs/msg/_detection_array.py
[15.218s] -- Installing: /home/robert/Projects/ros_ws/src/general/install/yolov8_msgs/local/lib/python3.10/dist-packages/yolov8_msgs/msg/_detection.py
[15.218s] -- Installing: /home/robert/Projects/ros_ws/src/general/install/yolov8_msgs/local/lib/python3.10/dist-packages/yolov8_msgs/msg/_bounding_box3_d_s.c
[15.218s] -- Installing: /home/robert/Projects/ros_ws/src/general/install/yolov8_msgs/local/lib/python3.10/dist-packages/yolov8_msgs/msg/_key_point2_d.py
[15.219s] -- Installing: /home/robert/Projects/ros_ws/src/general/install/yolov8_msgs/local/lib/python3.10/dist-packages/yolov8_msgs/msg/_vector2.py
[15.219s] -- Installing: /home/robert/Projects/ros_ws/src/general/install/yolov8_msgs/local/lib/python3.10/dist-packages/yolov8_msgs/msg/_key_point2_d_array_s.c
[15.219s] -- Installing: /home/robert/Projects/ros_ws/src/general/install/yolov8_msgs/local/lib/python3.10/dist-packages/yolov8_msgs/yolov8_msgs_s__rosidl_typesupport_introspection_c.cpython-310-x86_64-linux-gnu.so
[15.219s] -- Installing: /home/robert/Projects/ros_ws/src/general/install/yolov8_msgs/local/lib/python3.10/dist-packages/yolov8_msgs/yolov8_msgs_s__rosidl_typesupport_c.cpython-310-x86_64-linux-gnu.so
[15.219s] -- Installing: /home/robert/Projects/ros_ws/src/general/install/yolov8_msgs/local/lib/python3.10/dist-packages/yolov8_msgs/_yolov8_msgs_s.ep.rosidl_typesupport_introspection_c.c
[15.219s] -- Installing: /home/robert/Projects/ros_ws/src/general/install/yolov8_msgs/local/lib/python3.10/dist-packages/yolov8_msgs/__init__.py
[15.219s] -- Installing: /home/robert/Projects/ros_ws/src/general/install/yolov8_msgs/local/lib/python3.10/dist-packages/yolov8_msgs/yolov8_msgs_s__rosidl_typesupport_fastrtps_c.cpython-310-x86_64-linux-gnu.so
[15.219s] -- Installing: /home/robert/Projects/ros_ws/src/general/install/yolov8_msgs/local/lib/python3.10/dist-packages/yolov8_msgs/_yolov8_msgs_s.ep.rosidl_typesupport_c.c
[15.220s] -- Installing: /home/robert/Projects/ros_ws/src/general/install/yolov8_msgs/local/lib/python3.10/dist-packages/yolov8_msgs/libyolov8_msgs__rosidl_generator_py.so
[15.262s] Listing '/home/robert/Projects/ros_ws/src/general/install/yolov8_msgs/local/lib/python3.10/dist-packages/yolov8_msgs'...
[15.262s] Compiling '/home/robert/Projects/ros_ws/src/general/install/yolov8_msgs/local/lib/python3.10/dist-packages/yolov8_msgs/__init__.py'...
[15.262s] Listing '/home/robert/Projects/ros_ws/src/general/install/yolov8_msgs/local/lib/python3.10/dist-packages/yolov8_msgs/msg'...
[15.262s] Compiling '/home/robert/Projects/ros_ws/src/general/install/yolov8_msgs/local/lib/python3.10/dist-packages/yolov8_msgs/msg/__init__.py'...
[15.262s] Compiling '/home/robert/Projects/ros_ws/src/general/install/yolov8_msgs/local/lib/python3.10/dist-packages/yolov8_msgs/msg/_bounding_box2_d.py'...
[15.263s] Compiling '/home/robert/Projects/ros_ws/src/general/install/yolov8_msgs/local/lib/python3.10/dist-packages/yolov8_msgs/msg/_bounding_box3_d.py'...
[15.263s] Compiling '/home/robert/Projects/ros_ws/src/general/install/yolov8_msgs/local/lib/python3.10/dist-packages/yolov8_msgs/msg/_detection.py'...
[15.263s] Compiling '/home/robert/Projects/ros_ws/src/general/install/yolov8_msgs/local/lib/python3.10/dist-packages/yolov8_msgs/msg/_detection_array.py'...
[15.263s] Compiling '/home/robert/Projects/ros_ws/src/general/install/yolov8_msgs/local/lib/python3.10/dist-packages/yolov8_msgs/msg/_iceberg_bounding_box2_d.py'...
[15.263s] Compiling '/home/robert/Projects/ros_ws/src/general/install/yolov8_msgs/local/lib/python3.10/dist-packages/yolov8_msgs/msg/_iceberg_detection.py'...
[15.263s] Compiling '/home/robert/Projects/ros_ws/src/general/install/yolov8_msgs/local/lib/python3.10/dist-packages/yolov8_msgs/msg/_iceberg_detection_array.py'...
[15.263s] Compiling '/home/robert/Projects/ros_ws/src/general/install/yolov8_msgs/local/lib/python3.10/dist-packages/yolov8_msgs/msg/_key_point2_d.py'...
[15.263s] Compiling '/home/robert/Projects/ros_ws/src/general/install/yolov8_msgs/local/lib/python3.10/dist-packages/yolov8_msgs/msg/_key_point2_d_array.py'...
[15.263s] Compiling '/home/robert/Projects/ros_ws/src/general/install/yolov8_msgs/local/lib/python3.10/dist-packages/yolov8_msgs/msg/_key_point3_d.py'...
[15.263s] Compiling '/home/robert/Projects/ros_ws/src/general/install/yolov8_msgs/local/lib/python3.10/dist-packages/yolov8_msgs/msg/_key_point3_d_array.py'...
[15.263s] Compiling '/home/robert/Projects/ros_ws/src/general/install/yolov8_msgs/local/lib/python3.10/dist-packages/yolov8_msgs/msg/_mask.py'...
[15.263s] Compiling '/home/robert/Projects/ros_ws/src/general/install/yolov8_msgs/local/lib/python3.10/dist-packages/yolov8_msgs/msg/_point2_d.py'...
[15.263s] Compiling '/home/robert/Projects/ros_ws/src/general/install/yolov8_msgs/local/lib/python3.10/dist-packages/yolov8_msgs/msg/_pose2_d.py'...
[15.263s] Compiling '/home/robert/Projects/ros_ws/src/general/install/yolov8_msgs/local/lib/python3.10/dist-packages/yolov8_msgs/msg/_vector2.py'...
[15.267s] -- Installing: /home/robert/Projects/ros_ws/src/general/install/yolov8_msgs/local/lib/python3.10/dist-packages/yolov8_msgs/yolov8_msgs_s__rosidl_typesupport_fastrtps_c.cpython-310-x86_64-linux-gnu.so
[15.267s] -- Set runtime path of "/home/robert/Projects/ros_ws/src/general/install/yolov8_msgs/local/lib/python3.10/dist-packages/yolov8_msgs/yolov8_msgs_s__rosidl_typesupport_fastrtps_c.cpython-310-x86_64-linux-gnu.so" to ""
[15.267s] -- Installing: /home/robert/Projects/ros_ws/src/general/install/yolov8_msgs/local/lib/python3.10/dist-packages/yolov8_msgs/yolov8_msgs_s__rosidl_typesupport_introspection_c.cpython-310-x86_64-linux-gnu.so
[15.268s] -- Set runtime path of "/home/robert/Projects/ros_ws/src/general/install/yolov8_msgs/local/lib/python3.10/dist-packages/yolov8_msgs/yolov8_msgs_s__rosidl_typesupport_introspection_c.cpython-310-x86_64-linux-gnu.so" to ""
[15.268s] -- Installing: /home/robert/Projects/ros_ws/src/general/install/yolov8_msgs/local/lib/python3.10/dist-packages/yolov8_msgs/yolov8_msgs_s__rosidl_typesupport_c.cpython-310-x86_64-linux-gnu.so
[15.268s] -- Set runtime path of "/home/robert/Projects/ros_ws/src/general/install/yolov8_msgs/local/lib/python3.10/dist-packages/yolov8_msgs/yolov8_msgs_s__rosidl_typesupport_c.cpython-310-x86_64-linux-gnu.so" to ""
[15.268s] -- Installing: /home/robert/Projects/ros_ws/src/general/install/yolov8_msgs/lib/libyolov8_msgs__rosidl_generator_py.so
[15.269s] -- Set runtime path of "/home/robert/Projects/ros_ws/src/general/install/yolov8_msgs/lib/libyolov8_msgs__rosidl_generator_py.so" to ""
[15.269s] -- Installing: /home/robert/Projects/ros_ws/src/general/install/yolov8_msgs/share/yolov8_msgs/msg/Point2D.idl
[15.269s] -- Installing: /home/robert/Projects/ros_ws/src/general/install/yolov8_msgs/share/yolov8_msgs/msg/Vector2.idl
[15.270s] -- Installing: /home/robert/Projects/ros_ws/src/general/install/yolov8_msgs/share/yolov8_msgs/msg/Pose2D.idl
[15.270s] -- Installing: /home/robert/Projects/ros_ws/src/general/install/yolov8_msgs/share/yolov8_msgs/msg/BoundingBox2D.idl
[15.270s] -- Installing: /home/robert/Projects/ros_ws/src/general/install/yolov8_msgs/share/yolov8_msgs/msg/IcebergBoundingBox2D.idl
[15.270s] -- Installing: /home/robert/Projects/ros_ws/src/general/install/yolov8_msgs/share/yolov8_msgs/msg/BoundingBox3D.idl
[15.270s] -- Installing: /home/robert/Projects/ros_ws/src/general/install/yolov8_msgs/share/yolov8_msgs/msg/Mask.idl
[15.270s] -- Installing: /home/robert/Projects/ros_ws/src/general/install/yolov8_msgs/share/yolov8_msgs/msg/KeyPoint2D.idl
[15.270s] -- Installing: /home/robert/Projects/ros_ws/src/general/install/yolov8_msgs/share/yolov8_msgs/msg/KeyPoint2DArray.idl
[15.271s] -- Installing: /home/robert/Projects/ros_ws/src/general/install/yolov8_msgs/share/yolov8_msgs/msg/KeyPoint3D.idl
[15.271s] -- Installing: /home/robert/Projects/ros_ws/src/general/install/yolov8_msgs/share/yolov8_msgs/msg/KeyPoint3DArray.idl
[15.271s] -- Installing: /home/robert/Projects/ros_ws/src/general/install/yolov8_msgs/share/yolov8_msgs/msg/Detection.idl
[15.271s] -- Installing: /home/robert/Projects/ros_ws/src/general/install/yolov8_msgs/share/yolov8_msgs/msg/DetectionArray.idl
[15.271s] -- Installing: /home/robert/Projects/ros_ws/src/general/install/yolov8_msgs/share/yolov8_msgs/msg/IcebergDetection.idl
[15.271s] -- Installing: /home/robert/Projects/ros_ws/src/general/install/yolov8_msgs/share/yolov8_msgs/msg/IcebergDetectionArray.idl
[15.271s] -- Installing: /home/robert/Projects/ros_ws/src/general/install/yolov8_msgs/share/yolov8_msgs/msg/Point2D.msg
[15.272s] -- Installing: /home/robert/Projects/ros_ws/src/general/install/yolov8_msgs/share/yolov8_msgs/msg/Vector2.msg
[15.272s] -- Installing: /home/robert/Projects/ros_ws/src/general/install/yolov8_msgs/share/yolov8_msgs/msg/Pose2D.msg
[15.272s] -- Installing: /home/robert/Projects/ros_ws/src/general/install/yolov8_msgs/share/yolov8_msgs/msg/BoundingBox2D.msg
[15.272s] -- Installing: /home/robert/Projects/ros_ws/src/general/install/yolov8_msgs/share/yolov8_msgs/msg/IcebergBoundingBox2D.msg
[15.272s] -- Installing: /home/robert/Projects/ros_ws/src/general/install/yolov8_msgs/share/yolov8_msgs/msg/BoundingBox3D.msg
[15.272s] -- Installing: /home/robert/Projects/ros_ws/src/general/install/yolov8_msgs/share/yolov8_msgs/msg/Mask.msg
[15.272s] -- Installing: /home/robert/Projects/ros_ws/src/general/install/yolov8_msgs/share/yolov8_msgs/msg/KeyPoint2D.msg
[15.273s] -- Installing: /home/robert/Projects/ros_ws/src/general/install/yolov8_msgs/share/yolov8_msgs/msg/KeyPoint2DArray.msg
[15.273s] -- Installing: /home/robert/Projects/ros_ws/src/general/install/yolov8_msgs/share/yolov8_msgs/msg/KeyPoint3D.msg
[15.273s] -- Installing: /home/robert/Projects/ros_ws/src/general/install/yolov8_msgs/share/yolov8_msgs/msg/KeyPoint3DArray.msg
[15.273s] -- Installing: /home/robert/Projects/ros_ws/src/general/install/yolov8_msgs/share/yolov8_msgs/msg/Detection.msg
[15.273s] -- Installing: /home/robert/Projects/ros_ws/src/general/install/yolov8_msgs/share/yolov8_msgs/msg/DetectionArray.msg
[15.273s] -- Installing: /home/robert/Projects/ros_ws/src/general/install/yolov8_msgs/share/yolov8_msgs/msg/IcebergDetection.msg
[15.273s] -- Installing: /home/robert/Projects/ros_ws/src/general/install/yolov8_msgs/share/yolov8_msgs/msg/IcebergDetectionArray.msg
[15.274s] -- Installing: /home/robert/Projects/ros_ws/src/general/install/yolov8_msgs/share/ament_index/resource_index/package_run_dependencies/yolov8_msgs
[15.274s] -- Installing: /home/robert/Projects/ros_ws/src/general/install/yolov8_msgs/share/ament_index/resource_index/parent_prefix_path/yolov8_msgs
[15.274s] -- Installing: /home/robert/Projects/ros_ws/src/general/install/yolov8_msgs/share/yolov8_msgs/environment/ament_prefix_path.sh
[15.274s] -- Installing: /home/robert/Projects/ros_ws/src/general/install/yolov8_msgs/share/yolov8_msgs/environment/ament_prefix_path.dsv
[15.274s] -- Installing: /home/robert/Projects/ros_ws/src/general/install/yolov8_msgs/share/yolov8_msgs/environment/path.sh
[15.274s] -- Installing: /home/robert/Projects/ros_ws/src/general/install/yolov8_msgs/share/yolov8_msgs/environment/path.dsv
[15.275s] -- Installing: /home/robert/Projects/ros_ws/src/general/install/yolov8_msgs/share/yolov8_msgs/local_setup.bash
[15.275s] -- Installing: /home/robert/Projects/ros_ws/src/general/install/yolov8_msgs/share/yolov8_msgs/local_setup.sh
[15.275s] -- Installing: /home/robert/Projects/ros_ws/src/general/install/yolov8_msgs/share/yolov8_msgs/local_setup.zsh
[15.275s] -- Installing: /home/robert/Projects/ros_ws/src/general/install/yolov8_msgs/share/yolov8_msgs/local_setup.dsv
[15.275s] -- Installing: /home/robert/Projects/ros_ws/src/general/install/yolov8_msgs/share/yolov8_msgs/package.dsv
[15.275s] -- Installing: /home/robert/Projects/ros_ws/src/general/install/yolov8_msgs/share/ament_index/resource_index/packages/yolov8_msgs
[15.276s] -- Installing: /home/robert/Projects/ros_ws/src/general/install/yolov8_msgs/share/yolov8_msgs/cmake/export_yolov8_msgs__rosidl_generator_cExport.cmake
[15.276s] -- Installing: /home/robert/Projects/ros_ws/src/general/install/yolov8_msgs/share/yolov8_msgs/cmake/export_yolov8_msgs__rosidl_generator_cExport-noconfig.cmake
[15.276s] -- Installing: /home/robert/Projects/ros_ws/src/general/install/yolov8_msgs/share/yolov8_msgs/cmake/export_yolov8_msgs__rosidl_typesupport_fastrtps_cExport.cmake
[15.276s] -- Installing: /home/robert/Projects/ros_ws/src/general/install/yolov8_msgs/share/yolov8_msgs/cmake/export_yolov8_msgs__rosidl_typesupport_fastrtps_cExport-noconfig.cmake
[15.276s] -- Installing: /home/robert/Projects/ros_ws/src/general/install/yolov8_msgs/share/yolov8_msgs/cmake/yolov8_msgs__rosidl_typesupport_introspection_cExport.cmake
[15.276s] -- Installing: /home/robert/Projects/ros_ws/src/general/install/yolov8_msgs/share/yolov8_msgs/cmake/yolov8_msgs__rosidl_typesupport_introspection_cExport-noconfig.cmake
[15.276s] -- Installing: /home/robert/Projects/ros_ws/src/general/install/yolov8_msgs/share/yolov8_msgs/cmake/yolov8_msgs__rosidl_typesupport_cExport.cmake
[15.277s] -- Installing: /home/robert/Projects/ros_ws/src/general/install/yolov8_msgs/share/yolov8_msgs/cmake/yolov8_msgs__rosidl_typesupport_cExport-noconfig.cmake
[15.277s] -- Installing: /home/robert/Projects/ros_ws/src/general/install/yolov8_msgs/share/yolov8_msgs/cmake/export_yolov8_msgs__rosidl_generator_cppExport.cmake
[15.277s] -- Installing: /home/robert/Projects/ros_ws/src/general/install/yolov8_msgs/share/yolov8_msgs/cmake/export_yolov8_msgs__rosidl_typesupport_fastrtps_cppExport.cmake
[15.277s] -- Installing: /home/robert/Projects/ros_ws/src/general/install/yolov8_msgs/share/yolov8_msgs/cmake/export_yolov8_msgs__rosidl_typesupport_fastrtps_cppExport-noconfig.cmake
[15.277s] -- Installing: /home/robert/Projects/ros_ws/src/general/install/yolov8_msgs/share/yolov8_msgs/cmake/yolov8_msgs__rosidl_typesupport_introspection_cppExport.cmake
[15.277s] -- Installing: /home/robert/Projects/ros_ws/src/general/install/yolov8_msgs/share/yolov8_msgs/cmake/yolov8_msgs__rosidl_typesupport_introspection_cppExport-noconfig.cmake
[15.278s] -- Installing: /home/robert/Projects/ros_ws/src/general/install/yolov8_msgs/share/yolov8_msgs/cmake/yolov8_msgs__rosidl_typesupport_cppExport.cmake
[15.278s] -- Installing: /home/robert/Projects/ros_ws/src/general/install/yolov8_msgs/share/yolov8_msgs/cmake/yolov8_msgs__rosidl_typesupport_cppExport-noconfig.cmake
[15.278s] -- Installing: /home/robert/Projects/ros_ws/src/general/install/yolov8_msgs/share/yolov8_msgs/cmake/export_yolov8_msgs__rosidl_generator_pyExport.cmake
[15.278s] -- Installing: /home/robert/Projects/ros_ws/src/general/install/yolov8_msgs/share/yolov8_msgs/cmake/export_yolov8_msgs__rosidl_generator_pyExport-noconfig.cmake
[15.278s] -- Installing: /home/robert/Projects/ros_ws/src/general/install/yolov8_msgs/share/yolov8_msgs/cmake/rosidl_cmake-extras.cmake
[15.278s] -- Installing: /home/robert/Projects/ros_ws/src/general/install/yolov8_msgs/share/yolov8_msgs/cmake/ament_cmake_export_dependencies-extras.cmake
[15.278s] -- Installing: /home/robert/Projects/ros_ws/src/general/install/yolov8_msgs/share/yolov8_msgs/cmake/ament_cmake_export_include_directories-extras.cmake
[15.279s] -- Installing: /home/robert/Projects/ros_ws/src/general/install/yolov8_msgs/share/yolov8_msgs/cmake/ament_cmake_export_libraries-extras.cmake
[15.279s] -- Installing: /home/robert/Projects/ros_ws/src/general/install/yolov8_msgs/share/yolov8_msgs/cmake/ament_cmake_export_targets-extras.cmake
[15.279s] -- Installing: /home/robert/Projects/ros_ws/src/general/install/yolov8_msgs/share/yolov8_msgs/cmake/rosidl_cmake_export_typesupport_targets-extras.cmake
[15.279s] -- Installing: /home/robert/Projects/ros_ws/src/general/install/yolov8_msgs/share/yolov8_msgs/cmake/rosidl_cmake_export_typesupport_libraries-extras.cmake
[15.279s] -- Installing: /home/robert/Projects/ros_ws/src/general/install/yolov8_msgs/share/yolov8_msgs/cmake/yolov8_msgsConfig.cmake
[15.279s] -- Installing: /home/robert/Projects/ros_ws/src/general/install/yolov8_msgs/share/yolov8_msgs/cmake/yolov8_msgsConfig-version.cmake
[15.279s] -- Installing: /home/robert/Projects/ros_ws/src/general/install/yolov8_msgs/share/yolov8_msgs/package.xml
[15.282s] Invoked command in '/home/robert/Projects/ros_ws/src/general/build/yolov8_msgs' returned '0': CMAKE_PREFIX_PATH=/opt/ros/humble /usr/bin/cmake --install /home/robert/Projects/ros_ws/src/general/build/yolov8_msgs
