[0.062s] DEBUG:colcon:Command line arguments: ['/usr/bin/colcon', 'build']
[0.062s] DEBUG:colcon:Parsed command line arguments: Namespace(log_base=None, log_level=None, verb_name='build', build_base='build', install_base='install', merge_install=False, symlink_install=False, test_result_base=None, continue_on_error=False, executor='parallel', parallel_workers=2, event_handlers=None, ignore_user_meta=False, metas=['./colcon.meta'], base_paths=['.'], packages_ignore=None, packages_ignore_regex=None, paths=None, packages_up_to=None, packages_up_to_regex=None, packages_above=None, packages_above_and_dependencies=None, packages_above_depth=None, packages_select_by_dep=None, packages_skip_by_dep=None, packages_skip_up_to=None, packages_select_build_failed=False, packages_skip_build_finished=False, packages_select_test_failures=False, packages_skip_test_passed=False, packages_select=None, packages_skip=None, packages_select_regex=None, packages_skip_regex=None, packages_start=None, packages_end=None, allow_overriding=[], cmake_args=None, cmake_target=None, cmake_target_skip_unavailable=False, cmake_clean_cache=False, cmake_clean_first=False, cmake_force_configure=False, ament_cmake_args=None, catkin_cmake_args=None, catkin_skip_building_tests=False, mixin_files=None, mixin=None, verb_parser=<colcon_mixin.mixin.mixin_argument.MixinArgumentDecorator object at 0xffff9183ea40>, verb_extension=<colcon_core.verb.build.BuildVerb object at 0xffff9183e470>, main=<bound method BuildVerb.main of <colcon_core.verb.build.BuildVerb object at 0xffff9183e470>>, mixin_verb=('build',))
[0.084s] Level 1:colcon.colcon_core.package_discovery:discover_packages(colcon_meta) check parameters
[0.084s] Level 1:colcon.colcon_core.package_discovery:discover_packages(recursive) check parameters
[0.084s] Level 1:colcon.colcon_core.package_discovery:discover_packages(ignore) check parameters
[0.084s] Level 1:colcon.colcon_core.package_discovery:discover_packages(path) check parameters
[0.084s] Level 1:colcon.colcon_core.package_discovery:discover_packages(colcon_meta) discover
[0.084s] Level 1:colcon.colcon_core.package_discovery:discover_packages(recursive) discover
[0.084s] INFO:colcon.colcon_core.package_discovery:Crawling recursively for packages in '/home/parallels/ros2_ws/src/general'
[0.084s] Level 1:colcon.colcon_core.package_identification:_identify(.) by extensions ['ignore', 'ignore_ament_install']
[0.084s] Level 1:colcon.colcon_core.package_identification:_identify(.) by extension 'ignore'
[0.084s] Level 1:colcon.colcon_core.package_identification:_identify(.) by extension 'ignore_ament_install'
[0.084s] Level 1:colcon.colcon_core.package_identification:_identify(.) by extensions ['colcon_pkg']
[0.084s] Level 1:colcon.colcon_core.package_identification:_identify(.) by extension 'colcon_pkg'
[0.085s] Level 1:colcon.colcon_core.package_identification:_identify(.) by extensions ['colcon_meta']
[0.085s] Level 1:colcon.colcon_core.package_identification:_identify(.) by extension 'colcon_meta'
[0.085s] Level 1:colcon.colcon_core.package_identification:_identify(.) by extensions ['ros']
[0.085s] Level 1:colcon.colcon_core.package_identification:_identify(.) by extension 'ros'
[0.093s] Level 1:colcon.colcon_core.package_identification:_identify(.) by extensions ['cmake', 'python']
[0.093s] Level 1:colcon.colcon_core.package_identification:_identify(.) by extension 'cmake'
[0.093s] Level 1:colcon.colcon_core.package_identification:_identify(.) by extension 'python'
[0.093s] Level 1:colcon.colcon_core.package_identification:_identify(.) by extensions ['python_setup_py']
[0.093s] Level 1:colcon.colcon_core.package_identification:_identify(.) by extension 'python_setup_py'
[0.093s] Level 1:colcon.colcon_core.package_identification:_identify(build) by extensions ['ignore', 'ignore_ament_install']
[0.093s] Level 1:colcon.colcon_core.package_identification:_identify(build) by extension 'ignore'
[0.093s] Level 1:colcon.colcon_core.package_identification:_identify(build) ignored
[0.093s] Level 1:colcon.colcon_core.package_identification:_identify(install) by extensions ['ignore', 'ignore_ament_install']
[0.093s] Level 1:colcon.colcon_core.package_identification:_identify(install) by extension 'ignore'
[0.093s] Level 1:colcon.colcon_core.package_identification:_identify(install) ignored
[0.093s] Level 1:colcon.colcon_core.package_identification:_identify(laser_segmentation) by extensions ['ignore', 'ignore_ament_install']
[0.093s] Level 1:colcon.colcon_core.package_identification:_identify(laser_segmentation) by extension 'ignore'
[0.093s] Level 1:colcon.colcon_core.package_identification:_identify(laser_segmentation) by extension 'ignore_ament_install'
[0.093s] Level 1:colcon.colcon_core.package_identification:_identify(laser_segmentation) by extensions ['colcon_pkg']
[0.093s] Level 1:colcon.colcon_core.package_identification:_identify(laser_segmentation) by extension 'colcon_pkg'
[0.094s] Level 1:colcon.colcon_core.package_identification:_identify(laser_segmentation) by extensions ['colcon_meta']
[0.094s] Level 1:colcon.colcon_core.package_identification:_identify(laser_segmentation) by extension 'colcon_meta'
[0.094s] Level 1:colcon.colcon_core.package_identification:_identify(laser_segmentation) by extensions ['ros']
[0.094s] Level 1:colcon.colcon_core.package_identification:_identify(laser_segmentation) by extension 'ros'
[0.094s] Level 1:colcon.colcon_core.package_identification:_identify(laser_segmentation) by extensions ['cmake', 'python']
[0.094s] Level 1:colcon.colcon_core.package_identification:_identify(laser_segmentation) by extension 'cmake'
[0.094s] Level 1:colcon.colcon_core.package_identification:_identify(laser_segmentation) by extension 'python'
[0.094s] Level 1:colcon.colcon_core.package_identification:_identify(laser_segmentation) by extensions ['python_setup_py']
[0.094s] Level 1:colcon.colcon_core.package_identification:_identify(laser_segmentation) by extension 'python_setup_py'
[0.094s] Level 1:colcon.colcon_core.package_identification:_identify(laser_segmentation/laser_segmentation) by extensions ['ignore', 'ignore_ament_install']
[0.094s] Level 1:colcon.colcon_core.package_identification:_identify(laser_segmentation/laser_segmentation) by extension 'ignore'
[0.094s] Level 1:colcon.colcon_core.package_identification:_identify(laser_segmentation/laser_segmentation) by extension 'ignore_ament_install'
[0.094s] Level 1:colcon.colcon_core.package_identification:_identify(laser_segmentation/laser_segmentation) by extensions ['colcon_pkg']
[0.094s] Level 1:colcon.colcon_core.package_identification:_identify(laser_segmentation/laser_segmentation) by extension 'colcon_pkg'
[0.094s] Level 1:colcon.colcon_core.package_identification:_identify(laser_segmentation/laser_segmentation) by extensions ['colcon_meta']
[0.094s] Level 1:colcon.colcon_core.package_identification:_identify(laser_segmentation/laser_segmentation) by extension 'colcon_meta'
[0.094s] Level 1:colcon.colcon_core.package_identification:_identify(laser_segmentation/laser_segmentation) by extensions ['ros']
[0.094s] Level 1:colcon.colcon_core.package_identification:_identify(laser_segmentation/laser_segmentation) by extension 'ros'
[0.095s] DEBUG:colcon.colcon_core.package_identification:Package 'laser_segmentation/laser_segmentation' with type 'ros.ament_cmake' and name 'laser_segmentation'
[0.095s] Level 1:colcon.colcon_core.package_identification:_identify(laser_segmentation/slg_msgs) by extensions ['ignore', 'ignore_ament_install']
[0.095s] Level 1:colcon.colcon_core.package_identification:_identify(laser_segmentation/slg_msgs) by extension 'ignore'
[0.095s] Level 1:colcon.colcon_core.package_identification:_identify(laser_segmentation/slg_msgs) by extension 'ignore_ament_install'
[0.095s] Level 1:colcon.colcon_core.package_identification:_identify(laser_segmentation/slg_msgs) by extensions ['colcon_pkg']
[0.095s] Level 1:colcon.colcon_core.package_identification:_identify(laser_segmentation/slg_msgs) by extension 'colcon_pkg'
[0.095s] Level 1:colcon.colcon_core.package_identification:_identify(laser_segmentation/slg_msgs) by extensions ['colcon_meta']
[0.095s] Level 1:colcon.colcon_core.package_identification:_identify(laser_segmentation/slg_msgs) by extension 'colcon_meta'
[0.095s] Level 1:colcon.colcon_core.package_identification:_identify(laser_segmentation/slg_msgs) by extensions ['ros']
[0.095s] Level 1:colcon.colcon_core.package_identification:_identify(laser_segmentation/slg_msgs) by extension 'ros'
[0.096s] DEBUG:colcon.colcon_core.package_identification:Package 'laser_segmentation/slg_msgs' with type 'ros.ament_cmake' and name 'slg_msgs'
[0.096s] Level 1:colcon.colcon_core.package_identification:_identify(log) by extensions ['ignore', 'ignore_ament_install']
[0.096s] Level 1:colcon.colcon_core.package_identification:_identify(log) by extension 'ignore'
[0.096s] Level 1:colcon.colcon_core.package_identification:_identify(log) ignored
[0.096s] Level 1:colcon.colcon_core.package_identification:_identify(njord_tasks) by extensions ['ignore', 'ignore_ament_install']
[0.096s] Level 1:colcon.colcon_core.package_identification:_identify(njord_tasks) by extension 'ignore'
[0.096s] Level 1:colcon.colcon_core.package_identification:_identify(njord_tasks) by extension 'ignore_ament_install'
[0.096s] Level 1:colcon.colcon_core.package_identification:_identify(njord_tasks) by extensions ['colcon_pkg']
[0.096s] Level 1:colcon.colcon_core.package_identification:_identify(njord_tasks) by extension 'colcon_pkg'
[0.096s] Level 1:colcon.colcon_core.package_identification:_identify(njord_tasks) by extensions ['colcon_meta']
[0.096s] Level 1:colcon.colcon_core.package_identification:_identify(njord_tasks) by extension 'colcon_meta'
[0.096s] Level 1:colcon.colcon_core.package_identification:_identify(njord_tasks) by extensions ['ros']
[0.096s] Level 1:colcon.colcon_core.package_identification:_identify(njord_tasks) by extension 'ros'
[0.096s] DEBUG:colcon.colcon_core.package_identification:Package 'njord_tasks' with type 'ros.ament_cmake' and name 'njord_tasks'
[0.096s] Level 1:colcon.colcon_core.package_identification:_identify(perception) by extensions ['ignore', 'ignore_ament_install']
[0.096s] Level 1:colcon.colcon_core.package_identification:_identify(perception) by extension 'ignore'
[0.096s] Level 1:colcon.colcon_core.package_identification:_identify(perception) by extension 'ignore_ament_install'
[0.096s] Level 1:colcon.colcon_core.package_identification:_identify(perception) by extensions ['colcon_pkg']
[0.096s] Level 1:colcon.colcon_core.package_identification:_identify(perception) by extension 'colcon_pkg'
[0.096s] Level 1:colcon.colcon_core.package_identification:_identify(perception) by extensions ['colcon_meta']
[0.096s] Level 1:colcon.colcon_core.package_identification:_identify(perception) by extension 'colcon_meta'
[0.096s] Level 1:colcon.colcon_core.package_identification:_identify(perception) by extensions ['ros']
[0.096s] Level 1:colcon.colcon_core.package_identification:_identify(perception) by extension 'ros'
[0.097s] DEBUG:colcon.colcon_core.package_identification:Package 'perception' with type 'ros.ament_cmake' and name 'perception'
[0.097s] Level 1:colcon.colcon_core.package_identification:_identify(perception_interfaces) by extensions ['ignore', 'ignore_ament_install']
[0.097s] Level 1:colcon.colcon_core.package_identification:_identify(perception_interfaces) by extension 'ignore'
[0.097s] Level 1:colcon.colcon_core.package_identification:_identify(perception_interfaces) by extension 'ignore_ament_install'
[0.097s] Level 1:colcon.colcon_core.package_identification:_identify(perception_interfaces) by extensions ['colcon_pkg']
[0.097s] Level 1:colcon.colcon_core.package_identification:_identify(perception_interfaces) by extension 'colcon_pkg'
[0.097s] Level 1:colcon.colcon_core.package_identification:_identify(perception_interfaces) by extensions ['colcon_meta']
[0.097s] Level 1:colcon.colcon_core.package_identification:_identify(perception_interfaces) by extension 'colcon_meta'
[0.097s] Level 1:colcon.colcon_core.package_identification:_identify(perception_interfaces) by extensions ['ros']
[0.097s] Level 1:colcon.colcon_core.package_identification:_identify(perception_interfaces) by extension 'ros'
[0.097s] DEBUG:colcon.colcon_core.package_identification:Package 'perception_interfaces' with type 'ros.ament_cmake' and name 'perception_interfaces'
[0.097s] Level 1:colcon.colcon_core.package_discovery:discover_packages(recursive) using defaults
[0.097s] Level 1:colcon.colcon_core.package_discovery:discover_packages(ignore) discover
[0.097s] Level 1:colcon.colcon_core.package_discovery:discover_packages(ignore) using defaults
[0.097s] Level 1:colcon.colcon_core.package_discovery:discover_packages(path) discover
[0.097s] Level 1:colcon.colcon_core.package_discovery:discover_packages(path) using defaults
[0.121s] Level 1:colcon.colcon_core.package_discovery:discover_packages(prefix_path) check parameters
[0.121s] Level 1:colcon.colcon_core.package_discovery:discover_packages(prefix_path) discover
[0.122s] DEBUG:colcon.colcon_installed_package_information.package_discovery:Found 5 installed packages in /home/parallels/ros2_ws/src/general/install
[0.122s] DEBUG:colcon.colcon_installed_package_information.package_discovery:Found 296 installed packages in /opt/ros/humble
[0.123s] Level 1:colcon.colcon_core.package_discovery:discover_packages(prefix_path) using defaults
[0.147s] Level 5:colcon.colcon_core.verb:set package 'njord_tasks' build argument 'cmake_args' from command line to 'None'
[0.147s] Level 5:colcon.colcon_core.verb:set package 'njord_tasks' build argument 'cmake_target' from command line to 'None'
[0.147s] Level 5:colcon.colcon_core.verb:set package 'njord_tasks' build argument 'cmake_target_skip_unavailable' from command line to 'False'
[0.147s] Level 5:colcon.colcon_core.verb:set package 'njord_tasks' build argument 'cmake_clean_cache' from command line to 'False'
[0.147s] Level 5:colcon.colcon_core.verb:set package 'njord_tasks' build argument 'cmake_clean_first' from command line to 'False'
[0.147s] Level 5:colcon.colcon_core.verb:set package 'njord_tasks' build argument 'cmake_force_configure' from command line to 'False'
[0.147s] Level 5:colcon.colcon_core.verb:set package 'njord_tasks' build argument 'ament_cmake_args' from command line to 'None'
[0.147s] Level 5:colcon.colcon_core.verb:set package 'njord_tasks' build argument 'catkin_cmake_args' from command line to 'None'
[0.147s] Level 5:colcon.colcon_core.verb:set package 'njord_tasks' build argument 'catkin_skip_building_tests' from command line to 'False'
[0.147s] DEBUG:colcon.colcon_core.verb:Building package 'njord_tasks' with the following arguments: {'ament_cmake_args': None, 'build_base': '/home/parallels/ros2_ws/src/general/build/njord_tasks', 'catkin_cmake_args': None, 'catkin_skip_building_tests': False, 'cmake_args': None, 'cmake_clean_cache': False, 'cmake_clean_first': False, 'cmake_force_configure': False, 'cmake_target': None, 'cmake_target_skip_unavailable': False, 'install_base': '/home/parallels/ros2_ws/src/general/install/njord_tasks', 'merge_install': False, 'path': '/home/parallels/ros2_ws/src/general/njord_tasks', 'symlink_install': False, 'test_result_base': None}
[0.147s] Level 5:colcon.colcon_core.verb:set package 'perception_interfaces' build argument 'cmake_args' from command line to 'None'
[0.147s] Level 5:colcon.colcon_core.verb:set package 'perception_interfaces' build argument 'cmake_target' from command line to 'None'
[0.147s] Level 5:colcon.colcon_core.verb:set package 'perception_interfaces' build argument 'cmake_target_skip_unavailable' from command line to 'False'
[0.147s] Level 5:colcon.colcon_core.verb:set package 'perception_interfaces' build argument 'cmake_clean_cache' from command line to 'False'
[0.147s] Level 5:colcon.colcon_core.verb:set package 'perception_interfaces' build argument 'cmake_clean_first' from command line to 'False'
[0.147s] Level 5:colcon.colcon_core.verb:set package 'perception_interfaces' build argument 'cmake_force_configure' from command line to 'False'
[0.147s] Level 5:colcon.colcon_core.verb:set package 'perception_interfaces' build argument 'ament_cmake_args' from command line to 'None'
[0.147s] Level 5:colcon.colcon_core.verb:set package 'perception_interfaces' build argument 'catkin_cmake_args' from command line to 'None'
[0.147s] Level 5:colcon.colcon_core.verb:set package 'perception_interfaces' build argument 'catkin_skip_building_tests' from command line to 'False'
[0.147s] DEBUG:colcon.colcon_core.verb:Building package 'perception_interfaces' with the following arguments: {'ament_cmake_args': None, 'build_base': '/home/parallels/ros2_ws/src/general/build/perception_interfaces', 'catkin_cmake_args': None, 'catkin_skip_building_tests': False, 'cmake_args': None, 'cmake_clean_cache': False, 'cmake_clean_first': False, 'cmake_force_configure': False, 'cmake_target': None, 'cmake_target_skip_unavailable': False, 'install_base': '/home/parallels/ros2_ws/src/general/install/perception_interfaces', 'merge_install': False, 'path': '/home/parallels/ros2_ws/src/general/perception_interfaces', 'symlink_install': False, 'test_result_base': None}
[0.147s] Level 5:colcon.colcon_core.verb:set package 'slg_msgs' build argument 'cmake_args' from command line to 'None'
[0.147s] Level 5:colcon.colcon_core.verb:set package 'slg_msgs' build argument 'cmake_target' from command line to 'None'
[0.147s] Level 5:colcon.colcon_core.verb:set package 'slg_msgs' build argument 'cmake_target_skip_unavailable' from command line to 'False'
[0.147s] Level 5:colcon.colcon_core.verb:set package 'slg_msgs' build argument 'cmake_clean_cache' from command line to 'False'
[0.147s] Level 5:colcon.colcon_core.verb:set package 'slg_msgs' build argument 'cmake_clean_first' from command line to 'False'
[0.147s] Level 5:colcon.colcon_core.verb:set package 'slg_msgs' build argument 'cmake_force_configure' from command line to 'False'
[0.147s] Level 5:colcon.colcon_core.verb:set package 'slg_msgs' build argument 'ament_cmake_args' from command line to 'None'
[0.147s] Level 5:colcon.colcon_core.verb:set package 'slg_msgs' build argument 'catkin_cmake_args' from command line to 'None'
[0.147s] Level 5:colcon.colcon_core.verb:set package 'slg_msgs' build argument 'catkin_skip_building_tests' from command line to 'False'
[0.147s] DEBUG:colcon.colcon_core.verb:Building package 'slg_msgs' with the following arguments: {'ament_cmake_args': None, 'build_base': '/home/parallels/ros2_ws/src/general/build/slg_msgs', 'catkin_cmake_args': None, 'catkin_skip_building_tests': False, 'cmake_args': None, 'cmake_clean_cache': False, 'cmake_clean_first': False, 'cmake_force_configure': False, 'cmake_target': None, 'cmake_target_skip_unavailable': False, 'install_base': '/home/parallels/ros2_ws/src/general/install/slg_msgs', 'merge_install': False, 'path': '/home/parallels/ros2_ws/src/general/laser_segmentation/slg_msgs', 'symlink_install': False, 'test_result_base': None}
[0.147s] Level 5:colcon.colcon_core.verb:set package 'laser_segmentation' build argument 'cmake_args' from command line to 'None'
[0.147s] Level 5:colcon.colcon_core.verb:set package 'laser_segmentation' build argument 'cmake_target' from command line to 'None'
[0.148s] Level 5:colcon.colcon_core.verb:set package 'laser_segmentation' build argument 'cmake_target_skip_unavailable' from command line to 'False'
[0.148s] Level 5:colcon.colcon_core.verb:set package 'laser_segmentation' build argument 'cmake_clean_cache' from command line to 'False'
[0.148s] Level 5:colcon.colcon_core.verb:set package 'laser_segmentation' build argument 'cmake_clean_first' from command line to 'False'
[0.148s] Level 5:colcon.colcon_core.verb:set package 'laser_segmentation' build argument 'cmake_force_configure' from command line to 'False'
[0.148s] Level 5:colcon.colcon_core.verb:set package 'laser_segmentation' build argument 'ament_cmake_args' from command line to 'None'
[0.148s] Level 5:colcon.colcon_core.verb:set package 'laser_segmentation' build argument 'catkin_cmake_args' from command line to 'None'
[0.148s] Level 5:colcon.colcon_core.verb:set package 'laser_segmentation' build argument 'catkin_skip_building_tests' from command line to 'False'
[0.148s] DEBUG:colcon.colcon_core.verb:Building package 'laser_segmentation' with the following arguments: {'ament_cmake_args': None, 'build_base': '/home/parallels/ros2_ws/src/general/build/laser_segmentation', 'catkin_cmake_args': None, 'catkin_skip_building_tests': False, 'cmake_args': None, 'cmake_clean_cache': False, 'cmake_clean_first': False, 'cmake_force_configure': False, 'cmake_target': None, 'cmake_target_skip_unavailable': False, 'install_base': '/home/parallels/ros2_ws/src/general/install/laser_segmentation', 'merge_install': False, 'path': '/home/parallels/ros2_ws/src/general/laser_segmentation/laser_segmentation', 'symlink_install': False, 'test_result_base': None}
[0.148s] Level 5:colcon.colcon_core.verb:set package 'perception' build argument 'cmake_args' from command line to 'None'
[0.148s] Level 5:colcon.colcon_core.verb:set package 'perception' build argument 'cmake_target' from command line to 'None'
[0.148s] Level 5:colcon.colcon_core.verb:set package 'perception' build argument 'cmake_target_skip_unavailable' from command line to 'False'
[0.148s] Level 5:colcon.colcon_core.verb:set package 'perception' build argument 'cmake_clean_cache' from command line to 'False'
[0.148s] Level 5:colcon.colcon_core.verb:set package 'perception' build argument 'cmake_clean_first' from command line to 'False'
[0.148s] Level 5:colcon.colcon_core.verb:set package 'perception' build argument 'cmake_force_configure' from command line to 'False'
[0.148s] Level 5:colcon.colcon_core.verb:set package 'perception' build argument 'ament_cmake_args' from command line to 'None'
[0.148s] Level 5:colcon.colcon_core.verb:set package 'perception' build argument 'catkin_cmake_args' from command line to 'None'
[0.148s] Level 5:colcon.colcon_core.verb:set package 'perception' build argument 'catkin_skip_building_tests' from command line to 'False'
[0.148s] DEBUG:colcon.colcon_core.verb:Building package 'perception' with the following arguments: {'ament_cmake_args': None, 'build_base': '/home/parallels/ros2_ws/src/general/build/perception', 'catkin_cmake_args': None, 'catkin_skip_building_tests': False, 'cmake_args': None, 'cmake_clean_cache': False, 'cmake_clean_first': False, 'cmake_force_configure': False, 'cmake_target': None, 'cmake_target_skip_unavailable': False, 'install_base': '/home/parallels/ros2_ws/src/general/install/perception', 'merge_install': False, 'path': '/home/parallels/ros2_ws/src/general/perception', 'symlink_install': False, 'test_result_base': None}
[0.148s] INFO:colcon.colcon_core.executor:Executing jobs using 'parallel' executor
[0.149s] DEBUG:colcon.colcon_parallel_executor.executor.parallel:run_until_complete
[0.149s] INFO:colcon.colcon_ros.task.ament_cmake.build:Building ROS package in '/home/parallels/ros2_ws/src/general/laser_segmentation/slg_msgs' with build type 'ament_cmake'
[0.149s] INFO:colcon.colcon_cmake.task.cmake.build:Building CMake package in '/home/parallels/ros2_ws/src/general/laser_segmentation/slg_msgs'
[0.150s] INFO:colcon.colcon_core.plugin_system:Skipping extension 'colcon_core.shell.bat': Not used on non-Windows systems
[0.150s] INFO:colcon.colcon_core.shell:Skip shell extension 'powershell' for command environment: Not usable outside of PowerShell
[0.150s] DEBUG:colcon.colcon_core.shell:Skip shell extension 'dsv' for command environment
[0.153s] INFO:colcon.colcon_ros.task.ament_cmake.build:Building ROS package in '/home/parallels/ros2_ws/src/general/perception_interfaces' with build type 'ament_cmake'
[0.153s] INFO:colcon.colcon_cmake.task.cmake.build:Building CMake package in '/home/parallels/ros2_ws/src/general/perception_interfaces'
[0.153s] INFO:colcon.colcon_core.shell:Skip shell extension 'powershell' for command environment: Not usable outside of PowerShell
[0.153s] DEBUG:colcon.colcon_core.shell:Skip shell extension 'dsv' for command environment
[0.159s] DEBUG:colcon.colcon_core.event_handler.log_command:Invoking command in '/home/parallels/ros2_ws/src/general/build/slg_msgs': CMAKE_PREFIX_PATH=${CMAKE_PREFIX_PATH}:/opt/ros/humble /usr/bin/cmake --build /home/parallels/ros2_ws/src/general/build/slg_msgs -- -j2 -l2
[0.167s] DEBUG:colcon.colcon_core.event_handler.log_command:Invoking command in '/home/parallels/ros2_ws/src/general/build/perception_interfaces': CMAKE_PREFIX_PATH=${CMAKE_PREFIX_PATH}:/opt/ros/humble /usr/bin/cmake --build /home/parallels/ros2_ws/src/general/build/perception_interfaces -- -j2 -l2
[0.261s] DEBUG:colcon.colcon_core.event_handler.log_command:Invoked command in '/home/parallels/ros2_ws/src/general/build/perception_interfaces' returned '2': CMAKE_PREFIX_PATH=${CMAKE_PREFIX_PATH}:/opt/ros/humble /usr/bin/cmake --build /home/parallels/ros2_ws/src/general/build/perception_interfaces -- -j2 -l2
[0.441s] Level 1:colcon.colcon_core.environment:create_environment_scripts_only(perception_interfaces)
[0.442s] Level 1:colcon.colcon_core.environment:checking '/home/parallels/ros2_ws/src/general/install/perception_interfaces' for CMake module files
[0.443s] Level 1:colcon.colcon_core.environment:checking '/home/parallels/ros2_ws/src/general/install/perception_interfaces' for CMake config files
[0.443s] Level 1:colcon.colcon_core.shell:create_environment_hook('perception_interfaces', 'cmake_prefix_path')
[0.443s] INFO:colcon.colcon_core.shell:Creating environment hook '/home/parallels/ros2_ws/src/general/install/perception_interfaces/share/perception_interfaces/hook/cmake_prefix_path.ps1'
[0.444s] INFO:colcon.colcon_core.shell:Creating environment descriptor '/home/parallels/ros2_ws/src/general/install/perception_interfaces/share/perception_interfaces/hook/cmake_prefix_path.dsv'
[0.444s] INFO:colcon.colcon_core.shell:Creating environment hook '/home/parallels/ros2_ws/src/general/install/perception_interfaces/share/perception_interfaces/hook/cmake_prefix_path.sh'
[0.444s] Level 1:colcon.colcon_core.environment:checking '/home/parallels/ros2_ws/src/general/install/perception_interfaces/lib'
[0.444s] Level 1:colcon.colcon_core.shell:create_environment_hook('perception_interfaces', 'ld_library_path_lib')
[0.444s] INFO:colcon.colcon_core.shell:Creating environment hook '/home/parallels/ros2_ws/src/general/install/perception_interfaces/share/perception_interfaces/hook/ld_library_path_lib.ps1'
[0.444s] INFO:colcon.colcon_core.shell:Creating environment descriptor '/home/parallels/ros2_ws/src/general/install/perception_interfaces/share/perception_interfaces/hook/ld_library_path_lib.dsv'
[0.445s] INFO:colcon.colcon_core.shell:Creating environment hook '/home/parallels/ros2_ws/src/general/install/perception_interfaces/share/perception_interfaces/hook/ld_library_path_lib.sh'
[0.445s] Level 1:colcon.colcon_core.environment:checking '/home/parallels/ros2_ws/src/general/install/perception_interfaces/bin'
[0.445s] Level 1:colcon.colcon_core.environment:checking '/home/parallels/ros2_ws/src/general/install/perception_interfaces/lib/pkgconfig/perception_interfaces.pc'
[0.445s] Level 1:colcon.colcon_core.environment:checking '/home/parallels/ros2_ws/src/general/install/perception_interfaces/lib/python3.10/site-packages'
[0.445s] Level 1:colcon.colcon_core.environment:checking '/home/parallels/ros2_ws/src/general/install/perception_interfaces/bin'
[0.445s] INFO:colcon.colcon_core.shell:Creating package script '/home/parallels/ros2_ws/src/general/install/perception_interfaces/share/perception_interfaces/package.ps1'
[0.446s] INFO:colcon.colcon_core.shell:Creating package descriptor '/home/parallels/ros2_ws/src/general/install/perception_interfaces/share/perception_interfaces/package.dsv'
[0.446s] INFO:colcon.colcon_core.shell:Creating package script '/home/parallels/ros2_ws/src/general/install/perception_interfaces/share/perception_interfaces/package.sh'
[0.446s] INFO:colcon.colcon_core.shell:Creating package script '/home/parallels/ros2_ws/src/general/install/perception_interfaces/share/perception_interfaces/package.bash'
[0.446s] INFO:colcon.colcon_core.shell:Creating package script '/home/parallels/ros2_ws/src/general/install/perception_interfaces/share/perception_interfaces/package.zsh'
[0.447s] Level 1:colcon.colcon_core.environment:create_file_with_runtime_dependencies(/home/parallels/ros2_ws/src/general/install/perception_interfaces/share/colcon-core/packages/perception_interfaces)
[0.480s] DEBUG:colcon.colcon_parallel_executor.executor.parallel:closing loop
[0.480s] DEBUG:colcon.colcon_parallel_executor.executor.parallel:loop closed
[0.480s] DEBUG:colcon.colcon_parallel_executor.executor.parallel:run_until_complete finished with '2'
[0.480s] DEBUG:colcon.colcon_core.event_reactor:joining thread
[0.483s] INFO:colcon.colcon_core.plugin_system:Skipping extension 'colcon_notification.desktop_notification.terminal_notifier': Not used on non-Darwin systems
[0.483s] INFO:colcon.colcon_core.plugin_system:Skipping extension 'colcon_notification.desktop_notification.win32': Not used on non-Windows systems
[0.483s] INFO:colcon.colcon_notification.desktop_notification:Sending desktop notification using 'notify2'
[0.500s] DEBUG:colcon.colcon_core.event_reactor:joined thread
[0.500s] INFO:colcon.colcon_core.shell:Creating prefix script '/home/parallels/ros2_ws/src/general/install/local_setup.ps1'
[0.501s] INFO:colcon.colcon_core.shell:Creating prefix util module '/home/parallels/ros2_ws/src/general/install/_local_setup_util_ps1.py'
[0.501s] INFO:colcon.colcon_core.shell:Creating prefix chain script '/home/parallels/ros2_ws/src/general/install/setup.ps1'
[0.502s] INFO:colcon.colcon_core.shell:Creating prefix script '/home/parallels/ros2_ws/src/general/install/local_setup.sh'
[0.502s] INFO:colcon.colcon_core.shell:Creating prefix util module '/home/parallels/ros2_ws/src/general/install/_local_setup_util_sh.py'
[0.502s] INFO:colcon.colcon_core.shell:Creating prefix chain script '/home/parallels/ros2_ws/src/general/install/setup.sh'
[0.503s] INFO:colcon.colcon_core.shell:Creating prefix script '/home/parallels/ros2_ws/src/general/install/local_setup.bash'
[0.503s] INFO:colcon.colcon_core.shell:Creating prefix chain script '/home/parallels/ros2_ws/src/general/install/setup.bash'
[0.504s] INFO:colcon.colcon_core.shell:Creating prefix script '/home/parallels/ros2_ws/src/general/install/local_setup.zsh'
[0.504s] INFO:colcon.colcon_core.shell:Creating prefix chain script '/home/parallels/ros2_ws/src/general/install/setup.zsh'
