[1.254s] Invoking command in '/home/robert/Projects/ros_ws/src/general/yolov8_ros/yolov8_ros': AMENT_PREFIX_PATH=/home/robert/Projects/ros_ws/src/general/install/yolov8_msgs:${AMENT_PREFIX_PATH} CMAKE_PREFIX_PATH=/home/robert/Projects/ros_ws/src/general/install/yolov8_msgs LD_LIBRARY_PATH=/home/robert/Projects/ros_ws/src/general/install/yolov8_msgs/lib:${LD_LIBRARY_PATH} PYTHONPATH=/home/robert/Projects/ros_ws/src/general/build/yolov8_ros/prefix_override:/usr/lib/python3/dist-packages/colcon_core/task/python/colcon_distutils_commands:/home/robert/Projects/ros_ws/src/general/install/yolov8_ros/lib/python3.10/site-packages:/home/robert/Projects/ros_ws/src/general/install/yolov8_msgs/local/lib/python3.10/dist-packages:${PYTHONPATH} /usr/bin/python3 -W ignore:setup.py install is deprecated -W ignore:easy_install command is deprecated setup.py egg_info --egg-base ../../build/yolov8_ros build --build-base /home/robert/Projects/ros_ws/src/general/build/yolov8_ros/build install --record /home/robert/Projects/ros_ws/src/general/build/yolov8_ros/install.log --single-version-externally-managed install_data
[1.786s] running egg_info
[1.788s] creating ../../build/yolov8_ros/yolov8_ros.egg-info
[1.788s] writing ../../build/yolov8_ros/yolov8_ros.egg-info/PKG-INFO
[1.789s] writing dependency_links to ../../build/yolov8_ros/yolov8_ros.egg-info/dependency_links.txt
[1.789s] writing entry points to ../../build/yolov8_ros/yolov8_ros.egg-info/entry_points.txt
[1.789s] writing requirements to ../../build/yolov8_ros/yolov8_ros.egg-info/requires.txt
[1.789s] writing top-level names to ../../build/yolov8_ros/yolov8_ros.egg-info/top_level.txt
[1.790s] writing manifest file '../../build/yolov8_ros/yolov8_ros.egg-info/SOURCES.txt'
[1.793s] reading manifest file '../../build/yolov8_ros/yolov8_ros.egg-info/SOURCES.txt'
[1.794s] writing manifest file '../../build/yolov8_ros/yolov8_ros.egg-info/SOURCES.txt'
[1.794s] running build
[1.795s] running build_py
[1.795s] creating /home/robert/Projects/ros_ws/src/general/build/yolov8_ros/build
[1.795s] creating /home/robert/Projects/ros_ws/src/general/build/yolov8_ros/build/lib
[1.795s] creating /home/robert/Projects/ros_ws/src/general/build/yolov8_ros/build/lib/yolov8_ros
[1.796s] copying yolov8_ros/debug_node.py -> /home/robert/Projects/ros_ws/src/general/build/yolov8_ros/build/lib/yolov8_ros
[1.796s] copying yolov8_ros/detect_3d_node.py -> /home/robert/Projects/ros_ws/src/general/build/yolov8_ros/build/lib/yolov8_ros
[1.796s] copying yolov8_ros/tracking_node.py -> /home/robert/Projects/ros_ws/src/general/build/yolov8_ros/build/lib/yolov8_ros
[1.796s] copying yolov8_ros/yolov8_node.py -> /home/robert/Projects/ros_ws/src/general/build/yolov8_ros/build/lib/yolov8_ros
[1.796s] copying yolov8_ros/__init__.py -> /home/robert/Projects/ros_ws/src/general/build/yolov8_ros/build/lib/yolov8_ros
[1.797s] running install
[1.797s] running install_lib
[1.798s] creating /home/robert/Projects/ros_ws/src/general/install/yolov8_ros/lib/python3.10/site-packages/yolov8_ros
[1.798s] copying /home/robert/Projects/ros_ws/src/general/build/yolov8_ros/build/lib/yolov8_ros/debug_node.py -> /home/robert/Projects/ros_ws/src/general/install/yolov8_ros/lib/python3.10/site-packages/yolov8_ros
[1.798s] copying /home/robert/Projects/ros_ws/src/general/build/yolov8_ros/build/lib/yolov8_ros/detect_3d_node.py -> /home/robert/Projects/ros_ws/src/general/install/yolov8_ros/lib/python3.10/site-packages/yolov8_ros
[1.798s] copying /home/robert/Projects/ros_ws/src/general/build/yolov8_ros/build/lib/yolov8_ros/tracking_node.py -> /home/robert/Projects/ros_ws/src/general/install/yolov8_ros/lib/python3.10/site-packages/yolov8_ros
[1.798s] copying /home/robert/Projects/ros_ws/src/general/build/yolov8_ros/build/lib/yolov8_ros/yolov8_node.py -> /home/robert/Projects/ros_ws/src/general/install/yolov8_ros/lib/python3.10/site-packages/yolov8_ros
[1.798s] copying /home/robert/Projects/ros_ws/src/general/build/yolov8_ros/build/lib/yolov8_ros/__init__.py -> /home/robert/Projects/ros_ws/src/general/install/yolov8_ros/lib/python3.10/site-packages/yolov8_ros
[1.799s] byte-compiling /home/robert/Projects/ros_ws/src/general/install/yolov8_ros/lib/python3.10/site-packages/yolov8_ros/debug_node.py to debug_node.cpython-310.pyc
[1.802s] byte-compiling /home/robert/Projects/ros_ws/src/general/install/yolov8_ros/lib/python3.10/site-packages/yolov8_ros/detect_3d_node.py to detect_3d_node.cpython-310.pyc
[1.806s] byte-compiling /home/robert/Projects/ros_ws/src/general/install/yolov8_ros/lib/python3.10/site-packages/yolov8_ros/tracking_node.py to tracking_node.cpython-310.pyc
[1.808s] byte-compiling /home/robert/Projects/ros_ws/src/general/install/yolov8_ros/lib/python3.10/site-packages/yolov8_ros/yolov8_node.py to yolov8_node.cpython-310.pyc
[1.811s] byte-compiling /home/robert/Projects/ros_ws/src/general/install/yolov8_ros/lib/python3.10/site-packages/yolov8_ros/__init__.py to __init__.cpython-310.pyc
[1.811s] running install_data
[1.812s] creating /home/robert/Projects/ros_ws/src/general/install/yolov8_ros/share/ament_index
[1.812s] creating /home/robert/Projects/ros_ws/src/general/install/yolov8_ros/share/ament_index/resource_index
[1.812s] creating /home/robert/Projects/ros_ws/src/general/install/yolov8_ros/share/ament_index/resource_index/packages
[1.812s] copying resource/yolov8_ros -> /home/robert/Projects/ros_ws/src/general/install/yolov8_ros/share/ament_index/resource_index/packages
[1.812s] copying package.xml -> /home/robert/Projects/ros_ws/src/general/install/yolov8_ros/share/yolov8_ros
[1.813s] running install_egg_info
[1.815s] Copying ../../build/yolov8_ros/yolov8_ros.egg-info to /home/robert/Projects/ros_ws/src/general/install/yolov8_ros/lib/python3.10/site-packages/yolov8_ros-0.0.0-py3.10.egg-info
[1.817s] running install_scripts
[1.863s] Installing debug_node script to /home/robert/Projects/ros_ws/src/general/install/yolov8_ros/lib/yolov8_ros
[1.863s] Installing detect_3d_node script to /home/robert/Projects/ros_ws/src/general/install/yolov8_ros/lib/yolov8_ros
[1.863s] Installing tracking_node script to /home/robert/Projects/ros_ws/src/general/install/yolov8_ros/lib/yolov8_ros
[1.863s] Installing yolov8_node script to /home/robert/Projects/ros_ws/src/general/install/yolov8_ros/lib/yolov8_ros
[1.865s] writing list of installed files to '/home/robert/Projects/ros_ws/src/general/build/yolov8_ros/install.log'
[1.910s] Invoked command in '/home/robert/Projects/ros_ws/src/general/yolov8_ros/yolov8_ros' returned '0': AMENT_PREFIX_PATH=/home/robert/Projects/ros_ws/src/general/install/yolov8_msgs:${AMENT_PREFIX_PATH} CMAKE_PREFIX_PATH=/home/robert/Projects/ros_ws/src/general/install/yolov8_msgs LD_LIBRARY_PATH=/home/robert/Projects/ros_ws/src/general/install/yolov8_msgs/lib:${LD_LIBRARY_PATH} PYTHONPATH=/home/robert/Projects/ros_ws/src/general/build/yolov8_ros/prefix_override:/usr/lib/python3/dist-packages/colcon_core/task/python/colcon_distutils_commands:/home/robert/Projects/ros_ws/src/general/install/yolov8_ros/lib/python3.10/site-packages:/home/robert/Projects/ros_ws/src/general/install/yolov8_msgs/local/lib/python3.10/dist-packages:${PYTHONPATH} /usr/bin/python3 -W ignore:setup.py install is deprecated -W ignore:easy_install command is deprecated setup.py egg_info --egg-base ../../build/yolov8_ros build --build-base /home/robert/Projects/ros_ws/src/general/build/yolov8_ros/build install --record /home/robert/Projects/ros_ws/src/general/build/yolov8_ros/install.log --single-version-externally-managed install_data
