[0.020s] Invoking command in '/home/parallels/ros2_ws/src/general/build/laser_segmentation': AMENT_PREFIX_PATH=/home/parallels/ros2_ws/src/general/install/slg_msgs:${AMENT_PREFIX_PATH} CMAKE_PREFIX_PATH=/home/parallels/ros2_ws/src/general/install/slg_msgs:/opt/ros/humble LD_LIBRARY_PATH=/home/parallels/ros2_ws/src/general/install/slg_msgs/lib:${LD_LIBRARY_PATH} PYTHONPATH=/home/parallels/ros2_ws/src/general/install/slg_msgs/local/lib/python3.10/dist-packages:${PYTHONPATH} /usr/bin/cmake --build /home/parallels/ros2_ws/src/general/build/laser_segmentation -- -j2 -l2
[0.120s] [ 11%] Built target gtest_main
[0.122s] [ 23%] Built target gtest
[0.146s] [ 52%] Built target laser_segmentation_component
[0.187s] [ 64%] Built target test_segmentations
[0.212s] [ 76%] Built target laser_segmentation
[0.232s] [ 88%] Built target test_laser_segmentation
[0.267s] [100%] Built target test_integration
[0.277s] Invoked command in '/home/parallels/ros2_ws/src/general/build/laser_segmentation' returned '0': AMENT_PREFIX_PATH=/home/parallels/ros2_ws/src/general/install/slg_msgs:${AMENT_PREFIX_PATH} CMAKE_PREFIX_PATH=/home/parallels/ros2_ws/src/general/install/slg_msgs:/opt/ros/humble LD_LIBRARY_PATH=/home/parallels/ros2_ws/src/general/install/slg_msgs/lib:${LD_LIBRARY_PATH} PYTHONPATH=/home/parallels/ros2_ws/src/general/install/slg_msgs/local/lib/python3.10/dist-packages:${PYTHONPATH} /usr/bin/cmake --build /home/parallels/ros2_ws/src/general/build/laser_segmentation -- -j2 -l2
[0.373s] Invoking command in '/home/parallels/ros2_ws/src/general/build/laser_segmentation': AMENT_PREFIX_PATH=/home/parallels/ros2_ws/src/general/install/slg_msgs:${AMENT_PREFIX_PATH} CMAKE_PREFIX_PATH=/home/parallels/ros2_ws/src/general/install/slg_msgs:/opt/ros/humble LD_LIBRARY_PATH=/home/parallels/ros2_ws/src/general/install/slg_msgs/lib:${LD_LIBRARY_PATH} PYTHONPATH=/home/parallels/ros2_ws/src/general/install/slg_msgs/local/lib/python3.10/dist-packages:${PYTHONPATH} /usr/bin/cmake --install /home/parallels/ros2_ws/src/general/build/laser_segmentation
[0.398s] -- Install configuration: "Release"
[0.398s] -- Up-to-date: /home/parallels/ros2_ws/src/general/install/laser_segmentation/lib/liblaser_segmentation_component.so
[0.404s] -- Up-to-date: /home/parallels/ros2_ws/src/general/install/laser_segmentation/lib/laser_segmentation/laser_segmentation
[0.404s] -- Up-to-date: /home/parallels/ros2_ws/src/general/install/laser_segmentation/include/laser_segmentation
[0.406s] -- Up-to-date: /home/parallels/ros2_ws/src/general/install/laser_segmentation/include/laser_segmentation/parameter_handler.hpp
[0.407s] -- Up-to-date: /home/parallels/ros2_ws/src/general/install/laser_segmentation/include/laser_segmentation/parula.hpp
[0.407s] -- Up-to-date: /home/parallels/ros2_ws/src/general/install/laser_segmentation/include/laser_segmentation/laser_segmentation.hpp
[0.407s] -- Up-to-date: /home/parallels/ros2_ws/src/general/install/laser_segmentation/include/laser_segmentation/segmentation
[0.412s] -- Up-to-date: /home/parallels/ros2_ws/src/general/install/laser_segmentation/include/laser_segmentation/segmentation/segmentation.hpp
[0.413s] -- Up-to-date: /home/parallels/ros2_ws/src/general/install/laser_segmentation/include/laser_segmentation/segmentation/jump_distance.hpp
[0.413s] -- Up-to-date: /home/parallels/ros2_ws/src/general/install/laser_segmentation/include/laser_segmentation/segmentation/jump_distance_merge.hpp
[0.415s] -- Up-to-date: /home/parallels/ros2_ws/src/general/install/laser_segmentation/share/laser_segmentation//launch
[0.416s] -- Up-to-date: /home/parallels/ros2_ws/src/general/install/laser_segmentation/share/laser_segmentation//launch/segmentation.launch.py
[0.416s] -- Up-to-date: /home/parallels/ros2_ws/src/general/install/laser_segmentation/share/laser_segmentation//params
[0.416s] -- Up-to-date: /home/parallels/ros2_ws/src/general/install/laser_segmentation/share/laser_segmentation//params/default_params.yml
[0.416s] -- Up-to-date: /home/parallels/ros2_ws/src/general/install/laser_segmentation/share/laser_segmentation//params/close_steps_detect.yml
[0.416s] -- Up-to-date: /home/parallels/ros2_ws/src/general/install/laser_segmentation/share/laser_segmentation/environment/library_path.sh
[0.416s] -- Up-to-date: /home/parallels/ros2_ws/src/general/install/laser_segmentation/share/laser_segmentation/environment/library_path.dsv
[0.416s] -- Up-to-date: /home/parallels/ros2_ws/src/general/install/laser_segmentation/share/ament_index/resource_index/package_run_dependencies/laser_segmentation
[0.416s] -- Up-to-date: /home/parallels/ros2_ws/src/general/install/laser_segmentation/share/ament_index/resource_index/parent_prefix_path/laser_segmentation
[0.416s] -- Up-to-date: /home/parallels/ros2_ws/src/general/install/laser_segmentation/share/laser_segmentation/environment/ament_prefix_path.sh
[0.416s] -- Up-to-date: /home/parallels/ros2_ws/src/general/install/laser_segmentation/share/laser_segmentation/environment/ament_prefix_path.dsv
[0.417s] -- Up-to-date: /home/parallels/ros2_ws/src/general/install/laser_segmentation/share/laser_segmentation/environment/path.sh
[0.417s] -- Up-to-date: /home/parallels/ros2_ws/src/general/install/laser_segmentation/share/laser_segmentation/environment/path.dsv
[0.417s] -- Up-to-date: /home/parallels/ros2_ws/src/general/install/laser_segmentation/share/laser_segmentation/local_setup.bash
[0.417s] -- Up-to-date: /home/parallels/ros2_ws/src/general/install/laser_segmentation/share/laser_segmentation/local_setup.sh
[0.417s] -- Up-to-date: /home/parallels/ros2_ws/src/general/install/laser_segmentation/share/laser_segmentation/local_setup.zsh
[0.417s] -- Up-to-date: /home/parallels/ros2_ws/src/general/install/laser_segmentation/share/laser_segmentation/local_setup.dsv
[0.417s] -- Installing: /home/parallels/ros2_ws/src/general/install/laser_segmentation/share/laser_segmentation/package.dsv
[0.417s] -- Up-to-date: /home/parallels/ros2_ws/src/general/install/laser_segmentation/share/ament_index/resource_index/packages/laser_segmentation
[0.417s] -- Up-to-date: /home/parallels/ros2_ws/src/general/install/laser_segmentation/share/ament_index/resource_index/rclcpp_components/laser_segmentation
[0.417s] -- Up-to-date: /home/parallels/ros2_ws/src/general/install/laser_segmentation/share/laser_segmentation/cmake/ament_cmake_export_include_directories-extras.cmake
[0.417s] -- Up-to-date: /home/parallels/ros2_ws/src/general/install/laser_segmentation/share/laser_segmentation/cmake/ament_cmake_export_libraries-extras.cmake
[0.417s] -- Up-to-date: /home/parallels/ros2_ws/src/general/install/laser_segmentation/share/laser_segmentation/cmake/ament_cmake_export_dependencies-extras.cmake
[0.418s] -- Up-to-date: /home/parallels/ros2_ws/src/general/install/laser_segmentation/share/laser_segmentation/cmake/laser_segmentationConfig.cmake
[0.418s] -- Up-to-date: /home/parallels/ros2_ws/src/general/install/laser_segmentation/share/laser_segmentation/cmake/laser_segmentationConfig-version.cmake
[0.418s] -- Up-to-date: /home/parallels/ros2_ws/src/general/install/laser_segmentation/share/laser_segmentation/package.xml
[0.432s] Invoked command in '/home/parallels/ros2_ws/src/general/build/laser_segmentation' returned '0': AMENT_PREFIX_PATH=/home/parallels/ros2_ws/src/general/install/slg_msgs:${AMENT_PREFIX_PATH} CMAKE_PREFIX_PATH=/home/parallels/ros2_ws/src/general/install/slg_msgs:/opt/ros/humble LD_LIBRARY_PATH=/home/parallels/ros2_ws/src/general/install/slg_msgs/lib:${LD_LIBRARY_PATH} PYTHONPATH=/home/parallels/ros2_ws/src/general/install/slg_msgs/local/lib/python3.10/dist-packages:${PYTHONPATH} /usr/bin/cmake --install /home/parallels/ros2_ws/src/general/build/laser_segmentation
