-- The C compiler identification is GNU 11.4.0
-- The CXX compiler identification is GNU 11.4.0
-- Detecting C compiler ABI info
-- Detecting C compiler ABI info - done
-- Check for working C compiler: /usr/lib/ccache/cc - skipped
-- Detecting C compile features
-- Detecting C compile features - done
-- Detecting CXX compiler ABI info
-- Detecting CXX compiler ABI info - done
-- Check for working CXX compiler: /usr/lib/ccache/c++ - skipped
-- Detecting CXX compile features
-- Detecting CXX compile features - done
-- Setting build type to Release as none was specified.
-- Found ament_cmake: 1.3.9 (/opt/ros/humble/share/ament_cmake/cmake)
-- Found Python3: /usr/bin/python3 (found version "3.10.12") found components: Interpreter 
-- Found rclcpp: 16.0.9 (/opt/ros/humble/share/rclcpp/cmake)
-- Found rosidl_generator_c: 3.1.5 (/opt/ros/humble/share/rosidl_generator_c/cmake)
-- Found rosidl_adapter: 3.1.5 (/opt/ros/humble/share/rosidl_adapter/cmake)
-- Found rosidl_generator_cpp: 3.1.5 (/opt/ros/humble/share/rosidl_generator_cpp/cmake)
-- Using all available rosidl_typesupport_c: rosidl_typesupport_fastrtps_c;rosidl_typesupport_introspection_c
-- Using all available rosidl_typesupport_cpp: rosidl_typesupport_fastrtps_cpp;rosidl_typesupport_introspection_cpp
-- Found rmw_implementation_cmake: 6.1.2 (/opt/ros/humble/share/rmw_implementation_cmake/cmake)
-- Found rmw_fastrtps_cpp: 6.2.6 (/opt/ros/humble/share/rmw_fastrtps_cpp/cmake)
-- Found OpenSSL: /usr/lib/aarch64-linux-gnu/libcrypto.so (found version "3.0.2")  
-- Found FastRTPS: /opt/ros/humble/include  
-- Using RMW implementation 'rmw_fastrtps_cpp' as default
-- Looking for pthread.h
-- Looking for pthread.h - found
-- Performing Test CMAKE_HAVE_LIBC_PTHREAD
-- Performing Test CMAKE_HAVE_LIBC_PTHREAD - Success
-- Found Threads: TRUE  
-- Found rclcpp_components: 16.0.9 (/opt/ros/humble/share/rclcpp_components/cmake)
-- Found sensor_msgs: 4.2.4 (/opt/ros/humble/share/sensor_msgs/cmake)
-- Found visualization_msgs: 4.2.4 (/opt/ros/humble/share/visualization_msgs/cmake)
-- Found rclcpp_lifecycle: 16.0.9 (/opt/ros/humble/share/rclcpp_lifecycle/cmake)
-- Found slg_msgs: 3.8.0 (/home/parallels/ros2_ws/src/general/install/slg_msgs/share/slg_msgs/cmake)
-- Found ament_lint_auto: 0.12.11 (/opt/ros/humble/share/ament_lint_auto/cmake)
-- Found gtest sources under '/opt/ros/humble/src/gtest_vendor': C++ tests using 'Google Test' will be built
-- Added test 'cppcheck' to perform static code analysis on C / C++ code
-- Configured cppcheck include dirs: /home/parallels/ros2_ws/src/general/laser_segmentation/laser_segmentation/include
-- Configured cppcheck exclude dirs and/or files: 
-- Added test 'cpplint' to check C / C++ code against the Google style
-- Configured cpplint exclude dirs and/or files: 
-- Added test 'flake8' to check Python code syntax and style conventions
-- Added test 'lint_cmake' to check CMake code style
-- Added test 'pep257' to check Python code against some of the docstring style conventions in PEP 257
-- Added test 'uncrustify' to check C / C++ code style
-- Configured uncrustify additional arguments: 
-- Added test 'xmllint' to check XML markup files
-- Configuring done
-- Generating done
-- Build files have been written to: /home/parallels/ros2_ws/src/general/build/laser_segmentation
[  5%] [32mBuilding CXX object CMakeFiles/laser_segmentation_component.dir/src/segmentation/jump_distance.cpp.o[0m
[ 11%] [32mBuilding CXX object gtest/CMakeFiles/gtest_main.dir/src/gtest_main.cc.o[0m
[ 17%] [32m[1mLinking CXX static library libgtest_main.a[0m
[ 17%] Built target gtest_main
[ 23%] [32mBuilding CXX object gtest/CMakeFiles/gtest.dir/src/gtest-all.cc.o[0m
[ 29%] [32m[1mLinking CXX static library libgtest.a[0m
[ 29%] Built target gtest
[ 35%] [32mBuilding CXX object CMakeFiles/laser_segmentation_component.dir/src/segmentation/jump_distance_merge.cpp.o[0m
[ 41%] [32mBuilding CXX object CMakeFiles/laser_segmentation_component.dir/src/parameter_handler.cpp.o[0m
[ 47%] [32mBuilding CXX object CMakeFiles/laser_segmentation_component.dir/src/laser_segmentation.cpp.o[0m
[ 52%] [32m[1mLinking CXX shared library liblaser_segmentation_component.so[0m
[ 52%] Built target laser_segmentation_component
[ 58%] [32mBuilding CXX object CMakeFiles/laser_segmentation.dir/src/main.cpp.o[0m
[ 64%] [32mBuilding CXX object test/CMakeFiles/test_segmentations.dir/test_segmentations.cpp.o[0m
[ 70%] [32m[1mLinking CXX executable test_segmentations[0m
[ 70%] Built target test_segmentations
[ 76%] [32mBuilding CXX object test/CMakeFiles/test_laser_segmentation.dir/test_laser_segmentation.cpp.o[0m
[ 82%] [32m[1mLinking CXX executable laser_segmentation[0m
[ 82%] Built target laser_segmentation
[ 88%] [32mBuilding CXX object test/CMakeFiles/test_integration.dir/test_integration.cpp.o[0m
[ 94%] [32m[1mLinking CXX executable test_laser_segmentation[0m
[ 94%] Built target test_laser_segmentation
[100%] [32m[1mLinking CXX executable test_integration[0m
[100%] Built target test_integration
