[0.003s] Invoking command in '/home/parallels/ros2_ws/src/general/build/laser_segmentation': AMENT_PREFIX_PATH=/home/parallels/ros2_ws/src/general/install/slg_msgs:${AMENT_PREFIX_PATH} CMAKE_PREFIX_PATH=/home/parallels/ros2_ws/src/general/install/slg_msgs:/opt/ros/humble LD_LIBRARY_PATH=/home/parallels/ros2_ws/src/general/install/slg_msgs/lib:${LD_LIBRARY_PATH} PYTHONPATH=/home/parallels/ros2_ws/src/general/install/slg_msgs/local/lib/python3.10/dist-packages:${PYTHONPATH} /usr/bin/cmake /home/parallels/ros2_ws/src/general/laser_segmentation/laser_segmentation -DCMAKE_INSTALL_PREFIX=/home/parallels/ros2_ws/src/general/install/laser_segmentation
[0.034s] -- The C compiler identification is GNU 11.4.0
[0.069s] -- The CXX compiler identification is GNU 11.4.0
[0.073s] -- Detecting C compiler ABI info
[0.099s] -- Detecting C compiler ABI info - done
[0.103s] -- Check for working C compiler: /usr/lib/ccache/cc - skipped
[0.103s] -- Detecting C compile features
[0.103s] -- Detecting C compile features - done
[0.105s] -- Detecting CXX compiler ABI info
[0.139s] -- Detecting CXX compiler ABI info - done
[0.143s] -- Check for working CXX compiler: /usr/lib/ccache/c++ - skipped
[0.143s] -- Detecting CXX compile features
[0.143s] -- Detecting CXX compile features - done
[0.143s] -- Setting build type to Release as none was specified.
[0.144s] -- Found ament_cmake: 1.3.9 (/opt/ros/humble/share/ament_cmake/cmake)
[0.324s] -- Found Python3: /usr/bin/python3 (found version "3.10.12") found components: Interpreter 
[0.370s] -- Found rclcpp: 16.0.9 (/opt/ros/humble/share/rclcpp/cmake)
[0.398s] -- Found rosidl_generator_c: 3.1.5 (/opt/ros/humble/share/rosidl_generator_c/cmake)
[0.401s] -- Found rosidl_adapter: 3.1.5 (/opt/ros/humble/share/rosidl_adapter/cmake)
[0.406s] -- Found rosidl_generator_cpp: 3.1.5 (/opt/ros/humble/share/rosidl_generator_cpp/cmake)
[0.413s] -- Using all available rosidl_typesupport_c: rosidl_typesupport_fastrtps_c;rosidl_typesupport_introspection_c
[0.423s] -- Using all available rosidl_typesupport_cpp: rosidl_typesupport_fastrtps_cpp;rosidl_typesupport_introspection_cpp
[0.466s] -- Found rmw_implementation_cmake: 6.1.2 (/opt/ros/humble/share/rmw_implementation_cmake/cmake)
[0.468s] -- Found rmw_fastrtps_cpp: 6.2.6 (/opt/ros/humble/share/rmw_fastrtps_cpp/cmake)
[0.529s] -- Found OpenSSL: /usr/lib/aarch64-linux-gnu/libcrypto.so (found version "3.0.2")  
[0.547s] -- Found FastRTPS: /opt/ros/humble/include  
[0.576s] -- Using RMW implementation 'rmw_fastrtps_cpp' as default
[0.586s] -- Looking for pthread.h
[0.633s] -- Looking for pthread.h - found
[0.633s] -- Performing Test CMAKE_HAVE_LIBC_PTHREAD
[0.675s] -- Performing Test CMAKE_HAVE_LIBC_PTHREAD - Success
[0.675s] -- Found Threads: TRUE  
[0.771s] -- Found rclcpp_components: 16.0.9 (/opt/ros/humble/share/rclcpp_components/cmake)
[0.815s] -- Found sensor_msgs: 4.2.4 (/opt/ros/humble/share/sensor_msgs/cmake)
[0.894s] -- Found visualization_msgs: 4.2.4 (/opt/ros/humble/share/visualization_msgs/cmake)
[0.970s] -- Found rclcpp_lifecycle: 16.0.9 (/opt/ros/humble/share/rclcpp_lifecycle/cmake)
[0.997s] -- Found slg_msgs: 3.8.0 (/home/parallels/ros2_ws/src/general/install/slg_msgs/share/slg_msgs/cmake)
[1.048s] -- Found ament_lint_auto: 0.12.11 (/opt/ros/humble/share/ament_lint_auto/cmake)
[1.091s] -- Found gtest sources under '/opt/ros/humble/src/gtest_vendor': C++ tests using 'Google Test' will be built
[1.104s] -- Added test 'cppcheck' to perform static code analysis on C / C++ code
[1.104s] -- Configured cppcheck include dirs: /home/parallels/ros2_ws/src/general/laser_segmentation/laser_segmentation/include
[1.104s] -- Configured cppcheck exclude dirs and/or files: 
[1.105s] -- Added test 'cpplint' to check C / C++ code against the Google style
[1.105s] -- Configured cpplint exclude dirs and/or files: 
[1.105s] -- Added test 'flake8' to check Python code syntax and style conventions
[1.105s] -- Added test 'lint_cmake' to check CMake code style
[1.106s] -- Added test 'pep257' to check Python code against some of the docstring style conventions in PEP 257
[1.106s] -- Added test 'uncrustify' to check C / C++ code style
[1.106s] -- Configured uncrustify additional arguments: 
[1.107s] -- Added test 'xmllint' to check XML markup files
[1.108s] -- Configuring done
[1.125s] -- Generating done
[1.126s] -- Build files have been written to: /home/parallels/ros2_ws/src/general/build/laser_segmentation
[1.140s] Invoked command in '/home/parallels/ros2_ws/src/general/build/laser_segmentation' returned '0': AMENT_PREFIX_PATH=/home/parallels/ros2_ws/src/general/install/slg_msgs:${AMENT_PREFIX_PATH} CMAKE_PREFIX_PATH=/home/parallels/ros2_ws/src/general/install/slg_msgs:/opt/ros/humble LD_LIBRARY_PATH=/home/parallels/ros2_ws/src/general/install/slg_msgs/lib:${LD_LIBRARY_PATH} PYTHONPATH=/home/parallels/ros2_ws/src/general/install/slg_msgs/local/lib/python3.10/dist-packages:${PYTHONPATH} /usr/bin/cmake /home/parallels/ros2_ws/src/general/laser_segmentation/laser_segmentation -DCMAKE_INSTALL_PREFIX=/home/parallels/ros2_ws/src/general/install/laser_segmentation
[1.140s] Invoking command in '/home/parallels/ros2_ws/src/general/build/laser_segmentation': AMENT_PREFIX_PATH=/home/parallels/ros2_ws/src/general/install/slg_msgs:${AMENT_PREFIX_PATH} CMAKE_PREFIX_PATH=/home/parallels/ros2_ws/src/general/install/slg_msgs:/opt/ros/humble LD_LIBRARY_PATH=/home/parallels/ros2_ws/src/general/install/slg_msgs/lib:${LD_LIBRARY_PATH} PYTHONPATH=/home/parallels/ros2_ws/src/general/install/slg_msgs/local/lib/python3.10/dist-packages:${PYTHONPATH} /usr/bin/cmake --build /home/parallels/ros2_ws/src/general/build/laser_segmentation -- -j2 -l2
[1.191s] [  5%] [32mBuilding CXX object CMakeFiles/laser_segmentation_component.dir/src/segmentation/jump_distance.cpp.o[0m
[1.226s] [ 11%] [32mBuilding CXX object gtest/CMakeFiles/gtest_main.dir/src/gtest_main.cc.o[0m
[1.363s] [ 17%] [32m[1mLinking CXX static library libgtest_main.a[0m
[1.387s] [ 17%] Built target gtest_main
[1.396s] [ 23%] [32mBuilding CXX object gtest/CMakeFiles/gtest.dir/src/gtest-all.cc.o[0m
[1.594s] [ 29%] [32m[1mLinking CXX static library libgtest.a[0m
[1.662s] [ 29%] Built target gtest
[1.695s] [ 35%] [32mBuilding CXX object CMakeFiles/laser_segmentation_component.dir/src/segmentation/jump_distance_merge.cpp.o[0m
[2.473s] [ 41%] [32mBuilding CXX object CMakeFiles/laser_segmentation_component.dir/src/parameter_handler.cpp.o[0m
[3.416s] [ 47%] [32mBuilding CXX object CMakeFiles/laser_segmentation_component.dir/src/laser_segmentation.cpp.o[0m
[21.231s] [ 52%] [32m[1mLinking CXX shared library liblaser_segmentation_component.so[0m
[21.438s] [ 52%] Built target laser_segmentation_component
[21.495s] [ 58%] [32mBuilding CXX object CMakeFiles/laser_segmentation.dir/src/main.cpp.o[0m
[21.508s] [ 64%] [32mBuilding CXX object test/CMakeFiles/test_segmentations.dir/test_segmentations.cpp.o[0m
[25.019s] [ 70%] [32m[1mLinking CXX executable test_segmentations[0m
[25.200s] [ 70%] Built target test_segmentations
[25.276s] [ 76%] [32mBuilding CXX object test/CMakeFiles/test_laser_segmentation.dir/test_laser_segmentation.cpp.o[0m
[25.664s] [ 82%] [32m[1mLinking CXX executable laser_segmentation[0m
[25.830s] [ 82%] Built target laser_segmentation
[25.916s] [ 88%] [32mBuilding CXX object test/CMakeFiles/test_integration.dir/test_integration.cpp.o[0m
[32.154s] [ 94%] [32m[1mLinking CXX executable test_laser_segmentation[0m
[32.457s] [ 94%] Built target test_laser_segmentation
[36.061s] [100%] [32m[1mLinking CXX executable test_integration[0m
[36.159s] [100%] Built target test_integration
