[0.005s] Invoking command in '/home/parallels/ros2_ws/src/general/build/perception_interfaces': CMAKE_PREFIX_PATH=/opt/ros/humble /usr/bin/cmake /home/parallels/ros2_ws/src/general/perception_interfaces -DCMAKE_INSTALL_PREFIX=/home/parallels/ros2_ws/src/general/install/perception_interfaces
[0.104s] -- The C compiler identification is GNU 11.4.0
[0.169s] -- The CXX compiler identification is GNU 11.4.0
[0.180s] -- Detecting C compiler ABI info
[0.209s] -- Detecting C compiler ABI info - done
[0.213s] -- Check for working C compiler: /usr/lib/ccache/cc - skipped
[0.213s] -- Detecting C compile features
[0.214s] -- Detecting C compile features - done
[0.216s] -- Detecting CXX compiler ABI info
[0.255s] -- Detecting CXX compiler ABI info - done
[0.260s] -- Check for working CXX compiler: /usr/lib/ccache/c++ - skipped
[0.260s] -- Detecting CXX compile features
[0.260s] -- Detecting CXX compile features - done
[0.262s] -- Found ament_cmake: 1.3.9 (/opt/ros/humble/share/ament_cmake/cmake)
[0.444s] -- Found Python3: /usr/bin/python3 (found version "3.10.12") found components: Interpreter 
[0.498s] -- Found geometry_msgs: 4.2.4 (/opt/ros/humble/share/geometry_msgs/cmake)
[0.526s] -- Found rosidl_generator_c: 3.1.5 (/opt/ros/humble/share/rosidl_generator_c/cmake)
[0.528s] -- Found rosidl_adapter: 3.1.5 (/opt/ros/humble/share/rosidl_adapter/cmake)
[0.534s] -- Found rosidl_generator_cpp: 3.1.5 (/opt/ros/humble/share/rosidl_generator_cpp/cmake)
[0.544s] -- Using all available rosidl_typesupport_c: rosidl_typesupport_fastrtps_c;rosidl_typesupport_introspection_c
[0.554s] -- Using all available rosidl_typesupport_cpp: rosidl_typesupport_fastrtps_cpp;rosidl_typesupport_introspection_cpp
[0.627s] -- Found rosidl_default_generators: 1.2.0 (/opt/ros/humble/share/rosidl_default_generators/cmake)
[0.783s] -- Found ament_cmake_ros: 0.10.0 (/opt/ros/humble/share/ament_cmake_ros/cmake)
[0.990s] -- Using all available rosidl_typesupport_c: rosidl_typesupport_fastrtps_c;rosidl_typesupport_introspection_c
[1.077s] -- Using all available rosidl_typesupport_cpp: rosidl_typesupport_fastrtps_cpp;rosidl_typesupport_introspection_cpp
[1.088s] -- Found PythonInterp: /usr/bin/python3 (found suitable version "3.10.12", minimum required is "3.6") 
[1.090s] -- Found python_cmake_module: 0.10.0 (/opt/ros/humble/share/python_cmake_module/cmake)
[1.107s] -- Found PythonLibs: /usr/lib/aarch64-linux-gnu/libpython3.10.so (found suitable version "3.10.12", minimum required is "3.5") 
[1.107s] -- Using PYTHON_EXECUTABLE: /usr/bin/python3
[1.107s] -- Using PYTHON_INCLUDE_DIRS: /usr/include/python3.10
[1.107s] -- Using PYTHON_LIBRARIES: /usr/lib/aarch64-linux-gnu/libpython3.10.so
[1.124s] -- Found PythonExtra: .so  
[1.149s] -- Found ament_lint_auto: 0.12.11 (/opt/ros/humble/share/ament_lint_auto/cmake)
[1.165s] -- Added test 'lint_cmake' to check CMake code style
[1.166s] -- Added test 'xmllint' to check XML markup files
[1.167s] -- Configuring done
[1.186s] -- Generating done
[1.188s] -- Build files have been written to: /home/parallels/ros2_ws/src/general/build/perception_interfaces
[1.192s] Invoked command in '/home/parallels/ros2_ws/src/general/build/perception_interfaces' returned '0': CMAKE_PREFIX_PATH=/opt/ros/humble /usr/bin/cmake /home/parallels/ros2_ws/src/general/perception_interfaces -DCMAKE_INSTALL_PREFIX=/home/parallels/ros2_ws/src/general/install/perception_interfaces
[1.193s] Invoking command in '/home/parallels/ros2_ws/src/general/build/perception_interfaces': CMAKE_PREFIX_PATH=/opt/ros/humble /usr/bin/cmake --build /home/parallels/ros2_ws/src/general/build/perception_interfaces -- -j2 -l2
[1.213s] [  2%] [34m[1mGenerating C code for ROS interfaces[0m
[1.215s] [  4%] [34m[1mGenerating C++ code for ROS interfaces[0m
[1.464s] [  4%] Built target perception_interfaces__cpp
[1.479s] [  6%] [32mBuilding C object CMakeFiles/perception_interfaces__rosidl_generator_c.dir/rosidl_generator_c/perception_interfaces/msg/detail/prop__functions.c.o[0m
[1.483s] [  6%] Built target ament_cmake_python_copy_perception_interfaces
[1.486s] [  8%] [34m[1mGenerating C++ type support dispatch for ROS interfaces[0m
[1.604s] [ 10%] [32mBuilding C object CMakeFiles/perception_interfaces__rosidl_generator_c.dir/rosidl_generator_c/perception_interfaces/msg/detail/lidar_detected_prop__functions.c.o[0m
[1.760s] [ 12%] [32mBuilding C object CMakeFiles/perception_interfaces__rosidl_generator_c.dir/rosidl_generator_c/perception_interfaces/msg/detail/lidar_detected_prop_array__functions.c.o[0m
[1.763s] [ 14%] [32mBuilding CXX object CMakeFiles/perception_interfaces__rosidl_typesupport_cpp.dir/rosidl_typesupport_cpp/perception_interfaces/msg/prop__type_support.cpp.o[0m
[1.847s] [ 17%] [32m[1mLinking C shared library libperception_interfaces__rosidl_generator_c.so[0m
[1.904s] [ 17%] Built target perception_interfaces__rosidl_generator_c
[1.926s] [ 19%] [34m[1mGenerating C++ type support for eProsima Fast-RTPS[0m
[2.033s] [ 21%] [32mBuilding CXX object CMakeFiles/perception_interfaces__rosidl_typesupport_cpp.dir/rosidl_typesupport_cpp/perception_interfaces/msg/lidar_detected_prop__type_support.cpp.o[0m
[2.253s] [ 23%] [32mBuilding CXX object CMakeFiles/perception_interfaces__rosidl_typesupport_fastrtps_cpp.dir/rosidl_typesupport_fastrtps_cpp/perception_interfaces/msg/detail/dds_fastrtps/prop__type_support.cpp.o[0m
[2.276s] [ 25%] [32mBuilding CXX object CMakeFiles/perception_interfaces__rosidl_typesupport_cpp.dir/rosidl_typesupport_cpp/perception_interfaces/msg/lidar_detected_prop_array__type_support.cpp.o[0m
[2.798s] [ 27%] [32m[1mLinking CXX shared library libperception_interfaces__rosidl_typesupport_cpp.so[0m
[2.905s] [ 27%] Built target perception_interfaces__rosidl_typesupport_cpp
[2.952s] [ 29%] [34m[1mGenerating C introspection for ROS interfaces[0m
[2.965s] [ 31%] [32mBuilding CXX object CMakeFiles/perception_interfaces__rosidl_typesupport_fastrtps_cpp.dir/rosidl_typesupport_fastrtps_cpp/perception_interfaces/msg/detail/dds_fastrtps/lidar_detected_prop__type_support.cpp.o[0m
[3.342s] [ 34%] [32mBuilding C object CMakeFiles/perception_interfaces__rosidl_typesupport_introspection_c.dir/rosidl_typesupport_introspection_c/perception_interfaces/msg/detail/prop__type_support.c.o[0m
[3.442s] [ 36%] [32mBuilding CXX object CMakeFiles/perception_interfaces__rosidl_typesupport_fastrtps_cpp.dir/rosidl_typesupport_fastrtps_cpp/perception_interfaces/msg/detail/dds_fastrtps/lidar_detected_prop_array__type_support.cpp.o[0m
[3.469s] [ 38%] [32mBuilding C object CMakeFiles/perception_interfaces__rosidl_typesupport_introspection_c.dir/rosidl_typesupport_introspection_c/perception_interfaces/msg/detail/lidar_detected_prop__type_support.c.o[0m
[3.563s] [ 40%] [32mBuilding C object CMakeFiles/perception_interfaces__rosidl_typesupport_introspection_c.dir/rosidl_typesupport_introspection_c/perception_interfaces/msg/detail/lidar_detected_prop_array__type_support.c.o[0m
[3.656s] [ 42%] [32m[1mLinking C shared library libperception_interfaces__rosidl_typesupport_introspection_c.so[0m
[3.760s] [ 42%] Built target perception_interfaces__rosidl_typesupport_introspection_c
[3.797s] [ 44%] [34m[1mGenerating C type support dispatch for ROS interfaces[0m
[3.934s] [ 46%] [32m[1mLinking CXX shared library libperception_interfaces__rosidl_typesupport_fastrtps_cpp.so[0m
[4.084s] [ 46%] Built target perception_interfaces__rosidl_typesupport_fastrtps_cpp
[4.088s] [ 48%] [34m[1mGenerating C++ introspection for ROS interfaces[0m
[4.161s] [ 51%] [32mBuilding CXX object CMakeFiles/perception_interfaces__rosidl_typesupport_c.dir/rosidl_typesupport_c/perception_interfaces/msg/prop__type_support.cpp.o[0m
[4.256s] [ 53%] [32mBuilding CXX object CMakeFiles/perception_interfaces__rosidl_typesupport_c.dir/rosidl_typesupport_c/perception_interfaces/msg/lidar_detected_prop__type_support.cpp.o[0m
[4.313s] [ 55%] [32mBuilding CXX object CMakeFiles/perception_interfaces__rosidl_typesupport_c.dir/rosidl_typesupport_c/perception_interfaces/msg/lidar_detected_prop_array__type_support.cpp.o[0m
[4.333s] [ 57%] [32mBuilding CXX object CMakeFiles/perception_interfaces__rosidl_typesupport_introspection_cpp.dir/rosidl_typesupport_introspection_cpp/perception_interfaces/msg/detail/prop__type_support.cpp.o[0m
[4.380s] [ 59%] [32m[1mLinking CXX shared library libperception_interfaces__rosidl_typesupport_c.so[0m
[4.449s] [ 59%] Built target perception_interfaces__rosidl_typesupport_c
[4.704s] running egg_info
[4.707s] creating perception_interfaces.egg-info
[4.725s] writing perception_interfaces.egg-info/PKG-INFO
[4.726s] writing dependency_links to perception_interfaces.egg-info/dependency_links.txt
[4.726s] writing top-level names to perception_interfaces.egg-info/top_level.txt
[4.726s] writing manifest file 'perception_interfaces.egg-info/SOURCES.txt'
[4.754s] reading manifest file 'perception_interfaces.egg-info/SOURCES.txt'
[4.754s] writing manifest file 'perception_interfaces.egg-info/SOURCES.txt'
[4.770s] [ 59%] Built target ament_cmake_python_build_perception_interfaces_egg
[4.774s] [ 61%] [32mBuilding CXX object CMakeFiles/perception_interfaces__rosidl_typesupport_introspection_cpp.dir/rosidl_typesupport_introspection_cpp/perception_interfaces/msg/detail/lidar_detected_prop__type_support.cpp.o[0m
[4.842s] [ 63%] [32mBuilding CXX object CMakeFiles/perception_interfaces__rosidl_typesupport_introspection_cpp.dir/rosidl_typesupport_introspection_cpp/perception_interfaces/msg/detail/lidar_detected_prop_array__type_support.cpp.o[0m
[5.078s] [ 65%] [34m[1mGenerating C type support for eProsima Fast-RTPS[0m
[5.381s] [ 68%] [32m[1mLinking CXX shared library libperception_interfaces__rosidl_typesupport_introspection_cpp.so[0m
[5.457s] [ 70%] [32mBuilding CXX object CMakeFiles/perception_interfaces__rosidl_typesupport_fastrtps_c.dir/rosidl_typesupport_fastrtps_c/perception_interfaces/msg/detail/prop__type_support_c.cpp.o[0m
[5.497s] [ 70%] Built target perception_interfaces__rosidl_typesupport_introspection_cpp
[5.507s] [ 72%] [32mBuilding CXX object CMakeFiles/perception_interfaces__rosidl_typesupport_fastrtps_c.dir/rosidl_typesupport_fastrtps_c/perception_interfaces/msg/detail/lidar_detected_prop__type_support_c.cpp.o[0m
[5.857s] [ 74%] [32mBuilding CXX object CMakeFiles/perception_interfaces__rosidl_typesupport_fastrtps_c.dir/rosidl_typesupport_fastrtps_c/perception_interfaces/msg/detail/lidar_detected_prop_array__type_support_c.cpp.o[0m
[6.239s] [ 76%] [32m[1mLinking CXX shared library libperception_interfaces__rosidl_typesupport_fastrtps_c.so[0m
[6.311s] [ 76%] Built target perception_interfaces__rosidl_typesupport_fastrtps_c
[6.354s] [ 76%] Built target perception_interfaces
[6.364s] [ 78%] [34m[1mGenerating Python code for ROS interfaces[0m
[6.834s] [ 78%] Built target perception_interfaces__py
[6.881s] [ 80%] [32mBuilding C object CMakeFiles/perception_interfaces__rosidl_generator_py.dir/rosidl_generator_py/perception_interfaces/msg/_prop_s.c.o[0m
[6.881s] [ 82%] [32mBuilding C object CMakeFiles/perception_interfaces__rosidl_generator_py.dir/rosidl_generator_py/perception_interfaces/msg/_lidar_detected_prop_s.c.o[0m
[7.031s] [ 85%] [32mBuilding C object CMakeFiles/perception_interfaces__rosidl_generator_py.dir/rosidl_generator_py/perception_interfaces/msg/_lidar_detected_prop_array_s.c.o[0m
[7.158s] [ 87%] [32m[1mLinking C shared library rosidl_generator_py/perception_interfaces/libperception_interfaces__rosidl_generator_py.so[0m
[7.228s] [ 87%] Built target perception_interfaces__rosidl_generator_py
[7.284s] [ 89%] [32mBuilding C object CMakeFiles/perception_interfaces__rosidl_typesupport_fastrtps_c__pyext.dir/rosidl_generator_py/perception_interfaces/_perception_interfaces_s.ep.rosidl_typesupport_fastrtps_c.c.o[0m
[7.296s] [ 91%] [32mBuilding C object CMakeFiles/perception_interfaces__rosidl_typesupport_introspection_c__pyext.dir/rosidl_generator_py/perception_interfaces/_perception_interfaces_s.ep.rosidl_typesupport_introspection_c.c.o[0m
[7.479s] [ 93%] [32m[1mLinking C shared library rosidl_generator_py/perception_interfaces/perception_interfaces_s__rosidl_typesupport_fastrtps_c.cpython-310-aarch64-linux-gnu.so[0m
[7.504s] [ 93%] Built target perception_interfaces__rosidl_typesupport_fastrtps_c__pyext
[7.507s] [ 95%] [32m[1mLinking C shared library rosidl_generator_py/perception_interfaces/perception_interfaces_s__rosidl_typesupport_introspection_c.cpython-310-aarch64-linux-gnu.so[0m
[7.551s] [ 97%] [32mBuilding C object CMakeFiles/perception_interfaces__rosidl_typesupport_c__pyext.dir/rosidl_generator_py/perception_interfaces/_perception_interfaces_s.ep.rosidl_typesupport_c.c.o[0m
[7.574s] [ 97%] Built target perception_interfaces__rosidl_typesupport_introspection_c__pyext
[7.785s] [100%] [32m[1mLinking C shared library rosidl_generator_py/perception_interfaces/perception_interfaces_s__rosidl_typesupport_c.cpython-310-aarch64-linux-gnu.so[0m
[7.863s] [100%] Built target perception_interfaces__rosidl_typesupport_c__pyext
[7.870s] Invoked command in '/home/parallels/ros2_ws/src/general/build/perception_interfaces' returned '0': CMAKE_PREFIX_PATH=/opt/ros/humble /usr/bin/cmake --build /home/parallels/ros2_ws/src/general/build/perception_interfaces -- -j2 -l2
[8.146s] Invoking command in '/home/parallels/ros2_ws/src/general/build/perception_interfaces': CMAKE_PREFIX_PATH=/opt/ros/humble /usr/bin/cmake --install /home/parallels/ros2_ws/src/general/build/perception_interfaces
[8.152s] -- Install configuration: ""
[8.152s] -- Installing: /home/parallels/ros2_ws/src/general/install/perception_interfaces/share/ament_index/resource_index/rosidl_interfaces/perception_interfaces
[8.152s] -- Installing: /home/parallels/ros2_ws/src/general/install/perception_interfaces/include/perception_interfaces/perception_interfaces
[8.152s] -- Installing: /home/parallels/ros2_ws/src/general/install/perception_interfaces/include/perception_interfaces/perception_interfaces/msg
[8.152s] -- Installing: /home/parallels/ros2_ws/src/general/install/perception_interfaces/include/perception_interfaces/perception_interfaces/msg/rosidl_generator_c__visibility_control.h
[8.152s] -- Installing: /home/parallels/ros2_ws/src/general/install/perception_interfaces/include/perception_interfaces/perception_interfaces/msg/detail
[8.152s] -- Installing: /home/parallels/ros2_ws/src/general/install/perception_interfaces/include/perception_interfaces/perception_interfaces/msg/detail/lidar_detected_prop_array__functions.c
[8.152s] -- Installing: /home/parallels/ros2_ws/src/general/install/perception_interfaces/include/perception_interfaces/perception_interfaces/msg/detail/lidar_detected_prop_array__type_support.h
[8.152s] -- Installing: /home/parallels/ros2_ws/src/general/install/perception_interfaces/include/perception_interfaces/perception_interfaces/msg/detail/lidar_detected_prop__type_support.h
[8.152s] -- Installing: /home/parallels/ros2_ws/src/general/install/perception_interfaces/include/perception_interfaces/perception_interfaces/msg/detail/prop__type_support.h
[8.152s] -- Installing: /home/parallels/ros2_ws/src/general/install/perception_interfaces/include/perception_interfaces/perception_interfaces/msg/detail/prop__struct.h
[8.152s] -- Installing: /home/parallels/ros2_ws/src/general/install/perception_interfaces/include/perception_interfaces/perception_interfaces/msg/detail/prop__functions.c
[8.152s] -- Installing: /home/parallels/ros2_ws/src/general/install/perception_interfaces/include/perception_interfaces/perception_interfaces/msg/detail/lidar_detected_prop_array__struct.h
[8.152s] -- Installing: /home/parallels/ros2_ws/src/general/install/perception_interfaces/include/perception_interfaces/perception_interfaces/msg/detail/lidar_detected_prop__functions.h
[8.152s] -- Installing: /home/parallels/ros2_ws/src/general/install/perception_interfaces/include/perception_interfaces/perception_interfaces/msg/detail/lidar_detected_prop_array__functions.h
[8.152s] -- Installing: /home/parallels/ros2_ws/src/general/install/perception_interfaces/include/perception_interfaces/perception_interfaces/msg/detail/lidar_detected_prop__functions.c
[8.152s] -- Installing: /home/parallels/ros2_ws/src/general/install/perception_interfaces/include/perception_interfaces/perception_interfaces/msg/detail/lidar_detected_prop__struct.h
[8.152s] -- Installing: /home/parallels/ros2_ws/src/general/install/perception_interfaces/include/perception_interfaces/perception_interfaces/msg/detail/prop__functions.h
[8.152s] -- Installing: /home/parallels/ros2_ws/src/general/install/perception_interfaces/include/perception_interfaces/perception_interfaces/msg/lidar_detected_prop.h
[8.152s] -- Installing: /home/parallels/ros2_ws/src/general/install/perception_interfaces/include/perception_interfaces/perception_interfaces/msg/lidar_detected_prop_array.h
[8.152s] -- Installing: /home/parallels/ros2_ws/src/general/install/perception_interfaces/include/perception_interfaces/perception_interfaces/msg/prop.h
[8.152s] -- Installing: /home/parallels/ros2_ws/src/general/install/perception_interfaces/share/perception_interfaces/environment/library_path.sh
[8.152s] -- Installing: /home/parallels/ros2_ws/src/general/install/perception_interfaces/share/perception_interfaces/environment/library_path.dsv
[8.152s] -- Installing: /home/parallels/ros2_ws/src/general/install/perception_interfaces/lib/libperception_interfaces__rosidl_generator_c.so
[8.152s] -- Set runtime path of "/home/parallels/ros2_ws/src/general/install/perception_interfaces/lib/libperception_interfaces__rosidl_generator_c.so" to ""
[8.152s] -- Up-to-date: /home/parallels/ros2_ws/src/general/install/perception_interfaces/include/perception_interfaces/perception_interfaces
[8.152s] -- Up-to-date: /home/parallels/ros2_ws/src/general/install/perception_interfaces/include/perception_interfaces/perception_interfaces/msg
[8.152s] -- Up-to-date: /home/parallels/ros2_ws/src/general/install/perception_interfaces/include/perception_interfaces/perception_interfaces/msg/detail
[8.152s] -- Installing: /home/parallels/ros2_ws/src/general/install/perception_interfaces/include/perception_interfaces/perception_interfaces/msg/detail/lidar_detected_prop__rosidl_typesupport_fastrtps_c.h
[8.153s] -- Installing: /home/parallels/ros2_ws/src/general/install/perception_interfaces/include/perception_interfaces/perception_interfaces/msg/detail/lidar_detected_prop_array__rosidl_typesupport_fastrtps_c.h
[8.153s] -- Installing: /home/parallels/ros2_ws/src/general/install/perception_interfaces/include/perception_interfaces/perception_interfaces/msg/detail/prop__rosidl_typesupport_fastrtps_c.h
[8.153s] -- Installing: /home/parallels/ros2_ws/src/general/install/perception_interfaces/include/perception_interfaces/perception_interfaces/msg/rosidl_typesupport_fastrtps_c__visibility_control.h
[8.153s] -- Installing: /home/parallels/ros2_ws/src/general/install/perception_interfaces/lib/libperception_interfaces__rosidl_typesupport_fastrtps_c.so
[8.153s] -- Set runtime path of "/home/parallels/ros2_ws/src/general/install/perception_interfaces/lib/libperception_interfaces__rosidl_typesupport_fastrtps_c.so" to ""
[8.153s] -- Up-to-date: /home/parallels/ros2_ws/src/general/install/perception_interfaces/include/perception_interfaces/perception_interfaces
[8.153s] -- Up-to-date: /home/parallels/ros2_ws/src/general/install/perception_interfaces/include/perception_interfaces/perception_interfaces/msg
[8.153s] -- Up-to-date: /home/parallels/ros2_ws/src/general/install/perception_interfaces/include/perception_interfaces/perception_interfaces/msg/detail
[8.153s] -- Installing: /home/parallels/ros2_ws/src/general/install/perception_interfaces/include/perception_interfaces/perception_interfaces/msg/detail/prop__struct.hpp
[8.153s] -- Installing: /home/parallels/ros2_ws/src/general/install/perception_interfaces/include/perception_interfaces/perception_interfaces/msg/detail/lidar_detected_prop__traits.hpp
[8.153s] -- Installing: /home/parallels/ros2_ws/src/general/install/perception_interfaces/include/perception_interfaces/perception_interfaces/msg/detail/lidar_detected_prop_array__builder.hpp
[8.153s] -- Installing: /home/parallels/ros2_ws/src/general/install/perception_interfaces/include/perception_interfaces/perception_interfaces/msg/detail/prop__builder.hpp
[8.153s] -- Installing: /home/parallels/ros2_ws/src/general/install/perception_interfaces/include/perception_interfaces/perception_interfaces/msg/detail/lidar_detected_prop__builder.hpp
[8.153s] -- Installing: /home/parallels/ros2_ws/src/general/install/perception_interfaces/include/perception_interfaces/perception_interfaces/msg/detail/lidar_detected_prop_array__traits.hpp
[8.153s] -- Installing: /home/parallels/ros2_ws/src/general/install/perception_interfaces/include/perception_interfaces/perception_interfaces/msg/detail/lidar_detected_prop_array__struct.hpp
[8.153s] -- Installing: /home/parallels/ros2_ws/src/general/install/perception_interfaces/include/perception_interfaces/perception_interfaces/msg/detail/lidar_detected_prop__struct.hpp
[8.153s] -- Installing: /home/parallels/ros2_ws/src/general/install/perception_interfaces/include/perception_interfaces/perception_interfaces/msg/detail/prop__traits.hpp
[8.153s] -- Installing: /home/parallels/ros2_ws/src/general/install/perception_interfaces/include/perception_interfaces/perception_interfaces/msg/lidar_detected_prop.hpp
[8.153s] -- Installing: /home/parallels/ros2_ws/src/general/install/perception_interfaces/include/perception_interfaces/perception_interfaces/msg/lidar_detected_prop_array.hpp
[8.153s] -- Installing: /home/parallels/ros2_ws/src/general/install/perception_interfaces/include/perception_interfaces/perception_interfaces/msg/prop.hpp
[8.153s] -- Up-to-date: /home/parallels/ros2_ws/src/general/install/perception_interfaces/include/perception_interfaces/perception_interfaces
[8.153s] -- Up-to-date: /home/parallels/ros2_ws/src/general/install/perception_interfaces/include/perception_interfaces/perception_interfaces/msg
[8.153s] -- Up-to-date: /home/parallels/ros2_ws/src/general/install/perception_interfaces/include/perception_interfaces/perception_interfaces/msg/detail
[8.154s] -- Installing: /home/parallels/ros2_ws/src/general/install/perception_interfaces/include/perception_interfaces/perception_interfaces/msg/detail/lidar_detected_prop_array__rosidl_typesupport_fastrtps_cpp.hpp
[8.154s] -- Installing: /home/parallels/ros2_ws/src/general/install/perception_interfaces/include/perception_interfaces/perception_interfaces/msg/detail/dds_fastrtps
[8.154s] -- Installing: /home/parallels/ros2_ws/src/general/install/perception_interfaces/include/perception_interfaces/perception_interfaces/msg/detail/lidar_detected_prop__rosidl_typesupport_fastrtps_cpp.hpp
[8.154s] -- Installing: /home/parallels/ros2_ws/src/general/install/perception_interfaces/include/perception_interfaces/perception_interfaces/msg/detail/prop__rosidl_typesupport_fastrtps_cpp.hpp
[8.154s] -- Installing: /home/parallels/ros2_ws/src/general/install/perception_interfaces/include/perception_interfaces/perception_interfaces/msg/rosidl_typesupport_fastrtps_cpp__visibility_control.h
[8.154s] -- Installing: /home/parallels/ros2_ws/src/general/install/perception_interfaces/lib/libperception_interfaces__rosidl_typesupport_fastrtps_cpp.so
[8.154s] -- Set runtime path of "/home/parallels/ros2_ws/src/general/install/perception_interfaces/lib/libperception_interfaces__rosidl_typesupport_fastrtps_cpp.so" to ""
[8.154s] -- Up-to-date: /home/parallels/ros2_ws/src/general/install/perception_interfaces/include/perception_interfaces/perception_interfaces
[8.154s] -- Up-to-date: /home/parallels/ros2_ws/src/general/install/perception_interfaces/include/perception_interfaces/perception_interfaces/msg
[8.154s] -- Up-to-date: /home/parallels/ros2_ws/src/general/install/perception_interfaces/include/perception_interfaces/perception_interfaces/msg/detail
[8.154s] -- Installing: /home/parallels/ros2_ws/src/general/install/perception_interfaces/include/perception_interfaces/perception_interfaces/msg/detail/lidar_detected_prop_array__type_support.c
[8.154s] -- Installing: /home/parallels/ros2_ws/src/general/install/perception_interfaces/include/perception_interfaces/perception_interfaces/msg/detail/lidar_detected_prop__type_support.c
[8.154s] -- Installing: /home/parallels/ros2_ws/src/general/install/perception_interfaces/include/perception_interfaces/perception_interfaces/msg/detail/lidar_detected_prop__rosidl_typesupport_introspection_c.h
[8.154s] -- Installing: /home/parallels/ros2_ws/src/general/install/perception_interfaces/include/perception_interfaces/perception_interfaces/msg/detail/lidar_detected_prop_array__rosidl_typesupport_introspection_c.h
[8.154s] -- Installing: /home/parallels/ros2_ws/src/general/install/perception_interfaces/include/perception_interfaces/perception_interfaces/msg/detail/prop__rosidl_typesupport_introspection_c.h
[8.154s] -- Installing: /home/parallels/ros2_ws/src/general/install/perception_interfaces/include/perception_interfaces/perception_interfaces/msg/detail/prop__type_support.c
[8.154s] -- Installing: /home/parallels/ros2_ws/src/general/install/perception_interfaces/include/perception_interfaces/perception_interfaces/msg/rosidl_typesupport_introspection_c__visibility_control.h
[8.154s] -- Installing: /home/parallels/ros2_ws/src/general/install/perception_interfaces/lib/libperception_interfaces__rosidl_typesupport_introspection_c.so
[8.154s] -- Set runtime path of "/home/parallels/ros2_ws/src/general/install/perception_interfaces/lib/libperception_interfaces__rosidl_typesupport_introspection_c.so" to ""
[8.154s] -- Installing: /home/parallels/ros2_ws/src/general/install/perception_interfaces/lib/libperception_interfaces__rosidl_typesupport_c.so
[8.155s] -- Set runtime path of "/home/parallels/ros2_ws/src/general/install/perception_interfaces/lib/libperception_interfaces__rosidl_typesupport_c.so" to ""
[8.155s] -- Up-to-date: /home/parallels/ros2_ws/src/general/install/perception_interfaces/include/perception_interfaces/perception_interfaces
[8.155s] -- Up-to-date: /home/parallels/ros2_ws/src/general/install/perception_interfaces/include/perception_interfaces/perception_interfaces/msg
[8.155s] -- Up-to-date: /home/parallels/ros2_ws/src/general/install/perception_interfaces/include/perception_interfaces/perception_interfaces/msg/detail
[8.155s] -- Installing: /home/parallels/ros2_ws/src/general/install/perception_interfaces/include/perception_interfaces/perception_interfaces/msg/detail/lidar_detected_prop_array__type_support.cpp
[8.155s] -- Installing: /home/parallels/ros2_ws/src/general/install/perception_interfaces/include/perception_interfaces/perception_interfaces/msg/detail/lidar_detected_prop_array__rosidl_typesupport_introspection_cpp.hpp
[8.155s] -- Installing: /home/parallels/ros2_ws/src/general/install/perception_interfaces/include/perception_interfaces/perception_interfaces/msg/detail/prop__rosidl_typesupport_introspection_cpp.hpp
[8.155s] -- Installing: /home/parallels/ros2_ws/src/general/install/perception_interfaces/include/perception_interfaces/perception_interfaces/msg/detail/prop__type_support.cpp
[8.155s] -- Installing: /home/parallels/ros2_ws/src/general/install/perception_interfaces/include/perception_interfaces/perception_interfaces/msg/detail/lidar_detected_prop__rosidl_typesupport_introspection_cpp.hpp
[8.155s] -- Installing: /home/parallels/ros2_ws/src/general/install/perception_interfaces/include/perception_interfaces/perception_interfaces/msg/detail/lidar_detected_prop__type_support.cpp
[8.155s] -- Installing: /home/parallels/ros2_ws/src/general/install/perception_interfaces/lib/libperception_interfaces__rosidl_typesupport_introspection_cpp.so
[8.155s] -- Set runtime path of "/home/parallels/ros2_ws/src/general/install/perception_interfaces/lib/libperception_interfaces__rosidl_typesupport_introspection_cpp.so" to ""
[8.155s] -- Installing: /home/parallels/ros2_ws/src/general/install/perception_interfaces/lib/libperception_interfaces__rosidl_typesupport_cpp.so
[8.156s] -- Set runtime path of "/home/parallels/ros2_ws/src/general/install/perception_interfaces/lib/libperception_interfaces__rosidl_typesupport_cpp.so" to ""
[8.156s] -- Installing: /home/parallels/ros2_ws/src/general/install/perception_interfaces/share/perception_interfaces/environment/pythonpath.sh
[8.156s] -- Installing: /home/parallels/ros2_ws/src/general/install/perception_interfaces/share/perception_interfaces/environment/pythonpath.dsv
[8.156s] -- Installing: /home/parallels/ros2_ws/src/general/install/perception_interfaces/local/lib/python3.10/dist-packages/perception_interfaces-0.0.0-py3.10.egg-info
[8.156s] -- Installing: /home/parallels/ros2_ws/src/general/install/perception_interfaces/local/lib/python3.10/dist-packages/perception_interfaces-0.0.0-py3.10.egg-info/dependency_links.txt
[8.156s] -- Installing: /home/parallels/ros2_ws/src/general/install/perception_interfaces/local/lib/python3.10/dist-packages/perception_interfaces-0.0.0-py3.10.egg-info/top_level.txt
[8.156s] -- Installing: /home/parallels/ros2_ws/src/general/install/perception_interfaces/local/lib/python3.10/dist-packages/perception_interfaces-0.0.0-py3.10.egg-info/PKG-INFO
[8.156s] -- Installing: /home/parallels/ros2_ws/src/general/install/perception_interfaces/local/lib/python3.10/dist-packages/perception_interfaces-0.0.0-py3.10.egg-info/SOURCES.txt
[8.156s] -- Installing: /home/parallels/ros2_ws/src/general/install/perception_interfaces/local/lib/python3.10/dist-packages/perception_interfaces
[8.156s] -- Installing: /home/parallels/ros2_ws/src/general/install/perception_interfaces/local/lib/python3.10/dist-packages/perception_interfaces/_perception_interfaces_s.ep.rosidl_typesupport_introspection_c.c
[8.156s] -- Installing: /home/parallels/ros2_ws/src/general/install/perception_interfaces/local/lib/python3.10/dist-packages/perception_interfaces/perception_interfaces_s__rosidl_typesupport_c.cpython-310-aarch64-linux-gnu.so
[8.156s] -- Installing: /home/parallels/ros2_ws/src/general/install/perception_interfaces/local/lib/python3.10/dist-packages/perception_interfaces/_perception_interfaces_s.ep.rosidl_typesupport_c.c
[8.156s] -- Installing: /home/parallels/ros2_ws/src/general/install/perception_interfaces/local/lib/python3.10/dist-packages/perception_interfaces/perception_interfaces_s__rosidl_typesupport_fastrtps_c.cpython-310-aarch64-linux-gnu.so
[8.156s] -- Installing: /home/parallels/ros2_ws/src/general/install/perception_interfaces/local/lib/python3.10/dist-packages/perception_interfaces/msg
[8.156s] -- Installing: /home/parallels/ros2_ws/src/general/install/perception_interfaces/local/lib/python3.10/dist-packages/perception_interfaces/msg/_lidar_detected_prop_array.py
[8.156s] -- Installing: /home/parallels/ros2_ws/src/general/install/perception_interfaces/local/lib/python3.10/dist-packages/perception_interfaces/msg/_lidar_detected_prop_array_s.c
[8.156s] -- Installing: /home/parallels/ros2_ws/src/general/install/perception_interfaces/local/lib/python3.10/dist-packages/perception_interfaces/msg/_prop.py
[8.156s] -- Installing: /home/parallels/ros2_ws/src/general/install/perception_interfaces/local/lib/python3.10/dist-packages/perception_interfaces/msg/_lidar_detected_prop.py
[8.157s] -- Installing: /home/parallels/ros2_ws/src/general/install/perception_interfaces/local/lib/python3.10/dist-packages/perception_interfaces/msg/__init__.py
[8.157s] -- Installing: /home/parallels/ros2_ws/src/general/install/perception_interfaces/local/lib/python3.10/dist-packages/perception_interfaces/msg/_lidar_detected_prop_s.c
[8.157s] -- Installing: /home/parallels/ros2_ws/src/general/install/perception_interfaces/local/lib/python3.10/dist-packages/perception_interfaces/msg/_prop_s.c
[8.157s] -- Installing: /home/parallels/ros2_ws/src/general/install/perception_interfaces/local/lib/python3.10/dist-packages/perception_interfaces/libperception_interfaces__rosidl_generator_py.so
[8.157s] -- Installing: /home/parallels/ros2_ws/src/general/install/perception_interfaces/local/lib/python3.10/dist-packages/perception_interfaces/__init__.py
[8.157s] -- Installing: /home/parallels/ros2_ws/src/general/install/perception_interfaces/local/lib/python3.10/dist-packages/perception_interfaces/perception_interfaces_s__rosidl_typesupport_introspection_c.cpython-310-aarch64-linux-gnu.so
[8.157s] -- Installing: /home/parallels/ros2_ws/src/general/install/perception_interfaces/local/lib/python3.10/dist-packages/perception_interfaces/_perception_interfaces_s.ep.rosidl_typesupport_fastrtps_c.c
[8.177s] Listing '/home/parallels/ros2_ws/src/general/install/perception_interfaces/local/lib/python3.10/dist-packages/perception_interfaces'...
[8.177s] Compiling '/home/parallels/ros2_ws/src/general/install/perception_interfaces/local/lib/python3.10/dist-packages/perception_interfaces/__init__.py'...
[8.177s] Listing '/home/parallels/ros2_ws/src/general/install/perception_interfaces/local/lib/python3.10/dist-packages/perception_interfaces/msg'...
[8.177s] Compiling '/home/parallels/ros2_ws/src/general/install/perception_interfaces/local/lib/python3.10/dist-packages/perception_interfaces/msg/__init__.py'...
[8.177s] Compiling '/home/parallels/ros2_ws/src/general/install/perception_interfaces/local/lib/python3.10/dist-packages/perception_interfaces/msg/_lidar_detected_prop.py'...
[8.177s] Compiling '/home/parallels/ros2_ws/src/general/install/perception_interfaces/local/lib/python3.10/dist-packages/perception_interfaces/msg/_lidar_detected_prop_array.py'...
[8.177s] Compiling '/home/parallels/ros2_ws/src/general/install/perception_interfaces/local/lib/python3.10/dist-packages/perception_interfaces/msg/_prop.py'...
[8.180s] -- Installing: /home/parallels/ros2_ws/src/general/install/perception_interfaces/local/lib/python3.10/dist-packages/perception_interfaces/perception_interfaces_s__rosidl_typesupport_fastrtps_c.cpython-310-aarch64-linux-gnu.so
[8.180s] -- Set runtime path of "/home/parallels/ros2_ws/src/general/install/perception_interfaces/local/lib/python3.10/dist-packages/perception_interfaces/perception_interfaces_s__rosidl_typesupport_fastrtps_c.cpython-310-aarch64-linux-gnu.so" to ""
[8.180s] -- Installing: /home/parallels/ros2_ws/src/general/install/perception_interfaces/local/lib/python3.10/dist-packages/perception_interfaces/perception_interfaces_s__rosidl_typesupport_introspection_c.cpython-310-aarch64-linux-gnu.so
[8.180s] -- Set runtime path of "/home/parallels/ros2_ws/src/general/install/perception_interfaces/local/lib/python3.10/dist-packages/perception_interfaces/perception_interfaces_s__rosidl_typesupport_introspection_c.cpython-310-aarch64-linux-gnu.so" to ""
[8.180s] -- Installing: /home/parallels/ros2_ws/src/general/install/perception_interfaces/local/lib/python3.10/dist-packages/perception_interfaces/perception_interfaces_s__rosidl_typesupport_c.cpython-310-aarch64-linux-gnu.so
[8.181s] -- Set runtime path of "/home/parallels/ros2_ws/src/general/install/perception_interfaces/local/lib/python3.10/dist-packages/perception_interfaces/perception_interfaces_s__rosidl_typesupport_c.cpython-310-aarch64-linux-gnu.so" to ""
[8.181s] -- Installing: /home/parallels/ros2_ws/src/general/install/perception_interfaces/lib/libperception_interfaces__rosidl_generator_py.so
[8.181s] -- Set runtime path of "/home/parallels/ros2_ws/src/general/install/perception_interfaces/lib/libperception_interfaces__rosidl_generator_py.so" to ""
[8.181s] -- Installing: /home/parallels/ros2_ws/src/general/install/perception_interfaces/share/perception_interfaces/msg/Prop.idl
[8.181s] -- Installing: /home/parallels/ros2_ws/src/general/install/perception_interfaces/share/perception_interfaces/msg/LidarDetectedProp.idl
[8.181s] -- Installing: /home/parallels/ros2_ws/src/general/install/perception_interfaces/share/perception_interfaces/msg/LidarDetectedPropArray.idl
[8.181s] -- Installing: /home/parallels/ros2_ws/src/general/install/perception_interfaces/share/perception_interfaces/msg/Prop.msg
[8.181s] -- Installing: /home/parallels/ros2_ws/src/general/install/perception_interfaces/share/perception_interfaces/msg/LidarDetectedProp.msg
[8.181s] -- Installing: /home/parallels/ros2_ws/src/general/install/perception_interfaces/share/perception_interfaces/msg/LidarDetectedPropArray.msg
[8.181s] -- Installing: /home/parallels/ros2_ws/src/general/install/perception_interfaces/share/ament_index/resource_index/package_run_dependencies/perception_interfaces
[8.181s] -- Installing: /home/parallels/ros2_ws/src/general/install/perception_interfaces/share/ament_index/resource_index/parent_prefix_path/perception_interfaces
[8.182s] -- Installing: /home/parallels/ros2_ws/src/general/install/perception_interfaces/share/perception_interfaces/environment/ament_prefix_path.sh
[8.182s] -- Installing: /home/parallels/ros2_ws/src/general/install/perception_interfaces/share/perception_interfaces/environment/ament_prefix_path.dsv
[8.182s] -- Installing: /home/parallels/ros2_ws/src/general/install/perception_interfaces/share/perception_interfaces/environment/path.sh
[8.182s] -- Installing: /home/parallels/ros2_ws/src/general/install/perception_interfaces/share/perception_interfaces/environment/path.dsv
[8.182s] -- Installing: /home/parallels/ros2_ws/src/general/install/perception_interfaces/share/perception_interfaces/local_setup.bash
[8.182s] -- Installing: /home/parallels/ros2_ws/src/general/install/perception_interfaces/share/perception_interfaces/local_setup.sh
[8.182s] -- Installing: /home/parallels/ros2_ws/src/general/install/perception_interfaces/share/perception_interfaces/local_setup.zsh
[8.182s] -- Installing: /home/parallels/ros2_ws/src/general/install/perception_interfaces/share/perception_interfaces/local_setup.dsv
[8.182s] -- Installing: /home/parallels/ros2_ws/src/general/install/perception_interfaces/share/perception_interfaces/package.dsv
[8.182s] -- Installing: /home/parallels/ros2_ws/src/general/install/perception_interfaces/share/ament_index/resource_index/packages/perception_interfaces
[8.182s] -- Installing: /home/parallels/ros2_ws/src/general/install/perception_interfaces/share/perception_interfaces/cmake/export_perception_interfaces__rosidl_generator_cExport.cmake
[8.182s] -- Installing: /home/parallels/ros2_ws/src/general/install/perception_interfaces/share/perception_interfaces/cmake/export_perception_interfaces__rosidl_generator_cExport-noconfig.cmake
[8.182s] -- Installing: /home/parallels/ros2_ws/src/general/install/perception_interfaces/share/perception_interfaces/cmake/export_perception_interfaces__rosidl_typesupport_fastrtps_cExport.cmake
[8.182s] -- Installing: /home/parallels/ros2_ws/src/general/install/perception_interfaces/share/perception_interfaces/cmake/export_perception_interfaces__rosidl_typesupport_fastrtps_cExport-noconfig.cmake
[8.182s] -- Installing: /home/parallels/ros2_ws/src/general/install/perception_interfaces/share/perception_interfaces/cmake/export_perception_interfaces__rosidl_generator_cppExport.cmake
[8.182s] -- Installing: /home/parallels/ros2_ws/src/general/install/perception_interfaces/share/perception_interfaces/cmake/export_perception_interfaces__rosidl_typesupport_fastrtps_cppExport.cmake
[8.183s] -- Installing: /home/parallels/ros2_ws/src/general/install/perception_interfaces/share/perception_interfaces/cmake/export_perception_interfaces__rosidl_typesupport_fastrtps_cppExport-noconfig.cmake
[8.183s] -- Installing: /home/parallels/ros2_ws/src/general/install/perception_interfaces/share/perception_interfaces/cmake/perception_interfaces__rosidl_typesupport_introspection_cExport.cmake
[8.183s] -- Installing: /home/parallels/ros2_ws/src/general/install/perception_interfaces/share/perception_interfaces/cmake/perception_interfaces__rosidl_typesupport_introspection_cExport-noconfig.cmake
[8.183s] -- Installing: /home/parallels/ros2_ws/src/general/install/perception_interfaces/share/perception_interfaces/cmake/perception_interfaces__rosidl_typesupport_cExport.cmake
[8.183s] -- Installing: /home/parallels/ros2_ws/src/general/install/perception_interfaces/share/perception_interfaces/cmake/perception_interfaces__rosidl_typesupport_cExport-noconfig.cmake
[8.183s] -- Installing: /home/parallels/ros2_ws/src/general/install/perception_interfaces/share/perception_interfaces/cmake/perception_interfaces__rosidl_typesupport_introspection_cppExport.cmake
[8.183s] -- Installing: /home/parallels/ros2_ws/src/general/install/perception_interfaces/share/perception_interfaces/cmake/perception_interfaces__rosidl_typesupport_introspection_cppExport-noconfig.cmake
[8.183s] -- Installing: /home/parallels/ros2_ws/src/general/install/perception_interfaces/share/perception_interfaces/cmake/perception_interfaces__rosidl_typesupport_cppExport.cmake
[8.183s] -- Installing: /home/parallels/ros2_ws/src/general/install/perception_interfaces/share/perception_interfaces/cmake/perception_interfaces__rosidl_typesupport_cppExport-noconfig.cmake
[8.183s] -- Installing: /home/parallels/ros2_ws/src/general/install/perception_interfaces/share/perception_interfaces/cmake/export_perception_interfaces__rosidl_generator_pyExport.cmake
[8.183s] -- Installing: /home/parallels/ros2_ws/src/general/install/perception_interfaces/share/perception_interfaces/cmake/export_perception_interfaces__rosidl_generator_pyExport-noconfig.cmake
[8.183s] -- Installing: /home/parallels/ros2_ws/src/general/install/perception_interfaces/share/perception_interfaces/cmake/rosidl_cmake-extras.cmake
[8.183s] -- Installing: /home/parallels/ros2_ws/src/general/install/perception_interfaces/share/perception_interfaces/cmake/ament_cmake_export_dependencies-extras.cmake
[8.183s] -- Installing: /home/parallels/ros2_ws/src/general/install/perception_interfaces/share/perception_interfaces/cmake/ament_cmake_export_include_directories-extras.cmake
[8.183s] -- Installing: /home/parallels/ros2_ws/src/general/install/perception_interfaces/share/perception_interfaces/cmake/ament_cmake_export_libraries-extras.cmake
[8.183s] -- Installing: /home/parallels/ros2_ws/src/general/install/perception_interfaces/share/perception_interfaces/cmake/ament_cmake_export_targets-extras.cmake
[8.184s] -- Installing: /home/parallels/ros2_ws/src/general/install/perception_interfaces/share/perception_interfaces/cmake/rosidl_cmake_export_typesupport_targets-extras.cmake
[8.184s] -- Installing: /home/parallels/ros2_ws/src/general/install/perception_interfaces/share/perception_interfaces/cmake/rosidl_cmake_export_typesupport_libraries-extras.cmake
[8.184s] -- Installing: /home/parallels/ros2_ws/src/general/install/perception_interfaces/share/perception_interfaces/cmake/perception_interfacesConfig.cmake
[8.184s] -- Installing: /home/parallels/ros2_ws/src/general/install/perception_interfaces/share/perception_interfaces/cmake/perception_interfacesConfig-version.cmake
[8.184s] -- Installing: /home/parallels/ros2_ws/src/general/install/perception_interfaces/share/perception_interfaces/package.xml
[8.186s] Invoked command in '/home/parallels/ros2_ws/src/general/build/perception_interfaces' returned '0': CMAKE_PREFIX_PATH=/opt/ros/humble /usr/bin/cmake --install /home/parallels/ros2_ws/src/general/build/perception_interfaces
