[0.147s] DEBUG:colcon:Command line arguments: ['/usr/bin/colcon', 'build']
[0.147s] DEBUG:colcon:Parsed command line arguments: Namespace(log_base=None, log_level=None, verb_name='build', build_base='build', install_base='install', merge_install=False, symlink_install=False, test_result_base=None, continue_on_error=False, executor='parallel', parallel_workers=12, event_handlers=None, ignore_user_meta=False, metas=['./colcon.meta'], base_paths=['.'], packages_ignore=None, packages_ignore_regex=None, paths=None, packages_up_to=None, packages_up_to_regex=None, packages_above=None, packages_above_and_dependencies=None, packages_above_depth=None, packages_select_by_dep=None, packages_skip_by_dep=None, packages_skip_up_to=None, packages_select_build_failed=False, packages_skip_build_finished=False, packages_select_test_failures=False, packages_skip_test_passed=False, packages_select=None, packages_skip=None, packages_select_regex=None, packages_skip_regex=None, packages_start=None, packages_end=None, allow_overriding=[], cmake_args=None, cmake_target=None, cmake_target_skip_unavailable=False, cmake_clean_cache=False, cmake_clean_first=False, cmake_force_configure=False, ament_cmake_args=None, catkin_cmake_args=None, catkin_skip_building_tests=False, mixin_files=None, mixin=None, verb_parser=<colcon_mixin.mixin.mixin_argument.MixinArgumentDecorator object at 0x7c0c7d0629e0>, verb_extension=<colcon_core.verb.build.BuildVerb object at 0x7c0c7d062350>, main=<bound method BuildVerb.main of <colcon_core.verb.build.BuildVerb object at 0x7c0c7d062350>>, mixin_verb=('build',))
[0.354s] Level 1:colcon.colcon_core.package_discovery:discover_packages(colcon_meta) check parameters
[0.354s] Level 1:colcon.colcon_core.package_discovery:discover_packages(recursive) check parameters
[0.354s] Level 1:colcon.colcon_core.package_discovery:discover_packages(ignore) check parameters
[0.354s] Level 1:colcon.colcon_core.package_discovery:discover_packages(path) check parameters
[0.354s] Level 1:colcon.colcon_core.package_discovery:discover_packages(colcon_meta) discover
[0.354s] Level 1:colcon.colcon_core.package_discovery:discover_packages(recursive) discover
[0.354s] INFO:colcon.colcon_core.package_discovery:Crawling recursively for packages in '/home/robert/Projects/ros_ws/src/general'
[0.354s] Level 1:colcon.colcon_core.package_identification:_identify(.) by extensions ['ignore', 'ignore_ament_install']
[0.354s] Level 1:colcon.colcon_core.package_identification:_identify(.) by extension 'ignore'
[0.354s] Level 1:colcon.colcon_core.package_identification:_identify(.) by extension 'ignore_ament_install'
[0.355s] Level 1:colcon.colcon_core.package_identification:_identify(.) by extensions ['colcon_pkg']
[0.355s] Level 1:colcon.colcon_core.package_identification:_identify(.) by extension 'colcon_pkg'
[0.355s] Level 1:colcon.colcon_core.package_identification:_identify(.) by extensions ['colcon_meta']
[0.355s] Level 1:colcon.colcon_core.package_identification:_identify(.) by extension 'colcon_meta'
[0.355s] Level 1:colcon.colcon_core.package_identification:_identify(.) by extensions ['ros']
[0.355s] Level 1:colcon.colcon_core.package_identification:_identify(.) by extension 'ros'
[0.370s] Level 1:colcon.colcon_core.package_identification:_identify(.) by extensions ['cmake', 'python']
[0.370s] Level 1:colcon.colcon_core.package_identification:_identify(.) by extension 'cmake'
[0.370s] Level 1:colcon.colcon_core.package_identification:_identify(.) by extension 'python'
[0.370s] Level 1:colcon.colcon_core.package_identification:_identify(.) by extensions ['python_setup_py']
[0.370s] Level 1:colcon.colcon_core.package_identification:_identify(.) by extension 'python_setup_py'
[0.370s] Level 1:colcon.colcon_core.package_identification:_identify(build) by extensions ['ignore', 'ignore_ament_install']
[0.370s] Level 1:colcon.colcon_core.package_identification:_identify(build) by extension 'ignore'
[0.370s] Level 1:colcon.colcon_core.package_identification:_identify(build) ignored
[0.370s] Level 1:colcon.colcon_core.package_identification:_identify(comp_tasks) by extensions ['ignore', 'ignore_ament_install']
[0.370s] Level 1:colcon.colcon_core.package_identification:_identify(comp_tasks) by extension 'ignore'
[0.371s] Level 1:colcon.colcon_core.package_identification:_identify(comp_tasks) by extension 'ignore_ament_install'
[0.371s] Level 1:colcon.colcon_core.package_identification:_identify(comp_tasks) by extensions ['colcon_pkg']
[0.371s] Level 1:colcon.colcon_core.package_identification:_identify(comp_tasks) by extension 'colcon_pkg'
[0.371s] Level 1:colcon.colcon_core.package_identification:_identify(comp_tasks) by extensions ['colcon_meta']
[0.371s] Level 1:colcon.colcon_core.package_identification:_identify(comp_tasks) by extension 'colcon_meta'
[0.371s] Level 1:colcon.colcon_core.package_identification:_identify(comp_tasks) by extensions ['ros']
[0.371s] Level 1:colcon.colcon_core.package_identification:_identify(comp_tasks) by extension 'ros'
[0.375s] DEBUG:colcon.colcon_core.package_identification:Package 'comp_tasks' with type 'ros.ament_cmake' and name 'comp_tasks'
[0.375s] Level 1:colcon.colcon_core.package_identification:_identify(comp_tasks_interfaces) by extensions ['ignore', 'ignore_ament_install']
[0.375s] Level 1:colcon.colcon_core.package_identification:_identify(comp_tasks_interfaces) by extension 'ignore'
[0.375s] Level 1:colcon.colcon_core.package_identification:_identify(comp_tasks_interfaces) by extension 'ignore_ament_install'
[0.375s] Level 1:colcon.colcon_core.package_identification:_identify(comp_tasks_interfaces) by extensions ['colcon_pkg']
[0.375s] Level 1:colcon.colcon_core.package_identification:_identify(comp_tasks_interfaces) by extension 'colcon_pkg'
[0.376s] Level 1:colcon.colcon_core.package_identification:_identify(comp_tasks_interfaces) by extensions ['colcon_meta']
[0.376s] Level 1:colcon.colcon_core.package_identification:_identify(comp_tasks_interfaces) by extension 'colcon_meta'
[0.376s] Level 1:colcon.colcon_core.package_identification:_identify(comp_tasks_interfaces) by extensions ['ros']
[0.376s] Level 1:colcon.colcon_core.package_identification:_identify(comp_tasks_interfaces) by extension 'ros'
[0.377s] DEBUG:colcon.colcon_core.package_identification:Package 'comp_tasks_interfaces' with type 'ros.ament_cmake' and name 'comp_tasks_interfaces'
[0.377s] Level 1:colcon.colcon_core.package_identification:_identify(iceberg_cv_cpp) by extensions ['ignore', 'ignore_ament_install']
[0.377s] Level 1:colcon.colcon_core.package_identification:_identify(iceberg_cv_cpp) by extension 'ignore'
[0.377s] Level 1:colcon.colcon_core.package_identification:_identify(iceberg_cv_cpp) by extension 'ignore_ament_install'
[0.378s] Level 1:colcon.colcon_core.package_identification:_identify(iceberg_cv_cpp) by extensions ['colcon_pkg']
[0.378s] Level 1:colcon.colcon_core.package_identification:_identify(iceberg_cv_cpp) by extension 'colcon_pkg'
[0.378s] Level 1:colcon.colcon_core.package_identification:_identify(iceberg_cv_cpp) by extensions ['colcon_meta']
[0.378s] Level 1:colcon.colcon_core.package_identification:_identify(iceberg_cv_cpp) by extension 'colcon_meta'
[0.378s] Level 1:colcon.colcon_core.package_identification:_identify(iceberg_cv_cpp) by extensions ['ros']
[0.378s] Level 1:colcon.colcon_core.package_identification:_identify(iceberg_cv_cpp) by extension 'ros'
[0.379s] DEBUG:colcon.colcon_core.package_identification:Package 'iceberg_cv_cpp' with type 'ros.ament_cmake' and name 'iceberg_cv_cpp'
[0.380s] Level 1:colcon.colcon_core.package_identification:_identify(install) by extensions ['ignore', 'ignore_ament_install']
[0.380s] Level 1:colcon.colcon_core.package_identification:_identify(install) by extension 'ignore'
[0.380s] Level 1:colcon.colcon_core.package_identification:_identify(install) ignored
[0.380s] Level 1:colcon.colcon_core.package_identification:_identify(log) by extensions ['ignore', 'ignore_ament_install']
[0.380s] Level 1:colcon.colcon_core.package_identification:_identify(log) by extension 'ignore'
[0.380s] Level 1:colcon.colcon_core.package_identification:_identify(log) ignored
[0.380s] Level 1:colcon.colcon_core.package_identification:_identify(yolov8_ros) by extensions ['ignore', 'ignore_ament_install']
[0.380s] Level 1:colcon.colcon_core.package_identification:_identify(yolov8_ros) by extension 'ignore'
[0.380s] Level 1:colcon.colcon_core.package_identification:_identify(yolov8_ros) by extension 'ignore_ament_install'
[0.380s] Level 1:colcon.colcon_core.package_identification:_identify(yolov8_ros) by extensions ['colcon_pkg']
[0.380s] Level 1:colcon.colcon_core.package_identification:_identify(yolov8_ros) by extension 'colcon_pkg'
[0.380s] Level 1:colcon.colcon_core.package_identification:_identify(yolov8_ros) by extensions ['colcon_meta']
[0.381s] Level 1:colcon.colcon_core.package_identification:_identify(yolov8_ros) by extension 'colcon_meta'
[0.381s] Level 1:colcon.colcon_core.package_identification:_identify(yolov8_ros) by extensions ['ros']
[0.381s] Level 1:colcon.colcon_core.package_identification:_identify(yolov8_ros) by extension 'ros'
[0.381s] Level 1:colcon.colcon_core.package_identification:_identify(yolov8_ros) by extensions ['cmake', 'python']
[0.381s] Level 1:colcon.colcon_core.package_identification:_identify(yolov8_ros) by extension 'cmake'
[0.381s] Level 1:colcon.colcon_core.package_identification:_identify(yolov8_ros) by extension 'python'
[0.381s] Level 1:colcon.colcon_core.package_identification:_identify(yolov8_ros) by extensions ['python_setup_py']
[0.381s] Level 1:colcon.colcon_core.package_identification:_identify(yolov8_ros) by extension 'python_setup_py'
[0.381s] Level 1:colcon.colcon_core.package_identification:_identify(yolov8_ros/docs) by extensions ['ignore', 'ignore_ament_install']
[0.381s] Level 1:colcon.colcon_core.package_identification:_identify(yolov8_ros/docs) by extension 'ignore'
[0.381s] Level 1:colcon.colcon_core.package_identification:_identify(yolov8_ros/docs) by extension 'ignore_ament_install'
[0.382s] Level 1:colcon.colcon_core.package_identification:_identify(yolov8_ros/docs) by extensions ['colcon_pkg']
[0.382s] Level 1:colcon.colcon_core.package_identification:_identify(yolov8_ros/docs) by extension 'colcon_pkg'
[0.382s] Level 1:colcon.colcon_core.package_identification:_identify(yolov8_ros/docs) by extensions ['colcon_meta']
[0.382s] Level 1:colcon.colcon_core.package_identification:_identify(yolov8_ros/docs) by extension 'colcon_meta'
[0.382s] Level 1:colcon.colcon_core.package_identification:_identify(yolov8_ros/docs) by extensions ['ros']
[0.382s] Level 1:colcon.colcon_core.package_identification:_identify(yolov8_ros/docs) by extension 'ros'
[0.382s] Level 1:colcon.colcon_core.package_identification:_identify(yolov8_ros/docs) by extensions ['cmake', 'python']
[0.382s] Level 1:colcon.colcon_core.package_identification:_identify(yolov8_ros/docs) by extension 'cmake'
[0.382s] Level 1:colcon.colcon_core.package_identification:_identify(yolov8_ros/docs) by extension 'python'
[0.382s] Level 1:colcon.colcon_core.package_identification:_identify(yolov8_ros/docs) by extensions ['python_setup_py']
[0.382s] Level 1:colcon.colcon_core.package_identification:_identify(yolov8_ros/docs) by extension 'python_setup_py'
[0.383s] Level 1:colcon.colcon_core.package_identification:_identify(yolov8_ros/weights) by extensions ['ignore', 'ignore_ament_install']
[0.383s] Level 1:colcon.colcon_core.package_identification:_identify(yolov8_ros/weights) by extension 'ignore'
[0.383s] Level 1:colcon.colcon_core.package_identification:_identify(yolov8_ros/weights) by extension 'ignore_ament_install'
[0.383s] Level 1:colcon.colcon_core.package_identification:_identify(yolov8_ros/weights) by extensions ['colcon_pkg']
[0.383s] Level 1:colcon.colcon_core.package_identification:_identify(yolov8_ros/weights) by extension 'colcon_pkg'
[0.383s] Level 1:colcon.colcon_core.package_identification:_identify(yolov8_ros/weights) by extensions ['colcon_meta']
[0.383s] Level 1:colcon.colcon_core.package_identification:_identify(yolov8_ros/weights) by extension 'colcon_meta'
[0.383s] Level 1:colcon.colcon_core.package_identification:_identify(yolov8_ros/weights) by extensions ['ros']
[0.383s] Level 1:colcon.colcon_core.package_identification:_identify(yolov8_ros/weights) by extension 'ros'
[0.384s] Level 1:colcon.colcon_core.package_identification:_identify(yolov8_ros/weights) by extensions ['cmake', 'python']
[0.384s] Level 1:colcon.colcon_core.package_identification:_identify(yolov8_ros/weights) by extension 'cmake'
[0.384s] Level 1:colcon.colcon_core.package_identification:_identify(yolov8_ros/weights) by extension 'python'
[0.384s] Level 1:colcon.colcon_core.package_identification:_identify(yolov8_ros/weights) by extensions ['python_setup_py']
[0.384s] Level 1:colcon.colcon_core.package_identification:_identify(yolov8_ros/weights) by extension 'python_setup_py'
[0.384s] Level 1:colcon.colcon_core.package_identification:_identify(yolov8_ros/yolov8_bringup) by extensions ['ignore', 'ignore_ament_install']
[0.384s] Level 1:colcon.colcon_core.package_identification:_identify(yolov8_ros/yolov8_bringup) by extension 'ignore'
[0.385s] Level 1:colcon.colcon_core.package_identification:_identify(yolov8_ros/yolov8_bringup) by extension 'ignore_ament_install'
[0.385s] Level 1:colcon.colcon_core.package_identification:_identify(yolov8_ros/yolov8_bringup) by extensions ['colcon_pkg']
[0.385s] Level 1:colcon.colcon_core.package_identification:_identify(yolov8_ros/yolov8_bringup) by extension 'colcon_pkg'
[0.385s] Level 1:colcon.colcon_core.package_identification:_identify(yolov8_ros/yolov8_bringup) by extensions ['colcon_meta']
[0.385s] Level 1:colcon.colcon_core.package_identification:_identify(yolov8_ros/yolov8_bringup) by extension 'colcon_meta'
[0.385s] Level 1:colcon.colcon_core.package_identification:_identify(yolov8_ros/yolov8_bringup) by extensions ['ros']
[0.385s] Level 1:colcon.colcon_core.package_identification:_identify(yolov8_ros/yolov8_bringup) by extension 'ros'
[0.386s] DEBUG:colcon.colcon_core.package_identification:Package 'yolov8_ros/yolov8_bringup' with type 'ros.ament_cmake' and name 'yolov8_bringup'
[0.386s] Level 1:colcon.colcon_core.package_identification:_identify(yolov8_ros/yolov8_msgs) by extensions ['ignore', 'ignore_ament_install']
[0.386s] Level 1:colcon.colcon_core.package_identification:_identify(yolov8_ros/yolov8_msgs) by extension 'ignore'
[0.386s] Level 1:colcon.colcon_core.package_identification:_identify(yolov8_ros/yolov8_msgs) by extension 'ignore_ament_install'
[0.386s] Level 1:colcon.colcon_core.package_identification:_identify(yolov8_ros/yolov8_msgs) by extensions ['colcon_pkg']
[0.386s] Level 1:colcon.colcon_core.package_identification:_identify(yolov8_ros/yolov8_msgs) by extension 'colcon_pkg'
[0.387s] Level 1:colcon.colcon_core.package_identification:_identify(yolov8_ros/yolov8_msgs) by extensions ['colcon_meta']
[0.387s] Level 1:colcon.colcon_core.package_identification:_identify(yolov8_ros/yolov8_msgs) by extension 'colcon_meta'
[0.387s] Level 1:colcon.colcon_core.package_identification:_identify(yolov8_ros/yolov8_msgs) by extensions ['ros']
[0.387s] Level 1:colcon.colcon_core.package_identification:_identify(yolov8_ros/yolov8_msgs) by extension 'ros'
[0.388s] DEBUG:colcon.colcon_core.package_identification:Package 'yolov8_ros/yolov8_msgs' with type 'ros.ament_cmake' and name 'yolov8_msgs'
[0.388s] Level 1:colcon.colcon_core.package_identification:_identify(yolov8_ros/yolov8_ros) by extensions ['ignore', 'ignore_ament_install']
[0.388s] Level 1:colcon.colcon_core.package_identification:_identify(yolov8_ros/yolov8_ros) by extension 'ignore'
[0.388s] Level 1:colcon.colcon_core.package_identification:_identify(yolov8_ros/yolov8_ros) by extension 'ignore_ament_install'
[0.388s] Level 1:colcon.colcon_core.package_identification:_identify(yolov8_ros/yolov8_ros) by extensions ['colcon_pkg']
[0.388s] Level 1:colcon.colcon_core.package_identification:_identify(yolov8_ros/yolov8_ros) by extension 'colcon_pkg'
[0.388s] Level 1:colcon.colcon_core.package_identification:_identify(yolov8_ros/yolov8_ros) by extensions ['colcon_meta']
[0.388s] Level 1:colcon.colcon_core.package_identification:_identify(yolov8_ros/yolov8_ros) by extension 'colcon_meta'
[0.388s] Level 1:colcon.colcon_core.package_identification:_identify(yolov8_ros/yolov8_ros) by extensions ['ros']
[0.388s] Level 1:colcon.colcon_core.package_identification:_identify(yolov8_ros/yolov8_ros) by extension 'ros'
[0.391s] DEBUG:colcon.colcon_core.package_identification:Package 'yolov8_ros/yolov8_ros' with type 'ros.ament_python' and name 'yolov8_ros'
[0.391s] Level 1:colcon.colcon_core.package_discovery:discover_packages(recursive) using defaults
[0.391s] Level 1:colcon.colcon_core.package_discovery:discover_packages(ignore) discover
[0.391s] Level 1:colcon.colcon_core.package_discovery:discover_packages(ignore) using defaults
[0.391s] Level 1:colcon.colcon_core.package_discovery:discover_packages(path) discover
[0.391s] Level 1:colcon.colcon_core.package_discovery:discover_packages(path) using defaults
[0.437s] Level 1:colcon.colcon_core.package_discovery:discover_packages(prefix_path) check parameters
[0.437s] Level 1:colcon.colcon_core.package_discovery:discover_packages(prefix_path) discover
[0.441s] DEBUG:colcon.colcon_installed_package_information.package_discovery:Found 279 installed packages in /opt/ros/humble
[0.443s] Level 1:colcon.colcon_core.package_discovery:discover_packages(prefix_path) using defaults
[0.488s] Level 5:colcon.colcon_core.verb:set package 'yolov8_msgs' build argument 'cmake_args' from command line to 'None'
[0.488s] Level 5:colcon.colcon_core.verb:set package 'yolov8_msgs' build argument 'cmake_target' from command line to 'None'
[0.488s] Level 5:colcon.colcon_core.verb:set package 'yolov8_msgs' build argument 'cmake_target_skip_unavailable' from command line to 'False'
[0.489s] Level 5:colcon.colcon_core.verb:set package 'yolov8_msgs' build argument 'cmake_clean_cache' from command line to 'False'
[0.489s] Level 5:colcon.colcon_core.verb:set package 'yolov8_msgs' build argument 'cmake_clean_first' from command line to 'False'
[0.489s] Level 5:colcon.colcon_core.verb:set package 'yolov8_msgs' build argument 'cmake_force_configure' from command line to 'False'
[0.489s] Level 5:colcon.colcon_core.verb:set package 'yolov8_msgs' build argument 'ament_cmake_args' from command line to 'None'
[0.489s] Level 5:colcon.colcon_core.verb:set package 'yolov8_msgs' build argument 'catkin_cmake_args' from command line to 'None'
[0.489s] Level 5:colcon.colcon_core.verb:set package 'yolov8_msgs' build argument 'catkin_skip_building_tests' from command line to 'False'
[0.489s] DEBUG:colcon.colcon_core.verb:Building package 'yolov8_msgs' with the following arguments: {'ament_cmake_args': None, 'build_base': '/home/robert/Projects/ros_ws/src/general/build/yolov8_msgs', 'catkin_cmake_args': None, 'catkin_skip_building_tests': False, 'cmake_args': None, 'cmake_clean_cache': False, 'cmake_clean_first': False, 'cmake_force_configure': False, 'cmake_target': None, 'cmake_target_skip_unavailable': False, 'install_base': '/home/robert/Projects/ros_ws/src/general/install/yolov8_msgs', 'merge_install': False, 'path': '/home/robert/Projects/ros_ws/src/general/yolov8_ros/yolov8_msgs', 'symlink_install': False, 'test_result_base': None}
[0.489s] Level 5:colcon.colcon_core.verb:set package 'comp_tasks_interfaces' build argument 'cmake_args' from command line to 'None'
[0.489s] Level 5:colcon.colcon_core.verb:set package 'comp_tasks_interfaces' build argument 'cmake_target' from command line to 'None'
[0.489s] Level 5:colcon.colcon_core.verb:set package 'comp_tasks_interfaces' build argument 'cmake_target_skip_unavailable' from command line to 'False'
[0.489s] Level 5:colcon.colcon_core.verb:set package 'comp_tasks_interfaces' build argument 'cmake_clean_cache' from command line to 'False'
[0.489s] Level 5:colcon.colcon_core.verb:set package 'comp_tasks_interfaces' build argument 'cmake_clean_first' from command line to 'False'
[0.489s] Level 5:colcon.colcon_core.verb:set package 'comp_tasks_interfaces' build argument 'cmake_force_configure' from command line to 'False'
[0.489s] Level 5:colcon.colcon_core.verb:set package 'comp_tasks_interfaces' build argument 'ament_cmake_args' from command line to 'None'
[0.489s] Level 5:colcon.colcon_core.verb:set package 'comp_tasks_interfaces' build argument 'catkin_cmake_args' from command line to 'None'
[0.490s] Level 5:colcon.colcon_core.verb:set package 'comp_tasks_interfaces' build argument 'catkin_skip_building_tests' from command line to 'False'
[0.490s] DEBUG:colcon.colcon_core.verb:Building package 'comp_tasks_interfaces' with the following arguments: {'ament_cmake_args': None, 'build_base': '/home/robert/Projects/ros_ws/src/general/build/comp_tasks_interfaces', 'catkin_cmake_args': None, 'catkin_skip_building_tests': False, 'cmake_args': None, 'cmake_clean_cache': False, 'cmake_clean_first': False, 'cmake_force_configure': False, 'cmake_target': None, 'cmake_target_skip_unavailable': False, 'install_base': '/home/robert/Projects/ros_ws/src/general/install/comp_tasks_interfaces', 'merge_install': False, 'path': '/home/robert/Projects/ros_ws/src/general/comp_tasks_interfaces', 'symlink_install': False, 'test_result_base': None}
[0.490s] Level 5:colcon.colcon_core.verb:set package 'iceberg_cv_cpp' build argument 'cmake_args' from command line to 'None'
[0.490s] Level 5:colcon.colcon_core.verb:set package 'iceberg_cv_cpp' build argument 'cmake_target' from command line to 'None'
[0.490s] Level 5:colcon.colcon_core.verb:set package 'iceberg_cv_cpp' build argument 'cmake_target_skip_unavailable' from command line to 'False'
[0.490s] Level 5:colcon.colcon_core.verb:set package 'iceberg_cv_cpp' build argument 'cmake_clean_cache' from command line to 'False'
[0.490s] Level 5:colcon.colcon_core.verb:set package 'iceberg_cv_cpp' build argument 'cmake_clean_first' from command line to 'False'
[0.490s] Level 5:colcon.colcon_core.verb:set package 'iceberg_cv_cpp' build argument 'cmake_force_configure' from command line to 'False'
[0.490s] Level 5:colcon.colcon_core.verb:set package 'iceberg_cv_cpp' build argument 'ament_cmake_args' from command line to 'None'
[0.491s] Level 5:colcon.colcon_core.verb:set package 'iceberg_cv_cpp' build argument 'catkin_cmake_args' from command line to 'None'
[0.491s] Level 5:colcon.colcon_core.verb:set package 'iceberg_cv_cpp' build argument 'catkin_skip_building_tests' from command line to 'False'
[0.491s] DEBUG:colcon.colcon_core.verb:Building package 'iceberg_cv_cpp' with the following arguments: {'ament_cmake_args': None, 'build_base': '/home/robert/Projects/ros_ws/src/general/build/iceberg_cv_cpp', 'catkin_cmake_args': None, 'catkin_skip_building_tests': False, 'cmake_args': None, 'cmake_clean_cache': False, 'cmake_clean_first': False, 'cmake_force_configure': False, 'cmake_target': None, 'cmake_target_skip_unavailable': False, 'install_base': '/home/robert/Projects/ros_ws/src/general/install/iceberg_cv_cpp', 'merge_install': False, 'path': '/home/robert/Projects/ros_ws/src/general/iceberg_cv_cpp', 'symlink_install': False, 'test_result_base': None}
[0.491s] Level 5:colcon.colcon_core.verb:set package 'yolov8_ros' build argument 'cmake_args' from command line to 'None'
[0.491s] Level 5:colcon.colcon_core.verb:set package 'yolov8_ros' build argument 'cmake_target' from command line to 'None'
[0.491s] Level 5:colcon.colcon_core.verb:set package 'yolov8_ros' build argument 'cmake_target_skip_unavailable' from command line to 'False'
[0.491s] Level 5:colcon.colcon_core.verb:set package 'yolov8_ros' build argument 'cmake_clean_cache' from command line to 'False'
[0.491s] Level 5:colcon.colcon_core.verb:set package 'yolov8_ros' build argument 'cmake_clean_first' from command line to 'False'
[0.491s] Level 5:colcon.colcon_core.verb:set package 'yolov8_ros' build argument 'cmake_force_configure' from command line to 'False'
[0.491s] Level 5:colcon.colcon_core.verb:set package 'yolov8_ros' build argument 'ament_cmake_args' from command line to 'None'
[0.491s] Level 5:colcon.colcon_core.verb:set package 'yolov8_ros' build argument 'catkin_cmake_args' from command line to 'None'
[0.491s] Level 5:colcon.colcon_core.verb:set package 'yolov8_ros' build argument 'catkin_skip_building_tests' from command line to 'False'
[0.491s] DEBUG:colcon.colcon_core.verb:Building package 'yolov8_ros' with the following arguments: {'ament_cmake_args': None, 'build_base': '/home/robert/Projects/ros_ws/src/general/build/yolov8_ros', 'catkin_cmake_args': None, 'catkin_skip_building_tests': False, 'cmake_args': None, 'cmake_clean_cache': False, 'cmake_clean_first': False, 'cmake_force_configure': False, 'cmake_target': None, 'cmake_target_skip_unavailable': False, 'install_base': '/home/robert/Projects/ros_ws/src/general/install/yolov8_ros', 'merge_install': False, 'path': '/home/robert/Projects/ros_ws/src/general/yolov8_ros/yolov8_ros', 'symlink_install': False, 'test_result_base': None}
[0.492s] Level 5:colcon.colcon_core.verb:set package 'comp_tasks' build argument 'cmake_args' from command line to 'None'
[0.492s] Level 5:colcon.colcon_core.verb:set package 'comp_tasks' build argument 'cmake_target' from command line to 'None'
[0.492s] Level 5:colcon.colcon_core.verb:set package 'comp_tasks' build argument 'cmake_target_skip_unavailable' from command line to 'False'
[0.492s] Level 5:colcon.colcon_core.verb:set package 'comp_tasks' build argument 'cmake_clean_cache' from command line to 'False'
[0.492s] Level 5:colcon.colcon_core.verb:set package 'comp_tasks' build argument 'cmake_clean_first' from command line to 'False'
[0.492s] Level 5:colcon.colcon_core.verb:set package 'comp_tasks' build argument 'cmake_force_configure' from command line to 'False'
[0.492s] Level 5:colcon.colcon_core.verb:set package 'comp_tasks' build argument 'ament_cmake_args' from command line to 'None'
[0.492s] Level 5:colcon.colcon_core.verb:set package 'comp_tasks' build argument 'catkin_cmake_args' from command line to 'None'
[0.492s] Level 5:colcon.colcon_core.verb:set package 'comp_tasks' build argument 'catkin_skip_building_tests' from command line to 'False'
[0.492s] DEBUG:colcon.colcon_core.verb:Building package 'comp_tasks' with the following arguments: {'ament_cmake_args': None, 'build_base': '/home/robert/Projects/ros_ws/src/general/build/comp_tasks', 'catkin_cmake_args': None, 'catkin_skip_building_tests': False, 'cmake_args': None, 'cmake_clean_cache': False, 'cmake_clean_first': False, 'cmake_force_configure': False, 'cmake_target': None, 'cmake_target_skip_unavailable': False, 'install_base': '/home/robert/Projects/ros_ws/src/general/install/comp_tasks', 'merge_install': False, 'path': '/home/robert/Projects/ros_ws/src/general/comp_tasks', 'symlink_install': False, 'test_result_base': None}
[0.493s] Level 5:colcon.colcon_core.verb:set package 'yolov8_bringup' build argument 'cmake_args' from command line to 'None'
[0.493s] Level 5:colcon.colcon_core.verb:set package 'yolov8_bringup' build argument 'cmake_target' from command line to 'None'
[0.493s] Level 5:colcon.colcon_core.verb:set package 'yolov8_bringup' build argument 'cmake_target_skip_unavailable' from command line to 'False'
[0.493s] Level 5:colcon.colcon_core.verb:set package 'yolov8_bringup' build argument 'cmake_clean_cache' from command line to 'False'
[0.493s] Level 5:colcon.colcon_core.verb:set package 'yolov8_bringup' build argument 'cmake_clean_first' from command line to 'False'
[0.493s] Level 5:colcon.colcon_core.verb:set package 'yolov8_bringup' build argument 'cmake_force_configure' from command line to 'False'
[0.493s] Level 5:colcon.colcon_core.verb:set package 'yolov8_bringup' build argument 'ament_cmake_args' from command line to 'None'
[0.493s] Level 5:colcon.colcon_core.verb:set package 'yolov8_bringup' build argument 'catkin_cmake_args' from command line to 'None'
[0.493s] Level 5:colcon.colcon_core.verb:set package 'yolov8_bringup' build argument 'catkin_skip_building_tests' from command line to 'False'
[0.493s] DEBUG:colcon.colcon_core.verb:Building package 'yolov8_bringup' with the following arguments: {'ament_cmake_args': None, 'build_base': '/home/robert/Projects/ros_ws/src/general/build/yolov8_bringup', 'catkin_cmake_args': None, 'catkin_skip_building_tests': False, 'cmake_args': None, 'cmake_clean_cache': False, 'cmake_clean_first': False, 'cmake_force_configure': False, 'cmake_target': None, 'cmake_target_skip_unavailable': False, 'install_base': '/home/robert/Projects/ros_ws/src/general/install/yolov8_bringup', 'merge_install': False, 'path': '/home/robert/Projects/ros_ws/src/general/yolov8_ros/yolov8_bringup', 'symlink_install': False, 'test_result_base': None}
[0.493s] INFO:colcon.colcon_core.executor:Executing jobs using 'parallel' executor
[0.494s] DEBUG:colcon.colcon_parallel_executor.executor.parallel:run_until_complete
[0.494s] INFO:colcon.colcon_ros.task.ament_cmake.build:Building ROS package in '/home/robert/Projects/ros_ws/src/general/yolov8_ros/yolov8_msgs' with build type 'ament_cmake'
[0.494s] INFO:colcon.colcon_cmake.task.cmake.build:Building CMake package in '/home/robert/Projects/ros_ws/src/general/yolov8_ros/yolov8_msgs'
[0.497s] INFO:colcon.colcon_core.plugin_system:Skipping extension 'colcon_core.shell.bat': Not used on non-Windows systems
[0.497s] INFO:colcon.colcon_core.shell:Skip shell extension 'powershell' for command environment: Not usable outside of PowerShell
[0.498s] DEBUG:colcon.colcon_core.shell:Skip shell extension 'dsv' for command environment
[0.515s] DEBUG:colcon.colcon_core.event_handler.log_command:Invoking command in '/home/robert/Projects/ros_ws/src/general/build/yolov8_msgs': CMAKE_PREFIX_PATH=/opt/ros/humble /usr/bin/cmake /home/robert/Projects/ros_ws/src/general/yolov8_ros/yolov8_msgs -DCMAKE_INSTALL_PREFIX=/home/robert/Projects/ros_ws/src/general/install/yolov8_msgs
[5.529s] DEBUG:colcon.colcon_core.event_handler.log_command:Invoked command in '/home/robert/Projects/ros_ws/src/general/build/yolov8_msgs' returned '0': CMAKE_PREFIX_PATH=/opt/ros/humble /usr/bin/cmake /home/robert/Projects/ros_ws/src/general/yolov8_ros/yolov8_msgs -DCMAKE_INSTALL_PREFIX=/home/robert/Projects/ros_ws/src/general/install/yolov8_msgs
[5.532s] DEBUG:colcon.colcon_core.event_handler.log_command:Invoking command in '/home/robert/Projects/ros_ws/src/general/build/yolov8_msgs': CMAKE_PREFIX_PATH=/opt/ros/humble /usr/bin/cmake --build /home/robert/Projects/ros_ws/src/general/build/yolov8_msgs -- -j12 -l12
[22.728s] DEBUG:colcon.colcon_core.event_handler.log_command:Invoked command in '/home/robert/Projects/ros_ws/src/general/build/yolov8_msgs' returned '0': CMAKE_PREFIX_PATH=/opt/ros/humble /usr/bin/cmake --build /home/robert/Projects/ros_ws/src/general/build/yolov8_msgs -- -j12 -l12
[22.743s] DEBUG:colcon.colcon_core.event_handler.log_command:Invoking command in '/home/robert/Projects/ros_ws/src/general/build/yolov8_msgs': CMAKE_PREFIX_PATH=/opt/ros/humble /usr/bin/cmake --install /home/robert/Projects/ros_ws/src/general/build/yolov8_msgs
[22.925s] Level 1:colcon.colcon_core.environment:create_environment_scripts_only(yolov8_msgs)
[22.926s] DEBUG:colcon.colcon_core.event_handler.log_command:Invoked command in '/home/robert/Projects/ros_ws/src/general/build/yolov8_msgs' returned '0': CMAKE_PREFIX_PATH=/opt/ros/humble /usr/bin/cmake --install /home/robert/Projects/ros_ws/src/general/build/yolov8_msgs
[22.929s] Level 1:colcon.colcon_core.environment:checking '/home/robert/Projects/ros_ws/src/general/install/yolov8_msgs' for CMake module files
[22.930s] Level 1:colcon.colcon_core.environment:checking '/home/robert/Projects/ros_ws/src/general/install/yolov8_msgs' for CMake config files
[22.930s] Level 1:colcon.colcon_core.shell:create_environment_hook('yolov8_msgs', 'cmake_prefix_path')
[22.931s] INFO:colcon.colcon_core.shell:Creating environment hook '/home/robert/Projects/ros_ws/src/general/install/yolov8_msgs/share/yolov8_msgs/hook/cmake_prefix_path.ps1'
[22.932s] INFO:colcon.colcon_core.shell:Creating environment descriptor '/home/robert/Projects/ros_ws/src/general/install/yolov8_msgs/share/yolov8_msgs/hook/cmake_prefix_path.dsv'
[22.933s] INFO:colcon.colcon_core.shell:Creating environment hook '/home/robert/Projects/ros_ws/src/general/install/yolov8_msgs/share/yolov8_msgs/hook/cmake_prefix_path.sh'
[22.934s] Level 1:colcon.colcon_core.environment:checking '/home/robert/Projects/ros_ws/src/general/install/yolov8_msgs/lib'
[22.935s] Level 1:colcon.colcon_core.shell:create_environment_hook('yolov8_msgs', 'ld_library_path_lib')
[22.935s] INFO:colcon.colcon_core.shell:Creating environment hook '/home/robert/Projects/ros_ws/src/general/install/yolov8_msgs/share/yolov8_msgs/hook/ld_library_path_lib.ps1'
[22.935s] INFO:colcon.colcon_core.shell:Creating environment descriptor '/home/robert/Projects/ros_ws/src/general/install/yolov8_msgs/share/yolov8_msgs/hook/ld_library_path_lib.dsv'
[22.936s] INFO:colcon.colcon_core.shell:Creating environment hook '/home/robert/Projects/ros_ws/src/general/install/yolov8_msgs/share/yolov8_msgs/hook/ld_library_path_lib.sh'
[22.936s] Level 1:colcon.colcon_core.environment:checking '/home/robert/Projects/ros_ws/src/general/install/yolov8_msgs/bin'
[22.936s] Level 1:colcon.colcon_core.environment:checking '/home/robert/Projects/ros_ws/src/general/install/yolov8_msgs/lib/pkgconfig/yolov8_msgs.pc'
[22.937s] Level 1:colcon.colcon_core.environment:checking '/home/robert/Projects/ros_ws/src/general/install/yolov8_msgs/lib/python3.10/site-packages'
[22.937s] Level 1:colcon.colcon_core.environment:checking '/home/robert/Projects/ros_ws/src/general/install/yolov8_msgs/bin'
[22.938s] INFO:colcon.colcon_core.shell:Creating package script '/home/robert/Projects/ros_ws/src/general/install/yolov8_msgs/share/yolov8_msgs/package.ps1'
[22.939s] INFO:colcon.colcon_core.shell:Creating package descriptor '/home/robert/Projects/ros_ws/src/general/install/yolov8_msgs/share/yolov8_msgs/package.dsv'
[22.940s] INFO:colcon.colcon_core.shell:Creating package script '/home/robert/Projects/ros_ws/src/general/install/yolov8_msgs/share/yolov8_msgs/package.sh'
[22.941s] INFO:colcon.colcon_core.shell:Creating package script '/home/robert/Projects/ros_ws/src/general/install/yolov8_msgs/share/yolov8_msgs/package.bash'
[22.942s] INFO:colcon.colcon_core.shell:Creating package script '/home/robert/Projects/ros_ws/src/general/install/yolov8_msgs/share/yolov8_msgs/package.zsh'
[22.942s] Level 1:colcon.colcon_core.environment:create_file_with_runtime_dependencies(/home/robert/Projects/ros_ws/src/general/install/yolov8_msgs/share/colcon-core/packages/yolov8_msgs)
[22.944s] Level 1:colcon.colcon_core.environment:create_environment_scripts_only(yolov8_msgs)
[22.944s] Level 1:colcon.colcon_core.environment:checking '/home/robert/Projects/ros_ws/src/general/install/yolov8_msgs' for CMake module files
[22.945s] Level 1:colcon.colcon_core.environment:checking '/home/robert/Projects/ros_ws/src/general/install/yolov8_msgs' for CMake config files
[22.946s] Level 1:colcon.colcon_core.shell:create_environment_hook('yolov8_msgs', 'cmake_prefix_path')
[22.947s] INFO:colcon.colcon_core.shell:Creating environment hook '/home/robert/Projects/ros_ws/src/general/install/yolov8_msgs/share/yolov8_msgs/hook/cmake_prefix_path.ps1'
[22.948s] INFO:colcon.colcon_core.shell:Creating environment descriptor '/home/robert/Projects/ros_ws/src/general/install/yolov8_msgs/share/yolov8_msgs/hook/cmake_prefix_path.dsv'
[22.948s] INFO:colcon.colcon_core.shell:Creating environment hook '/home/robert/Projects/ros_ws/src/general/install/yolov8_msgs/share/yolov8_msgs/hook/cmake_prefix_path.sh'
[22.949s] Level 1:colcon.colcon_core.environment:checking '/home/robert/Projects/ros_ws/src/general/install/yolov8_msgs/lib'
[22.949s] Level 1:colcon.colcon_core.shell:create_environment_hook('yolov8_msgs', 'ld_library_path_lib')
[22.950s] INFO:colcon.colcon_core.shell:Creating environment hook '/home/robert/Projects/ros_ws/src/general/install/yolov8_msgs/share/yolov8_msgs/hook/ld_library_path_lib.ps1'
[22.950s] INFO:colcon.colcon_core.shell:Creating environment descriptor '/home/robert/Projects/ros_ws/src/general/install/yolov8_msgs/share/yolov8_msgs/hook/ld_library_path_lib.dsv'
[22.951s] INFO:colcon.colcon_core.shell:Creating environment hook '/home/robert/Projects/ros_ws/src/general/install/yolov8_msgs/share/yolov8_msgs/hook/ld_library_path_lib.sh'
[22.951s] Level 1:colcon.colcon_core.environment:checking '/home/robert/Projects/ros_ws/src/general/install/yolov8_msgs/bin'
[22.951s] Level 1:colcon.colcon_core.environment:checking '/home/robert/Projects/ros_ws/src/general/install/yolov8_msgs/lib/pkgconfig/yolov8_msgs.pc'
[22.951s] Level 1:colcon.colcon_core.environment:checking '/home/robert/Projects/ros_ws/src/general/install/yolov8_msgs/lib/python3.10/site-packages'
[22.952s] Level 1:colcon.colcon_core.environment:checking '/home/robert/Projects/ros_ws/src/general/install/yolov8_msgs/bin'
[22.953s] INFO:colcon.colcon_core.shell:Creating package script '/home/robert/Projects/ros_ws/src/general/install/yolov8_msgs/share/yolov8_msgs/package.ps1'
[22.953s] INFO:colcon.colcon_core.shell:Creating package descriptor '/home/robert/Projects/ros_ws/src/general/install/yolov8_msgs/share/yolov8_msgs/package.dsv'
[22.954s] INFO:colcon.colcon_core.shell:Creating package script '/home/robert/Projects/ros_ws/src/general/install/yolov8_msgs/share/yolov8_msgs/package.sh'
[22.955s] INFO:colcon.colcon_core.shell:Creating package script '/home/robert/Projects/ros_ws/src/general/install/yolov8_msgs/share/yolov8_msgs/package.bash'
[22.955s] INFO:colcon.colcon_core.shell:Creating package script '/home/robert/Projects/ros_ws/src/general/install/yolov8_msgs/share/yolov8_msgs/package.zsh'
[22.956s] Level 1:colcon.colcon_core.environment:create_file_with_runtime_dependencies(/home/robert/Projects/ros_ws/src/general/install/yolov8_msgs/share/colcon-core/packages/yolov8_msgs)
[22.956s] INFO:colcon.colcon_ros.task.ament_cmake.build:Building ROS package in '/home/robert/Projects/ros_ws/src/general/comp_tasks_interfaces' with build type 'ament_cmake'
[22.957s] INFO:colcon.colcon_cmake.task.cmake.build:Building CMake package in '/home/robert/Projects/ros_ws/src/general/comp_tasks_interfaces'
[22.957s] INFO:colcon.colcon_core.shell:Skip shell extension 'powershell' for command environment: Not usable outside of PowerShell
[22.957s] DEBUG:colcon.colcon_core.shell:Skip shell extension 'dsv' for command environment
[22.961s] INFO:colcon.colcon_ros.task.ament_python.build:Building ROS package in '/home/robert/Projects/ros_ws/src/general/yolov8_ros/yolov8_ros' with build type 'ament_python'
[22.961s] Level 1:colcon.colcon_core.shell:create_environment_hook('yolov8_ros', 'ament_prefix_path')
[22.962s] INFO:colcon.colcon_core.shell:Creating environment hook '/home/robert/Projects/ros_ws/src/general/install/yolov8_ros/share/yolov8_ros/hook/ament_prefix_path.ps1'
[22.962s] INFO:colcon.colcon_core.shell:Creating environment descriptor '/home/robert/Projects/ros_ws/src/general/install/yolov8_ros/share/yolov8_ros/hook/ament_prefix_path.dsv'
[22.963s] INFO:colcon.colcon_core.shell:Creating environment hook '/home/robert/Projects/ros_ws/src/general/install/yolov8_ros/share/yolov8_ros/hook/ament_prefix_path.sh'
[22.964s] INFO:colcon.colcon_core.shell:Skip shell extension 'powershell' for command environment: Not usable outside of PowerShell
[22.964s] DEBUG:colcon.colcon_core.shell:Skip shell extension 'dsv' for command environment
[22.967s] INFO:colcon.colcon_ros.task.ament_cmake.build:Building ROS package in '/home/robert/Projects/ros_ws/src/general/iceberg_cv_cpp' with build type 'ament_cmake'
[22.967s] INFO:colcon.colcon_cmake.task.cmake.build:Building CMake package in '/home/robert/Projects/ros_ws/src/general/iceberg_cv_cpp'
[22.968s] INFO:colcon.colcon_core.shell:Skip shell extension 'powershell' for command environment: Not usable outside of PowerShell
[22.968s] DEBUG:colcon.colcon_core.shell:Skip shell extension 'dsv' for command environment
[22.980s] DEBUG:colcon.colcon_core.event_handler.log_command:Invoking command in '/home/robert/Projects/ros_ws/src/general/build/comp_tasks_interfaces': AMENT_PREFIX_PATH=/home/robert/Projects/ros_ws/src/general/install/yolov8_msgs:${AMENT_PREFIX_PATH} CMAKE_PREFIX_PATH=/home/robert/Projects/ros_ws/src/general/install/yolov8_msgs:/opt/ros/humble LD_LIBRARY_PATH=/home/robert/Projects/ros_ws/src/general/install/yolov8_msgs/lib:${LD_LIBRARY_PATH} PYTHONPATH=/home/robert/Projects/ros_ws/src/general/install/yolov8_msgs/local/lib/python3.10/dist-packages:${PYTHONPATH} /usr/bin/cmake /home/robert/Projects/ros_ws/src/general/comp_tasks_interfaces -DCMAKE_INSTALL_PREFIX=/home/robert/Projects/ros_ws/src/general/install/comp_tasks_interfaces
[23.481s] INFO:colcon.colcon_core.task.python.build:Building Python package in '/home/robert/Projects/ros_ws/src/general/yolov8_ros/yolov8_ros'
[23.481s] INFO:colcon.colcon_core.shell:Skip shell extension 'powershell' for command environment: Not usable outside of PowerShell
[23.481s] DEBUG:colcon.colcon_core.shell:Skip shell extension 'dsv' for command environment
[23.495s] DEBUG:colcon.colcon_core.event_handler.log_command:Invoking command in '/home/robert/Projects/ros_ws/src/general/build/iceberg_cv_cpp': AMENT_PREFIX_PATH=/home/robert/Projects/ros_ws/src/general/install/yolov8_msgs:${AMENT_PREFIX_PATH} CMAKE_PREFIX_PATH=/home/robert/Projects/ros_ws/src/general/install/yolov8_msgs:/opt/ros/humble LD_LIBRARY_PATH=/home/robert/Projects/ros_ws/src/general/install/yolov8_msgs/lib:${LD_LIBRARY_PATH} PYTHONPATH=/home/robert/Projects/ros_ws/src/general/install/yolov8_msgs/local/lib/python3.10/dist-packages:${PYTHONPATH} /usr/bin/cmake /home/robert/Projects/ros_ws/src/general/iceberg_cv_cpp -DCMAKE_INSTALL_PREFIX=/home/robert/Projects/ros_ws/src/general/install/iceberg_cv_cpp
[24.217s] DEBUG:colcon.colcon_core.event_handler.log_command:Invoking command in '/home/robert/Projects/ros_ws/src/general/yolov8_ros/yolov8_ros': AMENT_PREFIX_PATH=/home/robert/Projects/ros_ws/src/general/install/yolov8_msgs:${AMENT_PREFIX_PATH} CMAKE_PREFIX_PATH=/home/robert/Projects/ros_ws/src/general/install/yolov8_msgs LD_LIBRARY_PATH=/home/robert/Projects/ros_ws/src/general/install/yolov8_msgs/lib:${LD_LIBRARY_PATH} PYTHONPATH=/home/robert/Projects/ros_ws/src/general/build/yolov8_ros/prefix_override:/usr/lib/python3/dist-packages/colcon_core/task/python/colcon_distutils_commands:/home/robert/Projects/ros_ws/src/general/install/yolov8_ros/lib/python3.10/site-packages:/home/robert/Projects/ros_ws/src/general/install/yolov8_msgs/local/lib/python3.10/dist-packages:${PYTHONPATH} /usr/bin/python3 -W ignore:setup.py install is deprecated -W ignore:easy_install command is deprecated setup.py egg_info --egg-base ../../build/yolov8_ros build --build-base /home/robert/Projects/ros_ws/src/general/build/yolov8_ros/build install --record /home/robert/Projects/ros_ws/src/general/build/yolov8_ros/install.log --single-version-externally-managed install_data
[24.871s] Level 1:colcon.colcon_core.environment:checking '/home/robert/Projects/ros_ws/src/general/install/yolov8_ros' for CMake module files
[24.873s] DEBUG:colcon.colcon_core.event_handler.log_command:Invoked command in '/home/robert/Projects/ros_ws/src/general/yolov8_ros/yolov8_ros' returned '0': AMENT_PREFIX_PATH=/home/robert/Projects/ros_ws/src/general/install/yolov8_msgs:${AMENT_PREFIX_PATH} CMAKE_PREFIX_PATH=/home/robert/Projects/ros_ws/src/general/install/yolov8_msgs LD_LIBRARY_PATH=/home/robert/Projects/ros_ws/src/general/install/yolov8_msgs/lib:${LD_LIBRARY_PATH} PYTHONPATH=/home/robert/Projects/ros_ws/src/general/build/yolov8_ros/prefix_override:/usr/lib/python3/dist-packages/colcon_core/task/python/colcon_distutils_commands:/home/robert/Projects/ros_ws/src/general/install/yolov8_ros/lib/python3.10/site-packages:/home/robert/Projects/ros_ws/src/general/install/yolov8_msgs/local/lib/python3.10/dist-packages:${PYTHONPATH} /usr/bin/python3 -W ignore:setup.py install is deprecated -W ignore:easy_install command is deprecated setup.py egg_info --egg-base ../../build/yolov8_ros build --build-base /home/robert/Projects/ros_ws/src/general/build/yolov8_ros/build install --record /home/robert/Projects/ros_ws/src/general/build/yolov8_ros/install.log --single-version-externally-managed install_data
[24.873s] Level 1:colcon.colcon_core.environment:checking '/home/robert/Projects/ros_ws/src/general/install/yolov8_ros' for CMake config files
[24.875s] Level 1:colcon.colcon_core.environment:checking '/home/robert/Projects/ros_ws/src/general/install/yolov8_ros/lib'
[24.875s] Level 1:colcon.colcon_core.environment:checking '/home/robert/Projects/ros_ws/src/general/install/yolov8_ros/bin'
[24.875s] Level 1:colcon.colcon_core.environment:checking '/home/robert/Projects/ros_ws/src/general/install/yolov8_ros/lib/pkgconfig/yolov8_ros.pc'
[24.876s] Level 1:colcon.colcon_core.environment:checking '/home/robert/Projects/ros_ws/src/general/install/yolov8_ros/lib/python3.10/site-packages'
[24.876s] Level 1:colcon.colcon_core.shell:create_environment_hook('yolov8_ros', 'pythonpath')
[24.876s] INFO:colcon.colcon_core.shell:Creating environment hook '/home/robert/Projects/ros_ws/src/general/install/yolov8_ros/share/yolov8_ros/hook/pythonpath.ps1'
[24.877s] INFO:colcon.colcon_core.shell:Creating environment descriptor '/home/robert/Projects/ros_ws/src/general/install/yolov8_ros/share/yolov8_ros/hook/pythonpath.dsv'
[24.878s] INFO:colcon.colcon_core.shell:Creating environment hook '/home/robert/Projects/ros_ws/src/general/install/yolov8_ros/share/yolov8_ros/hook/pythonpath.sh'
[24.879s] Level 1:colcon.colcon_core.environment:checking '/home/robert/Projects/ros_ws/src/general/install/yolov8_ros/bin'
[24.879s] Level 1:colcon.colcon_core.environment:create_environment_scripts_only(yolov8_ros)
[24.879s] INFO:colcon.colcon_core.shell:Creating package script '/home/robert/Projects/ros_ws/src/general/install/yolov8_ros/share/yolov8_ros/package.ps1'
[24.880s] INFO:colcon.colcon_core.shell:Creating package descriptor '/home/robert/Projects/ros_ws/src/general/install/yolov8_ros/share/yolov8_ros/package.dsv'
[24.881s] INFO:colcon.colcon_core.shell:Creating package script '/home/robert/Projects/ros_ws/src/general/install/yolov8_ros/share/yolov8_ros/package.sh'
[24.882s] INFO:colcon.colcon_core.shell:Creating package script '/home/robert/Projects/ros_ws/src/general/install/yolov8_ros/share/yolov8_ros/package.bash'
[24.883s] INFO:colcon.colcon_core.shell:Creating package script '/home/robert/Projects/ros_ws/src/general/install/yolov8_ros/share/yolov8_ros/package.zsh'
[24.883s] Level 1:colcon.colcon_core.environment:create_file_with_runtime_dependencies(/home/robert/Projects/ros_ws/src/general/install/yolov8_ros/share/colcon-core/packages/yolov8_ros)
[24.884s] INFO:colcon.colcon_ros.task.ament_cmake.build:Building ROS package in '/home/robert/Projects/ros_ws/src/general/yolov8_ros/yolov8_bringup' with build type 'ament_cmake'
[24.884s] INFO:colcon.colcon_cmake.task.cmake.build:Building CMake package in '/home/robert/Projects/ros_ws/src/general/yolov8_ros/yolov8_bringup'
[24.885s] INFO:colcon.colcon_core.shell:Skip shell extension 'powershell' for command environment: Not usable outside of PowerShell
[24.885s] DEBUG:colcon.colcon_core.shell:Skip shell extension 'dsv' for command environment
[24.908s] DEBUG:colcon.colcon_core.event_handler.log_command:Invoking command in '/home/robert/Projects/ros_ws/src/general/build/yolov8_bringup': AMENT_PREFIX_PATH=/home/robert/Projects/ros_ws/src/general/install/yolov8_ros:/home/robert/Projects/ros_ws/src/general/install/yolov8_msgs:${AMENT_PREFIX_PATH} CMAKE_PREFIX_PATH=/home/robert/Projects/ros_ws/src/general/install/yolov8_msgs:/opt/ros/humble LD_LIBRARY_PATH=/home/robert/Projects/ros_ws/src/general/install/yolov8_msgs/lib:${LD_LIBRARY_PATH} PYTHONPATH=/home/robert/Projects/ros_ws/src/general/install/yolov8_ros/lib/python3.10/site-packages:/home/robert/Projects/ros_ws/src/general/install/yolov8_msgs/local/lib/python3.10/dist-packages:${PYTHONPATH} /usr/bin/cmake /home/robert/Projects/ros_ws/src/general/yolov8_ros/yolov8_bringup -DCMAKE_INSTALL_PREFIX=/home/robert/Projects/ros_ws/src/general/install/yolov8_bringup
[25.850s] DEBUG:colcon.colcon_core.event_handler.log_command:Invoked command in '/home/robert/Projects/ros_ws/src/general/build/iceberg_cv_cpp' returned '0': AMENT_PREFIX_PATH=/home/robert/Projects/ros_ws/src/general/install/yolov8_msgs:${AMENT_PREFIX_PATH} CMAKE_PREFIX_PATH=/home/robert/Projects/ros_ws/src/general/install/yolov8_msgs:/opt/ros/humble LD_LIBRARY_PATH=/home/robert/Projects/ros_ws/src/general/install/yolov8_msgs/lib:${LD_LIBRARY_PATH} PYTHONPATH=/home/robert/Projects/ros_ws/src/general/install/yolov8_msgs/local/lib/python3.10/dist-packages:${PYTHONPATH} /usr/bin/cmake /home/robert/Projects/ros_ws/src/general/iceberg_cv_cpp -DCMAKE_INSTALL_PREFIX=/home/robert/Projects/ros_ws/src/general/install/iceberg_cv_cpp
[25.852s] DEBUG:colcon.colcon_core.event_handler.log_command:Invoking command in '/home/robert/Projects/ros_ws/src/general/build/iceberg_cv_cpp': AMENT_PREFIX_PATH=/home/robert/Projects/ros_ws/src/general/install/yolov8_msgs:${AMENT_PREFIX_PATH} CMAKE_PREFIX_PATH=/home/robert/Projects/ros_ws/src/general/install/yolov8_msgs:/opt/ros/humble LD_LIBRARY_PATH=/home/robert/Projects/ros_ws/src/general/install/yolov8_msgs/lib:${LD_LIBRARY_PATH} PYTHONPATH=/home/robert/Projects/ros_ws/src/general/install/yolov8_msgs/local/lib/python3.10/dist-packages:${PYTHONPATH} /usr/bin/cmake --build /home/robert/Projects/ros_ws/src/general/build/iceberg_cv_cpp -- -j12 -l12
[26.045s] DEBUG:colcon.colcon_core.event_handler.log_command:Invoked command in '/home/robert/Projects/ros_ws/src/general/build/yolov8_bringup' returned '0': AMENT_PREFIX_PATH=/home/robert/Projects/ros_ws/src/general/install/yolov8_ros:/home/robert/Projects/ros_ws/src/general/install/yolov8_msgs:${AMENT_PREFIX_PATH} CMAKE_PREFIX_PATH=/home/robert/Projects/ros_ws/src/general/install/yolov8_msgs:/opt/ros/humble LD_LIBRARY_PATH=/home/robert/Projects/ros_ws/src/general/install/yolov8_msgs/lib:${LD_LIBRARY_PATH} PYTHONPATH=/home/robert/Projects/ros_ws/src/general/install/yolov8_ros/lib/python3.10/site-packages:/home/robert/Projects/ros_ws/src/general/install/yolov8_msgs/local/lib/python3.10/dist-packages:${PYTHONPATH} /usr/bin/cmake /home/robert/Projects/ros_ws/src/general/yolov8_ros/yolov8_bringup -DCMAKE_INSTALL_PREFIX=/home/robert/Projects/ros_ws/src/general/install/yolov8_bringup
[26.049s] DEBUG:colcon.colcon_core.event_handler.log_command:Invoking command in '/home/robert/Projects/ros_ws/src/general/build/yolov8_bringup': AMENT_PREFIX_PATH=/home/robert/Projects/ros_ws/src/general/install/yolov8_ros:/home/robert/Projects/ros_ws/src/general/install/yolov8_msgs:${AMENT_PREFIX_PATH} CMAKE_PREFIX_PATH=/home/robert/Projects/ros_ws/src/general/install/yolov8_msgs:/opt/ros/humble LD_LIBRARY_PATH=/home/robert/Projects/ros_ws/src/general/install/yolov8_msgs/lib:${LD_LIBRARY_PATH} PYTHONPATH=/home/robert/Projects/ros_ws/src/general/install/yolov8_ros/lib/python3.10/site-packages:/home/robert/Projects/ros_ws/src/general/install/yolov8_msgs/local/lib/python3.10/dist-packages:${PYTHONPATH} /usr/bin/cmake --build /home/robert/Projects/ros_ws/src/general/build/yolov8_bringup -- -j12 -l12
[26.112s] DEBUG:colcon.colcon_core.event_handler.log_command:Invoked command in '/home/robert/Projects/ros_ws/src/general/build/yolov8_bringup' returned '0': AMENT_PREFIX_PATH=/home/robert/Projects/ros_ws/src/general/install/yolov8_ros:/home/robert/Projects/ros_ws/src/general/install/yolov8_msgs:${AMENT_PREFIX_PATH} CMAKE_PREFIX_PATH=/home/robert/Projects/ros_ws/src/general/install/yolov8_msgs:/opt/ros/humble LD_LIBRARY_PATH=/home/robert/Projects/ros_ws/src/general/install/yolov8_msgs/lib:${LD_LIBRARY_PATH} PYTHONPATH=/home/robert/Projects/ros_ws/src/general/install/yolov8_ros/lib/python3.10/site-packages:/home/robert/Projects/ros_ws/src/general/install/yolov8_msgs/local/lib/python3.10/dist-packages:${PYTHONPATH} /usr/bin/cmake --build /home/robert/Projects/ros_ws/src/general/build/yolov8_bringup -- -j12 -l12
[26.115s] DEBUG:colcon.colcon_core.event_handler.log_command:Invoking command in '/home/robert/Projects/ros_ws/src/general/build/yolov8_bringup': AMENT_PREFIX_PATH=/home/robert/Projects/ros_ws/src/general/install/yolov8_ros:/home/robert/Projects/ros_ws/src/general/install/yolov8_msgs:${AMENT_PREFIX_PATH} CMAKE_PREFIX_PATH=/home/robert/Projects/ros_ws/src/general/install/yolov8_msgs:/opt/ros/humble LD_LIBRARY_PATH=/home/robert/Projects/ros_ws/src/general/install/yolov8_msgs/lib:${LD_LIBRARY_PATH} PYTHONPATH=/home/robert/Projects/ros_ws/src/general/install/yolov8_ros/lib/python3.10/site-packages:/home/robert/Projects/ros_ws/src/general/install/yolov8_msgs/local/lib/python3.10/dist-packages:${PYTHONPATH} /usr/bin/cmake --install /home/robert/Projects/ros_ws/src/general/build/yolov8_bringup
[26.139s] Level 1:colcon.colcon_core.environment:create_environment_scripts_only(yolov8_bringup)
[26.140s] Level 1:colcon.colcon_core.environment:checking '/home/robert/Projects/ros_ws/src/general/install/yolov8_bringup' for CMake module files
[26.142s] DEBUG:colcon.colcon_core.event_handler.log_command:Invoked command in '/home/robert/Projects/ros_ws/src/general/build/yolov8_bringup' returned '0': AMENT_PREFIX_PATH=/home/robert/Projects/ros_ws/src/general/install/yolov8_ros:/home/robert/Projects/ros_ws/src/general/install/yolov8_msgs:${AMENT_PREFIX_PATH} CMAKE_PREFIX_PATH=/home/robert/Projects/ros_ws/src/general/install/yolov8_msgs:/opt/ros/humble LD_LIBRARY_PATH=/home/robert/Projects/ros_ws/src/general/install/yolov8_msgs/lib:${LD_LIBRARY_PATH} PYTHONPATH=/home/robert/Projects/ros_ws/src/general/install/yolov8_ros/lib/python3.10/site-packages:/home/robert/Projects/ros_ws/src/general/install/yolov8_msgs/local/lib/python3.10/dist-packages:${PYTHONPATH} /usr/bin/cmake --install /home/robert/Projects/ros_ws/src/general/build/yolov8_bringup
[26.142s] Level 1:colcon.colcon_core.environment:checking '/home/robert/Projects/ros_ws/src/general/install/yolov8_bringup' for CMake config files
[26.142s] Level 1:colcon.colcon_core.shell:create_environment_hook('yolov8_bringup', 'cmake_prefix_path')
[26.143s] INFO:colcon.colcon_core.shell:Creating environment hook '/home/robert/Projects/ros_ws/src/general/install/yolov8_bringup/share/yolov8_bringup/hook/cmake_prefix_path.ps1'
[26.144s] INFO:colcon.colcon_core.shell:Creating environment descriptor '/home/robert/Projects/ros_ws/src/general/install/yolov8_bringup/share/yolov8_bringup/hook/cmake_prefix_path.dsv'
[26.145s] INFO:colcon.colcon_core.shell:Creating environment hook '/home/robert/Projects/ros_ws/src/general/install/yolov8_bringup/share/yolov8_bringup/hook/cmake_prefix_path.sh'
[26.146s] Level 1:colcon.colcon_core.environment:checking '/home/robert/Projects/ros_ws/src/general/install/yolov8_bringup/bin'
[26.146s] Level 1:colcon.colcon_core.environment:checking '/home/robert/Projects/ros_ws/src/general/install/yolov8_bringup/lib/pkgconfig/yolov8_bringup.pc'
[26.146s] Level 1:colcon.colcon_core.environment:checking '/home/robert/Projects/ros_ws/src/general/install/yolov8_bringup/lib/python3.10/site-packages'
[26.147s] Level 1:colcon.colcon_core.environment:checking '/home/robert/Projects/ros_ws/src/general/install/yolov8_bringup/bin'
[26.147s] INFO:colcon.colcon_core.shell:Creating package script '/home/robert/Projects/ros_ws/src/general/install/yolov8_bringup/share/yolov8_bringup/package.ps1'
[26.148s] INFO:colcon.colcon_core.shell:Creating package descriptor '/home/robert/Projects/ros_ws/src/general/install/yolov8_bringup/share/yolov8_bringup/package.dsv'
[26.148s] INFO:colcon.colcon_core.shell:Creating package script '/home/robert/Projects/ros_ws/src/general/install/yolov8_bringup/share/yolov8_bringup/package.sh'
[26.149s] INFO:colcon.colcon_core.shell:Creating package script '/home/robert/Projects/ros_ws/src/general/install/yolov8_bringup/share/yolov8_bringup/package.bash'
[26.150s] INFO:colcon.colcon_core.shell:Creating package script '/home/robert/Projects/ros_ws/src/general/install/yolov8_bringup/share/yolov8_bringup/package.zsh'
[26.150s] Level 1:colcon.colcon_core.environment:create_file_with_runtime_dependencies(/home/robert/Projects/ros_ws/src/general/install/yolov8_bringup/share/colcon-core/packages/yolov8_bringup)
[26.152s] Level 1:colcon.colcon_core.environment:create_environment_scripts_only(yolov8_bringup)
[26.152s] Level 1:colcon.colcon_core.environment:checking '/home/robert/Projects/ros_ws/src/general/install/yolov8_bringup' for CMake module files
[26.153s] Level 1:colcon.colcon_core.environment:checking '/home/robert/Projects/ros_ws/src/general/install/yolov8_bringup' for CMake config files
[26.153s] Level 1:colcon.colcon_core.shell:create_environment_hook('yolov8_bringup', 'cmake_prefix_path')
[26.153s] INFO:colcon.colcon_core.shell:Creating environment hook '/home/robert/Projects/ros_ws/src/general/install/yolov8_bringup/share/yolov8_bringup/hook/cmake_prefix_path.ps1'
[26.154s] INFO:colcon.colcon_core.shell:Creating environment descriptor '/home/robert/Projects/ros_ws/src/general/install/yolov8_bringup/share/yolov8_bringup/hook/cmake_prefix_path.dsv'
[26.155s] INFO:colcon.colcon_core.shell:Creating environment hook '/home/robert/Projects/ros_ws/src/general/install/yolov8_bringup/share/yolov8_bringup/hook/cmake_prefix_path.sh'
[26.156s] Level 1:colcon.colcon_core.environment:checking '/home/robert/Projects/ros_ws/src/general/install/yolov8_bringup/bin'
[26.156s] Level 1:colcon.colcon_core.environment:checking '/home/robert/Projects/ros_ws/src/general/install/yolov8_bringup/lib/pkgconfig/yolov8_bringup.pc'
[26.156s] Level 1:colcon.colcon_core.environment:checking '/home/robert/Projects/ros_ws/src/general/install/yolov8_bringup/lib/python3.10/site-packages'
[26.156s] Level 1:colcon.colcon_core.environment:checking '/home/robert/Projects/ros_ws/src/general/install/yolov8_bringup/bin'
[26.157s] INFO:colcon.colcon_core.shell:Creating package script '/home/robert/Projects/ros_ws/src/general/install/yolov8_bringup/share/yolov8_bringup/package.ps1'
[26.158s] INFO:colcon.colcon_core.shell:Creating package descriptor '/home/robert/Projects/ros_ws/src/general/install/yolov8_bringup/share/yolov8_bringup/package.dsv'
[26.159s] INFO:colcon.colcon_core.shell:Creating package script '/home/robert/Projects/ros_ws/src/general/install/yolov8_bringup/share/yolov8_bringup/package.sh'
[26.160s] INFO:colcon.colcon_core.shell:Creating package script '/home/robert/Projects/ros_ws/src/general/install/yolov8_bringup/share/yolov8_bringup/package.bash'
[26.160s] INFO:colcon.colcon_core.shell:Creating package script '/home/robert/Projects/ros_ws/src/general/install/yolov8_bringup/share/yolov8_bringup/package.zsh'
[26.161s] Level 1:colcon.colcon_core.environment:create_file_with_runtime_dependencies(/home/robert/Projects/ros_ws/src/general/install/yolov8_bringup/share/colcon-core/packages/yolov8_bringup)
[27.056s] DEBUG:colcon.colcon_core.event_handler.log_command:Invoked command in '/home/robert/Projects/ros_ws/src/general/build/comp_tasks_interfaces' returned '0': AMENT_PREFIX_PATH=/home/robert/Projects/ros_ws/src/general/install/yolov8_msgs:${AMENT_PREFIX_PATH} CMAKE_PREFIX_PATH=/home/robert/Projects/ros_ws/src/general/install/yolov8_msgs:/opt/ros/humble LD_LIBRARY_PATH=/home/robert/Projects/ros_ws/src/general/install/yolov8_msgs/lib:${LD_LIBRARY_PATH} PYTHONPATH=/home/robert/Projects/ros_ws/src/general/install/yolov8_msgs/local/lib/python3.10/dist-packages:${PYTHONPATH} /usr/bin/cmake /home/robert/Projects/ros_ws/src/general/comp_tasks_interfaces -DCMAKE_INSTALL_PREFIX=/home/robert/Projects/ros_ws/src/general/install/comp_tasks_interfaces
[27.058s] DEBUG:colcon.colcon_core.event_handler.log_command:Invoking command in '/home/robert/Projects/ros_ws/src/general/build/comp_tasks_interfaces': AMENT_PREFIX_PATH=/home/robert/Projects/ros_ws/src/general/install/yolov8_msgs:${AMENT_PREFIX_PATH} CMAKE_PREFIX_PATH=/home/robert/Projects/ros_ws/src/general/install/yolov8_msgs:/opt/ros/humble LD_LIBRARY_PATH=/home/robert/Projects/ros_ws/src/general/install/yolov8_msgs/lib:${LD_LIBRARY_PATH} PYTHONPATH=/home/robert/Projects/ros_ws/src/general/install/yolov8_msgs/local/lib/python3.10/dist-packages:${PYTHONPATH} /usr/bin/cmake --build /home/robert/Projects/ros_ws/src/general/build/comp_tasks_interfaces -- -j12 -l12
[39.199s] DEBUG:colcon.colcon_core.event_handler.log_command:Invoked command in '/home/robert/Projects/ros_ws/src/general/build/comp_tasks_interfaces' returned '0': AMENT_PREFIX_PATH=/home/robert/Projects/ros_ws/src/general/install/yolov8_msgs:${AMENT_PREFIX_PATH} CMAKE_PREFIX_PATH=/home/robert/Projects/ros_ws/src/general/install/yolov8_msgs:/opt/ros/humble LD_LIBRARY_PATH=/home/robert/Projects/ros_ws/src/general/install/yolov8_msgs/lib:${LD_LIBRARY_PATH} PYTHONPATH=/home/robert/Projects/ros_ws/src/general/install/yolov8_msgs/local/lib/python3.10/dist-packages:${PYTHONPATH} /usr/bin/cmake --build /home/robert/Projects/ros_ws/src/general/build/comp_tasks_interfaces -- -j12 -l12
[39.201s] DEBUG:colcon.colcon_core.event_handler.log_command:Invoking command in '/home/robert/Projects/ros_ws/src/general/build/comp_tasks_interfaces': AMENT_PREFIX_PATH=/home/robert/Projects/ros_ws/src/general/install/yolov8_msgs:${AMENT_PREFIX_PATH} CMAKE_PREFIX_PATH=/home/robert/Projects/ros_ws/src/general/install/yolov8_msgs:/opt/ros/humble LD_LIBRARY_PATH=/home/robert/Projects/ros_ws/src/general/install/yolov8_msgs/lib:${LD_LIBRARY_PATH} PYTHONPATH=/home/robert/Projects/ros_ws/src/general/install/yolov8_msgs/local/lib/python3.10/dist-packages:${PYTHONPATH} /usr/bin/cmake --install /home/robert/Projects/ros_ws/src/general/build/comp_tasks_interfaces
[39.338s] Level 1:colcon.colcon_core.environment:create_environment_scripts_only(comp_tasks_interfaces)
[39.338s] Level 1:colcon.colcon_core.environment:checking '/home/robert/Projects/ros_ws/src/general/install/comp_tasks_interfaces' for CMake module files
[39.339s] DEBUG:colcon.colcon_core.event_handler.log_command:Invoked command in '/home/robert/Projects/ros_ws/src/general/build/comp_tasks_interfaces' returned '0': AMENT_PREFIX_PATH=/home/robert/Projects/ros_ws/src/general/install/yolov8_msgs:${AMENT_PREFIX_PATH} CMAKE_PREFIX_PATH=/home/robert/Projects/ros_ws/src/general/install/yolov8_msgs:/opt/ros/humble LD_LIBRARY_PATH=/home/robert/Projects/ros_ws/src/general/install/yolov8_msgs/lib:${LD_LIBRARY_PATH} PYTHONPATH=/home/robert/Projects/ros_ws/src/general/install/yolov8_msgs/local/lib/python3.10/dist-packages:${PYTHONPATH} /usr/bin/cmake --install /home/robert/Projects/ros_ws/src/general/build/comp_tasks_interfaces
[39.340s] Level 1:colcon.colcon_core.environment:checking '/home/robert/Projects/ros_ws/src/general/install/comp_tasks_interfaces' for CMake config files
[39.340s] Level 1:colcon.colcon_core.shell:create_environment_hook('comp_tasks_interfaces', 'cmake_prefix_path')
[39.340s] INFO:colcon.colcon_core.shell:Creating environment hook '/home/robert/Projects/ros_ws/src/general/install/comp_tasks_interfaces/share/comp_tasks_interfaces/hook/cmake_prefix_path.ps1'
[39.341s] INFO:colcon.colcon_core.shell:Creating environment descriptor '/home/robert/Projects/ros_ws/src/general/install/comp_tasks_interfaces/share/comp_tasks_interfaces/hook/cmake_prefix_path.dsv'
[39.341s] INFO:colcon.colcon_core.shell:Creating environment hook '/home/robert/Projects/ros_ws/src/general/install/comp_tasks_interfaces/share/comp_tasks_interfaces/hook/cmake_prefix_path.sh'
[39.342s] Level 1:colcon.colcon_core.environment:checking '/home/robert/Projects/ros_ws/src/general/install/comp_tasks_interfaces/lib'
[39.342s] Level 1:colcon.colcon_core.shell:create_environment_hook('comp_tasks_interfaces', 'ld_library_path_lib')
[39.342s] INFO:colcon.colcon_core.shell:Creating environment hook '/home/robert/Projects/ros_ws/src/general/install/comp_tasks_interfaces/share/comp_tasks_interfaces/hook/ld_library_path_lib.ps1'
[39.343s] INFO:colcon.colcon_core.shell:Creating environment descriptor '/home/robert/Projects/ros_ws/src/general/install/comp_tasks_interfaces/share/comp_tasks_interfaces/hook/ld_library_path_lib.dsv'
[39.343s] INFO:colcon.colcon_core.shell:Creating environment hook '/home/robert/Projects/ros_ws/src/general/install/comp_tasks_interfaces/share/comp_tasks_interfaces/hook/ld_library_path_lib.sh'
[39.343s] Level 1:colcon.colcon_core.environment:checking '/home/robert/Projects/ros_ws/src/general/install/comp_tasks_interfaces/bin'
[39.343s] Level 1:colcon.colcon_core.environment:checking '/home/robert/Projects/ros_ws/src/general/install/comp_tasks_interfaces/lib/pkgconfig/comp_tasks_interfaces.pc'
[39.344s] Level 1:colcon.colcon_core.environment:checking '/home/robert/Projects/ros_ws/src/general/install/comp_tasks_interfaces/lib/python3.10/site-packages'
[39.344s] Level 1:colcon.colcon_core.environment:checking '/home/robert/Projects/ros_ws/src/general/install/comp_tasks_interfaces/bin'
[39.344s] INFO:colcon.colcon_core.shell:Creating package script '/home/robert/Projects/ros_ws/src/general/install/comp_tasks_interfaces/share/comp_tasks_interfaces/package.ps1'
[39.345s] INFO:colcon.colcon_core.shell:Creating package descriptor '/home/robert/Projects/ros_ws/src/general/install/comp_tasks_interfaces/share/comp_tasks_interfaces/package.dsv'
[39.345s] INFO:colcon.colcon_core.shell:Creating package script '/home/robert/Projects/ros_ws/src/general/install/comp_tasks_interfaces/share/comp_tasks_interfaces/package.sh'
[39.345s] INFO:colcon.colcon_core.shell:Creating package script '/home/robert/Projects/ros_ws/src/general/install/comp_tasks_interfaces/share/comp_tasks_interfaces/package.bash'
[39.346s] INFO:colcon.colcon_core.shell:Creating package script '/home/robert/Projects/ros_ws/src/general/install/comp_tasks_interfaces/share/comp_tasks_interfaces/package.zsh'
[39.346s] Level 1:colcon.colcon_core.environment:create_file_with_runtime_dependencies(/home/robert/Projects/ros_ws/src/general/install/comp_tasks_interfaces/share/colcon-core/packages/comp_tasks_interfaces)
[39.347s] Level 1:colcon.colcon_core.environment:create_environment_scripts_only(comp_tasks_interfaces)
[39.347s] Level 1:colcon.colcon_core.environment:checking '/home/robert/Projects/ros_ws/src/general/install/comp_tasks_interfaces' for CMake module files
[39.348s] Level 1:colcon.colcon_core.environment:checking '/home/robert/Projects/ros_ws/src/general/install/comp_tasks_interfaces' for CMake config files
[39.348s] Level 1:colcon.colcon_core.shell:create_environment_hook('comp_tasks_interfaces', 'cmake_prefix_path')
[39.348s] INFO:colcon.colcon_core.shell:Creating environment hook '/home/robert/Projects/ros_ws/src/general/install/comp_tasks_interfaces/share/comp_tasks_interfaces/hook/cmake_prefix_path.ps1'
[39.349s] INFO:colcon.colcon_core.shell:Creating environment descriptor '/home/robert/Projects/ros_ws/src/general/install/comp_tasks_interfaces/share/comp_tasks_interfaces/hook/cmake_prefix_path.dsv'
[39.349s] INFO:colcon.colcon_core.shell:Creating environment hook '/home/robert/Projects/ros_ws/src/general/install/comp_tasks_interfaces/share/comp_tasks_interfaces/hook/cmake_prefix_path.sh'
[39.350s] Level 1:colcon.colcon_core.environment:checking '/home/robert/Projects/ros_ws/src/general/install/comp_tasks_interfaces/lib'
[39.350s] Level 1:colcon.colcon_core.shell:create_environment_hook('comp_tasks_interfaces', 'ld_library_path_lib')
[39.350s] INFO:colcon.colcon_core.shell:Creating environment hook '/home/robert/Projects/ros_ws/src/general/install/comp_tasks_interfaces/share/comp_tasks_interfaces/hook/ld_library_path_lib.ps1'
[39.350s] INFO:colcon.colcon_core.shell:Creating environment descriptor '/home/robert/Projects/ros_ws/src/general/install/comp_tasks_interfaces/share/comp_tasks_interfaces/hook/ld_library_path_lib.dsv'
[39.351s] INFO:colcon.colcon_core.shell:Creating environment hook '/home/robert/Projects/ros_ws/src/general/install/comp_tasks_interfaces/share/comp_tasks_interfaces/hook/ld_library_path_lib.sh'
[39.351s] Level 1:colcon.colcon_core.environment:checking '/home/robert/Projects/ros_ws/src/general/install/comp_tasks_interfaces/bin'
[39.351s] Level 1:colcon.colcon_core.environment:checking '/home/robert/Projects/ros_ws/src/general/install/comp_tasks_interfaces/lib/pkgconfig/comp_tasks_interfaces.pc'
[39.352s] Level 1:colcon.colcon_core.environment:checking '/home/robert/Projects/ros_ws/src/general/install/comp_tasks_interfaces/lib/python3.10/site-packages'
[39.352s] Level 1:colcon.colcon_core.environment:checking '/home/robert/Projects/ros_ws/src/general/install/comp_tasks_interfaces/bin'
[39.352s] INFO:colcon.colcon_core.shell:Creating package script '/home/robert/Projects/ros_ws/src/general/install/comp_tasks_interfaces/share/comp_tasks_interfaces/package.ps1'
[39.353s] INFO:colcon.colcon_core.shell:Creating package descriptor '/home/robert/Projects/ros_ws/src/general/install/comp_tasks_interfaces/share/comp_tasks_interfaces/package.dsv'
[39.354s] INFO:colcon.colcon_core.shell:Creating package script '/home/robert/Projects/ros_ws/src/general/install/comp_tasks_interfaces/share/comp_tasks_interfaces/package.sh'
[39.354s] INFO:colcon.colcon_core.shell:Creating package script '/home/robert/Projects/ros_ws/src/general/install/comp_tasks_interfaces/share/comp_tasks_interfaces/package.bash'
[39.355s] INFO:colcon.colcon_core.shell:Creating package script '/home/robert/Projects/ros_ws/src/general/install/comp_tasks_interfaces/share/comp_tasks_interfaces/package.zsh'
[39.355s] Level 1:colcon.colcon_core.environment:create_file_with_runtime_dependencies(/home/robert/Projects/ros_ws/src/general/install/comp_tasks_interfaces/share/colcon-core/packages/comp_tasks_interfaces)
[39.356s] INFO:colcon.colcon_ros.task.ament_cmake.build:Building ROS package in '/home/robert/Projects/ros_ws/src/general/comp_tasks' with build type 'ament_cmake'
[39.356s] INFO:colcon.colcon_cmake.task.cmake.build:Building CMake package in '/home/robert/Projects/ros_ws/src/general/comp_tasks'
[39.356s] INFO:colcon.colcon_core.shell:Skip shell extension 'powershell' for command environment: Not usable outside of PowerShell
[39.356s] DEBUG:colcon.colcon_core.shell:Skip shell extension 'dsv' for command environment
[39.372s] DEBUG:colcon.colcon_core.event_handler.log_command:Invoking command in '/home/robert/Projects/ros_ws/src/general/build/comp_tasks': AMENT_PREFIX_PATH=/home/robert/Projects/ros_ws/src/general/install/comp_tasks_interfaces:/home/robert/Projects/ros_ws/src/general/install/yolov8_msgs:${AMENT_PREFIX_PATH} CMAKE_PREFIX_PATH=/home/robert/Projects/ros_ws/src/general/install/comp_tasks_interfaces:/home/robert/Projects/ros_ws/src/general/install/yolov8_msgs:/opt/ros/humble LD_LIBRARY_PATH=/home/robert/Projects/ros_ws/src/general/install/comp_tasks_interfaces/lib:/home/robert/Projects/ros_ws/src/general/install/yolov8_msgs/lib:${LD_LIBRARY_PATH} PYTHONPATH=/home/robert/Projects/ros_ws/src/general/install/comp_tasks_interfaces/local/lib/python3.10/dist-packages:/home/robert/Projects/ros_ws/src/general/install/yolov8_msgs/local/lib/python3.10/dist-packages:${PYTHONPATH} /usr/bin/cmake /home/robert/Projects/ros_ws/src/general/comp_tasks -DCMAKE_INSTALL_PREFIX=/home/robert/Projects/ros_ws/src/general/install/comp_tasks
[41.699s] DEBUG:colcon.colcon_core.event_handler.log_command:Invoked command in '/home/robert/Projects/ros_ws/src/general/build/comp_tasks' returned '0': AMENT_PREFIX_PATH=/home/robert/Projects/ros_ws/src/general/install/comp_tasks_interfaces:/home/robert/Projects/ros_ws/src/general/install/yolov8_msgs:${AMENT_PREFIX_PATH} CMAKE_PREFIX_PATH=/home/robert/Projects/ros_ws/src/general/install/comp_tasks_interfaces:/home/robert/Projects/ros_ws/src/general/install/yolov8_msgs:/opt/ros/humble LD_LIBRARY_PATH=/home/robert/Projects/ros_ws/src/general/install/comp_tasks_interfaces/lib:/home/robert/Projects/ros_ws/src/general/install/yolov8_msgs/lib:${LD_LIBRARY_PATH} PYTHONPATH=/home/robert/Projects/ros_ws/src/general/install/comp_tasks_interfaces/local/lib/python3.10/dist-packages:/home/robert/Projects/ros_ws/src/general/install/yolov8_msgs/local/lib/python3.10/dist-packages:${PYTHONPATH} /usr/bin/cmake /home/robert/Projects/ros_ws/src/general/comp_tasks -DCMAKE_INSTALL_PREFIX=/home/robert/Projects/ros_ws/src/general/install/comp_tasks
[41.702s] DEBUG:colcon.colcon_core.event_handler.log_command:Invoking command in '/home/robert/Projects/ros_ws/src/general/build/comp_tasks': AMENT_PREFIX_PATH=/home/robert/Projects/ros_ws/src/general/install/comp_tasks_interfaces:/home/robert/Projects/ros_ws/src/general/install/yolov8_msgs:${AMENT_PREFIX_PATH} CMAKE_PREFIX_PATH=/home/robert/Projects/ros_ws/src/general/install/comp_tasks_interfaces:/home/robert/Projects/ros_ws/src/general/install/yolov8_msgs:/opt/ros/humble LD_LIBRARY_PATH=/home/robert/Projects/ros_ws/src/general/install/comp_tasks_interfaces/lib:/home/robert/Projects/ros_ws/src/general/install/yolov8_msgs/lib:${LD_LIBRARY_PATH} PYTHONPATH=/home/robert/Projects/ros_ws/src/general/install/comp_tasks_interfaces/local/lib/python3.10/dist-packages:/home/robert/Projects/ros_ws/src/general/install/yolov8_msgs/local/lib/python3.10/dist-packages:${PYTHONPATH} /usr/bin/cmake --build /home/robert/Projects/ros_ws/src/general/build/comp_tasks -- -j12 -l12
[54.465s] DEBUG:colcon.colcon_core.event_handler.log_command:Invoked command in '/home/robert/Projects/ros_ws/src/general/build/iceberg_cv_cpp' returned '0': AMENT_PREFIX_PATH=/home/robert/Projects/ros_ws/src/general/install/yolov8_msgs:${AMENT_PREFIX_PATH} CMAKE_PREFIX_PATH=/home/robert/Projects/ros_ws/src/general/install/yolov8_msgs:/opt/ros/humble LD_LIBRARY_PATH=/home/robert/Projects/ros_ws/src/general/install/yolov8_msgs/lib:${LD_LIBRARY_PATH} PYTHONPATH=/home/robert/Projects/ros_ws/src/general/install/yolov8_msgs/local/lib/python3.10/dist-packages:${PYTHONPATH} /usr/bin/cmake --build /home/robert/Projects/ros_ws/src/general/build/iceberg_cv_cpp -- -j12 -l12
[54.472s] DEBUG:colcon.colcon_core.event_handler.log_command:Invoking command in '/home/robert/Projects/ros_ws/src/general/build/iceberg_cv_cpp': AMENT_PREFIX_PATH=/home/robert/Projects/ros_ws/src/general/install/yolov8_msgs:${AMENT_PREFIX_PATH} CMAKE_PREFIX_PATH=/home/robert/Projects/ros_ws/src/general/install/yolov8_msgs:/opt/ros/humble LD_LIBRARY_PATH=/home/robert/Projects/ros_ws/src/general/install/yolov8_msgs/lib:${LD_LIBRARY_PATH} PYTHONPATH=/home/robert/Projects/ros_ws/src/general/install/yolov8_msgs/local/lib/python3.10/dist-packages:${PYTHONPATH} /usr/bin/cmake --install /home/robert/Projects/ros_ws/src/general/build/iceberg_cv_cpp
[54.502s] Level 1:colcon.colcon_core.environment:create_environment_scripts_only(iceberg_cv_cpp)
[54.503s] Level 1:colcon.colcon_core.environment:checking '/home/robert/Projects/ros_ws/src/general/install/iceberg_cv_cpp' for CMake module files
[54.505s] DEBUG:colcon.colcon_core.event_handler.log_command:Invoked command in '/home/robert/Projects/ros_ws/src/general/build/iceberg_cv_cpp' returned '0': AMENT_PREFIX_PATH=/home/robert/Projects/ros_ws/src/general/install/yolov8_msgs:${AMENT_PREFIX_PATH} CMAKE_PREFIX_PATH=/home/robert/Projects/ros_ws/src/general/install/yolov8_msgs:/opt/ros/humble LD_LIBRARY_PATH=/home/robert/Projects/ros_ws/src/general/install/yolov8_msgs/lib:${LD_LIBRARY_PATH} PYTHONPATH=/home/robert/Projects/ros_ws/src/general/install/yolov8_msgs/local/lib/python3.10/dist-packages:${PYTHONPATH} /usr/bin/cmake --install /home/robert/Projects/ros_ws/src/general/build/iceberg_cv_cpp
[54.506s] Level 1:colcon.colcon_core.environment:checking '/home/robert/Projects/ros_ws/src/general/install/iceberg_cv_cpp' for CMake config files
[54.507s] Level 1:colcon.colcon_core.shell:create_environment_hook('iceberg_cv_cpp', 'cmake_prefix_path')
[54.508s] INFO:colcon.colcon_core.shell:Creating environment hook '/home/robert/Projects/ros_ws/src/general/install/iceberg_cv_cpp/share/iceberg_cv_cpp/hook/cmake_prefix_path.ps1'
[54.509s] INFO:colcon.colcon_core.shell:Creating environment descriptor '/home/robert/Projects/ros_ws/src/general/install/iceberg_cv_cpp/share/iceberg_cv_cpp/hook/cmake_prefix_path.dsv'
[54.510s] INFO:colcon.colcon_core.shell:Creating environment hook '/home/robert/Projects/ros_ws/src/general/install/iceberg_cv_cpp/share/iceberg_cv_cpp/hook/cmake_prefix_path.sh'
[54.511s] Level 1:colcon.colcon_core.environment:checking '/home/robert/Projects/ros_ws/src/general/install/iceberg_cv_cpp/lib'
[54.512s] Level 1:colcon.colcon_core.environment:checking '/home/robert/Projects/ros_ws/src/general/install/iceberg_cv_cpp/bin'
[54.512s] Level 1:colcon.colcon_core.environment:checking '/home/robert/Projects/ros_ws/src/general/install/iceberg_cv_cpp/lib/pkgconfig/iceberg_cv_cpp.pc'
[54.512s] Level 1:colcon.colcon_core.environment:checking '/home/robert/Projects/ros_ws/src/general/install/iceberg_cv_cpp/lib/python3.10/site-packages'
[54.513s] Level 1:colcon.colcon_core.environment:checking '/home/robert/Projects/ros_ws/src/general/install/iceberg_cv_cpp/bin'
[54.514s] INFO:colcon.colcon_core.shell:Creating package script '/home/robert/Projects/ros_ws/src/general/install/iceberg_cv_cpp/share/iceberg_cv_cpp/package.ps1'
[54.515s] INFO:colcon.colcon_core.shell:Creating package descriptor '/home/robert/Projects/ros_ws/src/general/install/iceberg_cv_cpp/share/iceberg_cv_cpp/package.dsv'
[54.516s] INFO:colcon.colcon_core.shell:Creating package script '/home/robert/Projects/ros_ws/src/general/install/iceberg_cv_cpp/share/iceberg_cv_cpp/package.sh'
[54.517s] INFO:colcon.colcon_core.shell:Creating package script '/home/robert/Projects/ros_ws/src/general/install/iceberg_cv_cpp/share/iceberg_cv_cpp/package.bash'
[54.518s] INFO:colcon.colcon_core.shell:Creating package script '/home/robert/Projects/ros_ws/src/general/install/iceberg_cv_cpp/share/iceberg_cv_cpp/package.zsh'
[54.519s] Level 1:colcon.colcon_core.environment:create_file_with_runtime_dependencies(/home/robert/Projects/ros_ws/src/general/install/iceberg_cv_cpp/share/colcon-core/packages/iceberg_cv_cpp)
[54.520s] Level 1:colcon.colcon_core.environment:create_environment_scripts_only(iceberg_cv_cpp)
[54.520s] Level 1:colcon.colcon_core.environment:checking '/home/robert/Projects/ros_ws/src/general/install/iceberg_cv_cpp' for CMake module files
[54.521s] Level 1:colcon.colcon_core.environment:checking '/home/robert/Projects/ros_ws/src/general/install/iceberg_cv_cpp' for CMake config files
[54.522s] Level 1:colcon.colcon_core.shell:create_environment_hook('iceberg_cv_cpp', 'cmake_prefix_path')
[54.522s] INFO:colcon.colcon_core.shell:Creating environment hook '/home/robert/Projects/ros_ws/src/general/install/iceberg_cv_cpp/share/iceberg_cv_cpp/hook/cmake_prefix_path.ps1'
[54.523s] INFO:colcon.colcon_core.shell:Creating environment descriptor '/home/robert/Projects/ros_ws/src/general/install/iceberg_cv_cpp/share/iceberg_cv_cpp/hook/cmake_prefix_path.dsv'
[54.524s] INFO:colcon.colcon_core.shell:Creating environment hook '/home/robert/Projects/ros_ws/src/general/install/iceberg_cv_cpp/share/iceberg_cv_cpp/hook/cmake_prefix_path.sh'
[54.525s] Level 1:colcon.colcon_core.environment:checking '/home/robert/Projects/ros_ws/src/general/install/iceberg_cv_cpp/lib'
[54.525s] Level 1:colcon.colcon_core.environment:checking '/home/robert/Projects/ros_ws/src/general/install/iceberg_cv_cpp/bin'
[54.525s] Level 1:colcon.colcon_core.environment:checking '/home/robert/Projects/ros_ws/src/general/install/iceberg_cv_cpp/lib/pkgconfig/iceberg_cv_cpp.pc'
[54.526s] Level 1:colcon.colcon_core.environment:checking '/home/robert/Projects/ros_ws/src/general/install/iceberg_cv_cpp/lib/python3.10/site-packages'
[54.527s] Level 1:colcon.colcon_core.environment:checking '/home/robert/Projects/ros_ws/src/general/install/iceberg_cv_cpp/bin'
[54.527s] INFO:colcon.colcon_core.shell:Creating package script '/home/robert/Projects/ros_ws/src/general/install/iceberg_cv_cpp/share/iceberg_cv_cpp/package.ps1'
[54.528s] INFO:colcon.colcon_core.shell:Creating package descriptor '/home/robert/Projects/ros_ws/src/general/install/iceberg_cv_cpp/share/iceberg_cv_cpp/package.dsv'
[54.529s] INFO:colcon.colcon_core.shell:Creating package script '/home/robert/Projects/ros_ws/src/general/install/iceberg_cv_cpp/share/iceberg_cv_cpp/package.sh'
[54.530s] INFO:colcon.colcon_core.shell:Creating package script '/home/robert/Projects/ros_ws/src/general/install/iceberg_cv_cpp/share/iceberg_cv_cpp/package.bash'
[54.531s] INFO:colcon.colcon_core.shell:Creating package script '/home/robert/Projects/ros_ws/src/general/install/iceberg_cv_cpp/share/iceberg_cv_cpp/package.zsh'
[54.533s] Level 1:colcon.colcon_core.environment:create_file_with_runtime_dependencies(/home/robert/Projects/ros_ws/src/general/install/iceberg_cv_cpp/share/colcon-core/packages/iceberg_cv_cpp)
[89.594s] DEBUG:colcon.colcon_core.event_handler.log_command:Invoked command in '/home/robert/Projects/ros_ws/src/general/build/comp_tasks' returned '0': AMENT_PREFIX_PATH=/home/robert/Projects/ros_ws/src/general/install/comp_tasks_interfaces:/home/robert/Projects/ros_ws/src/general/install/yolov8_msgs:${AMENT_PREFIX_PATH} CMAKE_PREFIX_PATH=/home/robert/Projects/ros_ws/src/general/install/comp_tasks_interfaces:/home/robert/Projects/ros_ws/src/general/install/yolov8_msgs:/opt/ros/humble LD_LIBRARY_PATH=/home/robert/Projects/ros_ws/src/general/install/comp_tasks_interfaces/lib:/home/robert/Projects/ros_ws/src/general/install/yolov8_msgs/lib:${LD_LIBRARY_PATH} PYTHONPATH=/home/robert/Projects/ros_ws/src/general/install/comp_tasks_interfaces/local/lib/python3.10/dist-packages:/home/robert/Projects/ros_ws/src/general/install/yolov8_msgs/local/lib/python3.10/dist-packages:${PYTHONPATH} /usr/bin/cmake --build /home/robert/Projects/ros_ws/src/general/build/comp_tasks -- -j12 -l12
[89.597s] DEBUG:colcon.colcon_core.event_handler.log_command:Invoking command in '/home/robert/Projects/ros_ws/src/general/build/comp_tasks': AMENT_PREFIX_PATH=/home/robert/Projects/ros_ws/src/general/install/comp_tasks_interfaces:/home/robert/Projects/ros_ws/src/general/install/yolov8_msgs:${AMENT_PREFIX_PATH} CMAKE_PREFIX_PATH=/home/robert/Projects/ros_ws/src/general/install/comp_tasks_interfaces:/home/robert/Projects/ros_ws/src/general/install/yolov8_msgs:/opt/ros/humble LD_LIBRARY_PATH=/home/robert/Projects/ros_ws/src/general/install/comp_tasks_interfaces/lib:/home/robert/Projects/ros_ws/src/general/install/yolov8_msgs/lib:${LD_LIBRARY_PATH} PYTHONPATH=/home/robert/Projects/ros_ws/src/general/install/comp_tasks_interfaces/local/lib/python3.10/dist-packages:/home/robert/Projects/ros_ws/src/general/install/yolov8_msgs/local/lib/python3.10/dist-packages:${PYTHONPATH} /usr/bin/cmake --install /home/robert/Projects/ros_ws/src/general/build/comp_tasks
[89.841s] Level 1:colcon.colcon_core.environment:create_environment_scripts_only(comp_tasks)
[89.844s] Level 1:colcon.colcon_core.environment:checking '/home/robert/Projects/ros_ws/src/general/install/comp_tasks' for CMake module files
[89.845s] DEBUG:colcon.colcon_core.event_handler.log_command:Invoked command in '/home/robert/Projects/ros_ws/src/general/build/comp_tasks' returned '0': AMENT_PREFIX_PATH=/home/robert/Projects/ros_ws/src/general/install/comp_tasks_interfaces:/home/robert/Projects/ros_ws/src/general/install/yolov8_msgs:${AMENT_PREFIX_PATH} CMAKE_PREFIX_PATH=/home/robert/Projects/ros_ws/src/general/install/comp_tasks_interfaces:/home/robert/Projects/ros_ws/src/general/install/yolov8_msgs:/opt/ros/humble LD_LIBRARY_PATH=/home/robert/Projects/ros_ws/src/general/install/comp_tasks_interfaces/lib:/home/robert/Projects/ros_ws/src/general/install/yolov8_msgs/lib:${LD_LIBRARY_PATH} PYTHONPATH=/home/robert/Projects/ros_ws/src/general/install/comp_tasks_interfaces/local/lib/python3.10/dist-packages:/home/robert/Projects/ros_ws/src/general/install/yolov8_msgs/local/lib/python3.10/dist-packages:${PYTHONPATH} /usr/bin/cmake --install /home/robert/Projects/ros_ws/src/general/build/comp_tasks
[89.849s] Level 1:colcon.colcon_core.environment:checking '/home/robert/Projects/ros_ws/src/general/install/comp_tasks' for CMake config files
[89.851s] Level 1:colcon.colcon_core.shell:create_environment_hook('comp_tasks', 'cmake_prefix_path')
[89.853s] INFO:colcon.colcon_core.shell:Creating environment hook '/home/robert/Projects/ros_ws/src/general/install/comp_tasks/share/comp_tasks/hook/cmake_prefix_path.ps1'
[89.856s] INFO:colcon.colcon_core.shell:Creating environment descriptor '/home/robert/Projects/ros_ws/src/general/install/comp_tasks/share/comp_tasks/hook/cmake_prefix_path.dsv'
[89.858s] INFO:colcon.colcon_core.shell:Creating environment hook '/home/robert/Projects/ros_ws/src/general/install/comp_tasks/share/comp_tasks/hook/cmake_prefix_path.sh'
[89.861s] Level 1:colcon.colcon_core.environment:checking '/home/robert/Projects/ros_ws/src/general/install/comp_tasks/lib'
[89.862s] Level 1:colcon.colcon_core.shell:create_environment_hook('comp_tasks', 'ld_library_path_lib')
[89.864s] INFO:colcon.colcon_core.shell:Creating environment hook '/home/robert/Projects/ros_ws/src/general/install/comp_tasks/share/comp_tasks/hook/ld_library_path_lib.ps1'
[89.866s] INFO:colcon.colcon_core.shell:Creating environment descriptor '/home/robert/Projects/ros_ws/src/general/install/comp_tasks/share/comp_tasks/hook/ld_library_path_lib.dsv'
[89.868s] INFO:colcon.colcon_core.shell:Creating environment hook '/home/robert/Projects/ros_ws/src/general/install/comp_tasks/share/comp_tasks/hook/ld_library_path_lib.sh'
[89.871s] Level 1:colcon.colcon_core.environment:checking '/home/robert/Projects/ros_ws/src/general/install/comp_tasks/bin'
[89.871s] Level 1:colcon.colcon_core.environment:checking '/home/robert/Projects/ros_ws/src/general/install/comp_tasks/lib/pkgconfig/comp_tasks.pc'
[89.873s] Level 1:colcon.colcon_core.environment:checking '/home/robert/Projects/ros_ws/src/general/install/comp_tasks/lib/python3.10/site-packages'
[89.875s] Level 1:colcon.colcon_core.environment:checking '/home/robert/Projects/ros_ws/src/general/install/comp_tasks/bin'
[89.878s] INFO:colcon.colcon_core.shell:Creating package script '/home/robert/Projects/ros_ws/src/general/install/comp_tasks/share/comp_tasks/package.ps1'
[89.882s] INFO:colcon.colcon_core.shell:Creating package descriptor '/home/robert/Projects/ros_ws/src/general/install/comp_tasks/share/comp_tasks/package.dsv'
[89.884s] INFO:colcon.colcon_core.shell:Creating package script '/home/robert/Projects/ros_ws/src/general/install/comp_tasks/share/comp_tasks/package.sh'
[89.886s] INFO:colcon.colcon_core.shell:Creating package script '/home/robert/Projects/ros_ws/src/general/install/comp_tasks/share/comp_tasks/package.bash'
[89.887s] INFO:colcon.colcon_core.shell:Creating package script '/home/robert/Projects/ros_ws/src/general/install/comp_tasks/share/comp_tasks/package.zsh'
[89.889s] Level 1:colcon.colcon_core.environment:create_file_with_runtime_dependencies(/home/robert/Projects/ros_ws/src/general/install/comp_tasks/share/colcon-core/packages/comp_tasks)
[89.892s] Level 1:colcon.colcon_core.environment:create_environment_scripts_only(comp_tasks)
[89.893s] Level 1:colcon.colcon_core.environment:checking '/home/robert/Projects/ros_ws/src/general/install/comp_tasks' for CMake module files
[89.894s] Level 1:colcon.colcon_core.environment:checking '/home/robert/Projects/ros_ws/src/general/install/comp_tasks' for CMake config files
[89.896s] Level 1:colcon.colcon_core.shell:create_environment_hook('comp_tasks', 'cmake_prefix_path')
[89.897s] INFO:colcon.colcon_core.shell:Creating environment hook '/home/robert/Projects/ros_ws/src/general/install/comp_tasks/share/comp_tasks/hook/cmake_prefix_path.ps1'
[89.899s] INFO:colcon.colcon_core.shell:Creating environment descriptor '/home/robert/Projects/ros_ws/src/general/install/comp_tasks/share/comp_tasks/hook/cmake_prefix_path.dsv'
[89.900s] INFO:colcon.colcon_core.shell:Creating environment hook '/home/robert/Projects/ros_ws/src/general/install/comp_tasks/share/comp_tasks/hook/cmake_prefix_path.sh'
[89.903s] Level 1:colcon.colcon_core.environment:checking '/home/robert/Projects/ros_ws/src/general/install/comp_tasks/lib'
[89.903s] Level 1:colcon.colcon_core.shell:create_environment_hook('comp_tasks', 'ld_library_path_lib')
[89.904s] INFO:colcon.colcon_core.shell:Creating environment hook '/home/robert/Projects/ros_ws/src/general/install/comp_tasks/share/comp_tasks/hook/ld_library_path_lib.ps1'
[89.906s] INFO:colcon.colcon_core.shell:Creating environment descriptor '/home/robert/Projects/ros_ws/src/general/install/comp_tasks/share/comp_tasks/hook/ld_library_path_lib.dsv'
[89.907s] INFO:colcon.colcon_core.shell:Creating environment hook '/home/robert/Projects/ros_ws/src/general/install/comp_tasks/share/comp_tasks/hook/ld_library_path_lib.sh'
[89.909s] Level 1:colcon.colcon_core.environment:checking '/home/robert/Projects/ros_ws/src/general/install/comp_tasks/bin'
[89.910s] Level 1:colcon.colcon_core.environment:checking '/home/robert/Projects/ros_ws/src/general/install/comp_tasks/lib/pkgconfig/comp_tasks.pc'
[89.911s] Level 1:colcon.colcon_core.environment:checking '/home/robert/Projects/ros_ws/src/general/install/comp_tasks/lib/python3.10/site-packages'
[89.912s] Level 1:colcon.colcon_core.environment:checking '/home/robert/Projects/ros_ws/src/general/install/comp_tasks/bin'
[89.914s] INFO:colcon.colcon_core.shell:Creating package script '/home/robert/Projects/ros_ws/src/general/install/comp_tasks/share/comp_tasks/package.ps1'
[89.916s] INFO:colcon.colcon_core.shell:Creating package descriptor '/home/robert/Projects/ros_ws/src/general/install/comp_tasks/share/comp_tasks/package.dsv'
[89.918s] INFO:colcon.colcon_core.shell:Creating package script '/home/robert/Projects/ros_ws/src/general/install/comp_tasks/share/comp_tasks/package.sh'
[89.920s] INFO:colcon.colcon_core.shell:Creating package script '/home/robert/Projects/ros_ws/src/general/install/comp_tasks/share/comp_tasks/package.bash'
[89.922s] INFO:colcon.colcon_core.shell:Creating package script '/home/robert/Projects/ros_ws/src/general/install/comp_tasks/share/comp_tasks/package.zsh'
[89.924s] Level 1:colcon.colcon_core.environment:create_file_with_runtime_dependencies(/home/robert/Projects/ros_ws/src/general/install/comp_tasks/share/colcon-core/packages/comp_tasks)
[89.925s] DEBUG:colcon.colcon_parallel_executor.executor.parallel:closing loop
[89.927s] DEBUG:colcon.colcon_parallel_executor.executor.parallel:loop closed
[89.927s] DEBUG:colcon.colcon_parallel_executor.executor.parallel:run_until_complete finished with '0'
[89.927s] DEBUG:colcon.colcon_core.event_reactor:joining thread
[89.951s] INFO:colcon.colcon_core.plugin_system:Skipping extension 'colcon_notification.desktop_notification.terminal_notifier': Not used on non-Darwin systems
[89.952s] INFO:colcon.colcon_core.plugin_system:Skipping extension 'colcon_notification.desktop_notification.win32': Not used on non-Windows systems
[89.952s] INFO:colcon.colcon_notification.desktop_notification:Sending desktop notification using 'notify2'
[89.983s] DEBUG:colcon.colcon_core.event_reactor:joined thread
[89.985s] INFO:colcon.colcon_core.shell:Creating prefix script '/home/robert/Projects/ros_ws/src/general/install/local_setup.ps1'
[89.991s] INFO:colcon.colcon_core.shell:Creating prefix util module '/home/robert/Projects/ros_ws/src/general/install/_local_setup_util_ps1.py'
[90.001s] INFO:colcon.colcon_core.shell:Creating prefix chain script '/home/robert/Projects/ros_ws/src/general/install/setup.ps1'
[90.005s] INFO:colcon.colcon_core.shell:Creating prefix script '/home/robert/Projects/ros_ws/src/general/install/local_setup.sh'
[90.007s] INFO:colcon.colcon_core.shell:Creating prefix util module '/home/robert/Projects/ros_ws/src/general/install/_local_setup_util_sh.py'
[90.009s] INFO:colcon.colcon_core.shell:Creating prefix chain script '/home/robert/Projects/ros_ws/src/general/install/setup.sh'
[90.013s] INFO:colcon.colcon_core.shell:Creating prefix script '/home/robert/Projects/ros_ws/src/general/install/local_setup.bash'
[90.016s] INFO:colcon.colcon_core.shell:Creating prefix chain script '/home/robert/Projects/ros_ws/src/general/install/setup.bash'
[90.022s] INFO:colcon.colcon_core.shell:Creating prefix script '/home/robert/Projects/ros_ws/src/general/install/local_setup.zsh'
[90.025s] INFO:colcon.colcon_core.shell:Creating prefix chain script '/home/robert/Projects/ros_ws/src/general/install/setup.zsh'
