[0.008s] Invoking command in '/home/robert/Projects/ros_ws/src/general/build/yolov8_bringup': AMENT_PREFIX_PATH=/home/robert/Projects/ros_ws/src/general/install/yolov8_ros:/home/robert/Projects/ros_ws/src/general/install/yolov8_msgs:${AMENT_PREFIX_PATH} CMAKE_PREFIX_PATH=/home/robert/Projects/ros_ws/src/general/install/yolov8_msgs:/opt/ros/humble LD_LIBRARY_PATH=/home/robert/Projects/ros_ws/src/general/install/yolov8_msgs/lib:${LD_LIBRARY_PATH} PYTHONPATH=/home/robert/Projects/ros_ws/src/general/install/yolov8_ros/lib/python3.10/site-packages:/home/robert/Projects/ros_ws/src/general/install/yolov8_msgs/local/lib/python3.10/dist-packages:${PYTHONPATH} /usr/bin/cmake /home/robert/Projects/ros_ws/src/general/yolov8_ros/yolov8_bringup -DCMAKE_INSTALL_PREFIX=/home/robert/Projects/ros_ws/src/general/install/yolov8_bringup
[0.058s] -- The C compiler identification is GNU 11.4.0
[0.112s] -- The CXX compiler identification is GNU 11.4.0
[0.120s] -- Detecting C compiler ABI info
[0.186s] -- Detecting C compiler ABI info - done
[0.196s] -- Check for working C compiler: /usr/bin/cc - skipped
[0.196s] -- Detecting C compile features
[0.196s] -- Detecting C compile features - done
[0.199s] -- Detecting CXX compiler ABI info
[0.276s] -- Detecting CXX compiler ABI info - done
[0.288s] -- Check for working CXX compiler: /usr/bin/c++ - skipped
[0.288s] -- Detecting CXX compile features
[0.289s] -- Detecting CXX compile features - done
[0.291s] -- Found ament_cmake: 1.3.11 (/opt/ros/humble/share/ament_cmake/cmake)
[0.439s] -- Found Python3: /usr/bin/python3 (found version "3.10.12") found components: Interpreter 
[0.584s] -- Configuring done
[0.587s] -- Generating done
[0.589s] -- Build files have been written to: /home/robert/Projects/ros_ws/src/general/build/yolov8_bringup
[0.593s] Invoked command in '/home/robert/Projects/ros_ws/src/general/build/yolov8_bringup' returned '0': AMENT_PREFIX_PATH=/home/robert/Projects/ros_ws/src/general/install/yolov8_ros:/home/robert/Projects/ros_ws/src/general/install/yolov8_msgs:${AMENT_PREFIX_PATH} CMAKE_PREFIX_PATH=/home/robert/Projects/ros_ws/src/general/install/yolov8_msgs:/opt/ros/humble LD_LIBRARY_PATH=/home/robert/Projects/ros_ws/src/general/install/yolov8_msgs/lib:${LD_LIBRARY_PATH} PYTHONPATH=/home/robert/Projects/ros_ws/src/general/install/yolov8_ros/lib/python3.10/site-packages:/home/robert/Projects/ros_ws/src/general/install/yolov8_msgs/local/lib/python3.10/dist-packages:${PYTHONPATH} /usr/bin/cmake /home/robert/Projects/ros_ws/src/general/yolov8_ros/yolov8_bringup -DCMAKE_INSTALL_PREFIX=/home/robert/Projects/ros_ws/src/general/install/yolov8_bringup
[0.594s] Invoking command in '/home/robert/Projects/ros_ws/src/general/build/yolov8_bringup': AMENT_PREFIX_PATH=/home/robert/Projects/ros_ws/src/general/install/yolov8_ros:/home/robert/Projects/ros_ws/src/general/install/yolov8_msgs:${AMENT_PREFIX_PATH} CMAKE_PREFIX_PATH=/home/robert/Projects/ros_ws/src/general/install/yolov8_msgs:/opt/ros/humble LD_LIBRARY_PATH=/home/robert/Projects/ros_ws/src/general/install/yolov8_msgs/lib:${LD_LIBRARY_PATH} PYTHONPATH=/home/robert/Projects/ros_ws/src/general/install/yolov8_ros/lib/python3.10/site-packages:/home/robert/Projects/ros_ws/src/general/install/yolov8_msgs/local/lib/python3.10/dist-packages:${PYTHONPATH} /usr/bin/cmake --build /home/robert/Projects/ros_ws/src/general/build/yolov8_bringup -- -j12 -l12
[0.630s] Invoked command in '/home/robert/Projects/ros_ws/src/general/build/yolov8_bringup' returned '0': AMENT_PREFIX_PATH=/home/robert/Projects/ros_ws/src/general/install/yolov8_ros:/home/robert/Projects/ros_ws/src/general/install/yolov8_msgs:${AMENT_PREFIX_PATH} CMAKE_PREFIX_PATH=/home/robert/Projects/ros_ws/src/general/install/yolov8_msgs:/opt/ros/humble LD_LIBRARY_PATH=/home/robert/Projects/ros_ws/src/general/install/yolov8_msgs/lib:${LD_LIBRARY_PATH} PYTHONPATH=/home/robert/Projects/ros_ws/src/general/install/yolov8_ros/lib/python3.10/site-packages:/home/robert/Projects/ros_ws/src/general/install/yolov8_msgs/local/lib/python3.10/dist-packages:${PYTHONPATH} /usr/bin/cmake --build /home/robert/Projects/ros_ws/src/general/build/yolov8_bringup -- -j12 -l12
[0.630s] Invoking command in '/home/robert/Projects/ros_ws/src/general/build/yolov8_bringup': AMENT_PREFIX_PATH=/home/robert/Projects/ros_ws/src/general/install/yolov8_ros:/home/robert/Projects/ros_ws/src/general/install/yolov8_msgs:${AMENT_PREFIX_PATH} CMAKE_PREFIX_PATH=/home/robert/Projects/ros_ws/src/general/install/yolov8_msgs:/opt/ros/humble LD_LIBRARY_PATH=/home/robert/Projects/ros_ws/src/general/install/yolov8_msgs/lib:${LD_LIBRARY_PATH} PYTHONPATH=/home/robert/Projects/ros_ws/src/general/install/yolov8_ros/lib/python3.10/site-packages:/home/robert/Projects/ros_ws/src/general/install/yolov8_msgs/local/lib/python3.10/dist-packages:${PYTHONPATH} /usr/bin/cmake --install /home/robert/Projects/ros_ws/src/general/build/yolov8_bringup
[0.638s] -- Install configuration: ""
[0.638s] -- Installing: /home/robert/Projects/ros_ws/src/general/install/yolov8_bringup/share/yolov8_bringup//launch
[0.638s] -- Installing: /home/robert/Projects/ros_ws/src/general/install/yolov8_bringup/share/yolov8_bringup//launch/yolov8.launch.py
[0.639s] -- Installing: /home/robert/Projects/ros_ws/src/general/install/yolov8_bringup/share/yolov8_bringup//launch/yolov10.launch.py
[0.639s] -- Installing: /home/robert/Projects/ros_ws/src/general/install/yolov8_bringup/share/yolov8_bringup//launch/yolov8_3d.launch.py
[0.639s] -- Installing: /home/robert/Projects/ros_ws/src/general/install/yolov8_bringup/share/yolov8_bringup//launch/yolov9.launch.py
[0.639s] -- Installing: /home/robert/Projects/ros_ws/src/general/install/yolov8_bringup/share/ament_index/resource_index/package_run_dependencies/yolov8_bringup
[0.639s] -- Installing: /home/robert/Projects/ros_ws/src/general/install/yolov8_bringup/share/ament_index/resource_index/parent_prefix_path/yolov8_bringup
[0.639s] -- Installing: /home/robert/Projects/ros_ws/src/general/install/yolov8_bringup/share/yolov8_bringup/environment/ament_prefix_path.sh
[0.639s] -- Installing: /home/robert/Projects/ros_ws/src/general/install/yolov8_bringup/share/yolov8_bringup/environment/ament_prefix_path.dsv
[0.639s] -- Installing: /home/robert/Projects/ros_ws/src/general/install/yolov8_bringup/share/yolov8_bringup/environment/path.sh
[0.640s] -- Installing: /home/robert/Projects/ros_ws/src/general/install/yolov8_bringup/share/yolov8_bringup/environment/path.dsv
[0.640s] -- Installing: /home/robert/Projects/ros_ws/src/general/install/yolov8_bringup/share/yolov8_bringup/local_setup.bash
[0.640s] -- Installing: /home/robert/Projects/ros_ws/src/general/install/yolov8_bringup/share/yolov8_bringup/local_setup.sh
[0.640s] -- Installing: /home/robert/Projects/ros_ws/src/general/install/yolov8_bringup/share/yolov8_bringup/local_setup.zsh
[0.640s] -- Installing: /home/robert/Projects/ros_ws/src/general/install/yolov8_bringup/share/yolov8_bringup/local_setup.dsv
[0.640s] -- Installing: /home/robert/Projects/ros_ws/src/general/install/yolov8_bringup/share/yolov8_bringup/package.dsv
[0.640s] -- Installing: /home/robert/Projects/ros_ws/src/general/install/yolov8_bringup/share/ament_index/resource_index/packages/yolov8_bringup
[0.640s] -- Installing: /home/robert/Projects/ros_ws/src/general/install/yolov8_bringup/share/yolov8_bringup/cmake/yolov8_bringupConfig.cmake
[0.641s] -- Installing: /home/robert/Projects/ros_ws/src/general/install/yolov8_bringup/share/yolov8_bringup/cmake/yolov8_bringupConfig-version.cmake
[0.641s] -- Installing: /home/robert/Projects/ros_ws/src/general/install/yolov8_bringup/share/yolov8_bringup/package.xml
[0.643s] Invoked command in '/home/robert/Projects/ros_ws/src/general/build/yolov8_bringup' returned '0': AMENT_PREFIX_PATH=/home/robert/Projects/ros_ws/src/general/install/yolov8_ros:/home/robert/Projects/ros_ws/src/general/install/yolov8_msgs:${AMENT_PREFIX_PATH} CMAKE_PREFIX_PATH=/home/robert/Projects/ros_ws/src/general/install/yolov8_msgs:/opt/ros/humble LD_LIBRARY_PATH=/home/robert/Projects/ros_ws/src/general/install/yolov8_msgs/lib:${LD_LIBRARY_PATH} PYTHONPATH=/home/robert/Projects/ros_ws/src/general/install/yolov8_ros/lib/python3.10/site-packages:/home/robert/Projects/ros_ws/src/general/install/yolov8_msgs/local/lib/python3.10/dist-packages:${PYTHONPATH} /usr/bin/cmake --install /home/robert/Projects/ros_ws/src/general/build/yolov8_bringup
