-- The C compiler identification is GNU 11.4.0
-- The CXX compiler identification is GNU 11.4.0
-- Detecting C compiler ABI info
-- Detecting C compiler ABI info - done
-- Check for working C compiler: /usr/bin/cc - skipped
-- Detecting C compile features
-- Detecting C compile features - done
-- Detecting CXX compiler ABI info
-- Detecting CXX compiler ABI info - done
-- Check for working CXX compiler: /usr/bin/c++ - skipped
-- Detecting CXX compile features
-- Detecting CXX compile features - done
-- Found ament_cmake: 1.3.11 (/opt/ros/humble/share/ament_cmake/cmake)
-- Found Python3: /usr/bin/python3 (found version "3.10.12") found components: Interpreter 
-- Found rclcpp: 16.0.11 (/opt/ros/humble/share/rclcpp/cmake)
-- Found rosidl_generator_c: 3.1.6 (/opt/ros/humble/share/rosidl_generator_c/cmake)
-- Found rosidl_adapter: 3.1.6 (/opt/ros/humble/share/rosidl_adapter/cmake)
-- Found rosidl_generator_cpp: 3.1.6 (/opt/ros/humble/share/rosidl_generator_cpp/cmake)
-- Using all available rosidl_typesupport_c: rosidl_typesupport_fastrtps_c;rosidl_typesupport_introspection_c
-- Using all available rosidl_typesupport_cpp: rosidl_typesupport_fastrtps_cpp;rosidl_typesupport_introspection_cpp
-- Found rmw_implementation_cmake: 6.1.2 (/opt/ros/humble/share/rmw_implementation_cmake/cmake)
-- Found rmw_fastrtps_cpp: 6.2.7 (/opt/ros/humble/share/rmw_fastrtps_cpp/cmake)
-- Found OpenSSL: /usr/lib/x86_64-linux-gnu/libcrypto.so (found version "3.0.2")  
-- Found FastRTPS: /opt/ros/humble/include  
-- Using RMW implementation 'rmw_fastrtps_cpp' as default
-- Looking for pthread.h
-- Looking for pthread.h - found
-- Performing Test CMAKE_HAVE_LIBC_PTHREAD
-- Performing Test CMAKE_HAVE_LIBC_PTHREAD - Success
-- Found Threads: TRUE  
-- Found rclcpp_components: 16.0.11 (/opt/ros/humble/share/rclcpp_components/cmake)
-- Found composition: 0.20.5 (/opt/ros/humble/share/composition/cmake)
-- Found sensor_msgs: 4.2.4 (/opt/ros/humble/share/sensor_msgs/cmake)
-- Found mavros_msgs: 2.9.0 (/opt/ros/humble/share/mavros_msgs/cmake)
-- Found comp_tasks_interfaces: 0.0.0 (/home/robert/Projects/ros_ws/src/general/install/comp_tasks_interfaces/share/comp_tasks_interfaces/cmake)
-- Found tf2: 0.25.11 (/opt/ros/humble/share/tf2/cmake)
-- Found tf2_geometry_msgs: 0.25.11 (/opt/ros/humble/share/tf2_geometry_msgs/cmake)
-- Found eigen3_cmake_module: 0.1.1 (/opt/ros/humble/share/eigen3_cmake_module/cmake)
-- Found Eigen3: TRUE (found version "3.4.0") 
-- Ensuring Eigen3 include directory is part of orocos-kdl CMake target
-- Found visualization_msgs: 4.2.4 (/opt/ros/humble/share/visualization_msgs/cmake)
-- Found rclcpp_lifecycle: 16.0.11 (/opt/ros/humble/share/rclcpp_lifecycle/cmake)
-- Found GeographicLib: /usr/lib/x86_64-linux-gnu  
-- GeographicLib found!
-- GeographicLib include path: /usr/include
-- GeographicLib library path: /usr/lib/x86_64-linux-gnu/libGeographic.so
-- Found ament_lint_auto: 0.12.11 (/opt/ros/humble/share/ament_lint_auto/cmake)
-- Added test 'cppcheck' to perform static code analysis on C / C++ code
-- Configured cppcheck include dirs: /home/robert/Projects/ros_ws/src/general/comp_tasks/include
-- Configured cppcheck exclude dirs and/or files: 
-- Added test 'flake8' to check Python code syntax and style conventions
-- Added test 'lint_cmake' to check CMake code style
-- Added test 'pep257' to check Python code against some of the docstring style conventions in PEP 257
-- Added test 'uncrustify' to check C / C++ code style
-- Configured uncrustify additional arguments: 
-- Added test 'xmllint' to check XML markup files
-- Configuring done
-- Generating done
-- Build files have been written to: /home/robert/Projects/ros_ws/src/general/build/comp_tasks
[  3%] [32mBuilding CXX object CMakeFiles/task_controller_component.dir/src/task_controller_component.cpp.o[0m
[  7%] [32mBuilding CXX object CMakeFiles/maneuvering_component.dir/src/maneuvering_component.cpp.o[0m
[ 10%] [32mBuilding CXX object CMakeFiles/libtask_lib.dir/lib/task_lib.cpp.o[0m
[ 17%] [32mBuilding CXX object CMakeFiles/libbbox_calculations.dir/lib/bbox_calculations.cpp.o[0m
[ 17%] [32mBuilding CXX object CMakeFiles/global_to_local.dir/src/global_to_local.cpp.o[0m
[ 21%] [32mBuilding CXX object CMakeFiles/task_component.dir/src/task_component.cpp.o[0m
[ 25%] [32mBuilding CXX object CMakeFiles/mavros_repub_component.dir/src/mavros_repub_component.cpp.o[0m
[ 28%] [32mBuilding CXX object CMakeFiles/liblidar_calculations.dir/lib/lidar_calculations.cpp.o[0m
[ 32%] [32mBuilding CXX object CMakeFiles/speed_component.dir/src/speed_component.cpp.o[0m
[ 35%] [32mBuilding CXX object CMakeFiles/local_to_global.dir/src/local_to_global.cpp.o[0m
[ 39%] [32m[1mLinking CXX static library liblibbbox_calculations.a[0m
[ 39%] Built target libbbox_calculations
[ 42%] [32m[1mLinking CXX static library libliblidar_calculations.a[0m
[ 42%] Built target liblidar_calculations
[ 46%] [32m[1mLinking CXX static library liblibtask_lib.a[0m
[ 46%] Built target libtask_lib
[ 50%] [32m[1mLinking CXX shared library libmaneuvering_component.so[0m
[ 50%] Built target maneuvering_component
[ 53%] [32m[1mLinking CXX shared library libspeed_component.so[0m
[ 53%] Built target speed_component
[ 57%] [32m[1mLinking CXX shared library libtask_controller_component.so[0m
[ 60%] [32m[1mLinking CXX shared library libmavros_repub_component.so[0m
[ 60%] Built target task_controller_component
[ 64%] [32mBuilding CXX object CMakeFiles/task_controller_composition.dir/src/task_controller_composition.cpp.o[0m
[ 64%] Built target mavros_repub_component
[ 67%] [32mBuilding CXX object CMakeFiles/mavros_repub_composition.dir/src/mavros_repub_composition.cpp.o[0m
[ 71%] [32m[1mLinking CXX executable global_to_local[0m
[ 71%] Built target global_to_local
[ 75%] [32m[1mLinking CXX executable local_to_global[0m
[ 75%] Built target local_to_global
[ 78%] [32m[1mLinking CXX executable task_controller_composition[0m
[ 78%] Built target task_controller_composition
[ 82%] [32m[1mLinking CXX executable mavros_repub_composition[0m
[ 82%] Built target mavros_repub_composition
[ 85%] [32m[1mLinking CXX shared library libtask_component.so[0m
[ 85%] Built target task_component
[ 92%] [32mBuilding CXX object CMakeFiles/speed_composition.dir/src/speed_composition.cpp.o[0m
[ 92%] [32mBuilding CXX object CMakeFiles/maneuvering_composition.dir/src/maneuvering_composition.cpp.o[0m
[ 96%] [32m[1mLinking CXX executable speed_composition[0m
[100%] [32m[1mLinking CXX executable maneuvering_composition[0m
[100%] Built target speed_composition
[100%] Built target maneuvering_composition
-- Install configuration: ""
-- Installing: /home/robert/Projects/ros_ws/src/general/install/comp_tasks/share/comp_tasks/launch
-- Installing: /home/robert/Projects/ros_ws/src/general/install/comp_tasks/share/comp_tasks/launch/yolo.launch.py
-- Installing: /home/robert/Projects/ros_ws/src/general/install/comp_tasks/share/comp_tasks/launch/record_rosbags.launch.py
-- Installing: /home/robert/Projects/ros_ws/src/general/install/comp_tasks/share/comp_tasks/launch/master.launch.py
-- Installing: /home/robert/Projects/ros_ws/src/general/install/comp_tasks/share/comp_tasks/launch/comp_tasks.launch.py
-- Installing: /home/robert/Projects/ros_ws/src/general/install/comp_tasks/share/comp_tasks/config
-- Installing: /home/robert/Projects/ros_ws/src/general/install/comp_tasks/share/comp_tasks/config/gps_points.yaml.bak
-- Installing: /home/robert/Projects/ros_ws/src/general/install/comp_tasks/share/comp_tasks/config/params.yaml
-- Installing: /home/robert/Projects/ros_ws/src/general/install/comp_tasks/share/comp_tasks/config/sim_params.yaml
-- Installing: /home/robert/Projects/ros_ws/src/general/install/comp_tasks/share/comp_tasks/config/gps_points.yaml
-- Installing: /home/robert/Projects/ros_ws/src/general/install/comp_tasks/share/ament_index/resource_index/package_run_dependencies/comp_tasks
-- Installing: /home/robert/Projects/ros_ws/src/general/install/comp_tasks/share/ament_index/resource_index/parent_prefix_path/comp_tasks
-- Installing: /home/robert/Projects/ros_ws/src/general/install/comp_tasks/share/comp_tasks/environment/ament_prefix_path.sh
-- Installing: /home/robert/Projects/ros_ws/src/general/install/comp_tasks/share/comp_tasks/environment/ament_prefix_path.dsv
-- Installing: /home/robert/Projects/ros_ws/src/general/install/comp_tasks/share/comp_tasks/environment/path.sh
-- Installing: /home/robert/Projects/ros_ws/src/general/install/comp_tasks/share/comp_tasks/environment/path.dsv
-- Installing: /home/robert/Projects/ros_ws/src/general/install/comp_tasks/share/comp_tasks/local_setup.bash
-- Installing: /home/robert/Projects/ros_ws/src/general/install/comp_tasks/share/comp_tasks/local_setup.sh
-- Installing: /home/robert/Projects/ros_ws/src/general/install/comp_tasks/share/comp_tasks/local_setup.zsh
-- Installing: /home/robert/Projects/ros_ws/src/general/install/comp_tasks/share/comp_tasks/local_setup.dsv
-- Installing: /home/robert/Projects/ros_ws/src/general/install/comp_tasks/share/comp_tasks/package.dsv
-- Installing: /home/robert/Projects/ros_ws/src/general/install/comp_tasks/share/ament_index/resource_index/packages/comp_tasks
-- Installing: /home/robert/Projects/ros_ws/src/general/install/comp_tasks/share/comp_tasks/cmake/comp_tasksConfig.cmake
-- Installing: /home/robert/Projects/ros_ws/src/general/install/comp_tasks/share/comp_tasks/cmake/comp_tasksConfig-version.cmake
-- Installing: /home/robert/Projects/ros_ws/src/general/install/comp_tasks/share/comp_tasks/package.xml
-- Installing: /home/robert/Projects/ros_ws/src/general/install/comp_tasks/lib/libmaneuvering_component.so
-- Set runtime path of "/home/robert/Projects/ros_ws/src/general/install/comp_tasks/lib/libmaneuvering_component.so" to ""
-- Installing: /home/robert/Projects/ros_ws/src/general/install/comp_tasks/lib/comp_tasks/maneuvering_composition
-- Set runtime path of "/home/robert/Projects/ros_ws/src/general/install/comp_tasks/lib/comp_tasks/maneuvering_composition" to ""
-- Installing: /home/robert/Projects/ros_ws/src/general/install/comp_tasks/lib/libspeed_component.so
-- Set runtime path of "/home/robert/Projects/ros_ws/src/general/install/comp_tasks/lib/libspeed_component.so" to ""
-- Installing: /home/robert/Projects/ros_ws/src/general/install/comp_tasks/lib/comp_tasks/speed_composition
-- Set runtime path of "/home/robert/Projects/ros_ws/src/general/install/comp_tasks/lib/comp_tasks/speed_composition" to ""
-- Installing: /home/robert/Projects/ros_ws/src/general/install/comp_tasks/lib/libmavros_repub_component.so
-- Set runtime path of "/home/robert/Projects/ros_ws/src/general/install/comp_tasks/lib/libmavros_repub_component.so" to ""
-- Installing: /home/robert/Projects/ros_ws/src/general/install/comp_tasks/lib/comp_tasks/mavros_repub_composition
-- Set runtime path of "/home/robert/Projects/ros_ws/src/general/install/comp_tasks/lib/comp_tasks/mavros_repub_composition" to ""
-- Installing: /home/robert/Projects/ros_ws/src/general/install/comp_tasks/lib/libtask_component.so
-- Set runtime path of "/home/robert/Projects/ros_ws/src/general/install/comp_tasks/lib/libtask_component.so" to ""
-- Installing: /home/robert/Projects/ros_ws/src/general/install/comp_tasks/lib/libtask_controller_component.so
-- Set runtime path of "/home/robert/Projects/ros_ws/src/general/install/comp_tasks/lib/libtask_controller_component.so" to ""
-- Installing: /home/robert/Projects/ros_ws/src/general/install/comp_tasks/lib/comp_tasks/task_controller_composition
-- Set runtime path of "/home/robert/Projects/ros_ws/src/general/install/comp_tasks/lib/comp_tasks/task_controller_composition" to ""
-- Installing: /home/robert/Projects/ros_ws/src/general/install/comp_tasks/lib/comp_tasks/global_to_local
-- Set runtime path of "/home/robert/Projects/ros_ws/src/general/install/comp_tasks/lib/comp_tasks/global_to_local" to ""
-- Installing: /home/robert/Projects/ros_ws/src/general/install/comp_tasks/lib/comp_tasks/local_to_global
-- Set runtime path of "/home/robert/Projects/ros_ws/src/general/install/comp_tasks/lib/comp_tasks/local_to_global" to ""
