[0.014s] Invoking command in '/home/robert/Projects/ros_ws/src/general/build/comp_tasks': AMENT_PREFIX_PATH=/home/robert/Projects/ros_ws/src/general/install/comp_tasks_interfaces:/home/robert/Projects/ros_ws/src/general/install/yolov8_msgs:${AMENT_PREFIX_PATH} CMAKE_PREFIX_PATH=/home/robert/Projects/ros_ws/src/general/install/comp_tasks_interfaces:/home/robert/Projects/ros_ws/src/general/install/yolov8_msgs:/opt/ros/humble LD_LIBRARY_PATH=/home/robert/Projects/ros_ws/src/general/install/comp_tasks_interfaces/lib:/home/robert/Projects/ros_ws/src/general/install/yolov8_msgs/lib:${LD_LIBRARY_PATH} PYTHONPATH=/home/robert/Projects/ros_ws/src/general/install/comp_tasks_interfaces/local/lib/python3.10/dist-packages:/home/robert/Projects/ros_ws/src/general/install/yolov8_msgs/local/lib/python3.10/dist-packages:${PYTHONPATH} /usr/bin/cmake /home/robert/Projects/ros_ws/src/general/comp_tasks -DCMAKE_INSTALL_PREFIX=/home/robert/Projects/ros_ws/src/general/install/comp_tasks
[0.075s] -- The C compiler identification is GNU 11.4.0
[0.131s] -- The CXX compiler identification is GNU 11.4.0
[0.142s] -- Detecting C compiler ABI info
[0.236s] -- Detecting C compiler ABI info - done
[0.246s] -- Check for working C compiler: /usr/bin/cc - skipped
[0.246s] -- Detecting C compile features
[0.247s] -- Detecting C compile features - done
[0.251s] -- Detecting CXX compiler ABI info
[0.348s] -- Detecting CXX compiler ABI info - done
[0.359s] -- Check for working CXX compiler: /usr/bin/c++ - skipped
[0.359s] -- Detecting CXX compile features
[0.360s] -- Detecting CXX compile features - done
[0.362s] -- Found ament_cmake: 1.3.11 (/opt/ros/humble/share/ament_cmake/cmake)
[0.611s] -- Found Python3: /usr/bin/python3 (found version "3.10.12") found components: Interpreter 
[0.758s] -- Found rclcpp: 16.0.11 (/opt/ros/humble/share/rclcpp/cmake)
[0.841s] -- Found rosidl_generator_c: 3.1.6 (/opt/ros/humble/share/rosidl_generator_c/cmake)
[0.849s] -- Found rosidl_adapter: 3.1.6 (/opt/ros/humble/share/rosidl_adapter/cmake)
[0.862s] -- Found rosidl_generator_cpp: 3.1.6 (/opt/ros/humble/share/rosidl_generator_cpp/cmake)
[0.878s] -- Using all available rosidl_typesupport_c: rosidl_typesupport_fastrtps_c;rosidl_typesupport_introspection_c
[0.900s] -- Using all available rosidl_typesupport_cpp: rosidl_typesupport_fastrtps_cpp;rosidl_typesupport_introspection_cpp
[0.966s] -- Found rmw_implementation_cmake: 6.1.2 (/opt/ros/humble/share/rmw_implementation_cmake/cmake)
[0.970s] -- Found rmw_fastrtps_cpp: 6.2.7 (/opt/ros/humble/share/rmw_fastrtps_cpp/cmake)
[1.119s] -- Found OpenSSL: /usr/lib/x86_64-linux-gnu/libcrypto.so (found version "3.0.2")  
[1.169s] -- Found FastRTPS: /opt/ros/humble/include  
[1.246s] -- Using RMW implementation 'rmw_fastrtps_cpp' as default
[1.262s] -- Looking for pthread.h
[1.358s] -- Looking for pthread.h - found
[1.359s] -- Performing Test CMAKE_HAVE_LIBC_PTHREAD
[1.456s] -- Performing Test CMAKE_HAVE_LIBC_PTHREAD - Success
[1.459s] -- Found Threads: TRUE  
[1.546s] -- Found rclcpp_components: 16.0.11 (/opt/ros/humble/share/rclcpp_components/cmake)
[1.591s] -- Found composition: 0.20.5 (/opt/ros/humble/share/composition/cmake)
[1.594s] -- Found sensor_msgs: 4.2.4 (/opt/ros/humble/share/sensor_msgs/cmake)
[1.641s] -- Found mavros_msgs: 2.9.0 (/opt/ros/humble/share/mavros_msgs/cmake)
[1.713s] -- Found comp_tasks_interfaces: 0.0.0 (/home/robert/Projects/ros_ws/src/general/install/comp_tasks_interfaces/share/comp_tasks_interfaces/cmake)
[1.782s] -- Found tf2: 0.25.11 (/opt/ros/humble/share/tf2/cmake)
[1.793s] -- Found tf2_geometry_msgs: 0.25.11 (/opt/ros/humble/share/tf2_geometry_msgs/cmake)
[1.820s] -- Found eigen3_cmake_module: 0.1.1 (/opt/ros/humble/share/eigen3_cmake_module/cmake)
[1.829s] -- Found Eigen3: TRUE (found version "3.4.0") 
[1.829s] -- Ensuring Eigen3 include directory is part of orocos-kdl CMake target
[1.936s] -- Found visualization_msgs: 4.2.4 (/opt/ros/humble/share/visualization_msgs/cmake)
[1.971s] -- Found rclcpp_lifecycle: 16.0.11 (/opt/ros/humble/share/rclcpp_lifecycle/cmake)
[2.010s] -- Found GeographicLib: /usr/lib/x86_64-linux-gnu  
[2.010s] -- GeographicLib found!
[2.010s] -- GeographicLib include path: /usr/include
[2.010s] -- GeographicLib library path: /usr/lib/x86_64-linux-gnu/libGeographic.so
[2.011s] -- Found ament_lint_auto: 0.12.11 (/opt/ros/humble/share/ament_lint_auto/cmake)
[2.122s] -- Added test 'cppcheck' to perform static code analysis on C / C++ code
[2.122s] -- Configured cppcheck include dirs: /home/robert/Projects/ros_ws/src/general/comp_tasks/include
[2.123s] -- Configured cppcheck exclude dirs and/or files: 
[2.123s] -- Added test 'flake8' to check Python code syntax and style conventions
[2.125s] -- Added test 'lint_cmake' to check CMake code style
[2.126s] -- Added test 'pep257' to check Python code against some of the docstring style conventions in PEP 257
[2.129s] -- Added test 'uncrustify' to check C / C++ code style
[2.129s] -- Configured uncrustify additional arguments: 
[2.130s] -- Added test 'xmllint' to check XML markup files
[2.160s] -- Configuring done
[2.281s] -- Generating done
[2.324s] -- Build files have been written to: /home/robert/Projects/ros_ws/src/general/build/comp_tasks
[2.342s] Invoked command in '/home/robert/Projects/ros_ws/src/general/build/comp_tasks' returned '0': AMENT_PREFIX_PATH=/home/robert/Projects/ros_ws/src/general/install/comp_tasks_interfaces:/home/robert/Projects/ros_ws/src/general/install/yolov8_msgs:${AMENT_PREFIX_PATH} CMAKE_PREFIX_PATH=/home/robert/Projects/ros_ws/src/general/install/comp_tasks_interfaces:/home/robert/Projects/ros_ws/src/general/install/yolov8_msgs:/opt/ros/humble LD_LIBRARY_PATH=/home/robert/Projects/ros_ws/src/general/install/comp_tasks_interfaces/lib:/home/robert/Projects/ros_ws/src/general/install/yolov8_msgs/lib:${LD_LIBRARY_PATH} PYTHONPATH=/home/robert/Projects/ros_ws/src/general/install/comp_tasks_interfaces/local/lib/python3.10/dist-packages:/home/robert/Projects/ros_ws/src/general/install/yolov8_msgs/local/lib/python3.10/dist-packages:${PYTHONPATH} /usr/bin/cmake /home/robert/Projects/ros_ws/src/general/comp_tasks -DCMAKE_INSTALL_PREFIX=/home/robert/Projects/ros_ws/src/general/install/comp_tasks
[2.344s] Invoking command in '/home/robert/Projects/ros_ws/src/general/build/comp_tasks': AMENT_PREFIX_PATH=/home/robert/Projects/ros_ws/src/general/install/comp_tasks_interfaces:/home/robert/Projects/ros_ws/src/general/install/yolov8_msgs:${AMENT_PREFIX_PATH} CMAKE_PREFIX_PATH=/home/robert/Projects/ros_ws/src/general/install/comp_tasks_interfaces:/home/robert/Projects/ros_ws/src/general/install/yolov8_msgs:/opt/ros/humble LD_LIBRARY_PATH=/home/robert/Projects/ros_ws/src/general/install/comp_tasks_interfaces/lib:/home/robert/Projects/ros_ws/src/general/install/yolov8_msgs/lib:${LD_LIBRARY_PATH} PYTHONPATH=/home/robert/Projects/ros_ws/src/general/install/comp_tasks_interfaces/local/lib/python3.10/dist-packages:/home/robert/Projects/ros_ws/src/general/install/yolov8_msgs/local/lib/python3.10/dist-packages:${PYTHONPATH} /usr/bin/cmake --build /home/robert/Projects/ros_ws/src/general/build/comp_tasks -- -j12 -l12
[2.432s] [  3%] [32mBuilding CXX object CMakeFiles/task_controller_component.dir/src/task_controller_component.cpp.o[0m
[2.436s] [  7%] [32mBuilding CXX object CMakeFiles/maneuvering_component.dir/src/maneuvering_component.cpp.o[0m
[2.436s] [ 10%] [32mBuilding CXX object CMakeFiles/libtask_lib.dir/lib/task_lib.cpp.o[0m
[2.437s] [ 17%] [32mBuilding CXX object CMakeFiles/libbbox_calculations.dir/lib/bbox_calculations.cpp.o[0m
[2.437s] [ 17%] [32mBuilding CXX object CMakeFiles/global_to_local.dir/src/global_to_local.cpp.o[0m
[2.437s] [ 21%] [32mBuilding CXX object CMakeFiles/task_component.dir/src/task_component.cpp.o[0m
[2.438s] [ 25%] [32mBuilding CXX object CMakeFiles/mavros_repub_component.dir/src/mavros_repub_component.cpp.o[0m
[2.438s] [ 28%] [32mBuilding CXX object CMakeFiles/liblidar_calculations.dir/lib/lidar_calculations.cpp.o[0m
[2.441s] [ 32%] [32mBuilding CXX object CMakeFiles/speed_component.dir/src/speed_component.cpp.o[0m
[2.448s] [ 35%] [32mBuilding CXX object CMakeFiles/local_to_global.dir/src/local_to_global.cpp.o[0m
[6.335s] [ 39%] [32m[1mLinking CXX static library liblibbbox_calculations.a[0m
[6.701s] [ 39%] Built target libbbox_calculations
[7.503s] [ 42%] [32m[1mLinking CXX static library libliblidar_calculations.a[0m
[7.659s] [ 42%] Built target liblidar_calculations
[12.302s] [ 46%] [32m[1mLinking CXX static library liblibtask_lib.a[0m
[12.449s] [ 46%] Built target libtask_lib
[15.175s] [ 50%] [32m[1mLinking CXX shared library libmaneuvering_component.so[0m
[15.586s] [ 50%] Built target maneuvering_component
[17.056s] [ 53%] [32m[1mLinking CXX shared library libspeed_component.so[0m
[17.411s] [ 53%] Built target speed_component
[23.341s] [ 57%] [32m[1mLinking CXX shared library libtask_controller_component.so[0m
[24.209s] [ 60%] [32m[1mLinking CXX shared library libmavros_repub_component.so[0m
[24.544s] [ 60%] Built target task_controller_component
[24.600s] [ 64%] [32mBuilding CXX object CMakeFiles/task_controller_composition.dir/src/task_controller_composition.cpp.o[0m
[25.523s] [ 64%] Built target mavros_repub_component
[25.570s] [ 67%] [32mBuilding CXX object CMakeFiles/mavros_repub_composition.dir/src/mavros_repub_composition.cpp.o[0m
[27.519s] [ 71%] [32m[1mLinking CXX executable global_to_local[0m
[28.693s] [ 71%] Built target global_to_local
[28.698s] [ 75%] [32m[1mLinking CXX executable local_to_global[0m
[29.856s] [ 75%] Built target local_to_global
[30.282s] [ 78%] [32m[1mLinking CXX executable task_controller_composition[0m
[30.648s] [ 78%] Built target task_controller_composition
[31.938s] [ 82%] [32m[1mLinking CXX executable mavros_repub_composition[0m
[32.353s] [ 82%] Built target mavros_repub_composition
[42.018s] [ 85%] [32m[1mLinking CXX shared library libtask_component.so[0m
[44.313s] [ 85%] Built target task_component
[44.335s] [ 92%] [32mBuilding CXX object CMakeFiles/speed_composition.dir/src/speed_composition.cpp.o[0m
[44.335s] [ 92%] [32mBuilding CXX object CMakeFiles/maneuvering_composition.dir/src/maneuvering_composition.cpp.o[0m
[48.576s] [ 96%] [32m[1mLinking CXX executable speed_composition[0m
[48.611s] [100%] [32m[1mLinking CXX executable maneuvering_composition[0m
[50.121s] [100%] Built target speed_composition
[50.219s] [100%] Built target maneuvering_composition
[50.237s] Invoked command in '/home/robert/Projects/ros_ws/src/general/build/comp_tasks' returned '0': AMENT_PREFIX_PATH=/home/robert/Projects/ros_ws/src/general/install/comp_tasks_interfaces:/home/robert/Projects/ros_ws/src/general/install/yolov8_msgs:${AMENT_PREFIX_PATH} CMAKE_PREFIX_PATH=/home/robert/Projects/ros_ws/src/general/install/comp_tasks_interfaces:/home/robert/Projects/ros_ws/src/general/install/yolov8_msgs:/opt/ros/humble LD_LIBRARY_PATH=/home/robert/Projects/ros_ws/src/general/install/comp_tasks_interfaces/lib:/home/robert/Projects/ros_ws/src/general/install/yolov8_msgs/lib:${LD_LIBRARY_PATH} PYTHONPATH=/home/robert/Projects/ros_ws/src/general/install/comp_tasks_interfaces/local/lib/python3.10/dist-packages:/home/robert/Projects/ros_ws/src/general/install/yolov8_msgs/local/lib/python3.10/dist-packages:${PYTHONPATH} /usr/bin/cmake --build /home/robert/Projects/ros_ws/src/general/build/comp_tasks -- -j12 -l12
[50.239s] Invoking command in '/home/robert/Projects/ros_ws/src/general/build/comp_tasks': AMENT_PREFIX_PATH=/home/robert/Projects/ros_ws/src/general/install/comp_tasks_interfaces:/home/robert/Projects/ros_ws/src/general/install/yolov8_msgs:${AMENT_PREFIX_PATH} CMAKE_PREFIX_PATH=/home/robert/Projects/ros_ws/src/general/install/comp_tasks_interfaces:/home/robert/Projects/ros_ws/src/general/install/yolov8_msgs:/opt/ros/humble LD_LIBRARY_PATH=/home/robert/Projects/ros_ws/src/general/install/comp_tasks_interfaces/lib:/home/robert/Projects/ros_ws/src/general/install/yolov8_msgs/lib:${LD_LIBRARY_PATH} PYTHONPATH=/home/robert/Projects/ros_ws/src/general/install/comp_tasks_interfaces/local/lib/python3.10/dist-packages:/home/robert/Projects/ros_ws/src/general/install/yolov8_msgs/local/lib/python3.10/dist-packages:${PYTHONPATH} /usr/bin/cmake --install /home/robert/Projects/ros_ws/src/general/build/comp_tasks
[50.252s] -- Install configuration: ""
[50.252s] -- Installing: /home/robert/Projects/ros_ws/src/general/install/comp_tasks/share/comp_tasks/launch
[50.252s] -- Installing: /home/robert/Projects/ros_ws/src/general/install/comp_tasks/share/comp_tasks/launch/yolo.launch.py
[50.252s] -- Installing: /home/robert/Projects/ros_ws/src/general/install/comp_tasks/share/comp_tasks/launch/record_rosbags.launch.py
[50.252s] -- Installing: /home/robert/Projects/ros_ws/src/general/install/comp_tasks/share/comp_tasks/launch/master.launch.py
[50.252s] -- Installing: /home/robert/Projects/ros_ws/src/general/install/comp_tasks/share/comp_tasks/launch/comp_tasks.launch.py
[50.253s] -- Installing: /home/robert/Projects/ros_ws/src/general/install/comp_tasks/share/comp_tasks/config
[50.253s] -- Installing: /home/robert/Projects/ros_ws/src/general/install/comp_tasks/share/comp_tasks/config/gps_points.yaml.bak
[50.253s] -- Installing: /home/robert/Projects/ros_ws/src/general/install/comp_tasks/share/comp_tasks/config/params.yaml
[50.253s] -- Installing: /home/robert/Projects/ros_ws/src/general/install/comp_tasks/share/comp_tasks/config/sim_params.yaml
[50.253s] -- Installing: /home/robert/Projects/ros_ws/src/general/install/comp_tasks/share/comp_tasks/config/gps_points.yaml
[50.254s] -- Installing: /home/robert/Projects/ros_ws/src/general/install/comp_tasks/share/ament_index/resource_index/package_run_dependencies/comp_tasks
[50.254s] -- Installing: /home/robert/Projects/ros_ws/src/general/install/comp_tasks/share/ament_index/resource_index/parent_prefix_path/comp_tasks
[50.255s] -- Installing: /home/robert/Projects/ros_ws/src/general/install/comp_tasks/share/comp_tasks/environment/ament_prefix_path.sh
[50.255s] -- Installing: /home/robert/Projects/ros_ws/src/general/install/comp_tasks/share/comp_tasks/environment/ament_prefix_path.dsv
[50.255s] -- Installing: /home/robert/Projects/ros_ws/src/general/install/comp_tasks/share/comp_tasks/environment/path.sh
[50.256s] -- Installing: /home/robert/Projects/ros_ws/src/general/install/comp_tasks/share/comp_tasks/environment/path.dsv
[50.256s] -- Installing: /home/robert/Projects/ros_ws/src/general/install/comp_tasks/share/comp_tasks/local_setup.bash
[50.256s] -- Installing: /home/robert/Projects/ros_ws/src/general/install/comp_tasks/share/comp_tasks/local_setup.sh
[50.256s] -- Installing: /home/robert/Projects/ros_ws/src/general/install/comp_tasks/share/comp_tasks/local_setup.zsh
[50.257s] -- Installing: /home/robert/Projects/ros_ws/src/general/install/comp_tasks/share/comp_tasks/local_setup.dsv
[50.257s] -- Installing: /home/robert/Projects/ros_ws/src/general/install/comp_tasks/share/comp_tasks/package.dsv
[50.257s] -- Installing: /home/robert/Projects/ros_ws/src/general/install/comp_tasks/share/ament_index/resource_index/packages/comp_tasks
[50.258s] -- Installing: /home/robert/Projects/ros_ws/src/general/install/comp_tasks/share/comp_tasks/cmake/comp_tasksConfig.cmake
[50.258s] -- Installing: /home/robert/Projects/ros_ws/src/general/install/comp_tasks/share/comp_tasks/cmake/comp_tasksConfig-version.cmake
[50.259s] -- Installing: /home/robert/Projects/ros_ws/src/general/install/comp_tasks/share/comp_tasks/package.xml
[50.259s] -- Installing: /home/robert/Projects/ros_ws/src/general/install/comp_tasks/lib/libmaneuvering_component.so
[50.261s] -- Set runtime path of "/home/robert/Projects/ros_ws/src/general/install/comp_tasks/lib/libmaneuvering_component.so" to ""
[50.261s] -- Installing: /home/robert/Projects/ros_ws/src/general/install/comp_tasks/lib/comp_tasks/maneuvering_composition
[50.263s] -- Set runtime path of "/home/robert/Projects/ros_ws/src/general/install/comp_tasks/lib/comp_tasks/maneuvering_composition" to ""
[50.264s] -- Installing: /home/robert/Projects/ros_ws/src/general/install/comp_tasks/lib/libspeed_component.so
[50.266s] -- Set runtime path of "/home/robert/Projects/ros_ws/src/general/install/comp_tasks/lib/libspeed_component.so" to ""
[50.266s] -- Installing: /home/robert/Projects/ros_ws/src/general/install/comp_tasks/lib/comp_tasks/speed_composition
[50.268s] -- Set runtime path of "/home/robert/Projects/ros_ws/src/general/install/comp_tasks/lib/comp_tasks/speed_composition" to ""
[50.269s] -- Installing: /home/robert/Projects/ros_ws/src/general/install/comp_tasks/lib/libmavros_repub_component.so
[50.289s] -- Set runtime path of "/home/robert/Projects/ros_ws/src/general/install/comp_tasks/lib/libmavros_repub_component.so" to ""
[50.289s] -- Installing: /home/robert/Projects/ros_ws/src/general/install/comp_tasks/lib/comp_tasks/mavros_repub_composition
[50.292s] -- Set runtime path of "/home/robert/Projects/ros_ws/src/general/install/comp_tasks/lib/comp_tasks/mavros_repub_composition" to ""
[50.293s] -- Installing: /home/robert/Projects/ros_ws/src/general/install/comp_tasks/lib/libtask_component.so
[50.395s] -- Set runtime path of "/home/robert/Projects/ros_ws/src/general/install/comp_tasks/lib/libtask_component.so" to ""
[50.396s] -- Installing: /home/robert/Projects/ros_ws/src/general/install/comp_tasks/lib/libtask_controller_component.so
[50.431s] -- Set runtime path of "/home/robert/Projects/ros_ws/src/general/install/comp_tasks/lib/libtask_controller_component.so" to ""
[50.432s] -- Installing: /home/robert/Projects/ros_ws/src/general/install/comp_tasks/lib/comp_tasks/task_controller_composition
[50.434s] -- Set runtime path of "/home/robert/Projects/ros_ws/src/general/install/comp_tasks/lib/comp_tasks/task_controller_composition" to ""
[50.435s] -- Installing: /home/robert/Projects/ros_ws/src/general/install/comp_tasks/lib/comp_tasks/global_to_local
[50.459s] -- Set runtime path of "/home/robert/Projects/ros_ws/src/general/install/comp_tasks/lib/comp_tasks/global_to_local" to ""
[50.459s] -- Installing: /home/robert/Projects/ros_ws/src/general/install/comp_tasks/lib/comp_tasks/local_to_global
[50.478s] -- Set runtime path of "/home/robert/Projects/ros_ws/src/general/install/comp_tasks/lib/comp_tasks/local_to_global" to ""
[50.487s] Invoked command in '/home/robert/Projects/ros_ws/src/general/build/comp_tasks' returned '0': AMENT_PREFIX_PATH=/home/robert/Projects/ros_ws/src/general/install/comp_tasks_interfaces:/home/robert/Projects/ros_ws/src/general/install/yolov8_msgs:${AMENT_PREFIX_PATH} CMAKE_PREFIX_PATH=/home/robert/Projects/ros_ws/src/general/install/comp_tasks_interfaces:/home/robert/Projects/ros_ws/src/general/install/yolov8_msgs:/opt/ros/humble LD_LIBRARY_PATH=/home/robert/Projects/ros_ws/src/general/install/comp_tasks_interfaces/lib:/home/robert/Projects/ros_ws/src/general/install/yolov8_msgs/lib:${LD_LIBRARY_PATH} PYTHONPATH=/home/robert/Projects/ros_ws/src/general/install/comp_tasks_interfaces/local/lib/python3.10/dist-packages:/home/robert/Projects/ros_ws/src/general/install/yolov8_msgs/local/lib/python3.10/dist-packages:${PYTHONPATH} /usr/bin/cmake --install /home/robert/Projects/ros_ws/src/general/build/comp_tasks
