[0.006s] Invoking command in '/home/parallels/ros2_ws/src/general/build/laser_segmentation': CMAKE_PREFIX_PATH=/home/parallels/ros2_ws/src/general/install/slg_msgs:/home/parallels/ros2_ws/src/general/install/laser_segmentation:/home/parallels/ros2_ws/src/general/install/perception_interfaces:/home/parallels/ros2_ws/src/general/install/njord_tasks:/opt/ros/humble LD_LIBRARY_PATH=/home/parallels/ros2_ws/src/general/install/slg_msgs/lib:/home/parallels/ros2_ws/src/general/install/laser_segmentation/lib:/home/parallels/ros2_ws/src/general/install/perception_interfaces/lib:/opt/ros/humble/opt/rviz_ogre_vendor/lib:/opt/ros/humble/lib/aarch64-linux-gnu:/opt/ros/humble/lib /usr/bin/cmake --build /home/parallels/ros2_ws/src/general/build/laser_segmentation -- -j2 -l2
[0.048s] [ 29%] Built target laser_segmentation_component
[0.053s] [ 41%] Built target gtest_main
[0.063s] [ 52%] Built target gtest
[0.078s] [ 64%] Built target test_segmentations
[0.081s] [ 76%] Built target laser_segmentation
[0.102s] [ 88%] Built target test_integration
[0.106s] [100%] Built target test_laser_segmentation
[0.112s] Invoked command in '/home/parallels/ros2_ws/src/general/build/laser_segmentation' returned '0': CMAKE_PREFIX_PATH=/home/parallels/ros2_ws/src/general/install/slg_msgs:/home/parallels/ros2_ws/src/general/install/laser_segmentation:/home/parallels/ros2_ws/src/general/install/perception_interfaces:/home/parallels/ros2_ws/src/general/install/njord_tasks:/opt/ros/humble LD_LIBRARY_PATH=/home/parallels/ros2_ws/src/general/install/slg_msgs/lib:/home/parallels/ros2_ws/src/general/install/laser_segmentation/lib:/home/parallels/ros2_ws/src/general/install/perception_interfaces/lib:/opt/ros/humble/opt/rviz_ogre_vendor/lib:/opt/ros/humble/lib/aarch64-linux-gnu:/opt/ros/humble/lib /usr/bin/cmake --build /home/parallels/ros2_ws/src/general/build/laser_segmentation -- -j2 -l2
[0.133s] Invoking command in '/home/parallels/ros2_ws/src/general/build/laser_segmentation': CMAKE_PREFIX_PATH=/home/parallels/ros2_ws/src/general/install/slg_msgs:/home/parallels/ros2_ws/src/general/install/laser_segmentation:/home/parallels/ros2_ws/src/general/install/perception_interfaces:/home/parallels/ros2_ws/src/general/install/njord_tasks:/opt/ros/humble LD_LIBRARY_PATH=/home/parallels/ros2_ws/src/general/install/slg_msgs/lib:/home/parallels/ros2_ws/src/general/install/laser_segmentation/lib:/home/parallels/ros2_ws/src/general/install/perception_interfaces/lib:/opt/ros/humble/opt/rviz_ogre_vendor/lib:/opt/ros/humble/lib/aarch64-linux-gnu:/opt/ros/humble/lib /usr/bin/cmake --install /home/parallels/ros2_ws/src/general/build/laser_segmentation
[0.138s] -- Install configuration: "Release"
[0.139s] -- Up-to-date: /home/parallels/ros2_ws/src/general/install/laser_segmentation/lib/liblaser_segmentation_component.so
[0.140s] -- Up-to-date: /home/parallels/ros2_ws/src/general/install/laser_segmentation/lib/laser_segmentation/laser_segmentation
[0.140s] -- Up-to-date: /home/parallels/ros2_ws/src/general/install/laser_segmentation/include/laser_segmentation
[0.140s] -- Up-to-date: /home/parallels/ros2_ws/src/general/install/laser_segmentation/include/laser_segmentation/parameter_handler.hpp
[0.140s] -- Up-to-date: /home/parallels/ros2_ws/src/general/install/laser_segmentation/include/laser_segmentation/parula.hpp
[0.140s] -- Up-to-date: /home/parallels/ros2_ws/src/general/install/laser_segmentation/include/laser_segmentation/laser_segmentation.hpp
[0.140s] -- Up-to-date: /home/parallels/ros2_ws/src/general/install/laser_segmentation/include/laser_segmentation/segmentation
[0.140s] -- Up-to-date: /home/parallels/ros2_ws/src/general/install/laser_segmentation/include/laser_segmentation/segmentation/segmentation.hpp
[0.140s] -- Up-to-date: /home/parallels/ros2_ws/src/general/install/laser_segmentation/include/laser_segmentation/segmentation/jump_distance.hpp
[0.140s] -- Up-to-date: /home/parallels/ros2_ws/src/general/install/laser_segmentation/include/laser_segmentation/segmentation/jump_distance_merge.hpp
[0.140s] -- Up-to-date: /home/parallels/ros2_ws/src/general/install/laser_segmentation/share/laser_segmentation//launch
[0.140s] -- Up-to-date: /home/parallels/ros2_ws/src/general/install/laser_segmentation/share/laser_segmentation//launch/segmentation.launch.py
[0.140s] -- Up-to-date: /home/parallels/ros2_ws/src/general/install/laser_segmentation/share/laser_segmentation//params
[0.141s] -- Up-to-date: /home/parallels/ros2_ws/src/general/install/laser_segmentation/share/laser_segmentation//params/default_params.yml
[0.141s] -- Up-to-date: /home/parallels/ros2_ws/src/general/install/laser_segmentation/share/laser_segmentation//params/close_steps_detect.yml
[0.141s] -- Up-to-date: /home/parallels/ros2_ws/src/general/install/laser_segmentation/share/laser_segmentation/environment/library_path.sh
[0.141s] -- Up-to-date: /home/parallels/ros2_ws/src/general/install/laser_segmentation/share/laser_segmentation/environment/library_path.dsv
[0.141s] -- Up-to-date: /home/parallels/ros2_ws/src/general/install/laser_segmentation/share/ament_index/resource_index/package_run_dependencies/laser_segmentation
[0.141s] -- Up-to-date: /home/parallels/ros2_ws/src/general/install/laser_segmentation/share/ament_index/resource_index/parent_prefix_path/laser_segmentation
[0.141s] -- Up-to-date: /home/parallels/ros2_ws/src/general/install/laser_segmentation/share/laser_segmentation/environment/ament_prefix_path.sh
[0.141s] -- Up-to-date: /home/parallels/ros2_ws/src/general/install/laser_segmentation/share/laser_segmentation/environment/ament_prefix_path.dsv
[0.141s] -- Up-to-date: /home/parallels/ros2_ws/src/general/install/laser_segmentation/share/laser_segmentation/environment/path.sh
[0.141s] -- Up-to-date: /home/parallels/ros2_ws/src/general/install/laser_segmentation/share/laser_segmentation/environment/path.dsv
[0.141s] -- Up-to-date: /home/parallels/ros2_ws/src/general/install/laser_segmentation/share/laser_segmentation/local_setup.bash
[0.141s] -- Up-to-date: /home/parallels/ros2_ws/src/general/install/laser_segmentation/share/laser_segmentation/local_setup.sh
[0.141s] -- Up-to-date: /home/parallels/ros2_ws/src/general/install/laser_segmentation/share/laser_segmentation/local_setup.zsh
[0.141s] -- Up-to-date: /home/parallels/ros2_ws/src/general/install/laser_segmentation/share/laser_segmentation/local_setup.dsv
[0.141s] -- Installing: /home/parallels/ros2_ws/src/general/install/laser_segmentation/share/laser_segmentation/package.dsv
[0.141s] -- Up-to-date: /home/parallels/ros2_ws/src/general/install/laser_segmentation/share/ament_index/resource_index/packages/laser_segmentation
[0.142s] -- Up-to-date: /home/parallels/ros2_ws/src/general/install/laser_segmentation/share/ament_index/resource_index/rclcpp_components/laser_segmentation
[0.142s] -- Up-to-date: /home/parallels/ros2_ws/src/general/install/laser_segmentation/share/laser_segmentation/cmake/ament_cmake_export_include_directories-extras.cmake
[0.142s] -- Up-to-date: /home/parallels/ros2_ws/src/general/install/laser_segmentation/share/laser_segmentation/cmake/ament_cmake_export_libraries-extras.cmake
[0.142s] -- Up-to-date: /home/parallels/ros2_ws/src/general/install/laser_segmentation/share/laser_segmentation/cmake/ament_cmake_export_dependencies-extras.cmake
[0.142s] -- Up-to-date: /home/parallels/ros2_ws/src/general/install/laser_segmentation/share/laser_segmentation/cmake/laser_segmentationConfig.cmake
[0.142s] -- Up-to-date: /home/parallels/ros2_ws/src/general/install/laser_segmentation/share/laser_segmentation/cmake/laser_segmentationConfig-version.cmake
[0.142s] -- Up-to-date: /home/parallels/ros2_ws/src/general/install/laser_segmentation/share/laser_segmentation/package.xml
[0.146s] Invoked command in '/home/parallels/ros2_ws/src/general/build/laser_segmentation' returned '0': CMAKE_PREFIX_PATH=/home/parallels/ros2_ws/src/general/install/slg_msgs:/home/parallels/ros2_ws/src/general/install/laser_segmentation:/home/parallels/ros2_ws/src/general/install/perception_interfaces:/home/parallels/ros2_ws/src/general/install/njord_tasks:/opt/ros/humble LD_LIBRARY_PATH=/home/parallels/ros2_ws/src/general/install/slg_msgs/lib:/home/parallels/ros2_ws/src/general/install/laser_segmentation/lib:/home/parallels/ros2_ws/src/general/install/perception_interfaces/lib:/opt/ros/humble/opt/rviz_ogre_vendor/lib:/opt/ros/humble/lib/aarch64-linux-gnu:/opt/ros/humble/lib /usr/bin/cmake --install /home/parallels/ros2_ws/src/general/build/laser_segmentation
