-- The C compiler identification is GNU 11.4.0
-- The CXX compiler identification is GNU 11.4.0
-- Detecting C compiler ABI info
-- Detecting C compiler ABI info - done
-- Check for working C compiler: /usr/bin/cc - skipped
-- Detecting C compile features
-- Detecting C compile features - done
-- Detecting CXX compiler ABI info
-- Detecting CXX compiler ABI info - done
-- Check for working CXX compiler: /usr/bin/c++ - skipped
-- Detecting CXX compile features
-- Detecting CXX compile features - done
-- Found ament_cmake: 1.3.11 (/opt/ros/humble/share/ament_cmake/cmake)
-- Found Python3: /usr/bin/python3 (found version "3.10.12") found components: Interpreter 
-- Found rclcpp: 16.0.11 (/opt/ros/humble/share/rclcpp/cmake)
-- Found rosidl_generator_c: 3.1.6 (/opt/ros/humble/share/rosidl_generator_c/cmake)
-- Found rosidl_adapter: 3.1.6 (/opt/ros/humble/share/rosidl_adapter/cmake)
-- Found rosidl_generator_cpp: 3.1.6 (/opt/ros/humble/share/rosidl_generator_cpp/cmake)
-- Using all available rosidl_typesupport_c: rosidl_typesupport_fastrtps_c;rosidl_typesupport_introspection_c
-- Using all available rosidl_typesupport_cpp: rosidl_typesupport_fastrtps_cpp;rosidl_typesupport_introspection_cpp
-- Found rmw_implementation_cmake: 6.1.2 (/opt/ros/humble/share/rmw_implementation_cmake/cmake)
-- Found rmw_fastrtps_cpp: 6.2.7 (/opt/ros/humble/share/rmw_fastrtps_cpp/cmake)
-- Found OpenSSL: /usr/lib/x86_64-linux-gnu/libcrypto.so (found version "3.0.2")  
-- Found FastRTPS: /opt/ros/humble/include  
-- Using RMW implementation 'rmw_fastrtps_cpp' as default
-- Looking for pthread.h
-- Looking for pthread.h - found
-- Performing Test CMAKE_HAVE_LIBC_PTHREAD
-- Performing Test CMAKE_HAVE_LIBC_PTHREAD - Success
-- Found Threads: TRUE  
-- Found sensor_msgs: 4.2.4 (/opt/ros/humble/share/sensor_msgs/cmake)
-- Found cv_bridge: 3.2.1 (/opt/ros/humble/share/cv_bridge/cmake)
-- Found CUDA: /usr/local/cuda (found suitable exact version "12.6") 
-- Found yolov8_msgs: 0.0.0 (/home/robert/Projects/ros_ws/src/general/install/yolov8_msgs/share/yolov8_msgs/cmake)
-- Found OpenCV: /usr (found version "4.12.0") 
-- Found ament_lint_auto: 0.12.11 (/opt/ros/humble/share/ament_lint_auto/cmake)
-- Added test 'cppcheck' to perform static code analysis on C / C++ code
-- Configured cppcheck include dirs: $<BUILD_INTERFACE:/home/robert/Projects/ros_ws/src/general/iceberg_cv_cpp/include>
-- Configured cppcheck exclude dirs and/or files: 
-- Added test 'flake8' to check Python code syntax and style conventions
-- Added test 'lint_cmake' to check CMake code style
-- Added test 'pep257' to check Python code against some of the docstring style conventions in PEP 257
-- Added test 'uncrustify' to check C / C++ code style
-- Configured uncrustify additional arguments: 
-- Added test 'xmllint' to check XML markup files
-- Configuring done
-- Generating done
-- Build files have been written to: /home/robert/Projects/ros_ws/src/general/build/iceberg_cv_cpp
[ 50%] [32mBuilding CXX object CMakeFiles/ColorDetector.dir/src/ColorDetector.cpp.o[0m
[100%] [32m[1mLinking CXX executable ColorDetector[0m
/usr/bin/ld: warning: libopencv_imgcodecs.so.4.5d, needed by /opt/ros/humble/lib/libcv_bridge.so, may conflict with libopencv_imgcodecs.so.412
/usr/bin/ld: warning: libopencv_imgproc.so.4.5d, needed by /opt/ros/humble/lib/libcv_bridge.so, may conflict with libopencv_imgproc.so.412
/usr/bin/ld: warning: libopencv_core.so.4.5d, needed by /opt/ros/humble/lib/libcv_bridge.so, may conflict with libopencv_core.so.412
[100%] Built target ColorDetector
-- Install configuration: ""
-- Installing: /home/robert/Projects/ros_ws/src/general/install/iceberg_cv_cpp/share/iceberg_cv_cpp/launch
-- Installing: /home/robert/Projects/ros_ws/src/general/install/iceberg_cv_cpp/share/iceberg_cv_cpp/launch/launch.py
-- Installing: /home/robert/Projects/ros_ws/src/general/install/iceberg_cv_cpp/share/iceberg_cv_cpp/launch/__pycache__
-- Installing: /home/robert/Projects/ros_ws/src/general/install/iceberg_cv_cpp/share/iceberg_cv_cpp/launch/__pycache__/launch.cpython-310.pyc
-- Installing: /home/robert/Projects/ros_ws/src/general/install/iceberg_cv_cpp/share/iceberg_cv_cpp/config
-- Installing: /home/robert/Projects/ros_ws/src/general/install/iceberg_cv_cpp/share/iceberg_cv_cpp/config/sunny.yaml
-- Installing: /home/robert/Projects/ros_ws/src/general/install/iceberg_cv_cpp/share/iceberg_cv_cpp/config/overcast.yaml
-- Installing: /home/robert/Projects/ros_ws/src/general/install/iceberg_cv_cpp/share/iceberg_cv_cpp/config/sunny4.yaml
-- Installing: /home/robert/Projects/ros_ws/src/general/install/iceberg_cv_cpp/share/iceberg_cv_cpp/config/sunny2.yaml
-- Installing: /home/robert/Projects/ros_ws/src/general/install/iceberg_cv_cpp/share/iceberg_cv_cpp/config/sunny3.yaml
-- Installing: /home/robert/Projects/ros_ws/src/general/install/iceberg_cv_cpp/share/iceberg_cv_cpp/config/overcast3.yaml
-- Installing: /home/robert/Projects/ros_ws/src/general/install/iceberg_cv_cpp/share/iceberg_cv_cpp/config/overcast2.yaml
-- Installing: /home/robert/Projects/ros_ws/src/general/install/iceberg_cv_cpp/lib/iceberg_cv_cpp/ColorDetector
-- Set runtime path of "/home/robert/Projects/ros_ws/src/general/install/iceberg_cv_cpp/lib/iceberg_cv_cpp/ColorDetector" to ""
-- Installing: /home/robert/Projects/ros_ws/src/general/install/iceberg_cv_cpp/share/ament_index/resource_index/package_run_dependencies/iceberg_cv_cpp
-- Installing: /home/robert/Projects/ros_ws/src/general/install/iceberg_cv_cpp/share/ament_index/resource_index/parent_prefix_path/iceberg_cv_cpp
-- Installing: /home/robert/Projects/ros_ws/src/general/install/iceberg_cv_cpp/share/iceberg_cv_cpp/environment/ament_prefix_path.sh
-- Installing: /home/robert/Projects/ros_ws/src/general/install/iceberg_cv_cpp/share/iceberg_cv_cpp/environment/ament_prefix_path.dsv
-- Installing: /home/robert/Projects/ros_ws/src/general/install/iceberg_cv_cpp/share/iceberg_cv_cpp/environment/path.sh
-- Installing: /home/robert/Projects/ros_ws/src/general/install/iceberg_cv_cpp/share/iceberg_cv_cpp/environment/path.dsv
-- Installing: /home/robert/Projects/ros_ws/src/general/install/iceberg_cv_cpp/share/iceberg_cv_cpp/local_setup.bash
-- Installing: /home/robert/Projects/ros_ws/src/general/install/iceberg_cv_cpp/share/iceberg_cv_cpp/local_setup.sh
-- Installing: /home/robert/Projects/ros_ws/src/general/install/iceberg_cv_cpp/share/iceberg_cv_cpp/local_setup.zsh
-- Installing: /home/robert/Projects/ros_ws/src/general/install/iceberg_cv_cpp/share/iceberg_cv_cpp/local_setup.dsv
-- Installing: /home/robert/Projects/ros_ws/src/general/install/iceberg_cv_cpp/share/iceberg_cv_cpp/package.dsv
-- Installing: /home/robert/Projects/ros_ws/src/general/install/iceberg_cv_cpp/share/ament_index/resource_index/packages/iceberg_cv_cpp
-- Installing: /home/robert/Projects/ros_ws/src/general/install/iceberg_cv_cpp/share/iceberg_cv_cpp/cmake/iceberg_cv_cppConfig.cmake
-- Installing: /home/robert/Projects/ros_ws/src/general/install/iceberg_cv_cpp/share/iceberg_cv_cpp/cmake/iceberg_cv_cppConfig-version.cmake
-- Installing: /home/robert/Projects/ros_ws/src/general/install/iceberg_cv_cpp/share/iceberg_cv_cpp/package.xml
