[0.527s] Invoking command in '/home/robert/Projects/ros_ws/src/general/build/iceberg_cv_cpp': AMENT_PREFIX_PATH=/home/robert/Projects/ros_ws/src/general/install/yolov8_msgs:${AMENT_PREFIX_PATH} CMAKE_PREFIX_PATH=/home/robert/Projects/ros_ws/src/general/install/yolov8_msgs:/opt/ros/humble LD_LIBRARY_PATH=/home/robert/Projects/ros_ws/src/general/install/yolov8_msgs/lib:${LD_LIBRARY_PATH} PYTHONPATH=/home/robert/Projects/ros_ws/src/general/install/yolov8_msgs/local/lib/python3.10/dist-packages:${PYTHONPATH} /usr/bin/cmake /home/robert/Projects/ros_ws/src/general/iceberg_cv_cpp -DCMAKE_INSTALL_PREFIX=/home/robert/Projects/ros_ws/src/general/install/iceberg_cv_cpp
[0.612s] -- The C compiler identification is GNU 11.4.0
[0.709s] -- The CXX compiler identification is GNU 11.4.0
[0.721s] -- Detecting C compiler ABI info
[0.820s] -- Detecting C compiler ABI info - done
[0.832s] -- Check for working C compiler: /usr/bin/cc - skipped
[0.832s] -- Detecting C compile features
[0.832s] -- Detecting C compile features - done
[0.837s] -- Detecting CXX compiler ABI info
[0.949s] -- Detecting CXX compiler ABI info - done
[0.960s] -- Check for working CXX compiler: /usr/bin/c++ - skipped
[0.961s] -- Detecting CXX compile features
[0.961s] -- Detecting CXX compile features - done
[0.964s] -- Found ament_cmake: 1.3.11 (/opt/ros/humble/share/ament_cmake/cmake)
[1.213s] -- Found Python3: /usr/bin/python3 (found version "3.10.12") found components: Interpreter 
[1.396s] -- Found rclcpp: 16.0.11 (/opt/ros/humble/share/rclcpp/cmake)
[1.465s] -- Found rosidl_generator_c: 3.1.6 (/opt/ros/humble/share/rosidl_generator_c/cmake)
[1.473s] -- Found rosidl_adapter: 3.1.6 (/opt/ros/humble/share/rosidl_adapter/cmake)
[1.485s] -- Found rosidl_generator_cpp: 3.1.6 (/opt/ros/humble/share/rosidl_generator_cpp/cmake)
[1.501s] -- Using all available rosidl_typesupport_c: rosidl_typesupport_fastrtps_c;rosidl_typesupport_introspection_c
[1.523s] -- Using all available rosidl_typesupport_cpp: rosidl_typesupport_fastrtps_cpp;rosidl_typesupport_introspection_cpp
[1.611s] -- Found rmw_implementation_cmake: 6.1.2 (/opt/ros/humble/share/rmw_implementation_cmake/cmake)
[1.616s] -- Found rmw_fastrtps_cpp: 6.2.7 (/opt/ros/humble/share/rmw_fastrtps_cpp/cmake)
[1.773s] -- Found OpenSSL: /usr/lib/x86_64-linux-gnu/libcrypto.so (found version "3.0.2")  
[1.843s] -- Found FastRTPS: /opt/ros/humble/include  
[1.926s] -- Using RMW implementation 'rmw_fastrtps_cpp' as default
[1.946s] -- Looking for pthread.h
[2.074s] -- Looking for pthread.h - found
[2.075s] -- Performing Test CMAKE_HAVE_LIBC_PTHREAD
[2.193s] -- Performing Test CMAKE_HAVE_LIBC_PTHREAD - Success
[2.196s] -- Found Threads: TRUE  
[2.336s] -- Found sensor_msgs: 4.2.4 (/opt/ros/humble/share/sensor_msgs/cmake)
[2.463s] -- Found cv_bridge: 3.2.1 (/opt/ros/humble/share/cv_bridge/cmake)
[2.548s] -- Found CUDA: /usr/local/cuda (found suitable exact version "12.6") 
[2.585s] -- Found yolov8_msgs: 0.0.0 (/home/robert/Projects/ros_ws/src/general/install/yolov8_msgs/share/yolov8_msgs/cmake)
[2.632s] -- Found OpenCV: /usr (found version "4.12.0") 
[2.644s] -- Found ament_lint_auto: 0.12.11 (/opt/ros/humble/share/ament_lint_auto/cmake)
[2.795s] -- Added test 'cppcheck' to perform static code analysis on C / C++ code
[2.795s] -- Configured cppcheck include dirs: $<BUILD_INTERFACE:/home/robert/Projects/ros_ws/src/general/iceberg_cv_cpp/include>
[2.795s] -- Configured cppcheck exclude dirs and/or files: 
[2.797s] -- Added test 'flake8' to check Python code syntax and style conventions
[2.799s] -- Added test 'lint_cmake' to check CMake code style
[2.800s] -- Added test 'pep257' to check Python code against some of the docstring style conventions in PEP 257
[2.803s] -- Added test 'uncrustify' to check C / C++ code style
[2.803s] -- Configured uncrustify additional arguments: 
[2.804s] -- Added test 'xmllint' to check XML markup files
[2.807s] -- Configuring done
[2.846s] -- Generating done
[2.857s] -- Build files have been written to: /home/robert/Projects/ros_ws/src/general/build/iceberg_cv_cpp
[2.881s] Invoked command in '/home/robert/Projects/ros_ws/src/general/build/iceberg_cv_cpp' returned '0': AMENT_PREFIX_PATH=/home/robert/Projects/ros_ws/src/general/install/yolov8_msgs:${AMENT_PREFIX_PATH} CMAKE_PREFIX_PATH=/home/robert/Projects/ros_ws/src/general/install/yolov8_msgs:/opt/ros/humble LD_LIBRARY_PATH=/home/robert/Projects/ros_ws/src/general/install/yolov8_msgs/lib:${LD_LIBRARY_PATH} PYTHONPATH=/home/robert/Projects/ros_ws/src/general/install/yolov8_msgs/local/lib/python3.10/dist-packages:${PYTHONPATH} /usr/bin/cmake /home/robert/Projects/ros_ws/src/general/iceberg_cv_cpp -DCMAKE_INSTALL_PREFIX=/home/robert/Projects/ros_ws/src/general/install/iceberg_cv_cpp
[2.884s] Invoking command in '/home/robert/Projects/ros_ws/src/general/build/iceberg_cv_cpp': AMENT_PREFIX_PATH=/home/robert/Projects/ros_ws/src/general/install/yolov8_msgs:${AMENT_PREFIX_PATH} CMAKE_PREFIX_PATH=/home/robert/Projects/ros_ws/src/general/install/yolov8_msgs:/opt/ros/humble LD_LIBRARY_PATH=/home/robert/Projects/ros_ws/src/general/install/yolov8_msgs/lib:${LD_LIBRARY_PATH} PYTHONPATH=/home/robert/Projects/ros_ws/src/general/install/yolov8_msgs/local/lib/python3.10/dist-packages:${PYTHONPATH} /usr/bin/cmake --build /home/robert/Projects/ros_ws/src/general/build/iceberg_cv_cpp -- -j12 -l12
[2.967s] [ 50%] [32mBuilding CXX object CMakeFiles/ColorDetector.dir/src/ColorDetector.cpp.o[0m
[29.041s] [100%] [32m[1mLinking CXX executable ColorDetector[0m
[30.157s] /usr/bin/ld: warning: libopencv_imgcodecs.so.4.5d, needed by /opt/ros/humble/lib/libcv_bridge.so, may conflict with libopencv_imgcodecs.so.412
[30.160s] /usr/bin/ld: warning: libopencv_imgproc.so.4.5d, needed by /opt/ros/humble/lib/libcv_bridge.so, may conflict with libopencv_imgproc.so.412
[30.163s] /usr/bin/ld: warning: libopencv_core.so.4.5d, needed by /opt/ros/humble/lib/libcv_bridge.so, may conflict with libopencv_core.so.412
[31.474s] [100%] Built target ColorDetector
[31.496s] Invoked command in '/home/robert/Projects/ros_ws/src/general/build/iceberg_cv_cpp' returned '0': AMENT_PREFIX_PATH=/home/robert/Projects/ros_ws/src/general/install/yolov8_msgs:${AMENT_PREFIX_PATH} CMAKE_PREFIX_PATH=/home/robert/Projects/ros_ws/src/general/install/yolov8_msgs:/opt/ros/humble LD_LIBRARY_PATH=/home/robert/Projects/ros_ws/src/general/install/yolov8_msgs/lib:${LD_LIBRARY_PATH} PYTHONPATH=/home/robert/Projects/ros_ws/src/general/install/yolov8_msgs/local/lib/python3.10/dist-packages:${PYTHONPATH} /usr/bin/cmake --build /home/robert/Projects/ros_ws/src/general/build/iceberg_cv_cpp -- -j12 -l12
[31.503s] Invoking command in '/home/robert/Projects/ros_ws/src/general/build/iceberg_cv_cpp': AMENT_PREFIX_PATH=/home/robert/Projects/ros_ws/src/general/install/yolov8_msgs:${AMENT_PREFIX_PATH} CMAKE_PREFIX_PATH=/home/robert/Projects/ros_ws/src/general/install/yolov8_msgs:/opt/ros/humble LD_LIBRARY_PATH=/home/robert/Projects/ros_ws/src/general/install/yolov8_msgs/lib:${LD_LIBRARY_PATH} PYTHONPATH=/home/robert/Projects/ros_ws/src/general/install/yolov8_msgs/local/lib/python3.10/dist-packages:${PYTHONPATH} /usr/bin/cmake --install /home/robert/Projects/ros_ws/src/general/build/iceberg_cv_cpp
[31.516s] -- Install configuration: ""
[31.516s] -- Installing: /home/robert/Projects/ros_ws/src/general/install/iceberg_cv_cpp/share/iceberg_cv_cpp/launch
[31.516s] -- Installing: /home/robert/Projects/ros_ws/src/general/install/iceberg_cv_cpp/share/iceberg_cv_cpp/launch/launch.py
[31.516s] -- Installing: /home/robert/Projects/ros_ws/src/general/install/iceberg_cv_cpp/share/iceberg_cv_cpp/launch/__pycache__
[31.517s] -- Installing: /home/robert/Projects/ros_ws/src/general/install/iceberg_cv_cpp/share/iceberg_cv_cpp/launch/__pycache__/launch.cpython-310.pyc
[31.517s] -- Installing: /home/robert/Projects/ros_ws/src/general/install/iceberg_cv_cpp/share/iceberg_cv_cpp/config
[31.517s] -- Installing: /home/robert/Projects/ros_ws/src/general/install/iceberg_cv_cpp/share/iceberg_cv_cpp/config/sunny.yaml
[31.518s] -- Installing: /home/robert/Projects/ros_ws/src/general/install/iceberg_cv_cpp/share/iceberg_cv_cpp/config/overcast.yaml
[31.518s] -- Installing: /home/robert/Projects/ros_ws/src/general/install/iceberg_cv_cpp/share/iceberg_cv_cpp/config/sunny4.yaml
[31.518s] -- Installing: /home/robert/Projects/ros_ws/src/general/install/iceberg_cv_cpp/share/iceberg_cv_cpp/config/sunny2.yaml
[31.519s] -- Installing: /home/robert/Projects/ros_ws/src/general/install/iceberg_cv_cpp/share/iceberg_cv_cpp/config/sunny3.yaml
[31.519s] -- Installing: /home/robert/Projects/ros_ws/src/general/install/iceberg_cv_cpp/share/iceberg_cv_cpp/config/overcast3.yaml
[31.519s] -- Installing: /home/robert/Projects/ros_ws/src/general/install/iceberg_cv_cpp/share/iceberg_cv_cpp/config/overcast2.yaml
[31.519s] -- Installing: /home/robert/Projects/ros_ws/src/general/install/iceberg_cv_cpp/lib/iceberg_cv_cpp/ColorDetector
[31.527s] -- Set runtime path of "/home/robert/Projects/ros_ws/src/general/install/iceberg_cv_cpp/lib/iceberg_cv_cpp/ColorDetector" to ""
[31.527s] -- Installing: /home/robert/Projects/ros_ws/src/general/install/iceberg_cv_cpp/share/ament_index/resource_index/package_run_dependencies/iceberg_cv_cpp
[31.527s] -- Installing: /home/robert/Projects/ros_ws/src/general/install/iceberg_cv_cpp/share/ament_index/resource_index/parent_prefix_path/iceberg_cv_cpp
[31.528s] -- Installing: /home/robert/Projects/ros_ws/src/general/install/iceberg_cv_cpp/share/iceberg_cv_cpp/environment/ament_prefix_path.sh
[31.528s] -- Installing: /home/robert/Projects/ros_ws/src/general/install/iceberg_cv_cpp/share/iceberg_cv_cpp/environment/ament_prefix_path.dsv
[31.528s] -- Installing: /home/robert/Projects/ros_ws/src/general/install/iceberg_cv_cpp/share/iceberg_cv_cpp/environment/path.sh
[31.530s] -- Installing: /home/robert/Projects/ros_ws/src/general/install/iceberg_cv_cpp/share/iceberg_cv_cpp/environment/path.dsv
[31.531s] -- Installing: /home/robert/Projects/ros_ws/src/general/install/iceberg_cv_cpp/share/iceberg_cv_cpp/local_setup.bash
[31.531s] -- Installing: /home/robert/Projects/ros_ws/src/general/install/iceberg_cv_cpp/share/iceberg_cv_cpp/local_setup.sh
[31.531s] -- Installing: /home/robert/Projects/ros_ws/src/general/install/iceberg_cv_cpp/share/iceberg_cv_cpp/local_setup.zsh
[31.531s] -- Installing: /home/robert/Projects/ros_ws/src/general/install/iceberg_cv_cpp/share/iceberg_cv_cpp/local_setup.dsv
[31.532s] -- Installing: /home/robert/Projects/ros_ws/src/general/install/iceberg_cv_cpp/share/iceberg_cv_cpp/package.dsv
[31.532s] -- Installing: /home/robert/Projects/ros_ws/src/general/install/iceberg_cv_cpp/share/ament_index/resource_index/packages/iceberg_cv_cpp
[31.532s] -- Installing: /home/robert/Projects/ros_ws/src/general/install/iceberg_cv_cpp/share/iceberg_cv_cpp/cmake/iceberg_cv_cppConfig.cmake
[31.532s] -- Installing: /home/robert/Projects/ros_ws/src/general/install/iceberg_cv_cpp/share/iceberg_cv_cpp/cmake/iceberg_cv_cppConfig-version.cmake
[31.533s] -- Installing: /home/robert/Projects/ros_ws/src/general/install/iceberg_cv_cpp/share/iceberg_cv_cpp/package.xml
[31.536s] Invoked command in '/home/robert/Projects/ros_ws/src/general/build/iceberg_cv_cpp' returned '0': AMENT_PREFIX_PATH=/home/robert/Projects/ros_ws/src/general/install/yolov8_msgs:${AMENT_PREFIX_PATH} CMAKE_PREFIX_PATH=/home/robert/Projects/ros_ws/src/general/install/yolov8_msgs:/opt/ros/humble LD_LIBRARY_PATH=/home/robert/Projects/ros_ws/src/general/install/yolov8_msgs/lib:${LD_LIBRARY_PATH} PYTHONPATH=/home/robert/Projects/ros_ws/src/general/install/yolov8_msgs/local/lib/python3.10/dist-packages:${PYTHONPATH} /usr/bin/cmake --install /home/robert/Projects/ros_ws/src/general/build/iceberg_cv_cpp
