/home/robert/Projects/ros_ws/src/general/install/yolov8_ros/lib/python3.10/site-packages/yolov8_ros/debug_node.py
/home/robert/Projects/ros_ws/src/general/install/yolov8_ros/lib/python3.10/site-packages/yolov8_ros/detect_3d_node.py
/home/robert/Projects/ros_ws/src/general/install/yolov8_ros/lib/python3.10/site-packages/yolov8_ros/tracking_node.py
/home/robert/Projects/ros_ws/src/general/install/yolov8_ros/lib/python3.10/site-packages/yolov8_ros/yolov8_node.py
/home/robert/Projects/ros_ws/src/general/install/yolov8_ros/lib/python3.10/site-packages/yolov8_ros/__init__.py
/home/robert/Projects/ros_ws/src/general/install/yolov8_ros/lib/python3.10/site-packages/yolov8_ros/__pycache__/debug_node.cpython-310.pyc
/home/robert/Projects/ros_ws/src/general/install/yolov8_ros/lib/python3.10/site-packages/yolov8_ros/__pycache__/detect_3d_node.cpython-310.pyc
/home/robert/Projects/ros_ws/src/general/install/yolov8_ros/lib/python3.10/site-packages/yolov8_ros/__pycache__/tracking_node.cpython-310.pyc
/home/robert/Projects/ros_ws/src/general/install/yolov8_ros/lib/python3.10/site-packages/yolov8_ros/__pycache__/yolov8_node.cpython-310.pyc
/home/robert/Projects/ros_ws/src/general/install/yolov8_ros/lib/python3.10/site-packages/yolov8_ros/__pycache__/__init__.cpython-310.pyc
/home/robert/Projects/ros_ws/src/general/install/yolov8_ros/share/ament_index/resource_index/packages/yolov8_ros
/home/robert/Projects/ros_ws/src/general/install/yolov8_ros/share/yolov8_ros/package.xml
/home/robert/Projects/ros_ws/src/general/install/yolov8_ros/lib/python3.10/site-packages/yolov8_ros-0.0.0-py3.10.egg-info/PKG-INFO
/home/robert/Projects/ros_ws/src/general/install/yolov8_ros/lib/python3.10/site-packages/yolov8_ros-0.0.0-py3.10.egg-info/entry_points.txt
/home/robert/Projects/ros_ws/src/general/install/yolov8_ros/lib/python3.10/site-packages/yolov8_ros-0.0.0-py3.10.egg-info/zip-safe
/home/robert/Projects/ros_ws/src/general/install/yolov8_ros/lib/python3.10/site-packages/yolov8_ros-0.0.0-py3.10.egg-info/requires.txt
/home/robert/Projects/ros_ws/src/general/install/yolov8_ros/lib/python3.10/site-packages/yolov8_ros-0.0.0-py3.10.egg-info/top_level.txt
/home/robert/Projects/ros_ws/src/general/install/yolov8_ros/lib/python3.10/site-packages/yolov8_ros-0.0.0-py3.10.egg-info/dependency_links.txt
/home/robert/Projects/ros_ws/src/general/install/yolov8_ros/lib/python3.10/site-packages/yolov8_ros-0.0.0-py3.10.egg-info/SOURCES.txt
/home/robert/Projects/ros_ws/src/general/install/yolov8_ros/lib/yolov8_ros/debug_node
/home/robert/Projects/ros_ws/src/general/install/yolov8_ros/lib/yolov8_ros/detect_3d_node
/home/robert/Projects/ros_ws/src/general/install/yolov8_ros/lib/yolov8_ros/tracking_node
/home/robert/Projects/ros_ws/src/general/install/yolov8_ros/lib/yolov8_ros/yolov8_node
