-- The C compiler identification is GNU 11.4.0
-- The CXX compiler identification is GNU 11.4.0
-- Detecting C compiler ABI info
-- Detecting C compiler ABI info - done
-- Check for working C compiler: /usr/bin/cc - skipped
-- Detecting C compile features
-- Detecting C compile features - done
-- Detecting CXX compiler ABI info
-- Detecting CXX compiler ABI info - done
-- Check for working CXX compiler: /usr/bin/c++ - skipped
-- Detecting CXX compile features
-- Detecting CXX compile features - done
-- Found ament_cmake: 1.3.11 (/opt/ros/humble/share/ament_cmake/cmake)
-- Found Python3: /usr/bin/python3 (found version "3.10.12") found components: Interpreter 
-- Found geometry_msgs: 4.2.4 (/opt/ros/humble/share/geometry_msgs/cmake)
-- Found rosidl_generator_c: 3.1.6 (/opt/ros/humble/share/rosidl_generator_c/cmake)
-- Found rosidl_adapter: 3.1.6 (/opt/ros/humble/share/rosidl_adapter/cmake)
-- Found rosidl_generator_cpp: 3.1.6 (/opt/ros/humble/share/rosidl_generator_cpp/cmake)
-- Using all available rosidl_typesupport_c: rosidl_typesupport_fastrtps_c;rosidl_typesupport_introspection_c
-- Using all available rosidl_typesupport_cpp: rosidl_typesupport_fastrtps_cpp;rosidl_typesupport_introspection_cpp
-- Found geographic_msgs: 1.0.6 (/opt/ros/humble/share/geographic_msgs/cmake)
-- Found rosidl_default_generators: 1.2.0 (/opt/ros/humble/share/rosidl_default_generators/cmake)
-- Found yolov8_msgs: 0.0.0 (/home/robert/Projects/ros_ws/src/general/install/yolov8_msgs/share/yolov8_msgs/cmake)
-- Found sensor_msgs: 4.2.4 (/opt/ros/humble/share/sensor_msgs/cmake)
-- Found ament_cmake_ros: 0.10.0 (/opt/ros/humble/share/ament_cmake_ros/cmake)
-- Using all available rosidl_typesupport_c: rosidl_typesupport_fastrtps_c;rosidl_typesupport_introspection_c
-- Using all available rosidl_typesupport_cpp: rosidl_typesupport_fastrtps_cpp;rosidl_typesupport_introspection_cpp
-- Found PythonInterp: /usr/bin/python3 (found suitable version "3.10.12", minimum required is "3.6") 
-- Found python_cmake_module: 0.10.0 (/opt/ros/humble/share/python_cmake_module/cmake)
-- Found PythonLibs: /usr/lib/x86_64-linux-gnu/libpython3.10.so (found suitable version "3.10.12", minimum required is "3.5") 
-- Using PYTHON_EXECUTABLE: /usr/bin/python3
-- Using PYTHON_INCLUDE_DIRS: /usr/include/python3.10
-- Using PYTHON_LIBRARIES: /usr/lib/x86_64-linux-gnu/libpython3.10.so
-- Found PythonExtra: .so  
-- Found ament_lint_auto: 0.12.11 (/opt/ros/humble/share/ament_lint_auto/cmake)
-- Added test 'lint_cmake' to check CMake code style
-- Added test 'xmllint' to check XML markup files
-- Configuring done
-- Generating done
-- Build files have been written to: /home/robert/Projects/ros_ws/src/general/build/comp_tasks_interfaces
[  1%] [34m[1mGenerating C code for ROS interfaces[0m
[  1%] [34m[1mGenerating C++ code for ROS interfaces[0m
[  1%] Built target ament_cmake_python_copy_comp_tasks_interfaces
running egg_info
creating comp_tasks_interfaces.egg-info
writing comp_tasks_interfaces.egg-info/PKG-INFO
writing dependency_links to comp_tasks_interfaces.egg-info/dependency_links.txt
writing top-level names to comp_tasks_interfaces.egg-info/top_level.txt
writing manifest file 'comp_tasks_interfaces.egg-info/SOURCES.txt'
reading manifest file 'comp_tasks_interfaces.egg-info/SOURCES.txt'
writing manifest file 'comp_tasks_interfaces.egg-info/SOURCES.txt'
[  1%] Built target ament_cmake_python_build_comp_tasks_interfaces_egg
[  2%] [32mBuilding C object CMakeFiles/comp_tasks_interfaces__rosidl_generator_c.dir/rosidl_generator_c/comp_tasks_interfaces/msg/detail/label_int__functions.c.o[0m
[  3%] [32mBuilding C object CMakeFiles/comp_tasks_interfaces__rosidl_generator_c.dir/rosidl_generator_c/comp_tasks_interfaces/msg/detail/task__functions.c.o[0m
[  4%] [32mBuilding C object CMakeFiles/comp_tasks_interfaces__rosidl_generator_c.dir/rosidl_generator_c/comp_tasks_interfaces/action/detail/task_signal__functions.c.o[0m
[  5%] [32mBuilding C object CMakeFiles/comp_tasks_interfaces__rosidl_generator_c.dir/rosidl_generator_c/comp_tasks_interfaces/msg/detail/start_task__functions.c.o[0m
[  6%] [32mBuilding C object CMakeFiles/comp_tasks_interfaces__rosidl_generator_c.dir/rosidl_generator_c/comp_tasks_interfaces/msg/detail/simplified_detection_array__functions.c.o[0m
[  7%] [32mBuilding C object CMakeFiles/comp_tasks_interfaces__rosidl_generator_c.dir/rosidl_generator_c/comp_tasks_interfaces/msg/detail/simplified_detection__functions.c.o[0m
[  8%] [32mBuilding C object CMakeFiles/comp_tasks_interfaces__rosidl_generator_c.dir/rosidl_generator_c/comp_tasks_interfaces/msg/detail/wp_info__functions.c.o[0m
[  9%] [32mBuilding C object CMakeFiles/comp_tasks_interfaces__rosidl_generator_c.dir/rosidl_generator_c/comp_tasks_interfaces/msg/detail/global_wp_info__functions.c.o[0m
[ 10%] [32mBuilding C object CMakeFiles/comp_tasks_interfaces__rosidl_generator_c.dir/rosidl_generator_c/comp_tasks_interfaces/msg/detail/wp_group_info__functions.c.o[0m
[ 11%] [32mBuilding C object CMakeFiles/comp_tasks_interfaces__rosidl_generator_c.dir/rosidl_generator_c/comp_tasks_interfaces/msg/detail/named_local_wp__functions.c.o[0m
[ 11%] Built target comp_tasks_interfaces__cpp
[ 13%] [34m[1mGenerating C++ introspection for ROS interfaces[0m
[ 13%] [34m[1mGenerating C++ type support dispatch for ROS interfaces[0m
[ 14%] [34m[1mGenerating C++ type support for eProsima Fast-RTPS[0m
[ 15%] [32m[1mLinking C shared library libcomp_tasks_interfaces__rosidl_generator_c.so[0m
[ 15%] Built target comp_tasks_interfaces__rosidl_generator_c
[ 16%] [34m[1mGenerating C introspection for ROS interfaces[0m
[ 17%] [34m[1mGenerating C type support dispatch for ROS interfaces[0m
[ 18%] [34m[1mGenerating C type support for eProsima Fast-RTPS[0m
[ 19%] [32mBuilding CXX object CMakeFiles/comp_tasks_interfaces__rosidl_typesupport_cpp.dir/rosidl_typesupport_cpp/comp_tasks_interfaces/action/task_signal__type_support.cpp.o[0m
[ 20%] [32mBuilding CXX object CMakeFiles/comp_tasks_interfaces__rosidl_typesupport_cpp.dir/rosidl_typesupport_cpp/comp_tasks_interfaces/msg/task__type_support.cpp.o[0m
[ 22%] [32mBuilding CXX object CMakeFiles/comp_tasks_interfaces__rosidl_typesupport_cpp.dir/rosidl_typesupport_cpp/comp_tasks_interfaces/msg/label_int__type_support.cpp.o[0m
[ 22%] [32mBuilding CXX object CMakeFiles/comp_tasks_interfaces__rosidl_typesupport_cpp.dir/rosidl_typesupport_cpp/comp_tasks_interfaces/msg/simplified_detection_array__type_support.cpp.o[0m
[ 23%] [32mBuilding CXX object CMakeFiles/comp_tasks_interfaces__rosidl_typesupport_cpp.dir/rosidl_typesupport_cpp/comp_tasks_interfaces/msg/wp_info__type_support.cpp.o[0m
[ 24%] [32mBuilding CXX object CMakeFiles/comp_tasks_interfaces__rosidl_typesupport_cpp.dir/rosidl_typesupport_cpp/comp_tasks_interfaces/msg/start_task__type_support.cpp.o[0m
[ 25%] [32mBuilding CXX object CMakeFiles/comp_tasks_interfaces__rosidl_typesupport_cpp.dir/rosidl_typesupport_cpp/comp_tasks_interfaces/msg/simplified_detection__type_support.cpp.o[0m
[ 26%] [32mBuilding CXX object CMakeFiles/comp_tasks_interfaces__rosidl_typesupport_c.dir/rosidl_typesupport_c/comp_tasks_interfaces/msg/label_int__type_support.cpp.o[0m
[ 27%] [32mBuilding CXX object CMakeFiles/comp_tasks_interfaces__rosidl_typesupport_c.dir/rosidl_typesupport_c/comp_tasks_interfaces/msg/task__type_support.cpp.o[0m
[ 28%] [32mBuilding CXX object CMakeFiles/comp_tasks_interfaces__rosidl_typesupport_c.dir/rosidl_typesupport_c/comp_tasks_interfaces/action/task_signal__type_support.cpp.o[0m
[ 29%] [32mBuilding CXX object CMakeFiles/comp_tasks_interfaces__rosidl_typesupport_c.dir/rosidl_typesupport_c/comp_tasks_interfaces/msg/start_task__type_support.cpp.o[0m
[ 30%] [32mBuilding CXX object CMakeFiles/comp_tasks_interfaces__rosidl_typesupport_cpp.dir/rosidl_typesupport_cpp/comp_tasks_interfaces/msg/global_wp_info__type_support.cpp.o[0m
[ 31%] [32mBuilding CXX object CMakeFiles/comp_tasks_interfaces__rosidl_typesupport_cpp.dir/rosidl_typesupport_cpp/comp_tasks_interfaces/msg/wp_group_info__type_support.cpp.o[0m
[ 32%] [32mBuilding CXX object CMakeFiles/comp_tasks_interfaces__rosidl_typesupport_cpp.dir/rosidl_typesupport_cpp/comp_tasks_interfaces/msg/named_local_wp__type_support.cpp.o[0m
[ 33%] [32mBuilding CXX object CMakeFiles/comp_tasks_interfaces__rosidl_typesupport_c.dir/rosidl_typesupport_c/comp_tasks_interfaces/msg/simplified_detection__type_support.cpp.o[0m
[ 34%] [32mBuilding CXX object CMakeFiles/comp_tasks_interfaces__rosidl_typesupport_introspection_cpp.dir/rosidl_typesupport_introspection_cpp/comp_tasks_interfaces/msg/detail/label_int__type_support.cpp.o[0m
[ 35%] [32mBuilding CXX object CMakeFiles/comp_tasks_interfaces__rosidl_typesupport_introspection_cpp.dir/rosidl_typesupport_introspection_cpp/comp_tasks_interfaces/msg/detail/task__type_support.cpp.o[0m
[ 36%] [32mBuilding CXX object CMakeFiles/comp_tasks_interfaces__rosidl_typesupport_c.dir/rosidl_typesupport_c/comp_tasks_interfaces/msg/simplified_detection_array__type_support.cpp.o[0m
[ 37%] [32mBuilding CXX object CMakeFiles/comp_tasks_interfaces__rosidl_typesupport_introspection_cpp.dir/rosidl_typesupport_introspection_cpp/comp_tasks_interfaces/action/detail/task_signal__type_support.cpp.o[0m
[ 38%] [32mBuilding CXX object CMakeFiles/comp_tasks_interfaces__rosidl_typesupport_c.dir/rosidl_typesupport_c/comp_tasks_interfaces/msg/wp_info__type_support.cpp.o[0m
[ 39%] [32mBuilding CXX object CMakeFiles/comp_tasks_interfaces__rosidl_typesupport_introspection_cpp.dir/rosidl_typesupport_introspection_cpp/comp_tasks_interfaces/msg/detail/start_task__type_support.cpp.o[0m
[ 40%] [32mBuilding CXX object CMakeFiles/comp_tasks_interfaces__rosidl_typesupport_c.dir/rosidl_typesupport_c/comp_tasks_interfaces/msg/global_wp_info__type_support.cpp.o[0m
[ 40%] [32mBuilding CXX object CMakeFiles/comp_tasks_interfaces__rosidl_typesupport_c.dir/rosidl_typesupport_c/comp_tasks_interfaces/msg/wp_group_info__type_support.cpp.o[0m
[ 41%] [32mBuilding CXX object CMakeFiles/comp_tasks_interfaces__rosidl_typesupport_c.dir/rosidl_typesupport_c/comp_tasks_interfaces/msg/named_local_wp__type_support.cpp.o[0m
[ 42%] [32mBuilding CXX object CMakeFiles/comp_tasks_interfaces__rosidl_typesupport_introspection_cpp.dir/rosidl_typesupport_introspection_cpp/comp_tasks_interfaces/msg/detail/simplified_detection__type_support.cpp.o[0m
[ 43%] [32m[1mLinking CXX shared library libcomp_tasks_interfaces__rosidl_typesupport_c.so[0m
[ 44%] [32mBuilding CXX object CMakeFiles/comp_tasks_interfaces__rosidl_typesupport_fastrtps_cpp.dir/rosidl_typesupport_fastrtps_cpp/comp_tasks_interfaces/msg/detail/dds_fastrtps/label_int__type_support.cpp.o[0m
[ 45%] [32mBuilding CXX object CMakeFiles/comp_tasks_interfaces__rosidl_typesupport_introspection_cpp.dir/rosidl_typesupport_introspection_cpp/comp_tasks_interfaces/msg/detail/simplified_detection_array__type_support.cpp.o[0m
[ 46%] [32mBuilding CXX object CMakeFiles/comp_tasks_interfaces__rosidl_typesupport_fastrtps_cpp.dir/rosidl_typesupport_fastrtps_cpp/comp_tasks_interfaces/msg/detail/dds_fastrtps/task__type_support.cpp.o[0m
[ 46%] Built target comp_tasks_interfaces__rosidl_typesupport_c
[ 47%] [32mBuilding CXX object CMakeFiles/comp_tasks_interfaces__rosidl_typesupport_fastrtps_c.dir/rosidl_typesupport_fastrtps_c/comp_tasks_interfaces/msg/detail/label_int__type_support_c.cpp.o[0m
[ 47%] [32mBuilding CXX object CMakeFiles/comp_tasks_interfaces__rosidl_typesupport_fastrtps_cpp.dir/rosidl_typesupport_fastrtps_cpp/comp_tasks_interfaces/action/detail/dds_fastrtps/task_signal__type_support.cpp.o[0m
[ 48%] [32m[1mLinking CXX shared library libcomp_tasks_interfaces__rosidl_typesupport_cpp.so[0m
[ 49%] [32mBuilding C object CMakeFiles/comp_tasks_interfaces__rosidl_typesupport_introspection_c.dir/rosidl_typesupport_introspection_c/comp_tasks_interfaces/msg/detail/label_int__type_support.c.o[0m
[ 49%] Built target comp_tasks_interfaces__rosidl_typesupport_cpp
[ 50%] [32mBuilding CXX object CMakeFiles/comp_tasks_interfaces__rosidl_typesupport_fastrtps_cpp.dir/rosidl_typesupport_fastrtps_cpp/comp_tasks_interfaces/msg/detail/dds_fastrtps/start_task__type_support.cpp.o[0m
[ 51%] [32mBuilding C object CMakeFiles/comp_tasks_interfaces__rosidl_typesupport_introspection_c.dir/rosidl_typesupport_introspection_c/comp_tasks_interfaces/msg/detail/task__type_support.c.o[0m
[ 52%] [32mBuilding CXX object CMakeFiles/comp_tasks_interfaces__rosidl_typesupport_fastrtps_c.dir/rosidl_typesupport_fastrtps_c/comp_tasks_interfaces/msg/detail/task__type_support_c.cpp.o[0m
[ 53%] [32mBuilding C object CMakeFiles/comp_tasks_interfaces__rosidl_typesupport_introspection_c.dir/rosidl_typesupport_introspection_c/comp_tasks_interfaces/action/detail/task_signal__type_support.c.o[0m
[ 54%] [32mBuilding C object CMakeFiles/comp_tasks_interfaces__rosidl_typesupport_introspection_c.dir/rosidl_typesupport_introspection_c/comp_tasks_interfaces/msg/detail/start_task__type_support.c.o[0m
[ 55%] [32mBuilding CXX object CMakeFiles/comp_tasks_interfaces__rosidl_typesupport_fastrtps_cpp.dir/rosidl_typesupport_fastrtps_cpp/comp_tasks_interfaces/msg/detail/dds_fastrtps/simplified_detection__type_support.cpp.o[0m
[ 56%] [32mBuilding CXX object CMakeFiles/comp_tasks_interfaces__rosidl_typesupport_fastrtps_cpp.dir/rosidl_typesupport_fastrtps_cpp/comp_tasks_interfaces/msg/detail/dds_fastrtps/simplified_detection_array__type_support.cpp.o[0m
[ 57%] [32mBuilding C object CMakeFiles/comp_tasks_interfaces__rosidl_typesupport_introspection_c.dir/rosidl_typesupport_introspection_c/comp_tasks_interfaces/msg/detail/simplified_detection__type_support.c.o[0m
[ 58%] [32mBuilding C object CMakeFiles/comp_tasks_interfaces__rosidl_typesupport_introspection_c.dir/rosidl_typesupport_introspection_c/comp_tasks_interfaces/msg/detail/simplified_detection_array__type_support.c.o[0m
[ 59%] [32mBuilding CXX object CMakeFiles/comp_tasks_interfaces__rosidl_typesupport_fastrtps_c.dir/rosidl_typesupport_fastrtps_c/comp_tasks_interfaces/action/detail/task_signal__type_support_c.cpp.o[0m
[ 60%] [32mBuilding C object CMakeFiles/comp_tasks_interfaces__rosidl_typesupport_introspection_c.dir/rosidl_typesupport_introspection_c/comp_tasks_interfaces/msg/detail/wp_info__type_support.c.o[0m
[ 61%] [32mBuilding CXX object CMakeFiles/comp_tasks_interfaces__rosidl_typesupport_fastrtps_cpp.dir/rosidl_typesupport_fastrtps_cpp/comp_tasks_interfaces/msg/detail/dds_fastrtps/wp_info__type_support.cpp.o[0m
[ 62%] [32mBuilding CXX object CMakeFiles/comp_tasks_interfaces__rosidl_typesupport_introspection_cpp.dir/rosidl_typesupport_introspection_cpp/comp_tasks_interfaces/msg/detail/wp_info__type_support.cpp.o[0m
[ 63%] [32mBuilding C object CMakeFiles/comp_tasks_interfaces__rosidl_typesupport_introspection_c.dir/rosidl_typesupport_introspection_c/comp_tasks_interfaces/msg/detail/global_wp_info__type_support.c.o[0m
[ 64%] [32mBuilding C object CMakeFiles/comp_tasks_interfaces__rosidl_typesupport_introspection_c.dir/rosidl_typesupport_introspection_c/comp_tasks_interfaces/msg/detail/wp_group_info__type_support.c.o[0m
[ 65%] [32mBuilding CXX object CMakeFiles/comp_tasks_interfaces__rosidl_typesupport_fastrtps_c.dir/rosidl_typesupport_fastrtps_c/comp_tasks_interfaces/msg/detail/start_task__type_support_c.cpp.o[0m
[ 66%] [32mBuilding CXX object CMakeFiles/comp_tasks_interfaces__rosidl_typesupport_fastrtps_cpp.dir/rosidl_typesupport_fastrtps_cpp/comp_tasks_interfaces/msg/detail/dds_fastrtps/global_wp_info__type_support.cpp.o[0m
[ 67%] [32mBuilding C object CMakeFiles/comp_tasks_interfaces__rosidl_typesupport_introspection_c.dir/rosidl_typesupport_introspection_c/comp_tasks_interfaces/msg/detail/named_local_wp__type_support.c.o[0m
[ 68%] [32mBuilding CXX object CMakeFiles/comp_tasks_interfaces__rosidl_typesupport_fastrtps_c.dir/rosidl_typesupport_fastrtps_c/comp_tasks_interfaces/msg/detail/simplified_detection__type_support_c.cpp.o[0m
[ 69%] [32mBuilding CXX object CMakeFiles/comp_tasks_interfaces__rosidl_typesupport_fastrtps_cpp.dir/rosidl_typesupport_fastrtps_cpp/comp_tasks_interfaces/msg/detail/dds_fastrtps/wp_group_info__type_support.cpp.o[0m
[ 70%] [32mBuilding CXX object CMakeFiles/comp_tasks_interfaces__rosidl_typesupport_fastrtps_cpp.dir/rosidl_typesupport_fastrtps_cpp/comp_tasks_interfaces/msg/detail/dds_fastrtps/named_local_wp__type_support.cpp.o[0m
[ 71%] [32m[1mLinking C shared library libcomp_tasks_interfaces__rosidl_typesupport_introspection_c.so[0m
[ 71%] Built target comp_tasks_interfaces__rosidl_typesupport_introspection_c
[ 72%] [32mBuilding CXX object CMakeFiles/comp_tasks_interfaces__rosidl_typesupport_fastrtps_c.dir/rosidl_typesupport_fastrtps_c/comp_tasks_interfaces/msg/detail/simplified_detection_array__type_support_c.cpp.o[0m
[ 73%] [32mBuilding CXX object CMakeFiles/comp_tasks_interfaces__rosidl_typesupport_fastrtps_c.dir/rosidl_typesupport_fastrtps_c/comp_tasks_interfaces/msg/detail/wp_info__type_support_c.cpp.o[0m
[ 74%] [32mBuilding CXX object CMakeFiles/comp_tasks_interfaces__rosidl_typesupport_fastrtps_c.dir/rosidl_typesupport_fastrtps_c/comp_tasks_interfaces/msg/detail/global_wp_info__type_support_c.cpp.o[0m
[ 75%] [32mBuilding CXX object CMakeFiles/comp_tasks_interfaces__rosidl_typesupport_fastrtps_c.dir/rosidl_typesupport_fastrtps_c/comp_tasks_interfaces/msg/detail/wp_group_info__type_support_c.cpp.o[0m
[ 76%] [32mBuilding CXX object CMakeFiles/comp_tasks_interfaces__rosidl_typesupport_fastrtps_c.dir/rosidl_typesupport_fastrtps_c/comp_tasks_interfaces/msg/detail/named_local_wp__type_support_c.cpp.o[0m
[ 77%] [32mBuilding CXX object CMakeFiles/comp_tasks_interfaces__rosidl_typesupport_introspection_cpp.dir/rosidl_typesupport_introspection_cpp/comp_tasks_interfaces/msg/detail/global_wp_info__type_support.cpp.o[0m
[ 78%] [32mBuilding CXX object CMakeFiles/comp_tasks_interfaces__rosidl_typesupport_introspection_cpp.dir/rosidl_typesupport_introspection_cpp/comp_tasks_interfaces/msg/detail/wp_group_info__type_support.cpp.o[0m
[ 79%] [32mBuilding CXX object CMakeFiles/comp_tasks_interfaces__rosidl_typesupport_introspection_cpp.dir/rosidl_typesupport_introspection_cpp/comp_tasks_interfaces/msg/detail/named_local_wp__type_support.cpp.o[0m
[ 80%] [32m[1mLinking CXX shared library libcomp_tasks_interfaces__rosidl_typesupport_fastrtps_cpp.so[0m
[ 80%] Built target comp_tasks_interfaces__rosidl_typesupport_fastrtps_cpp
[ 81%] [32m[1mLinking CXX shared library libcomp_tasks_interfaces__rosidl_typesupport_fastrtps_c.so[0m
[ 81%] Built target comp_tasks_interfaces__rosidl_typesupport_fastrtps_c
[ 82%] [32m[1mLinking CXX shared library libcomp_tasks_interfaces__rosidl_typesupport_introspection_cpp.so[0m
[ 82%] Built target comp_tasks_interfaces__rosidl_typesupport_introspection_cpp
[ 82%] Built target comp_tasks_interfaces
[ 83%] [34m[1mGenerating Python code for ROS interfaces[0m
[ 83%] Built target comp_tasks_interfaces__py
[ 84%] [32mBuilding C object CMakeFiles/comp_tasks_interfaces__rosidl_generator_py.dir/rosidl_generator_py/comp_tasks_interfaces/msg/_start_task_s.c.o[0m
[ 85%] [32mBuilding C object CMakeFiles/comp_tasks_interfaces__rosidl_generator_py.dir/rosidl_generator_py/comp_tasks_interfaces/msg/_label_int_s.c.o[0m
[ 86%] [32mBuilding C object CMakeFiles/comp_tasks_interfaces__rosidl_generator_py.dir/rosidl_generator_py/comp_tasks_interfaces/msg/_task_s.c.o[0m
[ 87%] [32mBuilding C object CMakeFiles/comp_tasks_interfaces__rosidl_generator_py.dir/rosidl_generator_py/comp_tasks_interfaces/action/_task_signal_s.c.o[0m
[ 88%] [32mBuilding C object CMakeFiles/comp_tasks_interfaces__rosidl_generator_py.dir/rosidl_generator_py/comp_tasks_interfaces/msg/_simplified_detection_s.c.o[0m
[ 89%] [32mBuilding C object CMakeFiles/comp_tasks_interfaces__rosidl_generator_py.dir/rosidl_generator_py/comp_tasks_interfaces/msg/_simplified_detection_array_s.c.o[0m
[ 90%] [32mBuilding C object CMakeFiles/comp_tasks_interfaces__rosidl_generator_py.dir/rosidl_generator_py/comp_tasks_interfaces/msg/_wp_info_s.c.o[0m
[ 91%] [32mBuilding C object CMakeFiles/comp_tasks_interfaces__rosidl_generator_py.dir/rosidl_generator_py/comp_tasks_interfaces/msg/_global_wp_info_s.c.o[0m
[ 92%] [32mBuilding C object CMakeFiles/comp_tasks_interfaces__rosidl_generator_py.dir/rosidl_generator_py/comp_tasks_interfaces/msg/_named_local_wp_s.c.o[0m
[ 93%] [32mBuilding C object CMakeFiles/comp_tasks_interfaces__rosidl_generator_py.dir/rosidl_generator_py/comp_tasks_interfaces/msg/_wp_group_info_s.c.o[0m
[ 94%] [32m[1mLinking C shared library rosidl_generator_py/comp_tasks_interfaces/libcomp_tasks_interfaces__rosidl_generator_py.so[0m
[ 94%] Built target comp_tasks_interfaces__rosidl_generator_py
[ 96%] [32mBuilding C object CMakeFiles/comp_tasks_interfaces__rosidl_typesupport_introspection_c__pyext.dir/rosidl_generator_py/comp_tasks_interfaces/_comp_tasks_interfaces_s.ep.rosidl_typesupport_introspection_c.c.o[0m
[ 96%] [32mBuilding C object CMakeFiles/comp_tasks_interfaces__rosidl_typesupport_fastrtps_c__pyext.dir/rosidl_generator_py/comp_tasks_interfaces/_comp_tasks_interfaces_s.ep.rosidl_typesupport_fastrtps_c.c.o[0m
[ 97%] [32mBuilding C object CMakeFiles/comp_tasks_interfaces__rosidl_typesupport_c__pyext.dir/rosidl_generator_py/comp_tasks_interfaces/_comp_tasks_interfaces_s.ep.rosidl_typesupport_c.c.o[0m
[ 98%] [32m[1mLinking C shared library rosidl_generator_py/comp_tasks_interfaces/comp_tasks_interfaces_s__rosidl_typesupport_fastrtps_c.cpython-310-x86_64-linux-gnu.so[0m
[ 99%] [32m[1mLinking C shared library rosidl_generator_py/comp_tasks_interfaces/comp_tasks_interfaces_s__rosidl_typesupport_c.cpython-310-x86_64-linux-gnu.so[0m
[100%] [32m[1mLinking C shared library rosidl_generator_py/comp_tasks_interfaces/comp_tasks_interfaces_s__rosidl_typesupport_introspection_c.cpython-310-x86_64-linux-gnu.so[0m
[100%] Built target comp_tasks_interfaces__rosidl_typesupport_fastrtps_c__pyext
[100%] Built target comp_tasks_interfaces__rosidl_typesupport_c__pyext
[100%] Built target comp_tasks_interfaces__rosidl_typesupport_introspection_c__pyext
-- Install configuration: ""
-- Installing: /home/robert/Projects/ros_ws/src/general/install/comp_tasks_interfaces/share/ament_index/resource_index/rosidl_interfaces/comp_tasks_interfaces
-- Installing: /home/robert/Projects/ros_ws/src/general/install/comp_tasks_interfaces/include/comp_tasks_interfaces/comp_tasks_interfaces
-- Installing: /home/robert/Projects/ros_ws/src/general/install/comp_tasks_interfaces/include/comp_tasks_interfaces/comp_tasks_interfaces/msg
-- Installing: /home/robert/Projects/ros_ws/src/general/install/comp_tasks_interfaces/include/comp_tasks_interfaces/comp_tasks_interfaces/msg/detail
-- Installing: /home/robert/Projects/ros_ws/src/general/install/comp_tasks_interfaces/include/comp_tasks_interfaces/comp_tasks_interfaces/msg/detail/named_local_wp__functions.c
-- Installing: /home/robert/Projects/ros_ws/src/general/install/comp_tasks_interfaces/include/comp_tasks_interfaces/comp_tasks_interfaces/msg/detail/simplified_detection__type_support.h
-- Installing: /home/robert/Projects/ros_ws/src/general/install/comp_tasks_interfaces/include/comp_tasks_interfaces/comp_tasks_interfaces/msg/detail/global_wp_info__type_support.h
-- Installing: /home/robert/Projects/ros_ws/src/general/install/comp_tasks_interfaces/include/comp_tasks_interfaces/comp_tasks_interfaces/msg/detail/named_local_wp__functions.h
-- Installing: /home/robert/Projects/ros_ws/src/general/install/comp_tasks_interfaces/include/comp_tasks_interfaces/comp_tasks_interfaces/msg/detail/simplified_detection_array__functions.c
-- Installing: /home/robert/Projects/ros_ws/src/general/install/comp_tasks_interfaces/include/comp_tasks_interfaces/comp_tasks_interfaces/msg/detail/label_int__functions.h
-- Installing: /home/robert/Projects/ros_ws/src/general/install/comp_tasks_interfaces/include/comp_tasks_interfaces/comp_tasks_interfaces/msg/detail/wp_info__functions.c
-- Installing: /home/robert/Projects/ros_ws/src/general/install/comp_tasks_interfaces/include/comp_tasks_interfaces/comp_tasks_interfaces/msg/detail/label_int__type_support.h
-- Installing: /home/robert/Projects/ros_ws/src/general/install/comp_tasks_interfaces/include/comp_tasks_interfaces/comp_tasks_interfaces/msg/detail/wp_group_info__functions.h
-- Installing: /home/robert/Projects/ros_ws/src/general/install/comp_tasks_interfaces/include/comp_tasks_interfaces/comp_tasks_interfaces/msg/detail/label_int__struct.h
-- Installing: /home/robert/Projects/ros_ws/src/general/install/comp_tasks_interfaces/include/comp_tasks_interfaces/comp_tasks_interfaces/msg/detail/task__type_support.h
-- Installing: /home/robert/Projects/ros_ws/src/general/install/comp_tasks_interfaces/include/comp_tasks_interfaces/comp_tasks_interfaces/msg/detail/simplified_detection_array__functions.h
-- Installing: /home/robert/Projects/ros_ws/src/general/install/comp_tasks_interfaces/include/comp_tasks_interfaces/comp_tasks_interfaces/msg/detail/task__functions.h
-- Installing: /home/robert/Projects/ros_ws/src/general/install/comp_tasks_interfaces/include/comp_tasks_interfaces/comp_tasks_interfaces/msg/detail/wp_group_info__functions.c
-- Installing: /home/robert/Projects/ros_ws/src/general/install/comp_tasks_interfaces/include/comp_tasks_interfaces/comp_tasks_interfaces/msg/detail/wp_info__functions.h
-- Installing: /home/robert/Projects/ros_ws/src/general/install/comp_tasks_interfaces/include/comp_tasks_interfaces/comp_tasks_interfaces/msg/detail/simplified_detection_array__type_support.h
-- Installing: /home/robert/Projects/ros_ws/src/general/install/comp_tasks_interfaces/include/comp_tasks_interfaces/comp_tasks_interfaces/msg/detail/global_wp_info__struct.h
-- Installing: /home/robert/Projects/ros_ws/src/general/install/comp_tasks_interfaces/include/comp_tasks_interfaces/comp_tasks_interfaces/msg/detail/named_local_wp__struct.h
-- Installing: /home/robert/Projects/ros_ws/src/general/install/comp_tasks_interfaces/include/comp_tasks_interfaces/comp_tasks_interfaces/msg/detail/wp_group_info__type_support.h
-- Installing: /home/robert/Projects/ros_ws/src/general/install/comp_tasks_interfaces/include/comp_tasks_interfaces/comp_tasks_interfaces/msg/detail/start_task__type_support.h
-- Installing: /home/robert/Projects/ros_ws/src/general/install/comp_tasks_interfaces/include/comp_tasks_interfaces/comp_tasks_interfaces/msg/detail/global_wp_info__functions.c
-- Installing: /home/robert/Projects/ros_ws/src/general/install/comp_tasks_interfaces/include/comp_tasks_interfaces/comp_tasks_interfaces/msg/detail/start_task__functions.h
-- Installing: /home/robert/Projects/ros_ws/src/general/install/comp_tasks_interfaces/include/comp_tasks_interfaces/comp_tasks_interfaces/msg/detail/wp_group_info__struct.h
-- Installing: /home/robert/Projects/ros_ws/src/general/install/comp_tasks_interfaces/include/comp_tasks_interfaces/comp_tasks_interfaces/msg/detail/start_task__functions.c
-- Installing: /home/robert/Projects/ros_ws/src/general/install/comp_tasks_interfaces/include/comp_tasks_interfaces/comp_tasks_interfaces/msg/detail/simplified_detection__functions.c
-- Installing: /home/robert/Projects/ros_ws/src/general/install/comp_tasks_interfaces/include/comp_tasks_interfaces/comp_tasks_interfaces/msg/detail/global_wp_info__functions.h
-- Installing: /home/robert/Projects/ros_ws/src/general/install/comp_tasks_interfaces/include/comp_tasks_interfaces/comp_tasks_interfaces/msg/detail/simplified_detection_array__struct.h
-- Installing: /home/robert/Projects/ros_ws/src/general/install/comp_tasks_interfaces/include/comp_tasks_interfaces/comp_tasks_interfaces/msg/detail/start_task__struct.h
-- Installing: /home/robert/Projects/ros_ws/src/general/install/comp_tasks_interfaces/include/comp_tasks_interfaces/comp_tasks_interfaces/msg/detail/wp_info__type_support.h
-- Installing: /home/robert/Projects/ros_ws/src/general/install/comp_tasks_interfaces/include/comp_tasks_interfaces/comp_tasks_interfaces/msg/detail/simplified_detection__functions.h
-- Installing: /home/robert/Projects/ros_ws/src/general/install/comp_tasks_interfaces/include/comp_tasks_interfaces/comp_tasks_interfaces/msg/detail/simplified_detection__struct.h
-- Installing: /home/robert/Projects/ros_ws/src/general/install/comp_tasks_interfaces/include/comp_tasks_interfaces/comp_tasks_interfaces/msg/detail/task__struct.h
-- Installing: /home/robert/Projects/ros_ws/src/general/install/comp_tasks_interfaces/include/comp_tasks_interfaces/comp_tasks_interfaces/msg/detail/named_local_wp__type_support.h
-- Installing: /home/robert/Projects/ros_ws/src/general/install/comp_tasks_interfaces/include/comp_tasks_interfaces/comp_tasks_interfaces/msg/detail/task__functions.c
-- Installing: /home/robert/Projects/ros_ws/src/general/install/comp_tasks_interfaces/include/comp_tasks_interfaces/comp_tasks_interfaces/msg/detail/wp_info__struct.h
-- Installing: /home/robert/Projects/ros_ws/src/general/install/comp_tasks_interfaces/include/comp_tasks_interfaces/comp_tasks_interfaces/msg/detail/label_int__functions.c
-- Installing: /home/robert/Projects/ros_ws/src/general/install/comp_tasks_interfaces/include/comp_tasks_interfaces/comp_tasks_interfaces/msg/simplified_detection.h
-- Installing: /home/robert/Projects/ros_ws/src/general/install/comp_tasks_interfaces/include/comp_tasks_interfaces/comp_tasks_interfaces/msg/wp_group_info.h
-- Installing: /home/robert/Projects/ros_ws/src/general/install/comp_tasks_interfaces/include/comp_tasks_interfaces/comp_tasks_interfaces/msg/start_task.h
-- Installing: /home/robert/Projects/ros_ws/src/general/install/comp_tasks_interfaces/include/comp_tasks_interfaces/comp_tasks_interfaces/msg/simplified_detection_array.h
-- Installing: /home/robert/Projects/ros_ws/src/general/install/comp_tasks_interfaces/include/comp_tasks_interfaces/comp_tasks_interfaces/msg/named_local_wp.h
-- Installing: /home/robert/Projects/ros_ws/src/general/install/comp_tasks_interfaces/include/comp_tasks_interfaces/comp_tasks_interfaces/msg/wp_info.h
-- Installing: /home/robert/Projects/ros_ws/src/general/install/comp_tasks_interfaces/include/comp_tasks_interfaces/comp_tasks_interfaces/msg/label_int.h
-- Installing: /home/robert/Projects/ros_ws/src/general/install/comp_tasks_interfaces/include/comp_tasks_interfaces/comp_tasks_interfaces/msg/global_wp_info.h
-- Installing: /home/robert/Projects/ros_ws/src/general/install/comp_tasks_interfaces/include/comp_tasks_interfaces/comp_tasks_interfaces/msg/task.h
-- Installing: /home/robert/Projects/ros_ws/src/general/install/comp_tasks_interfaces/include/comp_tasks_interfaces/comp_tasks_interfaces/msg/rosidl_generator_c__visibility_control.h
-- Installing: /home/robert/Projects/ros_ws/src/general/install/comp_tasks_interfaces/include/comp_tasks_interfaces/comp_tasks_interfaces/action
-- Installing: /home/robert/Projects/ros_ws/src/general/install/comp_tasks_interfaces/include/comp_tasks_interfaces/comp_tasks_interfaces/action/detail
-- Installing: /home/robert/Projects/ros_ws/src/general/install/comp_tasks_interfaces/include/comp_tasks_interfaces/comp_tasks_interfaces/action/detail/task_signal__functions.c
-- Installing: /home/robert/Projects/ros_ws/src/general/install/comp_tasks_interfaces/include/comp_tasks_interfaces/comp_tasks_interfaces/action/detail/task_signal__struct.h
-- Installing: /home/robert/Projects/ros_ws/src/general/install/comp_tasks_interfaces/include/comp_tasks_interfaces/comp_tasks_interfaces/action/detail/task_signal__functions.h
-- Installing: /home/robert/Projects/ros_ws/src/general/install/comp_tasks_interfaces/include/comp_tasks_interfaces/comp_tasks_interfaces/action/detail/task_signal__type_support.h
-- Installing: /home/robert/Projects/ros_ws/src/general/install/comp_tasks_interfaces/include/comp_tasks_interfaces/comp_tasks_interfaces/action/task_signal.h
-- Installing: /home/robert/Projects/ros_ws/src/general/install/comp_tasks_interfaces/share/comp_tasks_interfaces/environment/library_path.sh
-- Installing: /home/robert/Projects/ros_ws/src/general/install/comp_tasks_interfaces/share/comp_tasks_interfaces/environment/library_path.dsv
-- Installing: /home/robert/Projects/ros_ws/src/general/install/comp_tasks_interfaces/lib/libcomp_tasks_interfaces__rosidl_generator_c.so
-- Set runtime path of "/home/robert/Projects/ros_ws/src/general/install/comp_tasks_interfaces/lib/libcomp_tasks_interfaces__rosidl_generator_c.so" to ""
-- Up-to-date: /home/robert/Projects/ros_ws/src/general/install/comp_tasks_interfaces/include/comp_tasks_interfaces/comp_tasks_interfaces
-- Up-to-date: /home/robert/Projects/ros_ws/src/general/install/comp_tasks_interfaces/include/comp_tasks_interfaces/comp_tasks_interfaces/msg
-- Up-to-date: /home/robert/Projects/ros_ws/src/general/install/comp_tasks_interfaces/include/comp_tasks_interfaces/comp_tasks_interfaces/msg/detail
-- Installing: /home/robert/Projects/ros_ws/src/general/install/comp_tasks_interfaces/include/comp_tasks_interfaces/comp_tasks_interfaces/msg/detail/task__rosidl_typesupport_fastrtps_c.h
-- Installing: /home/robert/Projects/ros_ws/src/general/install/comp_tasks_interfaces/include/comp_tasks_interfaces/comp_tasks_interfaces/msg/detail/named_local_wp__rosidl_typesupport_fastrtps_c.h
-- Installing: /home/robert/Projects/ros_ws/src/general/install/comp_tasks_interfaces/include/comp_tasks_interfaces/comp_tasks_interfaces/msg/detail/label_int__rosidl_typesupport_fastrtps_c.h
-- Installing: /home/robert/Projects/ros_ws/src/general/install/comp_tasks_interfaces/include/comp_tasks_interfaces/comp_tasks_interfaces/msg/detail/simplified_detection_array__rosidl_typesupport_fastrtps_c.h
-- Installing: /home/robert/Projects/ros_ws/src/general/install/comp_tasks_interfaces/include/comp_tasks_interfaces/comp_tasks_interfaces/msg/detail/start_task__rosidl_typesupport_fastrtps_c.h
-- Installing: /home/robert/Projects/ros_ws/src/general/install/comp_tasks_interfaces/include/comp_tasks_interfaces/comp_tasks_interfaces/msg/detail/wp_info__rosidl_typesupport_fastrtps_c.h
-- Installing: /home/robert/Projects/ros_ws/src/general/install/comp_tasks_interfaces/include/comp_tasks_interfaces/comp_tasks_interfaces/msg/detail/global_wp_info__rosidl_typesupport_fastrtps_c.h
-- Installing: /home/robert/Projects/ros_ws/src/general/install/comp_tasks_interfaces/include/comp_tasks_interfaces/comp_tasks_interfaces/msg/detail/wp_group_info__rosidl_typesupport_fastrtps_c.h
-- Installing: /home/robert/Projects/ros_ws/src/general/install/comp_tasks_interfaces/include/comp_tasks_interfaces/comp_tasks_interfaces/msg/detail/simplified_detection__rosidl_typesupport_fastrtps_c.h
-- Installing: /home/robert/Projects/ros_ws/src/general/install/comp_tasks_interfaces/include/comp_tasks_interfaces/comp_tasks_interfaces/msg/rosidl_typesupport_fastrtps_c__visibility_control.h
-- Up-to-date: /home/robert/Projects/ros_ws/src/general/install/comp_tasks_interfaces/include/comp_tasks_interfaces/comp_tasks_interfaces/action
-- Up-to-date: /home/robert/Projects/ros_ws/src/general/install/comp_tasks_interfaces/include/comp_tasks_interfaces/comp_tasks_interfaces/action/detail
-- Installing: /home/robert/Projects/ros_ws/src/general/install/comp_tasks_interfaces/include/comp_tasks_interfaces/comp_tasks_interfaces/action/detail/task_signal__rosidl_typesupport_fastrtps_c.h
-- Installing: /home/robert/Projects/ros_ws/src/general/install/comp_tasks_interfaces/lib/libcomp_tasks_interfaces__rosidl_typesupport_fastrtps_c.so
-- Set runtime path of "/home/robert/Projects/ros_ws/src/general/install/comp_tasks_interfaces/lib/libcomp_tasks_interfaces__rosidl_typesupport_fastrtps_c.so" to ""
-- Up-to-date: /home/robert/Projects/ros_ws/src/general/install/comp_tasks_interfaces/include/comp_tasks_interfaces/comp_tasks_interfaces
-- Up-to-date: /home/robert/Projects/ros_ws/src/general/install/comp_tasks_interfaces/include/comp_tasks_interfaces/comp_tasks_interfaces/msg
-- Up-to-date: /home/robert/Projects/ros_ws/src/general/install/comp_tasks_interfaces/include/comp_tasks_interfaces/comp_tasks_interfaces/msg/detail
-- Installing: /home/robert/Projects/ros_ws/src/general/install/comp_tasks_interfaces/include/comp_tasks_interfaces/comp_tasks_interfaces/msg/detail/wp_info__builder.hpp
-- Installing: /home/robert/Projects/ros_ws/src/general/install/comp_tasks_interfaces/include/comp_tasks_interfaces/comp_tasks_interfaces/msg/detail/wp_info__struct.hpp
-- Installing: /home/robert/Projects/ros_ws/src/general/install/comp_tasks_interfaces/include/comp_tasks_interfaces/comp_tasks_interfaces/msg/detail/task__type_support.hpp
-- Installing: /home/robert/Projects/ros_ws/src/general/install/comp_tasks_interfaces/include/comp_tasks_interfaces/comp_tasks_interfaces/msg/detail/start_task__type_support.hpp
-- Installing: /home/robert/Projects/ros_ws/src/general/install/comp_tasks_interfaces/include/comp_tasks_interfaces/comp_tasks_interfaces/msg/detail/simplified_detection_array__builder.hpp
-- Installing: /home/robert/Projects/ros_ws/src/general/install/comp_tasks_interfaces/include/comp_tasks_interfaces/comp_tasks_interfaces/msg/detail/wp_group_info__struct.hpp
-- Installing: /home/robert/Projects/ros_ws/src/general/install/comp_tasks_interfaces/include/comp_tasks_interfaces/comp_tasks_interfaces/msg/detail/global_wp_info__traits.hpp
-- Installing: /home/robert/Projects/ros_ws/src/general/install/comp_tasks_interfaces/include/comp_tasks_interfaces/comp_tasks_interfaces/msg/detail/wp_info__traits.hpp
-- Installing: /home/robert/Projects/ros_ws/src/general/install/comp_tasks_interfaces/include/comp_tasks_interfaces/comp_tasks_interfaces/msg/detail/label_int__type_support.hpp
-- Installing: /home/robert/Projects/ros_ws/src/general/install/comp_tasks_interfaces/include/comp_tasks_interfaces/comp_tasks_interfaces/msg/detail/task__traits.hpp
-- Installing: /home/robert/Projects/ros_ws/src/general/install/comp_tasks_interfaces/include/comp_tasks_interfaces/comp_tasks_interfaces/msg/detail/named_local_wp__builder.hpp
-- Installing: /home/robert/Projects/ros_ws/src/general/install/comp_tasks_interfaces/include/comp_tasks_interfaces/comp_tasks_interfaces/msg/detail/simplified_detection__struct.hpp
-- Installing: /home/robert/Projects/ros_ws/src/general/install/comp_tasks_interfaces/include/comp_tasks_interfaces/comp_tasks_interfaces/msg/detail/label_int__traits.hpp
-- Installing: /home/robert/Projects/ros_ws/src/general/install/comp_tasks_interfaces/include/comp_tasks_interfaces/comp_tasks_interfaces/msg/detail/simplified_detection_array__struct.hpp
-- Installing: /home/robert/Projects/ros_ws/src/general/install/comp_tasks_interfaces/include/comp_tasks_interfaces/comp_tasks_interfaces/msg/detail/global_wp_info__struct.hpp
-- Installing: /home/robert/Projects/ros_ws/src/general/install/comp_tasks_interfaces/include/comp_tasks_interfaces/comp_tasks_interfaces/msg/detail/wp_group_info__type_support.hpp
-- Installing: /home/robert/Projects/ros_ws/src/general/install/comp_tasks_interfaces/include/comp_tasks_interfaces/comp_tasks_interfaces/msg/detail/label_int__builder.hpp
-- Installing: /home/robert/Projects/ros_ws/src/general/install/comp_tasks_interfaces/include/comp_tasks_interfaces/comp_tasks_interfaces/msg/detail/named_local_wp__traits.hpp
-- Installing: /home/robert/Projects/ros_ws/src/general/install/comp_tasks_interfaces/include/comp_tasks_interfaces/comp_tasks_interfaces/msg/detail/simplified_detection_array__traits.hpp
-- Installing: /home/robert/Projects/ros_ws/src/general/install/comp_tasks_interfaces/include/comp_tasks_interfaces/comp_tasks_interfaces/msg/detail/wp_group_info__builder.hpp
-- Installing: /home/robert/Projects/ros_ws/src/general/install/comp_tasks_interfaces/include/comp_tasks_interfaces/comp_tasks_interfaces/msg/detail/wp_info__type_support.hpp
-- Installing: /home/robert/Projects/ros_ws/src/general/install/comp_tasks_interfaces/include/comp_tasks_interfaces/comp_tasks_interfaces/msg/detail/simplified_detection__traits.hpp
-- Installing: /home/robert/Projects/ros_ws/src/general/install/comp_tasks_interfaces/include/comp_tasks_interfaces/comp_tasks_interfaces/msg/detail/named_local_wp__type_support.hpp
-- Installing: /home/robert/Projects/ros_ws/src/general/install/comp_tasks_interfaces/include/comp_tasks_interfaces/comp_tasks_interfaces/msg/detail/start_task__builder.hpp
-- Installing: /home/robert/Projects/ros_ws/src/general/install/comp_tasks_interfaces/include/comp_tasks_interfaces/comp_tasks_interfaces/msg/detail/wp_group_info__traits.hpp
-- Installing: /home/robert/Projects/ros_ws/src/general/install/comp_tasks_interfaces/include/comp_tasks_interfaces/comp_tasks_interfaces/msg/detail/simplified_detection__builder.hpp
-- Installing: /home/robert/Projects/ros_ws/src/general/install/comp_tasks_interfaces/include/comp_tasks_interfaces/comp_tasks_interfaces/msg/detail/global_wp_info__builder.hpp
-- Installing: /home/robert/Projects/ros_ws/src/general/install/comp_tasks_interfaces/include/comp_tasks_interfaces/comp_tasks_interfaces/msg/detail/named_local_wp__struct.hpp
-- Installing: /home/robert/Projects/ros_ws/src/general/install/comp_tasks_interfaces/include/comp_tasks_interfaces/comp_tasks_interfaces/msg/detail/global_wp_info__type_support.hpp
-- Installing: /home/robert/Projects/ros_ws/src/general/install/comp_tasks_interfaces/include/comp_tasks_interfaces/comp_tasks_interfaces/msg/detail/simplified_detection__type_support.hpp
-- Installing: /home/robert/Projects/ros_ws/src/general/install/comp_tasks_interfaces/include/comp_tasks_interfaces/comp_tasks_interfaces/msg/detail/start_task__struct.hpp
-- Installing: /home/robert/Projects/ros_ws/src/general/install/comp_tasks_interfaces/include/comp_tasks_interfaces/comp_tasks_interfaces/msg/detail/simplified_detection_array__type_support.hpp
-- Installing: /home/robert/Projects/ros_ws/src/general/install/comp_tasks_interfaces/include/comp_tasks_interfaces/comp_tasks_interfaces/msg/detail/task__builder.hpp
-- Installing: /home/robert/Projects/ros_ws/src/general/install/comp_tasks_interfaces/include/comp_tasks_interfaces/comp_tasks_interfaces/msg/detail/label_int__struct.hpp
-- Installing: /home/robert/Projects/ros_ws/src/general/install/comp_tasks_interfaces/include/comp_tasks_interfaces/comp_tasks_interfaces/msg/detail/start_task__traits.hpp
-- Installing: /home/robert/Projects/ros_ws/src/general/install/comp_tasks_interfaces/include/comp_tasks_interfaces/comp_tasks_interfaces/msg/detail/task__struct.hpp
-- Installing: /home/robert/Projects/ros_ws/src/general/install/comp_tasks_interfaces/include/comp_tasks_interfaces/comp_tasks_interfaces/msg/start_task.hpp
-- Installing: /home/robert/Projects/ros_ws/src/general/install/comp_tasks_interfaces/include/comp_tasks_interfaces/comp_tasks_interfaces/msg/wp_info.hpp
-- Installing: /home/robert/Projects/ros_ws/src/general/install/comp_tasks_interfaces/include/comp_tasks_interfaces/comp_tasks_interfaces/msg/wp_group_info.hpp
-- Installing: /home/robert/Projects/ros_ws/src/general/install/comp_tasks_interfaces/include/comp_tasks_interfaces/comp_tasks_interfaces/msg/named_local_wp.hpp
-- Installing: /home/robert/Projects/ros_ws/src/general/install/comp_tasks_interfaces/include/comp_tasks_interfaces/comp_tasks_interfaces/msg/task.hpp
-- Installing: /home/robert/Projects/ros_ws/src/general/install/comp_tasks_interfaces/include/comp_tasks_interfaces/comp_tasks_interfaces/msg/label_int.hpp
-- Installing: /home/robert/Projects/ros_ws/src/general/install/comp_tasks_interfaces/include/comp_tasks_interfaces/comp_tasks_interfaces/msg/rosidl_generator_cpp__visibility_control.hpp
-- Installing: /home/robert/Projects/ros_ws/src/general/install/comp_tasks_interfaces/include/comp_tasks_interfaces/comp_tasks_interfaces/msg/simplified_detection_array.hpp
-- Installing: /home/robert/Projects/ros_ws/src/general/install/comp_tasks_interfaces/include/comp_tasks_interfaces/comp_tasks_interfaces/msg/global_wp_info.hpp
-- Installing: /home/robert/Projects/ros_ws/src/general/install/comp_tasks_interfaces/include/comp_tasks_interfaces/comp_tasks_interfaces/msg/simplified_detection.hpp
-- Up-to-date: /home/robert/Projects/ros_ws/src/general/install/comp_tasks_interfaces/include/comp_tasks_interfaces/comp_tasks_interfaces/action
-- Up-to-date: /home/robert/Projects/ros_ws/src/general/install/comp_tasks_interfaces/include/comp_tasks_interfaces/comp_tasks_interfaces/action/detail
-- Installing: /home/robert/Projects/ros_ws/src/general/install/comp_tasks_interfaces/include/comp_tasks_interfaces/comp_tasks_interfaces/action/detail/task_signal__struct.hpp
-- Installing: /home/robert/Projects/ros_ws/src/general/install/comp_tasks_interfaces/include/comp_tasks_interfaces/comp_tasks_interfaces/action/detail/task_signal__type_support.hpp
-- Installing: /home/robert/Projects/ros_ws/src/general/install/comp_tasks_interfaces/include/comp_tasks_interfaces/comp_tasks_interfaces/action/detail/task_signal__builder.hpp
-- Installing: /home/robert/Projects/ros_ws/src/general/install/comp_tasks_interfaces/include/comp_tasks_interfaces/comp_tasks_interfaces/action/detail/task_signal__traits.hpp
-- Installing: /home/robert/Projects/ros_ws/src/general/install/comp_tasks_interfaces/include/comp_tasks_interfaces/comp_tasks_interfaces/action/task_signal.hpp
-- Up-to-date: /home/robert/Projects/ros_ws/src/general/install/comp_tasks_interfaces/include/comp_tasks_interfaces/comp_tasks_interfaces
-- Up-to-date: /home/robert/Projects/ros_ws/src/general/install/comp_tasks_interfaces/include/comp_tasks_interfaces/comp_tasks_interfaces/msg
-- Up-to-date: /home/robert/Projects/ros_ws/src/general/install/comp_tasks_interfaces/include/comp_tasks_interfaces/comp_tasks_interfaces/msg/detail
-- Installing: /home/robert/Projects/ros_ws/src/general/install/comp_tasks_interfaces/include/comp_tasks_interfaces/comp_tasks_interfaces/msg/detail/wp_info__rosidl_typesupport_fastrtps_cpp.hpp
-- Installing: /home/robert/Projects/ros_ws/src/general/install/comp_tasks_interfaces/include/comp_tasks_interfaces/comp_tasks_interfaces/msg/detail/simplified_detection_array__rosidl_typesupport_fastrtps_cpp.hpp
-- Installing: /home/robert/Projects/ros_ws/src/general/install/comp_tasks_interfaces/include/comp_tasks_interfaces/comp_tasks_interfaces/msg/detail/task__rosidl_typesupport_fastrtps_cpp.hpp
-- Installing: /home/robert/Projects/ros_ws/src/general/install/comp_tasks_interfaces/include/comp_tasks_interfaces/comp_tasks_interfaces/msg/detail/global_wp_info__rosidl_typesupport_fastrtps_cpp.hpp
-- Installing: /home/robert/Projects/ros_ws/src/general/install/comp_tasks_interfaces/include/comp_tasks_interfaces/comp_tasks_interfaces/msg/detail/label_int__rosidl_typesupport_fastrtps_cpp.hpp
-- Installing: /home/robert/Projects/ros_ws/src/general/install/comp_tasks_interfaces/include/comp_tasks_interfaces/comp_tasks_interfaces/msg/detail/start_task__rosidl_typesupport_fastrtps_cpp.hpp
-- Installing: /home/robert/Projects/ros_ws/src/general/install/comp_tasks_interfaces/include/comp_tasks_interfaces/comp_tasks_interfaces/msg/detail/wp_group_info__rosidl_typesupport_fastrtps_cpp.hpp
-- Installing: /home/robert/Projects/ros_ws/src/general/install/comp_tasks_interfaces/include/comp_tasks_interfaces/comp_tasks_interfaces/msg/detail/dds_fastrtps
-- Installing: /home/robert/Projects/ros_ws/src/general/install/comp_tasks_interfaces/include/comp_tasks_interfaces/comp_tasks_interfaces/msg/detail/simplified_detection__rosidl_typesupport_fastrtps_cpp.hpp
-- Installing: /home/robert/Projects/ros_ws/src/general/install/comp_tasks_interfaces/include/comp_tasks_interfaces/comp_tasks_interfaces/msg/detail/named_local_wp__rosidl_typesupport_fastrtps_cpp.hpp
-- Installing: /home/robert/Projects/ros_ws/src/general/install/comp_tasks_interfaces/include/comp_tasks_interfaces/comp_tasks_interfaces/msg/rosidl_typesupport_fastrtps_cpp__visibility_control.h
-- Up-to-date: /home/robert/Projects/ros_ws/src/general/install/comp_tasks_interfaces/include/comp_tasks_interfaces/comp_tasks_interfaces/action
-- Up-to-date: /home/robert/Projects/ros_ws/src/general/install/comp_tasks_interfaces/include/comp_tasks_interfaces/comp_tasks_interfaces/action/detail
-- Installing: /home/robert/Projects/ros_ws/src/general/install/comp_tasks_interfaces/include/comp_tasks_interfaces/comp_tasks_interfaces/action/detail/task_signal__rosidl_typesupport_fastrtps_cpp.hpp
-- Installing: /home/robert/Projects/ros_ws/src/general/install/comp_tasks_interfaces/include/comp_tasks_interfaces/comp_tasks_interfaces/action/detail/dds_fastrtps
-- Installing: /home/robert/Projects/ros_ws/src/general/install/comp_tasks_interfaces/lib/libcomp_tasks_interfaces__rosidl_typesupport_fastrtps_cpp.so
-- Set runtime path of "/home/robert/Projects/ros_ws/src/general/install/comp_tasks_interfaces/lib/libcomp_tasks_interfaces__rosidl_typesupport_fastrtps_cpp.so" to ""
-- Up-to-date: /home/robert/Projects/ros_ws/src/general/install/comp_tasks_interfaces/include/comp_tasks_interfaces/comp_tasks_interfaces
-- Up-to-date: /home/robert/Projects/ros_ws/src/general/install/comp_tasks_interfaces/include/comp_tasks_interfaces/comp_tasks_interfaces/msg
-- Up-to-date: /home/robert/Projects/ros_ws/src/general/install/comp_tasks_interfaces/include/comp_tasks_interfaces/comp_tasks_interfaces/msg/detail
-- Installing: /home/robert/Projects/ros_ws/src/general/install/comp_tasks_interfaces/include/comp_tasks_interfaces/comp_tasks_interfaces/msg/detail/start_task__rosidl_typesupport_introspection_c.h
-- Installing: /home/robert/Projects/ros_ws/src/general/install/comp_tasks_interfaces/include/comp_tasks_interfaces/comp_tasks_interfaces/msg/detail/wp_group_info__rosidl_typesupport_introspection_c.h
-- Installing: /home/robert/Projects/ros_ws/src/general/install/comp_tasks_interfaces/include/comp_tasks_interfaces/comp_tasks_interfaces/msg/detail/wp_info__type_support.c
-- Installing: /home/robert/Projects/ros_ws/src/general/install/comp_tasks_interfaces/include/comp_tasks_interfaces/comp_tasks_interfaces/msg/detail/global_wp_info__type_support.c
-- Installing: /home/robert/Projects/ros_ws/src/general/install/comp_tasks_interfaces/include/comp_tasks_interfaces/comp_tasks_interfaces/msg/detail/wp_info__rosidl_typesupport_introspection_c.h
-- Installing: /home/robert/Projects/ros_ws/src/general/install/comp_tasks_interfaces/include/comp_tasks_interfaces/comp_tasks_interfaces/msg/detail/simplified_detection__rosidl_typesupport_introspection_c.h
-- Installing: /home/robert/Projects/ros_ws/src/general/install/comp_tasks_interfaces/include/comp_tasks_interfaces/comp_tasks_interfaces/msg/detail/named_local_wp__type_support.c
-- Installing: /home/robert/Projects/ros_ws/src/general/install/comp_tasks_interfaces/include/comp_tasks_interfaces/comp_tasks_interfaces/msg/detail/task__rosidl_typesupport_introspection_c.h
-- Installing: /home/robert/Projects/ros_ws/src/general/install/comp_tasks_interfaces/include/comp_tasks_interfaces/comp_tasks_interfaces/msg/detail/start_task__type_support.c
-- Installing: /home/robert/Projects/ros_ws/src/general/install/comp_tasks_interfaces/include/comp_tasks_interfaces/comp_tasks_interfaces/msg/detail/label_int__rosidl_typesupport_introspection_c.h
-- Installing: /home/robert/Projects/ros_ws/src/general/install/comp_tasks_interfaces/include/comp_tasks_interfaces/comp_tasks_interfaces/msg/detail/label_int__type_support.c
-- Installing: /home/robert/Projects/ros_ws/src/general/install/comp_tasks_interfaces/include/comp_tasks_interfaces/comp_tasks_interfaces/msg/detail/simplified_detection_array__type_support.c
-- Installing: /home/robert/Projects/ros_ws/src/general/install/comp_tasks_interfaces/include/comp_tasks_interfaces/comp_tasks_interfaces/msg/detail/simplified_detection__type_support.c
-- Installing: /home/robert/Projects/ros_ws/src/general/install/comp_tasks_interfaces/include/comp_tasks_interfaces/comp_tasks_interfaces/msg/detail/task__type_support.c
-- Installing: /home/robert/Projects/ros_ws/src/general/install/comp_tasks_interfaces/include/comp_tasks_interfaces/comp_tasks_interfaces/msg/detail/simplified_detection_array__rosidl_typesupport_introspection_c.h
-- Installing: /home/robert/Projects/ros_ws/src/general/install/comp_tasks_interfaces/include/comp_tasks_interfaces/comp_tasks_interfaces/msg/detail/global_wp_info__rosidl_typesupport_introspection_c.h
-- Installing: /home/robert/Projects/ros_ws/src/general/install/comp_tasks_interfaces/include/comp_tasks_interfaces/comp_tasks_interfaces/msg/detail/wp_group_info__type_support.c
-- Installing: /home/robert/Projects/ros_ws/src/general/install/comp_tasks_interfaces/include/comp_tasks_interfaces/comp_tasks_interfaces/msg/detail/named_local_wp__rosidl_typesupport_introspection_c.h
-- Installing: /home/robert/Projects/ros_ws/src/general/install/comp_tasks_interfaces/include/comp_tasks_interfaces/comp_tasks_interfaces/msg/rosidl_typesupport_introspection_c__visibility_control.h
-- Up-to-date: /home/robert/Projects/ros_ws/src/general/install/comp_tasks_interfaces/include/comp_tasks_interfaces/comp_tasks_interfaces/action
-- Up-to-date: /home/robert/Projects/ros_ws/src/general/install/comp_tasks_interfaces/include/comp_tasks_interfaces/comp_tasks_interfaces/action/detail
-- Installing: /home/robert/Projects/ros_ws/src/general/install/comp_tasks_interfaces/include/comp_tasks_interfaces/comp_tasks_interfaces/action/detail/task_signal__rosidl_typesupport_introspection_c.h
-- Installing: /home/robert/Projects/ros_ws/src/general/install/comp_tasks_interfaces/include/comp_tasks_interfaces/comp_tasks_interfaces/action/detail/task_signal__type_support.c
-- Installing: /home/robert/Projects/ros_ws/src/general/install/comp_tasks_interfaces/lib/libcomp_tasks_interfaces__rosidl_typesupport_introspection_c.so
-- Set runtime path of "/home/robert/Projects/ros_ws/src/general/install/comp_tasks_interfaces/lib/libcomp_tasks_interfaces__rosidl_typesupport_introspection_c.so" to ""
-- Installing: /home/robert/Projects/ros_ws/src/general/install/comp_tasks_interfaces/lib/libcomp_tasks_interfaces__rosidl_typesupport_c.so
-- Set runtime path of "/home/robert/Projects/ros_ws/src/general/install/comp_tasks_interfaces/lib/libcomp_tasks_interfaces__rosidl_typesupport_c.so" to ""
-- Up-to-date: /home/robert/Projects/ros_ws/src/general/install/comp_tasks_interfaces/include/comp_tasks_interfaces/comp_tasks_interfaces
-- Up-to-date: /home/robert/Projects/ros_ws/src/general/install/comp_tasks_interfaces/include/comp_tasks_interfaces/comp_tasks_interfaces/msg
-- Up-to-date: /home/robert/Projects/ros_ws/src/general/install/comp_tasks_interfaces/include/comp_tasks_interfaces/comp_tasks_interfaces/msg/detail
-- Installing: /home/robert/Projects/ros_ws/src/general/install/comp_tasks_interfaces/include/comp_tasks_interfaces/comp_tasks_interfaces/msg/detail/simplified_detection__rosidl_typesupport_introspection_cpp.hpp
-- Installing: /home/robert/Projects/ros_ws/src/general/install/comp_tasks_interfaces/include/comp_tasks_interfaces/comp_tasks_interfaces/msg/detail/simplified_detection__type_support.cpp
-- Installing: /home/robert/Projects/ros_ws/src/general/install/comp_tasks_interfaces/include/comp_tasks_interfaces/comp_tasks_interfaces/msg/detail/start_task__type_support.cpp
-- Installing: /home/robert/Projects/ros_ws/src/general/install/comp_tasks_interfaces/include/comp_tasks_interfaces/comp_tasks_interfaces/msg/detail/wp_info__rosidl_typesupport_introspection_cpp.hpp
-- Installing: /home/robert/Projects/ros_ws/src/general/install/comp_tasks_interfaces/include/comp_tasks_interfaces/comp_tasks_interfaces/msg/detail/start_task__rosidl_typesupport_introspection_cpp.hpp
-- Installing: /home/robert/Projects/ros_ws/src/general/install/comp_tasks_interfaces/include/comp_tasks_interfaces/comp_tasks_interfaces/msg/detail/wp_group_info__rosidl_typesupport_introspection_cpp.hpp
-- Installing: /home/robert/Projects/ros_ws/src/general/install/comp_tasks_interfaces/include/comp_tasks_interfaces/comp_tasks_interfaces/msg/detail/simplified_detection_array__rosidl_typesupport_introspection_cpp.hpp
-- Installing: /home/robert/Projects/ros_ws/src/general/install/comp_tasks_interfaces/include/comp_tasks_interfaces/comp_tasks_interfaces/msg/detail/wp_group_info__type_support.cpp
-- Installing: /home/robert/Projects/ros_ws/src/general/install/comp_tasks_interfaces/include/comp_tasks_interfaces/comp_tasks_interfaces/msg/detail/named_local_wp__rosidl_typesupport_introspection_cpp.hpp
-- Installing: /home/robert/Projects/ros_ws/src/general/install/comp_tasks_interfaces/include/comp_tasks_interfaces/comp_tasks_interfaces/msg/detail/global_wp_info__type_support.cpp
-- Installing: /home/robert/Projects/ros_ws/src/general/install/comp_tasks_interfaces/include/comp_tasks_interfaces/comp_tasks_interfaces/msg/detail/label_int__rosidl_typesupport_introspection_cpp.hpp
-- Installing: /home/robert/Projects/ros_ws/src/general/install/comp_tasks_interfaces/include/comp_tasks_interfaces/comp_tasks_interfaces/msg/detail/task__type_support.cpp
-- Installing: /home/robert/Projects/ros_ws/src/general/install/comp_tasks_interfaces/include/comp_tasks_interfaces/comp_tasks_interfaces/msg/detail/task__rosidl_typesupport_introspection_cpp.hpp
-- Installing: /home/robert/Projects/ros_ws/src/general/install/comp_tasks_interfaces/include/comp_tasks_interfaces/comp_tasks_interfaces/msg/detail/wp_info__type_support.cpp
-- Installing: /home/robert/Projects/ros_ws/src/general/install/comp_tasks_interfaces/include/comp_tasks_interfaces/comp_tasks_interfaces/msg/detail/simplified_detection_array__type_support.cpp
-- Installing: /home/robert/Projects/ros_ws/src/general/install/comp_tasks_interfaces/include/comp_tasks_interfaces/comp_tasks_interfaces/msg/detail/label_int__type_support.cpp
-- Installing: /home/robert/Projects/ros_ws/src/general/install/comp_tasks_interfaces/include/comp_tasks_interfaces/comp_tasks_interfaces/msg/detail/global_wp_info__rosidl_typesupport_introspection_cpp.hpp
-- Installing: /home/robert/Projects/ros_ws/src/general/install/comp_tasks_interfaces/include/comp_tasks_interfaces/comp_tasks_interfaces/msg/detail/named_local_wp__type_support.cpp
-- Up-to-date: /home/robert/Projects/ros_ws/src/general/install/comp_tasks_interfaces/include/comp_tasks_interfaces/comp_tasks_interfaces/action
-- Up-to-date: /home/robert/Projects/ros_ws/src/general/install/comp_tasks_interfaces/include/comp_tasks_interfaces/comp_tasks_interfaces/action/detail
-- Installing: /home/robert/Projects/ros_ws/src/general/install/comp_tasks_interfaces/include/comp_tasks_interfaces/comp_tasks_interfaces/action/detail/task_signal__type_support.cpp
-- Installing: /home/robert/Projects/ros_ws/src/general/install/comp_tasks_interfaces/include/comp_tasks_interfaces/comp_tasks_interfaces/action/detail/task_signal__rosidl_typesupport_introspection_cpp.hpp
-- Installing: /home/robert/Projects/ros_ws/src/general/install/comp_tasks_interfaces/lib/libcomp_tasks_interfaces__rosidl_typesupport_introspection_cpp.so
-- Set runtime path of "/home/robert/Projects/ros_ws/src/general/install/comp_tasks_interfaces/lib/libcomp_tasks_interfaces__rosidl_typesupport_introspection_cpp.so" to ""
-- Installing: /home/robert/Projects/ros_ws/src/general/install/comp_tasks_interfaces/lib/libcomp_tasks_interfaces__rosidl_typesupport_cpp.so
-- Set runtime path of "/home/robert/Projects/ros_ws/src/general/install/comp_tasks_interfaces/lib/libcomp_tasks_interfaces__rosidl_typesupport_cpp.so" to ""
-- Installing: /home/robert/Projects/ros_ws/src/general/install/comp_tasks_interfaces/share/comp_tasks_interfaces/environment/pythonpath.sh
-- Installing: /home/robert/Projects/ros_ws/src/general/install/comp_tasks_interfaces/share/comp_tasks_interfaces/environment/pythonpath.dsv
-- Installing: /home/robert/Projects/ros_ws/src/general/install/comp_tasks_interfaces/local/lib/python3.10/dist-packages/comp_tasks_interfaces-0.0.0-py3.10.egg-info
-- Installing: /home/robert/Projects/ros_ws/src/general/install/comp_tasks_interfaces/local/lib/python3.10/dist-packages/comp_tasks_interfaces-0.0.0-py3.10.egg-info/PKG-INFO
-- Installing: /home/robert/Projects/ros_ws/src/general/install/comp_tasks_interfaces/local/lib/python3.10/dist-packages/comp_tasks_interfaces-0.0.0-py3.10.egg-info/top_level.txt
-- Installing: /home/robert/Projects/ros_ws/src/general/install/comp_tasks_interfaces/local/lib/python3.10/dist-packages/comp_tasks_interfaces-0.0.0-py3.10.egg-info/dependency_links.txt
-- Installing: /home/robert/Projects/ros_ws/src/general/install/comp_tasks_interfaces/local/lib/python3.10/dist-packages/comp_tasks_interfaces-0.0.0-py3.10.egg-info/SOURCES.txt
-- Installing: /home/robert/Projects/ros_ws/src/general/install/comp_tasks_interfaces/local/lib/python3.10/dist-packages/comp_tasks_interfaces
-- Installing: /home/robert/Projects/ros_ws/src/general/install/comp_tasks_interfaces/local/lib/python3.10/dist-packages/comp_tasks_interfaces/msg
-- Installing: /home/robert/Projects/ros_ws/src/general/install/comp_tasks_interfaces/local/lib/python3.10/dist-packages/comp_tasks_interfaces/msg/_simplified_detection.py
-- Installing: /home/robert/Projects/ros_ws/src/general/install/comp_tasks_interfaces/local/lib/python3.10/dist-packages/comp_tasks_interfaces/msg/_start_task_s.c
-- Installing: /home/robert/Projects/ros_ws/src/general/install/comp_tasks_interfaces/local/lib/python3.10/dist-packages/comp_tasks_interfaces/msg/_task.py
-- Installing: /home/robert/Projects/ros_ws/src/general/install/comp_tasks_interfaces/local/lib/python3.10/dist-packages/comp_tasks_interfaces/msg/_wp_info_s.c
-- Installing: /home/robert/Projects/ros_ws/src/general/install/comp_tasks_interfaces/local/lib/python3.10/dist-packages/comp_tasks_interfaces/msg/_start_task.py
-- Installing: /home/robert/Projects/ros_ws/src/general/install/comp_tasks_interfaces/local/lib/python3.10/dist-packages/comp_tasks_interfaces/msg/_label_int_s.c
-- Installing: /home/robert/Projects/ros_ws/src/general/install/comp_tasks_interfaces/local/lib/python3.10/dist-packages/comp_tasks_interfaces/msg/_named_local_wp.py
-- Installing: /home/robert/Projects/ros_ws/src/general/install/comp_tasks_interfaces/local/lib/python3.10/dist-packages/comp_tasks_interfaces/msg/_task_s.c
-- Installing: /home/robert/Projects/ros_ws/src/general/install/comp_tasks_interfaces/local/lib/python3.10/dist-packages/comp_tasks_interfaces/msg/_global_wp_info_s.c
-- Installing: /home/robert/Projects/ros_ws/src/general/install/comp_tasks_interfaces/local/lib/python3.10/dist-packages/comp_tasks_interfaces/msg/_wp_group_info_s.c
-- Installing: /home/robert/Projects/ros_ws/src/general/install/comp_tasks_interfaces/local/lib/python3.10/dist-packages/comp_tasks_interfaces/msg/_named_local_wp_s.c
-- Installing: /home/robert/Projects/ros_ws/src/general/install/comp_tasks_interfaces/local/lib/python3.10/dist-packages/comp_tasks_interfaces/msg/_global_wp_info.py
-- Installing: /home/robert/Projects/ros_ws/src/general/install/comp_tasks_interfaces/local/lib/python3.10/dist-packages/comp_tasks_interfaces/msg/_simplified_detection_array.py
-- Installing: /home/robert/Projects/ros_ws/src/general/install/comp_tasks_interfaces/local/lib/python3.10/dist-packages/comp_tasks_interfaces/msg/_wp_group_info.py
-- Installing: /home/robert/Projects/ros_ws/src/general/install/comp_tasks_interfaces/local/lib/python3.10/dist-packages/comp_tasks_interfaces/msg/__init__.py
-- Installing: /home/robert/Projects/ros_ws/src/general/install/comp_tasks_interfaces/local/lib/python3.10/dist-packages/comp_tasks_interfaces/msg/_wp_info.py
-- Installing: /home/robert/Projects/ros_ws/src/general/install/comp_tasks_interfaces/local/lib/python3.10/dist-packages/comp_tasks_interfaces/msg/_simplified_detection_s.c
-- Installing: /home/robert/Projects/ros_ws/src/general/install/comp_tasks_interfaces/local/lib/python3.10/dist-packages/comp_tasks_interfaces/msg/_simplified_detection_array_s.c
-- Installing: /home/robert/Projects/ros_ws/src/general/install/comp_tasks_interfaces/local/lib/python3.10/dist-packages/comp_tasks_interfaces/msg/_label_int.py
-- Installing: /home/robert/Projects/ros_ws/src/general/install/comp_tasks_interfaces/local/lib/python3.10/dist-packages/comp_tasks_interfaces/libcomp_tasks_interfaces__rosidl_generator_py.so
-- Installing: /home/robert/Projects/ros_ws/src/general/install/comp_tasks_interfaces/local/lib/python3.10/dist-packages/comp_tasks_interfaces/comp_tasks_interfaces_s__rosidl_typesupport_fastrtps_c.cpython-310-x86_64-linux-gnu.so
-- Installing: /home/robert/Projects/ros_ws/src/general/install/comp_tasks_interfaces/local/lib/python3.10/dist-packages/comp_tasks_interfaces/comp_tasks_interfaces_s__rosidl_typesupport_c.cpython-310-x86_64-linux-gnu.so
-- Installing: /home/robert/Projects/ros_ws/src/general/install/comp_tasks_interfaces/local/lib/python3.10/dist-packages/comp_tasks_interfaces/action
-- Installing: /home/robert/Projects/ros_ws/src/general/install/comp_tasks_interfaces/local/lib/python3.10/dist-packages/comp_tasks_interfaces/action/_task_signal.py
-- Installing: /home/robert/Projects/ros_ws/src/general/install/comp_tasks_interfaces/local/lib/python3.10/dist-packages/comp_tasks_interfaces/action/__init__.py
-- Installing: /home/robert/Projects/ros_ws/src/general/install/comp_tasks_interfaces/local/lib/python3.10/dist-packages/comp_tasks_interfaces/action/_task_signal_s.c
-- Installing: /home/robert/Projects/ros_ws/src/general/install/comp_tasks_interfaces/local/lib/python3.10/dist-packages/comp_tasks_interfaces/__init__.py
-- Installing: /home/robert/Projects/ros_ws/src/general/install/comp_tasks_interfaces/local/lib/python3.10/dist-packages/comp_tasks_interfaces/_comp_tasks_interfaces_s.ep.rosidl_typesupport_c.c
-- Installing: /home/robert/Projects/ros_ws/src/general/install/comp_tasks_interfaces/local/lib/python3.10/dist-packages/comp_tasks_interfaces/comp_tasks_interfaces_s__rosidl_typesupport_introspection_c.cpython-310-x86_64-linux-gnu.so
-- Installing: /home/robert/Projects/ros_ws/src/general/install/comp_tasks_interfaces/local/lib/python3.10/dist-packages/comp_tasks_interfaces/_comp_tasks_interfaces_s.ep.rosidl_typesupport_fastrtps_c.c
-- Installing: /home/robert/Projects/ros_ws/src/general/install/comp_tasks_interfaces/local/lib/python3.10/dist-packages/comp_tasks_interfaces/_comp_tasks_interfaces_s.ep.rosidl_typesupport_introspection_c.c
Listing '/home/robert/Projects/ros_ws/src/general/install/comp_tasks_interfaces/local/lib/python3.10/dist-packages/comp_tasks_interfaces'...
Compiling '/home/robert/Projects/ros_ws/src/general/install/comp_tasks_interfaces/local/lib/python3.10/dist-packages/comp_tasks_interfaces/__init__.py'...
Listing '/home/robert/Projects/ros_ws/src/general/install/comp_tasks_interfaces/local/lib/python3.10/dist-packages/comp_tasks_interfaces/action'...
Compiling '/home/robert/Projects/ros_ws/src/general/install/comp_tasks_interfaces/local/lib/python3.10/dist-packages/comp_tasks_interfaces/action/__init__.py'...
Compiling '/home/robert/Projects/ros_ws/src/general/install/comp_tasks_interfaces/local/lib/python3.10/dist-packages/comp_tasks_interfaces/action/_task_signal.py'...
Listing '/home/robert/Projects/ros_ws/src/general/install/comp_tasks_interfaces/local/lib/python3.10/dist-packages/comp_tasks_interfaces/msg'...
Compiling '/home/robert/Projects/ros_ws/src/general/install/comp_tasks_interfaces/local/lib/python3.10/dist-packages/comp_tasks_interfaces/msg/__init__.py'...
Compiling '/home/robert/Projects/ros_ws/src/general/install/comp_tasks_interfaces/local/lib/python3.10/dist-packages/comp_tasks_interfaces/msg/_global_wp_info.py'...
Compiling '/home/robert/Projects/ros_ws/src/general/install/comp_tasks_interfaces/local/lib/python3.10/dist-packages/comp_tasks_interfaces/msg/_label_int.py'...
Compiling '/home/robert/Projects/ros_ws/src/general/install/comp_tasks_interfaces/local/lib/python3.10/dist-packages/comp_tasks_interfaces/msg/_named_local_wp.py'...
Compiling '/home/robert/Projects/ros_ws/src/general/install/comp_tasks_interfaces/local/lib/python3.10/dist-packages/comp_tasks_interfaces/msg/_simplified_detection.py'...
Compiling '/home/robert/Projects/ros_ws/src/general/install/comp_tasks_interfaces/local/lib/python3.10/dist-packages/comp_tasks_interfaces/msg/_simplified_detection_array.py'...
Compiling '/home/robert/Projects/ros_ws/src/general/install/comp_tasks_interfaces/local/lib/python3.10/dist-packages/comp_tasks_interfaces/msg/_start_task.py'...
Compiling '/home/robert/Projects/ros_ws/src/general/install/comp_tasks_interfaces/local/lib/python3.10/dist-packages/comp_tasks_interfaces/msg/_task.py'...
Compiling '/home/robert/Projects/ros_ws/src/general/install/comp_tasks_interfaces/local/lib/python3.10/dist-packages/comp_tasks_interfaces/msg/_wp_group_info.py'...
Compiling '/home/robert/Projects/ros_ws/src/general/install/comp_tasks_interfaces/local/lib/python3.10/dist-packages/comp_tasks_interfaces/msg/_wp_info.py'...
-- Installing: /home/robert/Projects/ros_ws/src/general/install/comp_tasks_interfaces/local/lib/python3.10/dist-packages/comp_tasks_interfaces/comp_tasks_interfaces_s__rosidl_typesupport_fastrtps_c.cpython-310-x86_64-linux-gnu.so
-- Set runtime path of "/home/robert/Projects/ros_ws/src/general/install/comp_tasks_interfaces/local/lib/python3.10/dist-packages/comp_tasks_interfaces/comp_tasks_interfaces_s__rosidl_typesupport_fastrtps_c.cpython-310-x86_64-linux-gnu.so" to ""
-- Installing: /home/robert/Projects/ros_ws/src/general/install/comp_tasks_interfaces/local/lib/python3.10/dist-packages/comp_tasks_interfaces/comp_tasks_interfaces_s__rosidl_typesupport_introspection_c.cpython-310-x86_64-linux-gnu.so
-- Set runtime path of "/home/robert/Projects/ros_ws/src/general/install/comp_tasks_interfaces/local/lib/python3.10/dist-packages/comp_tasks_interfaces/comp_tasks_interfaces_s__rosidl_typesupport_introspection_c.cpython-310-x86_64-linux-gnu.so" to ""
-- Installing: /home/robert/Projects/ros_ws/src/general/install/comp_tasks_interfaces/local/lib/python3.10/dist-packages/comp_tasks_interfaces/comp_tasks_interfaces_s__rosidl_typesupport_c.cpython-310-x86_64-linux-gnu.so
-- Set runtime path of "/home/robert/Projects/ros_ws/src/general/install/comp_tasks_interfaces/local/lib/python3.10/dist-packages/comp_tasks_interfaces/comp_tasks_interfaces_s__rosidl_typesupport_c.cpython-310-x86_64-linux-gnu.so" to ""
-- Installing: /home/robert/Projects/ros_ws/src/general/install/comp_tasks_interfaces/lib/libcomp_tasks_interfaces__rosidl_generator_py.so
-- Set runtime path of "/home/robert/Projects/ros_ws/src/general/install/comp_tasks_interfaces/lib/libcomp_tasks_interfaces__rosidl_generator_py.so" to ""
-- Installing: /home/robert/Projects/ros_ws/src/general/install/comp_tasks_interfaces/share/comp_tasks_interfaces/msg/LabelInt.idl
-- Installing: /home/robert/Projects/ros_ws/src/general/install/comp_tasks_interfaces/share/comp_tasks_interfaces/msg/Task.idl
-- Installing: /home/robert/Projects/ros_ws/src/general/install/comp_tasks_interfaces/share/comp_tasks_interfaces/action/TaskSignal.idl
-- Installing: /home/robert/Projects/ros_ws/src/general/install/comp_tasks_interfaces/share/comp_tasks_interfaces/msg/StartTask.idl
-- Installing: /home/robert/Projects/ros_ws/src/general/install/comp_tasks_interfaces/share/comp_tasks_interfaces/msg/SimplifiedDetection.idl
-- Installing: /home/robert/Projects/ros_ws/src/general/install/comp_tasks_interfaces/share/comp_tasks_interfaces/msg/SimplifiedDetectionArray.idl
-- Installing: /home/robert/Projects/ros_ws/src/general/install/comp_tasks_interfaces/share/comp_tasks_interfaces/msg/WpInfo.idl
-- Installing: /home/robert/Projects/ros_ws/src/general/install/comp_tasks_interfaces/share/comp_tasks_interfaces/msg/GlobalWpInfo.idl
-- Installing: /home/robert/Projects/ros_ws/src/general/install/comp_tasks_interfaces/share/comp_tasks_interfaces/msg/WpGroupInfo.idl
-- Installing: /home/robert/Projects/ros_ws/src/general/install/comp_tasks_interfaces/share/comp_tasks_interfaces/msg/NamedLocalWp.idl
-- Installing: /home/robert/Projects/ros_ws/src/general/install/comp_tasks_interfaces/share/comp_tasks_interfaces/msg/LabelInt.msg
-- Installing: /home/robert/Projects/ros_ws/src/general/install/comp_tasks_interfaces/share/comp_tasks_interfaces/msg/Task.msg
-- Installing: /home/robert/Projects/ros_ws/src/general/install/comp_tasks_interfaces/share/comp_tasks_interfaces/action/TaskSignal.action
-- Installing: /home/robert/Projects/ros_ws/src/general/install/comp_tasks_interfaces/share/comp_tasks_interfaces/msg/StartTask.msg
-- Installing: /home/robert/Projects/ros_ws/src/general/install/comp_tasks_interfaces/share/comp_tasks_interfaces/msg/SimplifiedDetection.msg
-- Installing: /home/robert/Projects/ros_ws/src/general/install/comp_tasks_interfaces/share/comp_tasks_interfaces/msg/SimplifiedDetectionArray.msg
-- Installing: /home/robert/Projects/ros_ws/src/general/install/comp_tasks_interfaces/share/comp_tasks_interfaces/msg/WpInfo.msg
-- Installing: /home/robert/Projects/ros_ws/src/general/install/comp_tasks_interfaces/share/comp_tasks_interfaces/msg/GlobalWpInfo.msg
-- Installing: /home/robert/Projects/ros_ws/src/general/install/comp_tasks_interfaces/share/comp_tasks_interfaces/msg/WpGroupInfo.msg
-- Installing: /home/robert/Projects/ros_ws/src/general/install/comp_tasks_interfaces/share/comp_tasks_interfaces/msg/NamedLocalWp.msg
-- Installing: /home/robert/Projects/ros_ws/src/general/install/comp_tasks_interfaces/share/ament_index/resource_index/package_run_dependencies/comp_tasks_interfaces
-- Installing: /home/robert/Projects/ros_ws/src/general/install/comp_tasks_interfaces/share/ament_index/resource_index/parent_prefix_path/comp_tasks_interfaces
-- Installing: /home/robert/Projects/ros_ws/src/general/install/comp_tasks_interfaces/share/comp_tasks_interfaces/environment/ament_prefix_path.sh
-- Installing: /home/robert/Projects/ros_ws/src/general/install/comp_tasks_interfaces/share/comp_tasks_interfaces/environment/ament_prefix_path.dsv
-- Installing: /home/robert/Projects/ros_ws/src/general/install/comp_tasks_interfaces/share/comp_tasks_interfaces/environment/path.sh
-- Installing: /home/robert/Projects/ros_ws/src/general/install/comp_tasks_interfaces/share/comp_tasks_interfaces/environment/path.dsv
-- Installing: /home/robert/Projects/ros_ws/src/general/install/comp_tasks_interfaces/share/comp_tasks_interfaces/local_setup.bash
-- Installing: /home/robert/Projects/ros_ws/src/general/install/comp_tasks_interfaces/share/comp_tasks_interfaces/local_setup.sh
-- Installing: /home/robert/Projects/ros_ws/src/general/install/comp_tasks_interfaces/share/comp_tasks_interfaces/local_setup.zsh
-- Installing: /home/robert/Projects/ros_ws/src/general/install/comp_tasks_interfaces/share/comp_tasks_interfaces/local_setup.dsv
-- Installing: /home/robert/Projects/ros_ws/src/general/install/comp_tasks_interfaces/share/comp_tasks_interfaces/package.dsv
-- Installing: /home/robert/Projects/ros_ws/src/general/install/comp_tasks_interfaces/share/ament_index/resource_index/packages/comp_tasks_interfaces
-- Installing: /home/robert/Projects/ros_ws/src/general/install/comp_tasks_interfaces/share/comp_tasks_interfaces/cmake/export_comp_tasks_interfaces__rosidl_generator_cExport.cmake
-- Installing: /home/robert/Projects/ros_ws/src/general/install/comp_tasks_interfaces/share/comp_tasks_interfaces/cmake/export_comp_tasks_interfaces__rosidl_generator_cExport-noconfig.cmake
-- Installing: /home/robert/Projects/ros_ws/src/general/install/comp_tasks_interfaces/share/comp_tasks_interfaces/cmake/export_comp_tasks_interfaces__rosidl_typesupport_fastrtps_cExport.cmake
-- Installing: /home/robert/Projects/ros_ws/src/general/install/comp_tasks_interfaces/share/comp_tasks_interfaces/cmake/export_comp_tasks_interfaces__rosidl_typesupport_fastrtps_cExport-noconfig.cmake
-- Installing: /home/robert/Projects/ros_ws/src/general/install/comp_tasks_interfaces/share/comp_tasks_interfaces/cmake/export_comp_tasks_interfaces__rosidl_generator_cppExport.cmake
-- Installing: /home/robert/Projects/ros_ws/src/general/install/comp_tasks_interfaces/share/comp_tasks_interfaces/cmake/export_comp_tasks_interfaces__rosidl_typesupport_fastrtps_cppExport.cmake
-- Installing: /home/robert/Projects/ros_ws/src/general/install/comp_tasks_interfaces/share/comp_tasks_interfaces/cmake/export_comp_tasks_interfaces__rosidl_typesupport_fastrtps_cppExport-noconfig.cmake
-- Installing: /home/robert/Projects/ros_ws/src/general/install/comp_tasks_interfaces/share/comp_tasks_interfaces/cmake/comp_tasks_interfaces__rosidl_typesupport_introspection_cExport.cmake
-- Installing: /home/robert/Projects/ros_ws/src/general/install/comp_tasks_interfaces/share/comp_tasks_interfaces/cmake/comp_tasks_interfaces__rosidl_typesupport_introspection_cExport-noconfig.cmake
-- Installing: /home/robert/Projects/ros_ws/src/general/install/comp_tasks_interfaces/share/comp_tasks_interfaces/cmake/comp_tasks_interfaces__rosidl_typesupport_cExport.cmake
-- Installing: /home/robert/Projects/ros_ws/src/general/install/comp_tasks_interfaces/share/comp_tasks_interfaces/cmake/comp_tasks_interfaces__rosidl_typesupport_cExport-noconfig.cmake
-- Installing: /home/robert/Projects/ros_ws/src/general/install/comp_tasks_interfaces/share/comp_tasks_interfaces/cmake/comp_tasks_interfaces__rosidl_typesupport_introspection_cppExport.cmake
-- Installing: /home/robert/Projects/ros_ws/src/general/install/comp_tasks_interfaces/share/comp_tasks_interfaces/cmake/comp_tasks_interfaces__rosidl_typesupport_introspection_cppExport-noconfig.cmake
-- Installing: /home/robert/Projects/ros_ws/src/general/install/comp_tasks_interfaces/share/comp_tasks_interfaces/cmake/comp_tasks_interfaces__rosidl_typesupport_cppExport.cmake
-- Installing: /home/robert/Projects/ros_ws/src/general/install/comp_tasks_interfaces/share/comp_tasks_interfaces/cmake/comp_tasks_interfaces__rosidl_typesupport_cppExport-noconfig.cmake
-- Installing: /home/robert/Projects/ros_ws/src/general/install/comp_tasks_interfaces/share/comp_tasks_interfaces/cmake/export_comp_tasks_interfaces__rosidl_generator_pyExport.cmake
-- Installing: /home/robert/Projects/ros_ws/src/general/install/comp_tasks_interfaces/share/comp_tasks_interfaces/cmake/export_comp_tasks_interfaces__rosidl_generator_pyExport-noconfig.cmake
-- Installing: /home/robert/Projects/ros_ws/src/general/install/comp_tasks_interfaces/share/comp_tasks_interfaces/cmake/rosidl_cmake-extras.cmake
-- Installing: /home/robert/Projects/ros_ws/src/general/install/comp_tasks_interfaces/share/comp_tasks_interfaces/cmake/ament_cmake_export_dependencies-extras.cmake
-- Installing: /home/robert/Projects/ros_ws/src/general/install/comp_tasks_interfaces/share/comp_tasks_interfaces/cmake/ament_cmake_export_include_directories-extras.cmake
-- Installing: /home/robert/Projects/ros_ws/src/general/install/comp_tasks_interfaces/share/comp_tasks_interfaces/cmake/ament_cmake_export_libraries-extras.cmake
-- Installing: /home/robert/Projects/ros_ws/src/general/install/comp_tasks_interfaces/share/comp_tasks_interfaces/cmake/ament_cmake_export_targets-extras.cmake
-- Installing: /home/robert/Projects/ros_ws/src/general/install/comp_tasks_interfaces/share/comp_tasks_interfaces/cmake/rosidl_cmake_export_typesupport_targets-extras.cmake
-- Installing: /home/robert/Projects/ros_ws/src/general/install/comp_tasks_interfaces/share/comp_tasks_interfaces/cmake/rosidl_cmake_export_typesupport_libraries-extras.cmake
-- Installing: /home/robert/Projects/ros_ws/src/general/install/comp_tasks_interfaces/share/comp_tasks_interfaces/cmake/comp_tasks_interfacesConfig.cmake
-- Installing: /home/robert/Projects/ros_ws/src/general/install/comp_tasks_interfaces/share/comp_tasks_interfaces/cmake/comp_tasks_interfacesConfig-version.cmake
-- Installing: /home/robert/Projects/ros_ws/src/general/install/comp_tasks_interfaces/share/comp_tasks_interfaces/package.xml
