[0.022s] Invoking command in '/home/robert/Projects/ros_ws/src/general/build/comp_tasks_interfaces': AMENT_PREFIX_PATH=/home/robert/Projects/ros_ws/src/general/install/yolov8_msgs:${AMENT_PREFIX_PATH} CMAKE_PREFIX_PATH=/home/robert/Projects/ros_ws/src/general/install/yolov8_msgs:/opt/ros/humble LD_LIBRARY_PATH=/home/robert/Projects/ros_ws/src/general/install/yolov8_msgs/lib:${LD_LIBRARY_PATH} PYTHONPATH=/home/robert/Projects/ros_ws/src/general/install/yolov8_msgs/local/lib/python3.10/dist-packages:${PYTHONPATH} /usr/bin/cmake /home/robert/Projects/ros_ws/src/general/comp_tasks_interfaces -DCMAKE_INSTALL_PREFIX=/home/robert/Projects/ros_ws/src/general/install/comp_tasks_interfaces
[0.529s] -- The C compiler identification is GNU 11.4.0
[0.529s] -- The CXX compiler identification is GNU 11.4.0
[0.529s] -- Detecting C compiler ABI info
[0.530s] -- Detecting C compiler ABI info - done
[0.530s] -- Check for working C compiler: /usr/bin/cc - skipped
[0.530s] -- Detecting C compile features
[0.530s] -- Detecting C compile features - done
[0.530s] -- Detecting CXX compiler ABI info
[0.530s] -- Detecting CXX compiler ABI info - done
[0.532s] -- Check for working CXX compiler: /usr/bin/c++ - skipped
[0.533s] -- Detecting CXX compile features
[0.533s] -- Detecting CXX compile features - done
[0.534s] -- Found ament_cmake: 1.3.11 (/opt/ros/humble/share/ament_cmake/cmake)
[0.761s] -- Found Python3: /usr/bin/python3 (found version "3.10.12") found components: Interpreter 
[0.891s] -- Found geometry_msgs: 4.2.4 (/opt/ros/humble/share/geometry_msgs/cmake)
[0.937s] -- Found rosidl_generator_c: 3.1.6 (/opt/ros/humble/share/rosidl_generator_c/cmake)
[0.944s] -- Found rosidl_adapter: 3.1.6 (/opt/ros/humble/share/rosidl_adapter/cmake)
[0.956s] -- Found rosidl_generator_cpp: 3.1.6 (/opt/ros/humble/share/rosidl_generator_cpp/cmake)
[0.982s] -- Using all available rosidl_typesupport_c: rosidl_typesupport_fastrtps_c;rosidl_typesupport_introspection_c
[1.008s] -- Using all available rosidl_typesupport_cpp: rosidl_typesupport_fastrtps_cpp;rosidl_typesupport_introspection_cpp
[1.071s] -- Found geographic_msgs: 1.0.6 (/opt/ros/humble/share/geographic_msgs/cmake)
[1.139s] -- Found rosidl_default_generators: 1.2.0 (/opt/ros/humble/share/rosidl_default_generators/cmake)
[1.152s] -- Found yolov8_msgs: 0.0.0 (/home/robert/Projects/ros_ws/src/general/install/yolov8_msgs/share/yolov8_msgs/cmake)
[1.180s] -- Found sensor_msgs: 4.2.4 (/opt/ros/humble/share/sensor_msgs/cmake)
[2.119s] -- Found ament_cmake_ros: 0.10.0 (/opt/ros/humble/share/ament_cmake_ros/cmake)
[3.294s] -- Using all available rosidl_typesupport_c: rosidl_typesupport_fastrtps_c;rosidl_typesupport_introspection_c
[3.677s] -- Using all available rosidl_typesupport_cpp: rosidl_typesupport_fastrtps_cpp;rosidl_typesupport_introspection_cpp
[3.711s] -- Found PythonInterp: /usr/bin/python3 (found suitable version "3.10.12", minimum required is "3.6") 
[3.713s] -- Found python_cmake_module: 0.10.0 (/opt/ros/humble/share/python_cmake_module/cmake)
[3.751s] -- Found PythonLibs: /usr/lib/x86_64-linux-gnu/libpython3.10.so (found suitable version "3.10.12", minimum required is "3.5") 
[3.751s] -- Using PYTHON_EXECUTABLE: /usr/bin/python3
[3.752s] -- Using PYTHON_INCLUDE_DIRS: /usr/include/python3.10
[3.752s] -- Using PYTHON_LIBRARIES: /usr/lib/x86_64-linux-gnu/libpython3.10.so
[3.785s] -- Found PythonExtra: .so  
[3.945s] -- Found ament_lint_auto: 0.12.11 (/opt/ros/humble/share/ament_lint_auto/cmake)
[3.970s] -- Added test 'lint_cmake' to check CMake code style
[3.972s] -- Added test 'xmllint' to check XML markup files
[3.976s] -- Configuring done
[4.061s] -- Generating done
[4.084s] -- Build files have been written to: /home/robert/Projects/ros_ws/src/general/build/comp_tasks_interfaces
[4.098s] Invoked command in '/home/robert/Projects/ros_ws/src/general/build/comp_tasks_interfaces' returned '0': AMENT_PREFIX_PATH=/home/robert/Projects/ros_ws/src/general/install/yolov8_msgs:${AMENT_PREFIX_PATH} CMAKE_PREFIX_PATH=/home/robert/Projects/ros_ws/src/general/install/yolov8_msgs:/opt/ros/humble LD_LIBRARY_PATH=/home/robert/Projects/ros_ws/src/general/install/yolov8_msgs/lib:${LD_LIBRARY_PATH} PYTHONPATH=/home/robert/Projects/ros_ws/src/general/install/yolov8_msgs/local/lib/python3.10/dist-packages:${PYTHONPATH} /usr/bin/cmake /home/robert/Projects/ros_ws/src/general/comp_tasks_interfaces -DCMAKE_INSTALL_PREFIX=/home/robert/Projects/ros_ws/src/general/install/comp_tasks_interfaces
[4.100s] Invoking command in '/home/robert/Projects/ros_ws/src/general/build/comp_tasks_interfaces': AMENT_PREFIX_PATH=/home/robert/Projects/ros_ws/src/general/install/yolov8_msgs:${AMENT_PREFIX_PATH} CMAKE_PREFIX_PATH=/home/robert/Projects/ros_ws/src/general/install/yolov8_msgs:/opt/ros/humble LD_LIBRARY_PATH=/home/robert/Projects/ros_ws/src/general/install/yolov8_msgs/lib:${LD_LIBRARY_PATH} PYTHONPATH=/home/robert/Projects/ros_ws/src/general/install/yolov8_msgs/local/lib/python3.10/dist-packages:${PYTHONPATH} /usr/bin/cmake --build /home/robert/Projects/ros_ws/src/general/build/comp_tasks_interfaces -- -j12 -l12
[4.153s] [  1%] [34m[1mGenerating C code for ROS interfaces[0m
[4.170s] [  1%] [34m[1mGenerating C++ code for ROS interfaces[0m
[4.180s] [  1%] Built target ament_cmake_python_copy_comp_tasks_interfaces
[4.668s] running egg_info
[4.669s] creating comp_tasks_interfaces.egg-info
[4.669s] writing comp_tasks_interfaces.egg-info/PKG-INFO
[4.669s] writing dependency_links to comp_tasks_interfaces.egg-info/dependency_links.txt
[4.669s] writing top-level names to comp_tasks_interfaces.egg-info/top_level.txt
[4.670s] writing manifest file 'comp_tasks_interfaces.egg-info/SOURCES.txt'
[4.673s] reading manifest file 'comp_tasks_interfaces.egg-info/SOURCES.txt'
[4.675s] writing manifest file 'comp_tasks_interfaces.egg-info/SOURCES.txt'
[4.715s] [  1%] Built target ament_cmake_python_build_comp_tasks_interfaces_egg
[5.718s] [  2%] [32mBuilding C object CMakeFiles/comp_tasks_interfaces__rosidl_generator_c.dir/rosidl_generator_c/comp_tasks_interfaces/msg/detail/label_int__functions.c.o[0m
[5.719s] [  3%] [32mBuilding C object CMakeFiles/comp_tasks_interfaces__rosidl_generator_c.dir/rosidl_generator_c/comp_tasks_interfaces/msg/detail/task__functions.c.o[0m
[5.726s] [  4%] [32mBuilding C object CMakeFiles/comp_tasks_interfaces__rosidl_generator_c.dir/rosidl_generator_c/comp_tasks_interfaces/action/detail/task_signal__functions.c.o[0m
[5.736s] [  5%] [32mBuilding C object CMakeFiles/comp_tasks_interfaces__rosidl_generator_c.dir/rosidl_generator_c/comp_tasks_interfaces/msg/detail/start_task__functions.c.o[0m
[5.742s] [  6%] [32mBuilding C object CMakeFiles/comp_tasks_interfaces__rosidl_generator_c.dir/rosidl_generator_c/comp_tasks_interfaces/msg/detail/simplified_detection_array__functions.c.o[0m
[5.748s] [  7%] [32mBuilding C object CMakeFiles/comp_tasks_interfaces__rosidl_generator_c.dir/rosidl_generator_c/comp_tasks_interfaces/msg/detail/simplified_detection__functions.c.o[0m
[5.756s] [  8%] [32mBuilding C object CMakeFiles/comp_tasks_interfaces__rosidl_generator_c.dir/rosidl_generator_c/comp_tasks_interfaces/msg/detail/wp_info__functions.c.o[0m
[5.775s] [  9%] [32mBuilding C object CMakeFiles/comp_tasks_interfaces__rosidl_generator_c.dir/rosidl_generator_c/comp_tasks_interfaces/msg/detail/global_wp_info__functions.c.o[0m
[5.781s] [ 10%] [32mBuilding C object CMakeFiles/comp_tasks_interfaces__rosidl_generator_c.dir/rosidl_generator_c/comp_tasks_interfaces/msg/detail/wp_group_info__functions.c.o[0m
[5.805s] [ 11%] [32mBuilding C object CMakeFiles/comp_tasks_interfaces__rosidl_generator_c.dir/rosidl_generator_c/comp_tasks_interfaces/msg/detail/named_local_wp__functions.c.o[0m
[5.951s] [ 11%] Built target comp_tasks_interfaces__cpp
[5.969s] [ 13%] [34m[1mGenerating C++ introspection for ROS interfaces[0m
[5.970s] [ 13%] [34m[1mGenerating C++ type support dispatch for ROS interfaces[0m
[5.971s] [ 14%] [34m[1mGenerating C++ type support for eProsima Fast-RTPS[0m
[6.058s] [ 15%] [32m[1mLinking C shared library libcomp_tasks_interfaces__rosidl_generator_c.so[0m
[6.134s] [ 15%] Built target comp_tasks_interfaces__rosidl_generator_c
[6.154s] [ 16%] [34m[1mGenerating C introspection for ROS interfaces[0m
[6.154s] [ 17%] [34m[1mGenerating C type support dispatch for ROS interfaces[0m
[6.159s] [ 18%] [34m[1mGenerating C type support for eProsima Fast-RTPS[0m
[7.308s] [ 19%] [32mBuilding CXX object CMakeFiles/comp_tasks_interfaces__rosidl_typesupport_cpp.dir/rosidl_typesupport_cpp/comp_tasks_interfaces/action/task_signal__type_support.cpp.o[0m
[7.309s] [ 20%] [32mBuilding CXX object CMakeFiles/comp_tasks_interfaces__rosidl_typesupport_cpp.dir/rosidl_typesupport_cpp/comp_tasks_interfaces/msg/task__type_support.cpp.o[0m
[7.309s] [ 22%] [32mBuilding CXX object CMakeFiles/comp_tasks_interfaces__rosidl_typesupport_cpp.dir/rosidl_typesupport_cpp/comp_tasks_interfaces/msg/label_int__type_support.cpp.o[0m
[7.309s] [ 22%] [32mBuilding CXX object CMakeFiles/comp_tasks_interfaces__rosidl_typesupport_cpp.dir/rosidl_typesupport_cpp/comp_tasks_interfaces/msg/simplified_detection_array__type_support.cpp.o[0m
[7.318s] [ 23%] [32mBuilding CXX object CMakeFiles/comp_tasks_interfaces__rosidl_typesupport_cpp.dir/rosidl_typesupport_cpp/comp_tasks_interfaces/msg/wp_info__type_support.cpp.o[0m
[7.320s] [ 24%] [32mBuilding CXX object CMakeFiles/comp_tasks_interfaces__rosidl_typesupport_cpp.dir/rosidl_typesupport_cpp/comp_tasks_interfaces/msg/start_task__type_support.cpp.o[0m
[7.327s] [ 25%] [32mBuilding CXX object CMakeFiles/comp_tasks_interfaces__rosidl_typesupport_cpp.dir/rosidl_typesupport_cpp/comp_tasks_interfaces/msg/simplified_detection__type_support.cpp.o[0m
[7.990s] [ 26%] [32mBuilding CXX object CMakeFiles/comp_tasks_interfaces__rosidl_typesupport_c.dir/rosidl_typesupport_c/comp_tasks_interfaces/msg/label_int__type_support.cpp.o[0m
[8.137s] [ 27%] [32mBuilding CXX object CMakeFiles/comp_tasks_interfaces__rosidl_typesupport_c.dir/rosidl_typesupport_c/comp_tasks_interfaces/msg/task__type_support.cpp.o[0m
[8.316s] [ 28%] [32mBuilding CXX object CMakeFiles/comp_tasks_interfaces__rosidl_typesupport_c.dir/rosidl_typesupport_c/comp_tasks_interfaces/action/task_signal__type_support.cpp.o[0m
[8.323s] [ 29%] [32mBuilding CXX object CMakeFiles/comp_tasks_interfaces__rosidl_typesupport_c.dir/rosidl_typesupport_c/comp_tasks_interfaces/msg/start_task__type_support.cpp.o[0m
[8.389s] [ 30%] [32mBuilding CXX object CMakeFiles/comp_tasks_interfaces__rosidl_typesupport_cpp.dir/rosidl_typesupport_cpp/comp_tasks_interfaces/msg/global_wp_info__type_support.cpp.o[0m
[8.414s] [ 31%] [32mBuilding CXX object CMakeFiles/comp_tasks_interfaces__rosidl_typesupport_cpp.dir/rosidl_typesupport_cpp/comp_tasks_interfaces/msg/wp_group_info__type_support.cpp.o[0m
[8.463s] [ 32%] [32mBuilding CXX object CMakeFiles/comp_tasks_interfaces__rosidl_typesupport_cpp.dir/rosidl_typesupport_cpp/comp_tasks_interfaces/msg/named_local_wp__type_support.cpp.o[0m
[8.490s] [ 33%] [32mBuilding CXX object CMakeFiles/comp_tasks_interfaces__rosidl_typesupport_c.dir/rosidl_typesupport_c/comp_tasks_interfaces/msg/simplified_detection__type_support.cpp.o[0m
[8.519s] [ 34%] [32mBuilding CXX object CMakeFiles/comp_tasks_interfaces__rosidl_typesupport_introspection_cpp.dir/rosidl_typesupport_introspection_cpp/comp_tasks_interfaces/msg/detail/label_int__type_support.cpp.o[0m
[8.574s] [ 35%] [32mBuilding CXX object CMakeFiles/comp_tasks_interfaces__rosidl_typesupport_introspection_cpp.dir/rosidl_typesupport_introspection_cpp/comp_tasks_interfaces/msg/detail/task__type_support.cpp.o[0m
[8.607s] [ 36%] [32mBuilding CXX object CMakeFiles/comp_tasks_interfaces__rosidl_typesupport_c.dir/rosidl_typesupport_c/comp_tasks_interfaces/msg/simplified_detection_array__type_support.cpp.o[0m
[8.640s] [ 37%] [32mBuilding CXX object CMakeFiles/comp_tasks_interfaces__rosidl_typesupport_introspection_cpp.dir/rosidl_typesupport_introspection_cpp/comp_tasks_interfaces/action/detail/task_signal__type_support.cpp.o[0m
[8.652s] [ 38%] [32mBuilding CXX object CMakeFiles/comp_tasks_interfaces__rosidl_typesupport_c.dir/rosidl_typesupport_c/comp_tasks_interfaces/msg/wp_info__type_support.cpp.o[0m
[8.746s] [ 39%] [32mBuilding CXX object CMakeFiles/comp_tasks_interfaces__rosidl_typesupport_introspection_cpp.dir/rosidl_typesupport_introspection_cpp/comp_tasks_interfaces/msg/detail/start_task__type_support.cpp.o[0m
[8.847s] [ 40%] [32mBuilding CXX object CMakeFiles/comp_tasks_interfaces__rosidl_typesupport_c.dir/rosidl_typesupport_c/comp_tasks_interfaces/msg/global_wp_info__type_support.cpp.o[0m
[8.977s] [ 40%] [32mBuilding CXX object CMakeFiles/comp_tasks_interfaces__rosidl_typesupport_c.dir/rosidl_typesupport_c/comp_tasks_interfaces/msg/wp_group_info__type_support.cpp.o[0m
[9.081s] [ 41%] [32mBuilding CXX object CMakeFiles/comp_tasks_interfaces__rosidl_typesupport_c.dir/rosidl_typesupport_c/comp_tasks_interfaces/msg/named_local_wp__type_support.cpp.o[0m
[9.186s] [ 42%] [32mBuilding CXX object CMakeFiles/comp_tasks_interfaces__rosidl_typesupport_introspection_cpp.dir/rosidl_typesupport_introspection_cpp/comp_tasks_interfaces/msg/detail/simplified_detection__type_support.cpp.o[0m
[9.187s] [ 43%] [32m[1mLinking CXX shared library libcomp_tasks_interfaces__rosidl_typesupport_c.so[0m
[9.246s] [ 44%] [32mBuilding CXX object CMakeFiles/comp_tasks_interfaces__rosidl_typesupport_fastrtps_cpp.dir/rosidl_typesupport_fastrtps_cpp/comp_tasks_interfaces/msg/detail/dds_fastrtps/label_int__type_support.cpp.o[0m
[9.339s] [ 45%] [32mBuilding CXX object CMakeFiles/comp_tasks_interfaces__rosidl_typesupport_introspection_cpp.dir/rosidl_typesupport_introspection_cpp/comp_tasks_interfaces/msg/detail/simplified_detection_array__type_support.cpp.o[0m
[9.354s] [ 46%] [32mBuilding CXX object CMakeFiles/comp_tasks_interfaces__rosidl_typesupport_fastrtps_cpp.dir/rosidl_typesupport_fastrtps_cpp/comp_tasks_interfaces/msg/detail/dds_fastrtps/task__type_support.cpp.o[0m
[9.358s] [ 46%] Built target comp_tasks_interfaces__rosidl_typesupport_c
[9.361s] [ 47%] [32mBuilding CXX object CMakeFiles/comp_tasks_interfaces__rosidl_typesupport_fastrtps_c.dir/rosidl_typesupport_fastrtps_c/comp_tasks_interfaces/msg/detail/label_int__type_support_c.cpp.o[0m
[9.386s] [ 47%] [32mBuilding CXX object CMakeFiles/comp_tasks_interfaces__rosidl_typesupport_fastrtps_cpp.dir/rosidl_typesupport_fastrtps_cpp/comp_tasks_interfaces/action/detail/dds_fastrtps/task_signal__type_support.cpp.o[0m
[9.387s] [ 48%] [32m[1mLinking CXX shared library libcomp_tasks_interfaces__rosidl_typesupport_cpp.so[0m
[9.464s] [ 49%] [32mBuilding C object CMakeFiles/comp_tasks_interfaces__rosidl_typesupport_introspection_c.dir/rosidl_typesupport_introspection_c/comp_tasks_interfaces/msg/detail/label_int__type_support.c.o[0m
[9.517s] [ 49%] Built target comp_tasks_interfaces__rosidl_typesupport_cpp
[9.552s] [ 50%] [32mBuilding CXX object CMakeFiles/comp_tasks_interfaces__rosidl_typesupport_fastrtps_cpp.dir/rosidl_typesupport_fastrtps_cpp/comp_tasks_interfaces/msg/detail/dds_fastrtps/start_task__type_support.cpp.o[0m
[9.624s] [ 51%] [32mBuilding C object CMakeFiles/comp_tasks_interfaces__rosidl_typesupport_introspection_c.dir/rosidl_typesupport_introspection_c/comp_tasks_interfaces/msg/detail/task__type_support.c.o[0m
[9.775s] [ 52%] [32mBuilding CXX object CMakeFiles/comp_tasks_interfaces__rosidl_typesupport_fastrtps_c.dir/rosidl_typesupport_fastrtps_c/comp_tasks_interfaces/msg/detail/task__type_support_c.cpp.o[0m
[9.798s] [ 53%] [32mBuilding C object CMakeFiles/comp_tasks_interfaces__rosidl_typesupport_introspection_c.dir/rosidl_typesupport_introspection_c/comp_tasks_interfaces/action/detail/task_signal__type_support.c.o[0m
[9.856s] [ 54%] [32mBuilding C object CMakeFiles/comp_tasks_interfaces__rosidl_typesupport_introspection_c.dir/rosidl_typesupport_introspection_c/comp_tasks_interfaces/msg/detail/start_task__type_support.c.o[0m
[9.890s] [ 55%] [32mBuilding CXX object CMakeFiles/comp_tasks_interfaces__rosidl_typesupport_fastrtps_cpp.dir/rosidl_typesupport_fastrtps_cpp/comp_tasks_interfaces/msg/detail/dds_fastrtps/simplified_detection__type_support.cpp.o[0m
[9.997s] [ 56%] [32mBuilding CXX object CMakeFiles/comp_tasks_interfaces__rosidl_typesupport_fastrtps_cpp.dir/rosidl_typesupport_fastrtps_cpp/comp_tasks_interfaces/msg/detail/dds_fastrtps/simplified_detection_array__type_support.cpp.o[0m
[10.023s] [ 57%] [32mBuilding C object CMakeFiles/comp_tasks_interfaces__rosidl_typesupport_introspection_c.dir/rosidl_typesupport_introspection_c/comp_tasks_interfaces/msg/detail/simplified_detection__type_support.c.o[0m
[10.202s] [ 58%] [32mBuilding C object CMakeFiles/comp_tasks_interfaces__rosidl_typesupport_introspection_c.dir/rosidl_typesupport_introspection_c/comp_tasks_interfaces/msg/detail/simplified_detection_array__type_support.c.o[0m
[10.316s] [ 59%] [32mBuilding CXX object CMakeFiles/comp_tasks_interfaces__rosidl_typesupport_fastrtps_c.dir/rosidl_typesupport_fastrtps_c/comp_tasks_interfaces/action/detail/task_signal__type_support_c.cpp.o[0m
[10.378s] [ 60%] [32mBuilding C object CMakeFiles/comp_tasks_interfaces__rosidl_typesupport_introspection_c.dir/rosidl_typesupport_introspection_c/comp_tasks_interfaces/msg/detail/wp_info__type_support.c.o[0m
[10.398s] [ 61%] [32mBuilding CXX object CMakeFiles/comp_tasks_interfaces__rosidl_typesupport_fastrtps_cpp.dir/rosidl_typesupport_fastrtps_cpp/comp_tasks_interfaces/msg/detail/dds_fastrtps/wp_info__type_support.cpp.o[0m
[10.471s] [ 62%] [32mBuilding CXX object CMakeFiles/comp_tasks_interfaces__rosidl_typesupport_introspection_cpp.dir/rosidl_typesupport_introspection_cpp/comp_tasks_interfaces/msg/detail/wp_info__type_support.cpp.o[0m
[10.652s] [ 63%] [32mBuilding C object CMakeFiles/comp_tasks_interfaces__rosidl_typesupport_introspection_c.dir/rosidl_typesupport_introspection_c/comp_tasks_interfaces/msg/detail/global_wp_info__type_support.c.o[0m
[10.772s] [ 64%] [32mBuilding C object CMakeFiles/comp_tasks_interfaces__rosidl_typesupport_introspection_c.dir/rosidl_typesupport_introspection_c/comp_tasks_interfaces/msg/detail/wp_group_info__type_support.c.o[0m
[10.802s] [ 65%] [32mBuilding CXX object CMakeFiles/comp_tasks_interfaces__rosidl_typesupport_fastrtps_c.dir/rosidl_typesupport_fastrtps_c/comp_tasks_interfaces/msg/detail/start_task__type_support_c.cpp.o[0m
[10.898s] [ 66%] [32mBuilding CXX object CMakeFiles/comp_tasks_interfaces__rosidl_typesupport_fastrtps_cpp.dir/rosidl_typesupport_fastrtps_cpp/comp_tasks_interfaces/msg/detail/dds_fastrtps/global_wp_info__type_support.cpp.o[0m
[10.902s] [ 67%] [32mBuilding C object CMakeFiles/comp_tasks_interfaces__rosidl_typesupport_introspection_c.dir/rosidl_typesupport_introspection_c/comp_tasks_interfaces/msg/detail/named_local_wp__type_support.c.o[0m
[10.936s] [ 68%] [32mBuilding CXX object CMakeFiles/comp_tasks_interfaces__rosidl_typesupport_fastrtps_c.dir/rosidl_typesupport_fastrtps_c/comp_tasks_interfaces/msg/detail/simplified_detection__type_support_c.cpp.o[0m
[10.949s] [ 69%] [32mBuilding CXX object CMakeFiles/comp_tasks_interfaces__rosidl_typesupport_fastrtps_cpp.dir/rosidl_typesupport_fastrtps_cpp/comp_tasks_interfaces/msg/detail/dds_fastrtps/wp_group_info__type_support.cpp.o[0m
[11.096s] [ 70%] [32mBuilding CXX object CMakeFiles/comp_tasks_interfaces__rosidl_typesupport_fastrtps_cpp.dir/rosidl_typesupport_fastrtps_cpp/comp_tasks_interfaces/msg/detail/dds_fastrtps/named_local_wp__type_support.cpp.o[0m
[11.153s] [ 71%] [32m[1mLinking C shared library libcomp_tasks_interfaces__rosidl_typesupport_introspection_c.so[0m
[11.369s] [ 71%] Built target comp_tasks_interfaces__rosidl_typesupport_introspection_c
[11.399s] [ 72%] [32mBuilding CXX object CMakeFiles/comp_tasks_interfaces__rosidl_typesupport_fastrtps_c.dir/rosidl_typesupport_fastrtps_c/comp_tasks_interfaces/msg/detail/simplified_detection_array__type_support_c.cpp.o[0m
[11.404s] [ 73%] [32mBuilding CXX object CMakeFiles/comp_tasks_interfaces__rosidl_typesupport_fastrtps_c.dir/rosidl_typesupport_fastrtps_c/comp_tasks_interfaces/msg/detail/wp_info__type_support_c.cpp.o[0m
[11.418s] [ 74%] [32mBuilding CXX object CMakeFiles/comp_tasks_interfaces__rosidl_typesupport_fastrtps_c.dir/rosidl_typesupport_fastrtps_c/comp_tasks_interfaces/msg/detail/global_wp_info__type_support_c.cpp.o[0m
[11.719s] [ 75%] [32mBuilding CXX object CMakeFiles/comp_tasks_interfaces__rosidl_typesupport_fastrtps_c.dir/rosidl_typesupport_fastrtps_c/comp_tasks_interfaces/msg/detail/wp_group_info__type_support_c.cpp.o[0m
[11.924s] [ 76%] [32mBuilding CXX object CMakeFiles/comp_tasks_interfaces__rosidl_typesupport_fastrtps_c.dir/rosidl_typesupport_fastrtps_c/comp_tasks_interfaces/msg/detail/named_local_wp__type_support_c.cpp.o[0m
[12.064s] [ 77%] [32mBuilding CXX object CMakeFiles/comp_tasks_interfaces__rosidl_typesupport_introspection_cpp.dir/rosidl_typesupport_introspection_cpp/comp_tasks_interfaces/msg/detail/global_wp_info__type_support.cpp.o[0m
[12.114s] [ 78%] [32mBuilding CXX object CMakeFiles/comp_tasks_interfaces__rosidl_typesupport_introspection_cpp.dir/rosidl_typesupport_introspection_cpp/comp_tasks_interfaces/msg/detail/wp_group_info__type_support.cpp.o[0m
[12.120s] [ 79%] [32mBuilding CXX object CMakeFiles/comp_tasks_interfaces__rosidl_typesupport_introspection_cpp.dir/rosidl_typesupport_introspection_cpp/comp_tasks_interfaces/msg/detail/named_local_wp__type_support.cpp.o[0m
[12.725s] [ 80%] [32m[1mLinking CXX shared library libcomp_tasks_interfaces__rosidl_typesupport_fastrtps_cpp.so[0m
[12.946s] [ 80%] Built target comp_tasks_interfaces__rosidl_typesupport_fastrtps_cpp
[12.990s] [ 81%] [32m[1mLinking CXX shared library libcomp_tasks_interfaces__rosidl_typesupport_fastrtps_c.so[0m
[13.158s] [ 81%] Built target comp_tasks_interfaces__rosidl_typesupport_fastrtps_c
[13.333s] [ 82%] [32m[1mLinking CXX shared library libcomp_tasks_interfaces__rosidl_typesupport_introspection_cpp.so[0m
[13.469s] [ 82%] Built target comp_tasks_interfaces__rosidl_typesupport_introspection_cpp
[13.496s] [ 82%] Built target comp_tasks_interfaces
[13.524s] [ 83%] [34m[1mGenerating Python code for ROS interfaces[0m
[15.518s] [ 83%] Built target comp_tasks_interfaces__py
[15.545s] [ 84%] [32mBuilding C object CMakeFiles/comp_tasks_interfaces__rosidl_generator_py.dir/rosidl_generator_py/comp_tasks_interfaces/msg/_start_task_s.c.o[0m
[15.548s] [ 85%] [32mBuilding C object CMakeFiles/comp_tasks_interfaces__rosidl_generator_py.dir/rosidl_generator_py/comp_tasks_interfaces/msg/_label_int_s.c.o[0m
[15.549s] [ 86%] [32mBuilding C object CMakeFiles/comp_tasks_interfaces__rosidl_generator_py.dir/rosidl_generator_py/comp_tasks_interfaces/msg/_task_s.c.o[0m
[15.549s] [ 87%] [32mBuilding C object CMakeFiles/comp_tasks_interfaces__rosidl_generator_py.dir/rosidl_generator_py/comp_tasks_interfaces/action/_task_signal_s.c.o[0m
[15.549s] [ 88%] [32mBuilding C object CMakeFiles/comp_tasks_interfaces__rosidl_generator_py.dir/rosidl_generator_py/comp_tasks_interfaces/msg/_simplified_detection_s.c.o[0m
[15.549s] [ 89%] [32mBuilding C object CMakeFiles/comp_tasks_interfaces__rosidl_generator_py.dir/rosidl_generator_py/comp_tasks_interfaces/msg/_simplified_detection_array_s.c.o[0m
[15.551s] [ 90%] [32mBuilding C object CMakeFiles/comp_tasks_interfaces__rosidl_generator_py.dir/rosidl_generator_py/comp_tasks_interfaces/msg/_wp_info_s.c.o[0m
[15.551s] [ 91%] [32mBuilding C object CMakeFiles/comp_tasks_interfaces__rosidl_generator_py.dir/rosidl_generator_py/comp_tasks_interfaces/msg/_global_wp_info_s.c.o[0m
[15.551s] [ 92%] [32mBuilding C object CMakeFiles/comp_tasks_interfaces__rosidl_generator_py.dir/rosidl_generator_py/comp_tasks_interfaces/msg/_named_local_wp_s.c.o[0m
[15.552s] [ 93%] [32mBuilding C object CMakeFiles/comp_tasks_interfaces__rosidl_generator_py.dir/rosidl_generator_py/comp_tasks_interfaces/msg/_wp_group_info_s.c.o[0m
[15.880s] [ 94%] [32m[1mLinking C shared library rosidl_generator_py/comp_tasks_interfaces/libcomp_tasks_interfaces__rosidl_generator_py.so[0m
[15.930s] [ 94%] Built target comp_tasks_interfaces__rosidl_generator_py
[15.956s] [ 96%] [32mBuilding C object CMakeFiles/comp_tasks_interfaces__rosidl_typesupport_introspection_c__pyext.dir/rosidl_generator_py/comp_tasks_interfaces/_comp_tasks_interfaces_s.ep.rosidl_typesupport_introspection_c.c.o[0m
[15.956s] [ 96%] [32mBuilding C object CMakeFiles/comp_tasks_interfaces__rosidl_typesupport_fastrtps_c__pyext.dir/rosidl_generator_py/comp_tasks_interfaces/_comp_tasks_interfaces_s.ep.rosidl_typesupport_fastrtps_c.c.o[0m
[15.957s] [ 97%] [32mBuilding C object CMakeFiles/comp_tasks_interfaces__rosidl_typesupport_c__pyext.dir/rosidl_generator_py/comp_tasks_interfaces/_comp_tasks_interfaces_s.ep.rosidl_typesupport_c.c.o[0m
[16.157s] [ 98%] [32m[1mLinking C shared library rosidl_generator_py/comp_tasks_interfaces/comp_tasks_interfaces_s__rosidl_typesupport_fastrtps_c.cpython-310-x86_64-linux-gnu.so[0m
[16.161s] [ 99%] [32m[1mLinking C shared library rosidl_generator_py/comp_tasks_interfaces/comp_tasks_interfaces_s__rosidl_typesupport_c.cpython-310-x86_64-linux-gnu.so[0m
[16.164s] [100%] [32m[1mLinking C shared library rosidl_generator_py/comp_tasks_interfaces/comp_tasks_interfaces_s__rosidl_typesupport_introspection_c.cpython-310-x86_64-linux-gnu.so[0m
[16.221s] [100%] Built target comp_tasks_interfaces__rosidl_typesupport_fastrtps_c__pyext
[16.224s] [100%] Built target comp_tasks_interfaces__rosidl_typesupport_c__pyext
[16.227s] [100%] Built target comp_tasks_interfaces__rosidl_typesupport_introspection_c__pyext
[16.241s] Invoked command in '/home/robert/Projects/ros_ws/src/general/build/comp_tasks_interfaces' returned '0': AMENT_PREFIX_PATH=/home/robert/Projects/ros_ws/src/general/install/yolov8_msgs:${AMENT_PREFIX_PATH} CMAKE_PREFIX_PATH=/home/robert/Projects/ros_ws/src/general/install/yolov8_msgs:/opt/ros/humble LD_LIBRARY_PATH=/home/robert/Projects/ros_ws/src/general/install/yolov8_msgs/lib:${LD_LIBRARY_PATH} PYTHONPATH=/home/robert/Projects/ros_ws/src/general/install/yolov8_msgs/local/lib/python3.10/dist-packages:${PYTHONPATH} /usr/bin/cmake --build /home/robert/Projects/ros_ws/src/general/build/comp_tasks_interfaces -- -j12 -l12
[16.243s] Invoking command in '/home/robert/Projects/ros_ws/src/general/build/comp_tasks_interfaces': AMENT_PREFIX_PATH=/home/robert/Projects/ros_ws/src/general/install/yolov8_msgs:${AMENT_PREFIX_PATH} CMAKE_PREFIX_PATH=/home/robert/Projects/ros_ws/src/general/install/yolov8_msgs:/opt/ros/humble LD_LIBRARY_PATH=/home/robert/Projects/ros_ws/src/general/install/yolov8_msgs/lib:${LD_LIBRARY_PATH} PYTHONPATH=/home/robert/Projects/ros_ws/src/general/install/yolov8_msgs/local/lib/python3.10/dist-packages:${PYTHONPATH} /usr/bin/cmake --install /home/robert/Projects/ros_ws/src/general/build/comp_tasks_interfaces
[16.252s] -- Install configuration: ""
[16.253s] -- Installing: /home/robert/Projects/ros_ws/src/general/install/comp_tasks_interfaces/share/ament_index/resource_index/rosidl_interfaces/comp_tasks_interfaces
[16.253s] -- Installing: /home/robert/Projects/ros_ws/src/general/install/comp_tasks_interfaces/include/comp_tasks_interfaces/comp_tasks_interfaces
[16.253s] -- Installing: /home/robert/Projects/ros_ws/src/general/install/comp_tasks_interfaces/include/comp_tasks_interfaces/comp_tasks_interfaces/msg
[16.253s] -- Installing: /home/robert/Projects/ros_ws/src/general/install/comp_tasks_interfaces/include/comp_tasks_interfaces/comp_tasks_interfaces/msg/detail
[16.253s] -- Installing: /home/robert/Projects/ros_ws/src/general/install/comp_tasks_interfaces/include/comp_tasks_interfaces/comp_tasks_interfaces/msg/detail/named_local_wp__functions.c
[16.253s] -- Installing: /home/robert/Projects/ros_ws/src/general/install/comp_tasks_interfaces/include/comp_tasks_interfaces/comp_tasks_interfaces/msg/detail/simplified_detection__type_support.h
[16.253s] -- Installing: /home/robert/Projects/ros_ws/src/general/install/comp_tasks_interfaces/include/comp_tasks_interfaces/comp_tasks_interfaces/msg/detail/global_wp_info__type_support.h
[16.253s] -- Installing: /home/robert/Projects/ros_ws/src/general/install/comp_tasks_interfaces/include/comp_tasks_interfaces/comp_tasks_interfaces/msg/detail/named_local_wp__functions.h
[16.254s] -- Installing: /home/robert/Projects/ros_ws/src/general/install/comp_tasks_interfaces/include/comp_tasks_interfaces/comp_tasks_interfaces/msg/detail/simplified_detection_array__functions.c
[16.254s] -- Installing: /home/robert/Projects/ros_ws/src/general/install/comp_tasks_interfaces/include/comp_tasks_interfaces/comp_tasks_interfaces/msg/detail/label_int__functions.h
[16.254s] -- Installing: /home/robert/Projects/ros_ws/src/general/install/comp_tasks_interfaces/include/comp_tasks_interfaces/comp_tasks_interfaces/msg/detail/wp_info__functions.c
[16.254s] -- Installing: /home/robert/Projects/ros_ws/src/general/install/comp_tasks_interfaces/include/comp_tasks_interfaces/comp_tasks_interfaces/msg/detail/label_int__type_support.h
[16.254s] -- Installing: /home/robert/Projects/ros_ws/src/general/install/comp_tasks_interfaces/include/comp_tasks_interfaces/comp_tasks_interfaces/msg/detail/wp_group_info__functions.h
[16.254s] -- Installing: /home/robert/Projects/ros_ws/src/general/install/comp_tasks_interfaces/include/comp_tasks_interfaces/comp_tasks_interfaces/msg/detail/label_int__struct.h
[16.254s] -- Installing: /home/robert/Projects/ros_ws/src/general/install/comp_tasks_interfaces/include/comp_tasks_interfaces/comp_tasks_interfaces/msg/detail/task__type_support.h
[16.255s] -- Installing: /home/robert/Projects/ros_ws/src/general/install/comp_tasks_interfaces/include/comp_tasks_interfaces/comp_tasks_interfaces/msg/detail/simplified_detection_array__functions.h
[16.255s] -- Installing: /home/robert/Projects/ros_ws/src/general/install/comp_tasks_interfaces/include/comp_tasks_interfaces/comp_tasks_interfaces/msg/detail/task__functions.h
[16.255s] -- Installing: /home/robert/Projects/ros_ws/src/general/install/comp_tasks_interfaces/include/comp_tasks_interfaces/comp_tasks_interfaces/msg/detail/wp_group_info__functions.c
[16.255s] -- Installing: /home/robert/Projects/ros_ws/src/general/install/comp_tasks_interfaces/include/comp_tasks_interfaces/comp_tasks_interfaces/msg/detail/wp_info__functions.h
[16.255s] -- Installing: /home/robert/Projects/ros_ws/src/general/install/comp_tasks_interfaces/include/comp_tasks_interfaces/comp_tasks_interfaces/msg/detail/simplified_detection_array__type_support.h
[16.256s] -- Installing: /home/robert/Projects/ros_ws/src/general/install/comp_tasks_interfaces/include/comp_tasks_interfaces/comp_tasks_interfaces/msg/detail/global_wp_info__struct.h
[16.256s] -- Installing: /home/robert/Projects/ros_ws/src/general/install/comp_tasks_interfaces/include/comp_tasks_interfaces/comp_tasks_interfaces/msg/detail/named_local_wp__struct.h
[16.256s] -- Installing: /home/robert/Projects/ros_ws/src/general/install/comp_tasks_interfaces/include/comp_tasks_interfaces/comp_tasks_interfaces/msg/detail/wp_group_info__type_support.h
[16.256s] -- Installing: /home/robert/Projects/ros_ws/src/general/install/comp_tasks_interfaces/include/comp_tasks_interfaces/comp_tasks_interfaces/msg/detail/start_task__type_support.h
[16.256s] -- Installing: /home/robert/Projects/ros_ws/src/general/install/comp_tasks_interfaces/include/comp_tasks_interfaces/comp_tasks_interfaces/msg/detail/global_wp_info__functions.c
[16.256s] -- Installing: /home/robert/Projects/ros_ws/src/general/install/comp_tasks_interfaces/include/comp_tasks_interfaces/comp_tasks_interfaces/msg/detail/start_task__functions.h
[16.257s] -- Installing: /home/robert/Projects/ros_ws/src/general/install/comp_tasks_interfaces/include/comp_tasks_interfaces/comp_tasks_interfaces/msg/detail/wp_group_info__struct.h
[16.257s] -- Installing: /home/robert/Projects/ros_ws/src/general/install/comp_tasks_interfaces/include/comp_tasks_interfaces/comp_tasks_interfaces/msg/detail/start_task__functions.c
[16.257s] -- Installing: /home/robert/Projects/ros_ws/src/general/install/comp_tasks_interfaces/include/comp_tasks_interfaces/comp_tasks_interfaces/msg/detail/simplified_detection__functions.c
[16.257s] -- Installing: /home/robert/Projects/ros_ws/src/general/install/comp_tasks_interfaces/include/comp_tasks_interfaces/comp_tasks_interfaces/msg/detail/global_wp_info__functions.h
[16.257s] -- Installing: /home/robert/Projects/ros_ws/src/general/install/comp_tasks_interfaces/include/comp_tasks_interfaces/comp_tasks_interfaces/msg/detail/simplified_detection_array__struct.h
[16.257s] -- Installing: /home/robert/Projects/ros_ws/src/general/install/comp_tasks_interfaces/include/comp_tasks_interfaces/comp_tasks_interfaces/msg/detail/start_task__struct.h
[16.258s] -- Installing: /home/robert/Projects/ros_ws/src/general/install/comp_tasks_interfaces/include/comp_tasks_interfaces/comp_tasks_interfaces/msg/detail/wp_info__type_support.h
[16.258s] -- Installing: /home/robert/Projects/ros_ws/src/general/install/comp_tasks_interfaces/include/comp_tasks_interfaces/comp_tasks_interfaces/msg/detail/simplified_detection__functions.h
[16.258s] -- Installing: /home/robert/Projects/ros_ws/src/general/install/comp_tasks_interfaces/include/comp_tasks_interfaces/comp_tasks_interfaces/msg/detail/simplified_detection__struct.h
[16.258s] -- Installing: /home/robert/Projects/ros_ws/src/general/install/comp_tasks_interfaces/include/comp_tasks_interfaces/comp_tasks_interfaces/msg/detail/task__struct.h
[16.258s] -- Installing: /home/robert/Projects/ros_ws/src/general/install/comp_tasks_interfaces/include/comp_tasks_interfaces/comp_tasks_interfaces/msg/detail/named_local_wp__type_support.h
[16.258s] -- Installing: /home/robert/Projects/ros_ws/src/general/install/comp_tasks_interfaces/include/comp_tasks_interfaces/comp_tasks_interfaces/msg/detail/task__functions.c
[16.259s] -- Installing: /home/robert/Projects/ros_ws/src/general/install/comp_tasks_interfaces/include/comp_tasks_interfaces/comp_tasks_interfaces/msg/detail/wp_info__struct.h
[16.259s] -- Installing: /home/robert/Projects/ros_ws/src/general/install/comp_tasks_interfaces/include/comp_tasks_interfaces/comp_tasks_interfaces/msg/detail/label_int__functions.c
[16.259s] -- Installing: /home/robert/Projects/ros_ws/src/general/install/comp_tasks_interfaces/include/comp_tasks_interfaces/comp_tasks_interfaces/msg/simplified_detection.h
[16.259s] -- Installing: /home/robert/Projects/ros_ws/src/general/install/comp_tasks_interfaces/include/comp_tasks_interfaces/comp_tasks_interfaces/msg/wp_group_info.h
[16.259s] -- Installing: /home/robert/Projects/ros_ws/src/general/install/comp_tasks_interfaces/include/comp_tasks_interfaces/comp_tasks_interfaces/msg/start_task.h
[16.259s] -- Installing: /home/robert/Projects/ros_ws/src/general/install/comp_tasks_interfaces/include/comp_tasks_interfaces/comp_tasks_interfaces/msg/simplified_detection_array.h
[16.259s] -- Installing: /home/robert/Projects/ros_ws/src/general/install/comp_tasks_interfaces/include/comp_tasks_interfaces/comp_tasks_interfaces/msg/named_local_wp.h
[16.260s] -- Installing: /home/robert/Projects/ros_ws/src/general/install/comp_tasks_interfaces/include/comp_tasks_interfaces/comp_tasks_interfaces/msg/wp_info.h
[16.260s] -- Installing: /home/robert/Projects/ros_ws/src/general/install/comp_tasks_interfaces/include/comp_tasks_interfaces/comp_tasks_interfaces/msg/label_int.h
[16.260s] -- Installing: /home/robert/Projects/ros_ws/src/general/install/comp_tasks_interfaces/include/comp_tasks_interfaces/comp_tasks_interfaces/msg/global_wp_info.h
[16.260s] -- Installing: /home/robert/Projects/ros_ws/src/general/install/comp_tasks_interfaces/include/comp_tasks_interfaces/comp_tasks_interfaces/msg/task.h
[16.260s] -- Installing: /home/robert/Projects/ros_ws/src/general/install/comp_tasks_interfaces/include/comp_tasks_interfaces/comp_tasks_interfaces/msg/rosidl_generator_c__visibility_control.h
[16.260s] -- Installing: /home/robert/Projects/ros_ws/src/general/install/comp_tasks_interfaces/include/comp_tasks_interfaces/comp_tasks_interfaces/action
[16.261s] -- Installing: /home/robert/Projects/ros_ws/src/general/install/comp_tasks_interfaces/include/comp_tasks_interfaces/comp_tasks_interfaces/action/detail
[16.261s] -- Installing: /home/robert/Projects/ros_ws/src/general/install/comp_tasks_interfaces/include/comp_tasks_interfaces/comp_tasks_interfaces/action/detail/task_signal__functions.c
[16.261s] -- Installing: /home/robert/Projects/ros_ws/src/general/install/comp_tasks_interfaces/include/comp_tasks_interfaces/comp_tasks_interfaces/action/detail/task_signal__struct.h
[16.261s] -- Installing: /home/robert/Projects/ros_ws/src/general/install/comp_tasks_interfaces/include/comp_tasks_interfaces/comp_tasks_interfaces/action/detail/task_signal__functions.h
[16.261s] -- Installing: /home/robert/Projects/ros_ws/src/general/install/comp_tasks_interfaces/include/comp_tasks_interfaces/comp_tasks_interfaces/action/detail/task_signal__type_support.h
[16.261s] -- Installing: /home/robert/Projects/ros_ws/src/general/install/comp_tasks_interfaces/include/comp_tasks_interfaces/comp_tasks_interfaces/action/task_signal.h
[16.261s] -- Installing: /home/robert/Projects/ros_ws/src/general/install/comp_tasks_interfaces/share/comp_tasks_interfaces/environment/library_path.sh
[16.262s] -- Installing: /home/robert/Projects/ros_ws/src/general/install/comp_tasks_interfaces/share/comp_tasks_interfaces/environment/library_path.dsv
[16.262s] -- Installing: /home/robert/Projects/ros_ws/src/general/install/comp_tasks_interfaces/lib/libcomp_tasks_interfaces__rosidl_generator_c.so
[16.262s] -- Set runtime path of "/home/robert/Projects/ros_ws/src/general/install/comp_tasks_interfaces/lib/libcomp_tasks_interfaces__rosidl_generator_c.so" to ""
[16.262s] -- Up-to-date: /home/robert/Projects/ros_ws/src/general/install/comp_tasks_interfaces/include/comp_tasks_interfaces/comp_tasks_interfaces
[16.262s] -- Up-to-date: /home/robert/Projects/ros_ws/src/general/install/comp_tasks_interfaces/include/comp_tasks_interfaces/comp_tasks_interfaces/msg
[16.262s] -- Up-to-date: /home/robert/Projects/ros_ws/src/general/install/comp_tasks_interfaces/include/comp_tasks_interfaces/comp_tasks_interfaces/msg/detail
[16.262s] -- Installing: /home/robert/Projects/ros_ws/src/general/install/comp_tasks_interfaces/include/comp_tasks_interfaces/comp_tasks_interfaces/msg/detail/task__rosidl_typesupport_fastrtps_c.h
[16.263s] -- Installing: /home/robert/Projects/ros_ws/src/general/install/comp_tasks_interfaces/include/comp_tasks_interfaces/comp_tasks_interfaces/msg/detail/named_local_wp__rosidl_typesupport_fastrtps_c.h
[16.263s] -- Installing: /home/robert/Projects/ros_ws/src/general/install/comp_tasks_interfaces/include/comp_tasks_interfaces/comp_tasks_interfaces/msg/detail/label_int__rosidl_typesupport_fastrtps_c.h
[16.263s] -- Installing: /home/robert/Projects/ros_ws/src/general/install/comp_tasks_interfaces/include/comp_tasks_interfaces/comp_tasks_interfaces/msg/detail/simplified_detection_array__rosidl_typesupport_fastrtps_c.h
[16.263s] -- Installing: /home/robert/Projects/ros_ws/src/general/install/comp_tasks_interfaces/include/comp_tasks_interfaces/comp_tasks_interfaces/msg/detail/start_task__rosidl_typesupport_fastrtps_c.h
[16.263s] -- Installing: /home/robert/Projects/ros_ws/src/general/install/comp_tasks_interfaces/include/comp_tasks_interfaces/comp_tasks_interfaces/msg/detail/wp_info__rosidl_typesupport_fastrtps_c.h
[16.263s] -- Installing: /home/robert/Projects/ros_ws/src/general/install/comp_tasks_interfaces/include/comp_tasks_interfaces/comp_tasks_interfaces/msg/detail/global_wp_info__rosidl_typesupport_fastrtps_c.h
[16.264s] -- Installing: /home/robert/Projects/ros_ws/src/general/install/comp_tasks_interfaces/include/comp_tasks_interfaces/comp_tasks_interfaces/msg/detail/wp_group_info__rosidl_typesupport_fastrtps_c.h
[16.264s] -- Installing: /home/robert/Projects/ros_ws/src/general/install/comp_tasks_interfaces/include/comp_tasks_interfaces/comp_tasks_interfaces/msg/detail/simplified_detection__rosidl_typesupport_fastrtps_c.h
[16.264s] -- Installing: /home/robert/Projects/ros_ws/src/general/install/comp_tasks_interfaces/include/comp_tasks_interfaces/comp_tasks_interfaces/msg/rosidl_typesupport_fastrtps_c__visibility_control.h
[16.264s] -- Up-to-date: /home/robert/Projects/ros_ws/src/general/install/comp_tasks_interfaces/include/comp_tasks_interfaces/comp_tasks_interfaces/action
[16.264s] -- Up-to-date: /home/robert/Projects/ros_ws/src/general/install/comp_tasks_interfaces/include/comp_tasks_interfaces/comp_tasks_interfaces/action/detail
[16.264s] -- Installing: /home/robert/Projects/ros_ws/src/general/install/comp_tasks_interfaces/include/comp_tasks_interfaces/comp_tasks_interfaces/action/detail/task_signal__rosidl_typesupport_fastrtps_c.h
[16.264s] -- Installing: /home/robert/Projects/ros_ws/src/general/install/comp_tasks_interfaces/lib/libcomp_tasks_interfaces__rosidl_typesupport_fastrtps_c.so
[16.265s] -- Set runtime path of "/home/robert/Projects/ros_ws/src/general/install/comp_tasks_interfaces/lib/libcomp_tasks_interfaces__rosidl_typesupport_fastrtps_c.so" to ""
[16.265s] -- Up-to-date: /home/robert/Projects/ros_ws/src/general/install/comp_tasks_interfaces/include/comp_tasks_interfaces/comp_tasks_interfaces
[16.265s] -- Up-to-date: /home/robert/Projects/ros_ws/src/general/install/comp_tasks_interfaces/include/comp_tasks_interfaces/comp_tasks_interfaces/msg
[16.265s] -- Up-to-date: /home/robert/Projects/ros_ws/src/general/install/comp_tasks_interfaces/include/comp_tasks_interfaces/comp_tasks_interfaces/msg/detail
[16.265s] -- Installing: /home/robert/Projects/ros_ws/src/general/install/comp_tasks_interfaces/include/comp_tasks_interfaces/comp_tasks_interfaces/msg/detail/wp_info__builder.hpp
[16.265s] -- Installing: /home/robert/Projects/ros_ws/src/general/install/comp_tasks_interfaces/include/comp_tasks_interfaces/comp_tasks_interfaces/msg/detail/wp_info__struct.hpp
[16.265s] -- Installing: /home/robert/Projects/ros_ws/src/general/install/comp_tasks_interfaces/include/comp_tasks_interfaces/comp_tasks_interfaces/msg/detail/task__type_support.hpp
[16.266s] -- Installing: /home/robert/Projects/ros_ws/src/general/install/comp_tasks_interfaces/include/comp_tasks_interfaces/comp_tasks_interfaces/msg/detail/start_task__type_support.hpp
[16.266s] -- Installing: /home/robert/Projects/ros_ws/src/general/install/comp_tasks_interfaces/include/comp_tasks_interfaces/comp_tasks_interfaces/msg/detail/simplified_detection_array__builder.hpp
[16.266s] -- Installing: /home/robert/Projects/ros_ws/src/general/install/comp_tasks_interfaces/include/comp_tasks_interfaces/comp_tasks_interfaces/msg/detail/wp_group_info__struct.hpp
[16.266s] -- Installing: /home/robert/Projects/ros_ws/src/general/install/comp_tasks_interfaces/include/comp_tasks_interfaces/comp_tasks_interfaces/msg/detail/global_wp_info__traits.hpp
[16.266s] -- Installing: /home/robert/Projects/ros_ws/src/general/install/comp_tasks_interfaces/include/comp_tasks_interfaces/comp_tasks_interfaces/msg/detail/wp_info__traits.hpp
[16.267s] -- Installing: /home/robert/Projects/ros_ws/src/general/install/comp_tasks_interfaces/include/comp_tasks_interfaces/comp_tasks_interfaces/msg/detail/label_int__type_support.hpp
[16.267s] -- Installing: /home/robert/Projects/ros_ws/src/general/install/comp_tasks_interfaces/include/comp_tasks_interfaces/comp_tasks_interfaces/msg/detail/task__traits.hpp
[16.267s] -- Installing: /home/robert/Projects/ros_ws/src/general/install/comp_tasks_interfaces/include/comp_tasks_interfaces/comp_tasks_interfaces/msg/detail/named_local_wp__builder.hpp
[16.267s] -- Installing: /home/robert/Projects/ros_ws/src/general/install/comp_tasks_interfaces/include/comp_tasks_interfaces/comp_tasks_interfaces/msg/detail/simplified_detection__struct.hpp
[16.267s] -- Installing: /home/robert/Projects/ros_ws/src/general/install/comp_tasks_interfaces/include/comp_tasks_interfaces/comp_tasks_interfaces/msg/detail/label_int__traits.hpp
[16.267s] -- Installing: /home/robert/Projects/ros_ws/src/general/install/comp_tasks_interfaces/include/comp_tasks_interfaces/comp_tasks_interfaces/msg/detail/simplified_detection_array__struct.hpp
[16.268s] -- Installing: /home/robert/Projects/ros_ws/src/general/install/comp_tasks_interfaces/include/comp_tasks_interfaces/comp_tasks_interfaces/msg/detail/global_wp_info__struct.hpp
[16.268s] -- Installing: /home/robert/Projects/ros_ws/src/general/install/comp_tasks_interfaces/include/comp_tasks_interfaces/comp_tasks_interfaces/msg/detail/wp_group_info__type_support.hpp
[16.268s] -- Installing: /home/robert/Projects/ros_ws/src/general/install/comp_tasks_interfaces/include/comp_tasks_interfaces/comp_tasks_interfaces/msg/detail/label_int__builder.hpp
[16.268s] -- Installing: /home/robert/Projects/ros_ws/src/general/install/comp_tasks_interfaces/include/comp_tasks_interfaces/comp_tasks_interfaces/msg/detail/named_local_wp__traits.hpp
[16.268s] -- Installing: /home/robert/Projects/ros_ws/src/general/install/comp_tasks_interfaces/include/comp_tasks_interfaces/comp_tasks_interfaces/msg/detail/simplified_detection_array__traits.hpp
[16.268s] -- Installing: /home/robert/Projects/ros_ws/src/general/install/comp_tasks_interfaces/include/comp_tasks_interfaces/comp_tasks_interfaces/msg/detail/wp_group_info__builder.hpp
[16.268s] -- Installing: /home/robert/Projects/ros_ws/src/general/install/comp_tasks_interfaces/include/comp_tasks_interfaces/comp_tasks_interfaces/msg/detail/wp_info__type_support.hpp
[16.269s] -- Installing: /home/robert/Projects/ros_ws/src/general/install/comp_tasks_interfaces/include/comp_tasks_interfaces/comp_tasks_interfaces/msg/detail/simplified_detection__traits.hpp
[16.269s] -- Installing: /home/robert/Projects/ros_ws/src/general/install/comp_tasks_interfaces/include/comp_tasks_interfaces/comp_tasks_interfaces/msg/detail/named_local_wp__type_support.hpp
[16.269s] -- Installing: /home/robert/Projects/ros_ws/src/general/install/comp_tasks_interfaces/include/comp_tasks_interfaces/comp_tasks_interfaces/msg/detail/start_task__builder.hpp
[16.269s] -- Installing: /home/robert/Projects/ros_ws/src/general/install/comp_tasks_interfaces/include/comp_tasks_interfaces/comp_tasks_interfaces/msg/detail/wp_group_info__traits.hpp
[16.269s] -- Installing: /home/robert/Projects/ros_ws/src/general/install/comp_tasks_interfaces/include/comp_tasks_interfaces/comp_tasks_interfaces/msg/detail/simplified_detection__builder.hpp
[16.269s] -- Installing: /home/robert/Projects/ros_ws/src/general/install/comp_tasks_interfaces/include/comp_tasks_interfaces/comp_tasks_interfaces/msg/detail/global_wp_info__builder.hpp
[16.270s] -- Installing: /home/robert/Projects/ros_ws/src/general/install/comp_tasks_interfaces/include/comp_tasks_interfaces/comp_tasks_interfaces/msg/detail/named_local_wp__struct.hpp
[16.270s] -- Installing: /home/robert/Projects/ros_ws/src/general/install/comp_tasks_interfaces/include/comp_tasks_interfaces/comp_tasks_interfaces/msg/detail/global_wp_info__type_support.hpp
[16.270s] -- Installing: /home/robert/Projects/ros_ws/src/general/install/comp_tasks_interfaces/include/comp_tasks_interfaces/comp_tasks_interfaces/msg/detail/simplified_detection__type_support.hpp
[16.270s] -- Installing: /home/robert/Projects/ros_ws/src/general/install/comp_tasks_interfaces/include/comp_tasks_interfaces/comp_tasks_interfaces/msg/detail/start_task__struct.hpp
[16.270s] -- Installing: /home/robert/Projects/ros_ws/src/general/install/comp_tasks_interfaces/include/comp_tasks_interfaces/comp_tasks_interfaces/msg/detail/simplified_detection_array__type_support.hpp
[16.270s] -- Installing: /home/robert/Projects/ros_ws/src/general/install/comp_tasks_interfaces/include/comp_tasks_interfaces/comp_tasks_interfaces/msg/detail/task__builder.hpp
[16.271s] -- Installing: /home/robert/Projects/ros_ws/src/general/install/comp_tasks_interfaces/include/comp_tasks_interfaces/comp_tasks_interfaces/msg/detail/label_int__struct.hpp
[16.271s] -- Installing: /home/robert/Projects/ros_ws/src/general/install/comp_tasks_interfaces/include/comp_tasks_interfaces/comp_tasks_interfaces/msg/detail/start_task__traits.hpp
[16.271s] -- Installing: /home/robert/Projects/ros_ws/src/general/install/comp_tasks_interfaces/include/comp_tasks_interfaces/comp_tasks_interfaces/msg/detail/task__struct.hpp
[16.271s] -- Installing: /home/robert/Projects/ros_ws/src/general/install/comp_tasks_interfaces/include/comp_tasks_interfaces/comp_tasks_interfaces/msg/start_task.hpp
[16.271s] -- Installing: /home/robert/Projects/ros_ws/src/general/install/comp_tasks_interfaces/include/comp_tasks_interfaces/comp_tasks_interfaces/msg/wp_info.hpp
[16.271s] -- Installing: /home/robert/Projects/ros_ws/src/general/install/comp_tasks_interfaces/include/comp_tasks_interfaces/comp_tasks_interfaces/msg/wp_group_info.hpp
[16.272s] -- Installing: /home/robert/Projects/ros_ws/src/general/install/comp_tasks_interfaces/include/comp_tasks_interfaces/comp_tasks_interfaces/msg/named_local_wp.hpp
[16.272s] -- Installing: /home/robert/Projects/ros_ws/src/general/install/comp_tasks_interfaces/include/comp_tasks_interfaces/comp_tasks_interfaces/msg/task.hpp
[16.272s] -- Installing: /home/robert/Projects/ros_ws/src/general/install/comp_tasks_interfaces/include/comp_tasks_interfaces/comp_tasks_interfaces/msg/label_int.hpp
[16.272s] -- Installing: /home/robert/Projects/ros_ws/src/general/install/comp_tasks_interfaces/include/comp_tasks_interfaces/comp_tasks_interfaces/msg/rosidl_generator_cpp__visibility_control.hpp
[16.272s] -- Installing: /home/robert/Projects/ros_ws/src/general/install/comp_tasks_interfaces/include/comp_tasks_interfaces/comp_tasks_interfaces/msg/simplified_detection_array.hpp
[16.273s] -- Installing: /home/robert/Projects/ros_ws/src/general/install/comp_tasks_interfaces/include/comp_tasks_interfaces/comp_tasks_interfaces/msg/global_wp_info.hpp
[16.273s] -- Installing: /home/robert/Projects/ros_ws/src/general/install/comp_tasks_interfaces/include/comp_tasks_interfaces/comp_tasks_interfaces/msg/simplified_detection.hpp
[16.273s] -- Up-to-date: /home/robert/Projects/ros_ws/src/general/install/comp_tasks_interfaces/include/comp_tasks_interfaces/comp_tasks_interfaces/action
[16.273s] -- Up-to-date: /home/robert/Projects/ros_ws/src/general/install/comp_tasks_interfaces/include/comp_tasks_interfaces/comp_tasks_interfaces/action/detail
[16.273s] -- Installing: /home/robert/Projects/ros_ws/src/general/install/comp_tasks_interfaces/include/comp_tasks_interfaces/comp_tasks_interfaces/action/detail/task_signal__struct.hpp
[16.273s] -- Installing: /home/robert/Projects/ros_ws/src/general/install/comp_tasks_interfaces/include/comp_tasks_interfaces/comp_tasks_interfaces/action/detail/task_signal__type_support.hpp
[16.274s] -- Installing: /home/robert/Projects/ros_ws/src/general/install/comp_tasks_interfaces/include/comp_tasks_interfaces/comp_tasks_interfaces/action/detail/task_signal__builder.hpp
[16.274s] -- Installing: /home/robert/Projects/ros_ws/src/general/install/comp_tasks_interfaces/include/comp_tasks_interfaces/comp_tasks_interfaces/action/detail/task_signal__traits.hpp
[16.274s] -- Installing: /home/robert/Projects/ros_ws/src/general/install/comp_tasks_interfaces/include/comp_tasks_interfaces/comp_tasks_interfaces/action/task_signal.hpp
[16.274s] -- Up-to-date: /home/robert/Projects/ros_ws/src/general/install/comp_tasks_interfaces/include/comp_tasks_interfaces/comp_tasks_interfaces
[16.274s] -- Up-to-date: /home/robert/Projects/ros_ws/src/general/install/comp_tasks_interfaces/include/comp_tasks_interfaces/comp_tasks_interfaces/msg
[16.275s] -- Up-to-date: /home/robert/Projects/ros_ws/src/general/install/comp_tasks_interfaces/include/comp_tasks_interfaces/comp_tasks_interfaces/msg/detail
[16.275s] -- Installing: /home/robert/Projects/ros_ws/src/general/install/comp_tasks_interfaces/include/comp_tasks_interfaces/comp_tasks_interfaces/msg/detail/wp_info__rosidl_typesupport_fastrtps_cpp.hpp
[16.275s] -- Installing: /home/robert/Projects/ros_ws/src/general/install/comp_tasks_interfaces/include/comp_tasks_interfaces/comp_tasks_interfaces/msg/detail/simplified_detection_array__rosidl_typesupport_fastrtps_cpp.hpp
[16.275s] -- Installing: /home/robert/Projects/ros_ws/src/general/install/comp_tasks_interfaces/include/comp_tasks_interfaces/comp_tasks_interfaces/msg/detail/task__rosidl_typesupport_fastrtps_cpp.hpp
[16.275s] -- Installing: /home/robert/Projects/ros_ws/src/general/install/comp_tasks_interfaces/include/comp_tasks_interfaces/comp_tasks_interfaces/msg/detail/global_wp_info__rosidl_typesupport_fastrtps_cpp.hpp
[16.275s] -- Installing: /home/robert/Projects/ros_ws/src/general/install/comp_tasks_interfaces/include/comp_tasks_interfaces/comp_tasks_interfaces/msg/detail/label_int__rosidl_typesupport_fastrtps_cpp.hpp
[16.276s] -- Installing: /home/robert/Projects/ros_ws/src/general/install/comp_tasks_interfaces/include/comp_tasks_interfaces/comp_tasks_interfaces/msg/detail/start_task__rosidl_typesupport_fastrtps_cpp.hpp
[16.276s] -- Installing: /home/robert/Projects/ros_ws/src/general/install/comp_tasks_interfaces/include/comp_tasks_interfaces/comp_tasks_interfaces/msg/detail/wp_group_info__rosidl_typesupport_fastrtps_cpp.hpp
[16.276s] -- Installing: /home/robert/Projects/ros_ws/src/general/install/comp_tasks_interfaces/include/comp_tasks_interfaces/comp_tasks_interfaces/msg/detail/dds_fastrtps
[16.276s] -- Installing: /home/robert/Projects/ros_ws/src/general/install/comp_tasks_interfaces/include/comp_tasks_interfaces/comp_tasks_interfaces/msg/detail/simplified_detection__rosidl_typesupport_fastrtps_cpp.hpp
[16.276s] -- Installing: /home/robert/Projects/ros_ws/src/general/install/comp_tasks_interfaces/include/comp_tasks_interfaces/comp_tasks_interfaces/msg/detail/named_local_wp__rosidl_typesupport_fastrtps_cpp.hpp
[16.276s] -- Installing: /home/robert/Projects/ros_ws/src/general/install/comp_tasks_interfaces/include/comp_tasks_interfaces/comp_tasks_interfaces/msg/rosidl_typesupport_fastrtps_cpp__visibility_control.h
[16.276s] -- Up-to-date: /home/robert/Projects/ros_ws/src/general/install/comp_tasks_interfaces/include/comp_tasks_interfaces/comp_tasks_interfaces/action
[16.277s] -- Up-to-date: /home/robert/Projects/ros_ws/src/general/install/comp_tasks_interfaces/include/comp_tasks_interfaces/comp_tasks_interfaces/action/detail
[16.277s] -- Installing: /home/robert/Projects/ros_ws/src/general/install/comp_tasks_interfaces/include/comp_tasks_interfaces/comp_tasks_interfaces/action/detail/task_signal__rosidl_typesupport_fastrtps_cpp.hpp
[16.277s] -- Installing: /home/robert/Projects/ros_ws/src/general/install/comp_tasks_interfaces/include/comp_tasks_interfaces/comp_tasks_interfaces/action/detail/dds_fastrtps
[16.277s] -- Installing: /home/robert/Projects/ros_ws/src/general/install/comp_tasks_interfaces/lib/libcomp_tasks_interfaces__rosidl_typesupport_fastrtps_cpp.so
[16.277s] -- Set runtime path of "/home/robert/Projects/ros_ws/src/general/install/comp_tasks_interfaces/lib/libcomp_tasks_interfaces__rosidl_typesupport_fastrtps_cpp.so" to ""
[16.277s] -- Up-to-date: /home/robert/Projects/ros_ws/src/general/install/comp_tasks_interfaces/include/comp_tasks_interfaces/comp_tasks_interfaces
[16.278s] -- Up-to-date: /home/robert/Projects/ros_ws/src/general/install/comp_tasks_interfaces/include/comp_tasks_interfaces/comp_tasks_interfaces/msg
[16.278s] -- Up-to-date: /home/robert/Projects/ros_ws/src/general/install/comp_tasks_interfaces/include/comp_tasks_interfaces/comp_tasks_interfaces/msg/detail
[16.278s] -- Installing: /home/robert/Projects/ros_ws/src/general/install/comp_tasks_interfaces/include/comp_tasks_interfaces/comp_tasks_interfaces/msg/detail/start_task__rosidl_typesupport_introspection_c.h
[16.278s] -- Installing: /home/robert/Projects/ros_ws/src/general/install/comp_tasks_interfaces/include/comp_tasks_interfaces/comp_tasks_interfaces/msg/detail/wp_group_info__rosidl_typesupport_introspection_c.h
[16.278s] -- Installing: /home/robert/Projects/ros_ws/src/general/install/comp_tasks_interfaces/include/comp_tasks_interfaces/comp_tasks_interfaces/msg/detail/wp_info__type_support.c
[16.278s] -- Installing: /home/robert/Projects/ros_ws/src/general/install/comp_tasks_interfaces/include/comp_tasks_interfaces/comp_tasks_interfaces/msg/detail/global_wp_info__type_support.c
[16.279s] -- Installing: /home/robert/Projects/ros_ws/src/general/install/comp_tasks_interfaces/include/comp_tasks_interfaces/comp_tasks_interfaces/msg/detail/wp_info__rosidl_typesupport_introspection_c.h
[16.279s] -- Installing: /home/robert/Projects/ros_ws/src/general/install/comp_tasks_interfaces/include/comp_tasks_interfaces/comp_tasks_interfaces/msg/detail/simplified_detection__rosidl_typesupport_introspection_c.h
[16.279s] -- Installing: /home/robert/Projects/ros_ws/src/general/install/comp_tasks_interfaces/include/comp_tasks_interfaces/comp_tasks_interfaces/msg/detail/named_local_wp__type_support.c
[16.279s] -- Installing: /home/robert/Projects/ros_ws/src/general/install/comp_tasks_interfaces/include/comp_tasks_interfaces/comp_tasks_interfaces/msg/detail/task__rosidl_typesupport_introspection_c.h
[16.279s] -- Installing: /home/robert/Projects/ros_ws/src/general/install/comp_tasks_interfaces/include/comp_tasks_interfaces/comp_tasks_interfaces/msg/detail/start_task__type_support.c
[16.280s] -- Installing: /home/robert/Projects/ros_ws/src/general/install/comp_tasks_interfaces/include/comp_tasks_interfaces/comp_tasks_interfaces/msg/detail/label_int__rosidl_typesupport_introspection_c.h
[16.280s] -- Installing: /home/robert/Projects/ros_ws/src/general/install/comp_tasks_interfaces/include/comp_tasks_interfaces/comp_tasks_interfaces/msg/detail/label_int__type_support.c
[16.280s] -- Installing: /home/robert/Projects/ros_ws/src/general/install/comp_tasks_interfaces/include/comp_tasks_interfaces/comp_tasks_interfaces/msg/detail/simplified_detection_array__type_support.c
[16.280s] -- Installing: /home/robert/Projects/ros_ws/src/general/install/comp_tasks_interfaces/include/comp_tasks_interfaces/comp_tasks_interfaces/msg/detail/simplified_detection__type_support.c
[16.280s] -- Installing: /home/robert/Projects/ros_ws/src/general/install/comp_tasks_interfaces/include/comp_tasks_interfaces/comp_tasks_interfaces/msg/detail/task__type_support.c
[16.280s] -- Installing: /home/robert/Projects/ros_ws/src/general/install/comp_tasks_interfaces/include/comp_tasks_interfaces/comp_tasks_interfaces/msg/detail/simplified_detection_array__rosidl_typesupport_introspection_c.h
[16.281s] -- Installing: /home/robert/Projects/ros_ws/src/general/install/comp_tasks_interfaces/include/comp_tasks_interfaces/comp_tasks_interfaces/msg/detail/global_wp_info__rosidl_typesupport_introspection_c.h
[16.281s] -- Installing: /home/robert/Projects/ros_ws/src/general/install/comp_tasks_interfaces/include/comp_tasks_interfaces/comp_tasks_interfaces/msg/detail/wp_group_info__type_support.c
[16.281s] -- Installing: /home/robert/Projects/ros_ws/src/general/install/comp_tasks_interfaces/include/comp_tasks_interfaces/comp_tasks_interfaces/msg/detail/named_local_wp__rosidl_typesupport_introspection_c.h
[16.281s] -- Installing: /home/robert/Projects/ros_ws/src/general/install/comp_tasks_interfaces/include/comp_tasks_interfaces/comp_tasks_interfaces/msg/rosidl_typesupport_introspection_c__visibility_control.h
[16.281s] -- Up-to-date: /home/robert/Projects/ros_ws/src/general/install/comp_tasks_interfaces/include/comp_tasks_interfaces/comp_tasks_interfaces/action
[16.281s] -- Up-to-date: /home/robert/Projects/ros_ws/src/general/install/comp_tasks_interfaces/include/comp_tasks_interfaces/comp_tasks_interfaces/action/detail
[16.281s] -- Installing: /home/robert/Projects/ros_ws/src/general/install/comp_tasks_interfaces/include/comp_tasks_interfaces/comp_tasks_interfaces/action/detail/task_signal__rosidl_typesupport_introspection_c.h
[16.282s] -- Installing: /home/robert/Projects/ros_ws/src/general/install/comp_tasks_interfaces/include/comp_tasks_interfaces/comp_tasks_interfaces/action/detail/task_signal__type_support.c
[16.282s] -- Installing: /home/robert/Projects/ros_ws/src/general/install/comp_tasks_interfaces/lib/libcomp_tasks_interfaces__rosidl_typesupport_introspection_c.so
[16.282s] -- Set runtime path of "/home/robert/Projects/ros_ws/src/general/install/comp_tasks_interfaces/lib/libcomp_tasks_interfaces__rosidl_typesupport_introspection_c.so" to ""
[16.282s] -- Installing: /home/robert/Projects/ros_ws/src/general/install/comp_tasks_interfaces/lib/libcomp_tasks_interfaces__rosidl_typesupport_c.so
[16.282s] -- Set runtime path of "/home/robert/Projects/ros_ws/src/general/install/comp_tasks_interfaces/lib/libcomp_tasks_interfaces__rosidl_typesupport_c.so" to ""
[16.282s] -- Up-to-date: /home/robert/Projects/ros_ws/src/general/install/comp_tasks_interfaces/include/comp_tasks_interfaces/comp_tasks_interfaces
[16.283s] -- Up-to-date: /home/robert/Projects/ros_ws/src/general/install/comp_tasks_interfaces/include/comp_tasks_interfaces/comp_tasks_interfaces/msg
[16.283s] -- Up-to-date: /home/robert/Projects/ros_ws/src/general/install/comp_tasks_interfaces/include/comp_tasks_interfaces/comp_tasks_interfaces/msg/detail
[16.283s] -- Installing: /home/robert/Projects/ros_ws/src/general/install/comp_tasks_interfaces/include/comp_tasks_interfaces/comp_tasks_interfaces/msg/detail/simplified_detection__rosidl_typesupport_introspection_cpp.hpp
[16.283s] -- Installing: /home/robert/Projects/ros_ws/src/general/install/comp_tasks_interfaces/include/comp_tasks_interfaces/comp_tasks_interfaces/msg/detail/simplified_detection__type_support.cpp
[16.283s] -- Installing: /home/robert/Projects/ros_ws/src/general/install/comp_tasks_interfaces/include/comp_tasks_interfaces/comp_tasks_interfaces/msg/detail/start_task__type_support.cpp
[16.284s] -- Installing: /home/robert/Projects/ros_ws/src/general/install/comp_tasks_interfaces/include/comp_tasks_interfaces/comp_tasks_interfaces/msg/detail/wp_info__rosidl_typesupport_introspection_cpp.hpp
[16.284s] -- Installing: /home/robert/Projects/ros_ws/src/general/install/comp_tasks_interfaces/include/comp_tasks_interfaces/comp_tasks_interfaces/msg/detail/start_task__rosidl_typesupport_introspection_cpp.hpp
[16.284s] -- Installing: /home/robert/Projects/ros_ws/src/general/install/comp_tasks_interfaces/include/comp_tasks_interfaces/comp_tasks_interfaces/msg/detail/wp_group_info__rosidl_typesupport_introspection_cpp.hpp
[16.284s] -- Installing: /home/robert/Projects/ros_ws/src/general/install/comp_tasks_interfaces/include/comp_tasks_interfaces/comp_tasks_interfaces/msg/detail/simplified_detection_array__rosidl_typesupport_introspection_cpp.hpp
[16.284s] -- Installing: /home/robert/Projects/ros_ws/src/general/install/comp_tasks_interfaces/include/comp_tasks_interfaces/comp_tasks_interfaces/msg/detail/wp_group_info__type_support.cpp
[16.284s] -- Installing: /home/robert/Projects/ros_ws/src/general/install/comp_tasks_interfaces/include/comp_tasks_interfaces/comp_tasks_interfaces/msg/detail/named_local_wp__rosidl_typesupport_introspection_cpp.hpp
[16.285s] -- Installing: /home/robert/Projects/ros_ws/src/general/install/comp_tasks_interfaces/include/comp_tasks_interfaces/comp_tasks_interfaces/msg/detail/global_wp_info__type_support.cpp
[16.285s] -- Installing: /home/robert/Projects/ros_ws/src/general/install/comp_tasks_interfaces/include/comp_tasks_interfaces/comp_tasks_interfaces/msg/detail/label_int__rosidl_typesupport_introspection_cpp.hpp
[16.285s] -- Installing: /home/robert/Projects/ros_ws/src/general/install/comp_tasks_interfaces/include/comp_tasks_interfaces/comp_tasks_interfaces/msg/detail/task__type_support.cpp
[16.285s] -- Installing: /home/robert/Projects/ros_ws/src/general/install/comp_tasks_interfaces/include/comp_tasks_interfaces/comp_tasks_interfaces/msg/detail/task__rosidl_typesupport_introspection_cpp.hpp
[16.285s] -- Installing: /home/robert/Projects/ros_ws/src/general/install/comp_tasks_interfaces/include/comp_tasks_interfaces/comp_tasks_interfaces/msg/detail/wp_info__type_support.cpp
[16.286s] -- Installing: /home/robert/Projects/ros_ws/src/general/install/comp_tasks_interfaces/include/comp_tasks_interfaces/comp_tasks_interfaces/msg/detail/simplified_detection_array__type_support.cpp
[16.286s] -- Installing: /home/robert/Projects/ros_ws/src/general/install/comp_tasks_interfaces/include/comp_tasks_interfaces/comp_tasks_interfaces/msg/detail/label_int__type_support.cpp
[16.286s] -- Installing: /home/robert/Projects/ros_ws/src/general/install/comp_tasks_interfaces/include/comp_tasks_interfaces/comp_tasks_interfaces/msg/detail/global_wp_info__rosidl_typesupport_introspection_cpp.hpp
[16.286s] -- Installing: /home/robert/Projects/ros_ws/src/general/install/comp_tasks_interfaces/include/comp_tasks_interfaces/comp_tasks_interfaces/msg/detail/named_local_wp__type_support.cpp
[16.286s] -- Up-to-date: /home/robert/Projects/ros_ws/src/general/install/comp_tasks_interfaces/include/comp_tasks_interfaces/comp_tasks_interfaces/action
[16.286s] -- Up-to-date: /home/robert/Projects/ros_ws/src/general/install/comp_tasks_interfaces/include/comp_tasks_interfaces/comp_tasks_interfaces/action/detail
[16.286s] -- Installing: /home/robert/Projects/ros_ws/src/general/install/comp_tasks_interfaces/include/comp_tasks_interfaces/comp_tasks_interfaces/action/detail/task_signal__type_support.cpp
[16.286s] -- Installing: /home/robert/Projects/ros_ws/src/general/install/comp_tasks_interfaces/include/comp_tasks_interfaces/comp_tasks_interfaces/action/detail/task_signal__rosidl_typesupport_introspection_cpp.hpp
[16.286s] -- Installing: /home/robert/Projects/ros_ws/src/general/install/comp_tasks_interfaces/lib/libcomp_tasks_interfaces__rosidl_typesupport_introspection_cpp.so
[16.286s] -- Set runtime path of "/home/robert/Projects/ros_ws/src/general/install/comp_tasks_interfaces/lib/libcomp_tasks_interfaces__rosidl_typesupport_introspection_cpp.so" to ""
[16.287s] -- Installing: /home/robert/Projects/ros_ws/src/general/install/comp_tasks_interfaces/lib/libcomp_tasks_interfaces__rosidl_typesupport_cpp.so
[16.287s] -- Set runtime path of "/home/robert/Projects/ros_ws/src/general/install/comp_tasks_interfaces/lib/libcomp_tasks_interfaces__rosidl_typesupport_cpp.so" to ""
[16.287s] -- Installing: /home/robert/Projects/ros_ws/src/general/install/comp_tasks_interfaces/share/comp_tasks_interfaces/environment/pythonpath.sh
[16.287s] -- Installing: /home/robert/Projects/ros_ws/src/general/install/comp_tasks_interfaces/share/comp_tasks_interfaces/environment/pythonpath.dsv
[16.288s] -- Installing: /home/robert/Projects/ros_ws/src/general/install/comp_tasks_interfaces/local/lib/python3.10/dist-packages/comp_tasks_interfaces-0.0.0-py3.10.egg-info
[16.288s] -- Installing: /home/robert/Projects/ros_ws/src/general/install/comp_tasks_interfaces/local/lib/python3.10/dist-packages/comp_tasks_interfaces-0.0.0-py3.10.egg-info/PKG-INFO
[16.288s] -- Installing: /home/robert/Projects/ros_ws/src/general/install/comp_tasks_interfaces/local/lib/python3.10/dist-packages/comp_tasks_interfaces-0.0.0-py3.10.egg-info/top_level.txt
[16.288s] -- Installing: /home/robert/Projects/ros_ws/src/general/install/comp_tasks_interfaces/local/lib/python3.10/dist-packages/comp_tasks_interfaces-0.0.0-py3.10.egg-info/dependency_links.txt
[16.289s] -- Installing: /home/robert/Projects/ros_ws/src/general/install/comp_tasks_interfaces/local/lib/python3.10/dist-packages/comp_tasks_interfaces-0.0.0-py3.10.egg-info/SOURCES.txt
[16.289s] -- Installing: /home/robert/Projects/ros_ws/src/general/install/comp_tasks_interfaces/local/lib/python3.10/dist-packages/comp_tasks_interfaces
[16.289s] -- Installing: /home/robert/Projects/ros_ws/src/general/install/comp_tasks_interfaces/local/lib/python3.10/dist-packages/comp_tasks_interfaces/msg
[16.289s] -- Installing: /home/robert/Projects/ros_ws/src/general/install/comp_tasks_interfaces/local/lib/python3.10/dist-packages/comp_tasks_interfaces/msg/_simplified_detection.py
[16.289s] -- Installing: /home/robert/Projects/ros_ws/src/general/install/comp_tasks_interfaces/local/lib/python3.10/dist-packages/comp_tasks_interfaces/msg/_start_task_s.c
[16.289s] -- Installing: /home/robert/Projects/ros_ws/src/general/install/comp_tasks_interfaces/local/lib/python3.10/dist-packages/comp_tasks_interfaces/msg/_task.py
[16.290s] -- Installing: /home/robert/Projects/ros_ws/src/general/install/comp_tasks_interfaces/local/lib/python3.10/dist-packages/comp_tasks_interfaces/msg/_wp_info_s.c
[16.290s] -- Installing: /home/robert/Projects/ros_ws/src/general/install/comp_tasks_interfaces/local/lib/python3.10/dist-packages/comp_tasks_interfaces/msg/_start_task.py
[16.290s] -- Installing: /home/robert/Projects/ros_ws/src/general/install/comp_tasks_interfaces/local/lib/python3.10/dist-packages/comp_tasks_interfaces/msg/_label_int_s.c
[16.290s] -- Installing: /home/robert/Projects/ros_ws/src/general/install/comp_tasks_interfaces/local/lib/python3.10/dist-packages/comp_tasks_interfaces/msg/_named_local_wp.py
[16.290s] -- Installing: /home/robert/Projects/ros_ws/src/general/install/comp_tasks_interfaces/local/lib/python3.10/dist-packages/comp_tasks_interfaces/msg/_task_s.c
[16.291s] -- Installing: /home/robert/Projects/ros_ws/src/general/install/comp_tasks_interfaces/local/lib/python3.10/dist-packages/comp_tasks_interfaces/msg/_global_wp_info_s.c
[16.291s] -- Installing: /home/robert/Projects/ros_ws/src/general/install/comp_tasks_interfaces/local/lib/python3.10/dist-packages/comp_tasks_interfaces/msg/_wp_group_info_s.c
[16.291s] -- Installing: /home/robert/Projects/ros_ws/src/general/install/comp_tasks_interfaces/local/lib/python3.10/dist-packages/comp_tasks_interfaces/msg/_named_local_wp_s.c
[16.291s] -- Installing: /home/robert/Projects/ros_ws/src/general/install/comp_tasks_interfaces/local/lib/python3.10/dist-packages/comp_tasks_interfaces/msg/_global_wp_info.py
[16.291s] -- Installing: /home/robert/Projects/ros_ws/src/general/install/comp_tasks_interfaces/local/lib/python3.10/dist-packages/comp_tasks_interfaces/msg/_simplified_detection_array.py
[16.291s] -- Installing: /home/robert/Projects/ros_ws/src/general/install/comp_tasks_interfaces/local/lib/python3.10/dist-packages/comp_tasks_interfaces/msg/_wp_group_info.py
[16.292s] -- Installing: /home/robert/Projects/ros_ws/src/general/install/comp_tasks_interfaces/local/lib/python3.10/dist-packages/comp_tasks_interfaces/msg/__init__.py
[16.292s] -- Installing: /home/robert/Projects/ros_ws/src/general/install/comp_tasks_interfaces/local/lib/python3.10/dist-packages/comp_tasks_interfaces/msg/_wp_info.py
[16.292s] -- Installing: /home/robert/Projects/ros_ws/src/general/install/comp_tasks_interfaces/local/lib/python3.10/dist-packages/comp_tasks_interfaces/msg/_simplified_detection_s.c
[16.292s] -- Installing: /home/robert/Projects/ros_ws/src/general/install/comp_tasks_interfaces/local/lib/python3.10/dist-packages/comp_tasks_interfaces/msg/_simplified_detection_array_s.c
[16.292s] -- Installing: /home/robert/Projects/ros_ws/src/general/install/comp_tasks_interfaces/local/lib/python3.10/dist-packages/comp_tasks_interfaces/msg/_label_int.py
[16.292s] -- Installing: /home/robert/Projects/ros_ws/src/general/install/comp_tasks_interfaces/local/lib/python3.10/dist-packages/comp_tasks_interfaces/libcomp_tasks_interfaces__rosidl_generator_py.so
[16.292s] -- Installing: /home/robert/Projects/ros_ws/src/general/install/comp_tasks_interfaces/local/lib/python3.10/dist-packages/comp_tasks_interfaces/comp_tasks_interfaces_s__rosidl_typesupport_fastrtps_c.cpython-310-x86_64-linux-gnu.so
[16.293s] -- Installing: /home/robert/Projects/ros_ws/src/general/install/comp_tasks_interfaces/local/lib/python3.10/dist-packages/comp_tasks_interfaces/comp_tasks_interfaces_s__rosidl_typesupport_c.cpython-310-x86_64-linux-gnu.so
[16.293s] -- Installing: /home/robert/Projects/ros_ws/src/general/install/comp_tasks_interfaces/local/lib/python3.10/dist-packages/comp_tasks_interfaces/action
[16.293s] -- Installing: /home/robert/Projects/ros_ws/src/general/install/comp_tasks_interfaces/local/lib/python3.10/dist-packages/comp_tasks_interfaces/action/_task_signal.py
[16.293s] -- Installing: /home/robert/Projects/ros_ws/src/general/install/comp_tasks_interfaces/local/lib/python3.10/dist-packages/comp_tasks_interfaces/action/__init__.py
[16.293s] -- Installing: /home/robert/Projects/ros_ws/src/general/install/comp_tasks_interfaces/local/lib/python3.10/dist-packages/comp_tasks_interfaces/action/_task_signal_s.c
[16.293s] -- Installing: /home/robert/Projects/ros_ws/src/general/install/comp_tasks_interfaces/local/lib/python3.10/dist-packages/comp_tasks_interfaces/__init__.py
[16.294s] -- Installing: /home/robert/Projects/ros_ws/src/general/install/comp_tasks_interfaces/local/lib/python3.10/dist-packages/comp_tasks_interfaces/_comp_tasks_interfaces_s.ep.rosidl_typesupport_c.c
[16.294s] -- Installing: /home/robert/Projects/ros_ws/src/general/install/comp_tasks_interfaces/local/lib/python3.10/dist-packages/comp_tasks_interfaces/comp_tasks_interfaces_s__rosidl_typesupport_introspection_c.cpython-310-x86_64-linux-gnu.so
[16.294s] -- Installing: /home/robert/Projects/ros_ws/src/general/install/comp_tasks_interfaces/local/lib/python3.10/dist-packages/comp_tasks_interfaces/_comp_tasks_interfaces_s.ep.rosidl_typesupport_fastrtps_c.c
[16.294s] -- Installing: /home/robert/Projects/ros_ws/src/general/install/comp_tasks_interfaces/local/lib/python3.10/dist-packages/comp_tasks_interfaces/_comp_tasks_interfaces_s.ep.rosidl_typesupport_introspection_c.c
[16.358s] Listing '/home/robert/Projects/ros_ws/src/general/install/comp_tasks_interfaces/local/lib/python3.10/dist-packages/comp_tasks_interfaces'...
[16.358s] Compiling '/home/robert/Projects/ros_ws/src/general/install/comp_tasks_interfaces/local/lib/python3.10/dist-packages/comp_tasks_interfaces/__init__.py'...
[16.358s] Listing '/home/robert/Projects/ros_ws/src/general/install/comp_tasks_interfaces/local/lib/python3.10/dist-packages/comp_tasks_interfaces/action'...
[16.358s] Compiling '/home/robert/Projects/ros_ws/src/general/install/comp_tasks_interfaces/local/lib/python3.10/dist-packages/comp_tasks_interfaces/action/__init__.py'...
[16.358s] Compiling '/home/robert/Projects/ros_ws/src/general/install/comp_tasks_interfaces/local/lib/python3.10/dist-packages/comp_tasks_interfaces/action/_task_signal.py'...
[16.358s] Listing '/home/robert/Projects/ros_ws/src/general/install/comp_tasks_interfaces/local/lib/python3.10/dist-packages/comp_tasks_interfaces/msg'...
[16.359s] Compiling '/home/robert/Projects/ros_ws/src/general/install/comp_tasks_interfaces/local/lib/python3.10/dist-packages/comp_tasks_interfaces/msg/__init__.py'...
[16.359s] Compiling '/home/robert/Projects/ros_ws/src/general/install/comp_tasks_interfaces/local/lib/python3.10/dist-packages/comp_tasks_interfaces/msg/_global_wp_info.py'...
[16.359s] Compiling '/home/robert/Projects/ros_ws/src/general/install/comp_tasks_interfaces/local/lib/python3.10/dist-packages/comp_tasks_interfaces/msg/_label_int.py'...
[16.359s] Compiling '/home/robert/Projects/ros_ws/src/general/install/comp_tasks_interfaces/local/lib/python3.10/dist-packages/comp_tasks_interfaces/msg/_named_local_wp.py'...
[16.359s] Compiling '/home/robert/Projects/ros_ws/src/general/install/comp_tasks_interfaces/local/lib/python3.10/dist-packages/comp_tasks_interfaces/msg/_simplified_detection.py'...
[16.359s] Compiling '/home/robert/Projects/ros_ws/src/general/install/comp_tasks_interfaces/local/lib/python3.10/dist-packages/comp_tasks_interfaces/msg/_simplified_detection_array.py'...
[16.359s] Compiling '/home/robert/Projects/ros_ws/src/general/install/comp_tasks_interfaces/local/lib/python3.10/dist-packages/comp_tasks_interfaces/msg/_start_task.py'...
[16.359s] Compiling '/home/robert/Projects/ros_ws/src/general/install/comp_tasks_interfaces/local/lib/python3.10/dist-packages/comp_tasks_interfaces/msg/_task.py'...
[16.359s] Compiling '/home/robert/Projects/ros_ws/src/general/install/comp_tasks_interfaces/local/lib/python3.10/dist-packages/comp_tasks_interfaces/msg/_wp_group_info.py'...
[16.359s] Compiling '/home/robert/Projects/ros_ws/src/general/install/comp_tasks_interfaces/local/lib/python3.10/dist-packages/comp_tasks_interfaces/msg/_wp_info.py'...
[16.364s] -- Installing: /home/robert/Projects/ros_ws/src/general/install/comp_tasks_interfaces/local/lib/python3.10/dist-packages/comp_tasks_interfaces/comp_tasks_interfaces_s__rosidl_typesupport_fastrtps_c.cpython-310-x86_64-linux-gnu.so
[16.364s] -- Set runtime path of "/home/robert/Projects/ros_ws/src/general/install/comp_tasks_interfaces/local/lib/python3.10/dist-packages/comp_tasks_interfaces/comp_tasks_interfaces_s__rosidl_typesupport_fastrtps_c.cpython-310-x86_64-linux-gnu.so" to ""
[16.364s] -- Installing: /home/robert/Projects/ros_ws/src/general/install/comp_tasks_interfaces/local/lib/python3.10/dist-packages/comp_tasks_interfaces/comp_tasks_interfaces_s__rosidl_typesupport_introspection_c.cpython-310-x86_64-linux-gnu.so
[16.365s] -- Set runtime path of "/home/robert/Projects/ros_ws/src/general/install/comp_tasks_interfaces/local/lib/python3.10/dist-packages/comp_tasks_interfaces/comp_tasks_interfaces_s__rosidl_typesupport_introspection_c.cpython-310-x86_64-linux-gnu.so" to ""
[16.365s] -- Installing: /home/robert/Projects/ros_ws/src/general/install/comp_tasks_interfaces/local/lib/python3.10/dist-packages/comp_tasks_interfaces/comp_tasks_interfaces_s__rosidl_typesupport_c.cpython-310-x86_64-linux-gnu.so
[16.366s] -- Set runtime path of "/home/robert/Projects/ros_ws/src/general/install/comp_tasks_interfaces/local/lib/python3.10/dist-packages/comp_tasks_interfaces/comp_tasks_interfaces_s__rosidl_typesupport_c.cpython-310-x86_64-linux-gnu.so" to ""
[16.366s] -- Installing: /home/robert/Projects/ros_ws/src/general/install/comp_tasks_interfaces/lib/libcomp_tasks_interfaces__rosidl_generator_py.so
[16.366s] -- Set runtime path of "/home/robert/Projects/ros_ws/src/general/install/comp_tasks_interfaces/lib/libcomp_tasks_interfaces__rosidl_generator_py.so" to ""
[16.367s] -- Installing: /home/robert/Projects/ros_ws/src/general/install/comp_tasks_interfaces/share/comp_tasks_interfaces/msg/LabelInt.idl
[16.367s] -- Installing: /home/robert/Projects/ros_ws/src/general/install/comp_tasks_interfaces/share/comp_tasks_interfaces/msg/Task.idl
[16.367s] -- Installing: /home/robert/Projects/ros_ws/src/general/install/comp_tasks_interfaces/share/comp_tasks_interfaces/action/TaskSignal.idl
[16.367s] -- Installing: /home/robert/Projects/ros_ws/src/general/install/comp_tasks_interfaces/share/comp_tasks_interfaces/msg/StartTask.idl
[16.367s] -- Installing: /home/robert/Projects/ros_ws/src/general/install/comp_tasks_interfaces/share/comp_tasks_interfaces/msg/SimplifiedDetection.idl
[16.367s] -- Installing: /home/robert/Projects/ros_ws/src/general/install/comp_tasks_interfaces/share/comp_tasks_interfaces/msg/SimplifiedDetectionArray.idl
[16.368s] -- Installing: /home/robert/Projects/ros_ws/src/general/install/comp_tasks_interfaces/share/comp_tasks_interfaces/msg/WpInfo.idl
[16.368s] -- Installing: /home/robert/Projects/ros_ws/src/general/install/comp_tasks_interfaces/share/comp_tasks_interfaces/msg/GlobalWpInfo.idl
[16.368s] -- Installing: /home/robert/Projects/ros_ws/src/general/install/comp_tasks_interfaces/share/comp_tasks_interfaces/msg/WpGroupInfo.idl
[16.368s] -- Installing: /home/robert/Projects/ros_ws/src/general/install/comp_tasks_interfaces/share/comp_tasks_interfaces/msg/NamedLocalWp.idl
[16.368s] -- Installing: /home/robert/Projects/ros_ws/src/general/install/comp_tasks_interfaces/share/comp_tasks_interfaces/msg/LabelInt.msg
[16.368s] -- Installing: /home/robert/Projects/ros_ws/src/general/install/comp_tasks_interfaces/share/comp_tasks_interfaces/msg/Task.msg
[16.369s] -- Installing: /home/robert/Projects/ros_ws/src/general/install/comp_tasks_interfaces/share/comp_tasks_interfaces/action/TaskSignal.action
[16.369s] -- Installing: /home/robert/Projects/ros_ws/src/general/install/comp_tasks_interfaces/share/comp_tasks_interfaces/msg/StartTask.msg
[16.369s] -- Installing: /home/robert/Projects/ros_ws/src/general/install/comp_tasks_interfaces/share/comp_tasks_interfaces/msg/SimplifiedDetection.msg
[16.369s] -- Installing: /home/robert/Projects/ros_ws/src/general/install/comp_tasks_interfaces/share/comp_tasks_interfaces/msg/SimplifiedDetectionArray.msg
[16.370s] -- Installing: /home/robert/Projects/ros_ws/src/general/install/comp_tasks_interfaces/share/comp_tasks_interfaces/msg/WpInfo.msg
[16.370s] -- Installing: /home/robert/Projects/ros_ws/src/general/install/comp_tasks_interfaces/share/comp_tasks_interfaces/msg/GlobalWpInfo.msg
[16.370s] -- Installing: /home/robert/Projects/ros_ws/src/general/install/comp_tasks_interfaces/share/comp_tasks_interfaces/msg/WpGroupInfo.msg
[16.370s] -- Installing: /home/robert/Projects/ros_ws/src/general/install/comp_tasks_interfaces/share/comp_tasks_interfaces/msg/NamedLocalWp.msg
[16.370s] -- Installing: /home/robert/Projects/ros_ws/src/general/install/comp_tasks_interfaces/share/ament_index/resource_index/package_run_dependencies/comp_tasks_interfaces
[16.371s] -- Installing: /home/robert/Projects/ros_ws/src/general/install/comp_tasks_interfaces/share/ament_index/resource_index/parent_prefix_path/comp_tasks_interfaces
[16.371s] -- Installing: /home/robert/Projects/ros_ws/src/general/install/comp_tasks_interfaces/share/comp_tasks_interfaces/environment/ament_prefix_path.sh
[16.371s] -- Installing: /home/robert/Projects/ros_ws/src/general/install/comp_tasks_interfaces/share/comp_tasks_interfaces/environment/ament_prefix_path.dsv
[16.371s] -- Installing: /home/robert/Projects/ros_ws/src/general/install/comp_tasks_interfaces/share/comp_tasks_interfaces/environment/path.sh
[16.371s] -- Installing: /home/robert/Projects/ros_ws/src/general/install/comp_tasks_interfaces/share/comp_tasks_interfaces/environment/path.dsv
[16.372s] -- Installing: /home/robert/Projects/ros_ws/src/general/install/comp_tasks_interfaces/share/comp_tasks_interfaces/local_setup.bash
[16.372s] -- Installing: /home/robert/Projects/ros_ws/src/general/install/comp_tasks_interfaces/share/comp_tasks_interfaces/local_setup.sh
[16.372s] -- Installing: /home/robert/Projects/ros_ws/src/general/install/comp_tasks_interfaces/share/comp_tasks_interfaces/local_setup.zsh
[16.372s] -- Installing: /home/robert/Projects/ros_ws/src/general/install/comp_tasks_interfaces/share/comp_tasks_interfaces/local_setup.dsv
[16.372s] -- Installing: /home/robert/Projects/ros_ws/src/general/install/comp_tasks_interfaces/share/comp_tasks_interfaces/package.dsv
[16.373s] -- Installing: /home/robert/Projects/ros_ws/src/general/install/comp_tasks_interfaces/share/ament_index/resource_index/packages/comp_tasks_interfaces
[16.373s] -- Installing: /home/robert/Projects/ros_ws/src/general/install/comp_tasks_interfaces/share/comp_tasks_interfaces/cmake/export_comp_tasks_interfaces__rosidl_generator_cExport.cmake
[16.373s] -- Installing: /home/robert/Projects/ros_ws/src/general/install/comp_tasks_interfaces/share/comp_tasks_interfaces/cmake/export_comp_tasks_interfaces__rosidl_generator_cExport-noconfig.cmake
[16.373s] -- Installing: /home/robert/Projects/ros_ws/src/general/install/comp_tasks_interfaces/share/comp_tasks_interfaces/cmake/export_comp_tasks_interfaces__rosidl_typesupport_fastrtps_cExport.cmake
[16.374s] -- Installing: /home/robert/Projects/ros_ws/src/general/install/comp_tasks_interfaces/share/comp_tasks_interfaces/cmake/export_comp_tasks_interfaces__rosidl_typesupport_fastrtps_cExport-noconfig.cmake
[16.374s] -- Installing: /home/robert/Projects/ros_ws/src/general/install/comp_tasks_interfaces/share/comp_tasks_interfaces/cmake/export_comp_tasks_interfaces__rosidl_generator_cppExport.cmake
[16.374s] -- Installing: /home/robert/Projects/ros_ws/src/general/install/comp_tasks_interfaces/share/comp_tasks_interfaces/cmake/export_comp_tasks_interfaces__rosidl_typesupport_fastrtps_cppExport.cmake
[16.374s] -- Installing: /home/robert/Projects/ros_ws/src/general/install/comp_tasks_interfaces/share/comp_tasks_interfaces/cmake/export_comp_tasks_interfaces__rosidl_typesupport_fastrtps_cppExport-noconfig.cmake
[16.374s] -- Installing: /home/robert/Projects/ros_ws/src/general/install/comp_tasks_interfaces/share/comp_tasks_interfaces/cmake/comp_tasks_interfaces__rosidl_typesupport_introspection_cExport.cmake
[16.375s] -- Installing: /home/robert/Projects/ros_ws/src/general/install/comp_tasks_interfaces/share/comp_tasks_interfaces/cmake/comp_tasks_interfaces__rosidl_typesupport_introspection_cExport-noconfig.cmake
[16.375s] -- Installing: /home/robert/Projects/ros_ws/src/general/install/comp_tasks_interfaces/share/comp_tasks_interfaces/cmake/comp_tasks_interfaces__rosidl_typesupport_cExport.cmake
[16.375s] -- Installing: /home/robert/Projects/ros_ws/src/general/install/comp_tasks_interfaces/share/comp_tasks_interfaces/cmake/comp_tasks_interfaces__rosidl_typesupport_cExport-noconfig.cmake
[16.375s] -- Installing: /home/robert/Projects/ros_ws/src/general/install/comp_tasks_interfaces/share/comp_tasks_interfaces/cmake/comp_tasks_interfaces__rosidl_typesupport_introspection_cppExport.cmake
[16.375s] -- Installing: /home/robert/Projects/ros_ws/src/general/install/comp_tasks_interfaces/share/comp_tasks_interfaces/cmake/comp_tasks_interfaces__rosidl_typesupport_introspection_cppExport-noconfig.cmake
[16.376s] -- Installing: /home/robert/Projects/ros_ws/src/general/install/comp_tasks_interfaces/share/comp_tasks_interfaces/cmake/comp_tasks_interfaces__rosidl_typesupport_cppExport.cmake
[16.376s] -- Installing: /home/robert/Projects/ros_ws/src/general/install/comp_tasks_interfaces/share/comp_tasks_interfaces/cmake/comp_tasks_interfaces__rosidl_typesupport_cppExport-noconfig.cmake
[16.376s] -- Installing: /home/robert/Projects/ros_ws/src/general/install/comp_tasks_interfaces/share/comp_tasks_interfaces/cmake/export_comp_tasks_interfaces__rosidl_generator_pyExport.cmake
[16.376s] -- Installing: /home/robert/Projects/ros_ws/src/general/install/comp_tasks_interfaces/share/comp_tasks_interfaces/cmake/export_comp_tasks_interfaces__rosidl_generator_pyExport-noconfig.cmake
[16.376s] -- Installing: /home/robert/Projects/ros_ws/src/general/install/comp_tasks_interfaces/share/comp_tasks_interfaces/cmake/rosidl_cmake-extras.cmake
[16.377s] -- Installing: /home/robert/Projects/ros_ws/src/general/install/comp_tasks_interfaces/share/comp_tasks_interfaces/cmake/ament_cmake_export_dependencies-extras.cmake
[16.377s] -- Installing: /home/robert/Projects/ros_ws/src/general/install/comp_tasks_interfaces/share/comp_tasks_interfaces/cmake/ament_cmake_export_include_directories-extras.cmake
[16.377s] -- Installing: /home/robert/Projects/ros_ws/src/general/install/comp_tasks_interfaces/share/comp_tasks_interfaces/cmake/ament_cmake_export_libraries-extras.cmake
[16.377s] -- Installing: /home/robert/Projects/ros_ws/src/general/install/comp_tasks_interfaces/share/comp_tasks_interfaces/cmake/ament_cmake_export_targets-extras.cmake
[16.377s] -- Installing: /home/robert/Projects/ros_ws/src/general/install/comp_tasks_interfaces/share/comp_tasks_interfaces/cmake/rosidl_cmake_export_typesupport_targets-extras.cmake
[16.378s] -- Installing: /home/robert/Projects/ros_ws/src/general/install/comp_tasks_interfaces/share/comp_tasks_interfaces/cmake/rosidl_cmake_export_typesupport_libraries-extras.cmake
[16.378s] -- Installing: /home/robert/Projects/ros_ws/src/general/install/comp_tasks_interfaces/share/comp_tasks_interfaces/cmake/comp_tasks_interfacesConfig.cmake
[16.378s] -- Installing: /home/robert/Projects/ros_ws/src/general/install/comp_tasks_interfaces/share/comp_tasks_interfaces/cmake/comp_tasks_interfacesConfig-version.cmake
[16.378s] -- Installing: /home/robert/Projects/ros_ws/src/general/install/comp_tasks_interfaces/share/comp_tasks_interfaces/package.xml
[16.381s] Invoked command in '/home/robert/Projects/ros_ws/src/general/build/comp_tasks_interfaces' returned '0': AMENT_PREFIX_PATH=/home/robert/Projects/ros_ws/src/general/install/yolov8_msgs:${AMENT_PREFIX_PATH} CMAKE_PREFIX_PATH=/home/robert/Projects/ros_ws/src/general/install/yolov8_msgs:/opt/ros/humble LD_LIBRARY_PATH=/home/robert/Projects/ros_ws/src/general/install/yolov8_msgs/lib:${LD_LIBRARY_PATH} PYTHONPATH=/home/robert/Projects/ros_ws/src/general/install/yolov8_msgs/local/lib/python3.10/dist-packages:${PYTHONPATH} /usr/bin/cmake --install /home/robert/Projects/ros_ws/src/general/build/comp_tasks_interfaces
