[0.011s] Invoking command in '/home/robert/Projects/ros_ws/src/general/build/comp_tasks_interfaces': CMAKE_PREFIX_PATH=/opt/ros/humble /usr/bin/cmake /home/robert/Projects/ros_ws/src/general/comp_tasks_interfaces -DCMAKE_INSTALL_PREFIX=/home/robert/Projects/ros_ws/src/general/install/comp_tasks_interfaces
[0.095s] -- The C compiler identification is GNU 11.4.0
[0.176s] -- The CXX compiler identification is GNU 11.4.0
[0.183s] -- Detecting C compiler ABI info
[0.244s] -- Detecting C compiler ABI info - done
[0.252s] -- Check for working C compiler: /usr/bin/cc - skipped
[0.252s] -- Detecting C compile features
[0.252s] -- Detecting C compile features - done
[0.255s] -- Detecting CXX compiler ABI info
[0.328s] -- Detecting CXX compiler ABI info - done
[0.336s] -- Check for working CXX compiler: /usr/bin/c++ - skipped
[0.336s] -- Detecting CXX compile features
[0.336s] -- Detecting CXX compile features - done
[0.339s] -- Found ament_cmake: 1.3.11 (/opt/ros/humble/share/ament_cmake/cmake)
[0.499s] -- Found Python3: /usr/bin/python3 (found version "3.10.12") found components: Interpreter 
[0.576s] -- Found geometry_msgs: 4.2.4 (/opt/ros/humble/share/geometry_msgs/cmake)
[0.608s] -- Found rosidl_generator_c: 3.1.6 (/opt/ros/humble/share/rosidl_generator_c/cmake)
[0.612s] -- Found rosidl_adapter: 3.1.6 (/opt/ros/humble/share/rosidl_adapter/cmake)
[0.620s] -- Found rosidl_generator_cpp: 3.1.6 (/opt/ros/humble/share/rosidl_generator_cpp/cmake)
[0.633s] -- Using all available rosidl_typesupport_c: rosidl_typesupport_fastrtps_c;rosidl_typesupport_introspection_c
[0.649s] -- Using all available rosidl_typesupport_cpp: rosidl_typesupport_fastrtps_cpp;rosidl_typesupport_introspection_cpp
[0.688s] -- Found geographic_msgs: 1.0.6 (/opt/ros/humble/share/geographic_msgs/cmake)
[0.725s] -- Found rosidl_default_generators: 1.2.0 (/opt/ros/humble/share/rosidl_default_generators/cmake)
[1.082s] -- Found ament_cmake_ros: 0.10.0 (/opt/ros/humble/share/ament_cmake_ros/cmake)
[1.545s] -- Using all available rosidl_typesupport_c: rosidl_typesupport_fastrtps_c;rosidl_typesupport_introspection_c
[1.729s] -- Using all available rosidl_typesupport_cpp: rosidl_typesupport_fastrtps_cpp;rosidl_typesupport_introspection_cpp
[1.751s] -- Found PythonInterp: /usr/bin/python3 (found suitable version "3.10.12", minimum required is "3.6") 
[1.753s] -- Found python_cmake_module: 0.10.0 (/opt/ros/humble/share/python_cmake_module/cmake)
[1.781s] -- Found PythonLibs: /usr/lib/x86_64-linux-gnu/libpython3.10.so (found suitable version "3.10.12", minimum required is "3.5") 
[1.781s] -- Using PYTHON_EXECUTABLE: /usr/bin/python3
[1.781s] -- Using PYTHON_INCLUDE_DIRS: /usr/include/python3.10
[1.781s] -- Using PYTHON_LIBRARIES: /usr/lib/x86_64-linux-gnu/libpython3.10.so
[1.806s] -- Found PythonExtra: .so  
[1.884s] -- Found ament_lint_auto: 0.12.11 (/opt/ros/humble/share/ament_lint_auto/cmake)
[1.903s] -- Added test 'lint_cmake' to check CMake code style
[1.905s] -- Added test 'xmllint' to check XML markup files
[1.910s] -- Configuring done
[1.986s] -- Generating done
[2.013s] -- Build files have been written to: /home/robert/Projects/ros_ws/src/general/build/comp_tasks_interfaces
[2.026s] Invoked command in '/home/robert/Projects/ros_ws/src/general/build/comp_tasks_interfaces' returned '0': CMAKE_PREFIX_PATH=/opt/ros/humble /usr/bin/cmake /home/robert/Projects/ros_ws/src/general/comp_tasks_interfaces -DCMAKE_INSTALL_PREFIX=/home/robert/Projects/ros_ws/src/general/install/comp_tasks_interfaces
[2.027s] Invoking command in '/home/robert/Projects/ros_ws/src/general/build/comp_tasks_interfaces': CMAKE_PREFIX_PATH=/opt/ros/humble /usr/bin/cmake --build /home/robert/Projects/ros_ws/src/general/build/comp_tasks_interfaces -- -j12 -l12
[2.069s] [  1%] [34m[1mGenerating C code for ROS interfaces[0m
[2.081s] [  3%] [34m[1mGenerating C++ code for ROS interfaces[0m
[2.090s] [  3%] Built target ament_cmake_python_copy_comp_tasks_interfaces
[2.404s] running egg_info
[2.405s] creating comp_tasks_interfaces.egg-info
[2.406s] writing comp_tasks_interfaces.egg-info/PKG-INFO
[2.406s] writing dependency_links to comp_tasks_interfaces.egg-info/dependency_links.txt
[2.406s] writing top-level names to comp_tasks_interfaces.egg-info/top_level.txt
[2.407s] writing manifest file 'comp_tasks_interfaces.egg-info/SOURCES.txt'
[2.409s] reading manifest file 'comp_tasks_interfaces.egg-info/SOURCES.txt'
[2.410s] writing manifest file 'comp_tasks_interfaces.egg-info/SOURCES.txt'
[2.441s] [  3%] Built target ament_cmake_python_build_comp_tasks_interfaces_egg
[2.912s] [  4%] [32mBuilding C object CMakeFiles/comp_tasks_interfaces__rosidl_generator_c.dir/rosidl_generator_c/comp_tasks_interfaces/msg/detail/task__functions.c.o[0m
[2.912s] [  6%] [32mBuilding C object CMakeFiles/comp_tasks_interfaces__rosidl_generator_c.dir/rosidl_generator_c/comp_tasks_interfaces/msg/detail/start_task__functions.c.o[0m
[2.916s] [  7%] [32mBuilding C object CMakeFiles/comp_tasks_interfaces__rosidl_generator_c.dir/rosidl_generator_c/comp_tasks_interfaces/action/detail/task_signal__functions.c.o[0m
[2.920s] [  9%] [32mBuilding C object CMakeFiles/comp_tasks_interfaces__rosidl_generator_c.dir/rosidl_generator_c/comp_tasks_interfaces/msg/detail/simplified_detection__functions.c.o[0m
[2.928s] [ 11%] [32mBuilding C object CMakeFiles/comp_tasks_interfaces__rosidl_generator_c.dir/rosidl_generator_c/comp_tasks_interfaces/msg/detail/simplified_detection_array__functions.c.o[0m
[2.941s] [ 11%] Built target comp_tasks_interfaces__cpp
[2.960s] [ 15%] [34m[1mGenerating C++ type support for eProsima Fast-RTPS[0m
[2.960s] [ 15%] [34m[1mGenerating C++ type support dispatch for ROS interfaces[0m
[2.960s] [ 15%] [34m[1mGenerating C++ introspection for ROS interfaces[0m
[3.090s] [ 17%] [32m[1mLinking C shared library libcomp_tasks_interfaces__rosidl_generator_c.so[0m
[3.141s] [ 17%] Built target comp_tasks_interfaces__rosidl_generator_c
[3.156s] [ 19%] [34m[1mGenerating C type support dispatch for ROS interfaces[0m
[3.158s] [ 22%] [34m[1mGenerating C introspection for ROS interfaces[0m
[3.158s] [ 22%] [34m[1mGenerating C type support for eProsima Fast-RTPS[0m
[3.725s] [ 23%] [32mBuilding CXX object CMakeFiles/comp_tasks_interfaces__rosidl_typesupport_cpp.dir/rosidl_typesupport_cpp/comp_tasks_interfaces/msg/start_task__type_support.cpp.o[0m
[3.725s] [ 25%] [32mBuilding CXX object CMakeFiles/comp_tasks_interfaces__rosidl_typesupport_cpp.dir/rosidl_typesupport_cpp/comp_tasks_interfaces/msg/simplified_detection__type_support.cpp.o[0m
[3.727s] [ 26%] [32mBuilding CXX object CMakeFiles/comp_tasks_interfaces__rosidl_typesupport_cpp.dir/rosidl_typesupport_cpp/comp_tasks_interfaces/action/task_signal__type_support.cpp.o[0m
[3.729s] [ 28%] [32mBuilding CXX object CMakeFiles/comp_tasks_interfaces__rosidl_typesupport_cpp.dir/rosidl_typesupport_cpp/comp_tasks_interfaces/msg/simplified_detection_array__type_support.cpp.o[0m
[3.735s] [ 30%] [32mBuilding CXX object CMakeFiles/comp_tasks_interfaces__rosidl_typesupport_cpp.dir/rosidl_typesupport_cpp/comp_tasks_interfaces/msg/task__type_support.cpp.o[0m
[4.007s] [ 31%] [32mBuilding CXX object CMakeFiles/comp_tasks_interfaces__rosidl_typesupport_introspection_cpp.dir/rosidl_typesupport_introspection_cpp/comp_tasks_interfaces/msg/detail/task__type_support.cpp.o[0m
[4.031s] [ 33%] [32mBuilding CXX object CMakeFiles/comp_tasks_interfaces__rosidl_typesupport_introspection_cpp.dir/rosidl_typesupport_introspection_cpp/comp_tasks_interfaces/action/detail/task_signal__type_support.cpp.o[0m
[4.049s] [ 34%] [32mBuilding CXX object CMakeFiles/comp_tasks_interfaces__rosidl_typesupport_introspection_cpp.dir/rosidl_typesupport_introspection_cpp/comp_tasks_interfaces/msg/detail/start_task__type_support.cpp.o[0m
[4.454s] [ 36%] [32mBuilding CXX object CMakeFiles/comp_tasks_interfaces__rosidl_typesupport_fastrtps_cpp.dir/rosidl_typesupport_fastrtps_cpp/comp_tasks_interfaces/msg/detail/dds_fastrtps/task__type_support.cpp.o[0m
[4.457s] [ 38%] [32mBuilding CXX object CMakeFiles/comp_tasks_interfaces__rosidl_typesupport_c.dir/rosidl_typesupport_c/comp_tasks_interfaces/msg/task__type_support.cpp.o[0m
[4.582s] [ 39%] [32mBuilding CXX object CMakeFiles/comp_tasks_interfaces__rosidl_typesupport_c.dir/rosidl_typesupport_c/comp_tasks_interfaces/action/task_signal__type_support.cpp.o[0m
[4.696s] [ 41%] [32mBuilding C object CMakeFiles/comp_tasks_interfaces__rosidl_typesupport_introspection_c.dir/rosidl_typesupport_introspection_c/comp_tasks_interfaces/msg/detail/task__type_support.c.o[0m
[4.723s] [ 42%] [32mBuilding CXX object CMakeFiles/comp_tasks_interfaces__rosidl_typesupport_introspection_cpp.dir/rosidl_typesupport_introspection_cpp/comp_tasks_interfaces/msg/detail/simplified_detection__type_support.cpp.o[0m
[4.766s] [ 44%] [32mBuilding CXX object CMakeFiles/comp_tasks_interfaces__rosidl_typesupport_c.dir/rosidl_typesupport_c/comp_tasks_interfaces/msg/start_task__type_support.cpp.o[0m
[4.797s] [ 46%] [32mBuilding C object CMakeFiles/comp_tasks_interfaces__rosidl_typesupport_introspection_c.dir/rosidl_typesupport_introspection_c/comp_tasks_interfaces/action/detail/task_signal__type_support.c.o[0m
[4.813s] [ 47%] [32mBuilding CXX object CMakeFiles/comp_tasks_interfaces__rosidl_typesupport_c.dir/rosidl_typesupport_c/comp_tasks_interfaces/msg/simplified_detection__type_support.cpp.o[0m
[4.813s] [ 49%] [32mBuilding CXX object CMakeFiles/comp_tasks_interfaces__rosidl_typesupport_c.dir/rosidl_typesupport_c/comp_tasks_interfaces/msg/simplified_detection_array__type_support.cpp.o[0m
[4.886s] [ 50%] [32mBuilding CXX object CMakeFiles/comp_tasks_interfaces__rosidl_typesupport_introspection_cpp.dir/rosidl_typesupport_introspection_cpp/comp_tasks_interfaces/msg/detail/simplified_detection_array__type_support.cpp.o[0m
[4.919s] [ 52%] [32mBuilding C object CMakeFiles/comp_tasks_interfaces__rosidl_typesupport_introspection_c.dir/rosidl_typesupport_introspection_c/comp_tasks_interfaces/msg/detail/start_task__type_support.c.o[0m
[4.923s] [ 53%] [32m[1mLinking CXX shared library libcomp_tasks_interfaces__rosidl_typesupport_c.so[0m
[4.936s] [ 55%] [32mBuilding CXX object CMakeFiles/comp_tasks_interfaces__rosidl_typesupport_fastrtps_cpp.dir/rosidl_typesupport_fastrtps_cpp/comp_tasks_interfaces/action/detail/dds_fastrtps/task_signal__type_support.cpp.o[0m
[5.046s] [ 57%] [32mBuilding CXX object CMakeFiles/comp_tasks_interfaces__rosidl_typesupport_fastrtps_cpp.dir/rosidl_typesupport_fastrtps_cpp/comp_tasks_interfaces/msg/detail/dds_fastrtps/start_task__type_support.cpp.o[0m
[5.071s] [ 58%] [32mBuilding C object CMakeFiles/comp_tasks_interfaces__rosidl_typesupport_introspection_c.dir/rosidl_typesupport_introspection_c/comp_tasks_interfaces/msg/detail/simplified_detection__type_support.c.o[0m
[5.113s] [ 58%] Built target comp_tasks_interfaces__rosidl_typesupport_c
[5.146s] [ 60%] [32mBuilding CXX object CMakeFiles/comp_tasks_interfaces__rosidl_typesupport_fastrtps_cpp.dir/rosidl_typesupport_fastrtps_cpp/comp_tasks_interfaces/msg/detail/dds_fastrtps/simplified_detection__type_support.cpp.o[0m
[5.166s] [ 61%] [32mBuilding CXX object CMakeFiles/comp_tasks_interfaces__rosidl_typesupport_fastrtps_c.dir/rosidl_typesupport_fastrtps_c/comp_tasks_interfaces/msg/detail/task__type_support_c.cpp.o[0m
[5.218s] [ 63%] [32mBuilding C object CMakeFiles/comp_tasks_interfaces__rosidl_typesupport_introspection_c.dir/rosidl_typesupport_introspection_c/comp_tasks_interfaces/msg/detail/simplified_detection_array__type_support.c.o[0m
[5.288s] [ 65%] [32mBuilding CXX object CMakeFiles/comp_tasks_interfaces__rosidl_typesupport_fastrtps_cpp.dir/rosidl_typesupport_fastrtps_cpp/comp_tasks_interfaces/msg/detail/dds_fastrtps/simplified_detection_array__type_support.cpp.o[0m
[5.309s] [ 66%] [32m[1mLinking CXX shared library libcomp_tasks_interfaces__rosidl_typesupport_cpp.so[0m
[5.341s] [ 68%] [32m[1mLinking C shared library libcomp_tasks_interfaces__rosidl_typesupport_introspection_c.so[0m
[5.403s] [ 69%] [32mBuilding CXX object CMakeFiles/comp_tasks_interfaces__rosidl_typesupport_fastrtps_c.dir/rosidl_typesupport_fastrtps_c/comp_tasks_interfaces/action/detail/task_signal__type_support_c.cpp.o[0m
[5.481s] [ 69%] Built target comp_tasks_interfaces__rosidl_typesupport_introspection_c
[5.495s] [ 69%] Built target comp_tasks_interfaces__rosidl_typesupport_cpp
[5.505s] [ 71%] [32mBuilding CXX object CMakeFiles/comp_tasks_interfaces__rosidl_typesupport_fastrtps_c.dir/rosidl_typesupport_fastrtps_c/comp_tasks_interfaces/msg/detail/start_task__type_support_c.cpp.o[0m
[5.527s] [ 73%] [32mBuilding CXX object CMakeFiles/comp_tasks_interfaces__rosidl_typesupport_fastrtps_c.dir/rosidl_typesupport_fastrtps_c/comp_tasks_interfaces/msg/detail/simplified_detection__type_support_c.cpp.o[0m
[5.548s] [ 74%] [32mBuilding CXX object CMakeFiles/comp_tasks_interfaces__rosidl_typesupport_fastrtps_c.dir/rosidl_typesupport_fastrtps_c/comp_tasks_interfaces/msg/detail/simplified_detection_array__type_support_c.cpp.o[0m
[6.180s] [ 76%] [32m[1mLinking CXX shared library libcomp_tasks_interfaces__rosidl_typesupport_introspection_cpp.so[0m
[6.491s] [ 76%] Built target comp_tasks_interfaces__rosidl_typesupport_introspection_cpp
[6.653s] [ 77%] [32m[1mLinking CXX shared library libcomp_tasks_interfaces__rosidl_typesupport_fastrtps_cpp.so[0m
[6.693s] [ 79%] [32m[1mLinking CXX shared library libcomp_tasks_interfaces__rosidl_typesupport_fastrtps_c.so[0m
[6.819s] [ 79%] Built target comp_tasks_interfaces__rosidl_typesupport_fastrtps_cpp
[6.885s] [ 79%] Built target comp_tasks_interfaces__rosidl_typesupport_fastrtps_c
[6.930s] [ 79%] Built target comp_tasks_interfaces
[7.016s] [ 80%] [34m[1mGenerating Python code for ROS interfaces[0m
[10.065s] [ 80%] Built target comp_tasks_interfaces__py
[10.111s] [ 82%] [32mBuilding C object CMakeFiles/comp_tasks_interfaces__rosidl_generator_py.dir/rosidl_generator_py/comp_tasks_interfaces/msg/_task_s.c.o[0m
[10.121s] [ 84%] [32mBuilding C object CMakeFiles/comp_tasks_interfaces__rosidl_generator_py.dir/rosidl_generator_py/comp_tasks_interfaces/action/_task_signal_s.c.o[0m
[10.125s] [ 85%] [32mBuilding C object CMakeFiles/comp_tasks_interfaces__rosidl_generator_py.dir/rosidl_generator_py/comp_tasks_interfaces/msg/_simplified_detection_array_s.c.o[0m
[10.125s] [ 87%] [32mBuilding C object CMakeFiles/comp_tasks_interfaces__rosidl_generator_py.dir/rosidl_generator_py/comp_tasks_interfaces/msg/_start_task_s.c.o[0m
[10.131s] [ 88%] [32mBuilding C object CMakeFiles/comp_tasks_interfaces__rosidl_generator_py.dir/rosidl_generator_py/comp_tasks_interfaces/msg/_simplified_detection_s.c.o[0m
[10.668s] [ 90%] [32m[1mLinking C shared library rosidl_generator_py/comp_tasks_interfaces/libcomp_tasks_interfaces__rosidl_generator_py.so[0m
[10.785s] [ 90%] Built target comp_tasks_interfaces__rosidl_generator_py
[10.860s] [ 92%] [32mBuilding C object CMakeFiles/comp_tasks_interfaces__rosidl_typesupport_fastrtps_c__pyext.dir/rosidl_generator_py/comp_tasks_interfaces/_comp_tasks_interfaces_s.ep.rosidl_typesupport_fastrtps_c.c.o[0m
[10.866s] [ 93%] [32mBuilding C object CMakeFiles/comp_tasks_interfaces__rosidl_typesupport_introspection_c__pyext.dir/rosidl_generator_py/comp_tasks_interfaces/_comp_tasks_interfaces_s.ep.rosidl_typesupport_introspection_c.c.o[0m
[10.872s] [ 95%] [32mBuilding C object CMakeFiles/comp_tasks_interfaces__rosidl_typesupport_c__pyext.dir/rosidl_generator_py/comp_tasks_interfaces/_comp_tasks_interfaces_s.ep.rosidl_typesupport_c.c.o[0m
[11.326s] [ 96%] [32m[1mLinking C shared library rosidl_generator_py/comp_tasks_interfaces/comp_tasks_interfaces_s__rosidl_typesupport_fastrtps_c.cpython-310-x86_64-linux-gnu.so[0m
[11.363s] [ 98%] [32m[1mLinking C shared library rosidl_generator_py/comp_tasks_interfaces/comp_tasks_interfaces_s__rosidl_typesupport_introspection_c.cpython-310-x86_64-linux-gnu.so[0m
[11.372s] [100%] [32m[1mLinking C shared library rosidl_generator_py/comp_tasks_interfaces/comp_tasks_interfaces_s__rosidl_typesupport_c.cpython-310-x86_64-linux-gnu.so[0m
[11.473s] [100%] Built target comp_tasks_interfaces__rosidl_typesupport_fastrtps_c__pyext
[11.539s] [100%] Built target comp_tasks_interfaces__rosidl_typesupport_c__pyext
[11.564s] [100%] Built target comp_tasks_interfaces__rosidl_typesupport_introspection_c__pyext
[11.623s] Invoked command in '/home/robert/Projects/ros_ws/src/general/build/comp_tasks_interfaces' returned '0': CMAKE_PREFIX_PATH=/opt/ros/humble /usr/bin/cmake --build /home/robert/Projects/ros_ws/src/general/build/comp_tasks_interfaces -- -j12 -l12
[11.651s] Invoking command in '/home/robert/Projects/ros_ws/src/general/build/comp_tasks_interfaces': CMAKE_PREFIX_PATH=/opt/ros/humble /usr/bin/cmake --install /home/robert/Projects/ros_ws/src/general/build/comp_tasks_interfaces
[11.677s] -- Install configuration: ""
[11.679s] -- Installing: /home/robert/Projects/ros_ws/src/general/install/comp_tasks_interfaces/share/ament_index/resource_index/rosidl_interfaces/comp_tasks_interfaces
[11.679s] -- Installing: /home/robert/Projects/ros_ws/src/general/install/comp_tasks_interfaces/include/comp_tasks_interfaces/comp_tasks_interfaces
[11.679s] -- Installing: /home/robert/Projects/ros_ws/src/general/install/comp_tasks_interfaces/include/comp_tasks_interfaces/comp_tasks_interfaces/msg
[11.680s] -- Installing: /home/robert/Projects/ros_ws/src/general/install/comp_tasks_interfaces/include/comp_tasks_interfaces/comp_tasks_interfaces/msg/detail
[11.680s] -- Installing: /home/robert/Projects/ros_ws/src/general/install/comp_tasks_interfaces/include/comp_tasks_interfaces/comp_tasks_interfaces/msg/detail/simplified_detection__type_support.h
[11.680s] -- Installing: /home/robert/Projects/ros_ws/src/general/install/comp_tasks_interfaces/include/comp_tasks_interfaces/comp_tasks_interfaces/msg/detail/simplified_detection_array__functions.c
[11.680s] -- Installing: /home/robert/Projects/ros_ws/src/general/install/comp_tasks_interfaces/include/comp_tasks_interfaces/comp_tasks_interfaces/msg/detail/task__type_support.h
[11.683s] -- Installing: /home/robert/Projects/ros_ws/src/general/install/comp_tasks_interfaces/include/comp_tasks_interfaces/comp_tasks_interfaces/msg/detail/simplified_detection_array__functions.h
[11.685s] -- Installing: /home/robert/Projects/ros_ws/src/general/install/comp_tasks_interfaces/include/comp_tasks_interfaces/comp_tasks_interfaces/msg/detail/task__functions.h
[11.685s] -- Installing: /home/robert/Projects/ros_ws/src/general/install/comp_tasks_interfaces/include/comp_tasks_interfaces/comp_tasks_interfaces/msg/detail/simplified_detection_array__type_support.h
[11.685s] -- Installing: /home/robert/Projects/ros_ws/src/general/install/comp_tasks_interfaces/include/comp_tasks_interfaces/comp_tasks_interfaces/msg/detail/start_task__type_support.h
[11.685s] -- Installing: /home/robert/Projects/ros_ws/src/general/install/comp_tasks_interfaces/include/comp_tasks_interfaces/comp_tasks_interfaces/msg/detail/start_task__functions.h
[11.685s] -- Installing: /home/robert/Projects/ros_ws/src/general/install/comp_tasks_interfaces/include/comp_tasks_interfaces/comp_tasks_interfaces/msg/detail/start_task__functions.c
[11.689s] -- Installing: /home/robert/Projects/ros_ws/src/general/install/comp_tasks_interfaces/include/comp_tasks_interfaces/comp_tasks_interfaces/msg/detail/simplified_detection__functions.c
[11.689s] -- Installing: /home/robert/Projects/ros_ws/src/general/install/comp_tasks_interfaces/include/comp_tasks_interfaces/comp_tasks_interfaces/msg/detail/simplified_detection_array__struct.h
[11.689s] -- Installing: /home/robert/Projects/ros_ws/src/general/install/comp_tasks_interfaces/include/comp_tasks_interfaces/comp_tasks_interfaces/msg/detail/start_task__struct.h
[11.690s] -- Installing: /home/robert/Projects/ros_ws/src/general/install/comp_tasks_interfaces/include/comp_tasks_interfaces/comp_tasks_interfaces/msg/detail/simplified_detection__functions.h
[11.690s] -- Installing: /home/robert/Projects/ros_ws/src/general/install/comp_tasks_interfaces/include/comp_tasks_interfaces/comp_tasks_interfaces/msg/detail/simplified_detection__struct.h
[11.690s] -- Installing: /home/robert/Projects/ros_ws/src/general/install/comp_tasks_interfaces/include/comp_tasks_interfaces/comp_tasks_interfaces/msg/detail/task__struct.h
[11.690s] -- Installing: /home/robert/Projects/ros_ws/src/general/install/comp_tasks_interfaces/include/comp_tasks_interfaces/comp_tasks_interfaces/msg/detail/task__functions.c
[11.690s] -- Installing: /home/robert/Projects/ros_ws/src/general/install/comp_tasks_interfaces/include/comp_tasks_interfaces/comp_tasks_interfaces/msg/simplified_detection.h
[11.690s] -- Installing: /home/robert/Projects/ros_ws/src/general/install/comp_tasks_interfaces/include/comp_tasks_interfaces/comp_tasks_interfaces/msg/start_task.h
[11.691s] -- Installing: /home/robert/Projects/ros_ws/src/general/install/comp_tasks_interfaces/include/comp_tasks_interfaces/comp_tasks_interfaces/msg/simplified_detection_array.h
[11.691s] -- Installing: /home/robert/Projects/ros_ws/src/general/install/comp_tasks_interfaces/include/comp_tasks_interfaces/comp_tasks_interfaces/msg/task.h
[11.691s] -- Installing: /home/robert/Projects/ros_ws/src/general/install/comp_tasks_interfaces/include/comp_tasks_interfaces/comp_tasks_interfaces/msg/rosidl_generator_c__visibility_control.h
[11.695s] -- Installing: /home/robert/Projects/ros_ws/src/general/install/comp_tasks_interfaces/include/comp_tasks_interfaces/comp_tasks_interfaces/action
[11.695s] -- Installing: /home/robert/Projects/ros_ws/src/general/install/comp_tasks_interfaces/include/comp_tasks_interfaces/comp_tasks_interfaces/action/detail
[11.695s] -- Installing: /home/robert/Projects/ros_ws/src/general/install/comp_tasks_interfaces/include/comp_tasks_interfaces/comp_tasks_interfaces/action/detail/task_signal__functions.c
[11.695s] -- Installing: /home/robert/Projects/ros_ws/src/general/install/comp_tasks_interfaces/include/comp_tasks_interfaces/comp_tasks_interfaces/action/detail/task_signal__struct.h
[11.696s] -- Installing: /home/robert/Projects/ros_ws/src/general/install/comp_tasks_interfaces/include/comp_tasks_interfaces/comp_tasks_interfaces/action/detail/task_signal__functions.h
[11.696s] -- Installing: /home/robert/Projects/ros_ws/src/general/install/comp_tasks_interfaces/include/comp_tasks_interfaces/comp_tasks_interfaces/action/detail/task_signal__type_support.h
[11.696s] -- Installing: /home/robert/Projects/ros_ws/src/general/install/comp_tasks_interfaces/include/comp_tasks_interfaces/comp_tasks_interfaces/action/task_signal.h
[11.696s] -- Installing: /home/robert/Projects/ros_ws/src/general/install/comp_tasks_interfaces/share/comp_tasks_interfaces/environment/library_path.sh
[11.696s] -- Installing: /home/robert/Projects/ros_ws/src/general/install/comp_tasks_interfaces/share/comp_tasks_interfaces/environment/library_path.dsv
[11.696s] -- Installing: /home/robert/Projects/ros_ws/src/general/install/comp_tasks_interfaces/lib/libcomp_tasks_interfaces__rosidl_generator_c.so
[11.698s] -- Set runtime path of "/home/robert/Projects/ros_ws/src/general/install/comp_tasks_interfaces/lib/libcomp_tasks_interfaces__rosidl_generator_c.so" to ""
[11.698s] -- Up-to-date: /home/robert/Projects/ros_ws/src/general/install/comp_tasks_interfaces/include/comp_tasks_interfaces/comp_tasks_interfaces
[11.698s] -- Up-to-date: /home/robert/Projects/ros_ws/src/general/install/comp_tasks_interfaces/include/comp_tasks_interfaces/comp_tasks_interfaces/msg
[11.699s] -- Up-to-date: /home/robert/Projects/ros_ws/src/general/install/comp_tasks_interfaces/include/comp_tasks_interfaces/comp_tasks_interfaces/msg/detail
[11.699s] -- Installing: /home/robert/Projects/ros_ws/src/general/install/comp_tasks_interfaces/include/comp_tasks_interfaces/comp_tasks_interfaces/msg/detail/task__rosidl_typesupport_fastrtps_c.h
[11.699s] -- Installing: /home/robert/Projects/ros_ws/src/general/install/comp_tasks_interfaces/include/comp_tasks_interfaces/comp_tasks_interfaces/msg/detail/simplified_detection_array__rosidl_typesupport_fastrtps_c.h
[11.699s] -- Installing: /home/robert/Projects/ros_ws/src/general/install/comp_tasks_interfaces/include/comp_tasks_interfaces/comp_tasks_interfaces/msg/detail/start_task__rosidl_typesupport_fastrtps_c.h
[11.699s] -- Installing: /home/robert/Projects/ros_ws/src/general/install/comp_tasks_interfaces/include/comp_tasks_interfaces/comp_tasks_interfaces/msg/detail/simplified_detection__rosidl_typesupport_fastrtps_c.h
[11.700s] -- Installing: /home/robert/Projects/ros_ws/src/general/install/comp_tasks_interfaces/include/comp_tasks_interfaces/comp_tasks_interfaces/msg/rosidl_typesupport_fastrtps_c__visibility_control.h
[11.700s] -- Up-to-date: /home/robert/Projects/ros_ws/src/general/install/comp_tasks_interfaces/include/comp_tasks_interfaces/comp_tasks_interfaces/action
[11.700s] -- Up-to-date: /home/robert/Projects/ros_ws/src/general/install/comp_tasks_interfaces/include/comp_tasks_interfaces/comp_tasks_interfaces/action/detail
[11.700s] -- Installing: /home/robert/Projects/ros_ws/src/general/install/comp_tasks_interfaces/include/comp_tasks_interfaces/comp_tasks_interfaces/action/detail/task_signal__rosidl_typesupport_fastrtps_c.h
[11.701s] -- Installing: /home/robert/Projects/ros_ws/src/general/install/comp_tasks_interfaces/lib/libcomp_tasks_interfaces__rosidl_typesupport_fastrtps_c.so
[11.707s] -- Set runtime path of "/home/robert/Projects/ros_ws/src/general/install/comp_tasks_interfaces/lib/libcomp_tasks_interfaces__rosidl_typesupport_fastrtps_c.so" to ""
[11.707s] -- Up-to-date: /home/robert/Projects/ros_ws/src/general/install/comp_tasks_interfaces/include/comp_tasks_interfaces/comp_tasks_interfaces
[11.707s] -- Up-to-date: /home/robert/Projects/ros_ws/src/general/install/comp_tasks_interfaces/include/comp_tasks_interfaces/comp_tasks_interfaces/msg
[11.707s] -- Up-to-date: /home/robert/Projects/ros_ws/src/general/install/comp_tasks_interfaces/include/comp_tasks_interfaces/comp_tasks_interfaces/msg/detail
[11.707s] -- Installing: /home/robert/Projects/ros_ws/src/general/install/comp_tasks_interfaces/include/comp_tasks_interfaces/comp_tasks_interfaces/msg/detail/task__type_support.hpp
[11.708s] -- Installing: /home/robert/Projects/ros_ws/src/general/install/comp_tasks_interfaces/include/comp_tasks_interfaces/comp_tasks_interfaces/msg/detail/start_task__type_support.hpp
[11.708s] -- Installing: /home/robert/Projects/ros_ws/src/general/install/comp_tasks_interfaces/include/comp_tasks_interfaces/comp_tasks_interfaces/msg/detail/simplified_detection_array__builder.hpp
[11.708s] -- Installing: /home/robert/Projects/ros_ws/src/general/install/comp_tasks_interfaces/include/comp_tasks_interfaces/comp_tasks_interfaces/msg/detail/task__traits.hpp
[11.708s] -- Installing: /home/robert/Projects/ros_ws/src/general/install/comp_tasks_interfaces/include/comp_tasks_interfaces/comp_tasks_interfaces/msg/detail/simplified_detection__struct.hpp
[11.708s] -- Installing: /home/robert/Projects/ros_ws/src/general/install/comp_tasks_interfaces/include/comp_tasks_interfaces/comp_tasks_interfaces/msg/detail/simplified_detection_array__struct.hpp
[11.709s] -- Installing: /home/robert/Projects/ros_ws/src/general/install/comp_tasks_interfaces/include/comp_tasks_interfaces/comp_tasks_interfaces/msg/detail/simplified_detection_array__traits.hpp
[11.709s] -- Installing: /home/robert/Projects/ros_ws/src/general/install/comp_tasks_interfaces/include/comp_tasks_interfaces/comp_tasks_interfaces/msg/detail/simplified_detection__traits.hpp
[11.709s] -- Installing: /home/robert/Projects/ros_ws/src/general/install/comp_tasks_interfaces/include/comp_tasks_interfaces/comp_tasks_interfaces/msg/detail/start_task__builder.hpp
[11.709s] -- Installing: /home/robert/Projects/ros_ws/src/general/install/comp_tasks_interfaces/include/comp_tasks_interfaces/comp_tasks_interfaces/msg/detail/simplified_detection__builder.hpp
[11.710s] -- Installing: /home/robert/Projects/ros_ws/src/general/install/comp_tasks_interfaces/include/comp_tasks_interfaces/comp_tasks_interfaces/msg/detail/simplified_detection__type_support.hpp
[11.713s] -- Installing: /home/robert/Projects/ros_ws/src/general/install/comp_tasks_interfaces/include/comp_tasks_interfaces/comp_tasks_interfaces/msg/detail/start_task__struct.hpp
[11.713s] -- Installing: /home/robert/Projects/ros_ws/src/general/install/comp_tasks_interfaces/include/comp_tasks_interfaces/comp_tasks_interfaces/msg/detail/simplified_detection_array__type_support.hpp
[11.714s] -- Installing: /home/robert/Projects/ros_ws/src/general/install/comp_tasks_interfaces/include/comp_tasks_interfaces/comp_tasks_interfaces/msg/detail/task__builder.hpp
[11.716s] -- Installing: /home/robert/Projects/ros_ws/src/general/install/comp_tasks_interfaces/include/comp_tasks_interfaces/comp_tasks_interfaces/msg/detail/start_task__traits.hpp
[11.716s] -- Installing: /home/robert/Projects/ros_ws/src/general/install/comp_tasks_interfaces/include/comp_tasks_interfaces/comp_tasks_interfaces/msg/detail/task__struct.hpp
[11.716s] -- Installing: /home/robert/Projects/ros_ws/src/general/install/comp_tasks_interfaces/include/comp_tasks_interfaces/comp_tasks_interfaces/msg/start_task.hpp
[11.716s] -- Installing: /home/robert/Projects/ros_ws/src/general/install/comp_tasks_interfaces/include/comp_tasks_interfaces/comp_tasks_interfaces/msg/task.hpp
[11.716s] -- Installing: /home/robert/Projects/ros_ws/src/general/install/comp_tasks_interfaces/include/comp_tasks_interfaces/comp_tasks_interfaces/msg/rosidl_generator_cpp__visibility_control.hpp
[11.716s] -- Installing: /home/robert/Projects/ros_ws/src/general/install/comp_tasks_interfaces/include/comp_tasks_interfaces/comp_tasks_interfaces/msg/simplified_detection_array.hpp
[11.716s] -- Installing: /home/robert/Projects/ros_ws/src/general/install/comp_tasks_interfaces/include/comp_tasks_interfaces/comp_tasks_interfaces/msg/simplified_detection.hpp
[11.717s] -- Up-to-date: /home/robert/Projects/ros_ws/src/general/install/comp_tasks_interfaces/include/comp_tasks_interfaces/comp_tasks_interfaces/action
[11.717s] -- Up-to-date: /home/robert/Projects/ros_ws/src/general/install/comp_tasks_interfaces/include/comp_tasks_interfaces/comp_tasks_interfaces/action/detail
[11.717s] -- Installing: /home/robert/Projects/ros_ws/src/general/install/comp_tasks_interfaces/include/comp_tasks_interfaces/comp_tasks_interfaces/action/detail/task_signal__struct.hpp
[11.717s] -- Installing: /home/robert/Projects/ros_ws/src/general/install/comp_tasks_interfaces/include/comp_tasks_interfaces/comp_tasks_interfaces/action/detail/task_signal__type_support.hpp
[11.717s] -- Installing: /home/robert/Projects/ros_ws/src/general/install/comp_tasks_interfaces/include/comp_tasks_interfaces/comp_tasks_interfaces/action/detail/task_signal__builder.hpp
[11.717s] -- Installing: /home/robert/Projects/ros_ws/src/general/install/comp_tasks_interfaces/include/comp_tasks_interfaces/comp_tasks_interfaces/action/detail/task_signal__traits.hpp
[11.720s] -- Installing: /home/robert/Projects/ros_ws/src/general/install/comp_tasks_interfaces/include/comp_tasks_interfaces/comp_tasks_interfaces/action/task_signal.hpp
[11.721s] -- Up-to-date: /home/robert/Projects/ros_ws/src/general/install/comp_tasks_interfaces/include/comp_tasks_interfaces/comp_tasks_interfaces
[11.721s] -- Up-to-date: /home/robert/Projects/ros_ws/src/general/install/comp_tasks_interfaces/include/comp_tasks_interfaces/comp_tasks_interfaces/msg
[11.722s] -- Up-to-date: /home/robert/Projects/ros_ws/src/general/install/comp_tasks_interfaces/include/comp_tasks_interfaces/comp_tasks_interfaces/msg/detail
[11.724s] -- Installing: /home/robert/Projects/ros_ws/src/general/install/comp_tasks_interfaces/include/comp_tasks_interfaces/comp_tasks_interfaces/msg/detail/simplified_detection_array__rosidl_typesupport_fastrtps_cpp.hpp
[11.724s] -- Installing: /home/robert/Projects/ros_ws/src/general/install/comp_tasks_interfaces/include/comp_tasks_interfaces/comp_tasks_interfaces/msg/detail/task__rosidl_typesupport_fastrtps_cpp.hpp
[11.724s] -- Installing: /home/robert/Projects/ros_ws/src/general/install/comp_tasks_interfaces/include/comp_tasks_interfaces/comp_tasks_interfaces/msg/detail/start_task__rosidl_typesupport_fastrtps_cpp.hpp
[11.725s] -- Installing: /home/robert/Projects/ros_ws/src/general/install/comp_tasks_interfaces/include/comp_tasks_interfaces/comp_tasks_interfaces/msg/detail/dds_fastrtps
[11.725s] -- Installing: /home/robert/Projects/ros_ws/src/general/install/comp_tasks_interfaces/include/comp_tasks_interfaces/comp_tasks_interfaces/msg/detail/simplified_detection__rosidl_typesupport_fastrtps_cpp.hpp
[11.725s] -- Installing: /home/robert/Projects/ros_ws/src/general/install/comp_tasks_interfaces/include/comp_tasks_interfaces/comp_tasks_interfaces/msg/rosidl_typesupport_fastrtps_cpp__visibility_control.h
[11.725s] -- Up-to-date: /home/robert/Projects/ros_ws/src/general/install/comp_tasks_interfaces/include/comp_tasks_interfaces/comp_tasks_interfaces/action
[11.725s] -- Up-to-date: /home/robert/Projects/ros_ws/src/general/install/comp_tasks_interfaces/include/comp_tasks_interfaces/comp_tasks_interfaces/action/detail
[11.726s] -- Installing: /home/robert/Projects/ros_ws/src/general/install/comp_tasks_interfaces/include/comp_tasks_interfaces/comp_tasks_interfaces/action/detail/task_signal__rosidl_typesupport_fastrtps_cpp.hpp
[11.726s] -- Installing: /home/robert/Projects/ros_ws/src/general/install/comp_tasks_interfaces/include/comp_tasks_interfaces/comp_tasks_interfaces/action/detail/dds_fastrtps
[11.726s] -- Installing: /home/robert/Projects/ros_ws/src/general/install/comp_tasks_interfaces/lib/libcomp_tasks_interfaces__rosidl_typesupport_fastrtps_cpp.so
[11.730s] -- Set runtime path of "/home/robert/Projects/ros_ws/src/general/install/comp_tasks_interfaces/lib/libcomp_tasks_interfaces__rosidl_typesupport_fastrtps_cpp.so" to ""
[11.730s] -- Up-to-date: /home/robert/Projects/ros_ws/src/general/install/comp_tasks_interfaces/include/comp_tasks_interfaces/comp_tasks_interfaces
[11.731s] -- Up-to-date: /home/robert/Projects/ros_ws/src/general/install/comp_tasks_interfaces/include/comp_tasks_interfaces/comp_tasks_interfaces/msg
[11.731s] -- Up-to-date: /home/robert/Projects/ros_ws/src/general/install/comp_tasks_interfaces/include/comp_tasks_interfaces/comp_tasks_interfaces/msg/detail
[11.731s] -- Installing: /home/robert/Projects/ros_ws/src/general/install/comp_tasks_interfaces/include/comp_tasks_interfaces/comp_tasks_interfaces/msg/detail/start_task__rosidl_typesupport_introspection_c.h
[11.731s] -- Installing: /home/robert/Projects/ros_ws/src/general/install/comp_tasks_interfaces/include/comp_tasks_interfaces/comp_tasks_interfaces/msg/detail/simplified_detection__rosidl_typesupport_introspection_c.h
[11.735s] -- Installing: /home/robert/Projects/ros_ws/src/general/install/comp_tasks_interfaces/include/comp_tasks_interfaces/comp_tasks_interfaces/msg/detail/task__rosidl_typesupport_introspection_c.h
[11.735s] -- Installing: /home/robert/Projects/ros_ws/src/general/install/comp_tasks_interfaces/include/comp_tasks_interfaces/comp_tasks_interfaces/msg/detail/start_task__type_support.c
[11.735s] -- Installing: /home/robert/Projects/ros_ws/src/general/install/comp_tasks_interfaces/include/comp_tasks_interfaces/comp_tasks_interfaces/msg/detail/simplified_detection_array__type_support.c
[11.736s] -- Installing: /home/robert/Projects/ros_ws/src/general/install/comp_tasks_interfaces/include/comp_tasks_interfaces/comp_tasks_interfaces/msg/detail/simplified_detection__type_support.c
[11.736s] -- Installing: /home/robert/Projects/ros_ws/src/general/install/comp_tasks_interfaces/include/comp_tasks_interfaces/comp_tasks_interfaces/msg/detail/task__type_support.c
[11.736s] -- Installing: /home/robert/Projects/ros_ws/src/general/install/comp_tasks_interfaces/include/comp_tasks_interfaces/comp_tasks_interfaces/msg/detail/simplified_detection_array__rosidl_typesupport_introspection_c.h
[11.736s] -- Installing: /home/robert/Projects/ros_ws/src/general/install/comp_tasks_interfaces/include/comp_tasks_interfaces/comp_tasks_interfaces/msg/rosidl_typesupport_introspection_c__visibility_control.h
[11.736s] -- Up-to-date: /home/robert/Projects/ros_ws/src/general/install/comp_tasks_interfaces/include/comp_tasks_interfaces/comp_tasks_interfaces/action
[11.736s] -- Up-to-date: /home/robert/Projects/ros_ws/src/general/install/comp_tasks_interfaces/include/comp_tasks_interfaces/comp_tasks_interfaces/action/detail
[11.737s] -- Installing: /home/robert/Projects/ros_ws/src/general/install/comp_tasks_interfaces/include/comp_tasks_interfaces/comp_tasks_interfaces/action/detail/task_signal__rosidl_typesupport_introspection_c.h
[11.737s] -- Installing: /home/robert/Projects/ros_ws/src/general/install/comp_tasks_interfaces/include/comp_tasks_interfaces/comp_tasks_interfaces/action/detail/task_signal__type_support.c
[11.737s] -- Installing: /home/robert/Projects/ros_ws/src/general/install/comp_tasks_interfaces/lib/libcomp_tasks_interfaces__rosidl_typesupport_introspection_c.so
[11.737s] -- Set runtime path of "/home/robert/Projects/ros_ws/src/general/install/comp_tasks_interfaces/lib/libcomp_tasks_interfaces__rosidl_typesupport_introspection_c.so" to ""
[11.737s] -- Installing: /home/robert/Projects/ros_ws/src/general/install/comp_tasks_interfaces/lib/libcomp_tasks_interfaces__rosidl_typesupport_c.so
[11.739s] -- Set runtime path of "/home/robert/Projects/ros_ws/src/general/install/comp_tasks_interfaces/lib/libcomp_tasks_interfaces__rosidl_typesupport_c.so" to ""
[11.739s] -- Up-to-date: /home/robert/Projects/ros_ws/src/general/install/comp_tasks_interfaces/include/comp_tasks_interfaces/comp_tasks_interfaces
[11.739s] -- Up-to-date: /home/robert/Projects/ros_ws/src/general/install/comp_tasks_interfaces/include/comp_tasks_interfaces/comp_tasks_interfaces/msg
[11.740s] -- Up-to-date: /home/robert/Projects/ros_ws/src/general/install/comp_tasks_interfaces/include/comp_tasks_interfaces/comp_tasks_interfaces/msg/detail
[11.740s] -- Installing: /home/robert/Projects/ros_ws/src/general/install/comp_tasks_interfaces/include/comp_tasks_interfaces/comp_tasks_interfaces/msg/detail/simplified_detection__rosidl_typesupport_introspection_cpp.hpp
[11.741s] -- Installing: /home/robert/Projects/ros_ws/src/general/install/comp_tasks_interfaces/include/comp_tasks_interfaces/comp_tasks_interfaces/msg/detail/simplified_detection__type_support.cpp
[11.741s] -- Installing: /home/robert/Projects/ros_ws/src/general/install/comp_tasks_interfaces/include/comp_tasks_interfaces/comp_tasks_interfaces/msg/detail/start_task__type_support.cpp
[11.741s] -- Installing: /home/robert/Projects/ros_ws/src/general/install/comp_tasks_interfaces/include/comp_tasks_interfaces/comp_tasks_interfaces/msg/detail/start_task__rosidl_typesupport_introspection_cpp.hpp
[11.741s] -- Installing: /home/robert/Projects/ros_ws/src/general/install/comp_tasks_interfaces/include/comp_tasks_interfaces/comp_tasks_interfaces/msg/detail/simplified_detection_array__rosidl_typesupport_introspection_cpp.hpp
[11.742s] -- Installing: /home/robert/Projects/ros_ws/src/general/install/comp_tasks_interfaces/include/comp_tasks_interfaces/comp_tasks_interfaces/msg/detail/task__type_support.cpp
[11.742s] -- Installing: /home/robert/Projects/ros_ws/src/general/install/comp_tasks_interfaces/include/comp_tasks_interfaces/comp_tasks_interfaces/msg/detail/task__rosidl_typesupport_introspection_cpp.hpp
[11.742s] -- Installing: /home/robert/Projects/ros_ws/src/general/install/comp_tasks_interfaces/include/comp_tasks_interfaces/comp_tasks_interfaces/msg/detail/simplified_detection_array__type_support.cpp
[11.742s] -- Up-to-date: /home/robert/Projects/ros_ws/src/general/install/comp_tasks_interfaces/include/comp_tasks_interfaces/comp_tasks_interfaces/action
[11.744s] -- Up-to-date: /home/robert/Projects/ros_ws/src/general/install/comp_tasks_interfaces/include/comp_tasks_interfaces/comp_tasks_interfaces/action/detail
[11.744s] -- Installing: /home/robert/Projects/ros_ws/src/general/install/comp_tasks_interfaces/include/comp_tasks_interfaces/comp_tasks_interfaces/action/detail/task_signal__type_support.cpp
[11.744s] -- Installing: /home/robert/Projects/ros_ws/src/general/install/comp_tasks_interfaces/include/comp_tasks_interfaces/comp_tasks_interfaces/action/detail/task_signal__rosidl_typesupport_introspection_cpp.hpp
[11.744s] -- Installing: /home/robert/Projects/ros_ws/src/general/install/comp_tasks_interfaces/lib/libcomp_tasks_interfaces__rosidl_typesupport_introspection_cpp.so
[11.747s] -- Set runtime path of "/home/robert/Projects/ros_ws/src/general/install/comp_tasks_interfaces/lib/libcomp_tasks_interfaces__rosidl_typesupport_introspection_cpp.so" to ""
[11.747s] -- Installing: /home/robert/Projects/ros_ws/src/general/install/comp_tasks_interfaces/lib/libcomp_tasks_interfaces__rosidl_typesupport_cpp.so
[11.753s] -- Set runtime path of "/home/robert/Projects/ros_ws/src/general/install/comp_tasks_interfaces/lib/libcomp_tasks_interfaces__rosidl_typesupport_cpp.so" to ""
[11.753s] -- Installing: /home/robert/Projects/ros_ws/src/general/install/comp_tasks_interfaces/share/comp_tasks_interfaces/environment/pythonpath.sh
[11.754s] -- Installing: /home/robert/Projects/ros_ws/src/general/install/comp_tasks_interfaces/share/comp_tasks_interfaces/environment/pythonpath.dsv
[11.754s] -- Installing: /home/robert/Projects/ros_ws/src/general/install/comp_tasks_interfaces/local/lib/python3.10/dist-packages/comp_tasks_interfaces-0.0.0-py3.10.egg-info
[11.754s] -- Installing: /home/robert/Projects/ros_ws/src/general/install/comp_tasks_interfaces/local/lib/python3.10/dist-packages/comp_tasks_interfaces-0.0.0-py3.10.egg-info/PKG-INFO
[11.754s] -- Installing: /home/robert/Projects/ros_ws/src/general/install/comp_tasks_interfaces/local/lib/python3.10/dist-packages/comp_tasks_interfaces-0.0.0-py3.10.egg-info/top_level.txt
[11.754s] -- Installing: /home/robert/Projects/ros_ws/src/general/install/comp_tasks_interfaces/local/lib/python3.10/dist-packages/comp_tasks_interfaces-0.0.0-py3.10.egg-info/dependency_links.txt
[11.754s] -- Installing: /home/robert/Projects/ros_ws/src/general/install/comp_tasks_interfaces/local/lib/python3.10/dist-packages/comp_tasks_interfaces-0.0.0-py3.10.egg-info/SOURCES.txt
[11.755s] -- Installing: /home/robert/Projects/ros_ws/src/general/install/comp_tasks_interfaces/local/lib/python3.10/dist-packages/comp_tasks_interfaces
[11.755s] -- Installing: /home/robert/Projects/ros_ws/src/general/install/comp_tasks_interfaces/local/lib/python3.10/dist-packages/comp_tasks_interfaces/msg
[11.755s] -- Installing: /home/robert/Projects/ros_ws/src/general/install/comp_tasks_interfaces/local/lib/python3.10/dist-packages/comp_tasks_interfaces/msg/_simplified_detection.py
[11.755s] -- Installing: /home/robert/Projects/ros_ws/src/general/install/comp_tasks_interfaces/local/lib/python3.10/dist-packages/comp_tasks_interfaces/msg/_start_task_s.c
[11.755s] -- Installing: /home/robert/Projects/ros_ws/src/general/install/comp_tasks_interfaces/local/lib/python3.10/dist-packages/comp_tasks_interfaces/msg/_task.py
[11.755s] -- Installing: /home/robert/Projects/ros_ws/src/general/install/comp_tasks_interfaces/local/lib/python3.10/dist-packages/comp_tasks_interfaces/msg/_start_task.py
[11.755s] -- Installing: /home/robert/Projects/ros_ws/src/general/install/comp_tasks_interfaces/local/lib/python3.10/dist-packages/comp_tasks_interfaces/msg/_task_s.c
[11.756s] -- Installing: /home/robert/Projects/ros_ws/src/general/install/comp_tasks_interfaces/local/lib/python3.10/dist-packages/comp_tasks_interfaces/msg/_simplified_detection_array.py
[11.756s] -- Installing: /home/robert/Projects/ros_ws/src/general/install/comp_tasks_interfaces/local/lib/python3.10/dist-packages/comp_tasks_interfaces/msg/__init__.py
[11.756s] -- Installing: /home/robert/Projects/ros_ws/src/general/install/comp_tasks_interfaces/local/lib/python3.10/dist-packages/comp_tasks_interfaces/msg/_simplified_detection_s.c
[11.756s] -- Installing: /home/robert/Projects/ros_ws/src/general/install/comp_tasks_interfaces/local/lib/python3.10/dist-packages/comp_tasks_interfaces/msg/_simplified_detection_array_s.c
[11.756s] -- Installing: /home/robert/Projects/ros_ws/src/general/install/comp_tasks_interfaces/local/lib/python3.10/dist-packages/comp_tasks_interfaces/libcomp_tasks_interfaces__rosidl_generator_py.so
[11.757s] -- Installing: /home/robert/Projects/ros_ws/src/general/install/comp_tasks_interfaces/local/lib/python3.10/dist-packages/comp_tasks_interfaces/comp_tasks_interfaces_s__rosidl_typesupport_fastrtps_c.cpython-310-x86_64-linux-gnu.so
[11.757s] -- Installing: /home/robert/Projects/ros_ws/src/general/install/comp_tasks_interfaces/local/lib/python3.10/dist-packages/comp_tasks_interfaces/comp_tasks_interfaces_s__rosidl_typesupport_c.cpython-310-x86_64-linux-gnu.so
[11.760s] -- Installing: /home/robert/Projects/ros_ws/src/general/install/comp_tasks_interfaces/local/lib/python3.10/dist-packages/comp_tasks_interfaces/action
[11.760s] -- Installing: /home/robert/Projects/ros_ws/src/general/install/comp_tasks_interfaces/local/lib/python3.10/dist-packages/comp_tasks_interfaces/action/_task_signal.py
[11.760s] -- Installing: /home/robert/Projects/ros_ws/src/general/install/comp_tasks_interfaces/local/lib/python3.10/dist-packages/comp_tasks_interfaces/action/__init__.py
[11.761s] -- Installing: /home/robert/Projects/ros_ws/src/general/install/comp_tasks_interfaces/local/lib/python3.10/dist-packages/comp_tasks_interfaces/action/_task_signal_s.c
[11.761s] -- Installing: /home/robert/Projects/ros_ws/src/general/install/comp_tasks_interfaces/local/lib/python3.10/dist-packages/comp_tasks_interfaces/__init__.py
[11.761s] -- Installing: /home/robert/Projects/ros_ws/src/general/install/comp_tasks_interfaces/local/lib/python3.10/dist-packages/comp_tasks_interfaces/_comp_tasks_interfaces_s.ep.rosidl_typesupport_c.c
[11.761s] -- Installing: /home/robert/Projects/ros_ws/src/general/install/comp_tasks_interfaces/local/lib/python3.10/dist-packages/comp_tasks_interfaces/comp_tasks_interfaces_s__rosidl_typesupport_introspection_c.cpython-310-x86_64-linux-gnu.so
[11.761s] -- Installing: /home/robert/Projects/ros_ws/src/general/install/comp_tasks_interfaces/local/lib/python3.10/dist-packages/comp_tasks_interfaces/_comp_tasks_interfaces_s.ep.rosidl_typesupport_fastrtps_c.c
[11.761s] -- Installing: /home/robert/Projects/ros_ws/src/general/install/comp_tasks_interfaces/local/lib/python3.10/dist-packages/comp_tasks_interfaces/_comp_tasks_interfaces_s.ep.rosidl_typesupport_introspection_c.c
[11.914s] Listing '/home/robert/Projects/ros_ws/src/general/install/comp_tasks_interfaces/local/lib/python3.10/dist-packages/comp_tasks_interfaces'...
[11.914s] Compiling '/home/robert/Projects/ros_ws/src/general/install/comp_tasks_interfaces/local/lib/python3.10/dist-packages/comp_tasks_interfaces/__init__.py'...
[11.916s] Listing '/home/robert/Projects/ros_ws/src/general/install/comp_tasks_interfaces/local/lib/python3.10/dist-packages/comp_tasks_interfaces/action'...
[11.916s] Compiling '/home/robert/Projects/ros_ws/src/general/install/comp_tasks_interfaces/local/lib/python3.10/dist-packages/comp_tasks_interfaces/action/__init__.py'...
[11.917s] Compiling '/home/robert/Projects/ros_ws/src/general/install/comp_tasks_interfaces/local/lib/python3.10/dist-packages/comp_tasks_interfaces/action/_task_signal.py'...
[11.917s] Listing '/home/robert/Projects/ros_ws/src/general/install/comp_tasks_interfaces/local/lib/python3.10/dist-packages/comp_tasks_interfaces/msg'...
[11.917s] Compiling '/home/robert/Projects/ros_ws/src/general/install/comp_tasks_interfaces/local/lib/python3.10/dist-packages/comp_tasks_interfaces/msg/__init__.py'...
[11.917s] Compiling '/home/robert/Projects/ros_ws/src/general/install/comp_tasks_interfaces/local/lib/python3.10/dist-packages/comp_tasks_interfaces/msg/_simplified_detection.py'...
[11.917s] Compiling '/home/robert/Projects/ros_ws/src/general/install/comp_tasks_interfaces/local/lib/python3.10/dist-packages/comp_tasks_interfaces/msg/_simplified_detection_array.py'...
[11.922s] Compiling '/home/robert/Projects/ros_ws/src/general/install/comp_tasks_interfaces/local/lib/python3.10/dist-packages/comp_tasks_interfaces/msg/_start_task.py'...
[11.922s] Compiling '/home/robert/Projects/ros_ws/src/general/install/comp_tasks_interfaces/local/lib/python3.10/dist-packages/comp_tasks_interfaces/msg/_task.py'...
[11.943s] -- Installing: /home/robert/Projects/ros_ws/src/general/install/comp_tasks_interfaces/local/lib/python3.10/dist-packages/comp_tasks_interfaces/comp_tasks_interfaces_s__rosidl_typesupport_fastrtps_c.cpython-310-x86_64-linux-gnu.so
[11.949s] -- Set runtime path of "/home/robert/Projects/ros_ws/src/general/install/comp_tasks_interfaces/local/lib/python3.10/dist-packages/comp_tasks_interfaces/comp_tasks_interfaces_s__rosidl_typesupport_fastrtps_c.cpython-310-x86_64-linux-gnu.so" to ""
[11.949s] -- Installing: /home/robert/Projects/ros_ws/src/general/install/comp_tasks_interfaces/local/lib/python3.10/dist-packages/comp_tasks_interfaces/comp_tasks_interfaces_s__rosidl_typesupport_introspection_c.cpython-310-x86_64-linux-gnu.so
[11.950s] -- Set runtime path of "/home/robert/Projects/ros_ws/src/general/install/comp_tasks_interfaces/local/lib/python3.10/dist-packages/comp_tasks_interfaces/comp_tasks_interfaces_s__rosidl_typesupport_introspection_c.cpython-310-x86_64-linux-gnu.so" to ""
[11.950s] -- Installing: /home/robert/Projects/ros_ws/src/general/install/comp_tasks_interfaces/local/lib/python3.10/dist-packages/comp_tasks_interfaces/comp_tasks_interfaces_s__rosidl_typesupport_c.cpython-310-x86_64-linux-gnu.so
[11.951s] -- Set runtime path of "/home/robert/Projects/ros_ws/src/general/install/comp_tasks_interfaces/local/lib/python3.10/dist-packages/comp_tasks_interfaces/comp_tasks_interfaces_s__rosidl_typesupport_c.cpython-310-x86_64-linux-gnu.so" to ""
[11.952s] -- Installing: /home/robert/Projects/ros_ws/src/general/install/comp_tasks_interfaces/lib/libcomp_tasks_interfaces__rosidl_generator_py.so
[11.957s] -- Set runtime path of "/home/robert/Projects/ros_ws/src/general/install/comp_tasks_interfaces/lib/libcomp_tasks_interfaces__rosidl_generator_py.so" to ""
[11.957s] -- Installing: /home/robert/Projects/ros_ws/src/general/install/comp_tasks_interfaces/share/comp_tasks_interfaces/msg/Task.idl
[11.957s] -- Installing: /home/robert/Projects/ros_ws/src/general/install/comp_tasks_interfaces/share/comp_tasks_interfaces/action/TaskSignal.idl
[11.957s] -- Installing: /home/robert/Projects/ros_ws/src/general/install/comp_tasks_interfaces/share/comp_tasks_interfaces/msg/StartTask.idl
[11.962s] -- Installing: /home/robert/Projects/ros_ws/src/general/install/comp_tasks_interfaces/share/comp_tasks_interfaces/msg/SimplifiedDetection.idl
[11.962s] -- Installing: /home/robert/Projects/ros_ws/src/general/install/comp_tasks_interfaces/share/comp_tasks_interfaces/msg/SimplifiedDetectionArray.idl
[11.962s] -- Installing: /home/robert/Projects/ros_ws/src/general/install/comp_tasks_interfaces/share/comp_tasks_interfaces/msg/Task.msg
[11.962s] -- Installing: /home/robert/Projects/ros_ws/src/general/install/comp_tasks_interfaces/share/comp_tasks_interfaces/action/TaskSignal.action
[11.962s] -- Installing: /home/robert/Projects/ros_ws/src/general/install/comp_tasks_interfaces/share/comp_tasks_interfaces/msg/StartTask.msg
[11.963s] -- Installing: /home/robert/Projects/ros_ws/src/general/install/comp_tasks_interfaces/share/comp_tasks_interfaces/msg/SimplifiedDetection.msg
[11.963s] -- Installing: /home/robert/Projects/ros_ws/src/general/install/comp_tasks_interfaces/share/comp_tasks_interfaces/msg/SimplifiedDetectionArray.msg
[11.963s] -- Installing: /home/robert/Projects/ros_ws/src/general/install/comp_tasks_interfaces/share/ament_index/resource_index/package_run_dependencies/comp_tasks_interfaces
[11.963s] -- Installing: /home/robert/Projects/ros_ws/src/general/install/comp_tasks_interfaces/share/ament_index/resource_index/parent_prefix_path/comp_tasks_interfaces
[11.963s] -- Installing: /home/robert/Projects/ros_ws/src/general/install/comp_tasks_interfaces/share/comp_tasks_interfaces/environment/ament_prefix_path.sh
[11.963s] -- Installing: /home/robert/Projects/ros_ws/src/general/install/comp_tasks_interfaces/share/comp_tasks_interfaces/environment/ament_prefix_path.dsv
[11.964s] -- Installing: /home/robert/Projects/ros_ws/src/general/install/comp_tasks_interfaces/share/comp_tasks_interfaces/environment/path.sh
[11.964s] -- Installing: /home/robert/Projects/ros_ws/src/general/install/comp_tasks_interfaces/share/comp_tasks_interfaces/environment/path.dsv
[11.965s] -- Installing: /home/robert/Projects/ros_ws/src/general/install/comp_tasks_interfaces/share/comp_tasks_interfaces/local_setup.bash
[11.970s] -- Installing: /home/robert/Projects/ros_ws/src/general/install/comp_tasks_interfaces/share/comp_tasks_interfaces/local_setup.sh
[11.970s] -- Installing: /home/robert/Projects/ros_ws/src/general/install/comp_tasks_interfaces/share/comp_tasks_interfaces/local_setup.zsh
[11.970s] -- Installing: /home/robert/Projects/ros_ws/src/general/install/comp_tasks_interfaces/share/comp_tasks_interfaces/local_setup.dsv
[11.970s] -- Installing: /home/robert/Projects/ros_ws/src/general/install/comp_tasks_interfaces/share/comp_tasks_interfaces/package.dsv
[11.971s] -- Installing: /home/robert/Projects/ros_ws/src/general/install/comp_tasks_interfaces/share/ament_index/resource_index/packages/comp_tasks_interfaces
[11.971s] -- Installing: /home/robert/Projects/ros_ws/src/general/install/comp_tasks_interfaces/share/comp_tasks_interfaces/cmake/export_comp_tasks_interfaces__rosidl_generator_cExport.cmake
[11.975s] -- Installing: /home/robert/Projects/ros_ws/src/general/install/comp_tasks_interfaces/share/comp_tasks_interfaces/cmake/export_comp_tasks_interfaces__rosidl_generator_cExport-noconfig.cmake
[11.976s] -- Installing: /home/robert/Projects/ros_ws/src/general/install/comp_tasks_interfaces/share/comp_tasks_interfaces/cmake/export_comp_tasks_interfaces__rosidl_typesupport_fastrtps_cExport.cmake
[11.977s] -- Installing: /home/robert/Projects/ros_ws/src/general/install/comp_tasks_interfaces/share/comp_tasks_interfaces/cmake/export_comp_tasks_interfaces__rosidl_typesupport_fastrtps_cExport-noconfig.cmake
[11.978s] -- Installing: /home/robert/Projects/ros_ws/src/general/install/comp_tasks_interfaces/share/comp_tasks_interfaces/cmake/export_comp_tasks_interfaces__rosidl_generator_cppExport.cmake
[11.978s] -- Installing: /home/robert/Projects/ros_ws/src/general/install/comp_tasks_interfaces/share/comp_tasks_interfaces/cmake/export_comp_tasks_interfaces__rosidl_typesupport_fastrtps_cppExport.cmake
[11.979s] -- Installing: /home/robert/Projects/ros_ws/src/general/install/comp_tasks_interfaces/share/comp_tasks_interfaces/cmake/export_comp_tasks_interfaces__rosidl_typesupport_fastrtps_cppExport-noconfig.cmake
[11.979s] -- Installing: /home/robert/Projects/ros_ws/src/general/install/comp_tasks_interfaces/share/comp_tasks_interfaces/cmake/comp_tasks_interfaces__rosidl_typesupport_introspection_cExport.cmake
[11.980s] -- Installing: /home/robert/Projects/ros_ws/src/general/install/comp_tasks_interfaces/share/comp_tasks_interfaces/cmake/comp_tasks_interfaces__rosidl_typesupport_introspection_cExport-noconfig.cmake
[11.980s] -- Installing: /home/robert/Projects/ros_ws/src/general/install/comp_tasks_interfaces/share/comp_tasks_interfaces/cmake/comp_tasks_interfaces__rosidl_typesupport_cExport.cmake
[11.981s] -- Installing: /home/robert/Projects/ros_ws/src/general/install/comp_tasks_interfaces/share/comp_tasks_interfaces/cmake/comp_tasks_interfaces__rosidl_typesupport_cExport-noconfig.cmake
[11.981s] -- Installing: /home/robert/Projects/ros_ws/src/general/install/comp_tasks_interfaces/share/comp_tasks_interfaces/cmake/comp_tasks_interfaces__rosidl_typesupport_introspection_cppExport.cmake
[11.982s] -- Installing: /home/robert/Projects/ros_ws/src/general/install/comp_tasks_interfaces/share/comp_tasks_interfaces/cmake/comp_tasks_interfaces__rosidl_typesupport_introspection_cppExport-noconfig.cmake
[11.983s] -- Installing: /home/robert/Projects/ros_ws/src/general/install/comp_tasks_interfaces/share/comp_tasks_interfaces/cmake/comp_tasks_interfaces__rosidl_typesupport_cppExport.cmake
[11.984s] -- Installing: /home/robert/Projects/ros_ws/src/general/install/comp_tasks_interfaces/share/comp_tasks_interfaces/cmake/comp_tasks_interfaces__rosidl_typesupport_cppExport-noconfig.cmake
[11.985s] -- Installing: /home/robert/Projects/ros_ws/src/general/install/comp_tasks_interfaces/share/comp_tasks_interfaces/cmake/export_comp_tasks_interfaces__rosidl_generator_pyExport.cmake
[11.985s] -- Installing: /home/robert/Projects/ros_ws/src/general/install/comp_tasks_interfaces/share/comp_tasks_interfaces/cmake/export_comp_tasks_interfaces__rosidl_generator_pyExport-noconfig.cmake
[11.986s] -- Installing: /home/robert/Projects/ros_ws/src/general/install/comp_tasks_interfaces/share/comp_tasks_interfaces/cmake/rosidl_cmake-extras.cmake
[11.986s] -- Installing: /home/robert/Projects/ros_ws/src/general/install/comp_tasks_interfaces/share/comp_tasks_interfaces/cmake/ament_cmake_export_dependencies-extras.cmake
[11.987s] -- Installing: /home/robert/Projects/ros_ws/src/general/install/comp_tasks_interfaces/share/comp_tasks_interfaces/cmake/ament_cmake_export_include_directories-extras.cmake
[11.987s] -- Installing: /home/robert/Projects/ros_ws/src/general/install/comp_tasks_interfaces/share/comp_tasks_interfaces/cmake/ament_cmake_export_libraries-extras.cmake
[11.988s] -- Installing: /home/robert/Projects/ros_ws/src/general/install/comp_tasks_interfaces/share/comp_tasks_interfaces/cmake/ament_cmake_export_targets-extras.cmake
[11.988s] -- Installing: /home/robert/Projects/ros_ws/src/general/install/comp_tasks_interfaces/share/comp_tasks_interfaces/cmake/rosidl_cmake_export_typesupport_targets-extras.cmake
[11.989s] -- Installing: /home/robert/Projects/ros_ws/src/general/install/comp_tasks_interfaces/share/comp_tasks_interfaces/cmake/rosidl_cmake_export_typesupport_libraries-extras.cmake
[11.989s] -- Installing: /home/robert/Projects/ros_ws/src/general/install/comp_tasks_interfaces/share/comp_tasks_interfaces/cmake/comp_tasks_interfacesConfig.cmake
[11.990s] -- Installing: /home/robert/Projects/ros_ws/src/general/install/comp_tasks_interfaces/share/comp_tasks_interfaces/cmake/comp_tasks_interfacesConfig-version.cmake
[11.990s] -- Installing: /home/robert/Projects/ros_ws/src/general/install/comp_tasks_interfaces/share/comp_tasks_interfaces/package.xml
[11.997s] Invoked command in '/home/robert/Projects/ros_ws/src/general/build/comp_tasks_interfaces' returned '0': CMAKE_PREFIX_PATH=/opt/ros/humble /usr/bin/cmake --install /home/robert/Projects/ros_ws/src/general/build/comp_tasks_interfaces
