[0.020s] Invoking command in '/home/robert/Projects/ros_ws/src/general/build/yolov8_msgs': CMAKE_PREFIX_PATH=/opt/ros/humble /usr/bin/cmake /home/robert/Projects/ros_ws/src/general/yolov8_ros/yolov8_msgs -DCMAKE_INSTALL_PREFIX=/home/robert/Projects/ros_ws/src/general/install/yolov8_msgs
[0.318s] -- The C compiler identification is GNU 11.4.0
[0.580s] -- The CXX compiler identification is GNU 11.4.0
[0.601s] -- Detecting C compiler ABI info
[0.754s] -- Detecting C compiler ABI info - done
[0.774s] -- Check for working C compiler: /usr/bin/cc - skipped
[0.774s] -- Detecting C compile features
[0.776s] -- Detecting C compile features - done
[0.783s] -- Detecting CXX compiler ABI info
[0.978s] -- Detecting CXX compiler ABI info - done
[1.002s] -- Check for working CXX compiler: /usr/bin/c++ - skipped
[1.002s] -- Detecting CXX compile features
[1.004s] -- Detecting CXX compile features - done
[1.021s] -- Found ament_cmake: 1.3.11 (/opt/ros/humble/share/ament_cmake/cmake)
[1.474s] -- Found Python3: /usr/bin/python3 (found version "3.10.12") found components: Interpreter 
[1.950s] -- Found rosidl_default_generators: 1.2.0 (/opt/ros/humble/share/rosidl_default_generators/cmake)
[1.969s] -- Using all available rosidl_typesupport_c: rosidl_typesupport_fastrtps_c;rosidl_typesupport_introspection_c
[2.007s] -- Found rosidl_adapter: 3.1.6 (/opt/ros/humble/share/rosidl_adapter/cmake)
[2.264s] -- Using all available rosidl_typesupport_cpp: rosidl_typesupport_fastrtps_cpp;rosidl_typesupport_introspection_cpp
[2.478s] -- Found std_msgs: 4.2.4 (/opt/ros/humble/share/std_msgs/cmake)
[2.660s] -- Found geometry_msgs: 4.2.4 (/opt/ros/humble/share/geometry_msgs/cmake)
[3.882s] -- Found ament_cmake_ros: 0.10.0 (/opt/ros/humble/share/ament_cmake_ros/cmake)
[4.260s] -- Using all available rosidl_typesupport_c: rosidl_typesupport_fastrtps_c;rosidl_typesupport_introspection_c
[4.710s] -- Using all available rosidl_typesupport_cpp: rosidl_typesupport_fastrtps_cpp;rosidl_typesupport_introspection_cpp
[4.740s] -- Found PythonInterp: /usr/bin/python3 (found suitable version "3.10.12", minimum required is "3.6") 
[4.742s] -- Found python_cmake_module: 0.10.0 (/opt/ros/humble/share/python_cmake_module/cmake)
[4.778s] -- Found PythonLibs: /usr/lib/x86_64-linux-gnu/libpython3.10.so (found suitable version "3.10.12", minimum required is "3.5") 
[4.778s] -- Using PYTHON_EXECUTABLE: /usr/bin/python3
[4.778s] -- Using PYTHON_INCLUDE_DIRS: /usr/include/python3.10
[4.778s] -- Using PYTHON_LIBRARIES: /usr/lib/x86_64-linux-gnu/libpython3.10.so
[4.807s] -- Found PythonExtra: .so  
[4.900s] -- Configuring done
[5.000s] -- Generating done
[5.023s] -- Build files have been written to: /home/robert/Projects/ros_ws/src/general/build/yolov8_msgs
[5.033s] Invoked command in '/home/robert/Projects/ros_ws/src/general/build/yolov8_msgs' returned '0': CMAKE_PREFIX_PATH=/opt/ros/humble /usr/bin/cmake /home/robert/Projects/ros_ws/src/general/yolov8_ros/yolov8_msgs -DCMAKE_INSTALL_PREFIX=/home/robert/Projects/ros_ws/src/general/install/yolov8_msgs
[5.036s] Invoking command in '/home/robert/Projects/ros_ws/src/general/build/yolov8_msgs': CMAKE_PREFIX_PATH=/opt/ros/humble /usr/bin/cmake --build /home/robert/Projects/ros_ws/src/general/build/yolov8_msgs -- -j12 -l12
[5.167s] [  1%] [34m[1mGenerating C code for ROS interfaces[0m
[5.210s] [  1%] [34m[1mGenerating C++ code for ROS interfaces[0m
[5.255s] [  1%] Built target ament_cmake_python_copy_yolov8_msgs
[5.825s] running egg_info
[5.826s] creating yolov8_msgs.egg-info
[5.827s] writing yolov8_msgs.egg-info/PKG-INFO
[5.827s] writing dependency_links to yolov8_msgs.egg-info/dependency_links.txt
[5.827s] writing top-level names to yolov8_msgs.egg-info/top_level.txt
[5.828s] writing manifest file 'yolov8_msgs.egg-info/SOURCES.txt'
[5.832s] reading manifest file 'yolov8_msgs.egg-info/SOURCES.txt'
[5.833s] writing manifest file 'yolov8_msgs.egg-info/SOURCES.txt'
[5.874s] [  1%] Built target ament_cmake_python_build_yolov8_msgs_egg
[7.445s] [  2%] [32mBuilding C object CMakeFiles/yolov8_msgs__rosidl_generator_c.dir/rosidl_generator_c/yolov8_msgs/msg/detail/vector2__functions.c.o[0m
[7.446s] [  2%] [32mBuilding C object CMakeFiles/yolov8_msgs__rosidl_generator_c.dir/rosidl_generator_c/yolov8_msgs/msg/detail/bounding_box2_d__functions.c.o[0m
[7.447s] [  3%] [32mBuilding C object CMakeFiles/yolov8_msgs__rosidl_generator_c.dir/rosidl_generator_c/yolov8_msgs/msg/detail/iceberg_bounding_box2_d__functions.c.o[0m
[7.448s] [  4%] [32mBuilding C object CMakeFiles/yolov8_msgs__rosidl_generator_c.dir/rosidl_generator_c/yolov8_msgs/msg/detail/pose2_d__functions.c.o[0m
[7.448s] [  5%] [32mBuilding C object CMakeFiles/yolov8_msgs__rosidl_generator_c.dir/rosidl_generator_c/yolov8_msgs/msg/detail/bounding_box3_d__functions.c.o[0m
[7.448s] [  6%] [32mBuilding C object CMakeFiles/yolov8_msgs__rosidl_generator_c.dir/rosidl_generator_c/yolov8_msgs/msg/detail/key_point2_d_array__functions.c.o[0m
[7.448s] [  6%] [32mBuilding C object CMakeFiles/yolov8_msgs__rosidl_generator_c.dir/rosidl_generator_c/yolov8_msgs/msg/detail/mask__functions.c.o[0m
[7.448s] [  6%] [32mBuilding C object CMakeFiles/yolov8_msgs__rosidl_generator_c.dir/rosidl_generator_c/yolov8_msgs/msg/detail/point2_d__functions.c.o[0m
[7.450s] [  7%] [32mBuilding C object CMakeFiles/yolov8_msgs__rosidl_generator_c.dir/rosidl_generator_c/yolov8_msgs/msg/detail/key_point2_d__functions.c.o[0m
[7.470s] [  8%] [32mBuilding C object CMakeFiles/yolov8_msgs__rosidl_generator_c.dir/rosidl_generator_c/yolov8_msgs/msg/detail/key_point3_d__functions.c.o[0m
[7.574s] [  8%] [32mBuilding C object CMakeFiles/yolov8_msgs__rosidl_generator_c.dir/rosidl_generator_c/yolov8_msgs/msg/detail/key_point3_d_array__functions.c.o[0m
[7.609s] [  9%] [32mBuilding C object CMakeFiles/yolov8_msgs__rosidl_generator_c.dir/rosidl_generator_c/yolov8_msgs/msg/detail/detection__functions.c.o[0m
[7.610s] [ 10%] [32mBuilding C object CMakeFiles/yolov8_msgs__rosidl_generator_c.dir/rosidl_generator_c/yolov8_msgs/msg/detail/detection_array__functions.c.o[0m
[7.613s] [ 10%] [32mBuilding C object CMakeFiles/yolov8_msgs__rosidl_generator_c.dir/rosidl_generator_c/yolov8_msgs/msg/detail/iceberg_detection__functions.c.o[0m
[7.614s] [ 11%] [32mBuilding C object CMakeFiles/yolov8_msgs__rosidl_generator_c.dir/rosidl_generator_c/yolov8_msgs/msg/detail/iceberg_detection_array__functions.c.o[0m
[7.783s] [ 12%] [32m[1mLinking C shared library libyolov8_msgs__rosidl_generator_c.so[0m
[7.809s] [ 12%] Built target yolov8_msgs__cpp
[7.827s] [ 13%] [34m[1mGenerating C++ type support dispatch for ROS interfaces[0m
[7.827s] [ 13%] [34m[1mGenerating C++ introspection for ROS interfaces[0m
[7.827s] [ 14%] [34m[1mGenerating C++ type support for eProsima Fast-RTPS[0m
[7.855s] [ 14%] Built target yolov8_msgs__rosidl_generator_c
[7.874s] [ 16%] [34m[1mGenerating C introspection for ROS interfaces[0m
[7.874s] [ 16%] [34m[1mGenerating C type support for eProsima Fast-RTPS[0m
[7.879s] [ 17%] [34m[1mGenerating C type support dispatch for ROS interfaces[0m
[9.702s] [ 17%] [32mBuilding CXX object CMakeFiles/yolov8_msgs__rosidl_typesupport_cpp.dir/rosidl_typesupport_cpp/yolov8_msgs/msg/vector2__type_support.cpp.o[0m
[9.710s] [ 18%] [32mBuilding CXX object CMakeFiles/yolov8_msgs__rosidl_typesupport_cpp.dir/rosidl_typesupport_cpp/yolov8_msgs/msg/point2_d__type_support.cpp.o[0m
[9.711s] [ 18%] [32mBuilding CXX object CMakeFiles/yolov8_msgs__rosidl_typesupport_cpp.dir/rosidl_typesupport_cpp/yolov8_msgs/msg/iceberg_bounding_box2_d__type_support.cpp.o[0m
[9.715s] [ 19%] [32mBuilding CXX object CMakeFiles/yolov8_msgs__rosidl_typesupport_cpp.dir/rosidl_typesupport_cpp/yolov8_msgs/msg/bounding_box3_d__type_support.cpp.o[0m
[9.720s] [ 20%] [32mBuilding CXX object CMakeFiles/yolov8_msgs__rosidl_typesupport_cpp.dir/rosidl_typesupport_cpp/yolov8_msgs/msg/bounding_box2_d__type_support.cpp.o[0m
[9.723s] [ 21%] [32mBuilding CXX object CMakeFiles/yolov8_msgs__rosidl_typesupport_cpp.dir/rosidl_typesupport_cpp/yolov8_msgs/msg/pose2_d__type_support.cpp.o[0m
[9.743s] [ 22%] [32mBuilding CXX object CMakeFiles/yolov8_msgs__rosidl_typesupport_cpp.dir/rosidl_typesupport_cpp/yolov8_msgs/msg/mask__type_support.cpp.o[0m
[9.775s] [ 22%] [32mBuilding CXX object CMakeFiles/yolov8_msgs__rosidl_typesupport_c.dir/rosidl_typesupport_c/yolov8_msgs/msg/point2_d__type_support.cpp.o[0m
[9.926s] [ 23%] [32mBuilding CXX object CMakeFiles/yolov8_msgs__rosidl_typesupport_c.dir/rosidl_typesupport_c/yolov8_msgs/msg/vector2__type_support.cpp.o[0m
[10.016s] [ 24%] [32mBuilding CXX object CMakeFiles/yolov8_msgs__rosidl_typesupport_c.dir/rosidl_typesupport_c/yolov8_msgs/msg/pose2_d__type_support.cpp.o[0m
[10.216s] [ 24%] [32mBuilding CXX object CMakeFiles/yolov8_msgs__rosidl_typesupport_c.dir/rosidl_typesupport_c/yolov8_msgs/msg/bounding_box2_d__type_support.cpp.o[0m
[10.400s] [ 25%] [32mBuilding CXX object CMakeFiles/yolov8_msgs__rosidl_typesupport_c.dir/rosidl_typesupport_c/yolov8_msgs/msg/iceberg_bounding_box2_d__type_support.cpp.o[0m
[10.558s] [ 26%] [32mBuilding CXX object CMakeFiles/yolov8_msgs__rosidl_typesupport_c.dir/rosidl_typesupport_c/yolov8_msgs/msg/bounding_box3_d__type_support.cpp.o[0m
[10.691s] [ 26%] [32mBuilding CXX object CMakeFiles/yolov8_msgs__rosidl_typesupport_c.dir/rosidl_typesupport_c/yolov8_msgs/msg/key_point2_d__type_support.cpp.o[0m
[10.703s] [ 27%] [32mBuilding CXX object CMakeFiles/yolov8_msgs__rosidl_typesupport_c.dir/rosidl_typesupport_c/yolov8_msgs/msg/mask__type_support.cpp.o[0m
[10.773s] [ 28%] [32mBuilding CXX object CMakeFiles/yolov8_msgs__rosidl_typesupport_c.dir/rosidl_typesupport_c/yolov8_msgs/msg/key_point2_d_array__type_support.cpp.o[0m
[10.824s] [ 29%] [32mBuilding CXX object CMakeFiles/yolov8_msgs__rosidl_typesupport_c.dir/rosidl_typesupport_c/yolov8_msgs/msg/key_point3_d__type_support.cpp.o[0m
[10.877s] [ 30%] [32mBuilding CXX object CMakeFiles/yolov8_msgs__rosidl_typesupport_c.dir/rosidl_typesupport_c/yolov8_msgs/msg/detection__type_support.cpp.o[0m
[10.878s] [ 30%] [32mBuilding CXX object CMakeFiles/yolov8_msgs__rosidl_typesupport_c.dir/rosidl_typesupport_c/yolov8_msgs/msg/key_point3_d_array__type_support.cpp.o[0m
[10.927s] [ 30%] [32mBuilding CXX object CMakeFiles/yolov8_msgs__rosidl_typesupport_c.dir/rosidl_typesupport_c/yolov8_msgs/msg/iceberg_detection__type_support.cpp.o[0m
[10.935s] [ 31%] [32mBuilding CXX object CMakeFiles/yolov8_msgs__rosidl_typesupport_c.dir/rosidl_typesupport_c/yolov8_msgs/msg/detection_array__type_support.cpp.o[0m
[10.940s] [ 32%] [32mBuilding CXX object CMakeFiles/yolov8_msgs__rosidl_typesupport_cpp.dir/rosidl_typesupport_cpp/yolov8_msgs/msg/key_point2_d__type_support.cpp.o[0m
[10.959s] [ 33%] [32mBuilding CXX object CMakeFiles/yolov8_msgs__rosidl_typesupport_c.dir/rosidl_typesupport_c/yolov8_msgs/msg/iceberg_detection_array__type_support.cpp.o[0m
[10.960s] [ 33%] [32mBuilding CXX object CMakeFiles/yolov8_msgs__rosidl_typesupport_cpp.dir/rosidl_typesupport_cpp/yolov8_msgs/msg/key_point2_d_array__type_support.cpp.o[0m
[10.992s] [ 34%] [32mBuilding CXX object CMakeFiles/yolov8_msgs__rosidl_typesupport_cpp.dir/rosidl_typesupport_cpp/yolov8_msgs/msg/key_point3_d__type_support.cpp.o[0m
[11.064s] [ 35%] [32mBuilding CXX object CMakeFiles/yolov8_msgs__rosidl_typesupport_cpp.dir/rosidl_typesupport_cpp/yolov8_msgs/msg/key_point3_d_array__type_support.cpp.o[0m
[11.073s] [ 35%] [32mBuilding CXX object CMakeFiles/yolov8_msgs__rosidl_typesupport_cpp.dir/rosidl_typesupport_cpp/yolov8_msgs/msg/detection__type_support.cpp.o[0m
[11.079s] [ 36%] [32m[1mLinking CXX shared library libyolov8_msgs__rosidl_typesupport_c.so[0m
[11.095s] [ 37%] [32mBuilding CXX object CMakeFiles/yolov8_msgs__rosidl_typesupport_cpp.dir/rosidl_typesupport_cpp/yolov8_msgs/msg/detection_array__type_support.cpp.o[0m
[11.124s] [ 38%] [32mBuilding CXX object CMakeFiles/yolov8_msgs__rosidl_typesupport_cpp.dir/rosidl_typesupport_cpp/yolov8_msgs/msg/iceberg_detection__type_support.cpp.o[0m
[11.242s] [ 38%] Built target yolov8_msgs__rosidl_typesupport_c
[11.302s] [ 38%] [32mBuilding CXX object CMakeFiles/yolov8_msgs__rosidl_typesupport_cpp.dir/rosidl_typesupport_cpp/yolov8_msgs/msg/iceberg_detection_array__type_support.cpp.o[0m
[11.394s] [ 39%] [32mBuilding C object CMakeFiles/yolov8_msgs__rosidl_typesupport_introspection_c.dir/rosidl_typesupport_introspection_c/yolov8_msgs/msg/detail/point2_d__type_support.c.o[0m
[11.575s] [ 39%] [32mBuilding C object CMakeFiles/yolov8_msgs__rosidl_typesupport_introspection_c.dir/rosidl_typesupport_introspection_c/yolov8_msgs/msg/detail/vector2__type_support.c.o[0m
[11.580s] [ 40%] [32mBuilding CXX object CMakeFiles/yolov8_msgs__rosidl_typesupport_introspection_cpp.dir/rosidl_typesupport_introspection_cpp/yolov8_msgs/msg/detail/point2_d__type_support.cpp.o[0m
[11.690s] [ 41%] [32mBuilding CXX object CMakeFiles/yolov8_msgs__rosidl_typesupport_fastrtps_cpp.dir/rosidl_typesupport_fastrtps_cpp/yolov8_msgs/msg/detail/dds_fastrtps/point2_d__type_support.cpp.o[0m
[11.737s] [ 42%] [32mBuilding C object CMakeFiles/yolov8_msgs__rosidl_typesupport_introspection_c.dir/rosidl_typesupport_introspection_c/yolov8_msgs/msg/detail/pose2_d__type_support.c.o[0m
[11.866s] [ 43%] [32mBuilding C object CMakeFiles/yolov8_msgs__rosidl_typesupport_introspection_c.dir/rosidl_typesupport_introspection_c/yolov8_msgs/msg/detail/bounding_box2_d__type_support.c.o[0m
[11.899s] [ 44%] [32mBuilding CXX object CMakeFiles/yolov8_msgs__rosidl_typesupport_introspection_cpp.dir/rosidl_typesupport_introspection_cpp/yolov8_msgs/msg/detail/vector2__type_support.cpp.o[0m
[12.025s] [ 45%] [32mBuilding CXX object CMakeFiles/yolov8_msgs__rosidl_typesupport_fastrtps_cpp.dir/rosidl_typesupport_fastrtps_cpp/yolov8_msgs/msg/detail/dds_fastrtps/vector2__type_support.cpp.o[0m
[12.038s] [ 46%] [32mBuilding C object CMakeFiles/yolov8_msgs__rosidl_typesupport_introspection_c.dir/rosidl_typesupport_introspection_c/yolov8_msgs/msg/detail/iceberg_bounding_box2_d__type_support.c.o[0m
[12.050s] [ 46%] [32mBuilding C object CMakeFiles/yolov8_msgs__rosidl_typesupport_introspection_c.dir/rosidl_typesupport_introspection_c/yolov8_msgs/msg/detail/bounding_box3_d__type_support.c.o[0m
[12.063s] [ 46%] [32mBuilding CXX object CMakeFiles/yolov8_msgs__rosidl_typesupport_introspection_cpp.dir/rosidl_typesupport_introspection_cpp/yolov8_msgs/msg/detail/pose2_d__type_support.cpp.o[0m
[12.073s] [ 47%] [32mBuilding CXX object CMakeFiles/yolov8_msgs__rosidl_typesupport_introspection_cpp.dir/rosidl_typesupport_introspection_cpp/yolov8_msgs/msg/detail/bounding_box2_d__type_support.cpp.o[0m
[12.074s] [ 47%] [32mBuilding CXX object CMakeFiles/yolov8_msgs__rosidl_typesupport_fastrtps_cpp.dir/rosidl_typesupport_fastrtps_cpp/yolov8_msgs/msg/detail/dds_fastrtps/pose2_d__type_support.cpp.o[0m
[12.162s] [ 48%] [32mBuilding CXX object CMakeFiles/yolov8_msgs__rosidl_typesupport_introspection_cpp.dir/rosidl_typesupport_introspection_cpp/yolov8_msgs/msg/detail/iceberg_bounding_box2_d__type_support.cpp.o[0m
[12.176s] [ 49%] [32mBuilding C object CMakeFiles/yolov8_msgs__rosidl_typesupport_introspection_c.dir/rosidl_typesupport_introspection_c/yolov8_msgs/msg/detail/mask__type_support.c.o[0m
[12.236s] [ 50%] [32mBuilding CXX object CMakeFiles/yolov8_msgs__rosidl_typesupport_fastrtps_cpp.dir/rosidl_typesupport_fastrtps_cpp/yolov8_msgs/msg/detail/dds_fastrtps/bounding_box2_d__type_support.cpp.o[0m
[12.282s] [ 51%] [32mBuilding C object CMakeFiles/yolov8_msgs__rosidl_typesupport_introspection_c.dir/rosidl_typesupport_introspection_c/yolov8_msgs/msg/detail/key_point2_d__type_support.c.o[0m
[12.282s] [ 52%] [32m[1mLinking CXX shared library libyolov8_msgs__rosidl_typesupport_cpp.so[0m
[12.325s] [ 53%] [32mBuilding CXX object CMakeFiles/yolov8_msgs__rosidl_typesupport_fastrtps_c.dir/rosidl_typesupport_fastrtps_c/yolov8_msgs/msg/detail/point2_d__type_support_c.cpp.o[0m
[12.433s] [ 53%] [32mBuilding C object CMakeFiles/yolov8_msgs__rosidl_typesupport_introspection_c.dir/rosidl_typesupport_introspection_c/yolov8_msgs/msg/detail/key_point2_d_array__type_support.c.o[0m
[12.523s] [ 53%] Built target yolov8_msgs__rosidl_typesupport_cpp
[12.545s] [ 53%] [32mBuilding CXX object CMakeFiles/yolov8_msgs__rosidl_typesupport_fastrtps_c.dir/rosidl_typesupport_fastrtps_c/yolov8_msgs/msg/detail/vector2__type_support_c.cpp.o[0m
[12.637s] [ 54%] [32mBuilding C object CMakeFiles/yolov8_msgs__rosidl_typesupport_introspection_c.dir/rosidl_typesupport_introspection_c/yolov8_msgs/msg/detail/key_point3_d__type_support.c.o[0m
[12.847s] [ 55%] [32mBuilding C object CMakeFiles/yolov8_msgs__rosidl_typesupport_introspection_c.dir/rosidl_typesupport_introspection_c/yolov8_msgs/msg/detail/key_point3_d_array__type_support.c.o[0m
[13.006s] [ 55%] [32mBuilding C object CMakeFiles/yolov8_msgs__rosidl_typesupport_introspection_c.dir/rosidl_typesupport_introspection_c/yolov8_msgs/msg/detail/detection__type_support.c.o[0m
[13.178s] [ 56%] [32mBuilding C object CMakeFiles/yolov8_msgs__rosidl_typesupport_introspection_c.dir/rosidl_typesupport_introspection_c/yolov8_msgs/msg/detail/detection_array__type_support.c.o[0m
[13.230s] [ 57%] [32mBuilding C object CMakeFiles/yolov8_msgs__rosidl_typesupport_introspection_c.dir/rosidl_typesupport_introspection_c/yolov8_msgs/msg/detail/iceberg_detection__type_support.c.o[0m
[13.236s] [ 58%] [32mBuilding CXX object CMakeFiles/yolov8_msgs__rosidl_typesupport_fastrtps_c.dir/rosidl_typesupport_fastrtps_c/yolov8_msgs/msg/detail/pose2_d__type_support_c.cpp.o[0m
[13.322s] [ 59%] [32mBuilding CXX object CMakeFiles/yolov8_msgs__rosidl_typesupport_fastrtps_cpp.dir/rosidl_typesupport_fastrtps_cpp/yolov8_msgs/msg/detail/dds_fastrtps/iceberg_bounding_box2_d__type_support.cpp.o[0m
[13.355s] [ 60%] [32mBuilding CXX object CMakeFiles/yolov8_msgs__rosidl_typesupport_introspection_cpp.dir/rosidl_typesupport_introspection_cpp/yolov8_msgs/msg/detail/bounding_box3_d__type_support.cpp.o[0m
[13.366s] [ 62%] [32mBuilding C object CMakeFiles/yolov8_msgs__rosidl_typesupport_introspection_c.dir/rosidl_typesupport_introspection_c/yolov8_msgs/msg/detail/iceberg_detection_array__type_support.c.o[0m
[13.370s] [ 62%] [32mBuilding CXX object CMakeFiles/yolov8_msgs__rosidl_typesupport_fastrtps_c.dir/rosidl_typesupport_fastrtps_c/yolov8_msgs/msg/detail/bounding_box2_d__type_support_c.cpp.o[0m
[13.488s] [ 62%] [32mBuilding CXX object CMakeFiles/yolov8_msgs__rosidl_typesupport_fastrtps_c.dir/rosidl_typesupport_fastrtps_c/yolov8_msgs/msg/detail/iceberg_bounding_box2_d__type_support_c.cpp.o[0m
[13.507s] [ 62%] [32mBuilding CXX object CMakeFiles/yolov8_msgs__rosidl_typesupport_fastrtps_cpp.dir/rosidl_typesupport_fastrtps_cpp/yolov8_msgs/msg/detail/dds_fastrtps/bounding_box3_d__type_support.cpp.o[0m
[13.546s] [ 62%] [32m[1mLinking C shared library libyolov8_msgs__rosidl_typesupport_introspection_c.so[0m
[13.586s] [ 62%] [32mBuilding CXX object CMakeFiles/yolov8_msgs__rosidl_typesupport_introspection_cpp.dir/rosidl_typesupport_introspection_cpp/yolov8_msgs/msg/detail/mask__type_support.cpp.o[0m
[13.715s] [ 63%] [32mBuilding CXX object CMakeFiles/yolov8_msgs__rosidl_typesupport_fastrtps_cpp.dir/rosidl_typesupport_fastrtps_cpp/yolov8_msgs/msg/detail/dds_fastrtps/mask__type_support.cpp.o[0m
[13.716s] [ 63%] Built target yolov8_msgs__rosidl_typesupport_introspection_c
[13.744s] [ 64%] [32mBuilding CXX object CMakeFiles/yolov8_msgs__rosidl_typesupport_introspection_cpp.dir/rosidl_typesupport_introspection_cpp/yolov8_msgs/msg/detail/key_point2_d__type_support.cpp.o[0m
[13.776s] [ 65%] [32mBuilding CXX object CMakeFiles/yolov8_msgs__rosidl_typesupport_fastrtps_cpp.dir/rosidl_typesupport_fastrtps_cpp/yolov8_msgs/msg/detail/dds_fastrtps/key_point2_d__type_support.cpp.o[0m
[13.811s] [ 66%] [32mBuilding CXX object CMakeFiles/yolov8_msgs__rosidl_typesupport_fastrtps_c.dir/rosidl_typesupport_fastrtps_c/yolov8_msgs/msg/detail/bounding_box3_d__type_support_c.cpp.o[0m
[14.109s] [ 66%] [32mBuilding CXX object CMakeFiles/yolov8_msgs__rosidl_typesupport_fastrtps_cpp.dir/rosidl_typesupport_fastrtps_cpp/yolov8_msgs/msg/detail/dds_fastrtps/key_point2_d_array__type_support.cpp.o[0m
[14.449s] [ 67%] [32mBuilding CXX object CMakeFiles/yolov8_msgs__rosidl_typesupport_fastrtps_c.dir/rosidl_typesupport_fastrtps_c/yolov8_msgs/msg/detail/mask__type_support_c.cpp.o[0m
[14.582s] [ 68%] [32mBuilding CXX object CMakeFiles/yolov8_msgs__rosidl_typesupport_introspection_cpp.dir/rosidl_typesupport_introspection_cpp/yolov8_msgs/msg/detail/key_point2_d_array__type_support.cpp.o[0m
[14.824s] [ 68%] [32mBuilding CXX object CMakeFiles/yolov8_msgs__rosidl_typesupport_introspection_cpp.dir/rosidl_typesupport_introspection_cpp/yolov8_msgs/msg/detail/key_point3_d__type_support.cpp.o[0m
[14.901s] [ 68%] [32mBuilding CXX object CMakeFiles/yolov8_msgs__rosidl_typesupport_fastrtps_c.dir/rosidl_typesupport_fastrtps_c/yolov8_msgs/msg/detail/key_point2_d__type_support_c.cpp.o[0m
[15.081s] [ 69%] [32mBuilding CXX object CMakeFiles/yolov8_msgs__rosidl_typesupport_introspection_cpp.dir/rosidl_typesupport_introspection_cpp/yolov8_msgs/msg/detail/key_point3_d_array__type_support.cpp.o[0m
[15.199s] [ 70%] [32mBuilding CXX object CMakeFiles/yolov8_msgs__rosidl_typesupport_fastrtps_cpp.dir/rosidl_typesupport_fastrtps_cpp/yolov8_msgs/msg/detail/dds_fastrtps/key_point3_d__type_support.cpp.o[0m
[15.265s] [ 71%] [32mBuilding CXX object CMakeFiles/yolov8_msgs__rosidl_typesupport_fastrtps_cpp.dir/rosidl_typesupport_fastrtps_cpp/yolov8_msgs/msg/detail/dds_fastrtps/key_point3_d_array__type_support.cpp.o[0m
[15.277s] [ 72%] [32mBuilding CXX object CMakeFiles/yolov8_msgs__rosidl_typesupport_introspection_cpp.dir/rosidl_typesupport_introspection_cpp/yolov8_msgs/msg/detail/detection__type_support.cpp.o[0m
[15.336s] [ 73%] [32mBuilding CXX object CMakeFiles/yolov8_msgs__rosidl_typesupport_fastrtps_cpp.dir/rosidl_typesupport_fastrtps_cpp/yolov8_msgs/msg/detail/dds_fastrtps/detection__type_support.cpp.o[0m
[15.338s] [ 73%] [32mBuilding CXX object CMakeFiles/yolov8_msgs__rosidl_typesupport_introspection_cpp.dir/rosidl_typesupport_introspection_cpp/yolov8_msgs/msg/detail/detection_array__type_support.cpp.o[0m
[15.699s] [ 74%] [32mBuilding CXX object CMakeFiles/yolov8_msgs__rosidl_typesupport_introspection_cpp.dir/rosidl_typesupport_introspection_cpp/yolov8_msgs/msg/detail/iceberg_detection__type_support.cpp.o[0m
[15.831s] [ 74%] [32mBuilding CXX object CMakeFiles/yolov8_msgs__rosidl_typesupport_fastrtps_cpp.dir/rosidl_typesupport_fastrtps_cpp/yolov8_msgs/msg/detail/dds_fastrtps/detection_array__type_support.cpp.o[0m
[16.068s] [ 76%] [32mBuilding CXX object CMakeFiles/yolov8_msgs__rosidl_typesupport_introspection_cpp.dir/rosidl_typesupport_introspection_cpp/yolov8_msgs/msg/detail/iceberg_detection_array__type_support.cpp.o[0m
[16.070s] [ 76%] [32mBuilding CXX object CMakeFiles/yolov8_msgs__rosidl_typesupport_fastrtps_c.dir/rosidl_typesupport_fastrtps_c/yolov8_msgs/msg/detail/key_point2_d_array__type_support_c.cpp.o[0m
[16.090s] [ 77%] [32mBuilding CXX object CMakeFiles/yolov8_msgs__rosidl_typesupport_fastrtps_cpp.dir/rosidl_typesupport_fastrtps_cpp/yolov8_msgs/msg/detail/dds_fastrtps/iceberg_detection__type_support.cpp.o[0m
[16.576s] [ 78%] [32mBuilding CXX object CMakeFiles/yolov8_msgs__rosidl_typesupport_fastrtps_cpp.dir/rosidl_typesupport_fastrtps_cpp/yolov8_msgs/msg/detail/dds_fastrtps/iceberg_detection_array__type_support.cpp.o[0m
[16.812s] [ 79%] [32mBuilding CXX object CMakeFiles/yolov8_msgs__rosidl_typesupport_fastrtps_c.dir/rosidl_typesupport_fastrtps_c/yolov8_msgs/msg/detail/key_point3_d__type_support_c.cpp.o[0m
[16.895s] [ 80%] [32mBuilding CXX object CMakeFiles/yolov8_msgs__rosidl_typesupport_fastrtps_c.dir/rosidl_typesupport_fastrtps_c/yolov8_msgs/msg/detail/key_point3_d_array__type_support_c.cpp.o[0m
[16.903s] [ 80%] [32mBuilding CXX object CMakeFiles/yolov8_msgs__rosidl_typesupport_fastrtps_c.dir/rosidl_typesupport_fastrtps_c/yolov8_msgs/msg/detail/detection__type_support_c.cpp.o[0m
[16.999s] [ 81%] [32mBuilding CXX object CMakeFiles/yolov8_msgs__rosidl_typesupport_fastrtps_c.dir/rosidl_typesupport_fastrtps_c/yolov8_msgs/msg/detail/detection_array__type_support_c.cpp.o[0m
[17.200s] [ 82%] [32mBuilding CXX object CMakeFiles/yolov8_msgs__rosidl_typesupport_fastrtps_c.dir/rosidl_typesupport_fastrtps_c/yolov8_msgs/msg/detail/iceberg_detection__type_support_c.cpp.o[0m
[17.445s] [ 82%] [32mBuilding CXX object CMakeFiles/yolov8_msgs__rosidl_typesupport_fastrtps_c.dir/rosidl_typesupport_fastrtps_c/yolov8_msgs/msg/detail/iceberg_detection_array__type_support_c.cpp.o[0m
[17.700s] [ 83%] [32m[1mLinking CXX shared library libyolov8_msgs__rosidl_typesupport_introspection_cpp.so[0m
[17.916s] [ 83%] Built target yolov8_msgs__rosidl_typesupport_introspection_cpp
[18.156s] [ 83%] [32m[1mLinking CXX shared library libyolov8_msgs__rosidl_typesupport_fastrtps_cpp.so[0m
[18.210s] [ 84%] [32m[1mLinking CXX shared library libyolov8_msgs__rosidl_typesupport_fastrtps_c.so[0m
[18.292s] [ 84%] Built target yolov8_msgs__rosidl_typesupport_fastrtps_cpp
[18.332s] [ 84%] Built target yolov8_msgs__rosidl_typesupport_fastrtps_c
[18.364s] [ 84%] Built target yolov8_msgs
[18.443s] [ 85%] [34m[1mGenerating Python code for ROS interfaces[0m
[20.972s] [ 85%] Built target yolov8_msgs__py
[21.035s] [ 85%] [32mBuilding C object CMakeFiles/yolov8_msgs__rosidl_generator_py.dir/rosidl_generator_py/yolov8_msgs/msg/_point2_d_s.c.o[0m
[21.036s] [ 86%] [32mBuilding C object CMakeFiles/yolov8_msgs__rosidl_generator_py.dir/rosidl_generator_py/yolov8_msgs/msg/_vector2_s.c.o[0m
[21.037s] [ 87%] [32mBuilding C object CMakeFiles/yolov8_msgs__rosidl_generator_py.dir/rosidl_generator_py/yolov8_msgs/msg/_bounding_box2_d_s.c.o[0m
[21.037s] [ 88%] [32mBuilding C object CMakeFiles/yolov8_msgs__rosidl_generator_py.dir/rosidl_generator_py/yolov8_msgs/msg/_pose2_d_s.c.o[0m
[21.041s] [ 88%] [32mBuilding C object CMakeFiles/yolov8_msgs__rosidl_generator_py.dir/rosidl_generator_py/yolov8_msgs/msg/_iceberg_bounding_box2_d_s.c.o[0m
[21.045s] [ 90%] [32mBuilding C object CMakeFiles/yolov8_msgs__rosidl_generator_py.dir/rosidl_generator_py/yolov8_msgs/msg/_bounding_box3_d_s.c.o[0m
[21.046s] [ 90%] [32mBuilding C object CMakeFiles/yolov8_msgs__rosidl_generator_py.dir/rosidl_generator_py/yolov8_msgs/msg/_mask_s.c.o[0m
[21.046s] [ 91%] [32mBuilding C object CMakeFiles/yolov8_msgs__rosidl_generator_py.dir/rosidl_generator_py/yolov8_msgs/msg/_key_point3_d_s.c.o[0m
[21.047s] [ 91%] [32mBuilding C object CMakeFiles/yolov8_msgs__rosidl_generator_py.dir/rosidl_generator_py/yolov8_msgs/msg/_key_point2_d_s.c.o[0m
[21.048s] [ 91%] [32mBuilding C object CMakeFiles/yolov8_msgs__rosidl_generator_py.dir/rosidl_generator_py/yolov8_msgs/msg/_key_point3_d_array_s.c.o[0m
[21.048s] [ 92%] [32mBuilding C object CMakeFiles/yolov8_msgs__rosidl_generator_py.dir/rosidl_generator_py/yolov8_msgs/msg/_key_point2_d_array_s.c.o[0m
[21.049s] [ 93%] [32mBuilding C object CMakeFiles/yolov8_msgs__rosidl_generator_py.dir/rosidl_generator_py/yolov8_msgs/msg/_detection_s.c.o[0m
[21.544s] [ 94%] [32mBuilding C object CMakeFiles/yolov8_msgs__rosidl_generator_py.dir/rosidl_generator_py/yolov8_msgs/msg/_detection_array_s.c.o[0m
[21.554s] [ 95%] [32mBuilding C object CMakeFiles/yolov8_msgs__rosidl_generator_py.dir/rosidl_generator_py/yolov8_msgs/msg/_iceberg_detection_s.c.o[0m
[21.557s] [ 95%] [32mBuilding C object CMakeFiles/yolov8_msgs__rosidl_generator_py.dir/rosidl_generator_py/yolov8_msgs/msg/_iceberg_detection_array_s.c.o[0m
[21.779s] [ 96%] [32m[1mLinking C shared library rosidl_generator_py/yolov8_msgs/libyolov8_msgs__rosidl_generator_py.so[0m
[21.854s] [ 96%] Built target yolov8_msgs__rosidl_generator_py
[21.887s] [ 99%] [32mBuilding C object CMakeFiles/yolov8_msgs__rosidl_typesupport_c__pyext.dir/rosidl_generator_py/yolov8_msgs/_yolov8_msgs_s.ep.rosidl_typesupport_c.c.o[0m
[21.887s] [ 99%] [32mBuilding C object CMakeFiles/yolov8_msgs__rosidl_typesupport_introspection_c__pyext.dir/rosidl_generator_py/yolov8_msgs/_yolov8_msgs_s.ep.rosidl_typesupport_introspection_c.c.o[0m
[21.887s] [ 99%] [32mBuilding C object CMakeFiles/yolov8_msgs__rosidl_typesupport_fastrtps_c__pyext.dir/rosidl_generator_py/yolov8_msgs/_yolov8_msgs_s.ep.rosidl_typesupport_fastrtps_c.c.o[0m
[22.135s] [100%] [32m[1mLinking C shared library rosidl_generator_py/yolov8_msgs/yolov8_msgs_s__rosidl_typesupport_introspection_c.cpython-310-x86_64-linux-gnu.so[0m
[22.137s] [100%] [32m[1mLinking C shared library rosidl_generator_py/yolov8_msgs/yolov8_msgs_s__rosidl_typesupport_fastrtps_c.cpython-310-x86_64-linux-gnu.so[0m
[22.142s] [100%] [32m[1mLinking C shared library rosidl_generator_py/yolov8_msgs/yolov8_msgs_s__rosidl_typesupport_c.cpython-310-x86_64-linux-gnu.so[0m
[22.201s] [100%] Built target yolov8_msgs__rosidl_typesupport_introspection_c__pyext
[22.208s] [100%] Built target yolov8_msgs__rosidl_typesupport_fastrtps_c__pyext
[22.210s] [100%] Built target yolov8_msgs__rosidl_typesupport_c__pyext
[22.232s] Invoked command in '/home/robert/Projects/ros_ws/src/general/build/yolov8_msgs' returned '0': CMAKE_PREFIX_PATH=/opt/ros/humble /usr/bin/cmake --build /home/robert/Projects/ros_ws/src/general/build/yolov8_msgs -- -j12 -l12
[22.248s] Invoking command in '/home/robert/Projects/ros_ws/src/general/build/yolov8_msgs': CMAKE_PREFIX_PATH=/opt/ros/humble /usr/bin/cmake --install /home/robert/Projects/ros_ws/src/general/build/yolov8_msgs
[22.258s] -- Install configuration: ""
[22.258s] -- Installing: /home/robert/Projects/ros_ws/src/general/install/yolov8_msgs/share/ament_index/resource_index/rosidl_interfaces/yolov8_msgs
[22.259s] -- Installing: /home/robert/Projects/ros_ws/src/general/install/yolov8_msgs/include/yolov8_msgs/yolov8_msgs
[22.259s] -- Installing: /home/robert/Projects/ros_ws/src/general/install/yolov8_msgs/include/yolov8_msgs/yolov8_msgs/msg
[22.259s] -- Installing: /home/robert/Projects/ros_ws/src/general/install/yolov8_msgs/include/yolov8_msgs/yolov8_msgs/msg/detail
[22.259s] -- Installing: /home/robert/Projects/ros_ws/src/general/install/yolov8_msgs/include/yolov8_msgs/yolov8_msgs/msg/detail/pose2_d__functions.c
[22.259s] -- Installing: /home/robert/Projects/ros_ws/src/general/install/yolov8_msgs/include/yolov8_msgs/yolov8_msgs/msg/detail/key_point2_d_array__struct.h
[22.260s] -- Installing: /home/robert/Projects/ros_ws/src/general/install/yolov8_msgs/include/yolov8_msgs/yolov8_msgs/msg/detail/key_point3_d__struct.h
[22.260s] -- Installing: /home/robert/Projects/ros_ws/src/general/install/yolov8_msgs/include/yolov8_msgs/yolov8_msgs/msg/detail/iceberg_detection_array__struct.h
[22.260s] -- Installing: /home/robert/Projects/ros_ws/src/general/install/yolov8_msgs/include/yolov8_msgs/yolov8_msgs/msg/detail/pose2_d__struct.h
[22.260s] -- Installing: /home/robert/Projects/ros_ws/src/general/install/yolov8_msgs/include/yolov8_msgs/yolov8_msgs/msg/detail/detection__functions.h
[22.260s] -- Installing: /home/robert/Projects/ros_ws/src/general/install/yolov8_msgs/include/yolov8_msgs/yolov8_msgs/msg/detail/iceberg_detection__struct.h
[22.260s] -- Installing: /home/robert/Projects/ros_ws/src/general/install/yolov8_msgs/include/yolov8_msgs/yolov8_msgs/msg/detail/bounding_box3_d__functions.c
[22.261s] -- Installing: /home/robert/Projects/ros_ws/src/general/install/yolov8_msgs/include/yolov8_msgs/yolov8_msgs/msg/detail/detection_array__struct.h
[22.261s] -- Installing: /home/robert/Projects/ros_ws/src/general/install/yolov8_msgs/include/yolov8_msgs/yolov8_msgs/msg/detail/bounding_box3_d__type_support.h
[22.261s] -- Installing: /home/robert/Projects/ros_ws/src/general/install/yolov8_msgs/include/yolov8_msgs/yolov8_msgs/msg/detail/iceberg_detection_array__functions.c
[22.261s] -- Installing: /home/robert/Projects/ros_ws/src/general/install/yolov8_msgs/include/yolov8_msgs/yolov8_msgs/msg/detail/vector2__functions.c
[22.261s] -- Installing: /home/robert/Projects/ros_ws/src/general/install/yolov8_msgs/include/yolov8_msgs/yolov8_msgs/msg/detail/key_point2_d_array__functions.c
[22.261s] -- Installing: /home/robert/Projects/ros_ws/src/general/install/yolov8_msgs/include/yolov8_msgs/yolov8_msgs/msg/detail/iceberg_detection_array__type_support.h
[22.262s] -- Installing: /home/robert/Projects/ros_ws/src/general/install/yolov8_msgs/include/yolov8_msgs/yolov8_msgs/msg/detail/key_point3_d__functions.c
[22.262s] -- Installing: /home/robert/Projects/ros_ws/src/general/install/yolov8_msgs/include/yolov8_msgs/yolov8_msgs/msg/detail/detection_array__functions.h
[22.262s] -- Installing: /home/robert/Projects/ros_ws/src/general/install/yolov8_msgs/include/yolov8_msgs/yolov8_msgs/msg/detail/mask__type_support.h
[22.262s] -- Installing: /home/robert/Projects/ros_ws/src/general/install/yolov8_msgs/include/yolov8_msgs/yolov8_msgs/msg/detail/mask__functions.c
[22.262s] -- Installing: /home/robert/Projects/ros_ws/src/general/install/yolov8_msgs/include/yolov8_msgs/yolov8_msgs/msg/detail/bounding_box2_d__functions.h
[22.262s] -- Installing: /home/robert/Projects/ros_ws/src/general/install/yolov8_msgs/include/yolov8_msgs/yolov8_msgs/msg/detail/key_point2_d__functions.c
[22.262s] -- Installing: /home/robert/Projects/ros_ws/src/general/install/yolov8_msgs/include/yolov8_msgs/yolov8_msgs/msg/detail/detection__type_support.h
[22.262s] -- Installing: /home/robert/Projects/ros_ws/src/general/install/yolov8_msgs/include/yolov8_msgs/yolov8_msgs/msg/detail/bounding_box2_d__type_support.h
[22.263s] -- Installing: /home/robert/Projects/ros_ws/src/general/install/yolov8_msgs/include/yolov8_msgs/yolov8_msgs/msg/detail/pose2_d__type_support.h
[22.263s] -- Installing: /home/robert/Projects/ros_ws/src/general/install/yolov8_msgs/include/yolov8_msgs/yolov8_msgs/msg/detail/point2_d__type_support.h
[22.263s] -- Installing: /home/robert/Projects/ros_ws/src/general/install/yolov8_msgs/include/yolov8_msgs/yolov8_msgs/msg/detail/bounding_box2_d__functions.c
[22.263s] -- Installing: /home/robert/Projects/ros_ws/src/general/install/yolov8_msgs/include/yolov8_msgs/yolov8_msgs/msg/detail/key_point2_d__functions.h
[22.264s] -- Installing: /home/robert/Projects/ros_ws/src/general/install/yolov8_msgs/include/yolov8_msgs/yolov8_msgs/msg/detail/bounding_box2_d__struct.h
[22.264s] -- Installing: /home/robert/Projects/ros_ws/src/general/install/yolov8_msgs/include/yolov8_msgs/yolov8_msgs/msg/detail/point2_d__functions.h
[22.264s] -- Installing: /home/robert/Projects/ros_ws/src/general/install/yolov8_msgs/include/yolov8_msgs/yolov8_msgs/msg/detail/key_point3_d_array__type_support.h
[22.265s] -- Installing: /home/robert/Projects/ros_ws/src/general/install/yolov8_msgs/include/yolov8_msgs/yolov8_msgs/msg/detail/key_point2_d_array__functions.h
[22.265s] -- Installing: /home/robert/Projects/ros_ws/src/general/install/yolov8_msgs/include/yolov8_msgs/yolov8_msgs/msg/detail/vector2__type_support.h
[22.265s] -- Installing: /home/robert/Projects/ros_ws/src/general/install/yolov8_msgs/include/yolov8_msgs/yolov8_msgs/msg/detail/iceberg_detection__functions.c
[22.266s] -- Installing: /home/robert/Projects/ros_ws/src/general/install/yolov8_msgs/include/yolov8_msgs/yolov8_msgs/msg/detail/key_point2_d_array__type_support.h
[22.266s] -- Installing: /home/robert/Projects/ros_ws/src/general/install/yolov8_msgs/include/yolov8_msgs/yolov8_msgs/msg/detail/key_point3_d_array__functions.h
[22.266s] -- Installing: /home/robert/Projects/ros_ws/src/general/install/yolov8_msgs/include/yolov8_msgs/yolov8_msgs/msg/detail/detection__functions.c
[22.267s] -- Installing: /home/robert/Projects/ros_ws/src/general/install/yolov8_msgs/include/yolov8_msgs/yolov8_msgs/msg/detail/detection_array__functions.c
[22.267s] -- Installing: /home/robert/Projects/ros_ws/src/general/install/yolov8_msgs/include/yolov8_msgs/yolov8_msgs/msg/detail/iceberg_bounding_box2_d__struct.h
[22.267s] -- Installing: /home/robert/Projects/ros_ws/src/general/install/yolov8_msgs/include/yolov8_msgs/yolov8_msgs/msg/detail/key_point3_d__type_support.h
[22.267s] -- Installing: /home/robert/Projects/ros_ws/src/general/install/yolov8_msgs/include/yolov8_msgs/yolov8_msgs/msg/detail/iceberg_bounding_box2_d__functions.h
[22.268s] -- Installing: /home/robert/Projects/ros_ws/src/general/install/yolov8_msgs/include/yolov8_msgs/yolov8_msgs/msg/detail/key_point3_d_array__struct.h
[22.268s] -- Installing: /home/robert/Projects/ros_ws/src/general/install/yolov8_msgs/include/yolov8_msgs/yolov8_msgs/msg/detail/detection__struct.h
[22.268s] -- Installing: /home/robert/Projects/ros_ws/src/general/install/yolov8_msgs/include/yolov8_msgs/yolov8_msgs/msg/detail/pose2_d__functions.h
[22.268s] -- Installing: /home/robert/Projects/ros_ws/src/general/install/yolov8_msgs/include/yolov8_msgs/yolov8_msgs/msg/detail/iceberg_bounding_box2_d__type_support.h
[22.269s] -- Installing: /home/robert/Projects/ros_ws/src/general/install/yolov8_msgs/include/yolov8_msgs/yolov8_msgs/msg/detail/iceberg_detection_array__functions.h
[22.269s] -- Installing: /home/robert/Projects/ros_ws/src/general/install/yolov8_msgs/include/yolov8_msgs/yolov8_msgs/msg/detail/vector2__struct.h
[22.269s] -- Installing: /home/robert/Projects/ros_ws/src/general/install/yolov8_msgs/include/yolov8_msgs/yolov8_msgs/msg/detail/key_point3_d_array__functions.c
[22.269s] -- Installing: /home/robert/Projects/ros_ws/src/general/install/yolov8_msgs/include/yolov8_msgs/yolov8_msgs/msg/detail/point2_d__functions.c
[22.269s] -- Installing: /home/robert/Projects/ros_ws/src/general/install/yolov8_msgs/include/yolov8_msgs/yolov8_msgs/msg/detail/iceberg_detection__functions.h
[22.270s] -- Installing: /home/robert/Projects/ros_ws/src/general/install/yolov8_msgs/include/yolov8_msgs/yolov8_msgs/msg/detail/iceberg_detection__type_support.h
[22.270s] -- Installing: /home/robert/Projects/ros_ws/src/general/install/yolov8_msgs/include/yolov8_msgs/yolov8_msgs/msg/detail/vector2__functions.h
[22.270s] -- Installing: /home/robert/Projects/ros_ws/src/general/install/yolov8_msgs/include/yolov8_msgs/yolov8_msgs/msg/detail/mask__struct.h
[22.270s] -- Installing: /home/robert/Projects/ros_ws/src/general/install/yolov8_msgs/include/yolov8_msgs/yolov8_msgs/msg/detail/key_point3_d__functions.h
[22.271s] -- Installing: /home/robert/Projects/ros_ws/src/general/install/yolov8_msgs/include/yolov8_msgs/yolov8_msgs/msg/detail/mask__functions.h
[22.271s] -- Installing: /home/robert/Projects/ros_ws/src/general/install/yolov8_msgs/include/yolov8_msgs/yolov8_msgs/msg/detail/point2_d__struct.h
[22.271s] -- Installing: /home/robert/Projects/ros_ws/src/general/install/yolov8_msgs/include/yolov8_msgs/yolov8_msgs/msg/detail/iceberg_bounding_box2_d__functions.c
[22.271s] -- Installing: /home/robert/Projects/ros_ws/src/general/install/yolov8_msgs/include/yolov8_msgs/yolov8_msgs/msg/detail/key_point2_d__type_support.h
[22.272s] -- Installing: /home/robert/Projects/ros_ws/src/general/install/yolov8_msgs/include/yolov8_msgs/yolov8_msgs/msg/detail/bounding_box3_d__functions.h
[22.272s] -- Installing: /home/robert/Projects/ros_ws/src/general/install/yolov8_msgs/include/yolov8_msgs/yolov8_msgs/msg/detail/key_point2_d__struct.h
[22.272s] -- Installing: /home/robert/Projects/ros_ws/src/general/install/yolov8_msgs/include/yolov8_msgs/yolov8_msgs/msg/detail/detection_array__type_support.h
[22.272s] -- Installing: /home/robert/Projects/ros_ws/src/general/install/yolov8_msgs/include/yolov8_msgs/yolov8_msgs/msg/detail/bounding_box3_d__struct.h
[22.273s] -- Installing: /home/robert/Projects/ros_ws/src/general/install/yolov8_msgs/include/yolov8_msgs/yolov8_msgs/msg/mask.h
[22.273s] -- Installing: /home/robert/Projects/ros_ws/src/general/install/yolov8_msgs/include/yolov8_msgs/yolov8_msgs/msg/bounding_box2_d.h
[22.273s] -- Installing: /home/robert/Projects/ros_ws/src/general/install/yolov8_msgs/include/yolov8_msgs/yolov8_msgs/msg/vector2.h
[22.273s] -- Installing: /home/robert/Projects/ros_ws/src/general/install/yolov8_msgs/include/yolov8_msgs/yolov8_msgs/msg/key_point3_d_array.h
[22.274s] -- Installing: /home/robert/Projects/ros_ws/src/general/install/yolov8_msgs/include/yolov8_msgs/yolov8_msgs/msg/iceberg_detection_array.h
[22.274s] -- Installing: /home/robert/Projects/ros_ws/src/general/install/yolov8_msgs/include/yolov8_msgs/yolov8_msgs/msg/key_point2_d.h
[22.274s] -- Installing: /home/robert/Projects/ros_ws/src/general/install/yolov8_msgs/include/yolov8_msgs/yolov8_msgs/msg/point2_d.h
[22.274s] -- Installing: /home/robert/Projects/ros_ws/src/general/install/yolov8_msgs/include/yolov8_msgs/yolov8_msgs/msg/key_point3_d.h
[22.275s] -- Installing: /home/robert/Projects/ros_ws/src/general/install/yolov8_msgs/include/yolov8_msgs/yolov8_msgs/msg/pose2_d.h
[22.275s] -- Installing: /home/robert/Projects/ros_ws/src/general/install/yolov8_msgs/include/yolov8_msgs/yolov8_msgs/msg/key_point2_d_array.h
[22.275s] -- Installing: /home/robert/Projects/ros_ws/src/general/install/yolov8_msgs/include/yolov8_msgs/yolov8_msgs/msg/detection_array.h
[22.275s] -- Installing: /home/robert/Projects/ros_ws/src/general/install/yolov8_msgs/include/yolov8_msgs/yolov8_msgs/msg/bounding_box3_d.h
[22.275s] -- Installing: /home/robert/Projects/ros_ws/src/general/install/yolov8_msgs/include/yolov8_msgs/yolov8_msgs/msg/iceberg_detection.h
[22.276s] -- Installing: /home/robert/Projects/ros_ws/src/general/install/yolov8_msgs/include/yolov8_msgs/yolov8_msgs/msg/detection.h
[22.276s] -- Installing: /home/robert/Projects/ros_ws/src/general/install/yolov8_msgs/include/yolov8_msgs/yolov8_msgs/msg/rosidl_generator_c__visibility_control.h
[22.276s] -- Installing: /home/robert/Projects/ros_ws/src/general/install/yolov8_msgs/include/yolov8_msgs/yolov8_msgs/msg/iceberg_bounding_box2_d.h
[22.276s] -- Installing: /home/robert/Projects/ros_ws/src/general/install/yolov8_msgs/share/yolov8_msgs/environment/library_path.sh
[22.276s] -- Installing: /home/robert/Projects/ros_ws/src/general/install/yolov8_msgs/share/yolov8_msgs/environment/library_path.dsv
[22.277s] -- Installing: /home/robert/Projects/ros_ws/src/general/install/yolov8_msgs/lib/libyolov8_msgs__rosidl_generator_c.so
[22.278s] -- Set runtime path of "/home/robert/Projects/ros_ws/src/general/install/yolov8_msgs/lib/libyolov8_msgs__rosidl_generator_c.so" to ""
[22.278s] -- Up-to-date: /home/robert/Projects/ros_ws/src/general/install/yolov8_msgs/include/yolov8_msgs/yolov8_msgs
[22.278s] -- Up-to-date: /home/robert/Projects/ros_ws/src/general/install/yolov8_msgs/include/yolov8_msgs/yolov8_msgs/msg
[22.279s] -- Up-to-date: /home/robert/Projects/ros_ws/src/general/install/yolov8_msgs/include/yolov8_msgs/yolov8_msgs/msg/detail
[22.279s] -- Installing: /home/robert/Projects/ros_ws/src/general/install/yolov8_msgs/include/yolov8_msgs/yolov8_msgs/msg/detail/mask__rosidl_typesupport_fastrtps_c.h
[22.279s] -- Installing: /home/robert/Projects/ros_ws/src/general/install/yolov8_msgs/include/yolov8_msgs/yolov8_msgs/msg/detail/detection_array__rosidl_typesupport_fastrtps_c.h
[22.279s] -- Installing: /home/robert/Projects/ros_ws/src/general/install/yolov8_msgs/include/yolov8_msgs/yolov8_msgs/msg/detail/iceberg_detection_array__rosidl_typesupport_fastrtps_c.h
[22.279s] -- Installing: /home/robert/Projects/ros_ws/src/general/install/yolov8_msgs/include/yolov8_msgs/yolov8_msgs/msg/detail/iceberg_detection__rosidl_typesupport_fastrtps_c.h
[22.279s] -- Installing: /home/robert/Projects/ros_ws/src/general/install/yolov8_msgs/include/yolov8_msgs/yolov8_msgs/msg/detail/key_point3_d_array__rosidl_typesupport_fastrtps_c.h
[22.280s] -- Installing: /home/robert/Projects/ros_ws/src/general/install/yolov8_msgs/include/yolov8_msgs/yolov8_msgs/msg/detail/point2_d__rosidl_typesupport_fastrtps_c.h
[22.280s] -- Installing: /home/robert/Projects/ros_ws/src/general/install/yolov8_msgs/include/yolov8_msgs/yolov8_msgs/msg/detail/vector2__rosidl_typesupport_fastrtps_c.h
[22.280s] -- Installing: /home/robert/Projects/ros_ws/src/general/install/yolov8_msgs/include/yolov8_msgs/yolov8_msgs/msg/detail/key_point2_d_array__rosidl_typesupport_fastrtps_c.h
[22.280s] -- Installing: /home/robert/Projects/ros_ws/src/general/install/yolov8_msgs/include/yolov8_msgs/yolov8_msgs/msg/detail/pose2_d__rosidl_typesupport_fastrtps_c.h
[22.281s] -- Installing: /home/robert/Projects/ros_ws/src/general/install/yolov8_msgs/include/yolov8_msgs/yolov8_msgs/msg/detail/bounding_box2_d__rosidl_typesupport_fastrtps_c.h
[22.281s] -- Installing: /home/robert/Projects/ros_ws/src/general/install/yolov8_msgs/include/yolov8_msgs/yolov8_msgs/msg/detail/detection__rosidl_typesupport_fastrtps_c.h
[22.281s] -- Installing: /home/robert/Projects/ros_ws/src/general/install/yolov8_msgs/include/yolov8_msgs/yolov8_msgs/msg/detail/iceberg_bounding_box2_d__rosidl_typesupport_fastrtps_c.h
[22.281s] -- Installing: /home/robert/Projects/ros_ws/src/general/install/yolov8_msgs/include/yolov8_msgs/yolov8_msgs/msg/detail/key_point3_d__rosidl_typesupport_fastrtps_c.h
[22.281s] -- Installing: /home/robert/Projects/ros_ws/src/general/install/yolov8_msgs/include/yolov8_msgs/yolov8_msgs/msg/detail/bounding_box3_d__rosidl_typesupport_fastrtps_c.h
[22.281s] -- Installing: /home/robert/Projects/ros_ws/src/general/install/yolov8_msgs/include/yolov8_msgs/yolov8_msgs/msg/detail/key_point2_d__rosidl_typesupport_fastrtps_c.h
[22.281s] -- Installing: /home/robert/Projects/ros_ws/src/general/install/yolov8_msgs/include/yolov8_msgs/yolov8_msgs/msg/rosidl_typesupport_fastrtps_c__visibility_control.h
[22.281s] -- Installing: /home/robert/Projects/ros_ws/src/general/install/yolov8_msgs/lib/libyolov8_msgs__rosidl_typesupport_fastrtps_c.so
[22.282s] -- Set runtime path of "/home/robert/Projects/ros_ws/src/general/install/yolov8_msgs/lib/libyolov8_msgs__rosidl_typesupport_fastrtps_c.so" to ""
[22.282s] -- Up-to-date: /home/robert/Projects/ros_ws/src/general/install/yolov8_msgs/include/yolov8_msgs/yolov8_msgs
[22.282s] -- Up-to-date: /home/robert/Projects/ros_ws/src/general/install/yolov8_msgs/include/yolov8_msgs/yolov8_msgs/msg
[22.282s] -- Up-to-date: /home/robert/Projects/ros_ws/src/general/install/yolov8_msgs/include/yolov8_msgs/yolov8_msgs/msg/detail
[22.282s] -- Installing: /home/robert/Projects/ros_ws/src/general/install/yolov8_msgs/include/yolov8_msgs/yolov8_msgs/msg/detail/iceberg_bounding_box2_d__rosidl_typesupport_introspection_c.h
[22.282s] -- Installing: /home/robert/Projects/ros_ws/src/general/install/yolov8_msgs/include/yolov8_msgs/yolov8_msgs/msg/detail/key_point2_d__type_support.c
[22.282s] -- Installing: /home/robert/Projects/ros_ws/src/general/install/yolov8_msgs/include/yolov8_msgs/yolov8_msgs/msg/detail/key_point3_d_array__rosidl_typesupport_introspection_c.h
[22.282s] -- Installing: /home/robert/Projects/ros_ws/src/general/install/yolov8_msgs/include/yolov8_msgs/yolov8_msgs/msg/detail/pose2_d__type_support.c
[22.282s] -- Installing: /home/robert/Projects/ros_ws/src/general/install/yolov8_msgs/include/yolov8_msgs/yolov8_msgs/msg/detail/iceberg_detection__type_support.c
[22.283s] -- Installing: /home/robert/Projects/ros_ws/src/general/install/yolov8_msgs/include/yolov8_msgs/yolov8_msgs/msg/detail/detection__type_support.c
[22.283s] -- Installing: /home/robert/Projects/ros_ws/src/general/install/yolov8_msgs/include/yolov8_msgs/yolov8_msgs/msg/detail/pose2_d__rosidl_typesupport_introspection_c.h
[22.283s] -- Installing: /home/robert/Projects/ros_ws/src/general/install/yolov8_msgs/include/yolov8_msgs/yolov8_msgs/msg/detail/mask__rosidl_typesupport_introspection_c.h
[22.283s] -- Installing: /home/robert/Projects/ros_ws/src/general/install/yolov8_msgs/include/yolov8_msgs/yolov8_msgs/msg/detail/detection_array__type_support.c
[22.283s] -- Installing: /home/robert/Projects/ros_ws/src/general/install/yolov8_msgs/include/yolov8_msgs/yolov8_msgs/msg/detail/key_point2_d__rosidl_typesupport_introspection_c.h
[22.283s] -- Installing: /home/robert/Projects/ros_ws/src/general/install/yolov8_msgs/include/yolov8_msgs/yolov8_msgs/msg/detail/bounding_box2_d__rosidl_typesupport_introspection_c.h
[22.283s] -- Installing: /home/robert/Projects/ros_ws/src/general/install/yolov8_msgs/include/yolov8_msgs/yolov8_msgs/msg/detail/vector2__rosidl_typesupport_introspection_c.h
[22.284s] -- Installing: /home/robert/Projects/ros_ws/src/general/install/yolov8_msgs/include/yolov8_msgs/yolov8_msgs/msg/detail/key_point3_d__type_support.c
[22.284s] -- Installing: /home/robert/Projects/ros_ws/src/general/install/yolov8_msgs/include/yolov8_msgs/yolov8_msgs/msg/detail/iceberg_bounding_box2_d__type_support.c
[22.284s] -- Installing: /home/robert/Projects/ros_ws/src/general/install/yolov8_msgs/include/yolov8_msgs/yolov8_msgs/msg/detail/bounding_box2_d__type_support.c
[22.284s] -- Installing: /home/robert/Projects/ros_ws/src/general/install/yolov8_msgs/include/yolov8_msgs/yolov8_msgs/msg/detail/key_point3_d_array__type_support.c
[22.285s] -- Installing: /home/robert/Projects/ros_ws/src/general/install/yolov8_msgs/include/yolov8_msgs/yolov8_msgs/msg/detail/detection__rosidl_typesupport_introspection_c.h
[22.285s] -- Installing: /home/robert/Projects/ros_ws/src/general/install/yolov8_msgs/include/yolov8_msgs/yolov8_msgs/msg/detail/iceberg_detection_array__type_support.c
[22.285s] -- Installing: /home/robert/Projects/ros_ws/src/general/install/yolov8_msgs/include/yolov8_msgs/yolov8_msgs/msg/detail/key_point2_d_array__type_support.c
[22.285s] -- Installing: /home/robert/Projects/ros_ws/src/general/install/yolov8_msgs/include/yolov8_msgs/yolov8_msgs/msg/detail/mask__type_support.c
[22.286s] -- Installing: /home/robert/Projects/ros_ws/src/general/install/yolov8_msgs/include/yolov8_msgs/yolov8_msgs/msg/detail/iceberg_detection_array__rosidl_typesupport_introspection_c.h
[22.286s] -- Installing: /home/robert/Projects/ros_ws/src/general/install/yolov8_msgs/include/yolov8_msgs/yolov8_msgs/msg/detail/key_point3_d__rosidl_typesupport_introspection_c.h
[22.286s] -- Installing: /home/robert/Projects/ros_ws/src/general/install/yolov8_msgs/include/yolov8_msgs/yolov8_msgs/msg/detail/bounding_box3_d__type_support.c
[22.286s] -- Installing: /home/robert/Projects/ros_ws/src/general/install/yolov8_msgs/include/yolov8_msgs/yolov8_msgs/msg/detail/detection_array__rosidl_typesupport_introspection_c.h
[22.287s] -- Installing: /home/robert/Projects/ros_ws/src/general/install/yolov8_msgs/include/yolov8_msgs/yolov8_msgs/msg/detail/iceberg_detection__rosidl_typesupport_introspection_c.h
[22.287s] -- Installing: /home/robert/Projects/ros_ws/src/general/install/yolov8_msgs/include/yolov8_msgs/yolov8_msgs/msg/detail/bounding_box3_d__rosidl_typesupport_introspection_c.h
[22.287s] -- Installing: /home/robert/Projects/ros_ws/src/general/install/yolov8_msgs/include/yolov8_msgs/yolov8_msgs/msg/detail/point2_d__type_support.c
[22.287s] -- Installing: /home/robert/Projects/ros_ws/src/general/install/yolov8_msgs/include/yolov8_msgs/yolov8_msgs/msg/detail/key_point2_d_array__rosidl_typesupport_introspection_c.h
[22.287s] -- Installing: /home/robert/Projects/ros_ws/src/general/install/yolov8_msgs/include/yolov8_msgs/yolov8_msgs/msg/detail/vector2__type_support.c
[22.288s] -- Installing: /home/robert/Projects/ros_ws/src/general/install/yolov8_msgs/include/yolov8_msgs/yolov8_msgs/msg/detail/point2_d__rosidl_typesupport_introspection_c.h
[22.288s] -- Installing: /home/robert/Projects/ros_ws/src/general/install/yolov8_msgs/include/yolov8_msgs/yolov8_msgs/msg/rosidl_typesupport_introspection_c__visibility_control.h
[22.288s] -- Installing: /home/robert/Projects/ros_ws/src/general/install/yolov8_msgs/lib/libyolov8_msgs__rosidl_typesupport_introspection_c.so
[22.289s] -- Set runtime path of "/home/robert/Projects/ros_ws/src/general/install/yolov8_msgs/lib/libyolov8_msgs__rosidl_typesupport_introspection_c.so" to ""
[22.289s] -- Installing: /home/robert/Projects/ros_ws/src/general/install/yolov8_msgs/lib/libyolov8_msgs__rosidl_typesupport_c.so
[22.289s] -- Set runtime path of "/home/robert/Projects/ros_ws/src/general/install/yolov8_msgs/lib/libyolov8_msgs__rosidl_typesupport_c.so" to ""
[22.289s] -- Up-to-date: /home/robert/Projects/ros_ws/src/general/install/yolov8_msgs/include/yolov8_msgs/yolov8_msgs
[22.289s] -- Up-to-date: /home/robert/Projects/ros_ws/src/general/install/yolov8_msgs/include/yolov8_msgs/yolov8_msgs/msg
[22.289s] -- Up-to-date: /home/robert/Projects/ros_ws/src/general/install/yolov8_msgs/include/yolov8_msgs/yolov8_msgs/msg/detail
[22.290s] -- Installing: /home/robert/Projects/ros_ws/src/general/install/yolov8_msgs/include/yolov8_msgs/yolov8_msgs/msg/detail/vector2__type_support.hpp
[22.290s] -- Installing: /home/robert/Projects/ros_ws/src/general/install/yolov8_msgs/include/yolov8_msgs/yolov8_msgs/msg/detail/iceberg_bounding_box2_d__type_support.hpp
[22.290s] -- Installing: /home/robert/Projects/ros_ws/src/general/install/yolov8_msgs/include/yolov8_msgs/yolov8_msgs/msg/detail/key_point3_d_array__type_support.hpp
[22.290s] -- Installing: /home/robert/Projects/ros_ws/src/general/install/yolov8_msgs/include/yolov8_msgs/yolov8_msgs/msg/detail/key_point2_d_array__builder.hpp
[22.290s] -- Installing: /home/robert/Projects/ros_ws/src/general/install/yolov8_msgs/include/yolov8_msgs/yolov8_msgs/msg/detail/point2_d__struct.hpp
[22.290s] -- Installing: /home/robert/Projects/ros_ws/src/general/install/yolov8_msgs/include/yolov8_msgs/yolov8_msgs/msg/detail/bounding_box3_d__builder.hpp
[22.290s] -- Installing: /home/robert/Projects/ros_ws/src/general/install/yolov8_msgs/include/yolov8_msgs/yolov8_msgs/msg/detail/bounding_box2_d__type_support.hpp
[22.291s] -- Installing: /home/robert/Projects/ros_ws/src/general/install/yolov8_msgs/include/yolov8_msgs/yolov8_msgs/msg/detail/bounding_box2_d__struct.hpp
[22.291s] -- Installing: /home/robert/Projects/ros_ws/src/general/install/yolov8_msgs/include/yolov8_msgs/yolov8_msgs/msg/detail/key_point2_d_array__struct.hpp
[22.291s] -- Installing: /home/robert/Projects/ros_ws/src/general/install/yolov8_msgs/include/yolov8_msgs/yolov8_msgs/msg/detail/bounding_box3_d__type_support.hpp
[22.291s] -- Installing: /home/robert/Projects/ros_ws/src/general/install/yolov8_msgs/include/yolov8_msgs/yolov8_msgs/msg/detail/bounding_box3_d__traits.hpp
[22.291s] -- Installing: /home/robert/Projects/ros_ws/src/general/install/yolov8_msgs/include/yolov8_msgs/yolov8_msgs/msg/detail/bounding_box3_d__struct.hpp
[22.292s] -- Installing: /home/robert/Projects/ros_ws/src/general/install/yolov8_msgs/include/yolov8_msgs/yolov8_msgs/msg/detail/key_point3_d__builder.hpp
[22.292s] -- Installing: /home/robert/Projects/ros_ws/src/general/install/yolov8_msgs/include/yolov8_msgs/yolov8_msgs/msg/detail/key_point3_d__struct.hpp
[22.292s] -- Installing: /home/robert/Projects/ros_ws/src/general/install/yolov8_msgs/include/yolov8_msgs/yolov8_msgs/msg/detail/iceberg_detection_array__builder.hpp
[22.292s] -- Installing: /home/robert/Projects/ros_ws/src/general/install/yolov8_msgs/include/yolov8_msgs/yolov8_msgs/msg/detail/mask__builder.hpp
[22.292s] -- Installing: /home/robert/Projects/ros_ws/src/general/install/yolov8_msgs/include/yolov8_msgs/yolov8_msgs/msg/detail/pose2_d__type_support.hpp
[22.293s] -- Installing: /home/robert/Projects/ros_ws/src/general/install/yolov8_msgs/include/yolov8_msgs/yolov8_msgs/msg/detail/pose2_d__struct.hpp
[22.293s] -- Installing: /home/robert/Projects/ros_ws/src/general/install/yolov8_msgs/include/yolov8_msgs/yolov8_msgs/msg/detail/detection__builder.hpp
[22.293s] -- Installing: /home/robert/Projects/ros_ws/src/general/install/yolov8_msgs/include/yolov8_msgs/yolov8_msgs/msg/detail/detection_array__struct.hpp
[22.293s] -- Installing: /home/robert/Projects/ros_ws/src/general/install/yolov8_msgs/include/yolov8_msgs/yolov8_msgs/msg/detail/key_point2_d__type_support.hpp
[22.293s] -- Installing: /home/robert/Projects/ros_ws/src/general/install/yolov8_msgs/include/yolov8_msgs/yolov8_msgs/msg/detail/iceberg_detection__traits.hpp
[22.294s] -- Installing: /home/robert/Projects/ros_ws/src/general/install/yolov8_msgs/include/yolov8_msgs/yolov8_msgs/msg/detail/key_point3_d__type_support.hpp
[22.294s] -- Installing: /home/robert/Projects/ros_ws/src/general/install/yolov8_msgs/include/yolov8_msgs/yolov8_msgs/msg/detail/pose2_d__traits.hpp
[22.294s] -- Installing: /home/robert/Projects/ros_ws/src/general/install/yolov8_msgs/include/yolov8_msgs/yolov8_msgs/msg/detail/mask__traits.hpp
[22.294s] -- Installing: /home/robert/Projects/ros_ws/src/general/install/yolov8_msgs/include/yolov8_msgs/yolov8_msgs/msg/detail/detection_array__type_support.hpp
[22.294s] -- Installing: /home/robert/Projects/ros_ws/src/general/install/yolov8_msgs/include/yolov8_msgs/yolov8_msgs/msg/detail/iceberg_bounding_box2_d__builder.hpp
[22.294s] -- Installing: /home/robert/Projects/ros_ws/src/general/install/yolov8_msgs/include/yolov8_msgs/yolov8_msgs/msg/detail/point2_d__traits.hpp
[22.295s] -- Installing: /home/robert/Projects/ros_ws/src/general/install/yolov8_msgs/include/yolov8_msgs/yolov8_msgs/msg/detail/iceberg_bounding_box2_d__traits.hpp
[22.295s] -- Installing: /home/robert/Projects/ros_ws/src/general/install/yolov8_msgs/include/yolov8_msgs/yolov8_msgs/msg/detail/bounding_box2_d__builder.hpp
[22.295s] -- Installing: /home/robert/Projects/ros_ws/src/general/install/yolov8_msgs/include/yolov8_msgs/yolov8_msgs/msg/detail/key_point2_d_array__traits.hpp
[22.295s] -- Installing: /home/robert/Projects/ros_ws/src/general/install/yolov8_msgs/include/yolov8_msgs/yolov8_msgs/msg/detail/pose2_d__builder.hpp
[22.295s] -- Installing: /home/robert/Projects/ros_ws/src/general/install/yolov8_msgs/include/yolov8_msgs/yolov8_msgs/msg/detail/iceberg_detection__builder.hpp
[22.295s] -- Installing: /home/robert/Projects/ros_ws/src/general/install/yolov8_msgs/include/yolov8_msgs/yolov8_msgs/msg/detail/vector2__struct.hpp
[22.296s] -- Installing: /home/robert/Projects/ros_ws/src/general/install/yolov8_msgs/include/yolov8_msgs/yolov8_msgs/msg/detail/iceberg_detection_array__type_support.hpp
[22.296s] -- Installing: /home/robert/Projects/ros_ws/src/general/install/yolov8_msgs/include/yolov8_msgs/yolov8_msgs/msg/detail/vector2__traits.hpp
[22.296s] -- Installing: /home/robert/Projects/ros_ws/src/general/install/yolov8_msgs/include/yolov8_msgs/yolov8_msgs/msg/detail/point2_d__builder.hpp
[22.296s] -- Installing: /home/robert/Projects/ros_ws/src/general/install/yolov8_msgs/include/yolov8_msgs/yolov8_msgs/msg/detail/iceberg_detection_array__struct.hpp
[22.296s] -- Installing: /home/robert/Projects/ros_ws/src/general/install/yolov8_msgs/include/yolov8_msgs/yolov8_msgs/msg/detail/key_point3_d__traits.hpp
[22.296s] -- Installing: /home/robert/Projects/ros_ws/src/general/install/yolov8_msgs/include/yolov8_msgs/yolov8_msgs/msg/detail/bounding_box2_d__traits.hpp
[22.296s] -- Installing: /home/robert/Projects/ros_ws/src/general/install/yolov8_msgs/include/yolov8_msgs/yolov8_msgs/msg/detail/detection__traits.hpp
[22.297s] -- Installing: /home/robert/Projects/ros_ws/src/general/install/yolov8_msgs/include/yolov8_msgs/yolov8_msgs/msg/detail/key_point3_d_array__builder.hpp
[22.297s] -- Installing: /home/robert/Projects/ros_ws/src/general/install/yolov8_msgs/include/yolov8_msgs/yolov8_msgs/msg/detail/point2_d__type_support.hpp
[22.297s] -- Installing: /home/robert/Projects/ros_ws/src/general/install/yolov8_msgs/include/yolov8_msgs/yolov8_msgs/msg/detail/key_point3_d_array__struct.hpp
[22.297s] -- Installing: /home/robert/Projects/ros_ws/src/general/install/yolov8_msgs/include/yolov8_msgs/yolov8_msgs/msg/detail/key_point2_d__traits.hpp
[22.297s] -- Installing: /home/robert/Projects/ros_ws/src/general/install/yolov8_msgs/include/yolov8_msgs/yolov8_msgs/msg/detail/detection_array__traits.hpp
[22.297s] -- Installing: /home/robert/Projects/ros_ws/src/general/install/yolov8_msgs/include/yolov8_msgs/yolov8_msgs/msg/detail/iceberg_detection__struct.hpp
[22.298s] -- Installing: /home/robert/Projects/ros_ws/src/general/install/yolov8_msgs/include/yolov8_msgs/yolov8_msgs/msg/detail/detection__type_support.hpp
[22.298s] -- Installing: /home/robert/Projects/ros_ws/src/general/install/yolov8_msgs/include/yolov8_msgs/yolov8_msgs/msg/detail/key_point3_d_array__traits.hpp
[22.298s] -- Installing: /home/robert/Projects/ros_ws/src/general/install/yolov8_msgs/include/yolov8_msgs/yolov8_msgs/msg/detail/detection__struct.hpp
[22.298s] -- Installing: /home/robert/Projects/ros_ws/src/general/install/yolov8_msgs/include/yolov8_msgs/yolov8_msgs/msg/detail/iceberg_detection__type_support.hpp
[22.298s] -- Installing: /home/robert/Projects/ros_ws/src/general/install/yolov8_msgs/include/yolov8_msgs/yolov8_msgs/msg/detail/detection_array__builder.hpp
[22.298s] -- Installing: /home/robert/Projects/ros_ws/src/general/install/yolov8_msgs/include/yolov8_msgs/yolov8_msgs/msg/detail/key_point2_d__builder.hpp
[22.299s] -- Installing: /home/robert/Projects/ros_ws/src/general/install/yolov8_msgs/include/yolov8_msgs/yolov8_msgs/msg/detail/key_point2_d_array__type_support.hpp
[22.299s] -- Installing: /home/robert/Projects/ros_ws/src/general/install/yolov8_msgs/include/yolov8_msgs/yolov8_msgs/msg/detail/mask__struct.hpp
[22.299s] -- Installing: /home/robert/Projects/ros_ws/src/general/install/yolov8_msgs/include/yolov8_msgs/yolov8_msgs/msg/detail/iceberg_bounding_box2_d__struct.hpp
[22.299s] -- Installing: /home/robert/Projects/ros_ws/src/general/install/yolov8_msgs/include/yolov8_msgs/yolov8_msgs/msg/detail/key_point2_d__struct.hpp
[22.300s] -- Installing: /home/robert/Projects/ros_ws/src/general/install/yolov8_msgs/include/yolov8_msgs/yolov8_msgs/msg/detail/vector2__builder.hpp
[22.300s] -- Installing: /home/robert/Projects/ros_ws/src/general/install/yolov8_msgs/include/yolov8_msgs/yolov8_msgs/msg/detail/mask__type_support.hpp
[22.300s] -- Installing: /home/robert/Projects/ros_ws/src/general/install/yolov8_msgs/include/yolov8_msgs/yolov8_msgs/msg/detail/iceberg_detection_array__traits.hpp
[22.300s] -- Installing: /home/robert/Projects/ros_ws/src/general/install/yolov8_msgs/include/yolov8_msgs/yolov8_msgs/msg/detection.hpp
[22.300s] -- Installing: /home/robert/Projects/ros_ws/src/general/install/yolov8_msgs/include/yolov8_msgs/yolov8_msgs/msg/iceberg_detection_array.hpp
[22.300s] -- Installing: /home/robert/Projects/ros_ws/src/general/install/yolov8_msgs/include/yolov8_msgs/yolov8_msgs/msg/pose2_d.hpp
[22.301s] -- Installing: /home/robert/Projects/ros_ws/src/general/install/yolov8_msgs/include/yolov8_msgs/yolov8_msgs/msg/iceberg_bounding_box2_d.hpp
[22.301s] -- Installing: /home/robert/Projects/ros_ws/src/general/install/yolov8_msgs/include/yolov8_msgs/yolov8_msgs/msg/iceberg_detection.hpp
[22.301s] -- Installing: /home/robert/Projects/ros_ws/src/general/install/yolov8_msgs/include/yolov8_msgs/yolov8_msgs/msg/point2_d.hpp
[22.301s] -- Installing: /home/robert/Projects/ros_ws/src/general/install/yolov8_msgs/include/yolov8_msgs/yolov8_msgs/msg/bounding_box2_d.hpp
[22.301s] -- Installing: /home/robert/Projects/ros_ws/src/general/install/yolov8_msgs/include/yolov8_msgs/yolov8_msgs/msg/key_point2_d.hpp
[22.301s] -- Installing: /home/robert/Projects/ros_ws/src/general/install/yolov8_msgs/include/yolov8_msgs/yolov8_msgs/msg/rosidl_generator_cpp__visibility_control.hpp
[22.302s] -- Installing: /home/robert/Projects/ros_ws/src/general/install/yolov8_msgs/include/yolov8_msgs/yolov8_msgs/msg/bounding_box3_d.hpp
[22.302s] -- Installing: /home/robert/Projects/ros_ws/src/general/install/yolov8_msgs/include/yolov8_msgs/yolov8_msgs/msg/key_point3_d.hpp
[22.302s] -- Installing: /home/robert/Projects/ros_ws/src/general/install/yolov8_msgs/include/yolov8_msgs/yolov8_msgs/msg/detection_array.hpp
[22.302s] -- Installing: /home/robert/Projects/ros_ws/src/general/install/yolov8_msgs/include/yolov8_msgs/yolov8_msgs/msg/key_point2_d_array.hpp
[22.302s] -- Installing: /home/robert/Projects/ros_ws/src/general/install/yolov8_msgs/include/yolov8_msgs/yolov8_msgs/msg/key_point3_d_array.hpp
[22.303s] -- Installing: /home/robert/Projects/ros_ws/src/general/install/yolov8_msgs/include/yolov8_msgs/yolov8_msgs/msg/mask.hpp
[22.303s] -- Installing: /home/robert/Projects/ros_ws/src/general/install/yolov8_msgs/include/yolov8_msgs/yolov8_msgs/msg/vector2.hpp
[22.303s] -- Up-to-date: /home/robert/Projects/ros_ws/src/general/install/yolov8_msgs/include/yolov8_msgs/yolov8_msgs
[22.303s] -- Up-to-date: /home/robert/Projects/ros_ws/src/general/install/yolov8_msgs/include/yolov8_msgs/yolov8_msgs/msg
[22.303s] -- Up-to-date: /home/robert/Projects/ros_ws/src/general/install/yolov8_msgs/include/yolov8_msgs/yolov8_msgs/msg/detail
[22.303s] -- Installing: /home/robert/Projects/ros_ws/src/general/install/yolov8_msgs/include/yolov8_msgs/yolov8_msgs/msg/detail/mask__rosidl_typesupport_fastrtps_cpp.hpp
[22.303s] -- Installing: /home/robert/Projects/ros_ws/src/general/install/yolov8_msgs/include/yolov8_msgs/yolov8_msgs/msg/detail/iceberg_bounding_box2_d__rosidl_typesupport_fastrtps_cpp.hpp
[22.304s] -- Installing: /home/robert/Projects/ros_ws/src/general/install/yolov8_msgs/include/yolov8_msgs/yolov8_msgs/msg/detail/key_point2_d__rosidl_typesupport_fastrtps_cpp.hpp
[22.304s] -- Installing: /home/robert/Projects/ros_ws/src/general/install/yolov8_msgs/include/yolov8_msgs/yolov8_msgs/msg/detail/detection__rosidl_typesupport_fastrtps_cpp.hpp
[22.304s] -- Installing: /home/robert/Projects/ros_ws/src/general/install/yolov8_msgs/include/yolov8_msgs/yolov8_msgs/msg/detail/pose2_d__rosidl_typesupport_fastrtps_cpp.hpp
[22.304s] -- Installing: /home/robert/Projects/ros_ws/src/general/install/yolov8_msgs/include/yolov8_msgs/yolov8_msgs/msg/detail/iceberg_detection_array__rosidl_typesupport_fastrtps_cpp.hpp
[22.304s] -- Installing: /home/robert/Projects/ros_ws/src/general/install/yolov8_msgs/include/yolov8_msgs/yolov8_msgs/msg/detail/vector2__rosidl_typesupport_fastrtps_cpp.hpp
[22.304s] -- Installing: /home/robert/Projects/ros_ws/src/general/install/yolov8_msgs/include/yolov8_msgs/yolov8_msgs/msg/detail/key_point3_d__rosidl_typesupport_fastrtps_cpp.hpp
[22.304s] -- Installing: /home/robert/Projects/ros_ws/src/general/install/yolov8_msgs/include/yolov8_msgs/yolov8_msgs/msg/detail/detection_array__rosidl_typesupport_fastrtps_cpp.hpp
[22.305s] -- Installing: /home/robert/Projects/ros_ws/src/general/install/yolov8_msgs/include/yolov8_msgs/yolov8_msgs/msg/detail/bounding_box2_d__rosidl_typesupport_fastrtps_cpp.hpp
[22.305s] -- Installing: /home/robert/Projects/ros_ws/src/general/install/yolov8_msgs/include/yolov8_msgs/yolov8_msgs/msg/detail/iceberg_detection__rosidl_typesupport_fastrtps_cpp.hpp
[22.305s] -- Installing: /home/robert/Projects/ros_ws/src/general/install/yolov8_msgs/include/yolov8_msgs/yolov8_msgs/msg/detail/bounding_box3_d__rosidl_typesupport_fastrtps_cpp.hpp
[22.305s] -- Installing: /home/robert/Projects/ros_ws/src/general/install/yolov8_msgs/include/yolov8_msgs/yolov8_msgs/msg/detail/key_point2_d_array__rosidl_typesupport_fastrtps_cpp.hpp
[22.306s] -- Installing: /home/robert/Projects/ros_ws/src/general/install/yolov8_msgs/include/yolov8_msgs/yolov8_msgs/msg/detail/point2_d__rosidl_typesupport_fastrtps_cpp.hpp
[22.306s] -- Installing: /home/robert/Projects/ros_ws/src/general/install/yolov8_msgs/include/yolov8_msgs/yolov8_msgs/msg/detail/key_point3_d_array__rosidl_typesupport_fastrtps_cpp.hpp
[22.306s] -- Installing: /home/robert/Projects/ros_ws/src/general/install/yolov8_msgs/include/yolov8_msgs/yolov8_msgs/msg/detail/dds_fastrtps
[22.306s] -- Installing: /home/robert/Projects/ros_ws/src/general/install/yolov8_msgs/include/yolov8_msgs/yolov8_msgs/msg/rosidl_typesupport_fastrtps_cpp__visibility_control.h
[22.307s] -- Installing: /home/robert/Projects/ros_ws/src/general/install/yolov8_msgs/lib/libyolov8_msgs__rosidl_typesupport_fastrtps_cpp.so
[22.308s] -- Set runtime path of "/home/robert/Projects/ros_ws/src/general/install/yolov8_msgs/lib/libyolov8_msgs__rosidl_typesupport_fastrtps_cpp.so" to ""
[22.309s] -- Up-to-date: /home/robert/Projects/ros_ws/src/general/install/yolov8_msgs/include/yolov8_msgs/yolov8_msgs
[22.309s] -- Up-to-date: /home/robert/Projects/ros_ws/src/general/install/yolov8_msgs/include/yolov8_msgs/yolov8_msgs/msg
[22.309s] -- Up-to-date: /home/robert/Projects/ros_ws/src/general/install/yolov8_msgs/include/yolov8_msgs/yolov8_msgs/msg/detail
[22.309s] -- Installing: /home/robert/Projects/ros_ws/src/general/install/yolov8_msgs/include/yolov8_msgs/yolov8_msgs/msg/detail/point2_d__rosidl_typesupport_introspection_cpp.hpp
[22.309s] -- Installing: /home/robert/Projects/ros_ws/src/general/install/yolov8_msgs/include/yolov8_msgs/yolov8_msgs/msg/detail/detection__rosidl_typesupport_introspection_cpp.hpp
[22.309s] -- Installing: /home/robert/Projects/ros_ws/src/general/install/yolov8_msgs/include/yolov8_msgs/yolov8_msgs/msg/detail/detection_array__type_support.cpp
[22.309s] -- Installing: /home/robert/Projects/ros_ws/src/general/install/yolov8_msgs/include/yolov8_msgs/yolov8_msgs/msg/detail/key_point3_d_array__rosidl_typesupport_introspection_cpp.hpp
[22.310s] -- Installing: /home/robert/Projects/ros_ws/src/general/install/yolov8_msgs/include/yolov8_msgs/yolov8_msgs/msg/detail/iceberg_detection_array__type_support.cpp
[22.310s] -- Installing: /home/robert/Projects/ros_ws/src/general/install/yolov8_msgs/include/yolov8_msgs/yolov8_msgs/msg/detail/detection__type_support.cpp
[22.310s] -- Installing: /home/robert/Projects/ros_ws/src/general/install/yolov8_msgs/include/yolov8_msgs/yolov8_msgs/msg/detail/iceberg_detection__rosidl_typesupport_introspection_cpp.hpp
[22.310s] -- Installing: /home/robert/Projects/ros_ws/src/general/install/yolov8_msgs/include/yolov8_msgs/yolov8_msgs/msg/detail/bounding_box3_d__type_support.cpp
[22.310s] -- Installing: /home/robert/Projects/ros_ws/src/general/install/yolov8_msgs/include/yolov8_msgs/yolov8_msgs/msg/detail/key_point2_d__type_support.cpp
[22.311s] -- Installing: /home/robert/Projects/ros_ws/src/general/install/yolov8_msgs/include/yolov8_msgs/yolov8_msgs/msg/detail/point2_d__type_support.cpp
[22.311s] -- Installing: /home/robert/Projects/ros_ws/src/general/install/yolov8_msgs/include/yolov8_msgs/yolov8_msgs/msg/detail/vector2__rosidl_typesupport_introspection_cpp.hpp
[22.311s] -- Installing: /home/robert/Projects/ros_ws/src/general/install/yolov8_msgs/include/yolov8_msgs/yolov8_msgs/msg/detail/mask__type_support.cpp
[22.311s] -- Installing: /home/robert/Projects/ros_ws/src/general/install/yolov8_msgs/include/yolov8_msgs/yolov8_msgs/msg/detail/key_point2_d_array__rosidl_typesupport_introspection_cpp.hpp
[22.312s] -- Installing: /home/robert/Projects/ros_ws/src/general/install/yolov8_msgs/include/yolov8_msgs/yolov8_msgs/msg/detail/bounding_box2_d__type_support.cpp
[22.312s] -- Installing: /home/robert/Projects/ros_ws/src/general/install/yolov8_msgs/include/yolov8_msgs/yolov8_msgs/msg/detail/key_point3_d__type_support.cpp
[22.312s] -- Installing: /home/robert/Projects/ros_ws/src/general/install/yolov8_msgs/include/yolov8_msgs/yolov8_msgs/msg/detail/iceberg_bounding_box2_d__rosidl_typesupport_introspection_cpp.hpp
[22.312s] -- Installing: /home/robert/Projects/ros_ws/src/general/install/yolov8_msgs/include/yolov8_msgs/yolov8_msgs/msg/detail/vector2__type_support.cpp
[22.312s] -- Installing: /home/robert/Projects/ros_ws/src/general/install/yolov8_msgs/include/yolov8_msgs/yolov8_msgs/msg/detail/key_point3_d__rosidl_typesupport_introspection_cpp.hpp
[22.313s] -- Installing: /home/robert/Projects/ros_ws/src/general/install/yolov8_msgs/include/yolov8_msgs/yolov8_msgs/msg/detail/iceberg_bounding_box2_d__type_support.cpp
[22.313s] -- Installing: /home/robert/Projects/ros_ws/src/general/install/yolov8_msgs/include/yolov8_msgs/yolov8_msgs/msg/detail/detection_array__rosidl_typesupport_introspection_cpp.hpp
[22.313s] -- Installing: /home/robert/Projects/ros_ws/src/general/install/yolov8_msgs/include/yolov8_msgs/yolov8_msgs/msg/detail/key_point3_d_array__type_support.cpp
[22.313s] -- Installing: /home/robert/Projects/ros_ws/src/general/install/yolov8_msgs/include/yolov8_msgs/yolov8_msgs/msg/detail/mask__rosidl_typesupport_introspection_cpp.hpp
[22.314s] -- Installing: /home/robert/Projects/ros_ws/src/general/install/yolov8_msgs/include/yolov8_msgs/yolov8_msgs/msg/detail/iceberg_detection__type_support.cpp
[22.314s] -- Installing: /home/robert/Projects/ros_ws/src/general/install/yolov8_msgs/include/yolov8_msgs/yolov8_msgs/msg/detail/pose2_d__type_support.cpp
[22.314s] -- Installing: /home/robert/Projects/ros_ws/src/general/install/yolov8_msgs/include/yolov8_msgs/yolov8_msgs/msg/detail/bounding_box3_d__rosidl_typesupport_introspection_cpp.hpp
[22.314s] -- Installing: /home/robert/Projects/ros_ws/src/general/install/yolov8_msgs/include/yolov8_msgs/yolov8_msgs/msg/detail/key_point2_d_array__type_support.cpp
[22.315s] -- Installing: /home/robert/Projects/ros_ws/src/general/install/yolov8_msgs/include/yolov8_msgs/yolov8_msgs/msg/detail/bounding_box2_d__rosidl_typesupport_introspection_cpp.hpp
[22.315s] -- Installing: /home/robert/Projects/ros_ws/src/general/install/yolov8_msgs/include/yolov8_msgs/yolov8_msgs/msg/detail/iceberg_detection_array__rosidl_typesupport_introspection_cpp.hpp
[22.315s] -- Installing: /home/robert/Projects/ros_ws/src/general/install/yolov8_msgs/include/yolov8_msgs/yolov8_msgs/msg/detail/pose2_d__rosidl_typesupport_introspection_cpp.hpp
[22.315s] -- Installing: /home/robert/Projects/ros_ws/src/general/install/yolov8_msgs/include/yolov8_msgs/yolov8_msgs/msg/detail/key_point2_d__rosidl_typesupport_introspection_cpp.hpp
[22.316s] -- Installing: /home/robert/Projects/ros_ws/src/general/install/yolov8_msgs/lib/libyolov8_msgs__rosidl_typesupport_introspection_cpp.so
[22.317s] -- Set runtime path of "/home/robert/Projects/ros_ws/src/general/install/yolov8_msgs/lib/libyolov8_msgs__rosidl_typesupport_introspection_cpp.so" to ""
[22.317s] -- Installing: /home/robert/Projects/ros_ws/src/general/install/yolov8_msgs/lib/libyolov8_msgs__rosidl_typesupport_cpp.so
[22.318s] -- Set runtime path of "/home/robert/Projects/ros_ws/src/general/install/yolov8_msgs/lib/libyolov8_msgs__rosidl_typesupport_cpp.so" to ""
[22.318s] -- Installing: /home/robert/Projects/ros_ws/src/general/install/yolov8_msgs/share/yolov8_msgs/environment/pythonpath.sh
[22.318s] -- Installing: /home/robert/Projects/ros_ws/src/general/install/yolov8_msgs/share/yolov8_msgs/environment/pythonpath.dsv
[22.318s] -- Installing: /home/robert/Projects/ros_ws/src/general/install/yolov8_msgs/local/lib/python3.10/dist-packages/yolov8_msgs-0.0.0-py3.10.egg-info
[22.318s] -- Installing: /home/robert/Projects/ros_ws/src/general/install/yolov8_msgs/local/lib/python3.10/dist-packages/yolov8_msgs-0.0.0-py3.10.egg-info/PKG-INFO
[22.319s] -- Installing: /home/robert/Projects/ros_ws/src/general/install/yolov8_msgs/local/lib/python3.10/dist-packages/yolov8_msgs-0.0.0-py3.10.egg-info/top_level.txt
[22.319s] -- Installing: /home/robert/Projects/ros_ws/src/general/install/yolov8_msgs/local/lib/python3.10/dist-packages/yolov8_msgs-0.0.0-py3.10.egg-info/dependency_links.txt
[22.319s] -- Installing: /home/robert/Projects/ros_ws/src/general/install/yolov8_msgs/local/lib/python3.10/dist-packages/yolov8_msgs-0.0.0-py3.10.egg-info/SOURCES.txt
[22.319s] -- Installing: /home/robert/Projects/ros_ws/src/general/install/yolov8_msgs/local/lib/python3.10/dist-packages/yolov8_msgs
[22.319s] -- Installing: /home/robert/Projects/ros_ws/src/general/install/yolov8_msgs/local/lib/python3.10/dist-packages/yolov8_msgs/_yolov8_msgs_s.ep.rosidl_typesupport_fastrtps_c.c
[22.320s] -- Installing: /home/robert/Projects/ros_ws/src/general/install/yolov8_msgs/local/lib/python3.10/dist-packages/yolov8_msgs/msg
[22.320s] -- Installing: /home/robert/Projects/ros_ws/src/general/install/yolov8_msgs/local/lib/python3.10/dist-packages/yolov8_msgs/msg/_mask_s.c
[22.320s] -- Installing: /home/robert/Projects/ros_ws/src/general/install/yolov8_msgs/local/lib/python3.10/dist-packages/yolov8_msgs/msg/_bounding_box2_d_s.c
[22.320s] -- Installing: /home/robert/Projects/ros_ws/src/general/install/yolov8_msgs/local/lib/python3.10/dist-packages/yolov8_msgs/msg/_iceberg_detection.py
[22.320s] -- Installing: /home/robert/Projects/ros_ws/src/general/install/yolov8_msgs/local/lib/python3.10/dist-packages/yolov8_msgs/msg/_iceberg_detection_array_s.c
[22.321s] -- Installing: /home/robert/Projects/ros_ws/src/general/install/yolov8_msgs/local/lib/python3.10/dist-packages/yolov8_msgs/msg/_point2_d.py
[22.321s] -- Installing: /home/robert/Projects/ros_ws/src/general/install/yolov8_msgs/local/lib/python3.10/dist-packages/yolov8_msgs/msg/_key_point2_d_s.c
[22.321s] -- Installing: /home/robert/Projects/ros_ws/src/general/install/yolov8_msgs/local/lib/python3.10/dist-packages/yolov8_msgs/msg/_mask.py
[22.321s] -- Installing: /home/robert/Projects/ros_ws/src/general/install/yolov8_msgs/local/lib/python3.10/dist-packages/yolov8_msgs/msg/_iceberg_detection_s.c
[22.322s] -- Installing: /home/robert/Projects/ros_ws/src/general/install/yolov8_msgs/local/lib/python3.10/dist-packages/yolov8_msgs/msg/_key_point3_d_array_s.c
[22.322s] -- Installing: /home/robert/Projects/ros_ws/src/general/install/yolov8_msgs/local/lib/python3.10/dist-packages/yolov8_msgs/msg/_bounding_box3_d.py
[22.322s] -- Installing: /home/robert/Projects/ros_ws/src/general/install/yolov8_msgs/local/lib/python3.10/dist-packages/yolov8_msgs/msg/_iceberg_bounding_box2_d.py
[22.322s] -- Installing: /home/robert/Projects/ros_ws/src/general/install/yolov8_msgs/local/lib/python3.10/dist-packages/yolov8_msgs/msg/_key_point3_d_array.py
[22.322s] -- Installing: /home/robert/Projects/ros_ws/src/general/install/yolov8_msgs/local/lib/python3.10/dist-packages/yolov8_msgs/msg/_pose2_d_s.c
[22.323s] -- Installing: /home/robert/Projects/ros_ws/src/general/install/yolov8_msgs/local/lib/python3.10/dist-packages/yolov8_msgs/msg/_key_point2_d_array.py
[22.323s] -- Installing: /home/robert/Projects/ros_ws/src/general/install/yolov8_msgs/local/lib/python3.10/dist-packages/yolov8_msgs/msg/_pose2_d.py
[22.323s] -- Installing: /home/robert/Projects/ros_ws/src/general/install/yolov8_msgs/local/lib/python3.10/dist-packages/yolov8_msgs/msg/_detection_array_s.c
[22.323s] -- Installing: /home/robert/Projects/ros_ws/src/general/install/yolov8_msgs/local/lib/python3.10/dist-packages/yolov8_msgs/msg/_bounding_box2_d.py
[22.323s] -- Installing: /home/robert/Projects/ros_ws/src/general/install/yolov8_msgs/local/lib/python3.10/dist-packages/yolov8_msgs/msg/__init__.py
[22.324s] -- Installing: /home/robert/Projects/ros_ws/src/general/install/yolov8_msgs/local/lib/python3.10/dist-packages/yolov8_msgs/msg/_detection_s.c
[22.324s] -- Installing: /home/robert/Projects/ros_ws/src/general/install/yolov8_msgs/local/lib/python3.10/dist-packages/yolov8_msgs/msg/_point2_d_s.c
[22.324s] -- Installing: /home/robert/Projects/ros_ws/src/general/install/yolov8_msgs/local/lib/python3.10/dist-packages/yolov8_msgs/msg/_vector2_s.c
[22.324s] -- Installing: /home/robert/Projects/ros_ws/src/general/install/yolov8_msgs/local/lib/python3.10/dist-packages/yolov8_msgs/msg/_iceberg_detection_array.py
[22.324s] -- Installing: /home/robert/Projects/ros_ws/src/general/install/yolov8_msgs/local/lib/python3.10/dist-packages/yolov8_msgs/msg/_key_point3_d_s.c
[22.324s] -- Installing: /home/robert/Projects/ros_ws/src/general/install/yolov8_msgs/local/lib/python3.10/dist-packages/yolov8_msgs/msg/_iceberg_bounding_box2_d_s.c
[22.325s] -- Installing: /home/robert/Projects/ros_ws/src/general/install/yolov8_msgs/local/lib/python3.10/dist-packages/yolov8_msgs/msg/_key_point3_d.py
[22.325s] -- Installing: /home/robert/Projects/ros_ws/src/general/install/yolov8_msgs/local/lib/python3.10/dist-packages/yolov8_msgs/msg/_detection_array.py
[22.325s] -- Installing: /home/robert/Projects/ros_ws/src/general/install/yolov8_msgs/local/lib/python3.10/dist-packages/yolov8_msgs/msg/_detection.py
[22.325s] -- Installing: /home/robert/Projects/ros_ws/src/general/install/yolov8_msgs/local/lib/python3.10/dist-packages/yolov8_msgs/msg/_bounding_box3_d_s.c
[22.326s] -- Installing: /home/robert/Projects/ros_ws/src/general/install/yolov8_msgs/local/lib/python3.10/dist-packages/yolov8_msgs/msg/_key_point2_d.py
[22.326s] -- Installing: /home/robert/Projects/ros_ws/src/general/install/yolov8_msgs/local/lib/python3.10/dist-packages/yolov8_msgs/msg/_vector2.py
[22.326s] -- Installing: /home/robert/Projects/ros_ws/src/general/install/yolov8_msgs/local/lib/python3.10/dist-packages/yolov8_msgs/msg/_key_point2_d_array_s.c
[22.326s] -- Installing: /home/robert/Projects/ros_ws/src/general/install/yolov8_msgs/local/lib/python3.10/dist-packages/yolov8_msgs/yolov8_msgs_s__rosidl_typesupport_introspection_c.cpython-310-x86_64-linux-gnu.so
[22.326s] -- Installing: /home/robert/Projects/ros_ws/src/general/install/yolov8_msgs/local/lib/python3.10/dist-packages/yolov8_msgs/yolov8_msgs_s__rosidl_typesupport_c.cpython-310-x86_64-linux-gnu.so
[22.327s] -- Installing: /home/robert/Projects/ros_ws/src/general/install/yolov8_msgs/local/lib/python3.10/dist-packages/yolov8_msgs/_yolov8_msgs_s.ep.rosidl_typesupport_introspection_c.c
[22.327s] -- Installing: /home/robert/Projects/ros_ws/src/general/install/yolov8_msgs/local/lib/python3.10/dist-packages/yolov8_msgs/__init__.py
[22.327s] -- Installing: /home/robert/Projects/ros_ws/src/general/install/yolov8_msgs/local/lib/python3.10/dist-packages/yolov8_msgs/yolov8_msgs_s__rosidl_typesupport_fastrtps_c.cpython-310-x86_64-linux-gnu.so
[22.327s] -- Installing: /home/robert/Projects/ros_ws/src/general/install/yolov8_msgs/local/lib/python3.10/dist-packages/yolov8_msgs/_yolov8_msgs_s.ep.rosidl_typesupport_c.c
[22.328s] -- Installing: /home/robert/Projects/ros_ws/src/general/install/yolov8_msgs/local/lib/python3.10/dist-packages/yolov8_msgs/libyolov8_msgs__rosidl_generator_py.so
[22.399s] Listing '/home/robert/Projects/ros_ws/src/general/install/yolov8_msgs/local/lib/python3.10/dist-packages/yolov8_msgs'...
[22.399s] Compiling '/home/robert/Projects/ros_ws/src/general/install/yolov8_msgs/local/lib/python3.10/dist-packages/yolov8_msgs/__init__.py'...
[22.399s] Listing '/home/robert/Projects/ros_ws/src/general/install/yolov8_msgs/local/lib/python3.10/dist-packages/yolov8_msgs/msg'...
[22.399s] Compiling '/home/robert/Projects/ros_ws/src/general/install/yolov8_msgs/local/lib/python3.10/dist-packages/yolov8_msgs/msg/__init__.py'...
[22.399s] Compiling '/home/robert/Projects/ros_ws/src/general/install/yolov8_msgs/local/lib/python3.10/dist-packages/yolov8_msgs/msg/_bounding_box2_d.py'...
[22.399s] Compiling '/home/robert/Projects/ros_ws/src/general/install/yolov8_msgs/local/lib/python3.10/dist-packages/yolov8_msgs/msg/_bounding_box3_d.py'...
[22.399s] Compiling '/home/robert/Projects/ros_ws/src/general/install/yolov8_msgs/local/lib/python3.10/dist-packages/yolov8_msgs/msg/_detection.py'...
[22.399s] Compiling '/home/robert/Projects/ros_ws/src/general/install/yolov8_msgs/local/lib/python3.10/dist-packages/yolov8_msgs/msg/_detection_array.py'...
[22.399s] Compiling '/home/robert/Projects/ros_ws/src/general/install/yolov8_msgs/local/lib/python3.10/dist-packages/yolov8_msgs/msg/_iceberg_bounding_box2_d.py'...
[22.399s] Compiling '/home/robert/Projects/ros_ws/src/general/install/yolov8_msgs/local/lib/python3.10/dist-packages/yolov8_msgs/msg/_iceberg_detection.py'...
[22.399s] Compiling '/home/robert/Projects/ros_ws/src/general/install/yolov8_msgs/local/lib/python3.10/dist-packages/yolov8_msgs/msg/_iceberg_detection_array.py'...
[22.399s] Compiling '/home/robert/Projects/ros_ws/src/general/install/yolov8_msgs/local/lib/python3.10/dist-packages/yolov8_msgs/msg/_key_point2_d.py'...
[22.399s] Compiling '/home/robert/Projects/ros_ws/src/general/install/yolov8_msgs/local/lib/python3.10/dist-packages/yolov8_msgs/msg/_key_point2_d_array.py'...
[22.400s] Compiling '/home/robert/Projects/ros_ws/src/general/install/yolov8_msgs/local/lib/python3.10/dist-packages/yolov8_msgs/msg/_key_point3_d.py'...
[22.400s] Compiling '/home/robert/Projects/ros_ws/src/general/install/yolov8_msgs/local/lib/python3.10/dist-packages/yolov8_msgs/msg/_key_point3_d_array.py'...
[22.400s] Compiling '/home/robert/Projects/ros_ws/src/general/install/yolov8_msgs/local/lib/python3.10/dist-packages/yolov8_msgs/msg/_mask.py'...
[22.400s] Compiling '/home/robert/Projects/ros_ws/src/general/install/yolov8_msgs/local/lib/python3.10/dist-packages/yolov8_msgs/msg/_point2_d.py'...
[22.400s] Compiling '/home/robert/Projects/ros_ws/src/general/install/yolov8_msgs/local/lib/python3.10/dist-packages/yolov8_msgs/msg/_pose2_d.py'...
[22.400s] Compiling '/home/robert/Projects/ros_ws/src/general/install/yolov8_msgs/local/lib/python3.10/dist-packages/yolov8_msgs/msg/_vector2.py'...
[22.407s] -- Installing: /home/robert/Projects/ros_ws/src/general/install/yolov8_msgs/local/lib/python3.10/dist-packages/yolov8_msgs/yolov8_msgs_s__rosidl_typesupport_fastrtps_c.cpython-310-x86_64-linux-gnu.so
[22.407s] -- Set runtime path of "/home/robert/Projects/ros_ws/src/general/install/yolov8_msgs/local/lib/python3.10/dist-packages/yolov8_msgs/yolov8_msgs_s__rosidl_typesupport_fastrtps_c.cpython-310-x86_64-linux-gnu.so" to ""
[22.407s] -- Installing: /home/robert/Projects/ros_ws/src/general/install/yolov8_msgs/local/lib/python3.10/dist-packages/yolov8_msgs/yolov8_msgs_s__rosidl_typesupport_introspection_c.cpython-310-x86_64-linux-gnu.so
[22.408s] -- Set runtime path of "/home/robert/Projects/ros_ws/src/general/install/yolov8_msgs/local/lib/python3.10/dist-packages/yolov8_msgs/yolov8_msgs_s__rosidl_typesupport_introspection_c.cpython-310-x86_64-linux-gnu.so" to ""
[22.408s] -- Installing: /home/robert/Projects/ros_ws/src/general/install/yolov8_msgs/local/lib/python3.10/dist-packages/yolov8_msgs/yolov8_msgs_s__rosidl_typesupport_c.cpython-310-x86_64-linux-gnu.so
[22.409s] -- Set runtime path of "/home/robert/Projects/ros_ws/src/general/install/yolov8_msgs/local/lib/python3.10/dist-packages/yolov8_msgs/yolov8_msgs_s__rosidl_typesupport_c.cpython-310-x86_64-linux-gnu.so" to ""
[22.409s] -- Installing: /home/robert/Projects/ros_ws/src/general/install/yolov8_msgs/lib/libyolov8_msgs__rosidl_generator_py.so
[22.410s] -- Set runtime path of "/home/robert/Projects/ros_ws/src/general/install/yolov8_msgs/lib/libyolov8_msgs__rosidl_generator_py.so" to ""
[22.410s] -- Installing: /home/robert/Projects/ros_ws/src/general/install/yolov8_msgs/share/yolov8_msgs/msg/Point2D.idl
[22.410s] -- Installing: /home/robert/Projects/ros_ws/src/general/install/yolov8_msgs/share/yolov8_msgs/msg/Vector2.idl
[22.411s] -- Installing: /home/robert/Projects/ros_ws/src/general/install/yolov8_msgs/share/yolov8_msgs/msg/Pose2D.idl
[22.411s] -- Installing: /home/robert/Projects/ros_ws/src/general/install/yolov8_msgs/share/yolov8_msgs/msg/BoundingBox2D.idl
[22.411s] -- Installing: /home/robert/Projects/ros_ws/src/general/install/yolov8_msgs/share/yolov8_msgs/msg/IcebergBoundingBox2D.idl
[22.411s] -- Installing: /home/robert/Projects/ros_ws/src/general/install/yolov8_msgs/share/yolov8_msgs/msg/BoundingBox3D.idl
[22.411s] -- Installing: /home/robert/Projects/ros_ws/src/general/install/yolov8_msgs/share/yolov8_msgs/msg/Mask.idl
[22.412s] -- Installing: /home/robert/Projects/ros_ws/src/general/install/yolov8_msgs/share/yolov8_msgs/msg/KeyPoint2D.idl
[22.412s] -- Installing: /home/robert/Projects/ros_ws/src/general/install/yolov8_msgs/share/yolov8_msgs/msg/KeyPoint2DArray.idl
[22.412s] -- Installing: /home/robert/Projects/ros_ws/src/general/install/yolov8_msgs/share/yolov8_msgs/msg/KeyPoint3D.idl
[22.413s] -- Installing: /home/robert/Projects/ros_ws/src/general/install/yolov8_msgs/share/yolov8_msgs/msg/KeyPoint3DArray.idl
[22.413s] -- Installing: /home/robert/Projects/ros_ws/src/general/install/yolov8_msgs/share/yolov8_msgs/msg/Detection.idl
[22.413s] -- Installing: /home/robert/Projects/ros_ws/src/general/install/yolov8_msgs/share/yolov8_msgs/msg/DetectionArray.idl
[22.413s] -- Installing: /home/robert/Projects/ros_ws/src/general/install/yolov8_msgs/share/yolov8_msgs/msg/IcebergDetection.idl
[22.413s] -- Installing: /home/robert/Projects/ros_ws/src/general/install/yolov8_msgs/share/yolov8_msgs/msg/IcebergDetectionArray.idl
[22.414s] -- Installing: /home/robert/Projects/ros_ws/src/general/install/yolov8_msgs/share/yolov8_msgs/msg/Point2D.msg
[22.414s] -- Installing: /home/robert/Projects/ros_ws/src/general/install/yolov8_msgs/share/yolov8_msgs/msg/Vector2.msg
[22.414s] -- Installing: /home/robert/Projects/ros_ws/src/general/install/yolov8_msgs/share/yolov8_msgs/msg/Pose2D.msg
[22.414s] -- Installing: /home/robert/Projects/ros_ws/src/general/install/yolov8_msgs/share/yolov8_msgs/msg/BoundingBox2D.msg
[22.414s] -- Installing: /home/robert/Projects/ros_ws/src/general/install/yolov8_msgs/share/yolov8_msgs/msg/IcebergBoundingBox2D.msg
[22.415s] -- Installing: /home/robert/Projects/ros_ws/src/general/install/yolov8_msgs/share/yolov8_msgs/msg/BoundingBox3D.msg
[22.415s] -- Installing: /home/robert/Projects/ros_ws/src/general/install/yolov8_msgs/share/yolov8_msgs/msg/Mask.msg
[22.415s] -- Installing: /home/robert/Projects/ros_ws/src/general/install/yolov8_msgs/share/yolov8_msgs/msg/KeyPoint2D.msg
[22.415s] -- Installing: /home/robert/Projects/ros_ws/src/general/install/yolov8_msgs/share/yolov8_msgs/msg/KeyPoint2DArray.msg
[22.415s] -- Installing: /home/robert/Projects/ros_ws/src/general/install/yolov8_msgs/share/yolov8_msgs/msg/KeyPoint3D.msg
[22.416s] -- Installing: /home/robert/Projects/ros_ws/src/general/install/yolov8_msgs/share/yolov8_msgs/msg/KeyPoint3DArray.msg
[22.416s] -- Installing: /home/robert/Projects/ros_ws/src/general/install/yolov8_msgs/share/yolov8_msgs/msg/Detection.msg
[22.416s] -- Installing: /home/robert/Projects/ros_ws/src/general/install/yolov8_msgs/share/yolov8_msgs/msg/DetectionArray.msg
[22.417s] -- Installing: /home/robert/Projects/ros_ws/src/general/install/yolov8_msgs/share/yolov8_msgs/msg/IcebergDetection.msg
[22.417s] -- Installing: /home/robert/Projects/ros_ws/src/general/install/yolov8_msgs/share/yolov8_msgs/msg/IcebergDetectionArray.msg
[22.417s] -- Installing: /home/robert/Projects/ros_ws/src/general/install/yolov8_msgs/share/ament_index/resource_index/package_run_dependencies/yolov8_msgs
[22.418s] -- Installing: /home/robert/Projects/ros_ws/src/general/install/yolov8_msgs/share/ament_index/resource_index/parent_prefix_path/yolov8_msgs
[22.418s] -- Installing: /home/robert/Projects/ros_ws/src/general/install/yolov8_msgs/share/yolov8_msgs/environment/ament_prefix_path.sh
[22.418s] -- Installing: /home/robert/Projects/ros_ws/src/general/install/yolov8_msgs/share/yolov8_msgs/environment/ament_prefix_path.dsv
[22.418s] -- Installing: /home/robert/Projects/ros_ws/src/general/install/yolov8_msgs/share/yolov8_msgs/environment/path.sh
[22.418s] -- Installing: /home/robert/Projects/ros_ws/src/general/install/yolov8_msgs/share/yolov8_msgs/environment/path.dsv
[22.419s] -- Installing: /home/robert/Projects/ros_ws/src/general/install/yolov8_msgs/share/yolov8_msgs/local_setup.bash
[22.419s] -- Installing: /home/robert/Projects/ros_ws/src/general/install/yolov8_msgs/share/yolov8_msgs/local_setup.sh
[22.419s] -- Installing: /home/robert/Projects/ros_ws/src/general/install/yolov8_msgs/share/yolov8_msgs/local_setup.zsh
[22.419s] -- Installing: /home/robert/Projects/ros_ws/src/general/install/yolov8_msgs/share/yolov8_msgs/local_setup.dsv
[22.419s] -- Installing: /home/robert/Projects/ros_ws/src/general/install/yolov8_msgs/share/yolov8_msgs/package.dsv
[22.420s] -- Installing: /home/robert/Projects/ros_ws/src/general/install/yolov8_msgs/share/ament_index/resource_index/packages/yolov8_msgs
[22.420s] -- Installing: /home/robert/Projects/ros_ws/src/general/install/yolov8_msgs/share/yolov8_msgs/cmake/export_yolov8_msgs__rosidl_generator_cExport.cmake
[22.420s] -- Installing: /home/robert/Projects/ros_ws/src/general/install/yolov8_msgs/share/yolov8_msgs/cmake/export_yolov8_msgs__rosidl_generator_cExport-noconfig.cmake
[22.421s] -- Installing: /home/robert/Projects/ros_ws/src/general/install/yolov8_msgs/share/yolov8_msgs/cmake/export_yolov8_msgs__rosidl_typesupport_fastrtps_cExport.cmake
[22.421s] -- Installing: /home/robert/Projects/ros_ws/src/general/install/yolov8_msgs/share/yolov8_msgs/cmake/export_yolov8_msgs__rosidl_typesupport_fastrtps_cExport-noconfig.cmake
[22.421s] -- Installing: /home/robert/Projects/ros_ws/src/general/install/yolov8_msgs/share/yolov8_msgs/cmake/yolov8_msgs__rosidl_typesupport_introspection_cExport.cmake
[22.421s] -- Installing: /home/robert/Projects/ros_ws/src/general/install/yolov8_msgs/share/yolov8_msgs/cmake/yolov8_msgs__rosidl_typesupport_introspection_cExport-noconfig.cmake
[22.421s] -- Installing: /home/robert/Projects/ros_ws/src/general/install/yolov8_msgs/share/yolov8_msgs/cmake/yolov8_msgs__rosidl_typesupport_cExport.cmake
[22.422s] -- Installing: /home/robert/Projects/ros_ws/src/general/install/yolov8_msgs/share/yolov8_msgs/cmake/yolov8_msgs__rosidl_typesupport_cExport-noconfig.cmake
[22.422s] -- Installing: /home/robert/Projects/ros_ws/src/general/install/yolov8_msgs/share/yolov8_msgs/cmake/export_yolov8_msgs__rosidl_generator_cppExport.cmake
[22.422s] -- Installing: /home/robert/Projects/ros_ws/src/general/install/yolov8_msgs/share/yolov8_msgs/cmake/export_yolov8_msgs__rosidl_typesupport_fastrtps_cppExport.cmake
[22.422s] -- Installing: /home/robert/Projects/ros_ws/src/general/install/yolov8_msgs/share/yolov8_msgs/cmake/export_yolov8_msgs__rosidl_typesupport_fastrtps_cppExport-noconfig.cmake
[22.423s] -- Installing: /home/robert/Projects/ros_ws/src/general/install/yolov8_msgs/share/yolov8_msgs/cmake/yolov8_msgs__rosidl_typesupport_introspection_cppExport.cmake
[22.423s] -- Installing: /home/robert/Projects/ros_ws/src/general/install/yolov8_msgs/share/yolov8_msgs/cmake/yolov8_msgs__rosidl_typesupport_introspection_cppExport-noconfig.cmake
[22.423s] -- Installing: /home/robert/Projects/ros_ws/src/general/install/yolov8_msgs/share/yolov8_msgs/cmake/yolov8_msgs__rosidl_typesupport_cppExport.cmake
[22.424s] -- Installing: /home/robert/Projects/ros_ws/src/general/install/yolov8_msgs/share/yolov8_msgs/cmake/yolov8_msgs__rosidl_typesupport_cppExport-noconfig.cmake
[22.424s] -- Installing: /home/robert/Projects/ros_ws/src/general/install/yolov8_msgs/share/yolov8_msgs/cmake/export_yolov8_msgs__rosidl_generator_pyExport.cmake
[22.424s] -- Installing: /home/robert/Projects/ros_ws/src/general/install/yolov8_msgs/share/yolov8_msgs/cmake/export_yolov8_msgs__rosidl_generator_pyExport-noconfig.cmake
[22.425s] -- Installing: /home/robert/Projects/ros_ws/src/general/install/yolov8_msgs/share/yolov8_msgs/cmake/rosidl_cmake-extras.cmake
[22.425s] -- Installing: /home/robert/Projects/ros_ws/src/general/install/yolov8_msgs/share/yolov8_msgs/cmake/ament_cmake_export_dependencies-extras.cmake
[22.425s] -- Installing: /home/robert/Projects/ros_ws/src/general/install/yolov8_msgs/share/yolov8_msgs/cmake/ament_cmake_export_include_directories-extras.cmake
[22.425s] -- Installing: /home/robert/Projects/ros_ws/src/general/install/yolov8_msgs/share/yolov8_msgs/cmake/ament_cmake_export_libraries-extras.cmake
[22.425s] -- Installing: /home/robert/Projects/ros_ws/src/general/install/yolov8_msgs/share/yolov8_msgs/cmake/ament_cmake_export_targets-extras.cmake
[22.426s] -- Installing: /home/robert/Projects/ros_ws/src/general/install/yolov8_msgs/share/yolov8_msgs/cmake/rosidl_cmake_export_typesupport_targets-extras.cmake
[22.426s] -- Installing: /home/robert/Projects/ros_ws/src/general/install/yolov8_msgs/share/yolov8_msgs/cmake/rosidl_cmake_export_typesupport_libraries-extras.cmake
[22.426s] -- Installing: /home/robert/Projects/ros_ws/src/general/install/yolov8_msgs/share/yolov8_msgs/cmake/yolov8_msgsConfig.cmake
[22.426s] -- Installing: /home/robert/Projects/ros_ws/src/general/install/yolov8_msgs/share/yolov8_msgs/cmake/yolov8_msgsConfig-version.cmake
[22.426s] -- Installing: /home/robert/Projects/ros_ws/src/general/install/yolov8_msgs/share/yolov8_msgs/package.xml
[22.430s] Invoked command in '/home/robert/Projects/ros_ws/src/general/build/yolov8_msgs' returned '0': CMAKE_PREFIX_PATH=/opt/ros/humble /usr/bin/cmake --install /home/robert/Projects/ros_ws/src/general/build/yolov8_msgs
