[0.010s] Invoking command in '/home/parallels/ros2_ws/src/general/build/perception_interfaces': CMAKE_PREFIX_PATH=${CMAKE_PREFIX_PATH}:/opt/ros/humble /usr/bin/cmake --build /home/parallels/ros2_ws/src/general/build/perception_interfaces -- -j2 -l2
[0.100s] [  2%] Built target perception_interfaces__cpp
[0.107s] [ 12%] Built target perception_interfaces__rosidl_generator_c
[0.122s] [ 12%] Built target ament_cmake_python_copy_perception_interfaces
[0.137s] [ 23%] Built target perception_interfaces__rosidl_typesupport_cpp
[0.145s] [ 34%] Built target perception_interfaces__rosidl_typesupport_fastrtps_c
[0.157s] [ 44%] Built target perception_interfaces__rosidl_typesupport_fastrtps_cpp
[0.167s] [ 55%] Built target perception_interfaces__rosidl_typesupport_introspection_c
[0.180s] [ 65%] Built target perception_interfaces__rosidl_typesupport_c
[0.186s] [ 76%] Built target perception_interfaces__rosidl_typesupport_introspection_cpp
[0.213s] [ 76%] Built target perception_interfaces
[0.244s] [ 78%] Built target perception_interfaces__py
[0.314s] [ 87%] Built target perception_interfaces__rosidl_generator_py
[0.318s] running egg_info
[0.329s] writing perception_interfaces.egg-info/PKG-INFO
[0.329s] writing dependency_links to perception_interfaces.egg-info/dependency_links.txt
[0.330s] writing top-level names to perception_interfaces.egg-info/top_level.txt
[0.352s] reading manifest file 'perception_interfaces.egg-info/SOURCES.txt'
[0.353s] writing manifest file 'perception_interfaces.egg-info/SOURCES.txt'
[0.368s] [ 91%] Built target perception_interfaces__rosidl_typesupport_fastrtps_c__pyext
[0.381s] [ 91%] Built target ament_cmake_python_build_perception_interfaces_egg
[0.389s] [ 95%] Built target perception_interfaces__rosidl_typesupport_introspection_c__pyext
[0.398s] [100%] Built target perception_interfaces__rosidl_typesupport_c__pyext
[0.403s] Invoked command in '/home/parallels/ros2_ws/src/general/build/perception_interfaces' returned '0': CMAKE_PREFIX_PATH=${CMAKE_PREFIX_PATH}:/opt/ros/humble /usr/bin/cmake --build /home/parallels/ros2_ws/src/general/build/perception_interfaces -- -j2 -l2
[0.454s] Invoking command in '/home/parallels/ros2_ws/src/general/build/perception_interfaces': CMAKE_PREFIX_PATH=${CMAKE_PREFIX_PATH}:/opt/ros/humble /usr/bin/cmake --install /home/parallels/ros2_ws/src/general/build/perception_interfaces
[0.458s] -- Install configuration: ""
[0.458s] -- Up-to-date: /home/parallels/ros2_ws/src/general/install/perception_interfaces/share/ament_index/resource_index/rosidl_interfaces/perception_interfaces
[0.458s] -- Up-to-date: /home/parallels/ros2_ws/src/general/install/perception_interfaces/include/perception_interfaces/perception_interfaces
[0.458s] -- Up-to-date: /home/parallels/ros2_ws/src/general/install/perception_interfaces/include/perception_interfaces/perception_interfaces/msg
[0.458s] -- Up-to-date: /home/parallels/ros2_ws/src/general/install/perception_interfaces/include/perception_interfaces/perception_interfaces/msg/rosidl_generator_c__visibility_control.h
[0.458s] -- Up-to-date: /home/parallels/ros2_ws/src/general/install/perception_interfaces/include/perception_interfaces/perception_interfaces/msg/detail
[0.458s] -- Up-to-date: /home/parallels/ros2_ws/src/general/install/perception_interfaces/include/perception_interfaces/perception_interfaces/msg/detail/lidar_detected_prop_array__functions.c
[0.458s] -- Up-to-date: /home/parallels/ros2_ws/src/general/install/perception_interfaces/include/perception_interfaces/perception_interfaces/msg/detail/lidar_detected_prop_array__type_support.h
[0.459s] -- Up-to-date: /home/parallels/ros2_ws/src/general/install/perception_interfaces/include/perception_interfaces/perception_interfaces/msg/detail/lidar_detected_prop__type_support.h
[0.459s] -- Up-to-date: /home/parallels/ros2_ws/src/general/install/perception_interfaces/include/perception_interfaces/perception_interfaces/msg/detail/prop__type_support.h
[0.459s] -- Up-to-date: /home/parallels/ros2_ws/src/general/install/perception_interfaces/include/perception_interfaces/perception_interfaces/msg/detail/prop__struct.h
[0.459s] -- Up-to-date: /home/parallels/ros2_ws/src/general/install/perception_interfaces/include/perception_interfaces/perception_interfaces/msg/detail/prop__functions.c
[0.459s] -- Up-to-date: /home/parallels/ros2_ws/src/general/install/perception_interfaces/include/perception_interfaces/perception_interfaces/msg/detail/lidar_detected_prop_array__struct.h
[0.459s] -- Up-to-date: /home/parallels/ros2_ws/src/general/install/perception_interfaces/include/perception_interfaces/perception_interfaces/msg/detail/lidar_detected_prop__functions.h
[0.459s] -- Up-to-date: /home/parallels/ros2_ws/src/general/install/perception_interfaces/include/perception_interfaces/perception_interfaces/msg/detail/lidar_detected_prop_array__functions.h
[0.459s] -- Up-to-date: /home/parallels/ros2_ws/src/general/install/perception_interfaces/include/perception_interfaces/perception_interfaces/msg/detail/lidar_detected_prop__functions.c
[0.459s] -- Up-to-date: /home/parallels/ros2_ws/src/general/install/perception_interfaces/include/perception_interfaces/perception_interfaces/msg/detail/lidar_detected_prop__struct.h
[0.459s] -- Up-to-date: /home/parallels/ros2_ws/src/general/install/perception_interfaces/include/perception_interfaces/perception_interfaces/msg/detail/prop__functions.h
[0.459s] -- Up-to-date: /home/parallels/ros2_ws/src/general/install/perception_interfaces/include/perception_interfaces/perception_interfaces/msg/lidar_detected_prop.h
[0.459s] -- Up-to-date: /home/parallels/ros2_ws/src/general/install/perception_interfaces/include/perception_interfaces/perception_interfaces/msg/lidar_detected_prop_array.h
[0.459s] -- Up-to-date: /home/parallels/ros2_ws/src/general/install/perception_interfaces/include/perception_interfaces/perception_interfaces/msg/prop.h
[0.459s] -- Up-to-date: /home/parallels/ros2_ws/src/general/install/perception_interfaces/share/perception_interfaces/environment/library_path.sh
[0.459s] -- Up-to-date: /home/parallels/ros2_ws/src/general/install/perception_interfaces/share/perception_interfaces/environment/library_path.dsv
[0.459s] -- Up-to-date: /home/parallels/ros2_ws/src/general/install/perception_interfaces/lib/libperception_interfaces__rosidl_generator_c.so
[0.459s] -- Up-to-date: /home/parallels/ros2_ws/src/general/install/perception_interfaces/include/perception_interfaces/perception_interfaces
[0.459s] -- Up-to-date: /home/parallels/ros2_ws/src/general/install/perception_interfaces/include/perception_interfaces/perception_interfaces/msg
[0.459s] -- Up-to-date: /home/parallels/ros2_ws/src/general/install/perception_interfaces/include/perception_interfaces/perception_interfaces/msg/detail
[0.460s] -- Up-to-date: /home/parallels/ros2_ws/src/general/install/perception_interfaces/include/perception_interfaces/perception_interfaces/msg/detail/lidar_detected_prop__rosidl_typesupport_fastrtps_c.h
[0.460s] -- Up-to-date: /home/parallels/ros2_ws/src/general/install/perception_interfaces/include/perception_interfaces/perception_interfaces/msg/detail/lidar_detected_prop_array__rosidl_typesupport_fastrtps_c.h
[0.460s] -- Up-to-date: /home/parallels/ros2_ws/src/general/install/perception_interfaces/include/perception_interfaces/perception_interfaces/msg/detail/prop__rosidl_typesupport_fastrtps_c.h
[0.460s] -- Up-to-date: /home/parallels/ros2_ws/src/general/install/perception_interfaces/include/perception_interfaces/perception_interfaces/msg/rosidl_typesupport_fastrtps_c__visibility_control.h
[0.460s] -- Up-to-date: /home/parallels/ros2_ws/src/general/install/perception_interfaces/lib/libperception_interfaces__rosidl_typesupport_fastrtps_c.so
[0.460s] -- Up-to-date: /home/parallels/ros2_ws/src/general/install/perception_interfaces/include/perception_interfaces/perception_interfaces
[0.460s] -- Up-to-date: /home/parallels/ros2_ws/src/general/install/perception_interfaces/include/perception_interfaces/perception_interfaces/msg
[0.460s] -- Up-to-date: /home/parallels/ros2_ws/src/general/install/perception_interfaces/include/perception_interfaces/perception_interfaces/msg/detail
[0.460s] -- Up-to-date: /home/parallels/ros2_ws/src/general/install/perception_interfaces/include/perception_interfaces/perception_interfaces/msg/detail/prop__struct.hpp
[0.460s] -- Up-to-date: /home/parallels/ros2_ws/src/general/install/perception_interfaces/include/perception_interfaces/perception_interfaces/msg/detail/lidar_detected_prop__traits.hpp
[0.460s] -- Up-to-date: /home/parallels/ros2_ws/src/general/install/perception_interfaces/include/perception_interfaces/perception_interfaces/msg/detail/lidar_detected_prop_array__builder.hpp
[0.460s] -- Up-to-date: /home/parallels/ros2_ws/src/general/install/perception_interfaces/include/perception_interfaces/perception_interfaces/msg/detail/prop__builder.hpp
[0.460s] -- Up-to-date: /home/parallels/ros2_ws/src/general/install/perception_interfaces/include/perception_interfaces/perception_interfaces/msg/detail/lidar_detected_prop__builder.hpp
[0.460s] -- Up-to-date: /home/parallels/ros2_ws/src/general/install/perception_interfaces/include/perception_interfaces/perception_interfaces/msg/detail/lidar_detected_prop_array__traits.hpp
[0.460s] -- Up-to-date: /home/parallels/ros2_ws/src/general/install/perception_interfaces/include/perception_interfaces/perception_interfaces/msg/detail/lidar_detected_prop_array__struct.hpp
[0.460s] -- Up-to-date: /home/parallels/ros2_ws/src/general/install/perception_interfaces/include/perception_interfaces/perception_interfaces/msg/detail/lidar_detected_prop__struct.hpp
[0.460s] -- Up-to-date: /home/parallels/ros2_ws/src/general/install/perception_interfaces/include/perception_interfaces/perception_interfaces/msg/detail/prop__traits.hpp
[0.460s] -- Up-to-date: /home/parallels/ros2_ws/src/general/install/perception_interfaces/include/perception_interfaces/perception_interfaces/msg/lidar_detected_prop.hpp
[0.460s] -- Up-to-date: /home/parallels/ros2_ws/src/general/install/perception_interfaces/include/perception_interfaces/perception_interfaces/msg/lidar_detected_prop_array.hpp
[0.460s] -- Up-to-date: /home/parallels/ros2_ws/src/general/install/perception_interfaces/include/perception_interfaces/perception_interfaces/msg/prop.hpp
[0.460s] -- Up-to-date: /home/parallels/ros2_ws/src/general/install/perception_interfaces/include/perception_interfaces/perception_interfaces
[0.460s] -- Up-to-date: /home/parallels/ros2_ws/src/general/install/perception_interfaces/include/perception_interfaces/perception_interfaces/msg
[0.460s] -- Up-to-date: /home/parallels/ros2_ws/src/general/install/perception_interfaces/include/perception_interfaces/perception_interfaces/msg/detail
[0.460s] -- Up-to-date: /home/parallels/ros2_ws/src/general/install/perception_interfaces/include/perception_interfaces/perception_interfaces/msg/detail/lidar_detected_prop_array__rosidl_typesupport_fastrtps_cpp.hpp
[0.460s] -- Up-to-date: /home/parallels/ros2_ws/src/general/install/perception_interfaces/include/perception_interfaces/perception_interfaces/msg/detail/dds_fastrtps
[0.460s] -- Up-to-date: /home/parallels/ros2_ws/src/general/install/perception_interfaces/include/perception_interfaces/perception_interfaces/msg/detail/lidar_detected_prop__rosidl_typesupport_fastrtps_cpp.hpp
[0.460s] -- Up-to-date: /home/parallels/ros2_ws/src/general/install/perception_interfaces/include/perception_interfaces/perception_interfaces/msg/detail/prop__rosidl_typesupport_fastrtps_cpp.hpp
[0.461s] -- Up-to-date: /home/parallels/ros2_ws/src/general/install/perception_interfaces/include/perception_interfaces/perception_interfaces/msg/rosidl_typesupport_fastrtps_cpp__visibility_control.h
[0.461s] -- Up-to-date: /home/parallels/ros2_ws/src/general/install/perception_interfaces/lib/libperception_interfaces__rosidl_typesupport_fastrtps_cpp.so
[0.461s] -- Up-to-date: /home/parallels/ros2_ws/src/general/install/perception_interfaces/include/perception_interfaces/perception_interfaces
[0.461s] -- Up-to-date: /home/parallels/ros2_ws/src/general/install/perception_interfaces/include/perception_interfaces/perception_interfaces/msg
[0.461s] -- Up-to-date: /home/parallels/ros2_ws/src/general/install/perception_interfaces/include/perception_interfaces/perception_interfaces/msg/detail
[0.461s] -- Up-to-date: /home/parallels/ros2_ws/src/general/install/perception_interfaces/include/perception_interfaces/perception_interfaces/msg/detail/lidar_detected_prop_array__type_support.c
[0.462s] -- Up-to-date: /home/parallels/ros2_ws/src/general/install/perception_interfaces/include/perception_interfaces/perception_interfaces/msg/detail/lidar_detected_prop__type_support.c
[0.462s] -- Up-to-date: /home/parallels/ros2_ws/src/general/install/perception_interfaces/include/perception_interfaces/perception_interfaces/msg/detail/lidar_detected_prop__rosidl_typesupport_introspection_c.h
[0.462s] -- Up-to-date: /home/parallels/ros2_ws/src/general/install/perception_interfaces/include/perception_interfaces/perception_interfaces/msg/detail/lidar_detected_prop_array__rosidl_typesupport_introspection_c.h
[0.462s] -- Up-to-date: /home/parallels/ros2_ws/src/general/install/perception_interfaces/include/perception_interfaces/perception_interfaces/msg/detail/prop__rosidl_typesupport_introspection_c.h
[0.462s] -- Up-to-date: /home/parallels/ros2_ws/src/general/install/perception_interfaces/include/perception_interfaces/perception_interfaces/msg/detail/prop__type_support.c
[0.462s] -- Up-to-date: /home/parallels/ros2_ws/src/general/install/perception_interfaces/include/perception_interfaces/perception_interfaces/msg/rosidl_typesupport_introspection_c__visibility_control.h
[0.462s] -- Up-to-date: /home/parallels/ros2_ws/src/general/install/perception_interfaces/lib/libperception_interfaces__rosidl_typesupport_introspection_c.so
[0.462s] -- Up-to-date: /home/parallels/ros2_ws/src/general/install/perception_interfaces/lib/libperception_interfaces__rosidl_typesupport_c.so
[0.462s] -- Up-to-date: /home/parallels/ros2_ws/src/general/install/perception_interfaces/include/perception_interfaces/perception_interfaces
[0.462s] -- Up-to-date: /home/parallels/ros2_ws/src/general/install/perception_interfaces/include/perception_interfaces/perception_interfaces/msg
[0.462s] -- Up-to-date: /home/parallels/ros2_ws/src/general/install/perception_interfaces/include/perception_interfaces/perception_interfaces/msg/detail
[0.462s] -- Up-to-date: /home/parallels/ros2_ws/src/general/install/perception_interfaces/include/perception_interfaces/perception_interfaces/msg/detail/lidar_detected_prop_array__type_support.cpp
[0.462s] -- Up-to-date: /home/parallels/ros2_ws/src/general/install/perception_interfaces/include/perception_interfaces/perception_interfaces/msg/detail/lidar_detected_prop_array__rosidl_typesupport_introspection_cpp.hpp
[0.462s] -- Up-to-date: /home/parallels/ros2_ws/src/general/install/perception_interfaces/include/perception_interfaces/perception_interfaces/msg/detail/prop__rosidl_typesupport_introspection_cpp.hpp
[0.462s] -- Up-to-date: /home/parallels/ros2_ws/src/general/install/perception_interfaces/include/perception_interfaces/perception_interfaces/msg/detail/prop__type_support.cpp
[0.462s] -- Up-to-date: /home/parallels/ros2_ws/src/general/install/perception_interfaces/include/perception_interfaces/perception_interfaces/msg/detail/lidar_detected_prop__rosidl_typesupport_introspection_cpp.hpp
[0.462s] -- Up-to-date: /home/parallels/ros2_ws/src/general/install/perception_interfaces/include/perception_interfaces/perception_interfaces/msg/detail/lidar_detected_prop__type_support.cpp
[0.462s] -- Up-to-date: /home/parallels/ros2_ws/src/general/install/perception_interfaces/lib/libperception_interfaces__rosidl_typesupport_introspection_cpp.so
[0.463s] -- Up-to-date: /home/parallels/ros2_ws/src/general/install/perception_interfaces/lib/libperception_interfaces__rosidl_typesupport_cpp.so
[0.463s] -- Up-to-date: /home/parallels/ros2_ws/src/general/install/perception_interfaces/share/perception_interfaces/environment/pythonpath.sh
[0.463s] -- Up-to-date: /home/parallels/ros2_ws/src/general/install/perception_interfaces/share/perception_interfaces/environment/pythonpath.dsv
[0.463s] -- Up-to-date: /home/parallels/ros2_ws/src/general/install/perception_interfaces/local/lib/python3.10/dist-packages/perception_interfaces-0.0.0-py3.10.egg-info
[0.463s] -- Installing: /home/parallels/ros2_ws/src/general/install/perception_interfaces/local/lib/python3.10/dist-packages/perception_interfaces-0.0.0-py3.10.egg-info/dependency_links.txt
[0.463s] -- Installing: /home/parallels/ros2_ws/src/general/install/perception_interfaces/local/lib/python3.10/dist-packages/perception_interfaces-0.0.0-py3.10.egg-info/top_level.txt
[0.463s] -- Installing: /home/parallels/ros2_ws/src/general/install/perception_interfaces/local/lib/python3.10/dist-packages/perception_interfaces-0.0.0-py3.10.egg-info/PKG-INFO
[0.463s] -- Installing: /home/parallels/ros2_ws/src/general/install/perception_interfaces/local/lib/python3.10/dist-packages/perception_interfaces-0.0.0-py3.10.egg-info/SOURCES.txt
[0.463s] -- Up-to-date: /home/parallels/ros2_ws/src/general/install/perception_interfaces/local/lib/python3.10/dist-packages/perception_interfaces
[0.463s] -- Up-to-date: /home/parallels/ros2_ws/src/general/install/perception_interfaces/local/lib/python3.10/dist-packages/perception_interfaces/_perception_interfaces_s.ep.rosidl_typesupport_introspection_c.c
[0.463s] -- Up-to-date: /home/parallels/ros2_ws/src/general/install/perception_interfaces/local/lib/python3.10/dist-packages/perception_interfaces/perception_interfaces_s__rosidl_typesupport_c.cpython-310-aarch64-linux-gnu.so
[0.463s] -- Up-to-date: /home/parallels/ros2_ws/src/general/install/perception_interfaces/local/lib/python3.10/dist-packages/perception_interfaces/_perception_interfaces_s.ep.rosidl_typesupport_c.c
[0.463s] -- Up-to-date: /home/parallels/ros2_ws/src/general/install/perception_interfaces/local/lib/python3.10/dist-packages/perception_interfaces/perception_interfaces_s__rosidl_typesupport_fastrtps_c.cpython-310-aarch64-linux-gnu.so
[0.463s] -- Up-to-date: /home/parallels/ros2_ws/src/general/install/perception_interfaces/local/lib/python3.10/dist-packages/perception_interfaces/msg
[0.463s] -- Up-to-date: /home/parallels/ros2_ws/src/general/install/perception_interfaces/local/lib/python3.10/dist-packages/perception_interfaces/msg/_lidar_detected_prop_array.py
[0.463s] -- Up-to-date: /home/parallels/ros2_ws/src/general/install/perception_interfaces/local/lib/python3.10/dist-packages/perception_interfaces/msg/_lidar_detected_prop_array_s.c
[0.463s] -- Up-to-date: /home/parallels/ros2_ws/src/general/install/perception_interfaces/local/lib/python3.10/dist-packages/perception_interfaces/msg/_prop.py
[0.463s] -- Up-to-date: /home/parallels/ros2_ws/src/general/install/perception_interfaces/local/lib/python3.10/dist-packages/perception_interfaces/msg/_lidar_detected_prop.py
[0.464s] -- Up-to-date: /home/parallels/ros2_ws/src/general/install/perception_interfaces/local/lib/python3.10/dist-packages/perception_interfaces/msg/__init__.py
[0.464s] -- Up-to-date: /home/parallels/ros2_ws/src/general/install/perception_interfaces/local/lib/python3.10/dist-packages/perception_interfaces/msg/_lidar_detected_prop_s.c
[0.464s] -- Up-to-date: /home/parallels/ros2_ws/src/general/install/perception_interfaces/local/lib/python3.10/dist-packages/perception_interfaces/msg/_prop_s.c
[0.464s] -- Up-to-date: /home/parallels/ros2_ws/src/general/install/perception_interfaces/local/lib/python3.10/dist-packages/perception_interfaces/libperception_interfaces__rosidl_generator_py.so
[0.464s] -- Up-to-date: /home/parallels/ros2_ws/src/general/install/perception_interfaces/local/lib/python3.10/dist-packages/perception_interfaces/__init__.py
[0.464s] -- Up-to-date: /home/parallels/ros2_ws/src/general/install/perception_interfaces/local/lib/python3.10/dist-packages/perception_interfaces/perception_interfaces_s__rosidl_typesupport_introspection_c.cpython-310-aarch64-linux-gnu.so
[0.464s] -- Up-to-date: /home/parallels/ros2_ws/src/general/install/perception_interfaces/local/lib/python3.10/dist-packages/perception_interfaces/_perception_interfaces_s.ep.rosidl_typesupport_fastrtps_c.c
[0.481s] Listing '/home/parallels/ros2_ws/src/general/install/perception_interfaces/local/lib/python3.10/dist-packages/perception_interfaces'...
[0.481s] Listing '/home/parallels/ros2_ws/src/general/install/perception_interfaces/local/lib/python3.10/dist-packages/perception_interfaces/msg'...
[0.484s] -- Up-to-date: /home/parallels/ros2_ws/src/general/install/perception_interfaces/local/lib/python3.10/dist-packages/perception_interfaces/perception_interfaces_s__rosidl_typesupport_fastrtps_c.cpython-310-aarch64-linux-gnu.so
[0.484s] -- Up-to-date: /home/parallels/ros2_ws/src/general/install/perception_interfaces/local/lib/python3.10/dist-packages/perception_interfaces/perception_interfaces_s__rosidl_typesupport_introspection_c.cpython-310-aarch64-linux-gnu.so
[0.484s] -- Up-to-date: /home/parallels/ros2_ws/src/general/install/perception_interfaces/local/lib/python3.10/dist-packages/perception_interfaces/perception_interfaces_s__rosidl_typesupport_c.cpython-310-aarch64-linux-gnu.so
[0.485s] -- Up-to-date: /home/parallels/ros2_ws/src/general/install/perception_interfaces/lib/libperception_interfaces__rosidl_generator_py.so
[0.485s] -- Up-to-date: /home/parallels/ros2_ws/src/general/install/perception_interfaces/share/perception_interfaces/msg/Prop.idl
[0.485s] -- Up-to-date: /home/parallels/ros2_ws/src/general/install/perception_interfaces/share/perception_interfaces/msg/LidarDetectedProp.idl
[0.485s] -- Up-to-date: /home/parallels/ros2_ws/src/general/install/perception_interfaces/share/perception_interfaces/msg/LidarDetectedPropArray.idl
[0.485s] -- Up-to-date: /home/parallels/ros2_ws/src/general/install/perception_interfaces/share/perception_interfaces/msg/Prop.msg
[0.485s] -- Up-to-date: /home/parallels/ros2_ws/src/general/install/perception_interfaces/share/perception_interfaces/msg/LidarDetectedProp.msg
[0.485s] -- Up-to-date: /home/parallels/ros2_ws/src/general/install/perception_interfaces/share/perception_interfaces/msg/LidarDetectedPropArray.msg
[0.485s] -- Up-to-date: /home/parallels/ros2_ws/src/general/install/perception_interfaces/share/ament_index/resource_index/package_run_dependencies/perception_interfaces
[0.486s] -- Up-to-date: /home/parallels/ros2_ws/src/general/install/perception_interfaces/share/ament_index/resource_index/parent_prefix_path/perception_interfaces
[0.486s] -- Up-to-date: /home/parallels/ros2_ws/src/general/install/perception_interfaces/share/perception_interfaces/environment/ament_prefix_path.sh
[0.486s] -- Up-to-date: /home/parallels/ros2_ws/src/general/install/perception_interfaces/share/perception_interfaces/environment/ament_prefix_path.dsv
[0.486s] -- Up-to-date: /home/parallels/ros2_ws/src/general/install/perception_interfaces/share/perception_interfaces/environment/path.sh
[0.486s] -- Up-to-date: /home/parallels/ros2_ws/src/general/install/perception_interfaces/share/perception_interfaces/environment/path.dsv
[0.486s] -- Up-to-date: /home/parallels/ros2_ws/src/general/install/perception_interfaces/share/perception_interfaces/local_setup.bash
[0.486s] -- Up-to-date: /home/parallels/ros2_ws/src/general/install/perception_interfaces/share/perception_interfaces/local_setup.sh
[0.486s] -- Up-to-date: /home/parallels/ros2_ws/src/general/install/perception_interfaces/share/perception_interfaces/local_setup.zsh
[0.486s] -- Up-to-date: /home/parallels/ros2_ws/src/general/install/perception_interfaces/share/perception_interfaces/local_setup.dsv
[0.486s] -- Installing: /home/parallels/ros2_ws/src/general/install/perception_interfaces/share/perception_interfaces/package.dsv
[0.486s] -- Up-to-date: /home/parallels/ros2_ws/src/general/install/perception_interfaces/share/ament_index/resource_index/packages/perception_interfaces
[0.486s] -- Up-to-date: /home/parallels/ros2_ws/src/general/install/perception_interfaces/share/perception_interfaces/cmake/export_perception_interfaces__rosidl_generator_cExport.cmake
[0.486s] -- Up-to-date: /home/parallels/ros2_ws/src/general/install/perception_interfaces/share/perception_interfaces/cmake/export_perception_interfaces__rosidl_generator_cExport-noconfig.cmake
[0.487s] -- Up-to-date: /home/parallels/ros2_ws/src/general/install/perception_interfaces/share/perception_interfaces/cmake/export_perception_interfaces__rosidl_typesupport_fastrtps_cExport.cmake
[0.487s] -- Up-to-date: /home/parallels/ros2_ws/src/general/install/perception_interfaces/share/perception_interfaces/cmake/export_perception_interfaces__rosidl_typesupport_fastrtps_cExport-noconfig.cmake
[0.487s] -- Up-to-date: /home/parallels/ros2_ws/src/general/install/perception_interfaces/share/perception_interfaces/cmake/export_perception_interfaces__rosidl_generator_cppExport.cmake
[0.487s] -- Up-to-date: /home/parallels/ros2_ws/src/general/install/perception_interfaces/share/perception_interfaces/cmake/export_perception_interfaces__rosidl_typesupport_fastrtps_cppExport.cmake
[0.487s] -- Up-to-date: /home/parallels/ros2_ws/src/general/install/perception_interfaces/share/perception_interfaces/cmake/export_perception_interfaces__rosidl_typesupport_fastrtps_cppExport-noconfig.cmake
[0.487s] -- Up-to-date: /home/parallels/ros2_ws/src/general/install/perception_interfaces/share/perception_interfaces/cmake/perception_interfaces__rosidl_typesupport_introspection_cExport.cmake
[0.487s] -- Up-to-date: /home/parallels/ros2_ws/src/general/install/perception_interfaces/share/perception_interfaces/cmake/perception_interfaces__rosidl_typesupport_introspection_cExport-noconfig.cmake
[0.487s] -- Up-to-date: /home/parallels/ros2_ws/src/general/install/perception_interfaces/share/perception_interfaces/cmake/perception_interfaces__rosidl_typesupport_cExport.cmake
[0.487s] -- Up-to-date: /home/parallels/ros2_ws/src/general/install/perception_interfaces/share/perception_interfaces/cmake/perception_interfaces__rosidl_typesupport_cExport-noconfig.cmake
[0.488s] -- Up-to-date: /home/parallels/ros2_ws/src/general/install/perception_interfaces/share/perception_interfaces/cmake/perception_interfaces__rosidl_typesupport_introspection_cppExport.cmake
[0.488s] -- Up-to-date: /home/parallels/ros2_ws/src/general/install/perception_interfaces/share/perception_interfaces/cmake/perception_interfaces__rosidl_typesupport_introspection_cppExport-noconfig.cmake
[0.488s] -- Up-to-date: /home/parallels/ros2_ws/src/general/install/perception_interfaces/share/perception_interfaces/cmake/perception_interfaces__rosidl_typesupport_cppExport.cmake
[0.488s] -- Up-to-date: /home/parallels/ros2_ws/src/general/install/perception_interfaces/share/perception_interfaces/cmake/perception_interfaces__rosidl_typesupport_cppExport-noconfig.cmake
[0.488s] -- Up-to-date: /home/parallels/ros2_ws/src/general/install/perception_interfaces/share/perception_interfaces/cmake/export_perception_interfaces__rosidl_generator_pyExport.cmake
[0.488s] -- Up-to-date: /home/parallels/ros2_ws/src/general/install/perception_interfaces/share/perception_interfaces/cmake/export_perception_interfaces__rosidl_generator_pyExport-noconfig.cmake
[0.488s] -- Up-to-date: /home/parallels/ros2_ws/src/general/install/perception_interfaces/share/perception_interfaces/cmake/rosidl_cmake-extras.cmake
[0.488s] -- Up-to-date: /home/parallels/ros2_ws/src/general/install/perception_interfaces/share/perception_interfaces/cmake/ament_cmake_export_dependencies-extras.cmake
[0.488s] -- Up-to-date: /home/parallels/ros2_ws/src/general/install/perception_interfaces/share/perception_interfaces/cmake/ament_cmake_export_include_directories-extras.cmake
[0.489s] -- Up-to-date: /home/parallels/ros2_ws/src/general/install/perception_interfaces/share/perception_interfaces/cmake/ament_cmake_export_libraries-extras.cmake
[0.489s] -- Up-to-date: /home/parallels/ros2_ws/src/general/install/perception_interfaces/share/perception_interfaces/cmake/ament_cmake_export_targets-extras.cmake
[0.489s] -- Up-to-date: /home/parallels/ros2_ws/src/general/install/perception_interfaces/share/perception_interfaces/cmake/rosidl_cmake_export_typesupport_targets-extras.cmake
[0.489s] -- Up-to-date: /home/parallels/ros2_ws/src/general/install/perception_interfaces/share/perception_interfaces/cmake/rosidl_cmake_export_typesupport_libraries-extras.cmake
[0.489s] -- Up-to-date: /home/parallels/ros2_ws/src/general/install/perception_interfaces/share/perception_interfaces/cmake/perception_interfacesConfig.cmake
[0.489s] -- Up-to-date: /home/parallels/ros2_ws/src/general/install/perception_interfaces/share/perception_interfaces/cmake/perception_interfacesConfig-version.cmake
[0.489s] -- Up-to-date: /home/parallels/ros2_ws/src/general/install/perception_interfaces/share/perception_interfaces/package.xml
[0.490s] Invoked command in '/home/parallels/ros2_ws/src/general/build/perception_interfaces' returned '0': CMAKE_PREFIX_PATH=${CMAKE_PREFIX_PATH}:/opt/ros/humble /usr/bin/cmake --install /home/parallels/ros2_ws/src/general/build/perception_interfaces
