-- Found ament_cmake: 1.3.9 (/opt/ros/humble/share/ament_cmake/cmake)
-- Found geometry_msgs: 4.2.4 (/opt/ros/humble/share/geometry_msgs/cmake)
-- Found rosidl_generator_c: 3.1.5 (/opt/ros/humble/share/rosidl_generator_c/cmake)
-- Found rosidl_adapter: 3.1.5 (/opt/ros/humble/share/rosidl_adapter/cmake)
-- Found rosidl_generator_cpp: 3.1.5 (/opt/ros/humble/share/rosidl_generator_cpp/cmake)
-- Using all available rosidl_typesupport_c: rosidl_typesupport_fastrtps_c;rosidl_typesupport_introspection_c
-- Using all available rosidl_typesupport_cpp: rosidl_typesupport_fastrtps_cpp;rosidl_typesupport_introspection_cpp
-- Found rosidl_default_generators: 1.2.0 (/opt/ros/humble/share/rosidl_default_generators/cmake)
-- Found ament_cmake_ros: 0.10.0 (/opt/ros/humble/share/ament_cmake_ros/cmake)
-- Using all available rosidl_typesupport_c: rosidl_typesupport_fastrtps_c;rosidl_typesupport_introspection_c
-- Using all available rosidl_typesupport_cpp: rosidl_typesupport_fastrtps_cpp;rosidl_typesupport_introspection_cpp
-- Found python_cmake_module: 0.10.0 (/opt/ros/humble/share/python_cmake_module/cmake)
-- Using PYTHON_EXECUTABLE: /usr/bin/python3
-- Using PYTHON_INCLUDE_DIRS: /usr/include/python3.10
-- Using PYTHON_LIBRARIES: /usr/lib/aarch64-linux-gnu/libpython3.10.so
-- Found ament_lint_auto: 0.12.11 (/opt/ros/humble/share/ament_lint_auto/cmake)
-- Added test 'lint_cmake' to check CMake code style
-- Added test 'xmllint' to check XML markup files
-- Configuring done
-- Generating done
-- Build files have been written to: /home/parallels/ros2_ws/src/general/build/perception_interfaces
[  1%] [34m[1mGenerating C code for ROS interfaces[0m
[  2%] [34m[1mGenerating C++ code for ROS interfaces[0m
[  2%] Built target perception_interfaces__cpp
[  2%] Built target ament_cmake_python_copy_perception_interfaces
[  4%] [34m[1mGenerating C++ type support dispatch for ROS interfaces[0m
[35m[1mConsolidate compiler generated dependencies of target perception_interfaces__rosidl_generator_c[0m
[  5%] [32mBuilding C object CMakeFiles/perception_interfaces__rosidl_generator_c.dir/rosidl_generator_c/perception_interfaces/msg/detail/prop__functions.c.o[0m
[  7%] [32mBuilding C object CMakeFiles/perception_interfaces__rosidl_generator_c.dir/rosidl_generator_c/perception_interfaces/msg/detail/prop_array__functions.c.o[0m
[  8%] [32mBuilding C object CMakeFiles/perception_interfaces__rosidl_generator_c.dir/rosidl_generator_c/perception_interfaces/msg/detail/bounding_box__functions.c.o[0m
[35m[1mConsolidate compiler generated dependencies of target perception_interfaces__rosidl_typesupport_cpp[0m
[  9%] [32mBuilding CXX object CMakeFiles/perception_interfaces__rosidl_typesupport_cpp.dir/rosidl_typesupport_cpp/perception_interfaces/msg/prop__type_support.cpp.o[0m
[ 11%] [32mBuilding C object CMakeFiles/perception_interfaces__rosidl_generator_c.dir/rosidl_generator_c/perception_interfaces/msg/detail/bounding_boxes__functions.c.o[0m
[ 12%] [32mBuilding C object CMakeFiles/perception_interfaces__rosidl_generator_c.dir/rosidl_generator_c/perception_interfaces/msg/detail/gate__functions.c.o[0m
[ 14%] [32mBuilding C object CMakeFiles/perception_interfaces__rosidl_generator_c.dir/rosidl_generator_c/perception_interfaces/msg/detail/gate_array__functions.c.o[0m
[ 15%] [32m[1mLinking C shared library libperception_interfaces__rosidl_generator_c.so[0m
[ 15%] Built target perception_interfaces__rosidl_generator_c
[ 16%] [34m[1mGenerating C++ type support for eProsima Fast-RTPS[0m
[ 18%] [32mBuilding CXX object CMakeFiles/perception_interfaces__rosidl_typesupport_cpp.dir/rosidl_typesupport_cpp/perception_interfaces/msg/prop_array__type_support.cpp.o[0m
[ 19%] [32mBuilding CXX object CMakeFiles/perception_interfaces__rosidl_typesupport_cpp.dir/rosidl_typesupport_cpp/perception_interfaces/msg/bounding_box__type_support.cpp.o[0m
[35m[1mConsolidate compiler generated dependencies of target perception_interfaces__rosidl_typesupport_fastrtps_cpp[0m
[ 21%] [32mBuilding CXX object CMakeFiles/perception_interfaces__rosidl_typesupport_fastrtps_cpp.dir/rosidl_typesupport_fastrtps_cpp/perception_interfaces/msg/detail/dds_fastrtps/prop__type_support.cpp.o[0m
[ 22%] [32mBuilding CXX object CMakeFiles/perception_interfaces__rosidl_typesupport_cpp.dir/rosidl_typesupport_cpp/perception_interfaces/msg/bounding_boxes__type_support.cpp.o[0m
[ 23%] [32mBuilding CXX object CMakeFiles/perception_interfaces__rosidl_typesupport_fastrtps_cpp.dir/rosidl_typesupport_fastrtps_cpp/perception_interfaces/msg/detail/dds_fastrtps/prop_array__type_support.cpp.o[0m
[ 25%] [32mBuilding CXX object CMakeFiles/perception_interfaces__rosidl_typesupport_cpp.dir/rosidl_typesupport_cpp/perception_interfaces/msg/gate__type_support.cpp.o[0m
[ 26%] [32mBuilding CXX object CMakeFiles/perception_interfaces__rosidl_typesupport_cpp.dir/rosidl_typesupport_cpp/perception_interfaces/msg/gate_array__type_support.cpp.o[0m
[ 28%] [32mBuilding CXX object CMakeFiles/perception_interfaces__rosidl_typesupport_fastrtps_cpp.dir/rosidl_typesupport_fastrtps_cpp/perception_interfaces/msg/detail/dds_fastrtps/bounding_box__type_support.cpp.o[0m
[ 29%] [32m[1mLinking CXX shared library libperception_interfaces__rosidl_typesupport_cpp.so[0m
[ 29%] Built target perception_interfaces__rosidl_typesupport_cpp
[ 30%] [34m[1mGenerating C introspection for ROS interfaces[0m
[ 32%] [32mBuilding CXX object CMakeFiles/perception_interfaces__rosidl_typesupport_fastrtps_cpp.dir/rosidl_typesupport_fastrtps_cpp/perception_interfaces/msg/detail/dds_fastrtps/bounding_boxes__type_support.cpp.o[0m
[35m[1mConsolidate compiler generated dependencies of target perception_interfaces__rosidl_typesupport_introspection_c[0m
[ 33%] [32mBuilding C object CMakeFiles/perception_interfaces__rosidl_typesupport_introspection_c.dir/rosidl_typesupport_introspection_c/perception_interfaces/msg/detail/prop__type_support.c.o[0m
[ 35%] [32mBuilding C object CMakeFiles/perception_interfaces__rosidl_typesupport_introspection_c.dir/rosidl_typesupport_introspection_c/perception_interfaces/msg/detail/prop_array__type_support.c.o[0m
[ 36%] [32mBuilding C object CMakeFiles/perception_interfaces__rosidl_typesupport_introspection_c.dir/rosidl_typesupport_introspection_c/perception_interfaces/msg/detail/bounding_box__type_support.c.o[0m
[ 38%] [32mBuilding C object CMakeFiles/perception_interfaces__rosidl_typesupport_introspection_c.dir/rosidl_typesupport_introspection_c/perception_interfaces/msg/detail/bounding_boxes__type_support.c.o[0m
[ 39%] [32mBuilding CXX object CMakeFiles/perception_interfaces__rosidl_typesupport_fastrtps_cpp.dir/rosidl_typesupport_fastrtps_cpp/perception_interfaces/msg/detail/dds_fastrtps/gate__type_support.cpp.o[0m
[ 40%] [32mBuilding C object CMakeFiles/perception_interfaces__rosidl_typesupport_introspection_c.dir/rosidl_typesupport_introspection_c/perception_interfaces/msg/detail/gate__type_support.c.o[0m
[ 42%] [32mBuilding C object CMakeFiles/perception_interfaces__rosidl_typesupport_introspection_c.dir/rosidl_typesupport_introspection_c/perception_interfaces/msg/detail/gate_array__type_support.c.o[0m
[ 43%] [32m[1mLinking C shared library libperception_interfaces__rosidl_typesupport_introspection_c.so[0m
[ 43%] Built target perception_interfaces__rosidl_typesupport_introspection_c
[ 45%] [34m[1mGenerating C type support dispatch for ROS interfaces[0m
[ 46%] [32mBuilding CXX object CMakeFiles/perception_interfaces__rosidl_typesupport_fastrtps_cpp.dir/rosidl_typesupport_fastrtps_cpp/perception_interfaces/msg/detail/dds_fastrtps/gate_array__type_support.cpp.o[0m
[35m[1mConsolidate compiler generated dependencies of target perception_interfaces__rosidl_typesupport_c[0m
[ 47%] [32mBuilding CXX object CMakeFiles/perception_interfaces__rosidl_typesupport_c.dir/rosidl_typesupport_c/perception_interfaces/msg/prop__type_support.cpp.o[0m
[ 49%] [32mBuilding CXX object CMakeFiles/perception_interfaces__rosidl_typesupport_c.dir/rosidl_typesupport_c/perception_interfaces/msg/prop_array__type_support.cpp.o[0m
[ 50%] [32mBuilding CXX object CMakeFiles/perception_interfaces__rosidl_typesupport_c.dir/rosidl_typesupport_c/perception_interfaces/msg/bounding_box__type_support.cpp.o[0m
[ 52%] [32mBuilding CXX object CMakeFiles/perception_interfaces__rosidl_typesupport_c.dir/rosidl_typesupport_c/perception_interfaces/msg/bounding_boxes__type_support.cpp.o[0m
[ 53%] [32mBuilding CXX object CMakeFiles/perception_interfaces__rosidl_typesupport_c.dir/rosidl_typesupport_c/perception_interfaces/msg/gate__type_support.cpp.o[0m
[ 54%] [32mBuilding CXX object CMakeFiles/perception_interfaces__rosidl_typesupport_c.dir/rosidl_typesupport_c/perception_interfaces/msg/gate_array__type_support.cpp.o[0m
[ 56%] [32m[1mLinking CXX shared library libperception_interfaces__rosidl_typesupport_c.so[0m
[ 56%] Built target perception_interfaces__rosidl_typesupport_c
[ 57%] [34m[1mGenerating C++ introspection for ROS interfaces[0m
[ 59%] [32m[1mLinking CXX shared library libperception_interfaces__rosidl_typesupport_fastrtps_cpp.so[0m
[ 59%] Built target perception_interfaces__rosidl_typesupport_fastrtps_cpp
running egg_info
writing perception_interfaces.egg-info/PKG-INFO
writing dependency_links to perception_interfaces.egg-info/dependency_links.txt
writing top-level names to perception_interfaces.egg-info/top_level.txt
reading manifest file 'perception_interfaces.egg-info/SOURCES.txt'
writing manifest file 'perception_interfaces.egg-info/SOURCES.txt'
[ 59%] Built target ament_cmake_python_build_perception_interfaces_egg
[ 60%] [34m[1mGenerating C type support for eProsima Fast-RTPS[0m
[35m[1mConsolidate compiler generated dependencies of target perception_interfaces__rosidl_typesupport_introspection_cpp[0m
[ 61%] [32mBuilding CXX object CMakeFiles/perception_interfaces__rosidl_typesupport_introspection_cpp.dir/rosidl_typesupport_introspection_cpp/perception_interfaces/msg/detail/prop__type_support.cpp.o[0m
[35m[1mConsolidate compiler generated dependencies of target perception_interfaces__rosidl_typesupport_fastrtps_c[0m
[ 63%] [32mBuilding CXX object CMakeFiles/perception_interfaces__rosidl_typesupport_fastrtps_c.dir/rosidl_typesupport_fastrtps_c/perception_interfaces/msg/detail/prop__type_support_c.cpp.o[0m
[ 64%] [32mBuilding CXX object CMakeFiles/perception_interfaces__rosidl_typesupport_introspection_cpp.dir/rosidl_typesupport_introspection_cpp/perception_interfaces/msg/detail/prop_array__type_support.cpp.o[0m
[ 66%] [32mBuilding CXX object CMakeFiles/perception_interfaces__rosidl_typesupport_fastrtps_c.dir/rosidl_typesupport_fastrtps_c/perception_interfaces/msg/detail/prop_array__type_support_c.cpp.o[0m
[ 67%] [32mBuilding CXX object CMakeFiles/perception_interfaces__rosidl_typesupport_introspection_cpp.dir/rosidl_typesupport_introspection_cpp/perception_interfaces/msg/detail/bounding_box__type_support.cpp.o[0m
[ 69%] [32mBuilding CXX object CMakeFiles/perception_interfaces__rosidl_typesupport_fastrtps_c.dir/rosidl_typesupport_fastrtps_c/perception_interfaces/msg/detail/bounding_box__type_support_c.cpp.o[0m
[ 70%] [32mBuilding CXX object CMakeFiles/perception_interfaces__rosidl_typesupport_introspection_cpp.dir/rosidl_typesupport_introspection_cpp/perception_interfaces/msg/detail/bounding_boxes__type_support.cpp.o[0m
[ 71%] [32mBuilding CXX object CMakeFiles/perception_interfaces__rosidl_typesupport_fastrtps_c.dir/rosidl_typesupport_fastrtps_c/perception_interfaces/msg/detail/bounding_boxes__type_support_c.cpp.o[0m
[ 73%] [32mBuilding CXX object CMakeFiles/perception_interfaces__rosidl_typesupport_introspection_cpp.dir/rosidl_typesupport_introspection_cpp/perception_interfaces/msg/detail/gate__type_support.cpp.o[0m
[ 74%] [32mBuilding CXX object CMakeFiles/perception_interfaces__rosidl_typesupport_fastrtps_c.dir/rosidl_typesupport_fastrtps_c/perception_interfaces/msg/detail/gate__type_support_c.cpp.o[0m
[ 76%] [32mBuilding CXX object CMakeFiles/perception_interfaces__rosidl_typesupport_introspection_cpp.dir/rosidl_typesupport_introspection_cpp/perception_interfaces/msg/detail/gate_array__type_support.cpp.o[0m
[ 77%] [32mBuilding CXX object CMakeFiles/perception_interfaces__rosidl_typesupport_fastrtps_c.dir/rosidl_typesupport_fastrtps_c/perception_interfaces/msg/detail/gate_array__type_support_c.cpp.o[0m
[ 78%] [32m[1mLinking CXX shared library libperception_interfaces__rosidl_typesupport_fastrtps_c.so[0m
[ 80%] [32m[1mLinking CXX shared library libperception_interfaces__rosidl_typesupport_introspection_cpp.so[0m
[ 80%] Built target perception_interfaces__rosidl_typesupport_fastrtps_c
[ 80%] Built target perception_interfaces__rosidl_typesupport_introspection_cpp
[ 80%] Built target perception_interfaces
[ 81%] [34m[1mGenerating Python code for ROS interfaces[0m
[ 81%] Built target perception_interfaces__py
[35m[1mConsolidate compiler generated dependencies of target perception_interfaces__rosidl_generator_py[0m
[ 84%] [32mBuilding C object CMakeFiles/perception_interfaces__rosidl_generator_py.dir/rosidl_generator_py/perception_interfaces/msg/_prop_array_s.c.o[0m
[ 84%] [32mBuilding C object CMakeFiles/perception_interfaces__rosidl_generator_py.dir/rosidl_generator_py/perception_interfaces/msg/_prop_s.c.o[0m
[ 85%] [32mBuilding C object CMakeFiles/perception_interfaces__rosidl_generator_py.dir/rosidl_generator_py/perception_interfaces/msg/_bounding_box_s.c.o[0m
[ 87%] [32mBuilding C object CMakeFiles/perception_interfaces__rosidl_generator_py.dir/rosidl_generator_py/perception_interfaces/msg/_bounding_boxes_s.c.o[0m
[ 88%] [32mBuilding C object CMakeFiles/perception_interfaces__rosidl_generator_py.dir/rosidl_generator_py/perception_interfaces/msg/_gate_s.c.o[0m
[ 90%] [32mBuilding C object CMakeFiles/perception_interfaces__rosidl_generator_py.dir/rosidl_generator_py/perception_interfaces/msg/_gate_array_s.c.o[0m
[ 91%] [32m[1mLinking C shared library rosidl_generator_py/perception_interfaces/libperception_interfaces__rosidl_generator_py.so[0m
[ 91%] Built target perception_interfaces__rosidl_generator_py
[35m[1mConsolidate compiler generated dependencies of target perception_interfaces__rosidl_typesupport_introspection_c__pyext[0m
[35m[1mConsolidate compiler generated dependencies of target perception_interfaces__rosidl_typesupport_fastrtps_c__pyext[0m
[ 92%] [32mBuilding C object CMakeFiles/perception_interfaces__rosidl_typesupport_introspection_c__pyext.dir/rosidl_generator_py/perception_interfaces/_perception_interfaces_s.ep.rosidl_typesupport_introspection_c.c.o[0m
[ 94%] [32mBuilding C object CMakeFiles/perception_interfaces__rosidl_typesupport_fastrtps_c__pyext.dir/rosidl_generator_py/perception_interfaces/_perception_interfaces_s.ep.rosidl_typesupport_fastrtps_c.c.o[0m
[ 95%] [32m[1mLinking C shared library rosidl_generator_py/perception_interfaces/perception_interfaces_s__rosidl_typesupport_fastrtps_c.cpython-310-aarch64-linux-gnu.so[0m
[ 97%] [32m[1mLinking C shared library rosidl_generator_py/perception_interfaces/perception_interfaces_s__rosidl_typesupport_introspection_c.cpython-310-aarch64-linux-gnu.so[0m
[ 97%] Built target perception_interfaces__rosidl_typesupport_fastrtps_c__pyext
[35m[1mConsolidate compiler generated dependencies of target perception_interfaces__rosidl_typesupport_c__pyext[0m
[ 97%] Built target perception_interfaces__rosidl_typesupport_introspection_c__pyext
[ 98%] [32mBuilding C object CMakeFiles/perception_interfaces__rosidl_typesupport_c__pyext.dir/rosidl_generator_py/perception_interfaces/_perception_interfaces_s.ep.rosidl_typesupport_c.c.o[0m
[100%] [32m[1mLinking C shared library rosidl_generator_py/perception_interfaces/perception_interfaces_s__rosidl_typesupport_c.cpython-310-aarch64-linux-gnu.so[0m
[100%] Built target perception_interfaces__rosidl_typesupport_c__pyext
-- Install configuration: ""
-- Installing: /home/parallels/ros2_ws/src/general/install/perception_interfaces/share/ament_index/resource_index/rosidl_interfaces/perception_interfaces
-- Up-to-date: /home/parallels/ros2_ws/src/general/install/perception_interfaces/include/perception_interfaces/perception_interfaces
-- Up-to-date: /home/parallels/ros2_ws/src/general/install/perception_interfaces/include/perception_interfaces/perception_interfaces/msg
-- Up-to-date: /home/parallels/ros2_ws/src/general/install/perception_interfaces/include/perception_interfaces/perception_interfaces/msg/rosidl_generator_c__visibility_control.h
-- Installing: /home/parallels/ros2_ws/src/general/install/perception_interfaces/include/perception_interfaces/perception_interfaces/msg/prop_array.h
-- Up-to-date: /home/parallels/ros2_ws/src/general/install/perception_interfaces/include/perception_interfaces/perception_interfaces/msg/detail
-- Installing: /home/parallels/ros2_ws/src/general/install/perception_interfaces/include/perception_interfaces/perception_interfaces/msg/detail/gate_array__functions.h
-- Installing: /home/parallels/ros2_ws/src/general/install/perception_interfaces/include/perception_interfaces/perception_interfaces/msg/detail/bounding_boxes__functions.c
-- Installing: /home/parallels/ros2_ws/src/general/install/perception_interfaces/include/perception_interfaces/perception_interfaces/msg/detail/gate_array__functions.c
-- Installing: /home/parallels/ros2_ws/src/general/install/perception_interfaces/include/perception_interfaces/perception_interfaces/msg/detail/gate_array__struct.h
-- Installing: /home/parallels/ros2_ws/src/general/install/perception_interfaces/include/perception_interfaces/perception_interfaces/msg/detail/bounding_box__struct.h
-- Up-to-date: /home/parallels/ros2_ws/src/general/install/perception_interfaces/include/perception_interfaces/perception_interfaces/msg/detail/lidar_detected_prop_array__functions.c
-- Up-to-date: /home/parallels/ros2_ws/src/general/install/perception_interfaces/include/perception_interfaces/perception_interfaces/msg/detail/lidar_detected_prop_array__type_support.h
-- Installing: /home/parallels/ros2_ws/src/general/install/perception_interfaces/include/perception_interfaces/perception_interfaces/msg/detail/gate__struct.h
-- Installing: /home/parallels/ros2_ws/src/general/install/perception_interfaces/include/perception_interfaces/perception_interfaces/msg/detail/bounding_box__functions.c
-- Installing: /home/parallels/ros2_ws/src/general/install/perception_interfaces/include/perception_interfaces/perception_interfaces/msg/detail/bounding_box__functions.h
-- Up-to-date: /home/parallels/ros2_ws/src/general/install/perception_interfaces/include/perception_interfaces/perception_interfaces/msg/detail/lidar_detected_prop__type_support.h
-- Installing: /home/parallels/ros2_ws/src/general/install/perception_interfaces/include/perception_interfaces/perception_interfaces/msg/detail/prop_array__functions.c
-- Installing: /home/parallels/ros2_ws/src/general/install/perception_interfaces/include/perception_interfaces/perception_interfaces/msg/detail/prop_array__functions.h
-- Installing: /home/parallels/ros2_ws/src/general/install/perception_interfaces/include/perception_interfaces/perception_interfaces/msg/detail/prop__type_support.h
-- Installing: /home/parallels/ros2_ws/src/general/install/perception_interfaces/include/perception_interfaces/perception_interfaces/msg/detail/prop__struct.h
-- Installing: /home/parallels/ros2_ws/src/general/install/perception_interfaces/include/perception_interfaces/perception_interfaces/msg/detail/prop_array__type_support.h
-- Installing: /home/parallels/ros2_ws/src/general/install/perception_interfaces/include/perception_interfaces/perception_interfaces/msg/detail/prop__functions.c
-- Up-to-date: /home/parallels/ros2_ws/src/general/install/perception_interfaces/include/perception_interfaces/perception_interfaces/msg/detail/lidar_detected_prop_array__struct.h
-- Installing: /home/parallels/ros2_ws/src/general/install/perception_interfaces/include/perception_interfaces/perception_interfaces/msg/detail/bounding_boxes__functions.h
-- Up-to-date: /home/parallels/ros2_ws/src/general/install/perception_interfaces/include/perception_interfaces/perception_interfaces/msg/detail/lidar_detected_prop__functions.h
-- Up-to-date: /home/parallels/ros2_ws/src/general/install/perception_interfaces/include/perception_interfaces/perception_interfaces/msg/detail/lidar_detected_prop_array__functions.h
-- Installing: /home/parallels/ros2_ws/src/general/install/perception_interfaces/include/perception_interfaces/perception_interfaces/msg/detail/gate_array__type_support.h
-- Installing: /home/parallels/ros2_ws/src/general/install/perception_interfaces/include/perception_interfaces/perception_interfaces/msg/detail/bounding_box__type_support.h
-- Up-to-date: /home/parallels/ros2_ws/src/general/install/perception_interfaces/include/perception_interfaces/perception_interfaces/msg/detail/lidar_detected_prop__functions.c
-- Installing: /home/parallels/ros2_ws/src/general/install/perception_interfaces/include/perception_interfaces/perception_interfaces/msg/detail/gate__type_support.h
-- Installing: /home/parallels/ros2_ws/src/general/install/perception_interfaces/include/perception_interfaces/perception_interfaces/msg/detail/gate__functions.c
-- Installing: /home/parallels/ros2_ws/src/general/install/perception_interfaces/include/perception_interfaces/perception_interfaces/msg/detail/bounding_boxes__struct.h
-- Installing: /home/parallels/ros2_ws/src/general/install/perception_interfaces/include/perception_interfaces/perception_interfaces/msg/detail/bounding_boxes__type_support.h
-- Installing: /home/parallels/ros2_ws/src/general/install/perception_interfaces/include/perception_interfaces/perception_interfaces/msg/detail/gate__functions.h
-- Up-to-date: /home/parallels/ros2_ws/src/general/install/perception_interfaces/include/perception_interfaces/perception_interfaces/msg/detail/lidar_detected_prop__struct.h
-- Installing: /home/parallels/ros2_ws/src/general/install/perception_interfaces/include/perception_interfaces/perception_interfaces/msg/detail/prop_array__struct.h
-- Installing: /home/parallels/ros2_ws/src/general/install/perception_interfaces/include/perception_interfaces/perception_interfaces/msg/detail/prop__functions.h
-- Installing: /home/parallels/ros2_ws/src/general/install/perception_interfaces/include/perception_interfaces/perception_interfaces/msg/bounding_boxes.h
-- Installing: /home/parallels/ros2_ws/src/general/install/perception_interfaces/include/perception_interfaces/perception_interfaces/msg/gate_array.h
-- Up-to-date: /home/parallels/ros2_ws/src/general/install/perception_interfaces/include/perception_interfaces/perception_interfaces/msg/lidar_detected_prop.h
-- Up-to-date: /home/parallels/ros2_ws/src/general/install/perception_interfaces/include/perception_interfaces/perception_interfaces/msg/lidar_detected_prop_array.h
-- Installing: /home/parallels/ros2_ws/src/general/install/perception_interfaces/include/perception_interfaces/perception_interfaces/msg/prop.h
-- Installing: /home/parallels/ros2_ws/src/general/install/perception_interfaces/include/perception_interfaces/perception_interfaces/msg/bounding_box.h
-- Installing: /home/parallels/ros2_ws/src/general/install/perception_interfaces/include/perception_interfaces/perception_interfaces/msg/gate.h
-- Up-to-date: /home/parallels/ros2_ws/src/general/install/perception_interfaces/share/perception_interfaces/environment/library_path.sh
-- Installing: /home/parallels/ros2_ws/src/general/install/perception_interfaces/share/perception_interfaces/environment/library_path.dsv
-- Installing: /home/parallels/ros2_ws/src/general/install/perception_interfaces/lib/libperception_interfaces__rosidl_generator_c.so
-- Set runtime path of "/home/parallels/ros2_ws/src/general/install/perception_interfaces/lib/libperception_interfaces__rosidl_generator_c.so" to ""
-- Up-to-date: /home/parallels/ros2_ws/src/general/install/perception_interfaces/include/perception_interfaces/perception_interfaces
-- Up-to-date: /home/parallels/ros2_ws/src/general/install/perception_interfaces/include/perception_interfaces/perception_interfaces/msg
-- Up-to-date: /home/parallels/ros2_ws/src/general/install/perception_interfaces/include/perception_interfaces/perception_interfaces/msg/detail
-- Up-to-date: /home/parallels/ros2_ws/src/general/install/perception_interfaces/include/perception_interfaces/perception_interfaces/msg/detail/lidar_detected_prop__rosidl_typesupport_fastrtps_c.h
-- Installing: /home/parallels/ros2_ws/src/general/install/perception_interfaces/include/perception_interfaces/perception_interfaces/msg/detail/prop_array__rosidl_typesupport_fastrtps_c.h
-- Installing: /home/parallels/ros2_ws/src/general/install/perception_interfaces/include/perception_interfaces/perception_interfaces/msg/detail/gate_array__rosidl_typesupport_fastrtps_c.h
-- Up-to-date: /home/parallels/ros2_ws/src/general/install/perception_interfaces/include/perception_interfaces/perception_interfaces/msg/detail/lidar_detected_prop_array__rosidl_typesupport_fastrtps_c.h
-- Installing: /home/parallels/ros2_ws/src/general/install/perception_interfaces/include/perception_interfaces/perception_interfaces/msg/detail/bounding_box__rosidl_typesupport_fastrtps_c.h
-- Installing: /home/parallels/ros2_ws/src/general/install/perception_interfaces/include/perception_interfaces/perception_interfaces/msg/detail/bounding_boxes__rosidl_typesupport_fastrtps_c.h
-- Installing: /home/parallels/ros2_ws/src/general/install/perception_interfaces/include/perception_interfaces/perception_interfaces/msg/detail/gate__rosidl_typesupport_fastrtps_c.h
-- Installing: /home/parallels/ros2_ws/src/general/install/perception_interfaces/include/perception_interfaces/perception_interfaces/msg/detail/prop__rosidl_typesupport_fastrtps_c.h
-- Up-to-date: /home/parallels/ros2_ws/src/general/install/perception_interfaces/include/perception_interfaces/perception_interfaces/msg/rosidl_typesupport_fastrtps_c__visibility_control.h
-- Installing: /home/parallels/ros2_ws/src/general/install/perception_interfaces/lib/libperception_interfaces__rosidl_typesupport_fastrtps_c.so
-- Set runtime path of "/home/parallels/ros2_ws/src/general/install/perception_interfaces/lib/libperception_interfaces__rosidl_typesupport_fastrtps_c.so" to ""
-- Up-to-date: /home/parallels/ros2_ws/src/general/install/perception_interfaces/include/perception_interfaces/perception_interfaces
-- Up-to-date: /home/parallels/ros2_ws/src/general/install/perception_interfaces/include/perception_interfaces/perception_interfaces/msg
-- Up-to-date: /home/parallels/ros2_ws/src/general/install/perception_interfaces/include/perception_interfaces/perception_interfaces/msg/detail
-- Installing: /home/parallels/ros2_ws/src/general/install/perception_interfaces/include/perception_interfaces/perception_interfaces/msg/detail/prop_array__traits.hpp
-- Installing: /home/parallels/ros2_ws/src/general/install/perception_interfaces/include/perception_interfaces/perception_interfaces/msg/detail/prop__struct.hpp
-- Installing: /home/parallels/ros2_ws/src/general/install/perception_interfaces/include/perception_interfaces/perception_interfaces/msg/detail/prop_array__builder.hpp
-- Installing: /home/parallels/ros2_ws/src/general/install/perception_interfaces/include/perception_interfaces/perception_interfaces/msg/detail/bounding_box__struct.hpp
-- Up-to-date: /home/parallels/ros2_ws/src/general/install/perception_interfaces/include/perception_interfaces/perception_interfaces/msg/detail/lidar_detected_prop__traits.hpp
-- Installing: /home/parallels/ros2_ws/src/general/install/perception_interfaces/include/perception_interfaces/perception_interfaces/msg/detail/gate__traits.hpp
-- Installing: /home/parallels/ros2_ws/src/general/install/perception_interfaces/include/perception_interfaces/perception_interfaces/msg/detail/gate__builder.hpp
-- Up-to-date: /home/parallels/ros2_ws/src/general/install/perception_interfaces/include/perception_interfaces/perception_interfaces/msg/detail/lidar_detected_prop_array__builder.hpp
-- Installing: /home/parallels/ros2_ws/src/general/install/perception_interfaces/include/perception_interfaces/perception_interfaces/msg/detail/prop_array__struct.hpp
-- Installing: /home/parallels/ros2_ws/src/general/install/perception_interfaces/include/perception_interfaces/perception_interfaces/msg/detail/gate_array__struct.hpp
-- Installing: /home/parallels/ros2_ws/src/general/install/perception_interfaces/include/perception_interfaces/perception_interfaces/msg/detail/prop__builder.hpp
-- Installing: /home/parallels/ros2_ws/src/general/install/perception_interfaces/include/perception_interfaces/perception_interfaces/msg/detail/bounding_box__traits.hpp
-- Up-to-date: /home/parallels/ros2_ws/src/general/install/perception_interfaces/include/perception_interfaces/perception_interfaces/msg/detail/lidar_detected_prop__builder.hpp
-- Installing: /home/parallels/ros2_ws/src/general/install/perception_interfaces/include/perception_interfaces/perception_interfaces/msg/detail/gate__struct.hpp
-- Installing: /home/parallels/ros2_ws/src/general/install/perception_interfaces/include/perception_interfaces/perception_interfaces/msg/detail/gate_array__traits.hpp
-- Up-to-date: /home/parallels/ros2_ws/src/general/install/perception_interfaces/include/perception_interfaces/perception_interfaces/msg/detail/lidar_detected_prop_array__traits.hpp
-- Up-to-date: /home/parallels/ros2_ws/src/general/install/perception_interfaces/include/perception_interfaces/perception_interfaces/msg/detail/lidar_detected_prop_array__struct.hpp
-- Installing: /home/parallels/ros2_ws/src/general/install/perception_interfaces/include/perception_interfaces/perception_interfaces/msg/detail/gate_array__builder.hpp
-- Installing: /home/parallels/ros2_ws/src/general/install/perception_interfaces/include/perception_interfaces/perception_interfaces/msg/detail/bounding_boxes__struct.hpp
-- Installing: /home/parallels/ros2_ws/src/general/install/perception_interfaces/include/perception_interfaces/perception_interfaces/msg/detail/bounding_boxes__builder.hpp
-- Installing: /home/parallels/ros2_ws/src/general/install/perception_interfaces/include/perception_interfaces/perception_interfaces/msg/detail/bounding_box__builder.hpp
-- Up-to-date: /home/parallels/ros2_ws/src/general/install/perception_interfaces/include/perception_interfaces/perception_interfaces/msg/detail/lidar_detected_prop__struct.hpp
-- Installing: /home/parallels/ros2_ws/src/general/install/perception_interfaces/include/perception_interfaces/perception_interfaces/msg/detail/prop__traits.hpp
-- Installing: /home/parallels/ros2_ws/src/general/install/perception_interfaces/include/perception_interfaces/perception_interfaces/msg/detail/bounding_boxes__traits.hpp
-- Installing: /home/parallels/ros2_ws/src/general/install/perception_interfaces/include/perception_interfaces/perception_interfaces/msg/prop_array.hpp
-- Up-to-date: /home/parallels/ros2_ws/src/general/install/perception_interfaces/include/perception_interfaces/perception_interfaces/msg/lidar_detected_prop.hpp
-- Installing: /home/parallels/ros2_ws/src/general/install/perception_interfaces/include/perception_interfaces/perception_interfaces/msg/gate.hpp
-- Up-to-date: /home/parallels/ros2_ws/src/general/install/perception_interfaces/include/perception_interfaces/perception_interfaces/msg/lidar_detected_prop_array.hpp
-- Installing: /home/parallels/ros2_ws/src/general/install/perception_interfaces/include/perception_interfaces/perception_interfaces/msg/gate_array.hpp
-- Installing: /home/parallels/ros2_ws/src/general/install/perception_interfaces/include/perception_interfaces/perception_interfaces/msg/bounding_box.hpp
-- Installing: /home/parallels/ros2_ws/src/general/install/perception_interfaces/include/perception_interfaces/perception_interfaces/msg/prop.hpp
-- Installing: /home/parallels/ros2_ws/src/general/install/perception_interfaces/include/perception_interfaces/perception_interfaces/msg/bounding_boxes.hpp
-- Up-to-date: /home/parallels/ros2_ws/src/general/install/perception_interfaces/include/perception_interfaces/perception_interfaces
-- Up-to-date: /home/parallels/ros2_ws/src/general/install/perception_interfaces/include/perception_interfaces/perception_interfaces/msg
-- Up-to-date: /home/parallels/ros2_ws/src/general/install/perception_interfaces/include/perception_interfaces/perception_interfaces/msg/detail
-- Up-to-date: /home/parallels/ros2_ws/src/general/install/perception_interfaces/include/perception_interfaces/perception_interfaces/msg/detail/lidar_detected_prop_array__rosidl_typesupport_fastrtps_cpp.hpp
-- Installing: /home/parallels/ros2_ws/src/general/install/perception_interfaces/include/perception_interfaces/perception_interfaces/msg/detail/gate__rosidl_typesupport_fastrtps_cpp.hpp
-- Installing: /home/parallels/ros2_ws/src/general/install/perception_interfaces/include/perception_interfaces/perception_interfaces/msg/detail/prop_array__rosidl_typesupport_fastrtps_cpp.hpp
-- Up-to-date: /home/parallels/ros2_ws/src/general/install/perception_interfaces/include/perception_interfaces/perception_interfaces/msg/detail/dds_fastrtps
-- Installing: /home/parallels/ros2_ws/src/general/install/perception_interfaces/include/perception_interfaces/perception_interfaces/msg/detail/gate_array__rosidl_typesupport_fastrtps_cpp.hpp
-- Installing: /home/parallels/ros2_ws/src/general/install/perception_interfaces/include/perception_interfaces/perception_interfaces/msg/detail/bounding_box__rosidl_typesupport_fastrtps_cpp.hpp
-- Up-to-date: /home/parallels/ros2_ws/src/general/install/perception_interfaces/include/perception_interfaces/perception_interfaces/msg/detail/lidar_detected_prop__rosidl_typesupport_fastrtps_cpp.hpp
-- Installing: /home/parallels/ros2_ws/src/general/install/perception_interfaces/include/perception_interfaces/perception_interfaces/msg/detail/bounding_boxes__rosidl_typesupport_fastrtps_cpp.hpp
-- Installing: /home/parallels/ros2_ws/src/general/install/perception_interfaces/include/perception_interfaces/perception_interfaces/msg/detail/prop__rosidl_typesupport_fastrtps_cpp.hpp
-- Up-to-date: /home/parallels/ros2_ws/src/general/install/perception_interfaces/include/perception_interfaces/perception_interfaces/msg/rosidl_typesupport_fastrtps_cpp__visibility_control.h
-- Installing: /home/parallels/ros2_ws/src/general/install/perception_interfaces/lib/libperception_interfaces__rosidl_typesupport_fastrtps_cpp.so
-- Set runtime path of "/home/parallels/ros2_ws/src/general/install/perception_interfaces/lib/libperception_interfaces__rosidl_typesupport_fastrtps_cpp.so" to ""
-- Up-to-date: /home/parallels/ros2_ws/src/general/install/perception_interfaces/include/perception_interfaces/perception_interfaces
-- Up-to-date: /home/parallels/ros2_ws/src/general/install/perception_interfaces/include/perception_interfaces/perception_interfaces/msg
-- Up-to-date: /home/parallels/ros2_ws/src/general/install/perception_interfaces/include/perception_interfaces/perception_interfaces/msg/detail
-- Up-to-date: /home/parallels/ros2_ws/src/general/install/perception_interfaces/include/perception_interfaces/perception_interfaces/msg/detail/lidar_detected_prop_array__type_support.c
-- Up-to-date: /home/parallels/ros2_ws/src/general/install/perception_interfaces/include/perception_interfaces/perception_interfaces/msg/detail/lidar_detected_prop__type_support.c
-- Installing: /home/parallels/ros2_ws/src/general/install/perception_interfaces/include/perception_interfaces/perception_interfaces/msg/detail/gate__rosidl_typesupport_introspection_c.h
-- Installing: /home/parallels/ros2_ws/src/general/install/perception_interfaces/include/perception_interfaces/perception_interfaces/msg/detail/prop_array__rosidl_typesupport_introspection_c.h
-- Installing: /home/parallels/ros2_ws/src/general/install/perception_interfaces/include/perception_interfaces/perception_interfaces/msg/detail/gate_array__rosidl_typesupport_introspection_c.h
-- Installing: /home/parallels/ros2_ws/src/general/install/perception_interfaces/include/perception_interfaces/perception_interfaces/msg/detail/bounding_boxes__type_support.c
-- Up-to-date: /home/parallels/ros2_ws/src/general/install/perception_interfaces/include/perception_interfaces/perception_interfaces/msg/detail/lidar_detected_prop__rosidl_typesupport_introspection_c.h
-- Installing: /home/parallels/ros2_ws/src/general/install/perception_interfaces/include/perception_interfaces/perception_interfaces/msg/detail/gate__type_support.c
-- Up-to-date: /home/parallels/ros2_ws/src/general/install/perception_interfaces/include/perception_interfaces/perception_interfaces/msg/detail/lidar_detected_prop_array__rosidl_typesupport_introspection_c.h
-- Installing: /home/parallels/ros2_ws/src/general/install/perception_interfaces/include/perception_interfaces/perception_interfaces/msg/detail/gate_array__type_support.c
-- Installing: /home/parallels/ros2_ws/src/general/install/perception_interfaces/include/perception_interfaces/perception_interfaces/msg/detail/bounding_boxes__rosidl_typesupport_introspection_c.h
-- Installing: /home/parallels/ros2_ws/src/general/install/perception_interfaces/include/perception_interfaces/perception_interfaces/msg/detail/prop__rosidl_typesupport_introspection_c.h
-- Installing: /home/parallels/ros2_ws/src/general/install/perception_interfaces/include/perception_interfaces/perception_interfaces/msg/detail/prop__type_support.c
-- Installing: /home/parallels/ros2_ws/src/general/install/perception_interfaces/include/perception_interfaces/perception_interfaces/msg/detail/bounding_box__type_support.c
-- Installing: /home/parallels/ros2_ws/src/general/install/perception_interfaces/include/perception_interfaces/perception_interfaces/msg/detail/prop_array__type_support.c
-- Installing: /home/parallels/ros2_ws/src/general/install/perception_interfaces/include/perception_interfaces/perception_interfaces/msg/detail/bounding_box__rosidl_typesupport_introspection_c.h
-- Up-to-date: /home/parallels/ros2_ws/src/general/install/perception_interfaces/include/perception_interfaces/perception_interfaces/msg/rosidl_typesupport_introspection_c__visibility_control.h
-- Installing: /home/parallels/ros2_ws/src/general/install/perception_interfaces/lib/libperception_interfaces__rosidl_typesupport_introspection_c.so
-- Set runtime path of "/home/parallels/ros2_ws/src/general/install/perception_interfaces/lib/libperception_interfaces__rosidl_typesupport_introspection_c.so" to ""
-- Installing: /home/parallels/ros2_ws/src/general/install/perception_interfaces/lib/libperception_interfaces__rosidl_typesupport_c.so
-- Set runtime path of "/home/parallels/ros2_ws/src/general/install/perception_interfaces/lib/libperception_interfaces__rosidl_typesupport_c.so" to ""
-- Up-to-date: /home/parallels/ros2_ws/src/general/install/perception_interfaces/include/perception_interfaces/perception_interfaces
-- Up-to-date: /home/parallels/ros2_ws/src/general/install/perception_interfaces/include/perception_interfaces/perception_interfaces/msg
-- Up-to-date: /home/parallels/ros2_ws/src/general/install/perception_interfaces/include/perception_interfaces/perception_interfaces/msg/detail
-- Installing: /home/parallels/ros2_ws/src/general/install/perception_interfaces/include/perception_interfaces/perception_interfaces/msg/detail/gate_array__rosidl_typesupport_introspection_cpp.hpp
-- Up-to-date: /home/parallels/ros2_ws/src/general/install/perception_interfaces/include/perception_interfaces/perception_interfaces/msg/detail/lidar_detected_prop_array__type_support.cpp
-- Installing: /home/parallels/ros2_ws/src/general/install/perception_interfaces/include/perception_interfaces/perception_interfaces/msg/detail/bounding_boxes__type_support.cpp
-- Installing: /home/parallels/ros2_ws/src/general/install/perception_interfaces/include/perception_interfaces/perception_interfaces/msg/detail/bounding_boxes__rosidl_typesupport_introspection_cpp.hpp
-- Up-to-date: /home/parallels/ros2_ws/src/general/install/perception_interfaces/include/perception_interfaces/perception_interfaces/msg/detail/lidar_detected_prop_array__rosidl_typesupport_introspection_cpp.hpp
-- Installing: /home/parallels/ros2_ws/src/general/install/perception_interfaces/include/perception_interfaces/perception_interfaces/msg/detail/prop_array__type_support.cpp
-- Installing: /home/parallels/ros2_ws/src/general/install/perception_interfaces/include/perception_interfaces/perception_interfaces/msg/detail/prop_array__rosidl_typesupport_introspection_cpp.hpp
-- Installing: /home/parallels/ros2_ws/src/general/install/perception_interfaces/include/perception_interfaces/perception_interfaces/msg/detail/bounding_box__rosidl_typesupport_introspection_cpp.hpp
-- Installing: /home/parallels/ros2_ws/src/general/install/perception_interfaces/include/perception_interfaces/perception_interfaces/msg/detail/prop__rosidl_typesupport_introspection_cpp.hpp
-- Installing: /home/parallels/ros2_ws/src/general/install/perception_interfaces/include/perception_interfaces/perception_interfaces/msg/detail/gate__type_support.cpp
-- Installing: /home/parallels/ros2_ws/src/general/install/perception_interfaces/include/perception_interfaces/perception_interfaces/msg/detail/bounding_box__type_support.cpp
-- Installing: /home/parallels/ros2_ws/src/general/install/perception_interfaces/include/perception_interfaces/perception_interfaces/msg/detail/gate_array__type_support.cpp
-- Installing: /home/parallels/ros2_ws/src/general/install/perception_interfaces/include/perception_interfaces/perception_interfaces/msg/detail/gate__rosidl_typesupport_introspection_cpp.hpp
-- Installing: /home/parallels/ros2_ws/src/general/install/perception_interfaces/include/perception_interfaces/perception_interfaces/msg/detail/prop__type_support.cpp
-- Up-to-date: /home/parallels/ros2_ws/src/general/install/perception_interfaces/include/perception_interfaces/perception_interfaces/msg/detail/lidar_detected_prop__rosidl_typesupport_introspection_cpp.hpp
-- Up-to-date: /home/parallels/ros2_ws/src/general/install/perception_interfaces/include/perception_interfaces/perception_interfaces/msg/detail/lidar_detected_prop__type_support.cpp
-- Installing: /home/parallels/ros2_ws/src/general/install/perception_interfaces/lib/libperception_interfaces__rosidl_typesupport_introspection_cpp.so
-- Set runtime path of "/home/parallels/ros2_ws/src/general/install/perception_interfaces/lib/libperception_interfaces__rosidl_typesupport_introspection_cpp.so" to ""
-- Installing: /home/parallels/ros2_ws/src/general/install/perception_interfaces/lib/libperception_interfaces__rosidl_typesupport_cpp.so
-- Set runtime path of "/home/parallels/ros2_ws/src/general/install/perception_interfaces/lib/libperception_interfaces__rosidl_typesupport_cpp.so" to ""
-- Up-to-date: /home/parallels/ros2_ws/src/general/install/perception_interfaces/share/perception_interfaces/environment/pythonpath.sh
-- Installing: /home/parallels/ros2_ws/src/general/install/perception_interfaces/share/perception_interfaces/environment/pythonpath.dsv
-- Up-to-date: /home/parallels/ros2_ws/src/general/install/perception_interfaces/local/lib/python3.10/dist-packages/perception_interfaces-0.0.0-py3.10.egg-info
-- Installing: /home/parallels/ros2_ws/src/general/install/perception_interfaces/local/lib/python3.10/dist-packages/perception_interfaces-0.0.0-py3.10.egg-info/dependency_links.txt
-- Installing: /home/parallels/ros2_ws/src/general/install/perception_interfaces/local/lib/python3.10/dist-packages/perception_interfaces-0.0.0-py3.10.egg-info/top_level.txt
-- Installing: /home/parallels/ros2_ws/src/general/install/perception_interfaces/local/lib/python3.10/dist-packages/perception_interfaces-0.0.0-py3.10.egg-info/PKG-INFO
-- Installing: /home/parallels/ros2_ws/src/general/install/perception_interfaces/local/lib/python3.10/dist-packages/perception_interfaces-0.0.0-py3.10.egg-info/SOURCES.txt
-- Up-to-date: /home/parallels/ros2_ws/src/general/install/perception_interfaces/local/lib/python3.10/dist-packages/perception_interfaces
-- Installing: /home/parallels/ros2_ws/src/general/install/perception_interfaces/local/lib/python3.10/dist-packages/perception_interfaces/_perception_interfaces_s.ep.rosidl_typesupport_introspection_c.c
-- Installing: /home/parallels/ros2_ws/src/general/install/perception_interfaces/local/lib/python3.10/dist-packages/perception_interfaces/perception_interfaces_s__rosidl_typesupport_c.cpython-310-aarch64-linux-gnu.so
-- Installing: /home/parallels/ros2_ws/src/general/install/perception_interfaces/local/lib/python3.10/dist-packages/perception_interfaces/_perception_interfaces_s.ep.rosidl_typesupport_c.c
-- Installing: /home/parallels/ros2_ws/src/general/install/perception_interfaces/local/lib/python3.10/dist-packages/perception_interfaces/perception_interfaces_s__rosidl_typesupport_fastrtps_c.cpython-310-aarch64-linux-gnu.so
-- Up-to-date: /home/parallels/ros2_ws/src/general/install/perception_interfaces/local/lib/python3.10/dist-packages/perception_interfaces/msg
-- Up-to-date: /home/parallels/ros2_ws/src/general/install/perception_interfaces/local/lib/python3.10/dist-packages/perception_interfaces/msg/_lidar_detected_prop_array.py
-- Installing: /home/parallels/ros2_ws/src/general/install/perception_interfaces/local/lib/python3.10/dist-packages/perception_interfaces/msg/_prop_array.py
-- Installing: /home/parallels/ros2_ws/src/general/install/perception_interfaces/local/lib/python3.10/dist-packages/perception_interfaces/msg/_bounding_boxes_s.c
-- Installing: /home/parallels/ros2_ws/src/general/install/perception_interfaces/local/lib/python3.10/dist-packages/perception_interfaces/msg/_gate_s.c
-- Installing: /home/parallels/ros2_ws/src/general/install/perception_interfaces/local/lib/python3.10/dist-packages/perception_interfaces/msg/_prop_array_s.c
-- Installing: /home/parallels/ros2_ws/src/general/install/perception_interfaces/local/lib/python3.10/dist-packages/perception_interfaces/msg/_bounding_box.py
-- Installing: /home/parallels/ros2_ws/src/general/install/perception_interfaces/local/lib/python3.10/dist-packages/perception_interfaces/msg/_gate_array_s.c
-- Up-to-date: /home/parallels/ros2_ws/src/general/install/perception_interfaces/local/lib/python3.10/dist-packages/perception_interfaces/msg/_lidar_detected_prop_array_s.c
-- Installing: /home/parallels/ros2_ws/src/general/install/perception_interfaces/local/lib/python3.10/dist-packages/perception_interfaces/msg/_bounding_box_s.c
-- Installing: /home/parallels/ros2_ws/src/general/install/perception_interfaces/local/lib/python3.10/dist-packages/perception_interfaces/msg/_gate_array.py
-- Installing: /home/parallels/ros2_ws/src/general/install/perception_interfaces/local/lib/python3.10/dist-packages/perception_interfaces/msg/_gate.py
-- Installing: /home/parallels/ros2_ws/src/general/install/perception_interfaces/local/lib/python3.10/dist-packages/perception_interfaces/msg/_prop.py
-- Up-to-date: /home/parallels/ros2_ws/src/general/install/perception_interfaces/local/lib/python3.10/dist-packages/perception_interfaces/msg/_lidar_detected_prop.py
-- Installing: /home/parallels/ros2_ws/src/general/install/perception_interfaces/local/lib/python3.10/dist-packages/perception_interfaces/msg/__init__.py
-- Up-to-date: /home/parallels/ros2_ws/src/general/install/perception_interfaces/local/lib/python3.10/dist-packages/perception_interfaces/msg/_lidar_detected_prop_s.c
-- Installing: /home/parallels/ros2_ws/src/general/install/perception_interfaces/local/lib/python3.10/dist-packages/perception_interfaces/msg/_bounding_boxes.py
-- Installing: /home/parallels/ros2_ws/src/general/install/perception_interfaces/local/lib/python3.10/dist-packages/perception_interfaces/msg/_prop_s.c
-- Installing: /home/parallels/ros2_ws/src/general/install/perception_interfaces/local/lib/python3.10/dist-packages/perception_interfaces/libperception_interfaces__rosidl_generator_py.so
-- Installing: /home/parallels/ros2_ws/src/general/install/perception_interfaces/local/lib/python3.10/dist-packages/perception_interfaces/__init__.py
-- Installing: /home/parallels/ros2_ws/src/general/install/perception_interfaces/local/lib/python3.10/dist-packages/perception_interfaces/perception_interfaces_s__rosidl_typesupport_introspection_c.cpython-310-aarch64-linux-gnu.so
-- Installing: /home/parallels/ros2_ws/src/general/install/perception_interfaces/local/lib/python3.10/dist-packages/perception_interfaces/_perception_interfaces_s.ep.rosidl_typesupport_fastrtps_c.c
Listing '/home/parallels/ros2_ws/src/general/install/perception_interfaces/local/lib/python3.10/dist-packages/perception_interfaces'...
Compiling '/home/parallels/ros2_ws/src/general/install/perception_interfaces/local/lib/python3.10/dist-packages/perception_interfaces/__init__.py'...
Listing '/home/parallels/ros2_ws/src/general/install/perception_interfaces/local/lib/python3.10/dist-packages/perception_interfaces/msg'...
Compiling '/home/parallels/ros2_ws/src/general/install/perception_interfaces/local/lib/python3.10/dist-packages/perception_interfaces/msg/__init__.py'...
Compiling '/home/parallels/ros2_ws/src/general/install/perception_interfaces/local/lib/python3.10/dist-packages/perception_interfaces/msg/_bounding_box.py'...
Compiling '/home/parallels/ros2_ws/src/general/install/perception_interfaces/local/lib/python3.10/dist-packages/perception_interfaces/msg/_bounding_boxes.py'...
Compiling '/home/parallels/ros2_ws/src/general/install/perception_interfaces/local/lib/python3.10/dist-packages/perception_interfaces/msg/_gate.py'...
Compiling '/home/parallels/ros2_ws/src/general/install/perception_interfaces/local/lib/python3.10/dist-packages/perception_interfaces/msg/_gate_array.py'...
Compiling '/home/parallels/ros2_ws/src/general/install/perception_interfaces/local/lib/python3.10/dist-packages/perception_interfaces/msg/_prop.py'...
Compiling '/home/parallels/ros2_ws/src/general/install/perception_interfaces/local/lib/python3.10/dist-packages/perception_interfaces/msg/_prop_array.py'...
-- Installing: /home/parallels/ros2_ws/src/general/install/perception_interfaces/local/lib/python3.10/dist-packages/perception_interfaces/perception_interfaces_s__rosidl_typesupport_fastrtps_c.cpython-310-aarch64-linux-gnu.so
-- Set runtime path of "/home/parallels/ros2_ws/src/general/install/perception_interfaces/local/lib/python3.10/dist-packages/perception_interfaces/perception_interfaces_s__rosidl_typesupport_fastrtps_c.cpython-310-aarch64-linux-gnu.so" to ""
-- Installing: /home/parallels/ros2_ws/src/general/install/perception_interfaces/local/lib/python3.10/dist-packages/perception_interfaces/perception_interfaces_s__rosidl_typesupport_introspection_c.cpython-310-aarch64-linux-gnu.so
-- Set runtime path of "/home/parallels/ros2_ws/src/general/install/perception_interfaces/local/lib/python3.10/dist-packages/perception_interfaces/perception_interfaces_s__rosidl_typesupport_introspection_c.cpython-310-aarch64-linux-gnu.so" to ""
-- Installing: /home/parallels/ros2_ws/src/general/install/perception_interfaces/local/lib/python3.10/dist-packages/perception_interfaces/perception_interfaces_s__rosidl_typesupport_c.cpython-310-aarch64-linux-gnu.so
-- Set runtime path of "/home/parallels/ros2_ws/src/general/install/perception_interfaces/local/lib/python3.10/dist-packages/perception_interfaces/perception_interfaces_s__rosidl_typesupport_c.cpython-310-aarch64-linux-gnu.so" to ""
-- Installing: /home/parallels/ros2_ws/src/general/install/perception_interfaces/lib/libperception_interfaces__rosidl_generator_py.so
-- Set runtime path of "/home/parallels/ros2_ws/src/general/install/perception_interfaces/lib/libperception_interfaces__rosidl_generator_py.so" to ""
-- Installing: /home/parallels/ros2_ws/src/general/install/perception_interfaces/share/perception_interfaces/msg/Prop.idl
-- Installing: /home/parallels/ros2_ws/src/general/install/perception_interfaces/share/perception_interfaces/msg/PropArray.idl
-- Installing: /home/parallels/ros2_ws/src/general/install/perception_interfaces/share/perception_interfaces/msg/BoundingBox.idl
-- Installing: /home/parallels/ros2_ws/src/general/install/perception_interfaces/share/perception_interfaces/msg/BoundingBoxes.idl
-- Installing: /home/parallels/ros2_ws/src/general/install/perception_interfaces/share/perception_interfaces/msg/Gate.idl
-- Installing: /home/parallels/ros2_ws/src/general/install/perception_interfaces/share/perception_interfaces/msg/GateArray.idl
-- Installing: /home/parallels/ros2_ws/src/general/install/perception_interfaces/share/perception_interfaces/msg/Prop.msg
-- Installing: /home/parallels/ros2_ws/src/general/install/perception_interfaces/share/perception_interfaces/msg/PropArray.msg
-- Installing: /home/parallels/ros2_ws/src/general/install/perception_interfaces/share/perception_interfaces/msg/BoundingBox.msg
-- Installing: /home/parallels/ros2_ws/src/general/install/perception_interfaces/share/perception_interfaces/msg/BoundingBoxes.msg
-- Installing: /home/parallels/ros2_ws/src/general/install/perception_interfaces/share/perception_interfaces/msg/Gate.msg
-- Installing: /home/parallels/ros2_ws/src/general/install/perception_interfaces/share/perception_interfaces/msg/GateArray.msg
-- Up-to-date: /home/parallels/ros2_ws/src/general/install/perception_interfaces/share/ament_index/resource_index/package_run_dependencies/perception_interfaces
-- Up-to-date: /home/parallels/ros2_ws/src/general/install/perception_interfaces/share/ament_index/resource_index/parent_prefix_path/perception_interfaces
-- Up-to-date: /home/parallels/ros2_ws/src/general/install/perception_interfaces/share/perception_interfaces/environment/ament_prefix_path.sh
-- Installing: /home/parallels/ros2_ws/src/general/install/perception_interfaces/share/perception_interfaces/environment/ament_prefix_path.dsv
-- Up-to-date: /home/parallels/ros2_ws/src/general/install/perception_interfaces/share/perception_interfaces/environment/path.sh
-- Installing: /home/parallels/ros2_ws/src/general/install/perception_interfaces/share/perception_interfaces/environment/path.dsv
-- Up-to-date: /home/parallels/ros2_ws/src/general/install/perception_interfaces/share/perception_interfaces/local_setup.bash
-- Up-to-date: /home/parallels/ros2_ws/src/general/install/perception_interfaces/share/perception_interfaces/local_setup.sh
-- Up-to-date: /home/parallels/ros2_ws/src/general/install/perception_interfaces/share/perception_interfaces/local_setup.zsh
-- Installing: /home/parallels/ros2_ws/src/general/install/perception_interfaces/share/perception_interfaces/local_setup.dsv
-- Installing: /home/parallels/ros2_ws/src/general/install/perception_interfaces/share/perception_interfaces/package.dsv
-- Up-to-date: /home/parallels/ros2_ws/src/general/install/perception_interfaces/share/ament_index/resource_index/packages/perception_interfaces
-- Up-to-date: /home/parallels/ros2_ws/src/general/install/perception_interfaces/share/perception_interfaces/cmake/export_perception_interfaces__rosidl_generator_cExport.cmake
-- Up-to-date: /home/parallels/ros2_ws/src/general/install/perception_interfaces/share/perception_interfaces/cmake/export_perception_interfaces__rosidl_generator_cExport-noconfig.cmake
-- Up-to-date: /home/parallels/ros2_ws/src/general/install/perception_interfaces/share/perception_interfaces/cmake/export_perception_interfaces__rosidl_typesupport_fastrtps_cExport.cmake
-- Up-to-date: /home/parallels/ros2_ws/src/general/install/perception_interfaces/share/perception_interfaces/cmake/export_perception_interfaces__rosidl_typesupport_fastrtps_cExport-noconfig.cmake
-- Up-to-date: /home/parallels/ros2_ws/src/general/install/perception_interfaces/share/perception_interfaces/cmake/export_perception_interfaces__rosidl_generator_cppExport.cmake
-- Up-to-date: /home/parallels/ros2_ws/src/general/install/perception_interfaces/share/perception_interfaces/cmake/export_perception_interfaces__rosidl_typesupport_fastrtps_cppExport.cmake
-- Up-to-date: /home/parallels/ros2_ws/src/general/install/perception_interfaces/share/perception_interfaces/cmake/export_perception_interfaces__rosidl_typesupport_fastrtps_cppExport-noconfig.cmake
-- Up-to-date: /home/parallels/ros2_ws/src/general/install/perception_interfaces/share/perception_interfaces/cmake/perception_interfaces__rosidl_typesupport_introspection_cExport.cmake
-- Up-to-date: /home/parallels/ros2_ws/src/general/install/perception_interfaces/share/perception_interfaces/cmake/perception_interfaces__rosidl_typesupport_introspection_cExport-noconfig.cmake
-- Up-to-date: /home/parallels/ros2_ws/src/general/install/perception_interfaces/share/perception_interfaces/cmake/perception_interfaces__rosidl_typesupport_cExport.cmake
-- Up-to-date: /home/parallels/ros2_ws/src/general/install/perception_interfaces/share/perception_interfaces/cmake/perception_interfaces__rosidl_typesupport_cExport-noconfig.cmake
-- Up-to-date: /home/parallels/ros2_ws/src/general/install/perception_interfaces/share/perception_interfaces/cmake/perception_interfaces__rosidl_typesupport_introspection_cppExport.cmake
-- Up-to-date: /home/parallels/ros2_ws/src/general/install/perception_interfaces/share/perception_interfaces/cmake/perception_interfaces__rosidl_typesupport_introspection_cppExport-noconfig.cmake
-- Up-to-date: /home/parallels/ros2_ws/src/general/install/perception_interfaces/share/perception_interfaces/cmake/perception_interfaces__rosidl_typesupport_cppExport.cmake
-- Up-to-date: /home/parallels/ros2_ws/src/general/install/perception_interfaces/share/perception_interfaces/cmake/perception_interfaces__rosidl_typesupport_cppExport-noconfig.cmake
-- Up-to-date: /home/parallels/ros2_ws/src/general/install/perception_interfaces/share/perception_interfaces/cmake/export_perception_interfaces__rosidl_generator_pyExport.cmake
-- Up-to-date: /home/parallels/ros2_ws/src/general/install/perception_interfaces/share/perception_interfaces/cmake/export_perception_interfaces__rosidl_generator_pyExport-noconfig.cmake
-- Installing: /home/parallels/ros2_ws/src/general/install/perception_interfaces/share/perception_interfaces/cmake/rosidl_cmake-extras.cmake
-- Up-to-date: /home/parallels/ros2_ws/src/general/install/perception_interfaces/share/perception_interfaces/cmake/ament_cmake_export_dependencies-extras.cmake
-- Up-to-date: /home/parallels/ros2_ws/src/general/install/perception_interfaces/share/perception_interfaces/cmake/ament_cmake_export_include_directories-extras.cmake
-- Up-to-date: /home/parallels/ros2_ws/src/general/install/perception_interfaces/share/perception_interfaces/cmake/ament_cmake_export_libraries-extras.cmake
-- Up-to-date: /home/parallels/ros2_ws/src/general/install/perception_interfaces/share/perception_interfaces/cmake/ament_cmake_export_targets-extras.cmake
-- Up-to-date: /home/parallels/ros2_ws/src/general/install/perception_interfaces/share/perception_interfaces/cmake/rosidl_cmake_export_typesupport_targets-extras.cmake
-- Up-to-date: /home/parallels/ros2_ws/src/general/install/perception_interfaces/share/perception_interfaces/cmake/rosidl_cmake_export_typesupport_libraries-extras.cmake
-- Up-to-date: /home/parallels/ros2_ws/src/general/install/perception_interfaces/share/perception_interfaces/cmake/perception_interfacesConfig.cmake
-- Up-to-date: /home/parallels/ros2_ws/src/general/install/perception_interfaces/share/perception_interfaces/cmake/perception_interfacesConfig-version.cmake
-- Up-to-date: /home/parallels/ros2_ws/src/general/install/perception_interfaces/share/perception_interfaces/package.xml
