[0.229s] Invoking command in '/home/robert/Projects/ros_ws/src/general/build/comp_tasks': AMENT_PREFIX_PATH=/home/robert/Projects/ros_ws/src/general/install/yolov8_msgs:/home/robert/Projects/ros_ws/src/general/install/comp_tasks_interfaces:${AMENT_PREFIX_PATH} CMAKE_PREFIX_PATH=/home/robert/Projects/ros_ws/src/general/install/yolov8_msgs:/home/robert/Projects/ros_ws/src/general/install/comp_tasks_interfaces:/opt/ros/humble LD_LIBRARY_PATH=/home/robert/Projects/ros_ws/src/general/install/yolov8_msgs/lib:/home/robert/Projects/ros_ws/src/general/install/comp_tasks_interfaces/lib:${LD_LIBRARY_PATH} PYTHONPATH=/home/robert/Projects/ros_ws/src/general/install/yolov8_msgs/local/lib/python3.10/dist-packages:/home/robert/Projects/ros_ws/src/general/install/comp_tasks_interfaces/local/lib/python3.10/dist-packages:${PYTHONPATH} /usr/bin/cmake /home/robert/Projects/ros_ws/src/general/comp_tasks -DCMAKE_INSTALL_PREFIX=/home/robert/Projects/ros_ws/src/general/install/comp_tasks
[0.239s] -- Found ament_cmake: 1.3.11 (/opt/ros/humble/share/ament_cmake/cmake)
[0.354s] -- Found rclcpp: 16.0.11 (/opt/ros/humble/share/rclcpp/cmake)
[0.379s] -- Found rosidl_generator_c: 3.1.6 (/opt/ros/humble/share/rosidl_generator_c/cmake)
[0.381s] -- Found rosidl_adapter: 3.1.6 (/opt/ros/humble/share/rosidl_adapter/cmake)
[0.386s] -- Found rosidl_generator_cpp: 3.1.6 (/opt/ros/humble/share/rosidl_generator_cpp/cmake)
[0.395s] -- Using all available rosidl_typesupport_c: rosidl_typesupport_fastrtps_c;rosidl_typesupport_introspection_c
[0.406s] -- Using all available rosidl_typesupport_cpp: rosidl_typesupport_fastrtps_cpp;rosidl_typesupport_introspection_cpp
[0.435s] -- Found rmw_implementation_cmake: 6.1.2 (/opt/ros/humble/share/rmw_implementation_cmake/cmake)
[0.436s] -- Found rmw_fastrtps_cpp: 6.2.7 (/opt/ros/humble/share/rmw_fastrtps_cpp/cmake)
[0.523s] -- Using RMW implementation 'rmw_fastrtps_cpp' as default
[0.569s] -- Found rclcpp_components: 16.0.11 (/opt/ros/humble/share/rclcpp_components/cmake)
[0.586s] -- Found composition: 0.20.5 (/opt/ros/humble/share/composition/cmake)
[0.586s] -- Found sensor_msgs: 4.2.4 (/opt/ros/humble/share/sensor_msgs/cmake)
[0.613s] -- Found mavros_msgs: 2.9.0 (/opt/ros/humble/share/mavros_msgs/cmake)
[0.665s] -- Found comp_tasks_interfaces: 0.0.0 (/home/robert/Projects/ros_ws/src/general/install/comp_tasks_interfaces/share/comp_tasks_interfaces/cmake)
[0.695s] -- Found yolov8_msgs: 0.0.0 (/home/robert/Projects/ros_ws/src/general/install/yolov8_msgs/share/yolov8_msgs/cmake)
[0.708s] -- Found tf2: 0.25.11 (/opt/ros/humble/share/tf2/cmake)
[0.711s] -- Found tf2_geometry_msgs: 0.25.11 (/opt/ros/humble/share/tf2_geometry_msgs/cmake)
[0.714s] -- Found eigen3_cmake_module: 0.1.1 (/opt/ros/humble/share/eigen3_cmake_module/cmake)
[0.715s] -- Ensuring Eigen3 include directory is part of orocos-kdl CMake target
[0.751s] -- Found visualization_msgs: 4.2.4 (/opt/ros/humble/share/visualization_msgs/cmake)
[0.769s] -- Found rclcpp_lifecycle: 16.0.11 (/opt/ros/humble/share/rclcpp_lifecycle/cmake)
[0.783s] -- Found ament_lint_auto: 0.12.11 (/opt/ros/humble/share/ament_lint_auto/cmake)
[0.851s] -- Added test 'cppcheck' to perform static code analysis on C / C++ code
[0.851s] -- Configured cppcheck include dirs: /home/robert/Projects/ros_ws/src/general/comp_tasks/include
[0.851s] -- Configured cppcheck exclude dirs and/or files: 
[0.852s] -- Added test 'flake8' to check Python code syntax and style conventions
[0.852s] -- Added test 'lint_cmake' to check CMake code style
[0.853s] -- Added test 'pep257' to check Python code against some of the docstring style conventions in PEP 257
[0.856s] -- Added test 'uncrustify' to check C / C++ code style
[0.856s] -- Configured uncrustify additional arguments: 
[0.856s] -- Added test 'xmllint' to check XML markup files
[0.869s] -- Configuring done
[0.919s] -- Generating done
[0.937s] -- Build files have been written to: /home/robert/Projects/ros_ws/src/general/build/comp_tasks
[0.945s] Invoked command in '/home/robert/Projects/ros_ws/src/general/build/comp_tasks' returned '0': AMENT_PREFIX_PATH=/home/robert/Projects/ros_ws/src/general/install/yolov8_msgs:/home/robert/Projects/ros_ws/src/general/install/comp_tasks_interfaces:${AMENT_PREFIX_PATH} CMAKE_PREFIX_PATH=/home/robert/Projects/ros_ws/src/general/install/yolov8_msgs:/home/robert/Projects/ros_ws/src/general/install/comp_tasks_interfaces:/opt/ros/humble LD_LIBRARY_PATH=/home/robert/Projects/ros_ws/src/general/install/yolov8_msgs/lib:/home/robert/Projects/ros_ws/src/general/install/comp_tasks_interfaces/lib:${LD_LIBRARY_PATH} PYTHONPATH=/home/robert/Projects/ros_ws/src/general/install/yolov8_msgs/local/lib/python3.10/dist-packages:/home/robert/Projects/ros_ws/src/general/install/comp_tasks_interfaces/local/lib/python3.10/dist-packages:${PYTHONPATH} /usr/bin/cmake /home/robert/Projects/ros_ws/src/general/comp_tasks -DCMAKE_INSTALL_PREFIX=/home/robert/Projects/ros_ws/src/general/install/comp_tasks
[0.947s] Invoking command in '/home/robert/Projects/ros_ws/src/general/build/comp_tasks': AMENT_PREFIX_PATH=/home/robert/Projects/ros_ws/src/general/install/yolov8_msgs:/home/robert/Projects/ros_ws/src/general/install/comp_tasks_interfaces:${AMENT_PREFIX_PATH} CMAKE_PREFIX_PATH=/home/robert/Projects/ros_ws/src/general/install/yolov8_msgs:/home/robert/Projects/ros_ws/src/general/install/comp_tasks_interfaces:/opt/ros/humble LD_LIBRARY_PATH=/home/robert/Projects/ros_ws/src/general/install/yolov8_msgs/lib:/home/robert/Projects/ros_ws/src/general/install/comp_tasks_interfaces/lib:${LD_LIBRARY_PATH} PYTHONPATH=/home/robert/Projects/ros_ws/src/general/install/yolov8_msgs/local/lib/python3.10/dist-packages:/home/robert/Projects/ros_ws/src/general/install/comp_tasks_interfaces/local/lib/python3.10/dist-packages:${PYTHONPATH} /usr/bin/cmake --build /home/robert/Projects/ros_ws/src/general/build/comp_tasks -- -j12 -l12
[0.997s] [  5%] [32mBuilding CXX object CMakeFiles/libtask_lib.dir/lib/task_lib.cpp.o[0m
[0.999s] [ 10%] [32mBuilding CXX object CMakeFiles/liblidar_calculations.dir/lib/lidar_calculations.cpp.o[0m
[1.002s] [ 15%] [32mBuilding CXX object CMakeFiles/maneuvering_component.dir/src/maneuvering_component.cpp.o[0m
[1.003s] [ 25%] [32mBuilding CXX object CMakeFiles/task_component.dir/src/task_component.cpp.o[0m
[1.003s] [ 25%] [32mBuilding CXX object CMakeFiles/libbbox_calculations.dir/lib/bbox_calculations.cpp.o[0m
[1.006s] [ 35%] [32mBuilding CXX object CMakeFiles/task_controller_component.dir/src/task_controller_component.cpp.o[0m
[1.006s] [ 35%] [32mBuilding CXX object CMakeFiles/mavros_repub_component.dir/src/mavros_repub_component.cpp.o[0m
[3.000s] [ 40%] [32m[1mLinking CXX static library liblibbbox_calculations.a[0m
[3.054s] [ 40%] Built target libbbox_calculations
[3.312s] [ 45%] [32m[1mLinking CXX static library libliblidar_calculations.a[0m
[3.347s] [ 45%] Built target liblidar_calculations
[4.071s] [01m[K/home/robert/Projects/ros_ws/src/general/comp_tasks/src/mavros_repub_component.cpp:[m[K In member function ‘[01m[Kvirtual void comp_tasks::MavROSRepublisher::taskLogic(const DetectionArray&)[m[K’:
[4.071s] [01m[K/home/robert/Projects/ros_ws/src/general/comp_tasks/src/mavros_repub_component.cpp:24:75:[m[K [01;35m[Kwarning: [m[Kunused parameter ‘[01m[Kdetections[m[K’ [[01;35m[K]8;;https://gcc.gnu.org/onlinedocs/gcc/Warning-Options.html#index-Wunused-parameter-Wunused-parameter]8;;[m[K]
[4.071s]    24 | void MavROSRepublisher::taskLogic([01;35m[Kconst yolov8_msgs::msg::DetectionArray& detections[m[K) {
[4.071s]       |                                   [01;35m[K~~~~~~~~~~~~~~~~~~~~~~~~~~~~~~~~~~~~~~~~^~~~~~~~~~[m[K
[4.394s] [ 50%] [32m[1mLinking CXX static library liblibtask_lib.a[0m
[4.428s] [ 50%] Built target libtask_lib
[5.003s] [ 55%] [32m[1mLinking CXX shared library libmaneuvering_component.so[0m
[5.152s] [ 55%] Built target maneuvering_component
[9.716s] [ 60%] [32m[1mLinking CXX shared library libmavros_repub_component.so[0m
[10.298s] [ 60%] Built target mavros_repub_component
[10.469s] [ 65%] [32m[1mLinking CXX shared library libtask_controller_component.so[0m
[10.879s] [ 65%] Built target task_controller_component
[10.898s] [ 70%] [32mBuilding CXX object CMakeFiles/task_controller_composition.dir/src/task_controller_composition.cpp.o[0m
[13.465s] [ 75%] [32m[1mLinking CXX executable task_controller_composition[0m
[13.632s] [ 75%] Built target task_controller_composition
[20.847s] [ 80%] [32m[1mLinking CXX shared library libtask_component.so[0m
[21.963s] [ 80%] Built target task_component
[21.981s] [ 90%] [32mBuilding CXX object CMakeFiles/mavros_repub_composition.dir/src/mavros_repub_composition.cpp.o[0m
[21.982s] [ 90%] [32mBuilding CXX object CMakeFiles/maneuvering_composition.dir/src/maneuvering_composition.cpp.o[0m
[24.882s] [ 95%] [32m[1mLinking CXX executable mavros_repub_composition[0m
[24.912s] [100%] [32m[1mLinking CXX executable maneuvering_composition[0m
[25.548s] [100%] Built target mavros_repub_composition
[25.574s] [100%] Built target maneuvering_composition
[25.585s] Invoked command in '/home/robert/Projects/ros_ws/src/general/build/comp_tasks' returned '0': AMENT_PREFIX_PATH=/home/robert/Projects/ros_ws/src/general/install/yolov8_msgs:/home/robert/Projects/ros_ws/src/general/install/comp_tasks_interfaces:${AMENT_PREFIX_PATH} CMAKE_PREFIX_PATH=/home/robert/Projects/ros_ws/src/general/install/yolov8_msgs:/home/robert/Projects/ros_ws/src/general/install/comp_tasks_interfaces:/opt/ros/humble LD_LIBRARY_PATH=/home/robert/Projects/ros_ws/src/general/install/yolov8_msgs/lib:/home/robert/Projects/ros_ws/src/general/install/comp_tasks_interfaces/lib:${LD_LIBRARY_PATH} PYTHONPATH=/home/robert/Projects/ros_ws/src/general/install/yolov8_msgs/local/lib/python3.10/dist-packages:/home/robert/Projects/ros_ws/src/general/install/comp_tasks_interfaces/local/lib/python3.10/dist-packages:${PYTHONPATH} /usr/bin/cmake --build /home/robert/Projects/ros_ws/src/general/build/comp_tasks -- -j12 -l12
[25.587s] Invoking command in '/home/robert/Projects/ros_ws/src/general/build/comp_tasks': AMENT_PREFIX_PATH=/home/robert/Projects/ros_ws/src/general/install/yolov8_msgs:/home/robert/Projects/ros_ws/src/general/install/comp_tasks_interfaces:${AMENT_PREFIX_PATH} CMAKE_PREFIX_PATH=/home/robert/Projects/ros_ws/src/general/install/yolov8_msgs:/home/robert/Projects/ros_ws/src/general/install/comp_tasks_interfaces:/opt/ros/humble LD_LIBRARY_PATH=/home/robert/Projects/ros_ws/src/general/install/yolov8_msgs/lib:/home/robert/Projects/ros_ws/src/general/install/comp_tasks_interfaces/lib:${LD_LIBRARY_PATH} PYTHONPATH=/home/robert/Projects/ros_ws/src/general/install/yolov8_msgs/local/lib/python3.10/dist-packages:/home/robert/Projects/ros_ws/src/general/install/comp_tasks_interfaces/local/lib/python3.10/dist-packages:${PYTHONPATH} /usr/bin/cmake --install /home/robert/Projects/ros_ws/src/general/build/comp_tasks
[25.594s] -- Install configuration: ""
[25.594s] -- Installing: /home/robert/Projects/ros_ws/src/general/install/comp_tasks/share/comp_tasks/launch
[25.594s] -- Installing: /home/robert/Projects/ros_ws/src/general/install/comp_tasks/share/comp_tasks/launch/yolo.launch.py
[25.594s] -- Installing: /home/robert/Projects/ros_ws/src/general/install/comp_tasks/share/comp_tasks/launch/record_rosbags.launch.py
[25.594s] -- Installing: /home/robert/Projects/ros_ws/src/general/install/comp_tasks/share/comp_tasks/launch/master.launch.py
[25.594s] -- Installing: /home/robert/Projects/ros_ws/src/general/install/comp_tasks/share/comp_tasks/launch/comp_tasks.launch.py
[25.594s] -- Installing: /home/robert/Projects/ros_ws/src/general/install/comp_tasks/share/comp_tasks/config
[25.595s] -- Installing: /home/robert/Projects/ros_ws/src/general/install/comp_tasks/share/comp_tasks/config/gps_points.yaml.bak
[25.595s] -- Installing: /home/robert/Projects/ros_ws/src/general/install/comp_tasks/share/comp_tasks/config/params.yaml
[25.595s] -- Installing: /home/robert/Projects/ros_ws/src/general/install/comp_tasks/share/comp_tasks/config/sim_params.yaml
[25.595s] -- Installing: /home/robert/Projects/ros_ws/src/general/install/comp_tasks/share/comp_tasks/config/gps_points.yaml
[25.595s] -- Installing: /home/robert/Projects/ros_ws/src/general/install/comp_tasks/share/ament_index/resource_index/package_run_dependencies/comp_tasks
[25.595s] -- Installing: /home/robert/Projects/ros_ws/src/general/install/comp_tasks/share/ament_index/resource_index/parent_prefix_path/comp_tasks
[25.595s] -- Installing: /home/robert/Projects/ros_ws/src/general/install/comp_tasks/share/comp_tasks/environment/ament_prefix_path.sh
[25.596s] -- Installing: /home/robert/Projects/ros_ws/src/general/install/comp_tasks/share/comp_tasks/environment/ament_prefix_path.dsv
[25.596s] -- Installing: /home/robert/Projects/ros_ws/src/general/install/comp_tasks/share/comp_tasks/environment/path.sh
[25.596s] -- Installing: /home/robert/Projects/ros_ws/src/general/install/comp_tasks/share/comp_tasks/environment/path.dsv
[25.596s] -- Installing: /home/robert/Projects/ros_ws/src/general/install/comp_tasks/share/comp_tasks/local_setup.bash
[25.596s] -- Installing: /home/robert/Projects/ros_ws/src/general/install/comp_tasks/share/comp_tasks/local_setup.sh
[25.596s] -- Installing: /home/robert/Projects/ros_ws/src/general/install/comp_tasks/share/comp_tasks/local_setup.zsh
[25.596s] -- Installing: /home/robert/Projects/ros_ws/src/general/install/comp_tasks/share/comp_tasks/local_setup.dsv
[25.597s] -- Installing: /home/robert/Projects/ros_ws/src/general/install/comp_tasks/share/comp_tasks/package.dsv
[25.597s] -- Installing: /home/robert/Projects/ros_ws/src/general/install/comp_tasks/share/ament_index/resource_index/packages/comp_tasks
[25.597s] -- Installing: /home/robert/Projects/ros_ws/src/general/install/comp_tasks/share/comp_tasks/cmake/comp_tasksConfig.cmake
[25.597s] -- Installing: /home/robert/Projects/ros_ws/src/general/install/comp_tasks/share/comp_tasks/cmake/comp_tasksConfig-version.cmake
[25.597s] -- Installing: /home/robert/Projects/ros_ws/src/general/install/comp_tasks/share/comp_tasks/package.xml
[25.597s] -- Installing: /home/robert/Projects/ros_ws/src/general/install/comp_tasks/lib/libmaneuvering_component.so
[25.598s] -- Set runtime path of "/home/robert/Projects/ros_ws/src/general/install/comp_tasks/lib/libmaneuvering_component.so" to ""
[25.598s] -- Installing: /home/robert/Projects/ros_ws/src/general/install/comp_tasks/lib/comp_tasks/maneuvering_composition
[25.599s] -- Set runtime path of "/home/robert/Projects/ros_ws/src/general/install/comp_tasks/lib/comp_tasks/maneuvering_composition" to ""
[25.599s] -- Installing: /home/robert/Projects/ros_ws/src/general/install/comp_tasks/lib/libmavros_repub_component.so
[25.606s] -- Set runtime path of "/home/robert/Projects/ros_ws/src/general/install/comp_tasks/lib/libmavros_repub_component.so" to ""
[25.606s] -- Installing: /home/robert/Projects/ros_ws/src/general/install/comp_tasks/lib/comp_tasks/mavros_repub_composition
[25.607s] -- Set runtime path of "/home/robert/Projects/ros_ws/src/general/install/comp_tasks/lib/comp_tasks/mavros_repub_composition" to ""
[25.607s] -- Installing: /home/robert/Projects/ros_ws/src/general/install/comp_tasks/lib/libtask_component.so
[25.628s] -- Set runtime path of "/home/robert/Projects/ros_ws/src/general/install/comp_tasks/lib/libtask_component.so" to ""
[25.628s] -- Installing: /home/robert/Projects/ros_ws/src/general/install/comp_tasks/lib/libtask_controller_component.so
[25.636s] -- Set runtime path of "/home/robert/Projects/ros_ws/src/general/install/comp_tasks/lib/libtask_controller_component.so" to ""
[25.637s] -- Installing: /home/robert/Projects/ros_ws/src/general/install/comp_tasks/lib/comp_tasks/task_controller_composition
[25.637s] -- Set runtime path of "/home/robert/Projects/ros_ws/src/general/install/comp_tasks/lib/comp_tasks/task_controller_composition" to ""
[25.639s] Invoked command in '/home/robert/Projects/ros_ws/src/general/build/comp_tasks' returned '0': AMENT_PREFIX_PATH=/home/robert/Projects/ros_ws/src/general/install/yolov8_msgs:/home/robert/Projects/ros_ws/src/general/install/comp_tasks_interfaces:${AMENT_PREFIX_PATH} CMAKE_PREFIX_PATH=/home/robert/Projects/ros_ws/src/general/install/yolov8_msgs:/home/robert/Projects/ros_ws/src/general/install/comp_tasks_interfaces:/opt/ros/humble LD_LIBRARY_PATH=/home/robert/Projects/ros_ws/src/general/install/yolov8_msgs/lib:/home/robert/Projects/ros_ws/src/general/install/comp_tasks_interfaces/lib:${LD_LIBRARY_PATH} PYTHONPATH=/home/robert/Projects/ros_ws/src/general/install/yolov8_msgs/local/lib/python3.10/dist-packages:/home/robert/Projects/ros_ws/src/general/install/comp_tasks_interfaces/local/lib/python3.10/dist-packages:${PYTHONPATH} /usr/bin/cmake --install /home/robert/Projects/ros_ws/src/general/build/comp_tasks
