[0.007s] Invoking command in '/home/parallels/ros2_ws/src/general/build/laser_segmentation': CMAKE_PREFIX_PATH=${CMAKE_PREFIX_PATH}:/home/parallels/ros2_ws/install/ardupilot_dds_tests:/opt/ros/humble /usr/bin/cmake --build /home/parallels/ros2_ws/src/general/build/laser_segmentation -- -j2 -l2
[0.049s] [35m[1mConsolidate compiler generated dependencies of target gtest_main[0m
[0.050s] [35m[1mConsolidate compiler generated dependencies of target laser_segmentation_component[0m
[0.064s] [ 11%] Built target gtest_main
[0.067s] [ 41%] Built target laser_segmentation_component
[0.072s] [35m[1mConsolidate compiler generated dependencies of target gtest[0m
[0.079s] [35m[1mConsolidate compiler generated dependencies of target laser_segmentation[0m
[0.087s] [ 52%] Built target gtest
[0.092s] [ 64%] Built target laser_segmentation
[0.096s] [35m[1mConsolidate compiler generated dependencies of target test_segmentations[0m
[0.106s] [ 76%] Built target test_segmentations
[0.107s] [35m[1mConsolidate compiler generated dependencies of target test_laser_segmentation[0m
[0.121s] [35m[1mConsolidate compiler generated dependencies of target test_integration[0m
[0.133s] [ 88%] Built target test_laser_segmentation
[0.141s] [100%] Built target test_integration
[0.151s] Invoked command in '/home/parallels/ros2_ws/src/general/build/laser_segmentation' returned '0': CMAKE_PREFIX_PATH=${CMAKE_PREFIX_PATH}:/home/parallels/ros2_ws/install/ardupilot_dds_tests:/opt/ros/humble /usr/bin/cmake --build /home/parallels/ros2_ws/src/general/build/laser_segmentation -- -j2 -l2
[0.185s] Invoking command in '/home/parallels/ros2_ws/src/general/build/laser_segmentation': CMAKE_PREFIX_PATH=${CMAKE_PREFIX_PATH}:/home/parallels/ros2_ws/install/ardupilot_dds_tests:/opt/ros/humble /usr/bin/cmake --install /home/parallels/ros2_ws/src/general/build/laser_segmentation
[0.192s] -- Install configuration: "Release"
[0.192s] -- Installing: /home/parallels/ros2_ws/src/general/install/laser_segmentation/lib/liblaser_segmentation_component.so
[0.196s] -- Set runtime path of "/home/parallels/ros2_ws/src/general/install/laser_segmentation/lib/liblaser_segmentation_component.so" to ""
[0.196s] -- Installing: /home/parallels/ros2_ws/src/general/install/laser_segmentation/lib/laser_segmentation/laser_segmentation
[0.196s] -- Set runtime path of "/home/parallels/ros2_ws/src/general/install/laser_segmentation/lib/laser_segmentation/laser_segmentation" to ""
[0.196s] -- Installing: /home/parallels/ros2_ws/src/general/install/laser_segmentation/include/laser_segmentation
[0.196s] -- Installing: /home/parallels/ros2_ws/src/general/install/laser_segmentation/include/laser_segmentation/parameter_handler.hpp
[0.196s] -- Installing: /home/parallels/ros2_ws/src/general/install/laser_segmentation/include/laser_segmentation/parula.hpp
[0.197s] -- Installing: /home/parallels/ros2_ws/src/general/install/laser_segmentation/include/laser_segmentation/laser_segmentation.hpp
[0.197s] -- Installing: /home/parallels/ros2_ws/src/general/install/laser_segmentation/include/laser_segmentation/segmentation
[0.197s] -- Installing: /home/parallels/ros2_ws/src/general/install/laser_segmentation/include/laser_segmentation/segmentation/segmentation.hpp
[0.197s] -- Installing: /home/parallels/ros2_ws/src/general/install/laser_segmentation/include/laser_segmentation/segmentation/jump_distance.hpp
[0.197s] -- Installing: /home/parallels/ros2_ws/src/general/install/laser_segmentation/include/laser_segmentation/segmentation/jump_distance_merge.hpp
[0.197s] -- Installing: /home/parallels/ros2_ws/src/general/install/laser_segmentation/share/laser_segmentation//launch
[0.197s] -- Installing: /home/parallels/ros2_ws/src/general/install/laser_segmentation/share/laser_segmentation//launch/segmentation.launch.py
[0.198s] -- Installing: /home/parallels/ros2_ws/src/general/install/laser_segmentation/share/laser_segmentation//params
[0.198s] -- Installing: /home/parallels/ros2_ws/src/general/install/laser_segmentation/share/laser_segmentation//params/default_params.yml
[0.198s] -- Installing: /home/parallels/ros2_ws/src/general/install/laser_segmentation/share/laser_segmentation//params/close_steps_detect.yml
[0.198s] -- Installing: /home/parallels/ros2_ws/src/general/install/laser_segmentation/share/laser_segmentation/environment/library_path.sh
[0.198s] -- Installing: /home/parallels/ros2_ws/src/general/install/laser_segmentation/share/laser_segmentation/environment/library_path.dsv
[0.199s] -- Installing: /home/parallels/ros2_ws/src/general/install/laser_segmentation/share/ament_index/resource_index/package_run_dependencies/laser_segmentation
[0.199s] -- Installing: /home/parallels/ros2_ws/src/general/install/laser_segmentation/share/ament_index/resource_index/parent_prefix_path/laser_segmentation
[0.199s] -- Installing: /home/parallels/ros2_ws/src/general/install/laser_segmentation/share/laser_segmentation/environment/ament_prefix_path.sh
[0.199s] -- Installing: /home/parallels/ros2_ws/src/general/install/laser_segmentation/share/laser_segmentation/environment/ament_prefix_path.dsv
[0.199s] -- Installing: /home/parallels/ros2_ws/src/general/install/laser_segmentation/share/laser_segmentation/environment/path.sh
[0.199s] -- Installing: /home/parallels/ros2_ws/src/general/install/laser_segmentation/share/laser_segmentation/environment/path.dsv
[0.200s] -- Installing: /home/parallels/ros2_ws/src/general/install/laser_segmentation/share/laser_segmentation/local_setup.bash
[0.200s] -- Installing: /home/parallels/ros2_ws/src/general/install/laser_segmentation/share/laser_segmentation/local_setup.sh
[0.200s] -- Installing: /home/parallels/ros2_ws/src/general/install/laser_segmentation/share/laser_segmentation/local_setup.zsh
[0.200s] -- Installing: /home/parallels/ros2_ws/src/general/install/laser_segmentation/share/laser_segmentation/local_setup.dsv
[0.200s] -- Installing: /home/parallels/ros2_ws/src/general/install/laser_segmentation/share/laser_segmentation/package.dsv
[0.200s] -- Installing: /home/parallels/ros2_ws/src/general/install/laser_segmentation/share/ament_index/resource_index/packages/laser_segmentation
[0.200s] -- Installing: /home/parallels/ros2_ws/src/general/install/laser_segmentation/share/ament_index/resource_index/rclcpp_components/laser_segmentation
[0.201s] -- Installing: /home/parallels/ros2_ws/src/general/install/laser_segmentation/share/laser_segmentation/cmake/ament_cmake_export_include_directories-extras.cmake
[0.201s] -- Installing: /home/parallels/ros2_ws/src/general/install/laser_segmentation/share/laser_segmentation/cmake/ament_cmake_export_libraries-extras.cmake
[0.201s] -- Installing: /home/parallels/ros2_ws/src/general/install/laser_segmentation/share/laser_segmentation/cmake/ament_cmake_export_dependencies-extras.cmake
[0.201s] -- Installing: /home/parallels/ros2_ws/src/general/install/laser_segmentation/share/laser_segmentation/cmake/laser_segmentationConfig.cmake
[0.201s] -- Installing: /home/parallels/ros2_ws/src/general/install/laser_segmentation/share/laser_segmentation/cmake/laser_segmentationConfig-version.cmake
[0.201s] -- Installing: /home/parallels/ros2_ws/src/general/install/laser_segmentation/share/laser_segmentation/package.xml
[0.203s] Invoked command in '/home/parallels/ros2_ws/src/general/build/laser_segmentation' returned '0': CMAKE_PREFIX_PATH=${CMAKE_PREFIX_PATH}:/home/parallels/ros2_ws/install/ardupilot_dds_tests:/opt/ros/humble /usr/bin/cmake --install /home/parallels/ros2_ws/src/general/build/laser_segmentation
