[0.260s] Invoking command in '/home/robert/Projects/ros_ws/src/general/build/comp_tasks': AMENT_PREFIX_PATH=/home/robert/Projects/ros_ws/src/general/install/yolov8_msgs:/home/robert/Projects/ros_ws/src/general/install/comp_tasks_interfaces:${AMENT_PREFIX_PATH} CMAKE_PREFIX_PATH=/home/robert/Projects/ros_ws/src/general/install/yolov8_msgs:/home/robert/Projects/ros_ws/src/general/install/comp_tasks_interfaces:/opt/ros/humble LD_LIBRARY_PATH=/home/robert/Projects/ros_ws/src/general/install/yolov8_msgs/lib:/home/robert/Projects/ros_ws/src/general/install/comp_tasks_interfaces/lib:${LD_LIBRARY_PATH} PYTHONPATH=/home/robert/Projects/ros_ws/src/general/install/yolov8_msgs/local/lib/python3.10/dist-packages:/home/robert/Projects/ros_ws/src/general/install/comp_tasks_interfaces/local/lib/python3.10/dist-packages:${PYTHONPATH} /usr/bin/cmake /home/robert/Projects/ros_ws/src/general/comp_tasks -DCMAKE_INSTALL_PREFIX=/home/robert/Projects/ros_ws/src/general/install/comp_tasks
[0.317s] -- The C compiler identification is GNU 11.4.0
[0.373s] -- The CXX compiler identification is GNU 11.4.0
[0.381s] -- Detecting C compiler ABI info
[0.448s] -- Detecting C compiler ABI info - done
[0.455s] -- Check for working C compiler: /usr/bin/cc - skipped
[0.455s] -- Detecting C compile features
[0.455s] -- Detecting C compile features - done
[0.458s] -- Detecting CXX compiler ABI info
[0.535s] -- Detecting CXX compiler ABI info - done
[0.544s] -- Check for working CXX compiler: /usr/bin/c++ - skipped
[0.544s] -- Detecting CXX compile features
[0.545s] -- Detecting CXX compile features - done
[0.547s] -- Found ament_cmake: 1.3.11 (/opt/ros/humble/share/ament_cmake/cmake)
[0.694s] -- Found Python3: /usr/bin/python3 (found version "3.10.12") found components: Interpreter 
[0.779s] -- Found rclcpp: 16.0.11 (/opt/ros/humble/share/rclcpp/cmake)
[0.818s] -- Found rosidl_generator_c: 3.1.6 (/opt/ros/humble/share/rosidl_generator_c/cmake)
[0.823s] -- Found rosidl_adapter: 3.1.6 (/opt/ros/humble/share/rosidl_adapter/cmake)
[0.831s] -- Found rosidl_generator_cpp: 3.1.6 (/opt/ros/humble/share/rosidl_generator_cpp/cmake)
[0.843s] -- Using all available rosidl_typesupport_c: rosidl_typesupport_fastrtps_c;rosidl_typesupport_introspection_c
[0.859s] -- Using all available rosidl_typesupport_cpp: rosidl_typesupport_fastrtps_cpp;rosidl_typesupport_introspection_cpp
[0.903s] -- Found rmw_implementation_cmake: 6.1.2 (/opt/ros/humble/share/rmw_implementation_cmake/cmake)
[0.907s] -- Found rmw_fastrtps_cpp: 6.2.7 (/opt/ros/humble/share/rmw_fastrtps_cpp/cmake)
[0.988s] -- Found OpenSSL: /usr/lib/x86_64-linux-gnu/libcrypto.so (found version "3.0.2")  
[1.013s] -- Found FastRTPS: /opt/ros/humble/include  
[1.054s] -- Using RMW implementation 'rmw_fastrtps_cpp' as default
[1.063s] -- Looking for pthread.h
[1.133s] -- Looking for pthread.h - found
[1.134s] -- Performing Test CMAKE_HAVE_LIBC_PTHREAD
[1.203s] -- Performing Test CMAKE_HAVE_LIBC_PTHREAD - Success
[1.205s] -- Found Threads: TRUE  
[1.259s] -- Found rclcpp_components: 16.0.11 (/opt/ros/humble/share/rclcpp_components/cmake)
[1.287s] -- Found composition: 0.20.5 (/opt/ros/humble/share/composition/cmake)
[1.289s] -- Found sensor_msgs: 4.2.4 (/opt/ros/humble/share/sensor_msgs/cmake)
[1.322s] -- Found mavros_msgs: 2.9.0 (/opt/ros/humble/share/mavros_msgs/cmake)
[1.397s] -- Found comp_tasks_interfaces: 0.0.0 (/home/robert/Projects/ros_ws/src/general/install/comp_tasks_interfaces/share/comp_tasks_interfaces/cmake)
[1.432s] -- Found yolov8_msgs: 0.0.0 (/home/robert/Projects/ros_ws/src/general/install/yolov8_msgs/share/yolov8_msgs/cmake)
[1.448s] -- Found tf2: 0.25.11 (/opt/ros/humble/share/tf2/cmake)
[1.452s] -- Found tf2_geometry_msgs: 0.25.11 (/opt/ros/humble/share/tf2_geometry_msgs/cmake)
[1.464s] -- Found eigen3_cmake_module: 0.1.1 (/opt/ros/humble/share/eigen3_cmake_module/cmake)
[1.465s] -- Found Eigen3: TRUE (found version "3.4.0") 
[1.465s] -- Ensuring Eigen3 include directory is part of orocos-kdl CMake target
[1.509s] -- Found visualization_msgs: 4.2.4 (/opt/ros/humble/share/visualization_msgs/cmake)
[1.529s] -- Found rclcpp_lifecycle: 16.0.11 (/opt/ros/humble/share/rclcpp_lifecycle/cmake)
[1.549s] -- Found ament_lint_auto: 0.12.11 (/opt/ros/humble/share/ament_lint_auto/cmake)
[1.631s] -- Added test 'cppcheck' to perform static code analysis on C / C++ code
[1.631s] -- Configured cppcheck include dirs: /home/robert/Projects/ros_ws/src/general/comp_tasks/include
[1.631s] -- Configured cppcheck exclude dirs and/or files: 
[1.632s] -- Added test 'flake8' to check Python code syntax and style conventions
[1.633s] -- Added test 'lint_cmake' to check CMake code style
[1.633s] -- Added test 'pep257' to check Python code against some of the docstring style conventions in PEP 257
[1.635s] -- Added test 'uncrustify' to check C / C++ code style
[1.635s] -- Configured uncrustify additional arguments: 
[1.636s] -- Added test 'xmllint' to check XML markup files
[1.642s] [31mCMake Error at /opt/ros/humble/share/ament_cmake_target_dependencies/cmake/ament_target_dependencies.cmake:77 (message):
[1.642s]   ament_target_dependencies() the passed package name 'example_interfaces'
[1.642s]   was not found before
[1.642s] Call Stack (most recent call first):
[1.642s]   CMakeLists.txt:129 (ament_target_dependencies)
[1.643s] 
[1.643s] [0m
[1.643s] -- Configuring incomplete, errors occurred!
[1.643s] See also "/home/robert/Projects/ros_ws/src/general/build/comp_tasks/CMakeFiles/CMakeOutput.log".
[1.653s] Invoked command in '/home/robert/Projects/ros_ws/src/general/build/comp_tasks' returned '1': AMENT_PREFIX_PATH=/home/robert/Projects/ros_ws/src/general/install/yolov8_msgs:/home/robert/Projects/ros_ws/src/general/install/comp_tasks_interfaces:${AMENT_PREFIX_PATH} CMAKE_PREFIX_PATH=/home/robert/Projects/ros_ws/src/general/install/yolov8_msgs:/home/robert/Projects/ros_ws/src/general/install/comp_tasks_interfaces:/opt/ros/humble LD_LIBRARY_PATH=/home/robert/Projects/ros_ws/src/general/install/yolov8_msgs/lib:/home/robert/Projects/ros_ws/src/general/install/comp_tasks_interfaces/lib:${LD_LIBRARY_PATH} PYTHONPATH=/home/robert/Projects/ros_ws/src/general/install/yolov8_msgs/local/lib/python3.10/dist-packages:/home/robert/Projects/ros_ws/src/general/install/comp_tasks_interfaces/local/lib/python3.10/dist-packages:${PYTHONPATH} /usr/bin/cmake /home/robert/Projects/ros_ws/src/general/comp_tasks -DCMAKE_INSTALL_PREFIX=/home/robert/Projects/ros_ws/src/general/install/comp_tasks
