[  1%] Built target perception_interfaces__cpp
[35m[1mConsolidate compiler generated dependencies of target perception_interfaces__rosidl_generator_c[0m
[  2%] [32mBuilding C object CMakeFiles/perception_interfaces__rosidl_generator_c.dir/rosidl_generator_c/perception_interfaces/msg/detail/coordinates__functions.c.o[0m
[  2%] Built target ament_cmake_python_copy_perception_interfaces
[35m[1mConsolidate compiler generated dependencies of target perception_interfaces__rosidl_typesupport_cpp[0m
[ 13%] Built target perception_interfaces__rosidl_typesupport_cpp
[ 14%] [34m[1mGenerating C++ type support for eProsima Fast-RTPS[0m
In file included from [01m[K/home/parallels/ros2_ws/src/general/build/perception_interfaces/rosidl_generator_c/perception_interfaces/msg/detail/coordinates__functions.h:19[m[K,
                 from [01m[K/home/parallels/ros2_ws/src/general/build/perception_interfaces/rosidl_generator_c/perception_interfaces/msg/detail/coordinates__functions.c:4[m[K:
[01m[K/home/parallels/ros2_ws/src/general/build/perception_interfaces/rosidl_generator_c/perception_interfaces/msg/detail/coordinates__struct.h:27:3:[m[K [01;31m[Kerror: [m[Kunknown type name ‘[01m[Kperception_interfaces__msg__Coordinates__Sequence[m[K’
   27 |   [01;31m[Kperception_interfaces__msg__Coordinates__Sequence[m[K coordinates;
      |   [01;31m[K^~~~~~~~~~~~~~~~~~~~~~~~~~~~~~~~~~~~~~~~~~~~~~~~~[m[K
[01m[K/home/parallels/ros2_ws/src/general/build/perception_interfaces/rosidl_generator_c/perception_interfaces/msg/detail/coordinates__functions.c:[m[K In function ‘[01m[Kperception_interfaces__msg__Coordinates__init[m[K’:
[01m[K/home/parallels/ros2_ws/src/general/build/perception_interfaces/rosidl_generator_c/perception_interfaces/msg/detail/coordinates__functions.c:26:64:[m[K [01;35m[Kwarning: [m[Kpassing argument 1 of ‘[01m[Kperception_interfaces__msg__Coordinates__Sequence__init[m[K’ from incompatible pointer type [[01;35m[K-Wincompatible-pointer-types[m[K]
   26 |   if (!perception_interfaces__msg__Coordinates__Sequence__init([01;35m[K&msg->coordinates[m[K, 0)) {
      |                                                                [01;35m[K^~~~~~~~~~~~~~~~~[m[K
      |                                                                [01;35m[K|[m[K
      |                                                                [01;35m[Kint *[m[K
In file included from [01m[K/home/parallels/ros2_ws/src/general/build/perception_interfaces/rosidl_generator_c/perception_interfaces/msg/detail/coordinates__functions.c:4[m[K:
[01m[K/home/parallels/ros2_ws/src/general/build/perception_interfaces/rosidl_generator_c/perception_interfaces/msg/detail/coordinates__functions.h:109:109:[m[K [01;36m[Knote: [m[Kexpected ‘[01m[Kperception_interfaces__msg__Coordinates__Sequence *[m[K’ but argument is of type ‘[01m[Kint *[m[K’
  109 | perception_interfaces__msg__Coordinates__Sequence__init([01;36m[Kperception_interfaces__msg__Coordinates__Sequence * array[m[K, size_t size);
      |                                                         [01;36m[K~~~~~~~~~~~~~~~~~~~~~~~~~~~~~~~~~~~~~~~~~~~~~~~~~~~~^~~~~[m[K
[01m[K/home/parallels/ros2_ws/src/general/build/perception_interfaces/rosidl_generator_c/perception_interfaces/msg/detail/coordinates__functions.c:[m[K In function ‘[01m[Kperception_interfaces__msg__Coordinates__fini[m[K’:
[01m[K/home/parallels/ros2_ws/src/general/build/perception_interfaces/rosidl_generator_c/perception_interfaces/msg/detail/coordinates__functions.c:40:59:[m[K [01;35m[Kwarning: [m[Kpassing argument 1 of ‘[01m[Kperception_interfaces__msg__Coordinates__Sequence__fini[m[K’ from incompatible pointer type [[01;35m[K-Wincompatible-pointer-types[m[K]
   40 |   perception_interfaces__msg__Coordinates__Sequence__fini([01;35m[K&msg->coordinates[m[K);
      |                                                           [01;35m[K^~~~~~~~~~~~~~~~~[m[K
      |                                                           [01;35m[K|[m[K
      |                                                           [01;35m[Kint *[m[K
In file included from [01m[K/home/parallels/ros2_ws/src/general/build/perception_interfaces/rosidl_generator_c/perception_interfaces/msg/detail/coordinates__functions.c:4[m[K:
[01m[K/home/parallels/ros2_ws/src/general/build/perception_interfaces/rosidl_generator_c/perception_interfaces/msg/detail/coordinates__functions.h:121:109:[m[K [01;36m[Knote: [m[Kexpected ‘[01m[Kperception_interfaces__msg__Coordinates__Sequence *[m[K’ but argument is of type ‘[01m[Kint *[m[K’
  121 | perception_interfaces__msg__Coordinates__Sequence__fini([01;36m[Kperception_interfaces__msg__Coordinates__Sequence * array[m[K);
      |                                                         [01;36m[K~~~~~~~~~~~~~~~~~~~~~~~~~~~~~~~~~~~~~~~~~~~~~~~~~~~~^~~~~[m[K
[01m[K/home/parallels/ros2_ws/src/general/build/perception_interfaces/rosidl_generator_c/perception_interfaces/msg/detail/coordinates__functions.c:[m[K In function ‘[01m[Kperception_interfaces__msg__Coordinates__are_equal[m[K’:
[01m[K/home/parallels/ros2_ws/src/general/build/perception_interfaces/rosidl_generator_c/perception_interfaces/msg/detail/coordinates__functions.c:51:7:[m[K [01;35m[Kwarning: [m[Kpassing argument 1 of ‘[01m[Kperception_interfaces__msg__Coordinates__Sequence__are_equal[m[K’ from incompatible pointer type [[01;35m[K-Wincompatible-pointer-types[m[K]
   51 |       [01;35m[K&(lhs->coordinates)[m[K, &(rhs->coordinates)))
      |       [01;35m[K^~~~~~~~~~~~~~~~~~~[m[K
      |       [01;35m[K|[m[K
      |       [01;35m[Kconst int *[m[K
In file included from [01m[K/home/parallels/ros2_ws/src/general/build/perception_interfaces/rosidl_generator_c/perception_interfaces/msg/detail/coordinates__functions.c:4[m[K:
[01m[K/home/parallels/ros2_ws/src/general/build/perception_interfaces/rosidl_generator_c/perception_interfaces/msg/detail/coordinates__functions.h:154:120:[m[K [01;36m[Knote: [m[Kexpected ‘[01m[Kconst perception_interfaces__msg__Coordinates__Sequence *[m[K’ but argument is of type ‘[01m[Kconst int *[m[K’
  154 | perception_interfaces__msg__Coordinates__Sequence__are_equal([01;36m[Kconst perception_interfaces__msg__Coordinates__Sequence * lhs[m[K, const perception_interfaces__msg__Coordinates__Sequence * rhs);
      |                                                              [01;36m[K~~~~~~~~~~~~~~~~~~~~~~~~~~~~~~~~~~~~~~~~~~~~~~~~~~~~~~~~~~^~~[m[K
[01m[K/home/parallels/ros2_ws/src/general/build/perception_interfaces/rosidl_generator_c/perception_interfaces/msg/detail/coordinates__functions.c:51:28:[m[K [01;35m[Kwarning: [m[Kpassing argument 2 of ‘[01m[Kperception_interfaces__msg__Coordinates__Sequence__are_equal[m[K’ from incompatible pointer type [[01;35m[K-Wincompatible-pointer-types[m[K]
   51 |       &(lhs->coordinates), [01;35m[K&(rhs->coordinates)[m[K))
      |                            [01;35m[K^~~~~~~~~~~~~~~~~~~[m[K
      |                            [01;35m[K|[m[K
      |                            [01;35m[Kconst int *[m[K
In file included from [01m[K/home/parallels/ros2_ws/src/general/build/perception_interfaces/rosidl_generator_c/perception_interfaces/msg/detail/coordinates__functions.c:4[m[K:
[01m[K/home/parallels/ros2_ws/src/general/build/perception_interfaces/rosidl_generator_c/perception_interfaces/msg/detail/coordinates__functions.h:154:183:[m[K [01;36m[Knote: [m[Kexpected ‘[01m[Kconst perception_interfaces__msg__Coordinates__Sequence *[m[K’ but argument is of type ‘[01m[Kconst int *[m[K’
  154 | perception_interfaces__msg__Coordinates__Sequence__are_equal(const perception_interfaces__msg__Coordinates__Sequence * lhs, [01;36m[Kconst perception_interfaces__msg__Coordinates__Sequence * rhs[m[K);
      |                                                                                                                             [01;36m[K~~~~~~~~~~~~~~~~~~~~~~~~~~~~~~~~~~~~~~~~~~~~~~~~~~~~~~~~~~^~~[m[K
[01m[K/home/parallels/ros2_ws/src/general/build/perception_interfaces/rosidl_generator_c/perception_interfaces/msg/detail/coordinates__functions.c:[m[K In function ‘[01m[Kperception_interfaces__msg__Coordinates__copy[m[K’:
[01m[K/home/parallels/ros2_ws/src/general/build/perception_interfaces/rosidl_generator_c/perception_interfaces/msg/detail/coordinates__functions.c:68:7:[m[K [01;35m[Kwarning: [m[Kpassing argument 1 of ‘[01m[Kperception_interfaces__msg__Coordinates__Sequence__copy[m[K’ from incompatible pointer type [[01;35m[K-Wincompatible-pointer-types[m[K]
   68 |       [01;35m[K&(input->coordinates)[m[K, &(output->coordinates)))
      |       [01;35m[K^~~~~~~~~~~~~~~~~~~~~[m[K
      |       [01;35m[K|[m[K
      |       [01;35m[Kconst int *[m[K
In file included from [01m[K/home/parallels/ros2_ws/src/general/build/perception_interfaces/rosidl_generator_c/perception_interfaces/msg/detail/coordinates__functions.c:4[m[K:
[01m[K/home/parallels/ros2_ws/src/general/build/perception_interfaces/rosidl_generator_c/perception_interfaces/msg/detail/coordinates__functions.h:170:61:[m[K [01;36m[Knote: [m[Kexpected ‘[01m[Kconst perception_interfaces__msg__Coordinates__Sequence *[m[K’ but argument is of type ‘[01m[Kconst int *[m[K’
  170 |   [01;36m[Kconst perception_interfaces__msg__Coordinates__Sequence * input[m[K,
      |   [01;36m[K~~~~~~~~~~~~~~~~~~~~~~~~~~~~~~~~~~~~~~~~~~~~~~~~~~~~~~~~~~^~~~~[m[K
[01m[K/home/parallels/ros2_ws/src/general/build/perception_interfaces/rosidl_generator_c/perception_interfaces/msg/detail/coordinates__functions.c:68:30:[m[K [01;35m[Kwarning: [m[Kpassing argument 2 of ‘[01m[Kperception_interfaces__msg__Coordinates__Sequence__copy[m[K’ from incompatible pointer type [[01;35m[K-Wincompatible-pointer-types[m[K]
   68 |       &(input->coordinates), [01;35m[K&(output->coordinates)[m[K))
      |                              [01;35m[K^~~~~~~~~~~~~~~~~~~~~~[m[K
      |                              [01;35m[K|[m[K
      |                              [01;35m[Kint *[m[K
In file included from [01m[K/home/parallels/ros2_ws/src/general/build/perception_interfaces/rosidl_generator_c/perception_interfaces/msg/detail/coordinates__functions.c:4[m[K:
[01m[K/home/parallels/ros2_ws/src/general/build/perception_interfaces/rosidl_generator_c/perception_interfaces/msg/detail/coordinates__functions.h:171:55:[m[K [01;36m[Knote: [m[Kexpected ‘[01m[Kperception_interfaces__msg__Coordinates__Sequence *[m[K’ but argument is of type ‘[01m[Kint *[m[K’
  171 |   [01;36m[Kperception_interfaces__msg__Coordinates__Sequence * output[m[K);
      |   [01;36m[K~~~~~~~~~~~~~~~~~~~~~~~~~~~~~~~~~~~~~~~~~~~~~~~~~~~~^~~~~~[m[K
gmake[2]: *** [CMakeFiles/perception_interfaces__rosidl_generator_c.dir/build.make:377: CMakeFiles/perception_interfaces__rosidl_generator_c.dir/rosidl_generator_c/perception_interfaces/msg/detail/coordinates__functions.c.o] Error 1
gmake[1]: *** [CMakeFiles/Makefile2:213: CMakeFiles/perception_interfaces__rosidl_generator_c.dir/all] Error 2
gmake[1]: *** Waiting for unfinished jobs....
[35m[1mConsolidate compiler generated dependencies of target perception_interfaces__rosidl_typesupport_fastrtps_cpp[0m
[ 16%] [32mBuilding CXX object CMakeFiles/perception_interfaces__rosidl_typesupport_fastrtps_cpp.dir/rosidl_typesupport_fastrtps_cpp/perception_interfaces/msg/detail/dds_fastrtps/prop__type_support.cpp.o[0m
[ 17%] [32mBuilding CXX object CMakeFiles/perception_interfaces__rosidl_typesupport_fastrtps_cpp.dir/rosidl_typesupport_fastrtps_cpp/perception_interfaces/msg/detail/dds_fastrtps/prop_array__type_support.cpp.o[0m
[ 18%] [32mBuilding CXX object CMakeFiles/perception_interfaces__rosidl_typesupport_fastrtps_cpp.dir/rosidl_typesupport_fastrtps_cpp/perception_interfaces/msg/detail/dds_fastrtps/bounding_box__type_support.cpp.o[0m
[ 19%] [32mBuilding CXX object CMakeFiles/perception_interfaces__rosidl_typesupport_fastrtps_cpp.dir/rosidl_typesupport_fastrtps_cpp/perception_interfaces/msg/detail/dds_fastrtps/bounding_boxes__type_support.cpp.o[0m
[ 20%] [32mBuilding CXX object CMakeFiles/perception_interfaces__rosidl_typesupport_fastrtps_cpp.dir/rosidl_typesupport_fastrtps_cpp/perception_interfaces/msg/detail/dds_fastrtps/gate__type_support.cpp.o[0m
[ 21%] [32mBuilding CXX object CMakeFiles/perception_interfaces__rosidl_typesupport_fastrtps_cpp.dir/rosidl_typesupport_fastrtps_cpp/perception_interfaces/msg/detail/dds_fastrtps/gate_array__type_support.cpp.o[0m
[ 22%] [32mBuilding CXX object CMakeFiles/perception_interfaces__rosidl_typesupport_fastrtps_cpp.dir/rosidl_typesupport_fastrtps_cpp/perception_interfaces/msg/detail/dds_fastrtps/coordinate__type_support.cpp.o[0m
[ 24%] [32mBuilding CXX object CMakeFiles/perception_interfaces__rosidl_typesupport_fastrtps_cpp.dir/rosidl_typesupport_fastrtps_cpp/perception_interfaces/msg/detail/dds_fastrtps/coordinates__type_support.cpp.o[0m
[01m[K/home/parallels/ros2_ws/src/general/build/perception_interfaces/rosidl_typesupport_fastrtps_cpp/perception_interfaces/msg/detail/dds_fastrtps/coordinates__type_support.cpp:25:6:[m[K [01;35m[Kwarning: [m[Kredundant redeclaration of ‘[01m[Kbool perception_interfaces::msg::typesupport_fastrtps_cpp::cdr_serialize(const Coordinates&, eprosima::fastcdr::Cdr&)[m[K’ in same scope [[01;35m[K-Wredundant-decls[m[K]
   25 | bool [01;35m[Kcdr_serialize[m[K(
      |      [01;35m[K^~~~~~~~~~~~~[m[K
In file included from [01m[K/home/parallels/ros2_ws/src/general/build/perception_interfaces/rosidl_typesupport_fastrtps_cpp/perception_interfaces/msg/detail/dds_fastrtps/coordinates__type_support.cpp:4[m[K:
[01m[K/home/parallels/ros2_ws/src/general/build/perception_interfaces/rosidl_typesupport_fastrtps_cpp/perception_interfaces/msg/detail/coordinates__rosidl_typesupport_fastrtps_cpp.hpp:38:1:[m[K [01;36m[Knote: [m[Kprevious declaration of ‘[01m[Kbool perception_interfaces::msg::typesupport_fastrtps_cpp::cdr_serialize(const Coordinates&, eprosima::fastcdr::Cdr&)[m[K’
   38 | [01;36m[Kcdr_serialize[m[K(
      | [01;36m[K^~~~~~~~~~~~~[m[K
[01m[K/home/parallels/ros2_ws/src/general/build/perception_interfaces/rosidl_typesupport_fastrtps_cpp/perception_interfaces/msg/detail/dds_fastrtps/coordinates__type_support.cpp:28:6:[m[K [01;35m[Kwarning: [m[Kredundant redeclaration of ‘[01m[Kbool perception_interfaces::msg::typesupport_fastrtps_cpp::cdr_deserialize(eprosima::fastcdr::Cdr&, perception_interfaces::msg::Coordinates&)[m[K’ in same scope [[01;35m[K-Wredundant-decls[m[K]
   28 | bool [01;35m[Kcdr_deserialize[m[K(
      |      [01;35m[K^~~~~~~~~~~~~~~[m[K
In file included from [01m[K/home/parallels/ros2_ws/src/general/build/perception_interfaces/rosidl_typesupport_fastrtps_cpp/perception_interfaces/msg/detail/dds_fastrtps/coordinates__type_support.cpp:4[m[K:
[01m[K/home/parallels/ros2_ws/src/general/build/perception_interfaces/rosidl_typesupport_fastrtps_cpp/perception_interfaces/msg/detail/coordinates__rosidl_typesupport_fastrtps_cpp.hpp:44:1:[m[K [01;36m[Knote: [m[Kprevious declaration of ‘[01m[Kbool perception_interfaces::msg::typesupport_fastrtps_cpp::cdr_deserialize(eprosima::fastcdr::Cdr&, perception_interfaces::msg::Coordinates&)[m[K’
   44 | [01;36m[Kcdr_deserialize[m[K(
      | [01;36m[K^~~~~~~~~~~~~~~[m[K
[01m[K/home/parallels/ros2_ws/src/general/build/perception_interfaces/rosidl_typesupport_fastrtps_cpp/perception_interfaces/msg/detail/dds_fastrtps/coordinates__type_support.cpp:31:8:[m[K [01;35m[Kwarning: [m[Kredundant redeclaration of ‘[01m[Ksize_t perception_interfaces::msg::typesupport_fastrtps_cpp::get_serialized_size(const Coordinates&, size_t)[m[K’ in same scope [[01;35m[K-Wredundant-decls[m[K]
   31 | size_t [01;35m[Kget_serialized_size[m[K(
      |        [01;35m[K^~~~~~~~~~~~~~~~~~~[m[K
In file included from [01m[K/home/parallels/ros2_ws/src/general/build/perception_interfaces/rosidl_typesupport_fastrtps_cpp/perception_interfaces/msg/detail/dds_fastrtps/coordinates__type_support.cpp:4[m[K:
[01m[K/home/parallels/ros2_ws/src/general/build/perception_interfaces/rosidl_typesupport_fastrtps_cpp/perception_interfaces/msg/detail/coordinates__rosidl_typesupport_fastrtps_cpp.hpp:50:1:[m[K [01;36m[Knote: [m[Kprevious declaration of ‘[01m[Ksize_t perception_interfaces::msg::typesupport_fastrtps_cpp::get_serialized_size(const Coordinates&, size_t)[m[K’
   50 | [01;36m[Kget_serialized_size[m[K(
      | [01;36m[K^~~~~~~~~~~~~~~~~~~[m[K
[01m[K/home/parallels/ros2_ws/src/general/build/perception_interfaces/rosidl_typesupport_fastrtps_cpp/perception_interfaces/msg/detail/dds_fastrtps/coordinates__type_support.cpp:35:1:[m[K [01;35m[Kwarning: [m[Kredundant redeclaration of ‘[01m[Ksize_t perception_interfaces::msg::typesupport_fastrtps_cpp::max_serialized_size_Coordinates(bool&, bool&, size_t)[m[K’ in same scope [[01;35m[K-Wredundant-decls[m[K]
   35 | [01;35m[Kmax_serialized_size_Coordinates[m[K(
      | [01;35m[K^~~~~~~~~~~~~~~~~~~~~~~~~~~~~~~[m[K
In file included from [01m[K/home/parallels/ros2_ws/src/general/build/perception_interfaces/rosidl_typesupport_fastrtps_cpp/perception_interfaces/msg/detail/dds_fastrtps/coordinates__type_support.cpp:4[m[K:
[01m[K/home/parallels/ros2_ws/src/general/build/perception_interfaces/rosidl_typesupport_fastrtps_cpp/perception_interfaces/msg/detail/coordinates__rosidl_typesupport_fastrtps_cpp.hpp:56:1:[m[K [01;36m[Knote: [m[Kprevious declaration of ‘[01m[Ksize_t perception_interfaces::msg::typesupport_fastrtps_cpp::max_serialized_size_Coordinates(bool&, bool&, size_t)[m[K’
   56 | [01;36m[Kmax_serialized_size_Coordinates[m[K(
      | [01;36m[K^~~~~~~~~~~~~~~~~~~~~~~~~~~~~~~[m[K
[ 25%] [32m[1mLinking CXX shared library libperception_interfaces__rosidl_typesupport_fastrtps_cpp.so[0m
[ 25%] Built target perception_interfaces__rosidl_typesupport_fastrtps_cpp
gmake: *** [Makefile:146: all] Error 2
