[0.008s] Invoking command in '/home/robert/Projects/ros_ws/src/general/build/yolov8_bringup': AMENT_PREFIX_PATH=/home/robert/Projects/ros_ws/src/general/install/yolov8_ros:/home/robert/Projects/ros_ws/src/general/install/yolov8_msgs:${AMENT_PREFIX_PATH} CMAKE_PREFIX_PATH=/home/robert/Projects/ros_ws/src/general/install/yolov8_msgs:/opt/ros/humble LD_LIBRARY_PATH=/home/robert/Projects/ros_ws/src/general/install/yolov8_msgs/lib:${LD_LIBRARY_PATH} PYTHONPATH=/home/robert/Projects/ros_ws/src/general/install/yolov8_ros/lib/python3.10/site-packages:/home/robert/Projects/ros_ws/src/general/install/yolov8_msgs/local/lib/python3.10/dist-packages:${PYTHONPATH} /usr/bin/cmake --build /home/robert/Projects/ros_ws/src/general/build/yolov8_bringup -- -j12 -l12
[0.040s] Invoked command in '/home/robert/Projects/ros_ws/src/general/build/yolov8_bringup' returned '0': AMENT_PREFIX_PATH=/home/robert/Projects/ros_ws/src/general/install/yolov8_ros:/home/robert/Projects/ros_ws/src/general/install/yolov8_msgs:${AMENT_PREFIX_PATH} CMAKE_PREFIX_PATH=/home/robert/Projects/ros_ws/src/general/install/yolov8_msgs:/opt/ros/humble LD_LIBRARY_PATH=/home/robert/Projects/ros_ws/src/general/install/yolov8_msgs/lib:${LD_LIBRARY_PATH} PYTHONPATH=/home/robert/Projects/ros_ws/src/general/install/yolov8_ros/lib/python3.10/site-packages:/home/robert/Projects/ros_ws/src/general/install/yolov8_msgs/local/lib/python3.10/dist-packages:${PYTHONPATH} /usr/bin/cmake --build /home/robert/Projects/ros_ws/src/general/build/yolov8_bringup -- -j12 -l12
[0.041s] Invoking command in '/home/robert/Projects/ros_ws/src/general/build/yolov8_bringup': AMENT_PREFIX_PATH=/home/robert/Projects/ros_ws/src/general/install/yolov8_ros:/home/robert/Projects/ros_ws/src/general/install/yolov8_msgs:${AMENT_PREFIX_PATH} CMAKE_PREFIX_PATH=/home/robert/Projects/ros_ws/src/general/install/yolov8_msgs:/opt/ros/humble LD_LIBRARY_PATH=/home/robert/Projects/ros_ws/src/general/install/yolov8_msgs/lib:${LD_LIBRARY_PATH} PYTHONPATH=/home/robert/Projects/ros_ws/src/general/install/yolov8_ros/lib/python3.10/site-packages:/home/robert/Projects/ros_ws/src/general/install/yolov8_msgs/local/lib/python3.10/dist-packages:${PYTHONPATH} /usr/bin/cmake --install /home/robert/Projects/ros_ws/src/general/build/yolov8_bringup
[0.048s] -- Install configuration: ""
[0.048s] -- Up-to-date: /home/robert/Projects/ros_ws/src/general/install/yolov8_bringup/share/yolov8_bringup//launch
[0.048s] -- Up-to-date: /home/robert/Projects/ros_ws/src/general/install/yolov8_bringup/share/yolov8_bringup//launch/yolov8.launch.py
[0.048s] -- Up-to-date: /home/robert/Projects/ros_ws/src/general/install/yolov8_bringup/share/yolov8_bringup//launch/yolov10.launch.py
[0.048s] -- Up-to-date: /home/robert/Projects/ros_ws/src/general/install/yolov8_bringup/share/yolov8_bringup//launch/yolov8_3d.launch.py
[0.048s] -- Up-to-date: /home/robert/Projects/ros_ws/src/general/install/yolov8_bringup/share/yolov8_bringup//launch/yolov9.launch.py
[0.048s] -- Up-to-date: /home/robert/Projects/ros_ws/src/general/install/yolov8_bringup/share/ament_index/resource_index/package_run_dependencies/yolov8_bringup
[0.048s] -- Up-to-date: /home/robert/Projects/ros_ws/src/general/install/yolov8_bringup/share/ament_index/resource_index/parent_prefix_path/yolov8_bringup
[0.048s] -- Up-to-date: /home/robert/Projects/ros_ws/src/general/install/yolov8_bringup/share/yolov8_bringup/environment/ament_prefix_path.sh
[0.048s] -- Up-to-date: /home/robert/Projects/ros_ws/src/general/install/yolov8_bringup/share/yolov8_bringup/environment/ament_prefix_path.dsv
[0.048s] -- Up-to-date: /home/robert/Projects/ros_ws/src/general/install/yolov8_bringup/share/yolov8_bringup/environment/path.sh
[0.048s] -- Up-to-date: /home/robert/Projects/ros_ws/src/general/install/yolov8_bringup/share/yolov8_bringup/environment/path.dsv
[0.048s] -- Up-to-date: /home/robert/Projects/ros_ws/src/general/install/yolov8_bringup/share/yolov8_bringup/local_setup.bash
[0.049s] -- Up-to-date: /home/robert/Projects/ros_ws/src/general/install/yolov8_bringup/share/yolov8_bringup/local_setup.sh
[0.049s] -- Up-to-date: /home/robert/Projects/ros_ws/src/general/install/yolov8_bringup/share/yolov8_bringup/local_setup.zsh
[0.049s] -- Up-to-date: /home/robert/Projects/ros_ws/src/general/install/yolov8_bringup/share/yolov8_bringup/local_setup.dsv
[0.049s] -- Up-to-date: /home/robert/Projects/ros_ws/src/general/install/yolov8_bringup/share/yolov8_bringup/package.dsv
[0.049s] -- Up-to-date: /home/robert/Projects/ros_ws/src/general/install/yolov8_bringup/share/ament_index/resource_index/packages/yolov8_bringup
[0.049s] -- Up-to-date: /home/robert/Projects/ros_ws/src/general/install/yolov8_bringup/share/yolov8_bringup/cmake/yolov8_bringupConfig.cmake
[0.049s] -- Up-to-date: /home/robert/Projects/ros_ws/src/general/install/yolov8_bringup/share/yolov8_bringup/cmake/yolov8_bringupConfig-version.cmake
[0.049s] -- Up-to-date: /home/robert/Projects/ros_ws/src/general/install/yolov8_bringup/share/yolov8_bringup/package.xml
[0.050s] Invoked command in '/home/robert/Projects/ros_ws/src/general/build/yolov8_bringup' returned '0': AMENT_PREFIX_PATH=/home/robert/Projects/ros_ws/src/general/install/yolov8_ros:/home/robert/Projects/ros_ws/src/general/install/yolov8_msgs:${AMENT_PREFIX_PATH} CMAKE_PREFIX_PATH=/home/robert/Projects/ros_ws/src/general/install/yolov8_msgs:/opt/ros/humble LD_LIBRARY_PATH=/home/robert/Projects/ros_ws/src/general/install/yolov8_msgs/lib:${LD_LIBRARY_PATH} PYTHONPATH=/home/robert/Projects/ros_ws/src/general/install/yolov8_ros/lib/python3.10/site-packages:/home/robert/Projects/ros_ws/src/general/install/yolov8_msgs/local/lib/python3.10/dist-packages:${PYTHONPATH} /usr/bin/cmake --install /home/robert/Projects/ros_ws/src/general/build/yolov8_bringup
