-- Found ament_cmake: 1.3.9 (/opt/ros/humble/share/ament_cmake/cmake)
-- Found geometry_msgs: 4.2.4 (/opt/ros/humble/share/geometry_msgs/cmake)
-- Found rosidl_generator_c: 3.1.5 (/opt/ros/humble/share/rosidl_generator_c/cmake)
-- Found rosidl_adapter: 3.1.5 (/opt/ros/humble/share/rosidl_adapter/cmake)
-- Found rosidl_generator_cpp: 3.1.5 (/opt/ros/humble/share/rosidl_generator_cpp/cmake)
-- Using all available rosidl_typesupport_c: rosidl_typesupport_fastrtps_c;rosidl_typesupport_introspection_c
-- Using all available rosidl_typesupport_cpp: rosidl_typesupport_fastrtps_cpp;rosidl_typesupport_introspection_cpp
-- Found rosidl_default_generators: 1.2.0 (/opt/ros/humble/share/rosidl_default_generators/cmake)
-- Found ament_cmake_ros: 0.10.0 (/opt/ros/humble/share/ament_cmake_ros/cmake)
-- Using all available rosidl_typesupport_c: rosidl_typesupport_fastrtps_c;rosidl_typesupport_introspection_c
-- Using all available rosidl_typesupport_cpp: rosidl_typesupport_fastrtps_cpp;rosidl_typesupport_introspection_cpp
-- Found python_cmake_module: 0.10.0 (/opt/ros/humble/share/python_cmake_module/cmake)
-- Using PYTHON_EXECUTABLE: /usr/bin/python3
-- Using PYTHON_INCLUDE_DIRS: /usr/include/python3.10
-- Using PYTHON_LIBRARIES: /usr/lib/aarch64-linux-gnu/libpython3.10.so
-- Found ament_lint_auto: 0.12.11 (/opt/ros/humble/share/ament_lint_auto/cmake)
-- Added test 'lint_cmake' to check CMake code style
-- Added test 'xmllint' to check XML markup files
-- Configuring done
-- Generating done
-- Build files have been written to: /home/parallels/ros2_ws/src/general/build/perception_interfaces
[  1%] [34m[1mGenerating C++ code for ROS interfaces[0m
[  2%] [34m[1mGenerating C code for ROS interfaces[0m
[  2%] Built target perception_interfaces__cpp
[  2%] Built target ament_cmake_python_copy_perception_interfaces
[  3%] [34m[1mGenerating C++ type support dispatch for ROS interfaces[0m
[35m[1mConsolidate compiler generated dependencies of target perception_interfaces__rosidl_generator_c[0m
[  4%] [32mBuilding C object CMakeFiles/perception_interfaces__rosidl_generator_c.dir/rosidl_generator_c/perception_interfaces/msg/detail/prop__functions.c.o[0m
[  5%] [32mBuilding C object CMakeFiles/perception_interfaces__rosidl_generator_c.dir/rosidl_generator_c/perception_interfaces/msg/detail/prop_array__functions.c.o[0m
[  6%] [32mBuilding C object CMakeFiles/perception_interfaces__rosidl_generator_c.dir/rosidl_generator_c/perception_interfaces/msg/detail/bounding_box__functions.c.o[0m
[  8%] [32mBuilding C object CMakeFiles/perception_interfaces__rosidl_generator_c.dir/rosidl_generator_c/perception_interfaces/msg/detail/bounding_boxes__functions.c.o[0m
[  9%] [32mBuilding C object CMakeFiles/perception_interfaces__rosidl_generator_c.dir/rosidl_generator_c/perception_interfaces/msg/detail/gate__functions.c.o[0m
[ 10%] [32mBuilding C object CMakeFiles/perception_interfaces__rosidl_generator_c.dir/rosidl_generator_c/perception_interfaces/msg/detail/gate_array__functions.c.o[0m
[ 11%] [32mBuilding C object CMakeFiles/perception_interfaces__rosidl_generator_c.dir/rosidl_generator_c/perception_interfaces/msg/detail/coordinate__functions.c.o[0m
[ 12%] [32mBuilding C object CMakeFiles/perception_interfaces__rosidl_generator_c.dir/rosidl_generator_c/perception_interfaces/msg/detail/coordinates__functions.c.o[0m
[35m[1mConsolidate compiler generated dependencies of target perception_interfaces__rosidl_typesupport_cpp[0m
[ 13%] [32mBuilding CXX object CMakeFiles/perception_interfaces__rosidl_typesupport_cpp.dir/rosidl_typesupport_cpp/perception_interfaces/msg/prop__type_support.cpp.o[0m
[ 14%] [32mBuilding CXX object CMakeFiles/perception_interfaces__rosidl_typesupport_cpp.dir/rosidl_typesupport_cpp/perception_interfaces/msg/prop_array__type_support.cpp.o[0m
[ 16%] [32mBuilding CXX object CMakeFiles/perception_interfaces__rosidl_typesupport_cpp.dir/rosidl_typesupport_cpp/perception_interfaces/msg/bounding_box__type_support.cpp.o[0m
[ 17%] [32mBuilding CXX object CMakeFiles/perception_interfaces__rosidl_typesupport_cpp.dir/rosidl_typesupport_cpp/perception_interfaces/msg/bounding_boxes__type_support.cpp.o[0m
[ 18%] [32mBuilding CXX object CMakeFiles/perception_interfaces__rosidl_typesupport_cpp.dir/rosidl_typesupport_cpp/perception_interfaces/msg/gate__type_support.cpp.o[0m
[ 19%] [32mBuilding CXX object CMakeFiles/perception_interfaces__rosidl_typesupport_cpp.dir/rosidl_typesupport_cpp/perception_interfaces/msg/gate_array__type_support.cpp.o[0m
[ 20%] [32mBuilding CXX object CMakeFiles/perception_interfaces__rosidl_typesupport_cpp.dir/rosidl_typesupport_cpp/perception_interfaces/msg/coordinate__type_support.cpp.o[0m
[ 21%] [32mBuilding CXX object CMakeFiles/perception_interfaces__rosidl_typesupport_cpp.dir/rosidl_typesupport_cpp/perception_interfaces/msg/coordinates__type_support.cpp.o[0m
[ 22%] [32m[1mLinking CXX shared library libperception_interfaces__rosidl_typesupport_cpp.so[0m
[ 22%] Built target perception_interfaces__rosidl_typesupport_cpp
