[0.100s] DEBUG:colcon:Command line arguments: ['/usr/bin/colcon', 'build']
[0.100s] DEBUG:colcon:Parsed command line arguments: Namespace(log_base=None, log_level=None, verb_name='build', build_base='build', install_base='install', merge_install=False, symlink_install=False, test_result_base=None, continue_on_error=False, executor='parallel', parallel_workers=12, event_handlers=None, ignore_user_meta=False, metas=['./colcon.meta'], base_paths=['.'], packages_ignore=None, packages_ignore_regex=None, paths=None, packages_up_to=None, packages_up_to_regex=None, packages_above=None, packages_above_and_dependencies=None, packages_above_depth=None, packages_select_by_dep=None, packages_skip_by_dep=None, packages_skip_up_to=None, packages_select_build_failed=False, packages_skip_build_finished=False, packages_select_test_failures=False, packages_skip_test_passed=False, packages_select=None, packages_skip=None, packages_select_regex=None, packages_skip_regex=None, packages_start=None, packages_end=None, allow_overriding=[], cmake_args=None, cmake_target=None, cmake_target_skip_unavailable=False, cmake_clean_cache=False, cmake_clean_first=False, cmake_force_configure=False, ament_cmake_args=None, catkin_cmake_args=None, catkin_skip_building_tests=False, mixin_files=None, mixin=None, verb_parser=<colcon_mixin.mixin.mixin_argument.MixinArgumentDecorator object at 0x7648ca45d1e0>, verb_extension=<colcon_core.verb.build.BuildVerb object at 0x7648ca45cb50>, main=<bound method BuildVerb.main of <colcon_core.verb.build.BuildVerb object at 0x7648ca45cb50>>, mixin_verb=('build',))
[0.252s] Level 1:colcon.colcon_core.package_discovery:discover_packages(colcon_meta) check parameters
[0.252s] Level 1:colcon.colcon_core.package_discovery:discover_packages(recursive) check parameters
[0.252s] Level 1:colcon.colcon_core.package_discovery:discover_packages(ignore) check parameters
[0.252s] Level 1:colcon.colcon_core.package_discovery:discover_packages(path) check parameters
[0.252s] Level 1:colcon.colcon_core.package_discovery:discover_packages(colcon_meta) discover
[0.252s] Level 1:colcon.colcon_core.package_discovery:discover_packages(recursive) discover
[0.252s] INFO:colcon.colcon_core.package_discovery:Crawling recursively for packages in '/home/robert/Projects/ros_ws/src/general'
[0.252s] Level 1:colcon.colcon_core.package_identification:_identify(.) by extensions ['ignore', 'ignore_ament_install']
[0.252s] Level 1:colcon.colcon_core.package_identification:_identify(.) by extension 'ignore'
[0.252s] Level 1:colcon.colcon_core.package_identification:_identify(.) by extension 'ignore_ament_install'
[0.252s] Level 1:colcon.colcon_core.package_identification:_identify(.) by extensions ['colcon_pkg']
[0.252s] Level 1:colcon.colcon_core.package_identification:_identify(.) by extension 'colcon_pkg'
[0.252s] Level 1:colcon.colcon_core.package_identification:_identify(.) by extensions ['colcon_meta']
[0.252s] Level 1:colcon.colcon_core.package_identification:_identify(.) by extension 'colcon_meta'
[0.253s] Level 1:colcon.colcon_core.package_identification:_identify(.) by extensions ['ros']
[0.253s] Level 1:colcon.colcon_core.package_identification:_identify(.) by extension 'ros'
[0.262s] Level 1:colcon.colcon_core.package_identification:_identify(.) by extensions ['cmake', 'python']
[0.263s] Level 1:colcon.colcon_core.package_identification:_identify(.) by extension 'cmake'
[0.263s] Level 1:colcon.colcon_core.package_identification:_identify(.) by extension 'python'
[0.263s] Level 1:colcon.colcon_core.package_identification:_identify(.) by extensions ['python_setup_py']
[0.263s] Level 1:colcon.colcon_core.package_identification:_identify(.) by extension 'python_setup_py'
[0.263s] Level 1:colcon.colcon_core.package_identification:_identify(build) by extensions ['ignore', 'ignore_ament_install']
[0.263s] Level 1:colcon.colcon_core.package_identification:_identify(build) by extension 'ignore'
[0.263s] Level 1:colcon.colcon_core.package_identification:_identify(build) ignored
[0.263s] Level 1:colcon.colcon_core.package_identification:_identify(comp_tasks) by extensions ['ignore', 'ignore_ament_install']
[0.263s] Level 1:colcon.colcon_core.package_identification:_identify(comp_tasks) by extension 'ignore'
[0.263s] Level 1:colcon.colcon_core.package_identification:_identify(comp_tasks) by extension 'ignore_ament_install'
[0.263s] Level 1:colcon.colcon_core.package_identification:_identify(comp_tasks) by extensions ['colcon_pkg']
[0.264s] Level 1:colcon.colcon_core.package_identification:_identify(comp_tasks) by extension 'colcon_pkg'
[0.264s] Level 1:colcon.colcon_core.package_identification:_identify(comp_tasks) by extensions ['colcon_meta']
[0.264s] Level 1:colcon.colcon_core.package_identification:_identify(comp_tasks) by extension 'colcon_meta'
[0.264s] Level 1:colcon.colcon_core.package_identification:_identify(comp_tasks) by extensions ['ros']
[0.264s] Level 1:colcon.colcon_core.package_identification:_identify(comp_tasks) by extension 'ros'
[0.267s] DEBUG:colcon.colcon_core.package_identification:Package 'comp_tasks' with type 'ros.ament_cmake' and name 'comp_tasks'
[0.267s] Level 1:colcon.colcon_core.package_identification:_identify(comp_tasks_interfaces) by extensions ['ignore', 'ignore_ament_install']
[0.267s] Level 1:colcon.colcon_core.package_identification:_identify(comp_tasks_interfaces) by extension 'ignore'
[0.268s] Level 1:colcon.colcon_core.package_identification:_identify(comp_tasks_interfaces) by extension 'ignore_ament_install'
[0.268s] Level 1:colcon.colcon_core.package_identification:_identify(comp_tasks_interfaces) by extensions ['colcon_pkg']
[0.268s] Level 1:colcon.colcon_core.package_identification:_identify(comp_tasks_interfaces) by extension 'colcon_pkg'
[0.268s] Level 1:colcon.colcon_core.package_identification:_identify(comp_tasks_interfaces) by extensions ['colcon_meta']
[0.268s] Level 1:colcon.colcon_core.package_identification:_identify(comp_tasks_interfaces) by extension 'colcon_meta'
[0.268s] Level 1:colcon.colcon_core.package_identification:_identify(comp_tasks_interfaces) by extensions ['ros']
[0.268s] Level 1:colcon.colcon_core.package_identification:_identify(comp_tasks_interfaces) by extension 'ros'
[0.269s] DEBUG:colcon.colcon_core.package_identification:Package 'comp_tasks_interfaces' with type 'ros.ament_cmake' and name 'comp_tasks_interfaces'
[0.269s] Level 1:colcon.colcon_core.package_identification:_identify(install) by extensions ['ignore', 'ignore_ament_install']
[0.269s] Level 1:colcon.colcon_core.package_identification:_identify(install) by extension 'ignore'
[0.269s] Level 1:colcon.colcon_core.package_identification:_identify(install) ignored
[0.269s] Level 1:colcon.colcon_core.package_identification:_identify(log) by extensions ['ignore', 'ignore_ament_install']
[0.269s] Level 1:colcon.colcon_core.package_identification:_identify(log) by extension 'ignore'
[0.269s] Level 1:colcon.colcon_core.package_identification:_identify(log) ignored
[0.269s] Level 1:colcon.colcon_core.package_identification:_identify(yolov8_ros) by extensions ['ignore', 'ignore_ament_install']
[0.269s] Level 1:colcon.colcon_core.package_identification:_identify(yolov8_ros) by extension 'ignore'
[0.270s] Level 1:colcon.colcon_core.package_identification:_identify(yolov8_ros) by extension 'ignore_ament_install'
[0.270s] Level 1:colcon.colcon_core.package_identification:_identify(yolov8_ros) by extensions ['colcon_pkg']
[0.270s] Level 1:colcon.colcon_core.package_identification:_identify(yolov8_ros) by extension 'colcon_pkg'
[0.270s] Level 1:colcon.colcon_core.package_identification:_identify(yolov8_ros) by extensions ['colcon_meta']
[0.270s] Level 1:colcon.colcon_core.package_identification:_identify(yolov8_ros) by extension 'colcon_meta'
[0.270s] Level 1:colcon.colcon_core.package_identification:_identify(yolov8_ros) by extensions ['ros']
[0.270s] Level 1:colcon.colcon_core.package_identification:_identify(yolov8_ros) by extension 'ros'
[0.270s] Level 1:colcon.colcon_core.package_identification:_identify(yolov8_ros) by extensions ['cmake', 'python']
[0.270s] Level 1:colcon.colcon_core.package_identification:_identify(yolov8_ros) by extension 'cmake'
[0.270s] Level 1:colcon.colcon_core.package_identification:_identify(yolov8_ros) by extension 'python'
[0.270s] Level 1:colcon.colcon_core.package_identification:_identify(yolov8_ros) by extensions ['python_setup_py']
[0.270s] Level 1:colcon.colcon_core.package_identification:_identify(yolov8_ros) by extension 'python_setup_py'
[0.270s] Level 1:colcon.colcon_core.package_identification:_identify(yolov8_ros/docs) by extensions ['ignore', 'ignore_ament_install']
[0.270s] Level 1:colcon.colcon_core.package_identification:_identify(yolov8_ros/docs) by extension 'ignore'
[0.270s] Level 1:colcon.colcon_core.package_identification:_identify(yolov8_ros/docs) by extension 'ignore_ament_install'
[0.271s] Level 1:colcon.colcon_core.package_identification:_identify(yolov8_ros/docs) by extensions ['colcon_pkg']
[0.271s] Level 1:colcon.colcon_core.package_identification:_identify(yolov8_ros/docs) by extension 'colcon_pkg'
[0.271s] Level 1:colcon.colcon_core.package_identification:_identify(yolov8_ros/docs) by extensions ['colcon_meta']
[0.271s] Level 1:colcon.colcon_core.package_identification:_identify(yolov8_ros/docs) by extension 'colcon_meta'
[0.271s] Level 1:colcon.colcon_core.package_identification:_identify(yolov8_ros/docs) by extensions ['ros']
[0.271s] Level 1:colcon.colcon_core.package_identification:_identify(yolov8_ros/docs) by extension 'ros'
[0.271s] Level 1:colcon.colcon_core.package_identification:_identify(yolov8_ros/docs) by extensions ['cmake', 'python']
[0.271s] Level 1:colcon.colcon_core.package_identification:_identify(yolov8_ros/docs) by extension 'cmake'
[0.271s] Level 1:colcon.colcon_core.package_identification:_identify(yolov8_ros/docs) by extension 'python'
[0.271s] Level 1:colcon.colcon_core.package_identification:_identify(yolov8_ros/docs) by extensions ['python_setup_py']
[0.271s] Level 1:colcon.colcon_core.package_identification:_identify(yolov8_ros/docs) by extension 'python_setup_py'
[0.271s] Level 1:colcon.colcon_core.package_identification:_identify(yolov8_ros/weights) by extensions ['ignore', 'ignore_ament_install']
[0.271s] Level 1:colcon.colcon_core.package_identification:_identify(yolov8_ros/weights) by extension 'ignore'
[0.271s] Level 1:colcon.colcon_core.package_identification:_identify(yolov8_ros/weights) by extension 'ignore_ament_install'
[0.272s] Level 1:colcon.colcon_core.package_identification:_identify(yolov8_ros/weights) by extensions ['colcon_pkg']
[0.272s] Level 1:colcon.colcon_core.package_identification:_identify(yolov8_ros/weights) by extension 'colcon_pkg'
[0.272s] Level 1:colcon.colcon_core.package_identification:_identify(yolov8_ros/weights) by extensions ['colcon_meta']
[0.272s] Level 1:colcon.colcon_core.package_identification:_identify(yolov8_ros/weights) by extension 'colcon_meta'
[0.272s] Level 1:colcon.colcon_core.package_identification:_identify(yolov8_ros/weights) by extensions ['ros']
[0.272s] Level 1:colcon.colcon_core.package_identification:_identify(yolov8_ros/weights) by extension 'ros'
[0.272s] Level 1:colcon.colcon_core.package_identification:_identify(yolov8_ros/weights) by extensions ['cmake', 'python']
[0.272s] Level 1:colcon.colcon_core.package_identification:_identify(yolov8_ros/weights) by extension 'cmake'
[0.272s] Level 1:colcon.colcon_core.package_identification:_identify(yolov8_ros/weights) by extension 'python'
[0.272s] Level 1:colcon.colcon_core.package_identification:_identify(yolov8_ros/weights) by extensions ['python_setup_py']
[0.272s] Level 1:colcon.colcon_core.package_identification:_identify(yolov8_ros/weights) by extension 'python_setup_py'
[0.272s] Level 1:colcon.colcon_core.package_identification:_identify(yolov8_ros/yolov8_bringup) by extensions ['ignore', 'ignore_ament_install']
[0.272s] Level 1:colcon.colcon_core.package_identification:_identify(yolov8_ros/yolov8_bringup) by extension 'ignore'
[0.272s] Level 1:colcon.colcon_core.package_identification:_identify(yolov8_ros/yolov8_bringup) by extension 'ignore_ament_install'
[0.272s] Level 1:colcon.colcon_core.package_identification:_identify(yolov8_ros/yolov8_bringup) by extensions ['colcon_pkg']
[0.273s] Level 1:colcon.colcon_core.package_identification:_identify(yolov8_ros/yolov8_bringup) by extension 'colcon_pkg'
[0.273s] Level 1:colcon.colcon_core.package_identification:_identify(yolov8_ros/yolov8_bringup) by extensions ['colcon_meta']
[0.273s] Level 1:colcon.colcon_core.package_identification:_identify(yolov8_ros/yolov8_bringup) by extension 'colcon_meta'
[0.273s] Level 1:colcon.colcon_core.package_identification:_identify(yolov8_ros/yolov8_bringup) by extensions ['ros']
[0.273s] Level 1:colcon.colcon_core.package_identification:_identify(yolov8_ros/yolov8_bringup) by extension 'ros'
[0.274s] DEBUG:colcon.colcon_core.package_identification:Package 'yolov8_ros/yolov8_bringup' with type 'ros.ament_cmake' and name 'yolov8_bringup'
[0.274s] Level 1:colcon.colcon_core.package_identification:_identify(yolov8_ros/yolov8_msgs) by extensions ['ignore', 'ignore_ament_install']
[0.274s] Level 1:colcon.colcon_core.package_identification:_identify(yolov8_ros/yolov8_msgs) by extension 'ignore'
[0.274s] Level 1:colcon.colcon_core.package_identification:_identify(yolov8_ros/yolov8_msgs) by extension 'ignore_ament_install'
[0.274s] Level 1:colcon.colcon_core.package_identification:_identify(yolov8_ros/yolov8_msgs) by extensions ['colcon_pkg']
[0.274s] Level 1:colcon.colcon_core.package_identification:_identify(yolov8_ros/yolov8_msgs) by extension 'colcon_pkg'
[0.274s] Level 1:colcon.colcon_core.package_identification:_identify(yolov8_ros/yolov8_msgs) by extensions ['colcon_meta']
[0.274s] Level 1:colcon.colcon_core.package_identification:_identify(yolov8_ros/yolov8_msgs) by extension 'colcon_meta'
[0.274s] Level 1:colcon.colcon_core.package_identification:_identify(yolov8_ros/yolov8_msgs) by extensions ['ros']
[0.274s] Level 1:colcon.colcon_core.package_identification:_identify(yolov8_ros/yolov8_msgs) by extension 'ros'
[0.275s] DEBUG:colcon.colcon_core.package_identification:Package 'yolov8_ros/yolov8_msgs' with type 'ros.ament_cmake' and name 'yolov8_msgs'
[0.275s] Level 1:colcon.colcon_core.package_identification:_identify(yolov8_ros/yolov8_ros) by extensions ['ignore', 'ignore_ament_install']
[0.275s] Level 1:colcon.colcon_core.package_identification:_identify(yolov8_ros/yolov8_ros) by extension 'ignore'
[0.275s] Level 1:colcon.colcon_core.package_identification:_identify(yolov8_ros/yolov8_ros) by extension 'ignore_ament_install'
[0.275s] Level 1:colcon.colcon_core.package_identification:_identify(yolov8_ros/yolov8_ros) by extensions ['colcon_pkg']
[0.275s] Level 1:colcon.colcon_core.package_identification:_identify(yolov8_ros/yolov8_ros) by extension 'colcon_pkg'
[0.275s] Level 1:colcon.colcon_core.package_identification:_identify(yolov8_ros/yolov8_ros) by extensions ['colcon_meta']
[0.275s] Level 1:colcon.colcon_core.package_identification:_identify(yolov8_ros/yolov8_ros) by extension 'colcon_meta'
[0.275s] Level 1:colcon.colcon_core.package_identification:_identify(yolov8_ros/yolov8_ros) by extensions ['ros']
[0.275s] Level 1:colcon.colcon_core.package_identification:_identify(yolov8_ros/yolov8_ros) by extension 'ros'
[0.276s] DEBUG:colcon.colcon_core.package_identification:Package 'yolov8_ros/yolov8_ros' with type 'ros.ament_python' and name 'yolov8_ros'
[0.276s] Level 1:colcon.colcon_core.package_discovery:discover_packages(recursive) using defaults
[0.276s] Level 1:colcon.colcon_core.package_discovery:discover_packages(ignore) discover
[0.276s] Level 1:colcon.colcon_core.package_discovery:discover_packages(ignore) using defaults
[0.276s] Level 1:colcon.colcon_core.package_discovery:discover_packages(path) discover
[0.276s] Level 1:colcon.colcon_core.package_discovery:discover_packages(path) using defaults
[0.301s] Level 1:colcon.colcon_core.package_discovery:discover_packages(prefix_path) check parameters
[0.301s] Level 1:colcon.colcon_core.package_discovery:discover_packages(prefix_path) discover
[0.303s] DEBUG:colcon.colcon_installed_package_information.package_discovery:Found 279 installed packages in /opt/ros/humble
[0.304s] Level 1:colcon.colcon_core.package_discovery:discover_packages(prefix_path) using defaults
[0.337s] Level 5:colcon.colcon_core.verb:set package 'comp_tasks_interfaces' build argument 'cmake_args' from command line to 'None'
[0.337s] Level 5:colcon.colcon_core.verb:set package 'comp_tasks_interfaces' build argument 'cmake_target' from command line to 'None'
[0.337s] Level 5:colcon.colcon_core.verb:set package 'comp_tasks_interfaces' build argument 'cmake_target_skip_unavailable' from command line to 'False'
[0.337s] Level 5:colcon.colcon_core.verb:set package 'comp_tasks_interfaces' build argument 'cmake_clean_cache' from command line to 'False'
[0.337s] Level 5:colcon.colcon_core.verb:set package 'comp_tasks_interfaces' build argument 'cmake_clean_first' from command line to 'False'
[0.337s] Level 5:colcon.colcon_core.verb:set package 'comp_tasks_interfaces' build argument 'cmake_force_configure' from command line to 'False'
[0.337s] Level 5:colcon.colcon_core.verb:set package 'comp_tasks_interfaces' build argument 'ament_cmake_args' from command line to 'None'
[0.337s] Level 5:colcon.colcon_core.verb:set package 'comp_tasks_interfaces' build argument 'catkin_cmake_args' from command line to 'None'
[0.337s] Level 5:colcon.colcon_core.verb:set package 'comp_tasks_interfaces' build argument 'catkin_skip_building_tests' from command line to 'False'
[0.337s] DEBUG:colcon.colcon_core.verb:Building package 'comp_tasks_interfaces' with the following arguments: {'ament_cmake_args': None, 'build_base': '/home/robert/Projects/ros_ws/src/general/build/comp_tasks_interfaces', 'catkin_cmake_args': None, 'catkin_skip_building_tests': False, 'cmake_args': None, 'cmake_clean_cache': False, 'cmake_clean_first': False, 'cmake_force_configure': False, 'cmake_target': None, 'cmake_target_skip_unavailable': False, 'install_base': '/home/robert/Projects/ros_ws/src/general/install/comp_tasks_interfaces', 'merge_install': False, 'path': '/home/robert/Projects/ros_ws/src/general/comp_tasks_interfaces', 'symlink_install': False, 'test_result_base': None}
[0.338s] Level 5:colcon.colcon_core.verb:set package 'yolov8_msgs' build argument 'cmake_args' from command line to 'None'
[0.338s] Level 5:colcon.colcon_core.verb:set package 'yolov8_msgs' build argument 'cmake_target' from command line to 'None'
[0.338s] Level 5:colcon.colcon_core.verb:set package 'yolov8_msgs' build argument 'cmake_target_skip_unavailable' from command line to 'False'
[0.338s] Level 5:colcon.colcon_core.verb:set package 'yolov8_msgs' build argument 'cmake_clean_cache' from command line to 'False'
[0.338s] Level 5:colcon.colcon_core.verb:set package 'yolov8_msgs' build argument 'cmake_clean_first' from command line to 'False'
[0.338s] Level 5:colcon.colcon_core.verb:set package 'yolov8_msgs' build argument 'cmake_force_configure' from command line to 'False'
[0.338s] Level 5:colcon.colcon_core.verb:set package 'yolov8_msgs' build argument 'ament_cmake_args' from command line to 'None'
[0.338s] Level 5:colcon.colcon_core.verb:set package 'yolov8_msgs' build argument 'catkin_cmake_args' from command line to 'None'
[0.338s] Level 5:colcon.colcon_core.verb:set package 'yolov8_msgs' build argument 'catkin_skip_building_tests' from command line to 'False'
[0.338s] DEBUG:colcon.colcon_core.verb:Building package 'yolov8_msgs' with the following arguments: {'ament_cmake_args': None, 'build_base': '/home/robert/Projects/ros_ws/src/general/build/yolov8_msgs', 'catkin_cmake_args': None, 'catkin_skip_building_tests': False, 'cmake_args': None, 'cmake_clean_cache': False, 'cmake_clean_first': False, 'cmake_force_configure': False, 'cmake_target': None, 'cmake_target_skip_unavailable': False, 'install_base': '/home/robert/Projects/ros_ws/src/general/install/yolov8_msgs', 'merge_install': False, 'path': '/home/robert/Projects/ros_ws/src/general/yolov8_ros/yolov8_msgs', 'symlink_install': False, 'test_result_base': None}
[0.339s] Level 5:colcon.colcon_core.verb:set package 'comp_tasks' build argument 'cmake_args' from command line to 'None'
[0.339s] Level 5:colcon.colcon_core.verb:set package 'comp_tasks' build argument 'cmake_target' from command line to 'None'
[0.339s] Level 5:colcon.colcon_core.verb:set package 'comp_tasks' build argument 'cmake_target_skip_unavailable' from command line to 'False'
[0.339s] Level 5:colcon.colcon_core.verb:set package 'comp_tasks' build argument 'cmake_clean_cache' from command line to 'False'
[0.339s] Level 5:colcon.colcon_core.verb:set package 'comp_tasks' build argument 'cmake_clean_first' from command line to 'False'
[0.339s] Level 5:colcon.colcon_core.verb:set package 'comp_tasks' build argument 'cmake_force_configure' from command line to 'False'
[0.339s] Level 5:colcon.colcon_core.verb:set package 'comp_tasks' build argument 'ament_cmake_args' from command line to 'None'
[0.339s] Level 5:colcon.colcon_core.verb:set package 'comp_tasks' build argument 'catkin_cmake_args' from command line to 'None'
[0.339s] Level 5:colcon.colcon_core.verb:set package 'comp_tasks' build argument 'catkin_skip_building_tests' from command line to 'False'
[0.339s] DEBUG:colcon.colcon_core.verb:Building package 'comp_tasks' with the following arguments: {'ament_cmake_args': None, 'build_base': '/home/robert/Projects/ros_ws/src/general/build/comp_tasks', 'catkin_cmake_args': None, 'catkin_skip_building_tests': False, 'cmake_args': None, 'cmake_clean_cache': False, 'cmake_clean_first': False, 'cmake_force_configure': False, 'cmake_target': None, 'cmake_target_skip_unavailable': False, 'install_base': '/home/robert/Projects/ros_ws/src/general/install/comp_tasks', 'merge_install': False, 'path': '/home/robert/Projects/ros_ws/src/general/comp_tasks', 'symlink_install': False, 'test_result_base': None}
[0.339s] Level 5:colcon.colcon_core.verb:set package 'yolov8_ros' build argument 'cmake_args' from command line to 'None'
[0.339s] Level 5:colcon.colcon_core.verb:set package 'yolov8_ros' build argument 'cmake_target' from command line to 'None'
[0.339s] Level 5:colcon.colcon_core.verb:set package 'yolov8_ros' build argument 'cmake_target_skip_unavailable' from command line to 'False'
[0.339s] Level 5:colcon.colcon_core.verb:set package 'yolov8_ros' build argument 'cmake_clean_cache' from command line to 'False'
[0.339s] Level 5:colcon.colcon_core.verb:set package 'yolov8_ros' build argument 'cmake_clean_first' from command line to 'False'
[0.339s] Level 5:colcon.colcon_core.verb:set package 'yolov8_ros' build argument 'cmake_force_configure' from command line to 'False'
[0.340s] Level 5:colcon.colcon_core.verb:set package 'yolov8_ros' build argument 'ament_cmake_args' from command line to 'None'
[0.340s] Level 5:colcon.colcon_core.verb:set package 'yolov8_ros' build argument 'catkin_cmake_args' from command line to 'None'
[0.340s] Level 5:colcon.colcon_core.verb:set package 'yolov8_ros' build argument 'catkin_skip_building_tests' from command line to 'False'
[0.340s] DEBUG:colcon.colcon_core.verb:Building package 'yolov8_ros' with the following arguments: {'ament_cmake_args': None, 'build_base': '/home/robert/Projects/ros_ws/src/general/build/yolov8_ros', 'catkin_cmake_args': None, 'catkin_skip_building_tests': False, 'cmake_args': None, 'cmake_clean_cache': False, 'cmake_clean_first': False, 'cmake_force_configure': False, 'cmake_target': None, 'cmake_target_skip_unavailable': False, 'install_base': '/home/robert/Projects/ros_ws/src/general/install/yolov8_ros', 'merge_install': False, 'path': '/home/robert/Projects/ros_ws/src/general/yolov8_ros/yolov8_ros', 'symlink_install': False, 'test_result_base': None}
[0.340s] Level 5:colcon.colcon_core.verb:set package 'yolov8_bringup' build argument 'cmake_args' from command line to 'None'
[0.340s] Level 5:colcon.colcon_core.verb:set package 'yolov8_bringup' build argument 'cmake_target' from command line to 'None'
[0.340s] Level 5:colcon.colcon_core.verb:set package 'yolov8_bringup' build argument 'cmake_target_skip_unavailable' from command line to 'False'
[0.340s] Level 5:colcon.colcon_core.verb:set package 'yolov8_bringup' build argument 'cmake_clean_cache' from command line to 'False'
[0.340s] Level 5:colcon.colcon_core.verb:set package 'yolov8_bringup' build argument 'cmake_clean_first' from command line to 'False'
[0.340s] Level 5:colcon.colcon_core.verb:set package 'yolov8_bringup' build argument 'cmake_force_configure' from command line to 'False'
[0.340s] Level 5:colcon.colcon_core.verb:set package 'yolov8_bringup' build argument 'ament_cmake_args' from command line to 'None'
[0.340s] Level 5:colcon.colcon_core.verb:set package 'yolov8_bringup' build argument 'catkin_cmake_args' from command line to 'None'
[0.340s] Level 5:colcon.colcon_core.verb:set package 'yolov8_bringup' build argument 'catkin_skip_building_tests' from command line to 'False'
[0.340s] DEBUG:colcon.colcon_core.verb:Building package 'yolov8_bringup' with the following arguments: {'ament_cmake_args': None, 'build_base': '/home/robert/Projects/ros_ws/src/general/build/yolov8_bringup', 'catkin_cmake_args': None, 'catkin_skip_building_tests': False, 'cmake_args': None, 'cmake_clean_cache': False, 'cmake_clean_first': False, 'cmake_force_configure': False, 'cmake_target': None, 'cmake_target_skip_unavailable': False, 'install_base': '/home/robert/Projects/ros_ws/src/general/install/yolov8_bringup', 'merge_install': False, 'path': '/home/robert/Projects/ros_ws/src/general/yolov8_ros/yolov8_bringup', 'symlink_install': False, 'test_result_base': None}
[0.341s] INFO:colcon.colcon_core.executor:Executing jobs using 'parallel' executor
[0.341s] DEBUG:colcon.colcon_parallel_executor.executor.parallel:run_until_complete
[0.341s] INFO:colcon.colcon_ros.task.ament_cmake.build:Building ROS package in '/home/robert/Projects/ros_ws/src/general/yolov8_ros/yolov8_msgs' with build type 'ament_cmake'
[0.342s] INFO:colcon.colcon_cmake.task.cmake.build:Building CMake package in '/home/robert/Projects/ros_ws/src/general/yolov8_ros/yolov8_msgs'
[0.343s] INFO:colcon.colcon_core.plugin_system:Skipping extension 'colcon_core.shell.bat': Not used on non-Windows systems
[0.344s] INFO:colcon.colcon_core.shell:Skip shell extension 'powershell' for command environment: Not usable outside of PowerShell
[0.344s] DEBUG:colcon.colcon_core.shell:Skip shell extension 'dsv' for command environment
[0.346s] INFO:colcon.colcon_ros.task.ament_cmake.build:Building ROS package in '/home/robert/Projects/ros_ws/src/general/comp_tasks_interfaces' with build type 'ament_cmake'
[0.346s] INFO:colcon.colcon_cmake.task.cmake.build:Building CMake package in '/home/robert/Projects/ros_ws/src/general/comp_tasks_interfaces'
[0.347s] INFO:colcon.colcon_core.shell:Skip shell extension 'powershell' for command environment: Not usable outside of PowerShell
[0.347s] DEBUG:colcon.colcon_core.shell:Skip shell extension 'dsv' for command environment
[0.353s] DEBUG:colcon.colcon_core.event_handler.log_command:Invoking command in '/home/robert/Projects/ros_ws/src/general/build/yolov8_msgs': CMAKE_PREFIX_PATH=/opt/ros/humble /usr/bin/cmake --build /home/robert/Projects/ros_ws/src/general/build/yolov8_msgs -- -j12 -l12
[0.358s] DEBUG:colcon.colcon_core.event_handler.log_command:Invoking command in '/home/robert/Projects/ros_ws/src/general/build/comp_tasks_interfaces': CMAKE_PREFIX_PATH=/opt/ros/humble /usr/bin/cmake --build /home/robert/Projects/ros_ws/src/general/build/comp_tasks_interfaces -- -j12 -l12
[0.731s] DEBUG:colcon.colcon_core.event_handler.log_command:Invoked command in '/home/robert/Projects/ros_ws/src/general/build/comp_tasks_interfaces' returned '0': CMAKE_PREFIX_PATH=/opt/ros/humble /usr/bin/cmake --build /home/robert/Projects/ros_ws/src/general/build/comp_tasks_interfaces -- -j12 -l12
[0.740s] DEBUG:colcon.colcon_core.event_handler.log_command:Invoking command in '/home/robert/Projects/ros_ws/src/general/build/comp_tasks_interfaces': CMAKE_PREFIX_PATH=/opt/ros/humble /usr/bin/cmake --install /home/robert/Projects/ros_ws/src/general/build/comp_tasks_interfaces
[0.741s] DEBUG:colcon.colcon_core.event_handler.log_command:Invoked command in '/home/robert/Projects/ros_ws/src/general/build/yolov8_msgs' returned '0': CMAKE_PREFIX_PATH=/opt/ros/humble /usr/bin/cmake --build /home/robert/Projects/ros_ws/src/general/build/yolov8_msgs -- -j12 -l12
[0.742s] DEBUG:colcon.colcon_core.event_handler.log_command:Invoking command in '/home/robert/Projects/ros_ws/src/general/build/yolov8_msgs': CMAKE_PREFIX_PATH=/opt/ros/humble /usr/bin/cmake --install /home/robert/Projects/ros_ws/src/general/build/yolov8_msgs
[0.798s] Level 1:colcon.colcon_core.environment:create_environment_scripts_only(comp_tasks_interfaces)
[0.800s] DEBUG:colcon.colcon_core.event_handler.log_command:Invoked command in '/home/robert/Projects/ros_ws/src/general/build/comp_tasks_interfaces' returned '0': CMAKE_PREFIX_PATH=/opt/ros/humble /usr/bin/cmake --install /home/robert/Projects/ros_ws/src/general/build/comp_tasks_interfaces
[0.810s] Level 1:colcon.colcon_core.environment:checking '/home/robert/Projects/ros_ws/src/general/install/comp_tasks_interfaces' for CMake module files
[0.811s] Level 1:colcon.colcon_core.environment:checking '/home/robert/Projects/ros_ws/src/general/install/comp_tasks_interfaces' for CMake config files
[0.812s] Level 1:colcon.colcon_core.shell:create_environment_hook('comp_tasks_interfaces', 'cmake_prefix_path')
[0.813s] INFO:colcon.colcon_core.shell:Creating environment hook '/home/robert/Projects/ros_ws/src/general/install/comp_tasks_interfaces/share/comp_tasks_interfaces/hook/cmake_prefix_path.ps1'
[0.813s] INFO:colcon.colcon_core.shell:Creating environment descriptor '/home/robert/Projects/ros_ws/src/general/install/comp_tasks_interfaces/share/comp_tasks_interfaces/hook/cmake_prefix_path.dsv'
[0.814s] INFO:colcon.colcon_core.shell:Creating environment hook '/home/robert/Projects/ros_ws/src/general/install/comp_tasks_interfaces/share/comp_tasks_interfaces/hook/cmake_prefix_path.sh'
[0.815s] Level 1:colcon.colcon_core.environment:checking '/home/robert/Projects/ros_ws/src/general/install/comp_tasks_interfaces/lib'
[0.815s] Level 1:colcon.colcon_core.shell:create_environment_hook('comp_tasks_interfaces', 'ld_library_path_lib')
[0.816s] INFO:colcon.colcon_core.shell:Creating environment hook '/home/robert/Projects/ros_ws/src/general/install/comp_tasks_interfaces/share/comp_tasks_interfaces/hook/ld_library_path_lib.ps1'
[0.816s] INFO:colcon.colcon_core.shell:Creating environment descriptor '/home/robert/Projects/ros_ws/src/general/install/comp_tasks_interfaces/share/comp_tasks_interfaces/hook/ld_library_path_lib.dsv'
[0.817s] INFO:colcon.colcon_core.shell:Creating environment hook '/home/robert/Projects/ros_ws/src/general/install/comp_tasks_interfaces/share/comp_tasks_interfaces/hook/ld_library_path_lib.sh'
[0.817s] Level 1:colcon.colcon_core.environment:checking '/home/robert/Projects/ros_ws/src/general/install/comp_tasks_interfaces/bin'
[0.817s] Level 1:colcon.colcon_core.environment:checking '/home/robert/Projects/ros_ws/src/general/install/comp_tasks_interfaces/lib/pkgconfig/comp_tasks_interfaces.pc'
[0.817s] Level 1:colcon.colcon_core.environment:checking '/home/robert/Projects/ros_ws/src/general/install/comp_tasks_interfaces/lib/python3.10/site-packages'
[0.818s] Level 1:colcon.colcon_core.environment:checking '/home/robert/Projects/ros_ws/src/general/install/comp_tasks_interfaces/bin'
[0.818s] INFO:colcon.colcon_core.shell:Creating package script '/home/robert/Projects/ros_ws/src/general/install/comp_tasks_interfaces/share/comp_tasks_interfaces/package.ps1'
[0.819s] INFO:colcon.colcon_core.shell:Creating package descriptor '/home/robert/Projects/ros_ws/src/general/install/comp_tasks_interfaces/share/comp_tasks_interfaces/package.dsv'
[0.819s] INFO:colcon.colcon_core.shell:Creating package script '/home/robert/Projects/ros_ws/src/general/install/comp_tasks_interfaces/share/comp_tasks_interfaces/package.sh'
[0.820s] INFO:colcon.colcon_core.shell:Creating package script '/home/robert/Projects/ros_ws/src/general/install/comp_tasks_interfaces/share/comp_tasks_interfaces/package.bash'
[0.820s] INFO:colcon.colcon_core.shell:Creating package script '/home/robert/Projects/ros_ws/src/general/install/comp_tasks_interfaces/share/comp_tasks_interfaces/package.zsh'
[0.821s] Level 1:colcon.colcon_core.environment:create_file_with_runtime_dependencies(/home/robert/Projects/ros_ws/src/general/install/comp_tasks_interfaces/share/colcon-core/packages/comp_tasks_interfaces)
[0.822s] Level 1:colcon.colcon_core.environment:create_environment_scripts_only(comp_tasks_interfaces)
[0.822s] Level 1:colcon.colcon_core.environment:checking '/home/robert/Projects/ros_ws/src/general/install/comp_tasks_interfaces' for CMake module files
[0.822s] Level 1:colcon.colcon_core.environment:checking '/home/robert/Projects/ros_ws/src/general/install/comp_tasks_interfaces' for CMake config files
[0.823s] Level 1:colcon.colcon_core.shell:create_environment_hook('comp_tasks_interfaces', 'cmake_prefix_path')
[0.823s] INFO:colcon.colcon_core.shell:Creating environment hook '/home/robert/Projects/ros_ws/src/general/install/comp_tasks_interfaces/share/comp_tasks_interfaces/hook/cmake_prefix_path.ps1'
[0.823s] INFO:colcon.colcon_core.shell:Creating environment descriptor '/home/robert/Projects/ros_ws/src/general/install/comp_tasks_interfaces/share/comp_tasks_interfaces/hook/cmake_prefix_path.dsv'
[0.824s] INFO:colcon.colcon_core.shell:Creating environment hook '/home/robert/Projects/ros_ws/src/general/install/comp_tasks_interfaces/share/comp_tasks_interfaces/hook/cmake_prefix_path.sh'
[0.824s] Level 1:colcon.colcon_core.environment:checking '/home/robert/Projects/ros_ws/src/general/install/comp_tasks_interfaces/lib'
[0.824s] Level 1:colcon.colcon_core.shell:create_environment_hook('comp_tasks_interfaces', 'ld_library_path_lib')
[0.824s] INFO:colcon.colcon_core.shell:Creating environment hook '/home/robert/Projects/ros_ws/src/general/install/comp_tasks_interfaces/share/comp_tasks_interfaces/hook/ld_library_path_lib.ps1'
[0.825s] INFO:colcon.colcon_core.shell:Creating environment descriptor '/home/robert/Projects/ros_ws/src/general/install/comp_tasks_interfaces/share/comp_tasks_interfaces/hook/ld_library_path_lib.dsv'
[0.825s] INFO:colcon.colcon_core.shell:Creating environment hook '/home/robert/Projects/ros_ws/src/general/install/comp_tasks_interfaces/share/comp_tasks_interfaces/hook/ld_library_path_lib.sh'
[0.825s] Level 1:colcon.colcon_core.environment:checking '/home/robert/Projects/ros_ws/src/general/install/comp_tasks_interfaces/bin'
[0.825s] Level 1:colcon.colcon_core.environment:checking '/home/robert/Projects/ros_ws/src/general/install/comp_tasks_interfaces/lib/pkgconfig/comp_tasks_interfaces.pc'
[0.825s] Level 1:colcon.colcon_core.environment:checking '/home/robert/Projects/ros_ws/src/general/install/comp_tasks_interfaces/lib/python3.10/site-packages'
[0.826s] Level 1:colcon.colcon_core.environment:checking '/home/robert/Projects/ros_ws/src/general/install/comp_tasks_interfaces/bin'
[0.826s] INFO:colcon.colcon_core.shell:Creating package script '/home/robert/Projects/ros_ws/src/general/install/comp_tasks_interfaces/share/comp_tasks_interfaces/package.ps1'
[0.826s] INFO:colcon.colcon_core.shell:Creating package descriptor '/home/robert/Projects/ros_ws/src/general/install/comp_tasks_interfaces/share/comp_tasks_interfaces/package.dsv'
[0.827s] INFO:colcon.colcon_core.shell:Creating package script '/home/robert/Projects/ros_ws/src/general/install/comp_tasks_interfaces/share/comp_tasks_interfaces/package.sh'
[0.827s] INFO:colcon.colcon_core.shell:Creating package script '/home/robert/Projects/ros_ws/src/general/install/comp_tasks_interfaces/share/comp_tasks_interfaces/package.bash'
[0.827s] INFO:colcon.colcon_core.shell:Creating package script '/home/robert/Projects/ros_ws/src/general/install/comp_tasks_interfaces/share/comp_tasks_interfaces/package.zsh'
[0.828s] Level 1:colcon.colcon_core.environment:create_file_with_runtime_dependencies(/home/robert/Projects/ros_ws/src/general/install/comp_tasks_interfaces/share/colcon-core/packages/comp_tasks_interfaces)
[0.828s] Level 1:colcon.colcon_core.environment:create_environment_scripts_only(yolov8_msgs)
[0.829s] Level 1:colcon.colcon_core.environment:checking '/home/robert/Projects/ros_ws/src/general/install/yolov8_msgs' for CMake module files
[0.829s] DEBUG:colcon.colcon_core.event_handler.log_command:Invoked command in '/home/robert/Projects/ros_ws/src/general/build/yolov8_msgs' returned '0': CMAKE_PREFIX_PATH=/opt/ros/humble /usr/bin/cmake --install /home/robert/Projects/ros_ws/src/general/build/yolov8_msgs
[0.830s] Level 1:colcon.colcon_core.environment:checking '/home/robert/Projects/ros_ws/src/general/install/yolov8_msgs' for CMake config files
[0.830s] Level 1:colcon.colcon_core.shell:create_environment_hook('yolov8_msgs', 'cmake_prefix_path')
[0.830s] INFO:colcon.colcon_core.shell:Creating environment hook '/home/robert/Projects/ros_ws/src/general/install/yolov8_msgs/share/yolov8_msgs/hook/cmake_prefix_path.ps1'
[0.831s] INFO:colcon.colcon_core.shell:Creating environment descriptor '/home/robert/Projects/ros_ws/src/general/install/yolov8_msgs/share/yolov8_msgs/hook/cmake_prefix_path.dsv'
[0.831s] INFO:colcon.colcon_core.shell:Creating environment hook '/home/robert/Projects/ros_ws/src/general/install/yolov8_msgs/share/yolov8_msgs/hook/cmake_prefix_path.sh'
[0.831s] Level 1:colcon.colcon_core.environment:checking '/home/robert/Projects/ros_ws/src/general/install/yolov8_msgs/lib'
[0.832s] Level 1:colcon.colcon_core.shell:create_environment_hook('yolov8_msgs', 'ld_library_path_lib')
[0.832s] INFO:colcon.colcon_core.shell:Creating environment hook '/home/robert/Projects/ros_ws/src/general/install/yolov8_msgs/share/yolov8_msgs/hook/ld_library_path_lib.ps1'
[0.832s] INFO:colcon.colcon_core.shell:Creating environment descriptor '/home/robert/Projects/ros_ws/src/general/install/yolov8_msgs/share/yolov8_msgs/hook/ld_library_path_lib.dsv'
[0.832s] INFO:colcon.colcon_core.shell:Creating environment hook '/home/robert/Projects/ros_ws/src/general/install/yolov8_msgs/share/yolov8_msgs/hook/ld_library_path_lib.sh'
[0.833s] Level 1:colcon.colcon_core.environment:checking '/home/robert/Projects/ros_ws/src/general/install/yolov8_msgs/bin'
[0.833s] Level 1:colcon.colcon_core.environment:checking '/home/robert/Projects/ros_ws/src/general/install/yolov8_msgs/lib/pkgconfig/yolov8_msgs.pc'
[0.833s] Level 1:colcon.colcon_core.environment:checking '/home/robert/Projects/ros_ws/src/general/install/yolov8_msgs/lib/python3.10/site-packages'
[0.833s] Level 1:colcon.colcon_core.environment:checking '/home/robert/Projects/ros_ws/src/general/install/yolov8_msgs/bin'
[0.833s] INFO:colcon.colcon_core.shell:Creating package script '/home/robert/Projects/ros_ws/src/general/install/yolov8_msgs/share/yolov8_msgs/package.ps1'
[0.834s] INFO:colcon.colcon_core.shell:Creating package descriptor '/home/robert/Projects/ros_ws/src/general/install/yolov8_msgs/share/yolov8_msgs/package.dsv'
[0.834s] INFO:colcon.colcon_core.shell:Creating package script '/home/robert/Projects/ros_ws/src/general/install/yolov8_msgs/share/yolov8_msgs/package.sh'
[0.835s] INFO:colcon.colcon_core.shell:Creating package script '/home/robert/Projects/ros_ws/src/general/install/yolov8_msgs/share/yolov8_msgs/package.bash'
[0.835s] INFO:colcon.colcon_core.shell:Creating package script '/home/robert/Projects/ros_ws/src/general/install/yolov8_msgs/share/yolov8_msgs/package.zsh'
[0.835s] Level 1:colcon.colcon_core.environment:create_file_with_runtime_dependencies(/home/robert/Projects/ros_ws/src/general/install/yolov8_msgs/share/colcon-core/packages/yolov8_msgs)
[0.836s] Level 1:colcon.colcon_core.environment:create_environment_scripts_only(yolov8_msgs)
[0.836s] Level 1:colcon.colcon_core.environment:checking '/home/robert/Projects/ros_ws/src/general/install/yolov8_msgs' for CMake module files
[0.836s] Level 1:colcon.colcon_core.environment:checking '/home/robert/Projects/ros_ws/src/general/install/yolov8_msgs' for CMake config files
[0.837s] Level 1:colcon.colcon_core.shell:create_environment_hook('yolov8_msgs', 'cmake_prefix_path')
[0.837s] INFO:colcon.colcon_core.shell:Creating environment hook '/home/robert/Projects/ros_ws/src/general/install/yolov8_msgs/share/yolov8_msgs/hook/cmake_prefix_path.ps1'
[0.837s] INFO:colcon.colcon_core.shell:Creating environment descriptor '/home/robert/Projects/ros_ws/src/general/install/yolov8_msgs/share/yolov8_msgs/hook/cmake_prefix_path.dsv'
[0.838s] INFO:colcon.colcon_core.shell:Creating environment hook '/home/robert/Projects/ros_ws/src/general/install/yolov8_msgs/share/yolov8_msgs/hook/cmake_prefix_path.sh'
[0.838s] Level 1:colcon.colcon_core.environment:checking '/home/robert/Projects/ros_ws/src/general/install/yolov8_msgs/lib'
[0.838s] Level 1:colcon.colcon_core.shell:create_environment_hook('yolov8_msgs', 'ld_library_path_lib')
[0.838s] INFO:colcon.colcon_core.shell:Creating environment hook '/home/robert/Projects/ros_ws/src/general/install/yolov8_msgs/share/yolov8_msgs/hook/ld_library_path_lib.ps1'
[0.839s] INFO:colcon.colcon_core.shell:Creating environment descriptor '/home/robert/Projects/ros_ws/src/general/install/yolov8_msgs/share/yolov8_msgs/hook/ld_library_path_lib.dsv'
[0.839s] INFO:colcon.colcon_core.shell:Creating environment hook '/home/robert/Projects/ros_ws/src/general/install/yolov8_msgs/share/yolov8_msgs/hook/ld_library_path_lib.sh'
[0.839s] Level 1:colcon.colcon_core.environment:checking '/home/robert/Projects/ros_ws/src/general/install/yolov8_msgs/bin'
[0.840s] Level 1:colcon.colcon_core.environment:checking '/home/robert/Projects/ros_ws/src/general/install/yolov8_msgs/lib/pkgconfig/yolov8_msgs.pc'
[0.840s] Level 1:colcon.colcon_core.environment:checking '/home/robert/Projects/ros_ws/src/general/install/yolov8_msgs/lib/python3.10/site-packages'
[0.840s] Level 1:colcon.colcon_core.environment:checking '/home/robert/Projects/ros_ws/src/general/install/yolov8_msgs/bin'
[0.840s] INFO:colcon.colcon_core.shell:Creating package script '/home/robert/Projects/ros_ws/src/general/install/yolov8_msgs/share/yolov8_msgs/package.ps1'
[0.841s] INFO:colcon.colcon_core.shell:Creating package descriptor '/home/robert/Projects/ros_ws/src/general/install/yolov8_msgs/share/yolov8_msgs/package.dsv'
[0.841s] INFO:colcon.colcon_core.shell:Creating package script '/home/robert/Projects/ros_ws/src/general/install/yolov8_msgs/share/yolov8_msgs/package.sh'
[0.842s] INFO:colcon.colcon_core.shell:Creating package script '/home/robert/Projects/ros_ws/src/general/install/yolov8_msgs/share/yolov8_msgs/package.bash'
[0.842s] INFO:colcon.colcon_core.shell:Creating package script '/home/robert/Projects/ros_ws/src/general/install/yolov8_msgs/share/yolov8_msgs/package.zsh'
[0.842s] Level 1:colcon.colcon_core.environment:create_file_with_runtime_dependencies(/home/robert/Projects/ros_ws/src/general/install/yolov8_msgs/share/colcon-core/packages/yolov8_msgs)
[0.842s] INFO:colcon.colcon_ros.task.ament_python.build:Building ROS package in '/home/robert/Projects/ros_ws/src/general/yolov8_ros/yolov8_ros' with build type 'ament_python'
[0.843s] Level 1:colcon.colcon_core.shell:create_environment_hook('yolov8_ros', 'ament_prefix_path')
[0.843s] INFO:colcon.colcon_core.shell:Creating environment hook '/home/robert/Projects/ros_ws/src/general/install/yolov8_ros/share/yolov8_ros/hook/ament_prefix_path.ps1'
[0.843s] INFO:colcon.colcon_core.shell:Creating environment descriptor '/home/robert/Projects/ros_ws/src/general/install/yolov8_ros/share/yolov8_ros/hook/ament_prefix_path.dsv'
[0.844s] INFO:colcon.colcon_core.shell:Creating environment hook '/home/robert/Projects/ros_ws/src/general/install/yolov8_ros/share/yolov8_ros/hook/ament_prefix_path.sh'
[0.844s] INFO:colcon.colcon_core.shell:Skip shell extension 'powershell' for command environment: Not usable outside of PowerShell
[0.844s] DEBUG:colcon.colcon_core.shell:Skip shell extension 'dsv' for command environment
[0.846s] INFO:colcon.colcon_ros.task.ament_cmake.build:Building ROS package in '/home/robert/Projects/ros_ws/src/general/comp_tasks' with build type 'ament_cmake'
[0.846s] INFO:colcon.colcon_cmake.task.cmake.build:Building CMake package in '/home/robert/Projects/ros_ws/src/general/comp_tasks'
[0.847s] INFO:colcon.colcon_core.shell:Skip shell extension 'powershell' for command environment: Not usable outside of PowerShell
[0.847s] DEBUG:colcon.colcon_core.shell:Skip shell extension 'dsv' for command environment
[1.069s] INFO:colcon.colcon_core.task.python.build:Building Python package in '/home/robert/Projects/ros_ws/src/general/yolov8_ros/yolov8_ros'
[1.070s] INFO:colcon.colcon_core.shell:Skip shell extension 'powershell' for command environment: Not usable outside of PowerShell
[1.070s] DEBUG:colcon.colcon_core.shell:Skip shell extension 'dsv' for command environment
[1.075s] DEBUG:colcon.colcon_core.event_handler.log_command:Invoking command in '/home/robert/Projects/ros_ws/src/general/build/comp_tasks': AMENT_PREFIX_PATH=/home/robert/Projects/ros_ws/src/general/install/yolov8_msgs:/home/robert/Projects/ros_ws/src/general/install/comp_tasks_interfaces:${AMENT_PREFIX_PATH} CMAKE_PREFIX_PATH=/home/robert/Projects/ros_ws/src/general/install/yolov8_msgs:/home/robert/Projects/ros_ws/src/general/install/comp_tasks_interfaces:/opt/ros/humble LD_LIBRARY_PATH=/home/robert/Projects/ros_ws/src/general/install/yolov8_msgs/lib:/home/robert/Projects/ros_ws/src/general/install/comp_tasks_interfaces/lib:${LD_LIBRARY_PATH} PYTHONPATH=/home/robert/Projects/ros_ws/src/general/install/yolov8_msgs/local/lib/python3.10/dist-packages:/home/robert/Projects/ros_ws/src/general/install/comp_tasks_interfaces/local/lib/python3.10/dist-packages:${PYTHONPATH} /usr/bin/cmake /home/robert/Projects/ros_ws/src/general/comp_tasks -DCMAKE_INSTALL_PREFIX=/home/robert/Projects/ros_ws/src/general/install/comp_tasks
[1.399s] DEBUG:colcon.colcon_core.event_handler.log_command:Invoking command in '/home/robert/Projects/ros_ws/src/general/yolov8_ros/yolov8_ros': AMENT_PREFIX_PATH=/home/robert/Projects/ros_ws/src/general/install/yolov8_msgs:${AMENT_PREFIX_PATH} CMAKE_PREFIX_PATH=/home/robert/Projects/ros_ws/src/general/install/yolov8_msgs LD_LIBRARY_PATH=/home/robert/Projects/ros_ws/src/general/install/yolov8_msgs/lib:${LD_LIBRARY_PATH} PYTHONPATH=/home/robert/Projects/ros_ws/src/general/build/yolov8_ros/prefix_override:/usr/lib/python3/dist-packages/colcon_core/task/python/colcon_distutils_commands:/home/robert/Projects/ros_ws/src/general/install/yolov8_ros/lib/python3.10/site-packages:/home/robert/Projects/ros_ws/src/general/install/yolov8_msgs/local/lib/python3.10/dist-packages:${PYTHONPATH} /usr/bin/python3 -W ignore:setup.py install is deprecated -W ignore:easy_install command is deprecated setup.py egg_info --egg-base ../../build/yolov8_ros build --build-base /home/robert/Projects/ros_ws/src/general/build/yolov8_ros/build install --record /home/robert/Projects/ros_ws/src/general/build/yolov8_ros/install.log --single-version-externally-managed install_data
[1.654s] Level 1:colcon.colcon_core.environment:checking '/home/robert/Projects/ros_ws/src/general/install/yolov8_ros' for CMake module files
[1.654s] DEBUG:colcon.colcon_core.event_handler.log_command:Invoked command in '/home/robert/Projects/ros_ws/src/general/yolov8_ros/yolov8_ros' returned '0': AMENT_PREFIX_PATH=/home/robert/Projects/ros_ws/src/general/install/yolov8_msgs:${AMENT_PREFIX_PATH} CMAKE_PREFIX_PATH=/home/robert/Projects/ros_ws/src/general/install/yolov8_msgs LD_LIBRARY_PATH=/home/robert/Projects/ros_ws/src/general/install/yolov8_msgs/lib:${LD_LIBRARY_PATH} PYTHONPATH=/home/robert/Projects/ros_ws/src/general/build/yolov8_ros/prefix_override:/usr/lib/python3/dist-packages/colcon_core/task/python/colcon_distutils_commands:/home/robert/Projects/ros_ws/src/general/install/yolov8_ros/lib/python3.10/site-packages:/home/robert/Projects/ros_ws/src/general/install/yolov8_msgs/local/lib/python3.10/dist-packages:${PYTHONPATH} /usr/bin/python3 -W ignore:setup.py install is deprecated -W ignore:easy_install command is deprecated setup.py egg_info --egg-base ../../build/yolov8_ros build --build-base /home/robert/Projects/ros_ws/src/general/build/yolov8_ros/build install --record /home/robert/Projects/ros_ws/src/general/build/yolov8_ros/install.log --single-version-externally-managed install_data
[1.654s] Level 1:colcon.colcon_core.environment:checking '/home/robert/Projects/ros_ws/src/general/install/yolov8_ros' for CMake config files
[1.655s] Level 1:colcon.colcon_core.environment:checking '/home/robert/Projects/ros_ws/src/general/install/yolov8_ros/lib'
[1.655s] Level 1:colcon.colcon_core.environment:checking '/home/robert/Projects/ros_ws/src/general/install/yolov8_ros/bin'
[1.655s] Level 1:colcon.colcon_core.environment:checking '/home/robert/Projects/ros_ws/src/general/install/yolov8_ros/lib/pkgconfig/yolov8_ros.pc'
[1.655s] Level 1:colcon.colcon_core.environment:checking '/home/robert/Projects/ros_ws/src/general/install/yolov8_ros/lib/python3.10/site-packages'
[1.655s] Level 1:colcon.colcon_core.shell:create_environment_hook('yolov8_ros', 'pythonpath')
[1.655s] INFO:colcon.colcon_core.shell:Creating environment hook '/home/robert/Projects/ros_ws/src/general/install/yolov8_ros/share/yolov8_ros/hook/pythonpath.ps1'
[1.656s] INFO:colcon.colcon_core.shell:Creating environment descriptor '/home/robert/Projects/ros_ws/src/general/install/yolov8_ros/share/yolov8_ros/hook/pythonpath.dsv'
[1.656s] INFO:colcon.colcon_core.shell:Creating environment hook '/home/robert/Projects/ros_ws/src/general/install/yolov8_ros/share/yolov8_ros/hook/pythonpath.sh'
[1.657s] Level 1:colcon.colcon_core.environment:checking '/home/robert/Projects/ros_ws/src/general/install/yolov8_ros/bin'
[1.657s] Level 1:colcon.colcon_core.environment:create_environment_scripts_only(yolov8_ros)
[1.657s] INFO:colcon.colcon_core.shell:Creating package script '/home/robert/Projects/ros_ws/src/general/install/yolov8_ros/share/yolov8_ros/package.ps1'
[1.657s] INFO:colcon.colcon_core.shell:Creating package descriptor '/home/robert/Projects/ros_ws/src/general/install/yolov8_ros/share/yolov8_ros/package.dsv'
[1.658s] INFO:colcon.colcon_core.shell:Creating package script '/home/robert/Projects/ros_ws/src/general/install/yolov8_ros/share/yolov8_ros/package.sh'
[1.658s] INFO:colcon.colcon_core.shell:Creating package script '/home/robert/Projects/ros_ws/src/general/install/yolov8_ros/share/yolov8_ros/package.bash'
[1.658s] INFO:colcon.colcon_core.shell:Creating package script '/home/robert/Projects/ros_ws/src/general/install/yolov8_ros/share/yolov8_ros/package.zsh'
[1.659s] Level 1:colcon.colcon_core.environment:create_file_with_runtime_dependencies(/home/robert/Projects/ros_ws/src/general/install/yolov8_ros/share/colcon-core/packages/yolov8_ros)
[1.659s] INFO:colcon.colcon_ros.task.ament_cmake.build:Building ROS package in '/home/robert/Projects/ros_ws/src/general/yolov8_ros/yolov8_bringup' with build type 'ament_cmake'
[1.659s] INFO:colcon.colcon_cmake.task.cmake.build:Building CMake package in '/home/robert/Projects/ros_ws/src/general/yolov8_ros/yolov8_bringup'
[1.659s] INFO:colcon.colcon_core.shell:Skip shell extension 'powershell' for command environment: Not usable outside of PowerShell
[1.659s] DEBUG:colcon.colcon_core.shell:Skip shell extension 'dsv' for command environment
[1.668s] DEBUG:colcon.colcon_core.event_handler.log_command:Invoking command in '/home/robert/Projects/ros_ws/src/general/build/yolov8_bringup': AMENT_PREFIX_PATH=/home/robert/Projects/ros_ws/src/general/install/yolov8_ros:/home/robert/Projects/ros_ws/src/general/install/yolov8_msgs:${AMENT_PREFIX_PATH} CMAKE_PREFIX_PATH=/home/robert/Projects/ros_ws/src/general/install/yolov8_msgs:/opt/ros/humble LD_LIBRARY_PATH=/home/robert/Projects/ros_ws/src/general/install/yolov8_msgs/lib:${LD_LIBRARY_PATH} PYTHONPATH=/home/robert/Projects/ros_ws/src/general/install/yolov8_ros/lib/python3.10/site-packages:/home/robert/Projects/ros_ws/src/general/install/yolov8_msgs/local/lib/python3.10/dist-packages:${PYTHONPATH} /usr/bin/cmake --build /home/robert/Projects/ros_ws/src/general/build/yolov8_bringup -- -j12 -l12
[1.700s] DEBUG:colcon.colcon_core.event_handler.log_command:Invoked command in '/home/robert/Projects/ros_ws/src/general/build/yolov8_bringup' returned '0': AMENT_PREFIX_PATH=/home/robert/Projects/ros_ws/src/general/install/yolov8_ros:/home/robert/Projects/ros_ws/src/general/install/yolov8_msgs:${AMENT_PREFIX_PATH} CMAKE_PREFIX_PATH=/home/robert/Projects/ros_ws/src/general/install/yolov8_msgs:/opt/ros/humble LD_LIBRARY_PATH=/home/robert/Projects/ros_ws/src/general/install/yolov8_msgs/lib:${LD_LIBRARY_PATH} PYTHONPATH=/home/robert/Projects/ros_ws/src/general/install/yolov8_ros/lib/python3.10/site-packages:/home/robert/Projects/ros_ws/src/general/install/yolov8_msgs/local/lib/python3.10/dist-packages:${PYTHONPATH} /usr/bin/cmake --build /home/robert/Projects/ros_ws/src/general/build/yolov8_bringup -- -j12 -l12
[1.702s] DEBUG:colcon.colcon_core.event_handler.log_command:Invoking command in '/home/robert/Projects/ros_ws/src/general/build/yolov8_bringup': AMENT_PREFIX_PATH=/home/robert/Projects/ros_ws/src/general/install/yolov8_ros:/home/robert/Projects/ros_ws/src/general/install/yolov8_msgs:${AMENT_PREFIX_PATH} CMAKE_PREFIX_PATH=/home/robert/Projects/ros_ws/src/general/install/yolov8_msgs:/opt/ros/humble LD_LIBRARY_PATH=/home/robert/Projects/ros_ws/src/general/install/yolov8_msgs/lib:${LD_LIBRARY_PATH} PYTHONPATH=/home/robert/Projects/ros_ws/src/general/install/yolov8_ros/lib/python3.10/site-packages:/home/robert/Projects/ros_ws/src/general/install/yolov8_msgs/local/lib/python3.10/dist-packages:${PYTHONPATH} /usr/bin/cmake --install /home/robert/Projects/ros_ws/src/general/build/yolov8_bringup
[1.710s] Level 1:colcon.colcon_core.environment:create_environment_scripts_only(yolov8_bringup)
[1.710s] Level 1:colcon.colcon_core.environment:checking '/home/robert/Projects/ros_ws/src/general/install/yolov8_bringup' for CMake module files
[1.711s] DEBUG:colcon.colcon_core.event_handler.log_command:Invoked command in '/home/robert/Projects/ros_ws/src/general/build/yolov8_bringup' returned '0': AMENT_PREFIX_PATH=/home/robert/Projects/ros_ws/src/general/install/yolov8_ros:/home/robert/Projects/ros_ws/src/general/install/yolov8_msgs:${AMENT_PREFIX_PATH} CMAKE_PREFIX_PATH=/home/robert/Projects/ros_ws/src/general/install/yolov8_msgs:/opt/ros/humble LD_LIBRARY_PATH=/home/robert/Projects/ros_ws/src/general/install/yolov8_msgs/lib:${LD_LIBRARY_PATH} PYTHONPATH=/home/robert/Projects/ros_ws/src/general/install/yolov8_ros/lib/python3.10/site-packages:/home/robert/Projects/ros_ws/src/general/install/yolov8_msgs/local/lib/python3.10/dist-packages:${PYTHONPATH} /usr/bin/cmake --install /home/robert/Projects/ros_ws/src/general/build/yolov8_bringup
[1.711s] Level 1:colcon.colcon_core.environment:checking '/home/robert/Projects/ros_ws/src/general/install/yolov8_bringup' for CMake config files
[1.711s] Level 1:colcon.colcon_core.shell:create_environment_hook('yolov8_bringup', 'cmake_prefix_path')
[1.712s] INFO:colcon.colcon_core.shell:Creating environment hook '/home/robert/Projects/ros_ws/src/general/install/yolov8_bringup/share/yolov8_bringup/hook/cmake_prefix_path.ps1'
[1.712s] INFO:colcon.colcon_core.shell:Creating environment descriptor '/home/robert/Projects/ros_ws/src/general/install/yolov8_bringup/share/yolov8_bringup/hook/cmake_prefix_path.dsv'
[1.713s] INFO:colcon.colcon_core.shell:Creating environment hook '/home/robert/Projects/ros_ws/src/general/install/yolov8_bringup/share/yolov8_bringup/hook/cmake_prefix_path.sh'
[1.713s] Level 1:colcon.colcon_core.environment:checking '/home/robert/Projects/ros_ws/src/general/install/yolov8_bringup/bin'
[1.713s] Level 1:colcon.colcon_core.environment:checking '/home/robert/Projects/ros_ws/src/general/install/yolov8_bringup/lib/pkgconfig/yolov8_bringup.pc'
[1.713s] Level 1:colcon.colcon_core.environment:checking '/home/robert/Projects/ros_ws/src/general/install/yolov8_bringup/lib/python3.10/site-packages'
[1.713s] Level 1:colcon.colcon_core.environment:checking '/home/robert/Projects/ros_ws/src/general/install/yolov8_bringup/bin'
[1.714s] INFO:colcon.colcon_core.shell:Creating package script '/home/robert/Projects/ros_ws/src/general/install/yolov8_bringup/share/yolov8_bringup/package.ps1'
[1.714s] INFO:colcon.colcon_core.shell:Creating package descriptor '/home/robert/Projects/ros_ws/src/general/install/yolov8_bringup/share/yolov8_bringup/package.dsv'
[1.714s] INFO:colcon.colcon_core.shell:Creating package script '/home/robert/Projects/ros_ws/src/general/install/yolov8_bringup/share/yolov8_bringup/package.sh'
[1.715s] INFO:colcon.colcon_core.shell:Creating package script '/home/robert/Projects/ros_ws/src/general/install/yolov8_bringup/share/yolov8_bringup/package.bash'
[1.715s] INFO:colcon.colcon_core.shell:Creating package script '/home/robert/Projects/ros_ws/src/general/install/yolov8_bringup/share/yolov8_bringup/package.zsh'
[1.716s] Level 1:colcon.colcon_core.environment:create_file_with_runtime_dependencies(/home/robert/Projects/ros_ws/src/general/install/yolov8_bringup/share/colcon-core/packages/yolov8_bringup)
[1.716s] Level 1:colcon.colcon_core.environment:create_environment_scripts_only(yolov8_bringup)
[1.716s] Level 1:colcon.colcon_core.environment:checking '/home/robert/Projects/ros_ws/src/general/install/yolov8_bringup' for CMake module files
[1.717s] Level 1:colcon.colcon_core.environment:checking '/home/robert/Projects/ros_ws/src/general/install/yolov8_bringup' for CMake config files
[1.717s] Level 1:colcon.colcon_core.shell:create_environment_hook('yolov8_bringup', 'cmake_prefix_path')
[1.717s] INFO:colcon.colcon_core.shell:Creating environment hook '/home/robert/Projects/ros_ws/src/general/install/yolov8_bringup/share/yolov8_bringup/hook/cmake_prefix_path.ps1'
[1.717s] INFO:colcon.colcon_core.shell:Creating environment descriptor '/home/robert/Projects/ros_ws/src/general/install/yolov8_bringup/share/yolov8_bringup/hook/cmake_prefix_path.dsv'
[1.718s] INFO:colcon.colcon_core.shell:Creating environment hook '/home/robert/Projects/ros_ws/src/general/install/yolov8_bringup/share/yolov8_bringup/hook/cmake_prefix_path.sh'
[1.718s] Level 1:colcon.colcon_core.environment:checking '/home/robert/Projects/ros_ws/src/general/install/yolov8_bringup/bin'
[1.718s] Level 1:colcon.colcon_core.environment:checking '/home/robert/Projects/ros_ws/src/general/install/yolov8_bringup/lib/pkgconfig/yolov8_bringup.pc'
[1.718s] Level 1:colcon.colcon_core.environment:checking '/home/robert/Projects/ros_ws/src/general/install/yolov8_bringup/lib/python3.10/site-packages'
[1.719s] Level 1:colcon.colcon_core.environment:checking '/home/robert/Projects/ros_ws/src/general/install/yolov8_bringup/bin'
[1.719s] INFO:colcon.colcon_core.shell:Creating package script '/home/robert/Projects/ros_ws/src/general/install/yolov8_bringup/share/yolov8_bringup/package.ps1'
[1.719s] INFO:colcon.colcon_core.shell:Creating package descriptor '/home/robert/Projects/ros_ws/src/general/install/yolov8_bringup/share/yolov8_bringup/package.dsv'
[1.720s] INFO:colcon.colcon_core.shell:Creating package script '/home/robert/Projects/ros_ws/src/general/install/yolov8_bringup/share/yolov8_bringup/package.sh'
[1.720s] INFO:colcon.colcon_core.shell:Creating package script '/home/robert/Projects/ros_ws/src/general/install/yolov8_bringup/share/yolov8_bringup/package.bash'
[1.720s] INFO:colcon.colcon_core.shell:Creating package script '/home/robert/Projects/ros_ws/src/general/install/yolov8_bringup/share/yolov8_bringup/package.zsh'
[1.721s] Level 1:colcon.colcon_core.environment:create_file_with_runtime_dependencies(/home/robert/Projects/ros_ws/src/general/install/yolov8_bringup/share/colcon-core/packages/yolov8_bringup)
[1.792s] DEBUG:colcon.colcon_core.event_handler.log_command:Invoked command in '/home/robert/Projects/ros_ws/src/general/build/comp_tasks' returned '0': AMENT_PREFIX_PATH=/home/robert/Projects/ros_ws/src/general/install/yolov8_msgs:/home/robert/Projects/ros_ws/src/general/install/comp_tasks_interfaces:${AMENT_PREFIX_PATH} CMAKE_PREFIX_PATH=/home/robert/Projects/ros_ws/src/general/install/yolov8_msgs:/home/robert/Projects/ros_ws/src/general/install/comp_tasks_interfaces:/opt/ros/humble LD_LIBRARY_PATH=/home/robert/Projects/ros_ws/src/general/install/yolov8_msgs/lib:/home/robert/Projects/ros_ws/src/general/install/comp_tasks_interfaces/lib:${LD_LIBRARY_PATH} PYTHONPATH=/home/robert/Projects/ros_ws/src/general/install/yolov8_msgs/local/lib/python3.10/dist-packages:/home/robert/Projects/ros_ws/src/general/install/comp_tasks_interfaces/local/lib/python3.10/dist-packages:${PYTHONPATH} /usr/bin/cmake /home/robert/Projects/ros_ws/src/general/comp_tasks -DCMAKE_INSTALL_PREFIX=/home/robert/Projects/ros_ws/src/general/install/comp_tasks
[1.794s] DEBUG:colcon.colcon_core.event_handler.log_command:Invoking command in '/home/robert/Projects/ros_ws/src/general/build/comp_tasks': AMENT_PREFIX_PATH=/home/robert/Projects/ros_ws/src/general/install/yolov8_msgs:/home/robert/Projects/ros_ws/src/general/install/comp_tasks_interfaces:${AMENT_PREFIX_PATH} CMAKE_PREFIX_PATH=/home/robert/Projects/ros_ws/src/general/install/yolov8_msgs:/home/robert/Projects/ros_ws/src/general/install/comp_tasks_interfaces:/opt/ros/humble LD_LIBRARY_PATH=/home/robert/Projects/ros_ws/src/general/install/yolov8_msgs/lib:/home/robert/Projects/ros_ws/src/general/install/comp_tasks_interfaces/lib:${LD_LIBRARY_PATH} PYTHONPATH=/home/robert/Projects/ros_ws/src/general/install/yolov8_msgs/local/lib/python3.10/dist-packages:/home/robert/Projects/ros_ws/src/general/install/comp_tasks_interfaces/local/lib/python3.10/dist-packages:${PYTHONPATH} /usr/bin/cmake --build /home/robert/Projects/ros_ws/src/general/build/comp_tasks -- -j12 -l12
[26.432s] DEBUG:colcon.colcon_core.event_handler.log_command:Invoked command in '/home/robert/Projects/ros_ws/src/general/build/comp_tasks' returned '0': AMENT_PREFIX_PATH=/home/robert/Projects/ros_ws/src/general/install/yolov8_msgs:/home/robert/Projects/ros_ws/src/general/install/comp_tasks_interfaces:${AMENT_PREFIX_PATH} CMAKE_PREFIX_PATH=/home/robert/Projects/ros_ws/src/general/install/yolov8_msgs:/home/robert/Projects/ros_ws/src/general/install/comp_tasks_interfaces:/opt/ros/humble LD_LIBRARY_PATH=/home/robert/Projects/ros_ws/src/general/install/yolov8_msgs/lib:/home/robert/Projects/ros_ws/src/general/install/comp_tasks_interfaces/lib:${LD_LIBRARY_PATH} PYTHONPATH=/home/robert/Projects/ros_ws/src/general/install/yolov8_msgs/local/lib/python3.10/dist-packages:/home/robert/Projects/ros_ws/src/general/install/comp_tasks_interfaces/local/lib/python3.10/dist-packages:${PYTHONPATH} /usr/bin/cmake --build /home/robert/Projects/ros_ws/src/general/build/comp_tasks -- -j12 -l12
[26.434s] DEBUG:colcon.colcon_core.event_handler.log_command:Invoking command in '/home/robert/Projects/ros_ws/src/general/build/comp_tasks': AMENT_PREFIX_PATH=/home/robert/Projects/ros_ws/src/general/install/yolov8_msgs:/home/robert/Projects/ros_ws/src/general/install/comp_tasks_interfaces:${AMENT_PREFIX_PATH} CMAKE_PREFIX_PATH=/home/robert/Projects/ros_ws/src/general/install/yolov8_msgs:/home/robert/Projects/ros_ws/src/general/install/comp_tasks_interfaces:/opt/ros/humble LD_LIBRARY_PATH=/home/robert/Projects/ros_ws/src/general/install/yolov8_msgs/lib:/home/robert/Projects/ros_ws/src/general/install/comp_tasks_interfaces/lib:${LD_LIBRARY_PATH} PYTHONPATH=/home/robert/Projects/ros_ws/src/general/install/yolov8_msgs/local/lib/python3.10/dist-packages:/home/robert/Projects/ros_ws/src/general/install/comp_tasks_interfaces/local/lib/python3.10/dist-packages:${PYTHONPATH} /usr/bin/cmake --install /home/robert/Projects/ros_ws/src/general/build/comp_tasks
[26.485s] Level 1:colcon.colcon_core.environment:create_environment_scripts_only(comp_tasks)
[26.485s] Level 1:colcon.colcon_core.environment:checking '/home/robert/Projects/ros_ws/src/general/install/comp_tasks' for CMake module files
[26.486s] DEBUG:colcon.colcon_core.event_handler.log_command:Invoked command in '/home/robert/Projects/ros_ws/src/general/build/comp_tasks' returned '0': AMENT_PREFIX_PATH=/home/robert/Projects/ros_ws/src/general/install/yolov8_msgs:/home/robert/Projects/ros_ws/src/general/install/comp_tasks_interfaces:${AMENT_PREFIX_PATH} CMAKE_PREFIX_PATH=/home/robert/Projects/ros_ws/src/general/install/yolov8_msgs:/home/robert/Projects/ros_ws/src/general/install/comp_tasks_interfaces:/opt/ros/humble LD_LIBRARY_PATH=/home/robert/Projects/ros_ws/src/general/install/yolov8_msgs/lib:/home/robert/Projects/ros_ws/src/general/install/comp_tasks_interfaces/lib:${LD_LIBRARY_PATH} PYTHONPATH=/home/robert/Projects/ros_ws/src/general/install/yolov8_msgs/local/lib/python3.10/dist-packages:/home/robert/Projects/ros_ws/src/general/install/comp_tasks_interfaces/local/lib/python3.10/dist-packages:${PYTHONPATH} /usr/bin/cmake --install /home/robert/Projects/ros_ws/src/general/build/comp_tasks
[26.486s] Level 1:colcon.colcon_core.environment:checking '/home/robert/Projects/ros_ws/src/general/install/comp_tasks' for CMake config files
[26.486s] Level 1:colcon.colcon_core.shell:create_environment_hook('comp_tasks', 'cmake_prefix_path')
[26.486s] INFO:colcon.colcon_core.shell:Creating environment hook '/home/robert/Projects/ros_ws/src/general/install/comp_tasks/share/comp_tasks/hook/cmake_prefix_path.ps1'
[26.487s] INFO:colcon.colcon_core.shell:Creating environment descriptor '/home/robert/Projects/ros_ws/src/general/install/comp_tasks/share/comp_tasks/hook/cmake_prefix_path.dsv'
[26.487s] INFO:colcon.colcon_core.shell:Creating environment hook '/home/robert/Projects/ros_ws/src/general/install/comp_tasks/share/comp_tasks/hook/cmake_prefix_path.sh'
[26.488s] Level 1:colcon.colcon_core.environment:checking '/home/robert/Projects/ros_ws/src/general/install/comp_tasks/lib'
[26.488s] Level 1:colcon.colcon_core.shell:create_environment_hook('comp_tasks', 'ld_library_path_lib')
[26.488s] INFO:colcon.colcon_core.shell:Creating environment hook '/home/robert/Projects/ros_ws/src/general/install/comp_tasks/share/comp_tasks/hook/ld_library_path_lib.ps1'
[26.488s] INFO:colcon.colcon_core.shell:Creating environment descriptor '/home/robert/Projects/ros_ws/src/general/install/comp_tasks/share/comp_tasks/hook/ld_library_path_lib.dsv'
[26.488s] INFO:colcon.colcon_core.shell:Creating environment hook '/home/robert/Projects/ros_ws/src/general/install/comp_tasks/share/comp_tasks/hook/ld_library_path_lib.sh'
[26.489s] Level 1:colcon.colcon_core.environment:checking '/home/robert/Projects/ros_ws/src/general/install/comp_tasks/bin'
[26.489s] Level 1:colcon.colcon_core.environment:checking '/home/robert/Projects/ros_ws/src/general/install/comp_tasks/lib/pkgconfig/comp_tasks.pc'
[26.489s] Level 1:colcon.colcon_core.environment:checking '/home/robert/Projects/ros_ws/src/general/install/comp_tasks/lib/python3.10/site-packages'
[26.489s] Level 1:colcon.colcon_core.environment:checking '/home/robert/Projects/ros_ws/src/general/install/comp_tasks/bin'
[26.489s] INFO:colcon.colcon_core.shell:Creating package script '/home/robert/Projects/ros_ws/src/general/install/comp_tasks/share/comp_tasks/package.ps1'
[26.490s] INFO:colcon.colcon_core.shell:Creating package descriptor '/home/robert/Projects/ros_ws/src/general/install/comp_tasks/share/comp_tasks/package.dsv'
[26.490s] INFO:colcon.colcon_core.shell:Creating package script '/home/robert/Projects/ros_ws/src/general/install/comp_tasks/share/comp_tasks/package.sh'
[26.490s] INFO:colcon.colcon_core.shell:Creating package script '/home/robert/Projects/ros_ws/src/general/install/comp_tasks/share/comp_tasks/package.bash'
[26.491s] INFO:colcon.colcon_core.shell:Creating package script '/home/robert/Projects/ros_ws/src/general/install/comp_tasks/share/comp_tasks/package.zsh'
[26.491s] Level 1:colcon.colcon_core.environment:create_file_with_runtime_dependencies(/home/robert/Projects/ros_ws/src/general/install/comp_tasks/share/colcon-core/packages/comp_tasks)
[26.491s] Level 1:colcon.colcon_core.environment:create_environment_scripts_only(comp_tasks)
[26.492s] Level 1:colcon.colcon_core.environment:checking '/home/robert/Projects/ros_ws/src/general/install/comp_tasks' for CMake module files
[26.492s] Level 1:colcon.colcon_core.environment:checking '/home/robert/Projects/ros_ws/src/general/install/comp_tasks' for CMake config files
[26.492s] Level 1:colcon.colcon_core.shell:create_environment_hook('comp_tasks', 'cmake_prefix_path')
[26.493s] INFO:colcon.colcon_core.shell:Creating environment hook '/home/robert/Projects/ros_ws/src/general/install/comp_tasks/share/comp_tasks/hook/cmake_prefix_path.ps1'
[26.493s] INFO:colcon.colcon_core.shell:Creating environment descriptor '/home/robert/Projects/ros_ws/src/general/install/comp_tasks/share/comp_tasks/hook/cmake_prefix_path.dsv'
[26.493s] INFO:colcon.colcon_core.shell:Creating environment hook '/home/robert/Projects/ros_ws/src/general/install/comp_tasks/share/comp_tasks/hook/cmake_prefix_path.sh'
[26.494s] Level 1:colcon.colcon_core.environment:checking '/home/robert/Projects/ros_ws/src/general/install/comp_tasks/lib'
[26.494s] Level 1:colcon.colcon_core.shell:create_environment_hook('comp_tasks', 'ld_library_path_lib')
[26.494s] INFO:colcon.colcon_core.shell:Creating environment hook '/home/robert/Projects/ros_ws/src/general/install/comp_tasks/share/comp_tasks/hook/ld_library_path_lib.ps1'
[26.494s] INFO:colcon.colcon_core.shell:Creating environment descriptor '/home/robert/Projects/ros_ws/src/general/install/comp_tasks/share/comp_tasks/hook/ld_library_path_lib.dsv'
[26.495s] INFO:colcon.colcon_core.shell:Creating environment hook '/home/robert/Projects/ros_ws/src/general/install/comp_tasks/share/comp_tasks/hook/ld_library_path_lib.sh'
[26.495s] Level 1:colcon.colcon_core.environment:checking '/home/robert/Projects/ros_ws/src/general/install/comp_tasks/bin'
[26.495s] Level 1:colcon.colcon_core.environment:checking '/home/robert/Projects/ros_ws/src/general/install/comp_tasks/lib/pkgconfig/comp_tasks.pc'
[26.495s] Level 1:colcon.colcon_core.environment:checking '/home/robert/Projects/ros_ws/src/general/install/comp_tasks/lib/python3.10/site-packages'
[26.496s] Level 1:colcon.colcon_core.environment:checking '/home/robert/Projects/ros_ws/src/general/install/comp_tasks/bin'
[26.496s] INFO:colcon.colcon_core.shell:Creating package script '/home/robert/Projects/ros_ws/src/general/install/comp_tasks/share/comp_tasks/package.ps1'
[26.497s] INFO:colcon.colcon_core.shell:Creating package descriptor '/home/robert/Projects/ros_ws/src/general/install/comp_tasks/share/comp_tasks/package.dsv'
[26.497s] INFO:colcon.colcon_core.shell:Creating package script '/home/robert/Projects/ros_ws/src/general/install/comp_tasks/share/comp_tasks/package.sh'
[26.498s] INFO:colcon.colcon_core.shell:Creating package script '/home/robert/Projects/ros_ws/src/general/install/comp_tasks/share/comp_tasks/package.bash'
[26.499s] INFO:colcon.colcon_core.shell:Creating package script '/home/robert/Projects/ros_ws/src/general/install/comp_tasks/share/comp_tasks/package.zsh'
[26.499s] Level 1:colcon.colcon_core.environment:create_file_with_runtime_dependencies(/home/robert/Projects/ros_ws/src/general/install/comp_tasks/share/colcon-core/packages/comp_tasks)
[26.499s] DEBUG:colcon.colcon_parallel_executor.executor.parallel:closing loop
[26.500s] DEBUG:colcon.colcon_parallel_executor.executor.parallel:loop closed
[26.500s] DEBUG:colcon.colcon_parallel_executor.executor.parallel:run_until_complete finished with '0'
[26.500s] DEBUG:colcon.colcon_core.event_reactor:joining thread
[26.504s] INFO:colcon.colcon_core.plugin_system:Skipping extension 'colcon_notification.desktop_notification.terminal_notifier': Not used on non-Darwin systems
[26.504s] INFO:colcon.colcon_core.plugin_system:Skipping extension 'colcon_notification.desktop_notification.win32': Not used on non-Windows systems
[26.504s] INFO:colcon.colcon_notification.desktop_notification:Sending desktop notification using 'notify2'
[26.514s] DEBUG:colcon.colcon_core.event_reactor:joined thread
[26.514s] INFO:colcon.colcon_core.shell:Creating prefix script '/home/robert/Projects/ros_ws/src/general/install/local_setup.ps1'
[26.515s] INFO:colcon.colcon_core.shell:Creating prefix util module '/home/robert/Projects/ros_ws/src/general/install/_local_setup_util_ps1.py'
[26.516s] INFO:colcon.colcon_core.shell:Creating prefix chain script '/home/robert/Projects/ros_ws/src/general/install/setup.ps1'
[26.517s] INFO:colcon.colcon_core.shell:Creating prefix script '/home/robert/Projects/ros_ws/src/general/install/local_setup.sh'
[26.517s] INFO:colcon.colcon_core.shell:Creating prefix util module '/home/robert/Projects/ros_ws/src/general/install/_local_setup_util_sh.py'
[26.518s] INFO:colcon.colcon_core.shell:Creating prefix chain script '/home/robert/Projects/ros_ws/src/general/install/setup.sh'
[26.519s] INFO:colcon.colcon_core.shell:Creating prefix script '/home/robert/Projects/ros_ws/src/general/install/local_setup.bash'
[26.519s] INFO:colcon.colcon_core.shell:Creating prefix chain script '/home/robert/Projects/ros_ws/src/general/install/setup.bash'
[26.520s] INFO:colcon.colcon_core.shell:Creating prefix script '/home/robert/Projects/ros_ws/src/general/install/local_setup.zsh'
[26.520s] INFO:colcon.colcon_core.shell:Creating prefix chain script '/home/robert/Projects/ros_ws/src/general/install/setup.zsh'
